Listening for transport dt_socket at address: 1044
TLC Server Version 2.06 of 9 May 2015
Parsing file /mnt/tlc/18840/spec/l12_n8.tla
Parsing file /mnt/tlc/18840/spec/GridPerformanceTest.tla
Parsing file /mnt/tlc/18840/tla/tla2sany/StandardModules/TLC.tla
Parsing file /mnt/tlc/18840/tla/tla2sany/StandardModules/Integers.tla
Parsing file /mnt/tlc/18840/tla/tla2sany/StandardModules/FiniteSets.tla
Parsing file /mnt/tlc/18840/tla/tla2sany/StandardModules/Naturals.tla
Parsing file /mnt/tlc/18840/tla/tla2sany/StandardModules/Sequences.tla
Semantic processing of module Naturals
Semantic processing of module Integers
Semantic processing of module Sequences
Semantic processing of module FiniteSets
Semantic processing of module GridPerformanceTest
Semantic processing of module TLC
Semantic processing of module l12_n8
Starting... (2015-05-28 13:29:58)
Computing initial states...
Finished computing initial states: 1 distinct state(s) generated.
TLC server at ip-10-34-203-245 is ready (2015-05-28 13:30:35)
Registration for worker at rmi://ip-10-32-41-247.eu-west-1.compute.internal:55216/3 completed (2015-05-28 13:30:50)
Registration for worker at rmi://ip-10-32-41-247.eu-west-1.compute.internal:55216/7 completed (2015-05-28 13:30:50)
Registration for worker at rmi://ip-10-32-41-247.eu-west-1.compute.internal:55216/0 completed (2015-05-28 13:30:50)
Registration for worker at rmi://ip-10-32-41-247.eu-west-1.compute.internal:55216/4 completed (2015-05-28 13:30:50)
Registration for worker at rmi://ip-10-32-41-247.eu-west-1.compute.internal:55216/5 completed (2015-05-28 13:30:50)
Registration for worker at rmi://ip-10-32-41-247.eu-west-1.compute.internal:55216/1 completed (2015-05-28 13:30:50)
Registration for worker at rmi://ip-10-32-41-247.eu-west-1.compute.internal:55216/2 completed (2015-05-28 13:30:50)
Registration for worker at rmi://ip-10-32-41-247.eu-west-1.compute.internal:55216/6 completed (2015-05-28 13:30:50)
Registration for worker at rmi://ip-10-72-170-46.eu-west-1.compute.internal:57518/0 completed (2015-05-28 13:30:50)
Registration for worker at rmi://ip-10-72-170-46.eu-west-1.compute.internal:57518/2 completed (2015-05-28 13:30:50)
Registration for worker at rmi://ip-10-72-170-46.eu-west-1.compute.internal:57518/6 completed (2015-05-28 13:30:50)
Registration for worker at rmi://ip-10-72-170-46.eu-west-1.compute.internal:57518/3 completed (2015-05-28 13:30:50)
Registration for worker at rmi://ip-10-72-170-46.eu-west-1.compute.internal:57518/7 completed (2015-05-28 13:30:50)
Registration for worker at rmi://ip-10-72-170-46.eu-west-1.compute.internal:57518/5 completed (2015-05-28 13:30:50)
Registration for worker at rmi://ip-10-72-170-46.eu-west-1.compute.internal:57518/1 completed (2015-05-28 13:30:51)
Registration for worker at rmi://ip-10-72-170-46.eu-west-1.compute.internal:57518/4 completed (2015-05-28 13:30:51)
Registration for worker at rmi://ip-10-72-170-58.eu-west-1.compute.internal:51967/6 completed (2015-05-28 13:30:51)
Registration for worker at rmi://ip-10-72-170-58.eu-west-1.compute.internal:51967/7 completed (2015-05-28 13:30:51)
Registration for worker at rmi://ip-10-72-170-58.eu-west-1.compute.internal:51967/4 completed (2015-05-28 13:30:51)
Registration for worker at rmi://ip-10-72-170-58.eu-west-1.compute.internal:51967/5 completed (2015-05-28 13:30:51)
Registration for worker at rmi://ip-10-72-170-58.eu-west-1.compute.internal:51967/0 completed (2015-05-28 13:30:51)
Registration for worker at rmi://ip-10-72-170-58.eu-west-1.compute.internal:51967/2 completed (2015-05-28 13:30:51)
Registration for worker at rmi://ip-10-72-170-58.eu-west-1.compute.internal:51967/3 completed (2015-05-28 13:30:51)
Registration for worker at rmi://ip-10-72-170-58.eu-west-1.compute.internal:51967/1 completed (2015-05-28 13:30:51)
Registration for worker at rmi://ip-10-72-173-28.eu-west-1.compute.internal:55756/0 completed (2015-05-28 13:30:51)
Registration for worker at rmi://ip-10-72-173-28.eu-west-1.compute.internal:55756/5 completed (2015-05-28 13:30:51)
Registration for worker at rmi://ip-10-72-173-28.eu-west-1.compute.internal:55756/7 completed (2015-05-28 13:30:51)
Registration for worker at rmi://ip-10-72-173-28.eu-west-1.compute.internal:55756/1 completed (2015-05-28 13:30:51)
Registration for worker at rmi://ip-10-72-173-28.eu-west-1.compute.internal:55756/3 completed (2015-05-28 13:30:51)
Registration for worker at rmi://ip-10-72-173-28.eu-west-1.compute.internal:55756/2 completed (2015-05-28 13:30:51)
Registration for worker at rmi://ip-10-72-173-28.eu-west-1.compute.internal:55756/6 completed (2015-05-28 13:30:51)
Registration for worker at rmi://ip-10-72-173-28.eu-west-1.compute.internal:55756/4 completed (2015-05-28 13:30:51)
Progress(16) at 2015-05-28 13:31:35: 1726684 states generated (1,726,684 s/min), 325623 distinct states found (325,623 ds/min), 150428 states left on queue.
Progress(21) at 2015-05-28 13:32:35: 3933884 states generated (2,207,200 s/min), 677035 distinct states found (351,412 ds/min), 269855 states left on queue.
Progress(21) at 2015-05-28 13:33:35: 6858899 states generated (2,925,015 s/min), 1130568 distinct states found (453,533 ds/min), 414443 states left on queue.
Progress(22) at 2015-05-28 13:34:35: 10026750 states generated (3,167,851 s/min), 1610733 distinct states found (480,165 ds/min), 558637 states left on queue.
Progress(26) at 2015-05-28 13:35:35: 12671594 states generated (2,644,844 s/min), 1960895 distinct states found (350,162 ds/min), 621955 states left on queue.
Progress(26) at 2015-05-28 13:36:35: 15342374 states generated (2,670,780 s/min), 2336737 distinct states found (375,842 ds/min), 710921 states left on queue.
Progress(26) at 2015-05-28 13:37:35: 18145822 states generated (2,803,448 s/min), 2714139 distinct states found (377,402 ds/min), 785058 states left on queue.
Progress(26) at 2015-05-28 13:38:35: 21184225 states generated (3,038,403 s/min), 3129566 distinct states found (415,427 ds/min), 872603 states left on queue.
Progress(27) at 2015-05-28 13:39:35: 24205454 states generated (3,021,229 s/min), 3527619 distinct states found (398,053 ds/min), 942749 states left on queue.
Progress(27) at 2015-05-28 13:40:35: 26770073 states generated (2,564,619 s/min), 3862482 distinct states found (334,863 ds/min), 998884 states left on queue.
Progress(27) at 2015-05-28 13:41:35: 29467560 states generated (2,697,487 s/min), 4199073 distinct states found (336,591 ds/min), 1040354 states left on queue.
Progress(27) at 2015-05-28 13:42:35: 32411913 states generated (2,944,353 s/min), 4585552 distinct states found (386,479 ds/min), 1107089 states left on queue.
Progress(27) at 2015-05-28 13:43:35: 35238279 states generated (2,826,366 s/min), 4919594 distinct states found (334,042 ds/min), 1129581 states left on queue.
Progress(27) at 2015-05-28 13:44:35: 38070532 states generated (2,832,253 s/min), 5259291 distinct states found (339,697 ds/min), 1157699 states left on queue.
Progress(27) at 2015-05-28 13:45:35: 40482824 states generated (2,412,292 s/min), 5572511 distinct states found (313,220 ds/min), 1208527 states left on queue.
Progress(27) at 2015-05-28 13:46:35: 43391519 states generated (2,908,695 s/min), 5923100 distinct states found (350,589 ds/min), 1239343 states left on queue.
Progress(28) at 2015-05-28 13:47:35: 46360738 states generated (2,969,219 s/min), 6268623 distinct states found (345,523 ds/min), 1256894 states left on queue.
Progress(28) at 2015-05-28 13:48:35: 49267699 states generated (2,906,961 s/min), 6617350 distinct states found (348,727 ds/min), 1285832 states left on queue.
Progress(28) at 2015-05-28 13:49:35: 51950598 states generated (2,682,899 s/min), 6938569 distinct states found (321,219 ds/min), 1311832 states left on queue.
Progress(30) at 2015-05-28 13:50:35: 54320245 states generated (2,369,647 s/min), 7208992 distinct states found (270,423 ds/min), 1319844 states left on queue.
Progress(30) at 2015-05-28 13:51:35: 57137484 states generated (2,817,239 s/min), 7560177 distinct states found (351,185 ds/min), 1362762 states left on queue.
Progress(31) at 2015-05-28 13:52:35: 60156848 states generated (3,019,364 s/min), 7898217 distinct states found (338,040 ds/min), 1365626 states left on queue.
Progress(31) at 2015-05-28 13:53:35: 62970005 states generated (2,813,157 s/min), 8218434 distinct states found (320,217 ds/min), 1374216 states left on queue.
Progress(31) at 2015-05-28 13:54:35: 65836943 states generated (2,866,938 s/min), 8527106 distinct states found (308,672 ds/min), 1363095 states left on queue.
Progress(31) at 2015-05-28 13:55:35: 68289382 states generated (2,452,439 s/min), 8814547 distinct states found (287,441 ds/min), 1379903 states left on queue.
Progress(31) at 2015-05-28 13:56:35: 71012107 states generated (2,722,725 s/min), 9110258 distinct states found (295,711 ds/min), 1372228 states left on queue.
Progress(31) at 2015-05-28 13:57:35: 73596807 states generated (2,584,700 s/min), 9399036 distinct states found (288,778 ds/min), 1374007 states left on queue.
Progress(31) at 2015-05-28 13:58:35: 76610568 states generated (3,013,761 s/min), 9723335 distinct states found (324,299 ds/min), 1362113 states left on queue.
Progress(33) at 2015-05-28 13:59:35: 79551139 states generated (2,940,571 s/min), 10040178 distinct states found (316,843 ds/min), 1350980 states left on queue.
Progress(33) at 2015-05-28 14:00:35: 81920539 states generated (2,369,400 s/min), 10310458 distinct states found (270,280 ds/min), 1358862 states left on queue.
Progress(34) at 2015-05-28 14:01:35: 84701336 states generated (2,780,797 s/min), 10598675 distinct states found (288,217 ds/min), 1335497 states left on queue.
Progress(34) at 2015-05-28 14:02:35: 87415015 states generated (2,713,679 s/min), 10885492 distinct states found (286,817 ds/min), 1318947 states left on queue.
Progress(34) at 2015-05-28 14:03:35: 90192290 states generated (2,777,275 s/min), 11170227 distinct states found (284,735 ds/min), 1292105 states left on queue.
Progress(34) at 2015-05-28 14:04:35: 93134700 states generated (2,942,410 s/min), 11488933 distinct states found (318,706 ds/min), 1282838 states left on queue.
Progress(35) at 2015-05-28 14:05:35: 95465176 states generated (2,330,476 s/min), 11720529 distinct states found (231,596 ds/min), 1252066 states left on queue.
Progress(35) at 2015-05-28 14:06:35: 98164115 states generated (2,698,939 s/min), 11992774 distinct states found (272,245 ds/min), 1220965 states left on queue.
Progress(35) at 2015-05-28 14:07:35: 100996488 states generated (2,832,373 s/min), 12267281 distinct states found (274,507 ds/min), 1175729 states left on queue.
Progress(36) at 2015-05-28 14:08:35: 103778656 states generated (2,782,168 s/min), 12557221 distinct states found (289,940 ds/min), 1154131 states left on queue.
Progress(36) at 2015-05-28 14:09:35: 106410373 states generated (2,631,717 s/min), 12827842 distinct states found (270,621 ds/min), 1129606 states left on queue.
Progress(36) at 2015-05-28 14:10:35: 108731000 states generated (2,320,627 s/min), 13049789 distinct states found (221,947 ds/min), 1089210 states left on queue.
Progress(37) at 2015-05-28 14:11:35: 111704393 states generated (2,973,393 s/min), 13334552 distinct states found (284,763 ds/min), 1037884 states left on queue.
Progress(37) at 2015-05-28 14:12:35: 114549664 states generated (2,845,271 s/min), 13622421 distinct states found (287,869 ds/min), 1006068 states left on queue.
Progress(37) at 2015-05-28 14:13:35: 117369264 states generated (2,819,600 s/min), 13884643 distinct states found (262,222 ds/min), 948608 states left on queue.
Progress(37) at 2015-05-28 14:14:35: 119901294 states generated (2,532,030 s/min), 14121687 distinct states found (237,044 ds/min), 898770 states left on queue.
Progress(37) at 2015-05-28 14:15:35: 122288973 states generated (2,387,679 s/min), 14345584 distinct states found (223,897 ds/min), 852186 states left on queue.
Progress(37) at 2015-05-28 14:16:35: 124897651 states generated (2,608,678 s/min), 14593958 distinct states found (248,374 ds/min), 805513 states left on queue.
Progress(38) at 2015-05-28 14:17:35: 127844429 states generated (2,946,778 s/min), 14852674 distinct states found (258,716 ds/min), 728211 states left on queue.
Progress(38) at 2015-05-28 14:18:35: 130530030 states generated (2,685,601 s/min), 15112541 distinct states found (259,867 ds/min), 684852 states left on queue.
Progress(38) at 2015-05-28 14:19:35: 133321210 states generated (2,791,180 s/min), 15347079 distinct states found (234,538 ds/min), 599800 states left on queue.
Progress(40) at 2015-05-28 14:20:35: 135699930 states generated (2,378,720 s/min), 15562441 distinct states found (215,362 ds/min), 544734 states left on queue.
Progress(40) at 2015-05-28 14:21:35: 138347302 states generated (2,647,372 s/min), 15784447 distinct states found (222,006 ds/min), 463560 states left on queue.
Progress(41) at 2015-05-28 14:22:35: 140931433 states generated (2,584,131 s/min), 16008930 distinct states found (224,483 ds/min), 393078 states left on queue.
Progress(43) at 2015-05-28 14:23:35: 143718535 states generated (2,787,102 s/min), 16239862 distinct states found (230,932 ds/min), 304479 states left on queue.
Progress(44) at 2015-05-28 14:24:35: 146470070 states generated (2,751,535 s/min), 16475885 distinct states found (236,023 ds/min), 226052 states left on queue.
Progress(59) at 2015-05-28 14:25:35: 149227070 states generated (2,757,000 s/min), 16706056 distinct states found (230,171 ds/min), 140347 states left on queue.
Worker: rmi://ip-10-32-41-247.eu-west-1.compute.internal:55216/2 Sent: 506628 Rcvd: 277456 CacheRatio: 0.02 (2015-05-28 14:26:09)
Worker: rmi://ip-10-32-41-247.eu-west-1.compute.internal:55216/0 Sent: 506820 Rcvd: 312857 CacheRatio: 0.03 (2015-05-28 14:26:09)
Worker: rmi://ip-10-72-173-28.eu-west-1.compute.internal:55756/7 Sent: 525931 Rcvd: 535826 CacheRatio: 0.02 (2015-05-28 14:26:09)
Worker: rmi://ip-10-72-170-46.eu-west-1.compute.internal:57518/5 Sent: 518379 Rcvd: 411736 CacheRatio: 0.03 (2015-05-28 14:26:09)
Worker: rmi://ip-10-72-170-58.eu-west-1.compute.internal:51967/2 Sent: 544903 Rcvd: 796713 CacheRatio: 0.03 (2015-05-28 14:26:09)
Worker: rmi://ip-10-72-170-46.eu-west-1.compute.internal:57518/7 Sent: 517904 Rcvd: 460044 CacheRatio: 0.03 (2015-05-28 14:26:09)
Worker: rmi://ip-10-32-41-247.eu-west-1.compute.internal:55216/3 Sent: 507257 Rcvd: 344001 CacheRatio: 0.03 (2015-05-28 14:26:09)
Worker: rmi://ip-10-32-41-247.eu-west-1.compute.internal:55216/7 Sent: 507128 Rcvd: 279717 CacheRatio: 0.03 (2015-05-28 14:26:09)
Worker: rmi://ip-10-72-170-46.eu-west-1.compute.internal:57518/3 Sent: 518926 Rcvd: 455991 CacheRatio: 0.03 (2015-05-28 14:26:09)
Worker: rmi://ip-10-72-173-28.eu-west-1.compute.internal:55756/5 Sent: 525997 Rcvd: 593599 CacheRatio: 0.03 (2015-05-28 14:26:09)
Worker: rmi://ip-10-32-41-247.eu-west-1.compute.internal:55216/6 Sent: 508310 Rcvd: 332482 CacheRatio: 0.03 (2015-05-28 14:26:09)
Worker: rmi://ip-10-72-170-58.eu-west-1.compute.internal:51967/4 Sent: 545183 Rcvd: 797220 CacheRatio: 0.03 (2015-05-28 14:26:09)
Worker: rmi://ip-10-72-170-58.eu-west-1.compute.internal:51967/5 Sent: 544986 Rcvd: 828413 CacheRatio: 0.03 (2015-05-28 14:26:09)
Worker: rmi://ip-10-72-170-58.eu-west-1.compute.internal:51967/0 Sent: 544031 Rcvd: 848902 CacheRatio: 0.03 (2015-05-28 14:26:09)
Worker: rmi://ip-10-72-173-28.eu-west-1.compute.internal:55756/1 Sent: 525250 Rcvd: 559685 CacheRatio: 0.03 (2015-05-28 14:26:09)
Worker: rmi://ip-10-72-173-28.eu-west-1.compute.internal:55756/4 Sent: 526317 Rcvd: 572095 CacheRatio: 0.02 (2015-05-28 14:26:09)
Worker: rmi://ip-10-72-173-28.eu-west-1.compute.internal:55756/2 Sent: 526072 Rcvd: 532243 CacheRatio: 0.03 (2015-05-28 14:26:09)
Worker: rmi://ip-10-72-170-46.eu-west-1.compute.internal:57518/1 Sent: 518535 Rcvd: 489521 CacheRatio: 0.03 (2015-05-28 14:26:09)
Worker: rmi://ip-10-32-41-247.eu-west-1.compute.internal:55216/5 Sent: 506824 Rcvd: 290902 CacheRatio: 0.03 (2015-05-28 14:26:09)
Worker: rmi://ip-10-32-41-247.eu-west-1.compute.internal:55216/4 Sent: 508412 Rcvd: 312482 CacheRatio: 0.02 (2015-05-28 14:26:09)
Worker: rmi://ip-10-72-170-58.eu-west-1.compute.internal:51967/6 Sent: 546457 Rcvd: 810268 CacheRatio: 0.03 (2015-05-28 14:26:09)
Worker: rmi://ip-10-72-173-28.eu-west-1.compute.internal:55756/6 Sent: 525338 Rcvd: 536284 CacheRatio: 0.03 (2015-05-28 14:26:09)
Worker: rmi://ip-10-72-170-46.eu-west-1.compute.internal:57518/2 Sent: 518887 Rcvd: 424358 CacheRatio: 0.02 (2015-05-28 14:26:09)
Worker: rmi://ip-10-72-173-28.eu-west-1.compute.internal:55756/3 Sent: 526216 Rcvd: 523262 CacheRatio: 0.03 (2015-05-28 14:26:09)
Worker: rmi://ip-10-32-41-247.eu-west-1.compute.internal:55216/1 Sent: 506996 Rcvd: 314593 CacheRatio: 0.02 (2015-05-28 14:26:09)
Worker: rmi://ip-10-72-170-46.eu-west-1.compute.internal:57518/4 Sent: 519318 Rcvd: 464426 CacheRatio: 0.03 (2015-05-28 14:26:09)
Worker: rmi://ip-10-72-170-58.eu-west-1.compute.internal:51967/3 Sent: 544883 Rcvd: 772316 CacheRatio: 0.02 (2015-05-28 14:26:09)
Worker: rmi://ip-10-72-170-58.eu-west-1.compute.internal:51967/1 Sent: 545862 Rcvd: 757840 CacheRatio: 0.03 (2015-05-28 14:26:09)
Worker: rmi://ip-10-72-170-58.eu-west-1.compute.internal:51967/7 Sent: 544637 Rcvd: 868604 CacheRatio: 0.02 (2015-05-28 14:26:09)
Worker: rmi://ip-10-72-173-28.eu-west-1.compute.internal:55756/0 Sent: 526619 Rcvd: 586343 CacheRatio: 0.03 (2015-05-28 14:26:09)
Worker: rmi://ip-10-72-170-46.eu-west-1.compute.internal:57518/6 Sent: 519379 Rcvd: 405723 CacheRatio: 0.03 (2015-05-28 14:26:09)
Worker: rmi://ip-10-72-170-46.eu-west-1.compute.internal:57518/0 Sent: 518831 Rcvd: 481709 CacheRatio: 0.02 (2015-05-28 14:26:09)
Model checking completed. No error has been found.
  Estimates of the probability that TLC did not check all reachable states
  because two distinct states had the same fingerprint:
  calculated (optimistic):  val = 0.0
  based on the actual fingerprints:  val = 7.9E-11
150989036 states generated, 16777216 distinct states found, 0 states left on queue.
The depth of the complete state graph search is 59.
Finished. (2015-05-28 14:26:25)
ip-10-34-203-245, work completed. Thank you!
