Listening for transport dt_socket at address: 1044
TLC Server Version 2.05 of 7 November 2012
Parsing file /mnt/tlc/3191/spec/l10_n8.tla
Parsing file /mnt/tlc/3191/spec/GridPerformanceTest.tla
Parsing file /mnt/tlc/3191/tla/tla2sany/StandardModules/TLC.tla
Parsing file /mnt/tlc/3191/tla/tla2sany/StandardModules/Integers.tla
Parsing file /mnt/tlc/3191/tla/tla2sany/StandardModules/FiniteSets.tla
Parsing file /mnt/tlc/3191/tla/tla2sany/StandardModules/Naturals.tla
Parsing file /mnt/tlc/3191/tla/tla2sany/StandardModules/Sequences.tla
Semantic processing of module Naturals
Semantic processing of module Integers
Semantic processing of module Sequences
Semantic processing of module FiniteSets
Semantic processing of module GridPerformanceTest
Semantic processing of module TLC
Semantic processing of module l10_n8
Starting... (2012-12-17 12:09:57)
Computing initial states...
Finished computing initial states: 1 distinct state(s) generated.
TLC server at ip-10-32-53-138 is ready (2012-12-17 12:09:57)
Waiting for 2 FPSet server(s) to register (2012-12-17 12:09:57)
1 out of 2 FPSet server(s) registered (2012-12-17 12:10:24)
2 out of 2 FPSet server(s) registered (2012-12-17 12:10:24)
Warning: Failed to connect from ip-10-32-53-138 to the fp server at ip-10-32-53-147.
Not applicable for 128bit fingerprints
Warning: Failed to connect from ip-10-32-53-138 to the fp server at ip-10-32-42-97.
Not applicable for 128bit fingerprints
Warning: there is no fp server available.
Registration for worker at rmi://ip-10-32-42-97.eu-west-1.compute.internal:53783/7 completed (2012-12-17 12:10:24)
Registration for worker at rmi://ip-10-32-42-97.eu-west-1.compute.internal:53783/3 completed (2012-12-17 12:10:24)
Registration for worker at rmi://ip-10-32-42-97.eu-west-1.compute.internal:53783/4 completed (2012-12-17 12:10:24)
Registration for worker at rmi://ip-10-32-42-97.eu-west-1.compute.internal:53783/0 completed (2012-12-17 12:10:24)
Registration for worker at rmi://ip-10-32-42-97.eu-west-1.compute.internal:53783/2 completed (2012-12-17 12:10:24)
Registration for worker at rmi://ip-10-32-42-97.eu-west-1.compute.internal:53783/1 completed (2012-12-17 12:10:24)
Registration for worker at rmi://ip-10-32-42-97.eu-west-1.compute.internal:53783/6 completed (2012-12-17 12:10:24)
Registration for worker at rmi://ip-10-32-42-97.eu-west-1.compute.internal:53783/5 completed (2012-12-17 12:10:24)
Registration for worker at rmi://ip-10-32-53-147.eu-west-1.compute.internal:54337/3 completed (2012-12-17 12:10:24)
Registration for worker at rmi://ip-10-32-53-147.eu-west-1.compute.internal:54337/2 completed (2012-12-17 12:10:24)
Registration for worker at rmi://ip-10-32-53-147.eu-west-1.compute.internal:54337/1 completed (2012-12-17 12:10:24)
Registration for worker at rmi://ip-10-32-53-147.eu-west-1.compute.internal:54337/0 completed (2012-12-17 12:10:24)
Registration for worker at rmi://ip-10-32-53-147.eu-west-1.compute.internal:54337/6 completed (2012-12-17 12:10:24)
Registration for worker at rmi://ip-10-32-53-147.eu-west-1.compute.internal:54337/5 completed (2012-12-17 12:10:24)
Registration for worker at rmi://ip-10-32-53-147.eu-west-1.compute.internal:54337/4 completed (2012-12-17 12:10:24)
Registration for worker at rmi://ip-10-32-53-147.eu-west-1.compute.internal:54337/7 completed (2012-12-17 12:10:24)
Error: TLC threw an unexpected exception.
This was probably caused by an error in the spec or model.
See the User Output or TLC Console for clues to what happened.
The exception was a tlc2.tool.WorkerExceptiontlc2.tool.WorkerException
	at tlc2.tool.distributed.TLCWorker.getNextStates(TLCWorker.java:189)
	at sun.reflect.NativeMethodAccessorImpl.invoke0(Native Method)
	at sun.reflect.NativeMethodAccessorImpl.invoke(Unknown Source)
	at sun.reflect.DelegatingMethodAccessorImpl.invoke(Unknown Source)
	at java.lang.reflect.Method.invoke(Unknown Source)
	at sun.rmi.server.UnicastServerRef.dispatch(Unknown Source)
	at sun.rmi.transport.Transport$1.run(Unknown Source)
	at java.security.AccessController.doPrivileged(Native Method)
	at sun.rmi.transport.Transport.serviceCall(Unknown Source)
	at sun.rmi.transport.tcp.TCPTransport.handleMessages(Unknown Source)
	at sun.rmi.transport.tcp.TCPTransport$ConnectionHandler.run0(Unknown Source)
	at sun.rmi.transport.tcp.TCPTransport$ConnectionHandler.run(Unknown Source)
	at java.util.concurrent.ThreadPoolExecutor$Worker.runTask(Unknown Source)
	at java.util.concurrent.ThreadPoolExecutor$Worker.run(Unknown Source)
	at java.lang.Thread.run(Unknown Source)
	at sun.rmi.transport.StreamRemoteCall.exceptionReceivedFromServer(Unknown Source)
	at sun.rmi.transport.StreamRemoteCall.executeCall(Unknown Source)
	at sun.rmi.server.UnicastRef.invoke(Unknown Source)
	at java.rmi.server.RemoteObjectInvocationHandler.invokeRemoteMethod(Unknown Source)
	at java.rmi.server.RemoteObjectInvocationHandler.invoke(Unknown Source)
	at $Proxy2.getNextStates(Unknown Source)
	at tlc2.tool.distributed.TLCWorkerSmartProxy.getNextStates(TLCWorkerSmartProxy.java:35)
	at tlc2.tool.distributed.TLCServerThread.run(TLCServerThread.java:185)
Caused by: java.lang.NullPointerException
	at tlc2.tool.distributed.TLCWorker.getNextStates(TLCWorker.java:172)
	at sun.reflect.NativeMethodAccessorImpl.invoke0(Native Method)
	at sun.reflect.NativeMethodAccessorImpl.invoke(Unknown Source)
	at sun.reflect.DelegatingMethodAccessorImpl.invoke(Unknown Source)
	at java.lang.reflect.Method.invoke(Unknown Source)
	at sun.rmi.server.UnicastServerRef.dispatch(Unknown Source)
	at sun.rmi.transport.Transport$1.run(Unknown Source)
	at java.security.AccessController.doPrivileged(Native Method)
	at sun.rmi.transport.Transport.serviceCall(Unknown Source)
	at sun.rmi.transport.tcp.TCPTransport.handleMessages(Unknown Source)
	at sun.rmi.transport.tcp.TCPTransport$ConnectionHandler.run0(Unknown Source)
	at sun.rmi.transport.tcp.TCPTransport$ConnectionHandler.run(Unknown Source)
	at java.util.concurrent.ThreadPoolExecutor$Worker.runTask(Unknown Source)
	at java.util.concurrent.ThreadPoolExecutor$Worker.run(Unknown Source)
	at java.lang.Thread.run(Unknown Source)

Worker: rmi://ip-10-32-53-147.eu-west-1.compute.internal:54337/1 Sent: 0 Rcvd: 0 CacheRatio: 1.00 (2012-12-17 12:10:24)
Worker: rmi://ip-10-32-42-97.eu-west-1.compute.internal:53783/7 Sent: 1 Rcvd: 0 CacheRatio: 0.11 (2012-12-17 12:10:24)
Worker: rmi://ip-10-32-53-147.eu-west-1.compute.internal:54337/6 Sent: 0 Rcvd: 0 CacheRatio: 1.00 (2012-12-17 12:10:24)
Worker: rmi://ip-10-32-53-147.eu-west-1.compute.internal:54337/2 Sent: 0 Rcvd: 0 CacheRatio: 1.00 (2012-12-17 12:10:24)
Worker: rmi://ip-10-32-53-147.eu-west-1.compute.internal:54337/0 Sent: 0 Rcvd: 0 CacheRatio: 1.00 (2012-12-17 12:10:24)
Worker: rmi://ip-10-32-42-97.eu-west-1.compute.internal:53783/0 Sent: 0 Rcvd: 0 CacheRatio: 1.00 (2012-12-17 12:10:24)
Worker: rmi://ip-10-32-42-97.eu-west-1.compute.internal:53783/3 Sent: 0 Rcvd: 0 CacheRatio: 1.00 (2012-12-17 12:10:24)
Worker: rmi://ip-10-32-42-97.eu-west-1.compute.internal:53783/1 Sent: 0 Rcvd: 0 CacheRatio: 1.00 (2012-12-17 12:10:24)
Worker: rmi://ip-10-32-42-97.eu-west-1.compute.internal:53783/5 Sent: 0 Rcvd: 0 CacheRatio: 1.00 (2012-12-17 12:10:24)
Worker: rmi://ip-10-32-42-97.eu-west-1.compute.internal:53783/6 Sent: 0 Rcvd: 0 CacheRatio: 1.00 (2012-12-17 12:10:24)
Worker: rmi://ip-10-32-42-97.eu-west-1.compute.internal:53783/4 Sent: 0 Rcvd: 0 CacheRatio: 1.00 (2012-12-17 12:10:24)
Worker: rmi://ip-10-32-53-147.eu-west-1.compute.internal:54337/4 Sent: 0 Rcvd: 0 CacheRatio: 1.00 (2012-12-17 12:10:24)
Worker: rmi://ip-10-32-42-97.eu-west-1.compute.internal:53783/2 Sent: 0 Rcvd: 0 CacheRatio: 1.00 (2012-12-17 12:10:24)
Worker: rmi://ip-10-32-53-147.eu-west-1.compute.internal:54337/7 Sent: 0 Rcvd: 0 CacheRatio: 1.00 (2012-12-17 12:10:25)
Worker: rmi://ip-10-32-53-147.eu-west-1.compute.internal:54337/3 Sent: 0 Rcvd: 0 CacheRatio: 1.00 (2012-12-17 12:10:25)
Worker: rmi://ip-10-32-53-147.eu-west-1.compute.internal:54337/5 Sent: 0 Rcvd: 0 CacheRatio: 1.00 (2012-12-17 12:10:25)
Model checking completed. No error has been found.
  Estimates of the probability that TLC did not check all reachable states
  because two distinct states had the same fingerprint:
  calculated (optimistic):  val = 0.0
  based on the actual fingerprints:  val = 1.1E-19
17 states generated, 0 distinct states found, 0 states left on queue.
The depth of the complete state graph search is 1.
Finished. (2012-12-17 12:10:25)
