Listening for transport dt_socket at address: 1044
TLC2 Version 2.05 of 7 November 2012
Running in Model-Checking mode.
Parsing file l4_n10.tla
Parsing file GridPerformanceTest.tla
Parsing file /mnt/tlc/3176/tla/tla2sany/StandardModules/TLC.tla
Parsing file /mnt/tlc/3176/tla/tla2sany/StandardModules/Integers.tla
Parsing file /mnt/tlc/3176/tla/tla2sany/StandardModules/FiniteSets.tla
Parsing file /mnt/tlc/3176/tla/tla2sany/StandardModules/Naturals.tla
Parsing file /mnt/tlc/3176/tla/tla2sany/StandardModules/Sequences.tla
Semantic processing of module Naturals
Semantic processing of module Integers
Semantic processing of module Sequences
Semantic processing of module FiniteSets
Semantic processing of module GridPerformanceTest
Semantic processing of module TLC
Semantic processing of module l4_n10
Starting... (2012-11-09 16:50:03)
Computing initial states...
Finished computing initial states: 1 distinct state generated.
Progress(10) at 2012-11-09 16:50:46: 837910 states generated (837,910 s/min), 178929 distinct states found (178,929 ds/min), 95124 states left on queue.
Progress(19) at 2012-11-09 16:51:46: 62910878 states generated (62,072,968 s/min), 9750368 distinct states found (9,571,439 ds/min), 3459263 states left on queue.
Progress(22) at 2012-11-09 16:52:46: 130704499 states generated (67,793,610 s/min), 19342887 distinct states found (9,592,519 ds/min), 6272422 states left on queue.
Progress(22) at 2012-11-09 16:53:46: 203036514 states generated (72,332,018 s/min), 29100973 distinct states found (9,758,086 ds/min), 8797306 states left on queue.
Progress(24) at 2012-11-09 16:54:46: 276627924 states generated (73,591,418 s/min), 38913888 distinct states found (9,812,915 ds/min), 11251079 states left on queue.
Progress(24) at 2012-11-09 16:55:46: 346715048 states generated (70,087,115 s/min), 47910717 distinct states found (8,996,829 ds/min), 13239197 states left on queue.
Progress(24) at 2012-11-09 16:56:46: 420846718 states generated (74,131,669 s/min), 57451154 distinct states found (9,540,437 ds/min), 15366466 states left on queue.
Progress(26) at 2012-11-09 16:57:46: 498082200 states generated (77,235,483 s/min), 67145419 distinct states found (9,694,265 ds/min), 17337183 states left on queue.
Progress(26) at 2012-11-09 16:58:46: 574764106 states generated (76,681,915 s/min), 76795010 distinct states found (9,649,591 ds/min), 19318583 states left on queue.
Progress(26) at 2012-11-09 16:59:46: 653683727 states generated (78,919,611 s/min), 86444853 distinct states found (9,649,843 ds/min), 21076464 states left on queue.
Progress(27) at 2012-11-09 17:00:46: 723391216 states generated (69,707,488 s/min), 95241017 distinct states found (8,796,164 ds/min), 22901880 states left on queue.
Progress(27) at 2012-11-09 17:01:46: 803607923 states generated (80,216,718 s/min), 104776078 distinct states found (9,535,061 ds/min), 24415270 states left on queue.
Progress(28) at 2012-11-09 17:02:46: 883720368 states generated (80,112,435 s/min), 114412295 distinct states found (9,636,217 ds/min), 26040243 states left on queue.
Progress(28) at 2012-11-09 17:03:46: 960947296 states generated (77,226,938 s/min), 123914500 distinct states found (9,502,205 ds/min), 27819755 states left on queue.
Progress(28) at 2012-11-09 17:04:46: 1041783949 states generated (80,836,632 s/min), 133346931 distinct states found (9,432,431 ds/min), 29168522 states left on queue.
Progress(28) at 2012-11-09 17:05:46: 1110259784 states generated (68,475,856 s/min), 141354144 distinct states found (8,007,213 ds/min), 30328151 states left on queue.
Progress(29) at 2012-11-09 17:06:46: 1191195698 states generated (80,935,914 s/min), 151146737 distinct states found (9,792,593 ds/min), 32027151 states left on queue.
Progress(29) at 2012-11-09 17:07:46: 1273849572 states generated (82,653,864 s/min), 160746041 distinct states found (9,599,304 ds/min), 33361070 states left on queue.
Progress(29) at 2012-11-09 17:08:46: 1358149003 states generated (84,299,430 s/min), 170255160 distinct states found (9,509,119 ds/min), 34440245 states left on queue.
Progress(30) at 2012-11-09 17:09:46: 1442452551 states generated (84,303,559 s/min), 179971165 distinct states found (9,716,005 ds/min), 35725894 states left on queue.
Progress(30) at 2012-11-09 17:10:46: 1515663685 states generated (73,211,134 s/min), 188827488 distinct states found (8,856,323 ds/min), 37261102 states left on queue.
Progress(30) at 2012-11-09 17:11:46: 1598422620 states generated (82,758,926 s/min), 198213155 distinct states found (9,385,667 ds/min), 38370877 states left on queue.
Progress(30) at 2012-11-09 17:12:46: 1685490163 states generated (87,067,542 s/min), 207894290 distinct states found (9,681,135 ds/min), 39345258 states left on queue.
Progress(30) at 2012-11-09 17:13:46: 1769357841 states generated (83,867,676 s/min), 217367381 distinct states found (9,473,091 ds/min), 40431581 states left on queue.
Progress(31) at 2012-11-09 17:14:46: 1845526848 states generated (76,169,009 s/min), 226233173 distinct states found (8,865,792 ds/min), 41680473 states left on queue.
Progress(31) at 2012-11-09 17:15:46: 1911589899 states generated (66,063,040 s/min), 233749923 distinct states found (7,516,750 ds/min), 42590917 states left on queue.
Progress(31) at 2012-11-09 17:16:46: 1989302754 states generated (77,712,867 s/min), 242431465 distinct states found (8,681,542 ds/min), 43501175 states left on queue.
Progress(31) at 2012-11-09 17:17:46: 2068009721 states generated (78,706,965 s/min), 251038864 distinct states found (8,607,399 ds/min), 44237877 states left on queue.
Progress(31) at 2012-11-09 17:18:46: 2146604909 states generated (78,595,178 s/min), 259655072 distinct states found (8,616,208 ds/min), 44994566 states left on queue.
Progress(32) at 2012-11-09 17:19:46: 2225011795 states generated (78,406,907 s/min), 268415098 distinct states found (8,760,026 ds/min), 45913902 states left on queue.
Progress(32) at 2012-11-09 17:20:46: 2290729359 states generated (65,717,554 s/min), 275980434 distinct states found (7,565,336 ds/min), 46907483 states left on queue.
Progress(32) at 2012-11-09 17:21:46: 2367858957 states generated (77,129,599 s/min), 284616087 distinct states found (8,635,653 ds/min), 47830176 states left on queue.
Progress(32) at 2012-11-09 17:22:46: 2446318542 states generated (78,459,584 s/min), 292983978 distinct states found (8,367,891 ds/min), 48352109 states left on queue.
Progress(32) at 2012-11-09 17:23:46: 2525297768 states generated (78,979,236 s/min), 301340250 distinct states found (8,356,272 ds/min), 48810458 states left on queue.
Progress(32) at 2012-11-09 17:24:46: 2601886763 states generated (76,588,982 s/min), 309730393 distinct states found (8,390,143 ds/min), 49541701 states left on queue.
Progress(33) at 2012-11-09 17:25:46: 2671395379 states generated (69,508,629 s/min), 317278046 distinct states found (7,547,653 ds/min), 50138493 states left on queue.
Progress(33) at 2012-11-09 17:26:46: 2745371007 states generated (73,975,609 s/min), 325595791 distinct states found (8,317,745 ds/min), 51058675 states left on queue.
Progress(33) at 2012-11-09 17:27:46: 2822381815 states generated (77,010,827 s/min), 334127439 distinct states found (8,531,648 ds/min), 51889241 states left on queue.
Progress(33) at 2012-11-09 17:28:46: 2901800304 states generated (79,418,489 s/min), 342548200 distinct states found (8,420,761 ds/min), 52368154 states left on queue.
Progress(33) at 2012-11-09 17:29:46: 2981912854 states generated (80,112,541 s/min), 350985366 distinct states found (8,437,166 ds/min), 52794066 states left on queue.
Progress(33) at 2012-11-09 17:30:46: 3055536493 states generated (73,623,638 s/min), 358697623 distinct states found (7,712,257 ds/min), 53143958 states left on queue.
Progress(33) at 2012-11-09 17:31:46: 3135544593 states generated (80,008,100 s/min), 367099041 distinct states found (8,401,418 ds/min), 53544566 states left on queue.
Progress(34) at 2012-11-09 17:32:46: 3212846746 states generated (77,302,152 s/min), 375669374 distinct states found (8,570,333 ds/min), 54384684 states left on queue.
Progress(34) at 2012-11-09 17:33:46: 3283073446 states generated (70,226,701 s/min), 383423845 distinct states found (7,754,471 ds/min), 55116484 states left on queue.
Progress(34) at 2012-11-09 17:34:46: 3347326369 states generated (64,252,923 s/min), 390280032 distinct states found (6,856,187 ds/min), 55547380 states left on queue.
Progress(34) at 2012-11-09 17:35:46: 3406193733 states generated (58,867,364 s/min), 396292268 distinct states found (6,012,236 ds/min), 55672879 states left on queue.
Progress(34) at 2012-11-09 17:36:46: 3486830309 states generated (80,636,586 s/min), 404678441 distinct states found (8,386,173 ds/min), 55995393 states left on queue.
Progress(34) at 2012-11-09 17:37:46: 3568813457 states generated (81,983,137 s/min), 413068972 distinct states found (8,390,531 ds/min), 56187611 states left on queue.
Progress(34) at 2012-11-09 17:38:46: 3648619134 states generated (79,805,688 s/min), 421398368 distinct states found (8,329,396 ds/min), 56536438 states left on queue.
Progress(35) at 2012-11-09 17:39:46: 3728150714 states generated (79,531,580 s/min), 429836127 distinct states found (8,437,759 ds/min), 57021040 states left on queue.
Progress(35) at 2012-11-09 17:40:46: 3797738232 states generated (69,587,518 s/min), 437344572 distinct states found (7,508,445 ds/min), 57570733 states left on queue.
Progress(35) at 2012-11-09 17:41:46: 3876391992 states generated (78,653,751 s/min), 445600122 distinct states found (8,255,550 ds/min), 57960908 states left on queue.
Progress(35) at 2012-11-09 17:42:46: 3958560617 states generated (82,168,605 s/min), 454046929 distinct states found (8,446,807 ds/min), 58190852 states left on queue.
Progress(35) at 2012-11-09 17:43:46: 4029599235 states generated (71,038,638 s/min), 461256792 distinct states found (7,209,863 ds/min), 58296854 states left on queue.
Progress(35) at 2012-11-09 17:44:46: 4092639951 states generated (63,040,705 s/min), 467631503 distinct states found (6,374,711 ds/min), 58367493 states left on queue.
Progress(35) at 2012-11-09 17:45:46: 4158911263 states generated (66,271,322 s/min), 474391444 distinct states found (6,759,941 ds/min), 58500302 states left on queue.
Progress(35) at 2012-11-09 17:46:46: 4241716156 states generated (82,804,895 s/min), 482693128 distinct states found (8,301,684 ds/min), 58521498 states left on queue.
Progress(36) at 2012-11-09 17:47:46: 4319381110 states generated (77,664,962 s/min), 491019513 distinct states found (8,326,385 ds/min), 59081386 states left on queue.
Progress(36) at 2012-11-09 17:48:46: 4398227966 states generated (78,846,845 s/min), 499412326 distinct states found (8,392,813 ds/min), 59589513 states left on queue.
Progress(36) at 2012-11-09 17:49:46: 4480343242 states generated (82,115,277 s/min), 507895513 distinct states found (8,483,187 ds/min), 59861174 states left on queue.
Progress(36) at 2012-11-09 17:50:46: 4556000170 states generated (75,656,928 s/min), 515429353 distinct states found (7,533,840 ds/min), 59829321 states left on queue.
Progress(36) at 2012-11-09 17:51:46: 4634542916 states generated (78,542,756 s/min), 523224926 distinct states found (7,795,573 ds/min), 59770620 states left on queue.
Progress(36) at 2012-11-09 17:52:46: 4695691005 states generated (61,148,078 s/min), 529089167 distinct states found (5,864,241 ds/min), 59520052 states left on queue.
Progress(36) at 2012-11-09 17:53:46: 4774557382 states generated (78,866,378 s/min), 537097291 distinct states found (8,008,124 ds/min), 59641538 states left on queue.
Progress(37) at 2012-11-09 17:54:46: 4856845933 states generated (82,288,561 s/min), 545354909 distinct states found (8,257,618 ds/min), 59670299 states left on queue.
Progress(37) at 2012-11-09 17:55:46: 4928527003 states generated (71,681,070 s/min), 552961888 distinct states found (7,606,979 ds/min), 60109171 states left on queue.
Progress(37) at 2012-11-09 17:56:46: 5011630548 states generated (83,103,536 s/min), 561549270 distinct states found (8,587,382 ds/min), 60386200 states left on queue.
Progress(37) at 2012-11-09 17:57:46: 5096318225 states generated (84,687,676 s/min), 570046636 distinct states found (8,497,366 ds/min), 60414798 states left on queue.
Progress(37) at 2012-11-09 17:58:46: 5185863843 states generated (89,545,618 s/min), 578702170 distinct states found (8,655,534 ds/min), 60115771 states left on queue.
Progress(37) at 2012-11-09 17:59:46: 5272345504 states generated (86,481,660 s/min), 587009813 distinct states found (8,307,643 ds/min), 59775247 states left on queue.
Progress(37) at 2012-11-09 18:00:46: 5350109229 states generated (77,763,725 s/min), 594600818 distinct states found (7,591,005 ds/min), 59589880 states left on queue.
Progress(38) at 2012-11-09 18:01:46: 5437139717 states generated (87,030,489 s/min), 603068960 distinct states found (8,468,142 ds/min), 59354975 states left on queue.
Progress(38) at 2012-11-09 18:02:46: 5518288793 states generated (81,149,076 s/min), 611561742 distinct states found (8,492,782 ds/min), 59732847 states left on queue.
Progress(38) at 2012-11-09 18:03:46: 5601539690 states generated (83,250,898 s/min), 620011948 distinct states found (8,450,206 ds/min), 59857964 states left on queue.
Progress(38) at 2012-11-09 18:04:46: 5686175089 states generated (84,635,398 s/min), 628399864 distinct states found (8,387,916 ds/min), 59782340 states left on queue.
Progress(38) at 2012-11-09 18:05:46: 5764522867 states generated (78,347,778 s/min), 635885515 distinct states found (7,485,651 ds/min), 59433213 states left on queue.
Progress(38) at 2012-11-09 18:06:46: 5855101125 states generated (90,578,259 s/min), 644465251 distinct states found (8,579,736 ds/min), 58955124 states left on queue.
Progress(38) at 2012-11-09 18:07:46: 5944810902 states generated (89,709,775 s/min), 652970148 distinct states found (8,504,897 ds/min), 58489042 states left on queue.
Progress(39) at 2012-11-09 18:08:46: 6032250200 states generated (87,439,309 s/min), 661355276 distinct states found (8,385,128 ds/min), 58130238 states left on queue.
Progress(39) at 2012-11-09 18:09:46: 6117012414 states generated (84,762,214 s/min), 670025565 distinct states found (8,670,289 ds/min), 58324310 states left on queue.
Progress(39) at 2012-11-09 18:10:46: 6185832734 states generated (68,820,310 s/min), 676821809 distinct states found (6,796,244 ds/min), 58238520 states left on queue.
Progress(39) at 2012-11-09 18:11:46: 6272438585 states generated (86,605,851 s/min), 685300844 distinct states found (8,479,035 ds/min), 58056972 states left on queue.
Progress(39) at 2012-11-09 18:12:46: 6360499770 states generated (88,061,184 s/min), 693588493 distinct states found (8,287,649 ds/min), 57538501 states left on queue.
Progress(39) at 2012-11-09 18:13:46: 6448745021 states generated (88,245,252 s/min), 701748900 distinct states found (8,160,407 ds/min), 56874382 states left on queue.
Progress(39) at 2012-11-09 18:14:46: 6537501738 states generated (88,756,718 s/min), 710028941 distinct states found (8,280,041 ds/min), 56278752 states left on queue.
Progress(40) at 2012-11-09 18:15:46: 6613121653 states generated (75,619,904 s/min), 717156791 distinct states found (7,127,850 ds/min), 55844610 states left on queue.
Progress(40) at 2012-11-09 18:16:46: 6698417822 states generated (85,296,180 s/min), 725713825 distinct states found (8,557,034 ds/min), 55872027 states left on queue.
Progress(40) at 2012-11-09 18:17:46: 6787028905 states generated (88,611,092 s/min), 734355123 distinct states found (8,641,298 ds/min), 55652217 states left on queue.
Progress(40) at 2012-11-09 18:18:46: 6875580219 states generated (88,551,304 s/min), 742744213 distinct states found (8,389,090 ds/min), 55186177 states left on queue.
Progress(40) at 2012-11-09 18:19:46: 6964826866 states generated (89,246,657 s/min), 750798685 distinct states found (8,054,472 ds/min), 54315985 states left on queue.
Progress(40) at 2012-11-09 18:20:46: 7044306900 states generated (79,480,034 s/min), 758020400 distinct states found (7,221,715 ds/min), 53589694 states left on queue.
Progress(40) at 2012-11-09 18:21:46: 7134385974 states generated (90,079,065 s/min), 766369512 distinct states found (8,349,112 ds/min), 52930899 states left on queue.
Progress(41) at 2012-11-09 18:22:46: 7222284863 states generated (87,898,898 s/min), 774801244 distinct states found (8,431,732 ds/min), 52572745 states left on queue.
Progress(41) at 2012-11-09 18:23:46: 7309973593 states generated (87,688,730 s/min), 783157087 distinct states found (8,355,843 ds/min), 52159712 states left on queue.
Progress(41) at 2012-11-09 18:24:46: 7398212632 states generated (88,239,039 s/min), 791525467 distinct states found (8,368,380 ds/min), 51704188 states left on queue.
Progress(41) at 2012-11-09 18:25:46: 7474509207 states generated (76,296,566 s/min), 798441040 distinct states found (6,915,573 ds/min), 50990104 states left on queue.
Progress(41) at 2012-11-09 18:26:46: 7565736844 states generated (91,227,646 s/min), 806488730 distinct states found (8,047,690 ds/min), 49915029 states left on queue.
Progress(41) at 2012-11-09 18:27:46: 7652638268 states generated (86,901,413 s/min), 814417856 distinct states found (7,929,126 ds/min), 49154015 states left on queue.
Progress(42) at 2012-11-09 18:28:46: 7740046458 states generated (87,408,190 s/min), 822592710 distinct states found (8,174,854 ds/min), 48588051 states left on queue.
Progress(42) at 2012-11-09 18:29:46: 7826009765 states generated (85,963,318 s/min), 830640641 distinct states found (8,047,931 ds/min), 48039649 states left on queue.
Progress(42) at 2012-11-09 18:30:46: 7901781958 states generated (75,772,193 s/min), 837596156 distinct states found (6,955,515 ds/min), 47417945 states left on queue.
Progress(42) at 2012-11-09 18:31:46: 7990757042 states generated (88,975,084 s/min), 845619059 distinct states found (8,022,903 ds/min), 46543338 states left on queue.
Progress(42) at 2012-11-09 18:32:46: 8082178289 states generated (91,421,237 s/min), 853572276 distinct states found (7,953,217 ds/min), 45354431 states left on queue.
Progress(43) at 2012-11-09 18:33:46: 8173210224 states generated (91,031,934 s/min), 861507429 distinct states found (7,935,153 ds/min), 44186392 states left on queue.
Progress(43) at 2012-11-09 18:34:46: 8260521205 states generated (87,310,982 s/min), 869816478 distinct states found (8,309,049 ds/min), 43764344 states left on queue.
Progress(43) at 2012-11-09 18:35:46: 8336670263 states generated (76,149,057 s/min), 876815224 distinct states found (6,998,746 ds/min), 43148183 states left on queue.
Progress(43) at 2012-11-09 18:36:46: 8423265831 states generated (86,595,570 s/min), 884488195 distinct states found (7,672,971 ds/min), 42161597 states left on queue.
Progress(43) at 2012-11-09 18:37:46: 8515189906 states generated (91,924,054 s/min), 892313722 distinct states found (7,825,527 ds/min), 40794717 states left on queue.
Progress(43) at 2012-11-09 18:38:46: 8606501139 states generated (91,311,235 s/min), 900182555 distinct states found (7,868,833 ds/min), 39532428 states left on queue.
Progress(44) at 2012-11-09 18:39:46: 8694293640 states generated (87,792,529 s/min), 908257009 distinct states found (8,074,454 ds/min), 38827629 states left on queue.
Progress(44) at 2012-11-09 18:40:46: 8770758845 states generated (76,465,196 s/min), 915140353 distinct states found (6,883,344 ds/min), 38064453 states left on queue.
Progress(44) at 2012-11-09 18:41:46: 8860237176 states generated (89,478,329 s/min), 922838038 distinct states found (7,697,685 ds/min), 36814305 states left on queue.
Progress(44) at 2012-11-09 18:42:46: 8941224131 states generated (80,986,948 s/min), 929629144 distinct states found (6,791,106 ds/min), 35506715 states left on queue.
Progress(45) at 2012-11-09 18:43:46: 9024381998 states generated (83,157,874 s/min), 936780594 distinct states found (7,151,450 ds/min), 34342380 states left on queue.
Progress(45) at 2012-11-09 18:44:46: 9101494044 states generated (77,112,057 s/min), 943720285 distinct states found (6,939,691 ds/min), 33570867 states left on queue.
Progress(45) at 2012-11-09 18:45:46: 9170175660 states generated (68,681,616 s/min), 949651710 distinct states found (5,931,425 ds/min), 32634129 states left on queue.
Progress(45) at 2012-11-09 18:46:46: 9263631564 states generated (93,455,904 s/min), 957442150 distinct states found (7,790,440 ds/min), 31078977 states left on queue.
Progress(46) at 2012-11-09 18:47:46: 9356787618 states generated (93,156,045 s/min), 965129118 distinct states found (7,686,968 ds/min), 29450340 states left on queue.
Progress(46) at 2012-11-09 18:48:46: 9440129835 states generated (83,342,226 s/min), 972523670 distinct states found (7,394,552 ds/min), 28510670 states left on queue.
Progress(46) at 2012-11-09 18:49:46: 9522742984 states generated (82,613,149 s/min), 979490513 distinct states found (6,966,843 ds/min), 27216198 states left on queue.
Progress(46) at 2012-11-09 18:50:46: 9598117745 states generated (75,374,736 s/min), 985507938 distinct states found (6,017,425 ds/min), 25696150 states left on queue.
Progress(47) at 2012-11-09 18:51:46: 9684404033 states generated (86,286,303 s/min), 992744617 distinct states found (7,236,679 ds/min), 24304199 states left on queue.
Progress(47) at 2012-11-09 18:52:46: 9772194596 states generated (87,790,573 s/min), 1000133141 distinct states found (7,388,524 ds/min), 22913669 states left on queue.
Progress(47) at 2012-11-09 18:53:46: 9865048685 states generated (92,854,079 s/min), 1007507292 distinct states found (7,374,151 ds/min), 21002409 states left on queue.
Progress(48) at 2012-11-09 18:54:46: 9949499704 states generated (84,451,029 s/min), 1014499166 distinct states found (6,991,874 ds/min), 19549181 states left on queue.
Progress(48) at 2012-11-09 18:55:46: 10020959650 states generated (71,459,936 s/min), 1020302784 distinct states found (5,803,618 ds/min), 18206804 states left on queue.
Progress(49) at 2012-11-09 18:56:46: 10109111641 states generated (88,152,001 s/min), 1027159709 distinct states found (6,856,925 ds/min), 16248528 states left on queue.
Progress(49) at 2012-11-09 18:57:46: 10190437617 states generated (81,325,976 s/min), 1033705152 distinct states found (6,545,443 ds/min), 14661375 states left on queue.
Progress(50) at 2012-11-09 18:58:46: 10276440564 states generated (86,002,947 s/min), 1040331780 distinct states found (6,626,628 ds/min), 12687707 states left on queue.
Progress(50) at 2012-11-09 18:59:46: 10366108894 states generated (89,668,320 s/min), 1047226479 distinct states found (6,894,699 ds/min), 10615575 states left on queue.
Progress(51) at 2012-11-09 19:00:46: 10447494737 states generated (81,385,843 s/min), 1053458147 distinct states found (6,231,668 ds/min), 8708658 states left on queue.
Progress(52) at 2012-11-09 19:01:46: 10543572388 states generated (96,077,661 s/min), 1060538203 distinct states found (7,080,056 ds/min), 6180953 states left on queue.
Progress(54) at 2012-11-09 19:02:46: 10637264190 states generated (93,691,802 s/min), 1067224782 distinct states found (6,686,579 ds/min), 3498347 states left on queue.
Progress(61) at 2012-11-09 19:03:46: 10733996316 states generated (96,732,126 s/min), 1073564680 distinct states found (6,339,898 ds/min), 165038 states left on queue.
Model checking completed. No error has been found.
  Estimates of the probability that TLC did not check all reachable states
  because two distinct states had the same fingerprint:
  calculated (optimistic):  val = .56
  based on the actual fingerprints:  val = 2.2E-9
10737418241 states generated, 1073741824 distinct states found, 0 states left on queue.
The depth of the complete state graph search is 71.
Finished. (2012-11-09 19:11:42)
