TLC Server Version 2.05 of 18 May 2012
Parsing file /mnt/tlc/1533/spec/l4_n10.tla
Parsing file /mnt/tlc/1533/spec/GridPerformanceTest.tla
Parsing file /mnt/tlc/1533/tla/tla2sany/StandardModules/TLC.tla
Parsing file /mnt/tlc/1533/tla/tla2sany/StandardModules/Integers.tla
Parsing file /mnt/tlc/1533/tla/tla2sany/StandardModules/FiniteSets.tla
Parsing file /mnt/tlc/1533/tla/tla2sany/StandardModules/Naturals.tla
Parsing file /mnt/tlc/1533/tla/tla2sany/StandardModules/Sequences.tla
Semantic processing of module Naturals
Semantic processing of module Integers
Semantic processing of module Sequences
Semantic processing of module FiniteSets
Semantic processing of module GridPerformanceTest
Semantic processing of module TLC
Semantic processing of module l4_n10
Starting... (2012-08-19 19:54:11)
Computing initial states...
Finished computing initial states: 1 distinct state(s) generated.
TLC server at ip-10-157-2-165 is ready (2012-08-19 19:54:14)
Registration for worker at rmi://ip-10-30-131-231.ec2.internal:39257 completed (2012-08-19 19:54:17)
Registration for worker at rmi://ip-10-30-131-231.ec2.internal:39257 completed (2012-08-19 19:54:17)
Registration for worker at rmi://ip-10-30-131-231.ec2.internal:39257 completed (2012-08-19 19:54:17)
Registration for worker at rmi://ip-10-30-131-231.ec2.internal:39257 completed (2012-08-19 19:54:17)
Registration for worker at rmi://ip-10-30-131-231.ec2.internal:39257 completed (2012-08-19 19:54:17)
Registration for worker at rmi://ip-10-30-131-231.ec2.internal:39257 completed (2012-08-19 19:54:17)
Registration for worker at rmi://ip-10-30-131-231.ec2.internal:39257 completed (2012-08-19 19:54:17)
Registration for worker at rmi://ip-10-30-131-231.ec2.internal:39257 completed (2012-08-19 19:54:17)
Registration for worker at rmi://ip-10-31-137-114.ec2.internal:54713 completed (2012-08-19 19:54:17)
Registration for worker at rmi://ip-10-31-137-114.ec2.internal:54713 completed (2012-08-19 19:54:17)
Registration for worker at rmi://ip-10-31-137-114.ec2.internal:54713 completed (2012-08-19 19:54:17)
Registration for worker at rmi://ip-10-31-137-114.ec2.internal:54713 completed (2012-08-19 19:54:17)
Registration for worker at rmi://ip-10-31-137-114.ec2.internal:54713 completed (2012-08-19 19:54:17)
Registration for worker at rmi://ip-10-31-137-114.ec2.internal:54713 completed (2012-08-19 19:54:17)
Registration for worker at rmi://ip-10-31-137-114.ec2.internal:54713 completed (2012-08-19 19:54:17)
Registration for worker at rmi://ip-10-31-137-114.ec2.internal:54713 completed (2012-08-19 19:54:17)
Progress(20) at 2012-08-19 19:55:14: 34410394 states generated (34,410,394 s/min), 6464037 distinct states found (6,464,037 ds/min), 2744865 states left on queue.
Progress(20) at 2012-08-19 19:56:14: 75238865 states generated (40,828,471 s/min), 12768938 distinct states found (6,304,901 ds/min), 4812359 states left on queue.
Progress(21) at 2012-08-19 19:57:14: 128743411 states generated (53,504,546 s/min), 20555916 distinct states found (7,786,978 ds/min), 6911765 states left on queue.
Progress(23) at 2012-08-19 19:58:14: 183097596 states generated (54,354,185 s/min), 28701155 distinct states found (8,145,239 ds/min), 9391085 states left on queue.
Progress(23) at 2012-08-19 19:59:14: 237415109 states generated (54,317,513 s/min), 36772784 distinct states found (8,071,629 ds/min), 11779885 states left on queue.
Progress(25) at 2012-08-19 20:00:14: 297220165 states generated (59,805,056 s/min), 44773341 distinct states found (8,000,557 ds/min), 13448207 states left on queue.
Progress(25) at 2012-08-19 20:01:14: 351766229 states generated (54,546,064 s/min), 52510400 distinct states found (7,737,059 ds/min), 15584609 states left on queue.
Progress(25) at 2012-08-19 20:02:14: 414754169 states generated (62,987,940 s/min), 60321829 distinct states found (7,811,429 ds/min), 16808454 states left on queue.
Progress(25) at 2012-08-19 20:03:14: 467835344 states generated (53,081,175 s/min), 68503156 distinct states found (8,181,327 ds/min), 19361121 states left on queue.
Progress(25) at 2012-08-19 20:04:14: 535048949 states generated (67,213,605 s/min), 76331969 distinct states found (7,828,813 ds/min), 20204897 states left on queue.
Progress(27) at 2012-08-19 20:05:14: 591088328 states generated (56,039,379 s/min), 84457769 distinct states found (8,125,800 ds/min), 22447213 states left on queue.
Progress(27) at 2012-08-19 20:06:14: 649567780 states generated (58,479,452 s/min), 92350019 distinct states found (7,892,250 ds/min), 24306797 states left on queue.
Progress(27) at 2012-08-19 20:07:14: 719558567 states generated (69,990,787 s/min), 100295376 distinct states found (7,945,357 ds/min), 24904813 states left on queue.
Progress(28) at 2012-08-19 20:08:14: 779499837 states generated (59,941,270 s/min), 108142749 distinct states found (7,847,373 ds/min), 26469485 states left on queue.
Progress(28) at 2012-08-19 20:09:15: 833813337 states generated (54,313,500 s/min), 116309528 distinct states found (8,166,779 ds/min), 28910701 states left on queue.
Progress(28) at 2012-08-19 20:10:15: 901993684 states generated (68,180,347 s/min), 124150187 distinct states found (7,840,659 ds/min), 29677395 states left on queue.
Progress(28) at 2012-08-19 20:11:15: 972552050 states generated (70,558,366 s/min), 131580305 distinct states found (7,430,118 ds/min), 29685587 states left on queue.
Progress(29) at 2012-08-19 20:12:15: 1026081024 states generated (53,528,974 s/min), 139473276 distinct states found (7,892,971 ds/min), 31995731 states left on queue.
Progress(29) at 2012-08-19 20:13:15: 1082634854 states generated (56,553,830 s/min), 147620606 distinct states found (8,147,330 ds/min), 34232147 states left on queue.
Progress(29) at 2012-08-19 20:14:15: 1151453704 states generated (68,818,850 s/min), 155636512 distinct states found (8,015,906 ds/min), 35100499 states left on queue.
Progress(29) at 2012-08-19 20:15:15: 1222362873 states generated (70,909,169 s/min), 163128902 distinct states found (7,492,390 ds/min), 35130525 states left on queue.
Progress(29) at 2012-08-19 20:16:15: 1281344084 states generated (58,981,211 s/min), 170577320 distinct states found (7,448,418 ds/min), 36351133 states left on queue.
Progress(30) at 2012-08-19 20:17:15: 1339751326 states generated (58,407,242 s/min), 178471423 distinct states found (7,894,103 ds/min), 38120605 states left on queue.
Progress(30) at 2012-08-19 20:18:15: 1398386118 states generated (58,634,792 s/min), 186432361 distinct states found (7,960,938 ds/min), 39988381 states left on queue.
Progress(30) at 2012-08-19 20:19:15: 1466929511 states generated (68,543,393 s/min), 194235234 distinct states found (7,802,873 ds/min), 40643741 states left on queue.
Progress(30) at 2012-08-19 20:20:15: 1538991666 states generated (72,062,155 s/min), 201598828 distinct states found (7,363,594 ds/min), 40492924 states left on queue.
Progress(31) at 2012-08-19 20:21:15: 1601019970 states generated (62,028,304 s/min), 208971680 distinct states found (7,372,852 ds/min), 41172860 states left on queue.
Progress(31) at 2012-08-19 20:22:15: 1657592773 states generated (56,572,803 s/min), 216934363 distinct states found (7,962,683 ds/min), 43261820 states left on queue.
Progress(31) at 2012-08-19 20:23:15: 1719767983 states generated (62,175,210 s/min), 224498213 distinct states found (7,563,850 ds/min), 44269436 states left on queue.
Progress(31) at 2012-08-19 20:24:15: 1773021648 states generated (53,253,665 s/min), 231495718 distinct states found (6,997,505 ds/min), 45709926 states left on queue.
Progress(31) at 2012-08-19 20:25:15: 1832253791 states generated (59,232,143 s/min), 237972365 distinct states found (6,476,647 ds/min), 46005313 states left on queue.
Progress(31) at 2012-08-19 20:26:15: 1892389211 states generated (60,135,420 s/min), 244072815 distinct states found (6,100,450 ds/min), 45767745 states left on queue.
Progress(31) at 2012-08-19 20:27:15: 1954113221 states generated (61,724,010 s/min), 250184109 distinct states found (6,111,294 ds/min), 45243457 states left on queue.
Flushed disk DiskFPSet1 1. time, in 33 sec
Flushed disk DiskFPSet0 1. time, in 33 sec
Progress(32) at 2012-08-19 20:28:15: 1975610025 states generated (21,496,804 s/min), 253028508 distinct states found (2,844,399 ds/min), 45722412 states left on queue.
Progress(32) at 2012-08-19 20:29:15: 2021579069 states generated (45,969,044 s/min), 259899676 distinct states found (6,871,168 ds/min), 47910406 states left on queue.
Progress(32) at 2012-08-19 20:30:15: 2074055235 states generated (52,476,166 s/min), 266561578 distinct states found (6,661,902 ds/min), 49072940 states left on queue.
Progress(32) at 2012-08-19 20:31:15: 2126896564 states generated (52,841,329 s/min), 272634355 distinct states found (6,072,777 ds/min), 49621804 states left on queue.
Progress(32) at 2012-08-19 20:32:15: 2181647089 states generated (54,750,525 s/min), 279326215 distinct states found (6,691,860 ds/min), 50555692 states left on queue.
Progress(32) at 2012-08-19 20:33:15: 2237037424 states generated (55,390,335 s/min), 285843688 distinct states found (6,517,473 ds/min), 51276588 states left on queue.
Progress(32) at 2012-08-19 20:34:15: 2299603957 states generated (62,566,533 s/min), 292066351 distinct states found (6,222,663 ds/min), 50875180 states left on queue.
Progress(32) at 2012-08-19 20:35:15: 2361477378 states generated (61,873,421 s/min), 297936554 distinct states found (5,870,203 ds/min), 50077464 states left on queue.
Progress(33) at 2012-08-19 20:36:15: 2407587267 states generated (46,109,889 s/min), 303761888 distinct states found (5,825,334 ds/min), 50939314 states left on queue.
Progress(33) at 2012-08-19 20:37:15: 2455754222 states generated (48,166,955 s/min), 310743488 distinct states found (6,981,600 ds/min), 52905394 states left on queue.
Progress(33) at 2012-08-19 20:38:15: 2512072207 states generated (56,317,985 s/min), 317448269 distinct states found (6,704,781 ds/min), 53749170 states left on queue.
Progress(33) at 2012-08-19 20:39:15: 2569847432 states generated (57,775,225 s/min), 323856732 distinct states found (6,408,463 ds/min), 54019506 states left on queue.
Progress(33) at 2012-08-19 20:40:15: 2621321943 states generated (51,474,511 s/min), 330212302 distinct states found (6,355,570 ds/min), 54895469 states left on queue.
Progress(33) at 2012-08-19 20:41:15: 2673054016 states generated (51,732,073 s/min), 336336433 distinct states found (6,124,131 ds/min), 55542637 states left on queue.
Progress(33) at 2012-08-19 20:42:15: 2733141177 states generated (60,087,161 s/min), 342599518 distinct states found (6,263,085 ds/min), 55477717 states left on queue.
Progress(33) at 2012-08-19 20:43:15: 2797402551 states generated (64,261,374 s/min), 348669110 distinct states found (6,069,592 ds/min), 54657901 states left on queue.
Progress(33) at 2012-08-19 20:44:15: 2863561067 states generated (66,158,516 s/min), 354776015 distinct states found (6,106,905 ds/min), 53556109 states left on queue.
Progress(34) at 2012-08-19 20:45:15: 2901840428 states generated (38,279,361 s/min), 361757471 distinct states found (6,981,456 ds/min), 56432400 states left on queue.
Progress(34) at 2012-08-19 20:46:15: 2952185656 states generated (50,345,228 s/min), 368142089 distinct states found (6,384,618 ds/min), 57620240 states left on queue.
Progress(34) at 2012-08-19 20:47:15: 3009296774 states generated (57,111,118 s/min), 374583619 distinct states found (6,441,530 ds/min), 58062608 states left on queue.
Progress(34) at 2012-08-19 20:48:15: 3066763549 states generated (57,466,775 s/min), 380860740 distinct states found (6,277,121 ds/min), 58316560 states left on queue.
Progress(34) at 2012-08-19 20:49:15: 3122355666 states generated (55,592,117 s/min), 387166552 distinct states found (6,305,812 ds/min), 58611472 states left on queue.
Progress(34) at 2012-08-19 20:50:15: 3177251488 states generated (54,895,822 s/min), 393433727 distinct states found (6,267,175 ds/min), 59032417 states left on queue.
Progress(34) at 2012-08-19 20:51:15: 3228600569 states generated (51,349,081 s/min), 399043882 distinct states found (5,610,155 ds/min), 59155297 states left on queue.
Progress(34) at 2012-08-19 20:52:15: 3290345312 states generated (61,744,743 s/min), 404772162 distinct states found (5,728,280 ds/min), 58284641 states left on queue.
Progress(34) at 2012-08-19 20:53:15: 3352218494 states generated (61,873,182 s/min), 410431448 distinct states found (5,659,286 ds/min), 57169171 states left on queue.
Progress(35) at 2012-08-19 20:54:15: 3395235998 states generated (43,017,504 s/min), 416956124 distinct states found (6,524,676 ds/min), 59065185 states left on queue.
Progress(35) at 2012-08-19 20:55:15: 3441667791 states generated (46,431,793 s/min), 423349192 distinct states found (6,393,068 ds/min), 60593368 states left on queue.
Progress(35) at 2012-08-19 20:56:15: 3491966607 states generated (50,298,816 s/min), 429248791 distinct states found (5,899,599 ds/min), 61207768 states left on queue.
Progress(35) at 2012-08-19 20:57:15: 3545105790 states generated (53,139,183 s/min), 434947647 distinct states found (5,698,856 ds/min), 61285431 states left on queue.
Progress(35) at 2012-08-19 20:58:15: 3596828980 states generated (51,723,190 s/min), 440628140 distinct states found (5,680,493 ds/min), 61495774 states left on queue.
Progress(35) at 2012-08-19 20:59:15: 3646790303 states generated (49,961,323 s/min), 445882889 distinct states found (5,254,749 ds/min), 61371608 states left on queue.
Progress(35) at 2012-08-19 21:00:15: 3692122855 states generated (45,332,552 s/min), 450859001 distinct states found (4,976,112 ds/min), 61569278 states left on queue.
Progress(35) at 2012-08-19 21:01:15: 3736662072 states generated (44,539,217 s/min), 455604341 distinct states found (4,745,340 ds/min), 61543322 states left on queue.
Progress(35) at 2012-08-19 21:02:15: 3782538724 states generated (45,876,652 s/min), 460502495 distinct states found (4,898,154 ds/min), 61494488 states left on queue.
Progress(35) at 2012-08-19 21:03:15: 3829181072 states generated (46,642,348 s/min), 464616045 distinct states found (4,113,550 ds/min), 60566379 states left on queue.
Progress(35) at 2012-08-19 21:04:15: 3875126059 states generated (45,944,987 s/min), 468745675 distinct states found (4,129,630 ds/min), 59569276 states left on queue.
Progress(36) at 2012-08-19 21:05:15: 3910284436 states generated (35,158,377 s/min), 473384530 distinct states found (4,638,855 ds/min), 60341597 states left on queue.
Flushed disk DiskFPSet0 2. time, in 36 sec
Flushed disk DiskFPSet1 2. time, in 36 sec
Progress(36) at 2012-08-19 21:06:15: 3926235627 states generated (15,951,191 s/min), 475905892 distinct states found (2,521,362 ds/min), 61155132 states left on queue.
Progress(36) at 2012-08-19 21:07:15: 3974156606 states generated (47,920,979 s/min), 482575592 distinct states found (6,669,700 ds/min), 62777148 states left on queue.
Progress(36) at 2012-08-19 21:08:15: 4030916852 states generated (56,760,246 s/min), 489355422 distinct states found (6,779,830 ds/min), 63555388 states left on queue.
Progress(36) at 2012-08-19 21:09:15: 4092787802 states generated (61,870,950 s/min), 495741510 distinct states found (6,386,088 ds/min), 63465276 states left on queue.
Progress(36) at 2012-08-19 21:10:15: 4149541567 states generated (56,753,765 s/min), 501857231 distinct states found (6,115,721 ds/min), 63473468 states left on queue.
Progress(36) at 2012-08-19 21:11:15: 4205328898 states generated (55,787,331 s/min), 507551001 distinct states found (5,693,770 ds/min), 63121212 states left on queue.
Progress(36) at 2012-08-19 21:12:15: 4262499919 states generated (57,171,021 s/min), 513751337 distinct states found (6,200,336 ds/min), 63121212 states left on queue.
Progress(36) at 2012-08-19 21:13:15: 4319286104 states generated (56,786,185 s/min), 519720419 distinct states found (5,969,082 ds/min), 62900028 states left on queue.
Progress(36) at 2012-08-19 21:14:15: 4382799393 states generated (63,513,289 s/min), 525413045 distinct states found (5,692,626 ds/min), 61785261 states left on queue.
Progress(36) at 2012-08-19 21:15:15: 4444329153 states generated (61,529,760 s/min), 530825033 distinct states found (5,411,988 ds/min), 60239820 states left on queue.
Progress(37) at 2012-08-19 21:16:15: 4483920814 states generated (39,591,661 s/min), 537432508 distinct states found (6,607,475 ds/min), 62636507 states left on queue.
Progress(37) at 2012-08-19 21:17:15: 4535165693 states generated (51,244,879 s/min), 544225611 distinct states found (6,793,103 ds/min), 64037339 states left on queue.
Progress(37) at 2012-08-19 21:18:15: 4591832616 states generated (56,666,923 s/min), 550773864 distinct states found (6,548,253 ds/min), 64643547 states left on queue.
Progress(37) at 2012-08-19 21:19:15: 4653712709 states generated (61,880,093 s/min), 557099405 distinct states found (6,325,541 ds/min), 64405979 states left on queue.
Progress(37) at 2012-08-19 21:20:15: 4711831862 states generated (58,119,153 s/min), 562871378 distinct states found (5,771,973 ds/min), 63996315 states left on queue.
Progress(37) at 2012-08-19 21:21:15: 4767414857 states generated (55,582,995 s/min), 568351696 distinct states found (5,480,318 ds/min), 63443568 states left on queue.
Progress(37) at 2012-08-19 21:22:15: 4825537269 states generated (58,122,412 s/min), 574504626 distinct states found (6,152,930 ds/min), 63236257 states left on queue.
Progress(37) at 2012-08-19 21:23:15: 4883712447 states generated (58,175,178 s/min), 580409136 distinct states found (5,904,510 ds/min), 62815324 states left on queue.
Progress(37) at 2012-08-19 21:24:15: 4941793813 states generated (58,081,366 s/min), 585893749 distinct states found (5,484,613 ds/min), 62018160 states left on queue.
Progress(38) at 2012-08-19 21:25:15: 5003983003 states generated (62,189,190 s/min), 591603349 distinct states found (5,709,600 ds/min), 60379760 states left on queue.
Progress(38) at 2012-08-19 21:26:15: 5045269438 states generated (41,286,435 s/min), 597755140 distinct states found (6,151,791 ds/min), 62427760 states left on queue.
Progress(38) at 2012-08-19 21:27:15: 5098122476 states generated (52,853,038 s/min), 604466151 distinct states found (6,711,011 ds/min), 63636847 states left on queue.
Progress(38) at 2012-08-19 21:28:15: 5153267140 states generated (55,144,664 s/min), 610984658 distinct states found (6,518,507 ds/min), 64318470 states left on queue.
Progress(38) at 2012-08-19 21:29:15: 5213465650 states generated (60,198,510 s/min), 617169254 distinct states found (6,184,596 ds/min), 64156272 states left on queue.
Progress(38) at 2012-08-19 21:30:15: 5269991165 states generated (56,525,515 s/min), 622522362 distinct states found (5,353,108 ds/min), 63526044 states left on queue.
Progress(38) at 2012-08-19 21:31:15: 5320596406 states generated (50,605,241 s/min), 627604249 distinct states found (5,081,887 ds/min), 63067039 states left on queue.
Progress(38) at 2012-08-19 21:32:15: 5376303029 states generated (55,706,623 s/min), 632989326 distinct states found (5,385,077 ds/min), 62362224 states left on queue.
Progress(38) at 2012-08-19 21:33:15: 5428727543 states generated (52,424,514 s/min), 638382152 distinct states found (5,392,826 ds/min), 61986164 states left on queue.
Progress(38) at 2012-08-19 21:34:15: 5483271538 states generated (54,543,995 s/min), 643665893 distinct states found (5,283,741 ds/min), 61361412 states left on queue.
Progress(38) at 2012-08-19 21:35:15: 5537741968 states generated (54,470,430 s/min), 648287501 distinct states found (4,621,608 ds/min), 59890257 states left on queue.
Progress(39) at 2012-08-19 21:36:15: 5576775385 states generated (39,033,417 s/min), 653152653 distinct states found (4,865,152 ds/min), 60346992 states left on queue.
Progress(39) at 2012-08-19 21:37:15: 5622459201 states generated (45,683,816 s/min), 659254494 distinct states found (6,101,841 ds/min), 61543024 states left on queue.
Progress(39) at 2012-08-19 21:38:15: 5669611478 states generated (47,152,277 s/min), 665077117 distinct states found (5,822,623 ds/min), 62337648 states left on queue.
Progress(39) at 2012-08-19 21:39:15: 5715188330 states generated (45,576,852 s/min), 670268899 distinct states found (5,191,782 ds/min), 62796400 states left on queue.
Progress(39) at 2012-08-19 21:40:15: 5751514809 states generated (36,326,479 s/min), 674006311 distinct states found (3,737,412 ds/min), 62711301 states left on queue.
Progress(39) at 2012-08-19 21:41:15: 5784782066 states generated (33,267,257 s/min), 677420528 distinct states found (3,414,217 ds/min), 62559031 states left on queue.
Progress(39) at 2012-08-19 21:42:15: 5831426234 states generated (46,644,168 s/min), 681688284 distinct states found (4,267,756 ds/min), 61904194 states left on queue.
Progress(39) at 2012-08-19 21:43:15: 5875092234 states generated (43,666,000 s/min), 685911190 distinct states found (4,222,906 ds/min), 61264695 states left on queue.
Progress(39) at 2012-08-19 21:44:15: 5917810008 states generated (42,717,774 s/min), 689916625 distinct states found (4,005,435 ds/min), 60596740 states left on queue.
Progress(39) at 2012-08-19 21:45:15: 5956770856 states generated (38,960,848 s/min), 693625723 distinct states found (3,709,098 ds/min), 60039735 states left on queue.
Flushed disk DiskFPSet0 3. time, in 47 sec
Progress(39) at 2012-08-19 21:46:15: 5963415481 states generated (6,644,625 s/min), 694281878 distinct states found (656,155 ds/min), 59926620 states left on queue.
Flushed disk DiskFPSet1 3. time, in 49 sec
Progress(39) at 2012-08-19 21:47:15: 5975430432 states generated (12,014,951 s/min), 695476534 distinct states found (1,194,656 ds/min), 59775789 states left on queue.
Progress(39) at 2012-08-19 21:48:15: 6031948660 states generated (56,518,228 s/min), 701051081 distinct states found (5,574,547 ds/min), 59027030 states left on queue.
Progress(39) at 2012-08-19 21:49:15: 6098963455 states generated (67,014,795 s/min), 706800050 distinct states found (5,748,969 ds/min), 57175638 states left on queue.
Progress(40) at 2012-08-19 21:50:15: 6144516062 states generated (45,552,607 s/min), 713482360 distinct states found (6,682,310 ds/min), 58955951 states left on queue.
Progress(40) at 2012-08-19 21:51:15: 6197471730 states generated (52,955,668 s/min), 719616699 distinct states found (6,134,339 ds/min), 59449286 states left on queue.
Progress(40) at 2012-08-19 21:52:15: 6255716610 states generated (58,244,880 s/min), 726329361 distinct states found (6,712,662 ds/min), 59942267 states left on queue.
Progress(40) at 2012-08-19 21:53:15: 6315959773 states generated (60,243,163 s/min), 732661449 distinct states found (6,332,088 ds/min), 59786619 states left on queue.
Progress(40) at 2012-08-19 21:54:15: 6375606573 states generated (59,646,800 s/min), 738370606 distinct states found (5,709,157 ds/min), 59104037 states left on queue.
Progress(40) at 2012-08-19 21:55:15: 6434242901 states generated (58,636,328 s/min), 743681119 distinct states found (5,310,513 ds/min), 57940249 states left on queue.
Progress(40) at 2012-08-19 21:56:15: 6487622885 states generated (53,379,984 s/min), 748460978 distinct states found (4,779,859 ds/min), 56834329 states left on queue.
Progress(40) at 2012-08-19 21:57:15: 6546911116 states generated (59,288,231 s/min), 754284119 distinct states found (5,823,141 ds/min), 56031513 states left on queue.
Progress(40) at 2012-08-19 21:58:15: 6609058987 states generated (62,147,871 s/min), 759709550 distinct states found (5,425,431 ds/min), 54428066 states left on queue.
Progress(41) at 2012-08-19 21:59:15: 6659528363 states generated (50,469,376 s/min), 766343702 distinct states found (6,634,152 ds/min), 55458073 states left on queue.
Progress(41) at 2012-08-19 22:00:15: 6710796513 states generated (51,268,150 s/min), 772421725 distinct states found (6,078,023 ds/min), 56025161 states left on queue.
Progress(41) at 2012-08-19 22:01:15: 6763918158 states generated (53,121,645 s/min), 778290538 distinct states found (5,868,813 ds/min), 56264774 states left on queue.
Progress(41) at 2012-08-19 22:02:15: 6824314594 states generated (60,396,436 s/min), 784602131 distinct states found (6,311,593 ds/min), 56049737 states left on queue.
Progress(41) at 2012-08-19 22:03:15: 6888511413 states generated (64,196,819 s/min), 790743477 distinct states found (6,141,346 ds/min), 55255113 states left on queue.
Progress(41) at 2012-08-19 22:04:15: 6951108927 states generated (62,597,514 s/min), 796205617 distinct states found (5,462,140 ds/min), 53862473 states left on queue.
Progress(41) at 2012-08-19 22:05:16: 7011866303 states generated (60,757,376 s/min), 801728679 distinct states found (5,523,062 ds/min), 52528844 states left on queue.
Progress(41) at 2012-08-19 22:06:16: 7064435032 states generated (52,568,729 s/min), 806664598 distinct states found (4,935,919 ds/min), 51512122 states left on queue.
Progress(42) at 2012-08-19 22:07:16: 7121061276 states generated (56,626,244 s/min), 812430551 distinct states found (5,765,953 ds/min), 50662532 states left on queue.
Progress(42) at 2012-08-19 22:08:16: 7174526883 states generated (53,465,607 s/min), 819123610 distinct states found (6,693,059 ds/min), 51715318 states left on queue.
Progress(42) at 2012-08-19 22:09:16: 7232986160 states generated (58,459,277 s/min), 825233434 distinct states found (6,109,824 ds/min), 51668801 states left on queue.
Progress(42) at 2012-08-19 22:10:16: 7289345064 states generated (56,358,904 s/min), 831181268 distinct states found (5,947,834 ds/min), 51550752 states left on queue.
Progress(42) at 2012-08-19 22:11:16: 7341560557 states generated (52,215,493 s/min), 836378753 distinct states found (5,197,485 ds/min), 51073248 states left on queue.
Progress(42) at 2012-08-19 22:12:16: 7405565454 states generated (64,004,897 s/min), 842069859 distinct states found (5,691,106 ds/min), 49765978 states left on queue.
Progress(42) at 2012-08-19 22:13:16: 7467581373 states generated (62,015,919 s/min), 847414969 distinct states found (5,345,110 ds/min), 48121581 states left on queue.
Progress(42) at 2012-08-19 22:14:16: 7524476098 states generated (56,894,725 s/min), 852651528 distinct states found (5,236,559 ds/min), 46802185 states left on queue.
Progress(43) at 2012-08-19 22:15:16: 7574091966 states generated (49,615,868 s/min), 857832370 distinct states found (5,180,842 ds/min), 46155852 states left on queue.
Progress(43) at 2012-08-19 22:16:16: 7621262274 states generated (47,170,308 s/min), 863509796 distinct states found (5,677,426 ds/min), 46883151 states left on queue.
Progress(43) at 2012-08-19 22:17:16: 7674394749 states generated (53,132,475 s/min), 869181580 distinct states found (5,671,784 ds/min), 46863582 states left on queue.
Progress(43) at 2012-08-19 22:18:16: 7725925574 states generated (51,530,825 s/min), 874381602 distinct states found (5,200,022 ds/min), 46447659 states left on queue.
Progress(43) at 2012-08-19 22:19:16: 7777839813 states generated (51,914,239 s/min), 879388346 distinct states found (5,006,744 ds/min), 45830368 states left on queue.
Progress(43) at 2012-08-19 22:20:16: 7824280221 states generated (46,440,408 s/min), 883558713 distinct states found (4,170,367 ds/min), 44924561 states left on queue.
Progress(43) at 2012-08-19 22:21:16: 7869818145 states generated (45,537,924 s/min), 887398388 distinct states found (3,839,675 ds/min), 43669725 states left on queue.
Progress(43) at 2012-08-19 22:22:16: 7914907947 states generated (45,089,802 s/min), 891366291 distinct states found (3,967,903 ds/min), 42325310 states left on queue.
Progress(43) at 2012-08-19 22:23:16: 7957892954 states generated (42,985,007 s/min), 895243606 distinct states found (3,877,315 ds/min), 41120783 states left on queue.
Progress(44) at 2012-08-19 22:24:16: 7995664644 states generated (37,771,690 s/min), 899861894 distinct states found (4,618,288 ds/min), 41443642 states left on queue.
Progress(44) at 2012-08-19 22:25:16: 8038759746 states generated (43,095,102 s/min), 904763174 distinct states found (4,901,280 ds/min), 41716154 states left on queue.
Progress(44) at 2012-08-19 22:26:16: 8078525023 states generated (39,765,277 s/min), 908897220 distinct states found (4,134,046 ds/min), 41551964 states left on queue.
Progress(44) at 2012-08-19 22:27:16: 8122624664 states generated (44,099,641 s/min), 912991062 distinct states found (4,093,842 ds/min), 40893743 states left on queue.
Progress(44) at 2012-08-19 22:28:16: 8161267555 states generated (38,642,891 s/min), 916773257 distinct states found (3,782,195 ds/min), 40483740 states left on queue.
Flushed disk DiskFPSet0 4. time, in 55 sec
Progress(44) at 2012-08-19 22:29:16: 8162100096 states generated (832,541 s/min), 916845005 distinct states found (71,748 ds/min), 40478362 states left on queue.
Flushed disk DiskFPSet1 4. time, in 63 sec
Progress(44) at 2012-08-19 22:30:16: 8164171444 states generated (2,071,348 s/min), 917067662 distinct states found (222,657 ds/min), 40430852 states left on queue.
Progress(44) at 2012-08-19 22:31:16: 8219277693 states generated (55,106,249 s/min), 921942175 distinct states found (4,874,513 ds/min), 39247753 states left on queue.
Progress(44) at 2012-08-19 22:32:16: 8285248244 states generated (65,970,551 s/min), 927427690 distinct states found (5,485,515 ds/min), 37081504 states left on queue.
Progress(45) at 2012-08-19 22:33:16: 8340491963 states generated (55,243,719 s/min), 933031727 distinct states found (5,604,037 ds/min), 36048132 states left on queue.
Progress(45) at 2012-08-19 22:34:16: 8398645981 states generated (58,154,018 s/min), 939457614 distinct states found (6,425,887 ds/min), 36383792 states left on queue.
Progress(45) at 2012-08-19 22:35:16: 8457721582 states generated (59,075,601 s/min), 945196821 distinct states found (5,739,207 ds/min), 35715694 states left on queue.
Progress(45) at 2012-08-19 22:36:16: 8510524237 states generated (52,802,655 s/min), 950114299 distinct states found (4,917,478 ds/min), 34789951 states left on queue.
Progress(45) at 2012-08-19 22:37:16: 8575969607 states generated (65,445,370 s/min), 955769523 distinct states found (5,655,224 ds/min), 33110591 states left on queue.
Progress(45) at 2012-08-19 22:38:16: 8640200206 states generated (64,230,599 s/min), 961156228 distinct states found (5,386,705 ds/min), 30792255 states left on queue.
Progress(45) at 2012-08-19 22:39:16: 8693920942 states generated (53,720,736 s/min), 967477016 distinct states found (6,320,788 ds/min), 31200524 states left on queue.
Progress(46) at 2012-08-19 22:40:16: 8752436760 states generated (58,515,818 s/min), 973047871 distinct states found (5,570,855 ds/min), 30465793 states left on queue.
Progress(46) at 2012-08-19 22:41:16: 8809825284 states generated (57,388,524 s/min), 978188347 distinct states found (5,140,476 ds/min), 29253377 states left on queue.
Progress(46) at 2012-08-19 22:42:16: 8875176099 states generated (65,350,815 s/min), 983709033 distinct states found (5,520,686 ds/min), 27295489 states left on queue.
Progress(47) at 2012-08-19 22:43:16: 8932267816 states generated (57,091,717 s/min), 989476120 distinct states found (5,767,087 ds/min), 26164993 states left on queue.
Progress(47) at 2012-08-19 22:44:16: 8996301704 states generated (64,033,888 s/min), 995842220 distinct states found (6,366,100 ds/min), 25657089 states left on queue.
Progress(47) at 2012-08-19 22:45:16: 9056943959 states generated (60,642,255 s/min), 1001056691 distinct states found (5,214,471 ds/min), 24146839 states left on queue.
Progress(47) at 2012-08-19 22:46:16: 9116853347 states generated (59,909,388 s/min), 1006019786 distinct states found (4,963,095 ds/min), 22149449 states left on queue.
Progress(48) at 2012-08-19 22:47:16: 9179574645 states generated (62,721,298 s/min), 1012507613 distinct states found (6,487,827 ds/min), 21382318 states left on queue.
Progress(48) at 2012-08-19 22:48:16: 9246992927 states generated (67,418,282 s/min), 1018471228 distinct states found (5,963,615 ds/min), 19965102 states left on queue.
Progress(48) at 2012-08-19 22:49:16: 9316584111 states generated (69,591,184 s/min), 1024076577 distinct states found (5,605,349 ds/min), 17432362 states left on queue.
Progress(49) at 2012-08-19 22:50:16: 9376573255 states generated (59,989,144 s/min), 1030197706 distinct states found (6,121,129 ds/min), 16839754 states left on queue.
Progress(49) at 2012-08-19 22:51:16: 9439126843 states generated (62,553,588 s/min), 1035303130 distinct states found (5,105,424 ds/min), 14948373 states left on queue.
Progress(49) at 2012-08-19 22:52:16: 9503312137 states generated (64,185,294 s/min), 1041317119 distinct states found (6,013,989 ds/min), 13488130 states left on queue.
Progress(49) at 2012-08-19 22:53:16: 9576742174 states generated (73,430,037 s/min), 1047231357 distinct states found (5,914,238 ds/min), 11107192 states left on queue.
Progress(51) at 2012-08-19 22:54:16: 9643266829 states generated (66,524,655 s/min), 1053138516 distinct states found (5,907,159 ds/min), 9495279 states left on queue.
Progress(52) at 2012-08-19 22:55:16: 9709757952 states generated (66,491,123 s/min), 1058836251 distinct states found (5,697,735 ds/min), 7456405 states left on queue.
Progress(52) at 2012-08-19 22:56:16: 9779398269 states generated (69,640,317 s/min), 1064416713 distinct states found (5,580,462 ds/min), 5082242 states left on queue.
Progress(56) at 2012-08-19 22:57:16: 9863813482 states generated (84,415,213 s/min), 1070912961 distinct states found (6,496,248 ds/min), 1981189 states left on queue.
Error: TLC threw an unexpected exception.
This was probably caused by an error in the spec or model.
See the TLC Console for clues to what happened.
The exception was a java.lang.NullPointerExceptionjava.lang.NullPointerException
	at tlc2.tool.distributed.selector.BlockSelector.getBlocks(BlockSelector.java:59)
	at tlc2.tool.distributed.TLCServerThread.run(TLCServerThread.java:125)

Worker: rmi://ip-10-31-137-114.ec2.internal:54713 Sent: 64852187 Rcvd: 116980016 CacheRatio: 0.006 (2012-08-19 22:57:41)
Worker: rmi://ip-10-30-131-231.ec2.internal:39257 Sent: 67835396 Rcvd: 120086210 CacheRatio: 0.006 (2012-08-19 22:57:41)
Worker: rmi://ip-10-31-137-114.ec2.internal:54713 Sent: 68018952 Rcvd: 119492205 CacheRatio: 0.006 (2012-08-19 22:57:41)
Worker: rmi://ip-10-31-137-114.ec2.internal:54713 Sent: 63546220 Rcvd: 115778371 CacheRatio: 0.006 (2012-08-19 22:57:41)
Worker: rmi://ip-10-31-137-114.ec2.internal:54713 Sent: 67865512 Rcvd: 120142169 CacheRatio: 0.006 (2012-08-19 22:57:41)
Worker: rmi://ip-10-31-137-114.ec2.internal:54713 Sent: 68307550 Rcvd: 120150101 CacheRatio: 0.006 (2012-08-19 22:57:41)
Worker: rmi://ip-10-30-131-231.ec2.internal:39257 Sent: 67512931 Rcvd: 119709284 CacheRatio: 0.006 (2012-08-19 22:57:41)
Worker: rmi://ip-10-30-131-231.ec2.internal:39257 Sent: 68877593 Rcvd: 120640357 CacheRatio: 0.006 (2012-08-19 22:57:41)
Worker: rmi://ip-10-30-131-231.ec2.internal:39257 Sent: 64224422 Rcvd: 116878259 CacheRatio: 0.006 (2012-08-19 22:57:41)
Worker: rmi://ip-10-30-131-231.ec2.internal:39257 Sent: 68096751 Rcvd: 119857157 CacheRatio: 0.006 (2012-08-19 22:57:41)
Worker: rmi://ip-10-31-137-114.ec2.internal:54713 Sent: 65044093 Rcvd: 116983422 CacheRatio: 0.006 (2012-08-19 22:57:41)
Worker: rmi://ip-10-31-137-114.ec2.internal:54713 Sent: 67402023 Rcvd: 118867625 CacheRatio: 0.006 (2012-08-19 22:57:41)
Worker: rmi://ip-10-30-131-231.ec2.internal:39257 Sent: 68136214 Rcvd: 120226293 CacheRatio: 0.006 (2012-08-19 22:57:41)
Worker: rmi://ip-10-30-131-231.ec2.internal:39257 Sent: 68090920 Rcvd: 120831704 CacheRatio: 0.006 (2012-08-19 22:57:41)
Worker: rmi://ip-10-31-137-114.ec2.internal:54713 Sent: 67813541 Rcvd: 119443547 CacheRatio: 0.006 (2012-08-19 22:57:41)
Worker: rmi://ip-10-30-131-231.ec2.internal:39257 Sent: 68117519 Rcvd: 120204632 CacheRatio: 0.006 (2012-08-19 22:57:41)
Model checking completed. No error has been found.
  Estimates of the probability that TLC did not check all reachable states
  because two distinct states had the same fingerprint:
  calculated (optimistic):  val = 0.0
  based on the actual fingerprints:  val = 2.2E-9
9846363903 states generated, 1073741824 distinct states found, 0 states left on queue.
The depth of the complete state graph search is 64.
Finished. (2012-08-19 23:00:37)
Sun Aug 19 23:00:37 UTC 2012: Model checking appears to have failed, skipping statistics!
