Listening for transport dt_socket at address: 1044
TLC Server Version 2.05 of 18 May 2012
Parsing file /mnt/tlc/5111/spec/l10_n8.tla
Parsing file /mnt/tlc/5111/spec/GridPerformanceTest.tla
Parsing file /mnt/tlc/5111/tla/tla2sany/StandardModules/TLC.tla
Parsing file /mnt/tlc/5111/tla/tla2sany/StandardModules/Integers.tla
Parsing file /mnt/tlc/5111/tla/tla2sany/StandardModules/FiniteSets.tla
Parsing file /mnt/tlc/5111/tla/tla2sany/StandardModules/Naturals.tla
Parsing file /mnt/tlc/5111/tla/tla2sany/StandardModules/Sequences.tla
Semantic processing of module Naturals
Semantic processing of module Integers
Semantic processing of module Sequences
Semantic processing of module FiniteSets
Semantic processing of module GridPerformanceTest
Semantic processing of module TLC
Semantic processing of module l10_n8
Starting... (2012-09-08 07:51:23)
Computing initial states...
Finished computing initial states: 1 distinct state(s) generated.
TLC server at ip-10-32-49-103 is ready (2012-09-08 07:52:15)
Registration for worker at rmi://ip-10-32-49-81.eu-west-1.compute.internal:51030/7 completed (2012-09-08 07:52:16)
Registration for worker at rmi://ip-10-32-49-81.eu-west-1.compute.internal:51030/5 completed (2012-09-08 07:52:16)
Registration for worker at rmi://ip-10-32-49-81.eu-west-1.compute.internal:51030/2 completed (2012-09-08 07:52:16)
Registration for worker at rmi://ip-10-32-49-81.eu-west-1.compute.internal:51030/3 completed (2012-09-08 07:52:17)
Registration for worker at rmi://ip-10-32-49-81.eu-west-1.compute.internal:51030/6 completed (2012-09-08 07:52:17)
Registration for worker at rmi://ip-10-32-49-81.eu-west-1.compute.internal:51030/1 completed (2012-09-08 07:52:17)
Registration for worker at rmi://ip-10-32-49-81.eu-west-1.compute.internal:51030/4 completed (2012-09-08 07:52:17)
Registration for worker at rmi://ip-10-32-49-81.eu-west-1.compute.internal:51030/0 completed (2012-09-08 07:52:17)
Registration for worker at rmi://ip-10-32-50-7.eu-west-1.compute.internal:43760/0 completed (2012-09-08 07:52:37)
Registration for worker at rmi://ip-10-32-50-7.eu-west-1.compute.internal:43760/6 completed (2012-09-08 07:52:37)
Registration for worker at rmi://ip-10-32-50-7.eu-west-1.compute.internal:43760/3 completed (2012-09-08 07:52:37)
Registration for worker at rmi://ip-10-32-50-7.eu-west-1.compute.internal:43760/5 completed (2012-09-08 07:52:37)
Registration for worker at rmi://ip-10-32-50-7.eu-west-1.compute.internal:43760/4 completed (2012-09-08 07:52:37)
Registration for worker at rmi://ip-10-32-50-7.eu-west-1.compute.internal:43760/7 completed (2012-09-08 07:52:37)
Registration for worker at rmi://ip-10-32-50-7.eu-west-1.compute.internal:43760/2 completed (2012-09-08 07:52:37)
Registration for worker at rmi://ip-10-32-50-7.eu-west-1.compute.internal:43760/1 completed (2012-09-08 07:52:37)
Progress(18) at 2012-09-08 07:53:15: 844723 states generated (844,723 s/min), 686805 distinct states found (686,805 ds/min), 254095 states left on queue.
TLC worker connection lost rmi://ip-10-32-49-81.eu-west-1.compute.internal:51030/4 (2012-09-08 07:53:46)
TLC worker rmi://ip-10-32-49-81.eu-west-1.compute.internal:51030/4 disconnected (2012-09-08 07:53:46)
TLC worker connection lost rmi://ip-10-32-49-81.eu-west-1.compute.internal:51030/3 (2012-09-08 07:53:46)
TLC worker rmi://ip-10-32-49-81.eu-west-1.compute.internal:51030/3 disconnected (2012-09-08 07:53:46)
TLC worker connection lost rmi://ip-10-32-49-81.eu-west-1.compute.internal:51030/7 (2012-09-08 07:53:47)
TLC worker rmi://ip-10-32-49-81.eu-west-1.compute.internal:51030/7 disconnected (2012-09-08 07:53:47)
TLC worker connection lost rmi://ip-10-32-49-81.eu-west-1.compute.internal:51030/0 (2012-09-08 07:53:48)
TLC worker rmi://ip-10-32-49-81.eu-west-1.compute.internal:51030/0 disconnected (2012-09-08 07:53:48)
TLC worker connection lost rmi://ip-10-32-49-81.eu-west-1.compute.internal:51030/6 (2012-09-08 07:53:55)
TLC worker rmi://ip-10-32-49-81.eu-west-1.compute.internal:51030/6 disconnected (2012-09-08 07:53:55)
TLC worker connection lost rmi://ip-10-32-49-81.eu-west-1.compute.internal:51030/5 (2012-09-08 07:53:55)
TLC worker rmi://ip-10-32-49-81.eu-west-1.compute.internal:51030/5 disconnected (2012-09-08 07:53:55)
TLC worker connection lost rmi://ip-10-32-49-81.eu-west-1.compute.internal:51030/1 (2012-09-08 07:53:56)
TLC worker rmi://ip-10-32-49-81.eu-west-1.compute.internal:51030/1 disconnected (2012-09-08 07:53:56)
TLC worker connection lost rmi://ip-10-32-49-81.eu-west-1.compute.internal:51030/2 (2012-09-08 07:53:56)
TLC worker rmi://ip-10-32-49-81.eu-west-1.compute.internal:51030/2 disconnected (2012-09-08 07:53:56)
Progress(20) at 2012-09-08 07:54:15: 1693987 states generated (849,264 s/min), 1434706 distinct states found (747,901 ds/min), 444409 states left on queue.
TLC worker connection lost rmi://ip-10-32-50-7.eu-west-1.compute.internal:43760/4 (2012-09-08 07:54:48)
TLC worker connection lost rmi://ip-10-32-50-7.eu-west-1.compute.internal:43760/2 (2012-09-08 07:54:48)
TLC worker rmi://ip-10-32-50-7.eu-west-1.compute.internal:43760/4 disconnected (2012-09-08 07:54:48)
TLC worker rmi://ip-10-32-50-7.eu-west-1.compute.internal:43760/2 disconnected (2012-09-08 07:54:48)
TLC worker connection lost rmi://ip-10-32-50-7.eu-west-1.compute.internal:43760/6 (2012-09-08 07:54:49)
TLC worker rmi://ip-10-32-50-7.eu-west-1.compute.internal:43760/6 disconnected (2012-09-08 07:54:49)
TLC worker connection lost rmi://ip-10-32-50-7.eu-west-1.compute.internal:43760/3 (2012-09-08 07:54:49)
TLC worker rmi://ip-10-32-50-7.eu-west-1.compute.internal:43760/3 disconnected (2012-09-08 07:54:49)
TLC worker connection lost rmi://ip-10-32-50-7.eu-west-1.compute.internal:43760/1 (2012-09-08 07:54:52)
TLC worker rmi://ip-10-32-50-7.eu-west-1.compute.internal:43760/1 disconnected (2012-09-08 07:54:52)
TLC worker connection lost rmi://ip-10-32-50-7.eu-west-1.compute.internal:43760/5 (2012-09-08 07:54:52)
TLC worker rmi://ip-10-32-50-7.eu-west-1.compute.internal:43760/5 disconnected (2012-09-08 07:54:52)
TLC worker connection lost rmi://ip-10-32-50-7.eu-west-1.compute.internal:43760/7 (2012-09-08 07:54:55)
TLC worker rmi://ip-10-32-50-7.eu-west-1.compute.internal:43760/7 disconnected (2012-09-08 07:54:55)
TLC worker connection lost rmi://ip-10-32-50-7.eu-west-1.compute.internal:43760/0 (2012-09-08 07:54:57)
TLC worker rmi://ip-10-32-50-7.eu-west-1.compute.internal:43760/0 disconnected (2012-09-08 07:54:57)
Registration for worker at rmi://ip-10-32-49-81.eu-west-1.compute.internal:51030/1 completed (2012-09-08 07:55:04)
Registration for worker at rmi://ip-10-32-49-81.eu-west-1.compute.internal:51030/2 completed (2012-09-08 07:55:04)
Registration for worker at rmi://ip-10-32-49-81.eu-west-1.compute.internal:51030/7 completed (2012-09-08 07:55:04)
Registration for worker at rmi://ip-10-32-49-81.eu-west-1.compute.internal:51030/6 completed (2012-09-08 07:55:04)
Registration for worker at rmi://ip-10-32-49-81.eu-west-1.compute.internal:51030/3 completed (2012-09-08 07:55:04)
Registration for worker at rmi://ip-10-32-49-81.eu-west-1.compute.internal:51030/0 completed (2012-09-08 07:55:04)
Registration for worker at rmi://ip-10-32-49-81.eu-west-1.compute.internal:51030/5 completed (2012-09-08 07:55:04)
Registration for worker at rmi://ip-10-32-49-81.eu-west-1.compute.internal:51030/4 completed (2012-09-08 07:55:04)
Progress(20) at 2012-09-08 07:55:15: 2022326 states generated (328,339 s/min), 1718287 distinct states found (283,581 ds/min), 498319 states left on queue.
Progress(21) at 2012-09-08 07:56:15: 2494264 states generated (471,938 s/min), 2133825 distinct states found (415,538 ds/min), 585672 states left on queue.
TLC worker connection lost rmi://ip-10-32-49-81.eu-west-1.compute.internal:51030/7 (2012-09-08 07:56:32)
TLC worker rmi://ip-10-32-49-81.eu-west-1.compute.internal:51030/7 disconnected (2012-09-08 07:56:32)
TLC worker connection lost rmi://ip-10-32-49-81.eu-west-1.compute.internal:51030/3 (2012-09-08 07:56:32)
TLC worker rmi://ip-10-32-49-81.eu-west-1.compute.internal:51030/3 disconnected (2012-09-08 07:56:32)
TLC worker connection lost rmi://ip-10-32-49-81.eu-west-1.compute.internal:51030/2 (2012-09-08 07:56:32)
TLC worker rmi://ip-10-32-49-81.eu-west-1.compute.internal:51030/2 disconnected (2012-09-08 07:56:32)
TLC worker connection lost rmi://ip-10-32-49-81.eu-west-1.compute.internal:51030/5 (2012-09-08 07:56:33)
TLC worker rmi://ip-10-32-49-81.eu-west-1.compute.internal:51030/5 disconnected (2012-09-08 07:56:33)
TLC worker connection lost rmi://ip-10-32-49-81.eu-west-1.compute.internal:51030/6 (2012-09-08 07:56:33)
TLC worker rmi://ip-10-32-49-81.eu-west-1.compute.internal:51030/6 disconnected (2012-09-08 07:56:33)
TLC worker connection lost rmi://ip-10-32-49-81.eu-west-1.compute.internal:51030/4 (2012-09-08 07:56:33)
TLC worker rmi://ip-10-32-49-81.eu-west-1.compute.internal:51030/4 disconnected (2012-09-08 07:56:33)
TLC worker connection lost rmi://ip-10-32-49-81.eu-west-1.compute.internal:51030/0 (2012-09-08 07:56:33)
TLC worker rmi://ip-10-32-49-81.eu-west-1.compute.internal:51030/0 disconnected (2012-09-08 07:56:33)
TLC worker connection lost rmi://ip-10-32-49-81.eu-west-1.compute.internal:51030/1 (2012-09-08 07:56:33)
TLC worker rmi://ip-10-32-49-81.eu-west-1.compute.internal:51030/1 disconnected (2012-09-08 07:56:33)
Registration for worker at rmi://ip-10-32-50-7.eu-west-1.compute.internal:43760/2 completed (2012-09-08 07:56:40)
Registration for worker at rmi://ip-10-32-50-7.eu-west-1.compute.internal:43760/7 completed (2012-09-08 07:56:40)
Registration for worker at rmi://ip-10-32-50-7.eu-west-1.compute.internal:43760/4 completed (2012-09-08 07:56:40)
Registration for worker at rmi://ip-10-32-50-7.eu-west-1.compute.internal:43760/0 completed (2012-09-08 07:56:40)
Registration for worker at rmi://ip-10-32-50-7.eu-west-1.compute.internal:43760/6 completed (2012-09-08 07:56:40)
Registration for worker at rmi://ip-10-32-50-7.eu-west-1.compute.internal:43760/1 completed (2012-09-08 07:56:40)
Registration for worker at rmi://ip-10-32-50-7.eu-west-1.compute.internal:43760/3 completed (2012-09-08 07:56:40)
Registration for worker at rmi://ip-10-32-50-7.eu-west-1.compute.internal:43760/5 completed (2012-09-08 07:56:40)
Registration for worker at rmi://ip-10-32-49-81.eu-west-1.compute.internal:51030/6 completed (2012-09-08 07:57:02)
Registration for worker at rmi://ip-10-32-49-81.eu-west-1.compute.internal:51030/3 completed (2012-09-08 07:57:02)
Registration for worker at rmi://ip-10-32-49-81.eu-west-1.compute.internal:51030/4 completed (2012-09-08 07:57:02)
Registration for worker at rmi://ip-10-32-49-81.eu-west-1.compute.internal:51030/7 completed (2012-09-08 07:57:02)
Registration for worker at rmi://ip-10-32-49-81.eu-west-1.compute.internal:51030/5 completed (2012-09-08 07:57:02)
Registration for worker at rmi://ip-10-32-49-81.eu-west-1.compute.internal:51030/1 completed (2012-09-08 07:57:02)
Registration for worker at rmi://ip-10-32-49-81.eu-west-1.compute.internal:51030/2 completed (2012-09-08 07:57:02)
Registration for worker at rmi://ip-10-32-49-81.eu-west-1.compute.internal:51030/0 completed (2012-09-08 07:57:02)
Progress(23) at 2012-09-08 07:57:15: 2979395 states generated (485,131 s/min), 2566441 distinct states found (432,616 ds/min), 689795 states left on queue.
Progress(23) at 2012-09-08 07:58:15: 3916836 states generated (937,441 s/min), 3384384 distinct states found (817,943 ds/min), 817573 states left on queue.
TLC worker connection lost rmi://ip-10-32-49-81.eu-west-1.compute.internal:51030/3 (2012-09-08 07:58:36)
TLC worker rmi://ip-10-32-49-81.eu-west-1.compute.internal:51030/3 disconnected (2012-09-08 07:58:36)
TLC worker connection lost rmi://ip-10-32-49-81.eu-west-1.compute.internal:51030/0 (2012-09-08 07:58:37)
TLC worker connection lost rmi://ip-10-32-49-81.eu-west-1.compute.internal:51030/6 (2012-09-08 07:58:37)
TLC worker rmi://ip-10-32-49-81.eu-west-1.compute.internal:51030/0 disconnected (2012-09-08 07:58:37)
TLC worker rmi://ip-10-32-49-81.eu-west-1.compute.internal:51030/6 disconnected (2012-09-08 07:58:37)
TLC worker connection lost rmi://ip-10-32-49-81.eu-west-1.compute.internal:51030/4 (2012-09-08 07:58:37)
TLC worker rmi://ip-10-32-49-81.eu-west-1.compute.internal:51030/4 disconnected (2012-09-08 07:58:37)
TLC worker connection lost rmi://ip-10-32-49-81.eu-west-1.compute.internal:51030/2 (2012-09-08 07:58:37)
TLC worker rmi://ip-10-32-49-81.eu-west-1.compute.internal:51030/2 disconnected (2012-09-08 07:58:37)
TLC worker connection lost rmi://ip-10-32-49-81.eu-west-1.compute.internal:51030/5 (2012-09-08 07:58:37)
TLC worker rmi://ip-10-32-49-81.eu-west-1.compute.internal:51030/5 disconnected (2012-09-08 07:58:37)
TLC worker connection lost rmi://ip-10-32-49-81.eu-west-1.compute.internal:51030/1 (2012-09-08 07:58:37)
TLC worker rmi://ip-10-32-49-81.eu-west-1.compute.internal:51030/1 disconnected (2012-09-08 07:58:37)
TLC worker connection lost rmi://ip-10-32-49-81.eu-west-1.compute.internal:51030/7 (2012-09-08 07:58:37)
TLC worker rmi://ip-10-32-49-81.eu-west-1.compute.internal:51030/7 disconnected (2012-09-08 07:58:37)
Registration for worker at rmi://ip-10-32-49-81.eu-west-1.compute.internal:51030/0 completed (2012-09-08 07:58:56)
Registration for worker at rmi://ip-10-32-49-81.eu-west-1.compute.internal:51030/1 completed (2012-09-08 07:58:56)
Registration for worker at rmi://ip-10-32-49-81.eu-west-1.compute.internal:51030/4 completed (2012-09-08 07:58:56)
Registration for worker at rmi://ip-10-32-49-81.eu-west-1.compute.internal:51030/7 completed (2012-09-08 07:58:56)
Registration for worker at rmi://ip-10-32-49-81.eu-west-1.compute.internal:51030/5 completed (2012-09-08 07:58:56)
Registration for worker at rmi://ip-10-32-49-81.eu-west-1.compute.internal:51030/3 completed (2012-09-08 07:58:56)
Registration for worker at rmi://ip-10-32-49-81.eu-west-1.compute.internal:51030/2 completed (2012-09-08 07:58:56)
Registration for worker at rmi://ip-10-32-49-81.eu-west-1.compute.internal:51030/6 completed (2012-09-08 07:58:56)
TLC worker connection lost rmi://ip-10-32-50-7.eu-west-1.compute.internal:43760/4 (2012-09-08 07:59:14)
TLC worker rmi://ip-10-32-50-7.eu-west-1.compute.internal:43760/4 disconnected (2012-09-08 07:59:14)
TLC worker connection lost rmi://ip-10-32-50-7.eu-west-1.compute.internal:43760/0 (2012-09-08 07:59:14)
TLC worker rmi://ip-10-32-50-7.eu-west-1.compute.internal:43760/0 disconnected (2012-09-08 07:59:14)
TLC worker connection lost rmi://ip-10-32-50-7.eu-west-1.compute.internal:43760/2 (2012-09-08 07:59:14)
TLC worker rmi://ip-10-32-50-7.eu-west-1.compute.internal:43760/2 disconnected (2012-09-08 07:59:14)
TLC worker connection lost rmi://ip-10-32-50-7.eu-west-1.compute.internal:43760/7 (2012-09-08 07:59:14)
TLC worker rmi://ip-10-32-50-7.eu-west-1.compute.internal:43760/7 disconnected (2012-09-08 07:59:14)
TLC worker connection lost rmi://ip-10-32-50-7.eu-west-1.compute.internal:43760/6 (2012-09-08 07:59:14)
TLC worker rmi://ip-10-32-50-7.eu-west-1.compute.internal:43760/6 disconnected (2012-09-08 07:59:14)
TLC worker connection lost rmi://ip-10-32-50-7.eu-west-1.compute.internal:43760/1 (2012-09-08 07:59:14)
TLC worker rmi://ip-10-32-50-7.eu-west-1.compute.internal:43760/1 disconnected (2012-09-08 07:59:14)
TLC worker connection lost rmi://ip-10-32-50-7.eu-west-1.compute.internal:43760/3 (2012-09-08 07:59:15)
TLC worker rmi://ip-10-32-50-7.eu-west-1.compute.internal:43760/3 disconnected (2012-09-08 07:59:15)
TLC worker connection lost rmi://ip-10-32-50-7.eu-west-1.compute.internal:43760/5 (2012-09-08 07:59:15)
TLC worker rmi://ip-10-32-50-7.eu-west-1.compute.internal:43760/5 disconnected (2012-09-08 07:59:15)
Progress(23) at 2012-09-08 07:59:15: 4693754 states generated (776,918 s/min), 4054538 distinct states found (670,154 ds/min), 929227 states left on queue.
TLC worker connection lost rmi://ip-10-32-49-81.eu-west-1.compute.internal:51030/4 (2012-09-08 07:59:44)
TLC worker rmi://ip-10-32-49-81.eu-west-1.compute.internal:51030/4 disconnected (2012-09-08 07:59:44)
TLC worker connection lost rmi://ip-10-32-49-81.eu-west-1.compute.internal:51030/3 (2012-09-08 07:59:44)
TLC worker rmi://ip-10-32-49-81.eu-west-1.compute.internal:51030/3 disconnected (2012-09-08 07:59:44)
TLC worker connection lost rmi://ip-10-32-49-81.eu-west-1.compute.internal:51030/7 (2012-09-08 07:59:44)
TLC worker rmi://ip-10-32-49-81.eu-west-1.compute.internal:51030/7 disconnected (2012-09-08 07:59:44)
TLC worker connection lost rmi://ip-10-32-49-81.eu-west-1.compute.internal:51030/0 (2012-09-08 07:59:44)
TLC worker rmi://ip-10-32-49-81.eu-west-1.compute.internal:51030/0 disconnected (2012-09-08 07:59:44)
TLC worker connection lost rmi://ip-10-32-49-81.eu-west-1.compute.internal:51030/1 (2012-09-08 07:59:44)
TLC worker rmi://ip-10-32-49-81.eu-west-1.compute.internal:51030/1 disconnected (2012-09-08 07:59:44)
TLC worker connection lost rmi://ip-10-32-49-81.eu-west-1.compute.internal:51030/2 (2012-09-08 07:59:44)
TLC worker rmi://ip-10-32-49-81.eu-west-1.compute.internal:51030/2 disconnected (2012-09-08 07:59:44)
TLC worker connection lost rmi://ip-10-32-49-81.eu-west-1.compute.internal:51030/5 (2012-09-08 07:59:44)
TLC worker rmi://ip-10-32-49-81.eu-west-1.compute.internal:51030/5 disconnected (2012-09-08 07:59:44)
TLC worker connection lost rmi://ip-10-32-49-81.eu-west-1.compute.internal:51030/6 (2012-09-08 07:59:44)
TLC worker rmi://ip-10-32-49-81.eu-west-1.compute.internal:51030/6 disconnected (2012-09-08 07:59:44)
Progress(25) at 2012-09-08 08:00:15: 4938998 states generated (245,244 s/min), 4269804 distinct states found (215,266 ds/min), 947282 states left on queue.
Progress(25) at 2012-09-08 08:01:15: 4938998 states generated (0 s/min), 4269804 distinct states found (0 ds/min), 947282 states left on queue.
Registration for worker at rmi://ip-10-32-50-7.eu-west-1.compute.internal:43760/0 completed (2012-09-08 08:01:37)
Registration for worker at rmi://ip-10-32-50-7.eu-west-1.compute.internal:43760/7 completed (2012-09-08 08:01:37)
Registration for worker at rmi://ip-10-32-50-7.eu-west-1.compute.internal:43760/3 completed (2012-09-08 08:01:37)
Registration for worker at rmi://ip-10-32-50-7.eu-west-1.compute.internal:43760/6 completed (2012-09-08 08:01:37)
Registration for worker at rmi://ip-10-32-50-7.eu-west-1.compute.internal:43760/1 completed (2012-09-08 08:01:37)
Registration for worker at rmi://ip-10-32-50-7.eu-west-1.compute.internal:43760/2 completed (2012-09-08 08:01:37)
Registration for worker at rmi://ip-10-32-50-7.eu-west-1.compute.internal:43760/4 completed (2012-09-08 08:01:37)
Registration for worker at rmi://ip-10-32-50-7.eu-west-1.compute.internal:43760/5 completed (2012-09-08 08:01:37)
TLC worker rmi://ip-10-32-50-7.eu-west-1.compute.internal:43760/0 disconnected (2012-09-08 08:01:47)
TLC worker rmi://ip-10-32-50-7.eu-west-1.compute.internal:43760/3 disconnected (2012-09-08 08:01:47)
TLC worker rmi://ip-10-32-50-7.eu-west-1.compute.internal:43760/7 disconnected (2012-09-08 08:01:47)
TLC worker rmi://ip-10-32-50-7.eu-west-1.compute.internal:43760/2 disconnected (2012-09-08 08:01:47)
TLC worker rmi://ip-10-32-50-7.eu-west-1.compute.internal:43760/1 disconnected (2012-09-08 08:01:47)
TLC worker rmi://ip-10-32-50-7.eu-west-1.compute.internal:43760/6 disconnected (2012-09-08 08:01:47)
TLC worker rmi://ip-10-32-50-7.eu-west-1.compute.internal:43760/4 disconnected (2012-09-08 08:01:47)
TLC worker rmi://ip-10-32-50-7.eu-west-1.compute.internal:43760/5 disconnected (2012-09-08 08:01:47)
TLC worker connection lost rmi://ip-10-32-50-7.eu-west-1.compute.internal:43760/3 (2012-09-08 08:01:48)
TLC worker connection lost rmi://ip-10-32-50-7.eu-west-1.compute.internal:43760/4 (2012-09-08 08:01:49)
TLC worker connection lost rmi://ip-10-32-50-7.eu-west-1.compute.internal:43760/0 (2012-09-08 08:01:49)
TLC worker connection lost rmi://ip-10-32-50-7.eu-west-1.compute.internal:43760/1 (2012-09-08 08:01:49)
TLC worker connection lost rmi://ip-10-32-50-7.eu-west-1.compute.internal:43760/6 (2012-09-08 08:01:49)
TLC worker connection lost rmi://ip-10-32-50-7.eu-west-1.compute.internal:43760/2 (2012-09-08 08:01:49)
TLC worker connection lost rmi://ip-10-32-50-7.eu-west-1.compute.internal:43760/5 (2012-09-08 08:01:49)
TLC worker connection lost rmi://ip-10-32-50-7.eu-west-1.compute.internal:43760/7 (2012-09-08 08:01:49)
Registration for worker at rmi://ip-10-32-49-81.eu-west-1.compute.internal:51030/0 completed (2012-09-08 08:02:04)
Registration for worker at rmi://ip-10-32-49-81.eu-west-1.compute.internal:51030/6 completed (2012-09-08 08:02:04)
Registration for worker at rmi://ip-10-32-49-81.eu-west-1.compute.internal:51030/1 completed (2012-09-08 08:02:04)
Registration for worker at rmi://ip-10-32-49-81.eu-west-1.compute.internal:51030/2 completed (2012-09-08 08:02:04)
Registration for worker at rmi://ip-10-32-49-81.eu-west-1.compute.internal:51030/5 completed (2012-09-08 08:02:04)
Registration for worker at rmi://ip-10-32-49-81.eu-west-1.compute.internal:51030/7 completed (2012-09-08 08:02:04)
Registration for worker at rmi://ip-10-32-49-81.eu-west-1.compute.internal:51030/4 completed (2012-09-08 08:02:04)
Registration for worker at rmi://ip-10-32-49-81.eu-west-1.compute.internal:51030/3 completed (2012-09-08 08:02:04)
Progress(25) at 2012-09-08 08:02:15: 5009276 states generated (70,278 s/min), 4329171 distinct states found (59,367 ds/min), 1006375 states left on queue.
Progress(25) at 2012-09-08 08:03:15: 5444132 states generated (434,856 s/min), 4704530 distinct states found (375,359 ds/min), 1052590 states left on queue.
TLC worker connection lost rmi://ip-10-32-49-81.eu-west-1.compute.internal:51030/0 (2012-09-08 08:03:39)
TLC worker rmi://ip-10-32-49-81.eu-west-1.compute.internal:51030/0 disconnected (2012-09-08 08:03:39)
TLC worker connection lost rmi://ip-10-32-49-81.eu-west-1.compute.internal:51030/1 (2012-09-08 08:03:39)
TLC worker rmi://ip-10-32-49-81.eu-west-1.compute.internal:51030/1 disconnected (2012-09-08 08:03:39)
TLC worker connection lost rmi://ip-10-32-49-81.eu-west-1.compute.internal:51030/4 (2012-09-08 08:03:39)
TLC worker rmi://ip-10-32-49-81.eu-west-1.compute.internal:51030/4 disconnected (2012-09-08 08:03:39)
TLC worker connection lost rmi://ip-10-32-49-81.eu-west-1.compute.internal:51030/3 (2012-09-08 08:03:39)
TLC worker rmi://ip-10-32-49-81.eu-west-1.compute.internal:51030/3 disconnected (2012-09-08 08:03:39)
TLC worker connection lost rmi://ip-10-32-49-81.eu-west-1.compute.internal:51030/2 (2012-09-08 08:03:39)
TLC worker rmi://ip-10-32-49-81.eu-west-1.compute.internal:51030/2 disconnected (2012-09-08 08:03:39)
TLC worker connection lost rmi://ip-10-32-49-81.eu-west-1.compute.internal:51030/7 (2012-09-08 08:03:39)
TLC worker rmi://ip-10-32-49-81.eu-west-1.compute.internal:51030/7 disconnected (2012-09-08 08:03:39)
TLC worker connection lost rmi://ip-10-32-49-81.eu-west-1.compute.internal:51030/5 (2012-09-08 08:03:40)
TLC worker rmi://ip-10-32-49-81.eu-west-1.compute.internal:51030/5 disconnected (2012-09-08 08:03:40)
TLC worker connection lost rmi://ip-10-32-49-81.eu-west-1.compute.internal:51030/6 (2012-09-08 08:03:40)
TLC worker rmi://ip-10-32-49-81.eu-west-1.compute.internal:51030/6 disconnected (2012-09-08 08:03:40)
Registration for worker at rmi://ip-10-32-50-7.eu-west-1.compute.internal:43760/6 completed (2012-09-08 08:03:51)
Registration for worker at rmi://ip-10-32-50-7.eu-west-1.compute.internal:43760/1 completed (2012-09-08 08:03:51)
Registration for worker at rmi://ip-10-32-50-7.eu-west-1.compute.internal:43760/3 completed (2012-09-08 08:03:51)
Registration for worker at rmi://ip-10-32-50-7.eu-west-1.compute.internal:43760/4 completed (2012-09-08 08:03:51)
Registration for worker at rmi://ip-10-32-50-7.eu-west-1.compute.internal:43760/5 completed (2012-09-08 08:03:51)
Registration for worker at rmi://ip-10-32-50-7.eu-west-1.compute.internal:43760/7 completed (2012-09-08 08:03:51)
Registration for worker at rmi://ip-10-32-50-7.eu-west-1.compute.internal:43760/2 completed (2012-09-08 08:03:51)
Registration for worker at rmi://ip-10-32-50-7.eu-west-1.compute.internal:43760/0 completed (2012-09-08 08:03:51)
Progress(25) at 2012-09-08 08:04:15: 5900915 states generated (456,783 s/min), 5103155 distinct states found (398,625 ds/min), 1122179 states left on queue.
Progress(25) at 2012-09-08 08:05:15: 6155919 states generated (255,004 s/min), 5320715 distinct states found (217,560 ds/min), 1076498 states left on queue.
TLC worker connection lost rmi://ip-10-32-50-7.eu-west-1.compute.internal:43760/1 (2012-09-08 08:05:16)
TLC worker rmi://ip-10-32-50-7.eu-west-1.compute.internal:43760/1 disconnected (2012-09-08 08:05:16)
TLC worker connection lost rmi://ip-10-32-50-7.eu-west-1.compute.internal:43760/3 (2012-09-08 08:05:16)
TLC worker connection lost rmi://ip-10-32-50-7.eu-west-1.compute.internal:43760/6 (2012-09-08 08:05:16)
TLC worker rmi://ip-10-32-50-7.eu-west-1.compute.internal:43760/3 disconnected (2012-09-08 08:05:16)
TLC worker rmi://ip-10-32-50-7.eu-west-1.compute.internal:43760/6 disconnected (2012-09-08 08:05:16)
TLC worker connection lost rmi://ip-10-32-50-7.eu-west-1.compute.internal:43760/5 (2012-09-08 08:05:16)
TLC worker rmi://ip-10-32-50-7.eu-west-1.compute.internal:43760/5 disconnected (2012-09-08 08:05:16)
TLC worker connection lost rmi://ip-10-32-50-7.eu-west-1.compute.internal:43760/0 (2012-09-08 08:05:16)
TLC worker rmi://ip-10-32-50-7.eu-west-1.compute.internal:43760/0 disconnected (2012-09-08 08:05:16)
TLC worker connection lost rmi://ip-10-32-50-7.eu-west-1.compute.internal:43760/4 (2012-09-08 08:05:17)
TLC worker rmi://ip-10-32-50-7.eu-west-1.compute.internal:43760/4 disconnected (2012-09-08 08:05:17)
TLC worker connection lost rmi://ip-10-32-50-7.eu-west-1.compute.internal:43760/2 (2012-09-08 08:05:17)
TLC worker rmi://ip-10-32-50-7.eu-west-1.compute.internal:43760/2 disconnected (2012-09-08 08:05:17)
TLC worker connection lost rmi://ip-10-32-50-7.eu-west-1.compute.internal:43760/7 (2012-09-08 08:05:17)
TLC worker rmi://ip-10-32-50-7.eu-west-1.compute.internal:43760/7 disconnected (2012-09-08 08:05:17)
Registration for worker at rmi://ip-10-32-50-7.eu-west-1.compute.internal:43760/2 completed (2012-09-08 08:06:07)
Registration for worker at rmi://ip-10-32-50-7.eu-west-1.compute.internal:43760/3 completed (2012-09-08 08:06:07)
Registration for worker at rmi://ip-10-32-50-7.eu-west-1.compute.internal:43760/4 completed (2012-09-08 08:06:07)
Registration for worker at rmi://ip-10-32-50-7.eu-west-1.compute.internal:43760/7 completed (2012-09-08 08:06:07)
Registration for worker at rmi://ip-10-32-50-7.eu-west-1.compute.internal:43760/0 completed (2012-09-08 08:06:07)
Registration for worker at rmi://ip-10-32-50-7.eu-west-1.compute.internal:43760/6 completed (2012-09-08 08:06:07)
Registration for worker at rmi://ip-10-32-50-7.eu-west-1.compute.internal:43760/1 completed (2012-09-08 08:06:07)
Registration for worker at rmi://ip-10-32-50-7.eu-west-1.compute.internal:43760/5 completed (2012-09-08 08:06:07)
Registration for worker at rmi://ip-10-32-49-81.eu-west-1.compute.internal:51030/5 completed (2012-09-08 08:06:11)
Registration for worker at rmi://ip-10-32-49-81.eu-west-1.compute.internal:51030/1 completed (2012-09-08 08:06:11)
Registration for worker at rmi://ip-10-32-49-81.eu-west-1.compute.internal:51030/0 completed (2012-09-08 08:06:11)
Registration for worker at rmi://ip-10-32-49-81.eu-west-1.compute.internal:51030/3 completed (2012-09-08 08:06:11)
Registration for worker at rmi://ip-10-32-49-81.eu-west-1.compute.internal:51030/7 completed (2012-09-08 08:06:11)
Registration for worker at rmi://ip-10-32-49-81.eu-west-1.compute.internal:51030/2 completed (2012-09-08 08:06:11)
Registration for worker at rmi://ip-10-32-49-81.eu-west-1.compute.internal:51030/6 completed (2012-09-08 08:06:11)
Registration for worker at rmi://ip-10-32-49-81.eu-west-1.compute.internal:51030/4 completed (2012-09-08 08:06:11)
Progress(25) at 2012-09-08 08:06:15: 6200469 states generated (44,550 s/min), 5354587 distinct states found (33,872 ds/min), 1044834 states left on queue.
TLC worker connection lost rmi://ip-10-32-50-7.eu-west-1.compute.internal:43760/2 (2012-09-08 08:06:42)
TLC worker rmi://ip-10-32-50-7.eu-west-1.compute.internal:43760/2 disconnected (2012-09-08 08:06:42)
TLC worker connection lost rmi://ip-10-32-50-7.eu-west-1.compute.internal:43760/0 (2012-09-08 08:06:42)
TLC worker rmi://ip-10-32-50-7.eu-west-1.compute.internal:43760/0 disconnected (2012-09-08 08:06:42)
TLC worker connection lost rmi://ip-10-32-50-7.eu-west-1.compute.internal:43760/4 (2012-09-08 08:06:42)
TLC worker rmi://ip-10-32-50-7.eu-west-1.compute.internal:43760/4 disconnected (2012-09-08 08:06:42)
TLC worker connection lost rmi://ip-10-32-50-7.eu-west-1.compute.internal:43760/6 (2012-09-08 08:06:42)
TLC worker rmi://ip-10-32-50-7.eu-west-1.compute.internal:43760/6 disconnected (2012-09-08 08:06:42)
TLC worker connection lost rmi://ip-10-32-50-7.eu-west-1.compute.internal:43760/7 (2012-09-08 08:06:43)
TLC worker rmi://ip-10-32-50-7.eu-west-1.compute.internal:43760/7 disconnected (2012-09-08 08:06:43)
TLC worker connection lost rmi://ip-10-32-50-7.eu-west-1.compute.internal:43760/5 (2012-09-08 08:06:43)
TLC worker rmi://ip-10-32-50-7.eu-west-1.compute.internal:43760/5 disconnected (2012-09-08 08:06:43)
TLC worker connection lost rmi://ip-10-32-50-7.eu-west-1.compute.internal:43760/3 (2012-09-08 08:06:43)
TLC worker rmi://ip-10-32-50-7.eu-west-1.compute.internal:43760/3 disconnected (2012-09-08 08:06:43)
TLC worker connection lost rmi://ip-10-32-50-7.eu-west-1.compute.internal:43760/1 (2012-09-08 08:06:43)
TLC worker rmi://ip-10-32-50-7.eu-west-1.compute.internal:43760/1 disconnected (2012-09-08 08:06:43)
Progress(30) at 2012-09-08 08:07:15: 6910417 states generated (709,948 s/min), 5970738 distinct states found (616,151 ds/min), 1134606 states left on queue.
Registration for worker at rmi://ip-10-32-50-7.eu-west-1.compute.internal:43760/4 completed (2012-09-08 08:07:16)
Registration for worker at rmi://ip-10-32-50-7.eu-west-1.compute.internal:43760/3 completed (2012-09-08 08:07:16)
Registration for worker at rmi://ip-10-32-50-7.eu-west-1.compute.internal:43760/2 completed (2012-09-08 08:07:16)
Registration for worker at rmi://ip-10-32-50-7.eu-west-1.compute.internal:43760/5 completed (2012-09-08 08:07:16)
Registration for worker at rmi://ip-10-32-50-7.eu-west-1.compute.internal:43760/0 completed (2012-09-08 08:07:16)
Registration for worker at rmi://ip-10-32-50-7.eu-west-1.compute.internal:43760/6 completed (2012-09-08 08:07:16)
Registration for worker at rmi://ip-10-32-50-7.eu-west-1.compute.internal:43760/7 completed (2012-09-08 08:07:16)
Registration for worker at rmi://ip-10-32-50-7.eu-west-1.compute.internal:43760/1 completed (2012-09-08 08:07:16)
TLC worker connection lost rmi://ip-10-32-49-81.eu-west-1.compute.internal:51030/1 (2012-09-08 08:07:58)
TLC worker rmi://ip-10-32-49-81.eu-west-1.compute.internal:51030/1 disconnected (2012-09-08 08:07:58)
TLC worker connection lost rmi://ip-10-32-49-81.eu-west-1.compute.internal:51030/7 (2012-09-08 08:07:58)
TLC worker rmi://ip-10-32-49-81.eu-west-1.compute.internal:51030/7 disconnected (2012-09-08 08:07:58)
TLC worker connection lost rmi://ip-10-32-49-81.eu-west-1.compute.internal:51030/5 (2012-09-08 08:07:58)
TLC worker rmi://ip-10-32-49-81.eu-west-1.compute.internal:51030/5 disconnected (2012-09-08 08:07:58)
TLC worker connection lost rmi://ip-10-32-49-81.eu-west-1.compute.internal:51030/0 (2012-09-08 08:07:59)
TLC worker rmi://ip-10-32-49-81.eu-west-1.compute.internal:51030/0 disconnected (2012-09-08 08:07:59)
TLC worker connection lost rmi://ip-10-32-49-81.eu-west-1.compute.internal:51030/4 (2012-09-08 08:07:59)
TLC worker rmi://ip-10-32-49-81.eu-west-1.compute.internal:51030/4 disconnected (2012-09-08 08:07:59)
TLC worker connection lost rmi://ip-10-32-49-81.eu-west-1.compute.internal:51030/6 (2012-09-08 08:07:59)
TLC worker rmi://ip-10-32-49-81.eu-west-1.compute.internal:51030/6 disconnected (2012-09-08 08:07:59)
TLC worker connection lost rmi://ip-10-32-49-81.eu-west-1.compute.internal:51030/3 (2012-09-08 08:07:59)
TLC worker rmi://ip-10-32-49-81.eu-west-1.compute.internal:51030/3 disconnected (2012-09-08 08:07:59)
TLC worker connection lost rmi://ip-10-32-49-81.eu-west-1.compute.internal:51030/2 (2012-09-08 08:07:59)
TLC worker rmi://ip-10-32-49-81.eu-west-1.compute.internal:51030/2 disconnected (2012-09-08 08:07:59)
Progress(30) at 2012-09-08 08:08:15: 7515095 states generated (604,678 s/min), 6490567 distinct states found (519,829 ds/min), 1128267 states left on queue.
TLC worker connection lost rmi://ip-10-32-50-7.eu-west-1.compute.internal:43760/3 (2012-09-08 08:08:39)
TLC worker rmi://ip-10-32-50-7.eu-west-1.compute.internal:43760/3 disconnected (2012-09-08 08:08:39)
TLC worker connection lost rmi://ip-10-32-50-7.eu-west-1.compute.internal:43760/5 (2012-09-08 08:08:39)
TLC worker rmi://ip-10-32-50-7.eu-west-1.compute.internal:43760/5 disconnected (2012-09-08 08:08:39)
TLC worker connection lost rmi://ip-10-32-50-7.eu-west-1.compute.internal:43760/1 (2012-09-08 08:08:39)
TLC worker rmi://ip-10-32-50-7.eu-west-1.compute.internal:43760/1 disconnected (2012-09-08 08:08:39)
TLC worker connection lost rmi://ip-10-32-50-7.eu-west-1.compute.internal:43760/0 (2012-09-08 08:08:39)
TLC worker rmi://ip-10-32-50-7.eu-west-1.compute.internal:43760/0 disconnected (2012-09-08 08:08:39)
TLC worker connection lost rmi://ip-10-32-50-7.eu-west-1.compute.internal:43760/2 (2012-09-08 08:08:39)
TLC worker rmi://ip-10-32-50-7.eu-west-1.compute.internal:43760/2 disconnected (2012-09-08 08:08:39)
TLC worker connection lost rmi://ip-10-32-50-7.eu-west-1.compute.internal:43760/7 (2012-09-08 08:08:39)
TLC worker rmi://ip-10-32-50-7.eu-west-1.compute.internal:43760/7 disconnected (2012-09-08 08:08:39)
TLC worker connection lost rmi://ip-10-32-50-7.eu-west-1.compute.internal:43760/4 (2012-09-08 08:08:39)
TLC worker rmi://ip-10-32-50-7.eu-west-1.compute.internal:43760/4 disconnected (2012-09-08 08:08:39)
TLC worker connection lost rmi://ip-10-32-50-7.eu-west-1.compute.internal:43760/6 (2012-09-08 08:08:39)
TLC worker rmi://ip-10-32-50-7.eu-west-1.compute.internal:43760/6 disconnected (2012-09-08 08:08:39)
Registration for worker at rmi://ip-10-32-49-81.eu-west-1.compute.internal:51030/6 completed (2012-09-08 08:09:07)
Registration for worker at rmi://ip-10-32-49-81.eu-west-1.compute.internal:51030/3 completed (2012-09-08 08:09:07)
Registration for worker at rmi://ip-10-32-49-81.eu-west-1.compute.internal:51030/5 completed (2012-09-08 08:09:07)
Registration for worker at rmi://ip-10-32-49-81.eu-west-1.compute.internal:51030/7 completed (2012-09-08 08:09:07)
Registration for worker at rmi://ip-10-32-49-81.eu-west-1.compute.internal:51030/2 completed (2012-09-08 08:09:07)
Registration for worker at rmi://ip-10-32-49-81.eu-west-1.compute.internal:51030/1 completed (2012-09-08 08:09:07)
Registration for worker at rmi://ip-10-32-49-81.eu-west-1.compute.internal:51030/4 completed (2012-09-08 08:09:07)
Registration for worker at rmi://ip-10-32-49-81.eu-west-1.compute.internal:51030/0 completed (2012-09-08 08:09:07)
Progress(30) at 2012-09-08 08:09:15: 7777303 states generated (262,208 s/min), 6715031 distinct states found (224,464 ds/min), 1155439 states left on queue.
Progress(31) at 2012-09-08 08:10:15: 8207889 states generated (430,586 s/min), 7091704 distinct states found (376,673 ds/min), 1202744 states left on queue.
Registration for worker at rmi://ip-10-32-50-7.eu-west-1.compute.internal:43760/0 completed (2012-09-08 08:10:34)
Registration for worker at rmi://ip-10-32-50-7.eu-west-1.compute.internal:43760/4 completed (2012-09-08 08:10:34)
Registration for worker at rmi://ip-10-32-50-7.eu-west-1.compute.internal:43760/7 completed (2012-09-08 08:10:34)
Registration for worker at rmi://ip-10-32-50-7.eu-west-1.compute.internal:43760/6 completed (2012-09-08 08:10:34)
Registration for worker at rmi://ip-10-32-50-7.eu-west-1.compute.internal:43760/1 completed (2012-09-08 08:10:34)
Registration for worker at rmi://ip-10-32-50-7.eu-west-1.compute.internal:43760/5 completed (2012-09-08 08:10:34)
Registration for worker at rmi://ip-10-32-50-7.eu-west-1.compute.internal:43760/3 completed (2012-09-08 08:10:34)
Registration for worker at rmi://ip-10-32-50-7.eu-west-1.compute.internal:43760/2 completed (2012-09-08 08:10:34)
TLC worker connection lost rmi://ip-10-32-49-81.eu-west-1.compute.internal:51030/6 (2012-09-08 08:11:00)
TLC worker rmi://ip-10-32-49-81.eu-west-1.compute.internal:51030/6 disconnected (2012-09-08 08:11:00)
TLC worker connection lost rmi://ip-10-32-49-81.eu-west-1.compute.internal:51030/1 (2012-09-08 08:11:00)
TLC worker rmi://ip-10-32-49-81.eu-west-1.compute.internal:51030/1 disconnected (2012-09-08 08:11:00)
TLC worker connection lost rmi://ip-10-32-49-81.eu-west-1.compute.internal:51030/7 (2012-09-08 08:11:00)
TLC worker rmi://ip-10-32-49-81.eu-west-1.compute.internal:51030/7 disconnected (2012-09-08 08:11:00)
TLC worker connection lost rmi://ip-10-32-49-81.eu-west-1.compute.internal:51030/5 (2012-09-08 08:11:01)
TLC worker rmi://ip-10-32-49-81.eu-west-1.compute.internal:51030/5 disconnected (2012-09-08 08:11:01)
TLC worker connection lost rmi://ip-10-32-49-81.eu-west-1.compute.internal:51030/4 (2012-09-08 08:11:01)
TLC worker rmi://ip-10-32-49-81.eu-west-1.compute.internal:51030/4 disconnected (2012-09-08 08:11:01)
TLC worker connection lost rmi://ip-10-32-49-81.eu-west-1.compute.internal:51030/2 (2012-09-08 08:11:01)
TLC worker rmi://ip-10-32-49-81.eu-west-1.compute.internal:51030/2 disconnected (2012-09-08 08:11:01)
TLC worker connection lost rmi://ip-10-32-49-81.eu-west-1.compute.internal:51030/3 (2012-09-08 08:11:01)
TLC worker rmi://ip-10-32-49-81.eu-west-1.compute.internal:51030/3 disconnected (2012-09-08 08:11:01)
TLC worker connection lost rmi://ip-10-32-49-81.eu-west-1.compute.internal:51030/0 (2012-09-08 08:11:01)
TLC worker rmi://ip-10-32-49-81.eu-west-1.compute.internal:51030/0 disconnected (2012-09-08 08:11:01)
Progress(31) at 2012-09-08 08:11:15: 8741116 states generated (533,227 s/min), 7546471 distinct states found (454,767 ds/min), 1197031 states left on queue.
Progress(31) at 2012-09-08 08:12:15: 9140985 states generated (399,869 s/min), 7888917 distinct states found (342,446 ds/min), 1210327 states left on queue.
Progress(31) at 2012-09-08 08:13:15: 9563888 states generated (422,903 s/min), 8261235 distinct states found (372,318 ds/min), 1253468 states left on queue.
TLC worker connection lost rmi://ip-10-32-50-7.eu-west-1.compute.internal:43760/1 (2012-09-08 08:13:32)
TLC worker rmi://ip-10-32-50-7.eu-west-1.compute.internal:43760/1 disconnected (2012-09-08 08:13:32)
TLC worker connection lost rmi://ip-10-32-50-7.eu-west-1.compute.internal:43760/4 (2012-09-08 08:13:32)
TLC worker rmi://ip-10-32-50-7.eu-west-1.compute.internal:43760/4 disconnected (2012-09-08 08:13:32)
TLC worker connection lost rmi://ip-10-32-50-7.eu-west-1.compute.internal:43760/6 (2012-09-08 08:13:32)
TLC worker rmi://ip-10-32-50-7.eu-west-1.compute.internal:43760/6 disconnected (2012-09-08 08:13:32)
TLC worker connection lost rmi://ip-10-32-50-7.eu-west-1.compute.internal:43760/0 (2012-09-08 08:13:32)
TLC worker rmi://ip-10-32-50-7.eu-west-1.compute.internal:43760/0 disconnected (2012-09-08 08:13:32)
TLC worker connection lost rmi://ip-10-32-50-7.eu-west-1.compute.internal:43760/3 (2012-09-08 08:13:33)
TLC worker rmi://ip-10-32-50-7.eu-west-1.compute.internal:43760/3 disconnected (2012-09-08 08:13:33)
TLC worker connection lost rmi://ip-10-32-50-7.eu-west-1.compute.internal:43760/2 (2012-09-08 08:13:33)
TLC worker rmi://ip-10-32-50-7.eu-west-1.compute.internal:43760/2 disconnected (2012-09-08 08:13:33)
TLC worker connection lost rmi://ip-10-32-50-7.eu-west-1.compute.internal:43760/5 (2012-09-08 08:13:33)
TLC worker rmi://ip-10-32-50-7.eu-west-1.compute.internal:43760/5 disconnected (2012-09-08 08:13:33)
TLC worker connection lost rmi://ip-10-32-50-7.eu-west-1.compute.internal:43760/7 (2012-09-08 08:13:34)
TLC worker rmi://ip-10-32-50-7.eu-west-1.compute.internal:43760/7 disconnected (2012-09-08 08:13:34)
Registration for worker at rmi://ip-10-32-49-81.eu-west-1.compute.internal:51030/0 completed (2012-09-08 08:13:46)
Registration for worker at rmi://ip-10-32-49-81.eu-west-1.compute.internal:51030/3 completed (2012-09-08 08:13:46)
Registration for worker at rmi://ip-10-32-49-81.eu-west-1.compute.internal:51030/1 completed (2012-09-08 08:13:46)
Registration for worker at rmi://ip-10-32-49-81.eu-west-1.compute.internal:51030/4 completed (2012-09-08 08:13:46)
Registration for worker at rmi://ip-10-32-49-81.eu-west-1.compute.internal:51030/5 completed (2012-09-08 08:13:46)
Registration for worker at rmi://ip-10-32-49-81.eu-west-1.compute.internal:51030/6 completed (2012-09-08 08:13:46)
Registration for worker at rmi://ip-10-32-49-81.eu-west-1.compute.internal:51030/7 completed (2012-09-08 08:13:46)
Registration for worker at rmi://ip-10-32-49-81.eu-west-1.compute.internal:51030/2 completed (2012-09-08 08:13:46)
Progress(31) at 2012-09-08 08:14:15: 9862410 states generated (298,522 s/min), 8516035 distinct states found (254,800 ds/min), 1245183 states left on queue.
Registration for worker at rmi://ip-10-32-50-7.eu-west-1.compute.internal:43760/0 completed (2012-09-08 08:14:22)
Registration for worker at rmi://ip-10-32-50-7.eu-west-1.compute.internal:43760/4 completed (2012-09-08 08:14:22)
Registration for worker at rmi://ip-10-32-50-7.eu-west-1.compute.internal:43760/3 completed (2012-09-08 08:14:22)
Registration for worker at rmi://ip-10-32-50-7.eu-west-1.compute.internal:43760/5 completed (2012-09-08 08:14:22)
Registration for worker at rmi://ip-10-32-50-7.eu-west-1.compute.internal:43760/2 completed (2012-09-08 08:14:22)
Registration for worker at rmi://ip-10-32-50-7.eu-west-1.compute.internal:43760/7 completed (2012-09-08 08:14:22)
Registration for worker at rmi://ip-10-32-50-7.eu-west-1.compute.internal:43760/6 completed (2012-09-08 08:14:22)
Registration for worker at rmi://ip-10-32-50-7.eu-west-1.compute.internal:43760/1 completed (2012-09-08 08:14:22)
Progress(31) at 2012-09-08 08:15:15: 10549319 states generated (686,909 s/min), 9095845 distinct states found (579,810 ds/min), 1232337 states left on queue.
TLC worker connection lost rmi://ip-10-32-50-7.eu-west-1.compute.internal:43760/3 (2012-09-08 08:15:51)
TLC worker rmi://ip-10-32-50-7.eu-west-1.compute.internal:43760/3 disconnected (2012-09-08 08:15:51)
TLC worker connection lost rmi://ip-10-32-50-7.eu-west-1.compute.internal:43760/2 (2012-09-08 08:15:51)
TLC worker rmi://ip-10-32-50-7.eu-west-1.compute.internal:43760/2 disconnected (2012-09-08 08:15:51)
TLC worker connection lost rmi://ip-10-32-49-81.eu-west-1.compute.internal:51030/3 (2012-09-08 08:15:52)
TLC worker rmi://ip-10-32-49-81.eu-west-1.compute.internal:51030/3 disconnected (2012-09-08 08:15:52)
TLC worker connection lost rmi://ip-10-32-50-7.eu-west-1.compute.internal:43760/0 (2012-09-08 08:15:52)
TLC worker rmi://ip-10-32-50-7.eu-west-1.compute.internal:43760/0 disconnected (2012-09-08 08:15:52)
TLC worker connection lost rmi://ip-10-32-50-7.eu-west-1.compute.internal:43760/6 (2012-09-08 08:15:52)
TLC worker rmi://ip-10-32-50-7.eu-west-1.compute.internal:43760/6 disconnected (2012-09-08 08:15:52)
TLC worker connection lost rmi://ip-10-32-49-81.eu-west-1.compute.internal:51030/1 (2012-09-08 08:15:52)
TLC worker rmi://ip-10-32-49-81.eu-west-1.compute.internal:51030/1 disconnected (2012-09-08 08:15:52)
TLC worker connection lost rmi://ip-10-32-50-7.eu-west-1.compute.internal:43760/4 (2012-09-08 08:15:52)
TLC worker rmi://ip-10-32-50-7.eu-west-1.compute.internal:43760/4 disconnected (2012-09-08 08:15:52)
TLC worker connection lost rmi://ip-10-32-49-81.eu-west-1.compute.internal:51030/5 (2012-09-08 08:15:52)
TLC worker rmi://ip-10-32-49-81.eu-west-1.compute.internal:51030/5 disconnected (2012-09-08 08:15:52)
TLC worker connection lost rmi://ip-10-32-49-81.eu-west-1.compute.internal:51030/7 (2012-09-08 08:15:52)
TLC worker rmi://ip-10-32-49-81.eu-west-1.compute.internal:51030/7 disconnected (2012-09-08 08:15:52)
TLC worker connection lost rmi://ip-10-32-50-7.eu-west-1.compute.internal:43760/1 (2012-09-08 08:15:52)
TLC worker rmi://ip-10-32-50-7.eu-west-1.compute.internal:43760/1 disconnected (2012-09-08 08:15:52)
TLC worker connection lost rmi://ip-10-32-50-7.eu-west-1.compute.internal:43760/5 (2012-09-08 08:15:52)
TLC worker rmi://ip-10-32-50-7.eu-west-1.compute.internal:43760/5 disconnected (2012-09-08 08:15:52)
TLC worker connection lost rmi://ip-10-32-49-81.eu-west-1.compute.internal:51030/2 (2012-09-08 08:15:52)
TLC worker rmi://ip-10-32-49-81.eu-west-1.compute.internal:51030/2 disconnected (2012-09-08 08:15:52)
TLC worker connection lost rmi://ip-10-32-49-81.eu-west-1.compute.internal:51030/0 (2012-09-08 08:15:52)
TLC worker rmi://ip-10-32-49-81.eu-west-1.compute.internal:51030/0 disconnected (2012-09-08 08:15:52)
TLC worker connection lost rmi://ip-10-32-49-81.eu-west-1.compute.internal:51030/4 (2012-09-08 08:15:52)
TLC worker rmi://ip-10-32-49-81.eu-west-1.compute.internal:51030/4 disconnected (2012-09-08 08:15:52)
TLC worker connection lost rmi://ip-10-32-50-7.eu-west-1.compute.internal:43760/7 (2012-09-08 08:15:52)
TLC worker rmi://ip-10-32-50-7.eu-west-1.compute.internal:43760/7 disconnected (2012-09-08 08:15:52)
TLC worker connection lost rmi://ip-10-32-49-81.eu-west-1.compute.internal:51030/6 (2012-09-08 08:15:52)
TLC worker rmi://ip-10-32-49-81.eu-west-1.compute.internal:51030/6 disconnected (2012-09-08 08:15:52)
Progress(31) at 2012-09-08 08:16:15: 11029856 states generated (480,537 s/min), 9508372 distinct states found (412,527 ds/min), 1250522 states left on queue.
Progress(31) at 2012-09-08 08:17:15: 11029856 states generated (0 s/min), 9508372 distinct states found (0 ds/min), 1250522 states left on queue.
Registration for worker at rmi://ip-10-32-49-81.eu-west-1.compute.internal:51030/6 completed (2012-09-08 08:18:11)
Registration for worker at rmi://ip-10-32-49-81.eu-west-1.compute.internal:51030/4 completed (2012-09-08 08:18:11)
Registration for worker at rmi://ip-10-32-49-81.eu-west-1.compute.internal:51030/5 completed (2012-09-08 08:18:11)
Registration for worker at rmi://ip-10-32-49-81.eu-west-1.compute.internal:51030/7 completed (2012-09-08 08:18:11)
Registration for worker at rmi://ip-10-32-49-81.eu-west-1.compute.internal:51030/1 completed (2012-09-08 08:18:11)
Registration for worker at rmi://ip-10-32-49-81.eu-west-1.compute.internal:51030/2 completed (2012-09-08 08:18:11)
Registration for worker at rmi://ip-10-32-49-81.eu-west-1.compute.internal:51030/3 completed (2012-09-08 08:18:11)
Registration for worker at rmi://ip-10-32-49-81.eu-west-1.compute.internal:51030/0 completed (2012-09-08 08:18:11)
Progress(31) at 2012-09-08 08:18:15: 11029856 states generated (0 s/min), 9508372 distinct states found (0 ds/min), 1250522 states left on queue.
Registration for worker at rmi://ip-10-32-50-7.eu-west-1.compute.internal:43760/1 completed (2012-09-08 08:18:47)
Registration for worker at rmi://ip-10-32-50-7.eu-west-1.compute.internal:43760/4 completed (2012-09-08 08:18:47)
Registration for worker at rmi://ip-10-32-50-7.eu-west-1.compute.internal:43760/3 completed (2012-09-08 08:18:47)
Registration for worker at rmi://ip-10-32-50-7.eu-west-1.compute.internal:43760/5 completed (2012-09-08 08:18:47)
Registration for worker at rmi://ip-10-32-50-7.eu-west-1.compute.internal:43760/2 completed (2012-09-08 08:18:47)
Registration for worker at rmi://ip-10-32-50-7.eu-west-1.compute.internal:43760/7 completed (2012-09-08 08:18:47)
Registration for worker at rmi://ip-10-32-50-7.eu-west-1.compute.internal:43760/6 completed (2012-09-08 08:18:47)
Registration for worker at rmi://ip-10-32-50-7.eu-west-1.compute.internal:43760/0 completed (2012-09-08 08:18:47)
Progress(31) at 2012-09-08 08:19:15: 11520277 states generated (490,421 s/min), 9921454 distinct states found (413,082 ds/min), 1202783 states left on queue.
TLC worker connection lost rmi://ip-10-32-49-81.eu-west-1.compute.internal:51030/2 (2012-09-08 08:19:47)
TLC worker rmi://ip-10-32-49-81.eu-west-1.compute.internal:51030/2 disconnected (2012-09-08 08:19:47)
TLC worker connection lost rmi://ip-10-32-49-81.eu-west-1.compute.internal:51030/4 (2012-09-08 08:19:47)
TLC worker rmi://ip-10-32-49-81.eu-west-1.compute.internal:51030/4 disconnected (2012-09-08 08:19:47)
TLC worker connection lost rmi://ip-10-32-49-81.eu-west-1.compute.internal:51030/0 (2012-09-08 08:19:47)
TLC worker rmi://ip-10-32-49-81.eu-west-1.compute.internal:51030/0 disconnected (2012-09-08 08:19:47)
TLC worker connection lost rmi://ip-10-32-49-81.eu-west-1.compute.internal:51030/7 (2012-09-08 08:19:47)
TLC worker rmi://ip-10-32-49-81.eu-west-1.compute.internal:51030/7 disconnected (2012-09-08 08:19:47)
TLC worker connection lost rmi://ip-10-32-49-81.eu-west-1.compute.internal:51030/3 (2012-09-08 08:19:48)
TLC worker rmi://ip-10-32-49-81.eu-west-1.compute.internal:51030/3 disconnected (2012-09-08 08:19:48)
TLC worker connection lost rmi://ip-10-32-49-81.eu-west-1.compute.internal:51030/6 (2012-09-08 08:19:48)
TLC worker rmi://ip-10-32-49-81.eu-west-1.compute.internal:51030/6 disconnected (2012-09-08 08:19:48)
TLC worker connection lost rmi://ip-10-32-49-81.eu-west-1.compute.internal:51030/5 (2012-09-08 08:19:48)
TLC worker rmi://ip-10-32-49-81.eu-west-1.compute.internal:51030/5 disconnected (2012-09-08 08:19:48)
TLC worker connection lost rmi://ip-10-32-49-81.eu-west-1.compute.internal:51030/1 (2012-09-08 08:19:48)
TLC worker rmi://ip-10-32-49-81.eu-west-1.compute.internal:51030/1 disconnected (2012-09-08 08:19:48)
Progress(31) at 2012-09-08 08:20:15: 12158197 states generated (637,920 s/min), 10467966 distinct states found (546,512 ds/min), 1222932 states left on queue.
Progress(34) at 2012-09-08 08:21:15: 12443615 states generated (285,418 s/min), 10713094 distinct states found (245,128 ds/min), 1204583 states left on queue.
TLC worker connection lost rmi://ip-10-32-50-7.eu-west-1.compute.internal:43760/2 (2012-09-08 08:21:29)
TLC worker rmi://ip-10-32-50-7.eu-west-1.compute.internal:43760/2 disconnected (2012-09-08 08:21:29)
TLC worker connection lost rmi://ip-10-32-50-7.eu-west-1.compute.internal:43760/5 (2012-09-08 08:21:29)
TLC worker rmi://ip-10-32-50-7.eu-west-1.compute.internal:43760/5 disconnected (2012-09-08 08:21:29)
TLC worker connection lost rmi://ip-10-32-50-7.eu-west-1.compute.internal:43760/4 (2012-09-08 08:21:29)
TLC worker rmi://ip-10-32-50-7.eu-west-1.compute.internal:43760/4 disconnected (2012-09-08 08:21:29)
TLC worker connection lost rmi://ip-10-32-50-7.eu-west-1.compute.internal:43760/6 (2012-09-08 08:21:29)
TLC worker rmi://ip-10-32-50-7.eu-west-1.compute.internal:43760/6 disconnected (2012-09-08 08:21:29)
TLC worker connection lost rmi://ip-10-32-50-7.eu-west-1.compute.internal:43760/0 (2012-09-08 08:21:29)
TLC worker rmi://ip-10-32-50-7.eu-west-1.compute.internal:43760/0 disconnected (2012-09-08 08:21:29)
TLC worker connection lost rmi://ip-10-32-50-7.eu-west-1.compute.internal:43760/1 (2012-09-08 08:21:29)
TLC worker rmi://ip-10-32-50-7.eu-west-1.compute.internal:43760/1 disconnected (2012-09-08 08:21:29)
TLC worker connection lost rmi://ip-10-32-50-7.eu-west-1.compute.internal:43760/3 (2012-09-08 08:21:30)
TLC worker rmi://ip-10-32-50-7.eu-west-1.compute.internal:43760/3 disconnected (2012-09-08 08:21:30)
TLC worker connection lost rmi://ip-10-32-50-7.eu-west-1.compute.internal:43760/7 (2012-09-08 08:21:30)
TLC worker rmi://ip-10-32-50-7.eu-west-1.compute.internal:43760/7 disconnected (2012-09-08 08:21:30)
Registration for worker at rmi://ip-10-32-49-81.eu-west-1.compute.internal:51030/2 completed (2012-09-08 08:22:01)
Registration for worker at rmi://ip-10-32-49-81.eu-west-1.compute.internal:51030/6 completed (2012-09-08 08:22:01)
Registration for worker at rmi://ip-10-32-49-81.eu-west-1.compute.internal:51030/7 completed (2012-09-08 08:22:01)
Registration for worker at rmi://ip-10-32-49-81.eu-west-1.compute.internal:51030/3 completed (2012-09-08 08:22:01)
Registration for worker at rmi://ip-10-32-49-81.eu-west-1.compute.internal:51030/5 completed (2012-09-08 08:22:01)
Registration for worker at rmi://ip-10-32-49-81.eu-west-1.compute.internal:51030/1 completed (2012-09-08 08:22:01)
Registration for worker at rmi://ip-10-32-49-81.eu-west-1.compute.internal:51030/4 completed (2012-09-08 08:22:01)
Registration for worker at rmi://ip-10-32-49-81.eu-west-1.compute.internal:51030/0 completed (2012-09-08 08:22:01)
Progress(34) at 2012-09-08 08:22:15: 12663735 states generated (220,120 s/min), 10901346 distinct states found (188,252 ds/min), 1195619 states left on queue.
Registration for worker at rmi://ip-10-32-50-7.eu-west-1.compute.internal:43760/5 completed (2012-09-08 08:22:21)
Registration for worker at rmi://ip-10-32-50-7.eu-west-1.compute.internal:43760/3 completed (2012-09-08 08:22:21)
Registration for worker at rmi://ip-10-32-50-7.eu-west-1.compute.internal:43760/7 completed (2012-09-08 08:22:21)
Registration for worker at rmi://ip-10-32-50-7.eu-west-1.compute.internal:43760/4 completed (2012-09-08 08:22:21)
Registration for worker at rmi://ip-10-32-50-7.eu-west-1.compute.internal:43760/1 completed (2012-09-08 08:22:21)
Registration for worker at rmi://ip-10-32-50-7.eu-west-1.compute.internal:43760/0 completed (2012-09-08 08:22:21)
Registration for worker at rmi://ip-10-32-50-7.eu-west-1.compute.internal:43760/6 completed (2012-09-08 08:22:21)
Registration for worker at rmi://ip-10-32-50-7.eu-west-1.compute.internal:43760/2 completed (2012-09-08 08:22:21)
TLC worker connection lost rmi://ip-10-32-49-81.eu-west-1.compute.internal:51030/6 (2012-09-08 08:23:01)
TLC worker rmi://ip-10-32-49-81.eu-west-1.compute.internal:51030/6 disconnected (2012-09-08 08:23:01)
TLC worker connection lost rmi://ip-10-32-49-81.eu-west-1.compute.internal:51030/2 (2012-09-08 08:23:01)
TLC worker rmi://ip-10-32-49-81.eu-west-1.compute.internal:51030/2 disconnected (2012-09-08 08:23:01)
TLC worker connection lost rmi://ip-10-32-49-81.eu-west-1.compute.internal:51030/5 (2012-09-08 08:23:01)
TLC worker rmi://ip-10-32-49-81.eu-west-1.compute.internal:51030/5 disconnected (2012-09-08 08:23:01)
TLC worker connection lost rmi://ip-10-32-49-81.eu-west-1.compute.internal:51030/7 (2012-09-08 08:23:01)
TLC worker rmi://ip-10-32-49-81.eu-west-1.compute.internal:51030/7 disconnected (2012-09-08 08:23:01)
TLC worker connection lost rmi://ip-10-32-49-81.eu-west-1.compute.internal:51030/3 (2012-09-08 08:23:01)
TLC worker rmi://ip-10-32-49-81.eu-west-1.compute.internal:51030/3 disconnected (2012-09-08 08:23:01)
TLC worker connection lost rmi://ip-10-32-49-81.eu-west-1.compute.internal:51030/0 (2012-09-08 08:23:01)
TLC worker rmi://ip-10-32-49-81.eu-west-1.compute.internal:51030/0 disconnected (2012-09-08 08:23:01)
TLC worker connection lost rmi://ip-10-32-49-81.eu-west-1.compute.internal:51030/1 (2012-09-08 08:23:01)
TLC worker rmi://ip-10-32-49-81.eu-west-1.compute.internal:51030/1 disconnected (2012-09-08 08:23:01)
TLC worker connection lost rmi://ip-10-32-49-81.eu-west-1.compute.internal:51030/4 (2012-09-08 08:23:02)
TLC worker rmi://ip-10-32-49-81.eu-west-1.compute.internal:51030/4 disconnected (2012-09-08 08:23:02)
Progress(34) at 2012-09-08 08:23:15: 13256833 states generated (593,098 s/min), 11400283 distinct states found (498,937 ds/min), 1168441 states left on queue.
Progress(35) at 2012-09-08 08:24:15: 13622160 states generated (365,327 s/min), 11711889 distinct states found (311,606 ds/min), 1150832 states left on queue.
Registration for worker at rmi://ip-10-32-49-81.eu-west-1.compute.internal:51030/3 completed (2012-09-08 08:25:07)
Registration for worker at rmi://ip-10-32-49-81.eu-west-1.compute.internal:51030/0 completed (2012-09-08 08:25:07)
Registration for worker at rmi://ip-10-32-49-81.eu-west-1.compute.internal:51030/6 completed (2012-09-08 08:25:07)
Registration for worker at rmi://ip-10-32-49-81.eu-west-1.compute.internal:51030/5 completed (2012-09-08 08:25:07)
Registration for worker at rmi://ip-10-32-49-81.eu-west-1.compute.internal:51030/2 completed (2012-09-08 08:25:07)
Registration for worker at rmi://ip-10-32-49-81.eu-west-1.compute.internal:51030/4 completed (2012-09-08 08:25:07)
Registration for worker at rmi://ip-10-32-49-81.eu-west-1.compute.internal:51030/7 completed (2012-09-08 08:25:07)
Registration for worker at rmi://ip-10-32-49-81.eu-west-1.compute.internal:51030/1 completed (2012-09-08 08:25:07)
Progress(35) at 2012-09-08 08:25:15: 13967312 states generated (345,152 s/min), 11998190 distinct states found (286,301 ds/min), 1108326 states left on queue.
TLC worker connection lost rmi://ip-10-32-50-7.eu-west-1.compute.internal:43760/0 (2012-09-08 08:25:25)
TLC worker rmi://ip-10-32-50-7.eu-west-1.compute.internal:43760/0 disconnected (2012-09-08 08:25:25)
TLC worker connection lost rmi://ip-10-32-50-7.eu-west-1.compute.internal:43760/7 (2012-09-08 08:25:25)
TLC worker rmi://ip-10-32-50-7.eu-west-1.compute.internal:43760/7 disconnected (2012-09-08 08:25:25)
TLC worker connection lost rmi://ip-10-32-50-7.eu-west-1.compute.internal:43760/2 (2012-09-08 08:25:25)
TLC worker rmi://ip-10-32-50-7.eu-west-1.compute.internal:43760/2 disconnected (2012-09-08 08:25:25)
TLC worker connection lost rmi://ip-10-32-50-7.eu-west-1.compute.internal:43760/4 (2012-09-08 08:25:25)
TLC worker rmi://ip-10-32-50-7.eu-west-1.compute.internal:43760/4 disconnected (2012-09-08 08:25:25)
TLC worker connection lost rmi://ip-10-32-50-7.eu-west-1.compute.internal:43760/6 (2012-09-08 08:25:25)
TLC worker rmi://ip-10-32-50-7.eu-west-1.compute.internal:43760/6 disconnected (2012-09-08 08:25:25)
TLC worker connection lost rmi://ip-10-32-50-7.eu-west-1.compute.internal:43760/5 (2012-09-08 08:25:26)
TLC worker rmi://ip-10-32-50-7.eu-west-1.compute.internal:43760/5 disconnected (2012-09-08 08:25:26)
TLC worker connection lost rmi://ip-10-32-50-7.eu-west-1.compute.internal:43760/3 (2012-09-08 08:25:26)
TLC worker rmi://ip-10-32-50-7.eu-west-1.compute.internal:43760/3 disconnected (2012-09-08 08:25:26)
TLC worker connection lost rmi://ip-10-32-50-7.eu-west-1.compute.internal:43760/1 (2012-09-08 08:25:26)
TLC worker rmi://ip-10-32-50-7.eu-west-1.compute.internal:43760/1 disconnected (2012-09-08 08:25:26)
Registration for worker at rmi://ip-10-32-50-7.eu-west-1.compute.internal:43760/7 completed (2012-09-08 08:25:58)
Registration for worker at rmi://ip-10-32-50-7.eu-west-1.compute.internal:43760/5 completed (2012-09-08 08:25:58)
Registration for worker at rmi://ip-10-32-50-7.eu-west-1.compute.internal:43760/1 completed (2012-09-08 08:25:58)
Registration for worker at rmi://ip-10-32-50-7.eu-west-1.compute.internal:43760/6 completed (2012-09-08 08:25:58)
Registration for worker at rmi://ip-10-32-50-7.eu-west-1.compute.internal:43760/4 completed (2012-09-08 08:25:58)
Registration for worker at rmi://ip-10-32-50-7.eu-west-1.compute.internal:43760/0 completed (2012-09-08 08:25:58)
Registration for worker at rmi://ip-10-32-50-7.eu-west-1.compute.internal:43760/3 completed (2012-09-08 08:25:58)
Registration for worker at rmi://ip-10-32-50-7.eu-west-1.compute.internal:43760/2 completed (2012-09-08 08:25:58)
TLC worker connection lost rmi://ip-10-32-49-81.eu-west-1.compute.internal:51030/0 (2012-09-08 08:26:11)
TLC worker rmi://ip-10-32-49-81.eu-west-1.compute.internal:51030/0 disconnected (2012-09-08 08:26:11)
TLC worker connection lost rmi://ip-10-32-49-81.eu-west-1.compute.internal:51030/5 (2012-09-08 08:26:11)
TLC worker rmi://ip-10-32-49-81.eu-west-1.compute.internal:51030/5 disconnected (2012-09-08 08:26:11)
TLC worker connection lost rmi://ip-10-32-49-81.eu-west-1.compute.internal:51030/4 (2012-09-08 08:26:12)
TLC worker rmi://ip-10-32-49-81.eu-west-1.compute.internal:51030/4 disconnected (2012-09-08 08:26:12)
TLC worker connection lost rmi://ip-10-32-49-81.eu-west-1.compute.internal:51030/6 (2012-09-08 08:26:12)
TLC worker rmi://ip-10-32-49-81.eu-west-1.compute.internal:51030/6 disconnected (2012-09-08 08:26:12)
TLC worker connection lost rmi://ip-10-32-49-81.eu-west-1.compute.internal:51030/7 (2012-09-08 08:26:12)
TLC worker rmi://ip-10-32-49-81.eu-west-1.compute.internal:51030/7 disconnected (2012-09-08 08:26:12)
TLC worker connection lost rmi://ip-10-32-49-81.eu-west-1.compute.internal:51030/1 (2012-09-08 08:26:12)
TLC worker rmi://ip-10-32-49-81.eu-west-1.compute.internal:51030/1 disconnected (2012-09-08 08:26:12)
TLC worker connection lost rmi://ip-10-32-49-81.eu-west-1.compute.internal:51030/2 (2012-09-08 08:26:12)
TLC worker rmi://ip-10-32-49-81.eu-west-1.compute.internal:51030/2 disconnected (2012-09-08 08:26:12)
TLC worker connection lost rmi://ip-10-32-49-81.eu-west-1.compute.internal:51030/3 (2012-09-08 08:26:12)
TLC worker rmi://ip-10-32-49-81.eu-west-1.compute.internal:51030/3 disconnected (2012-09-08 08:26:12)
Progress(35) at 2012-09-08 08:26:15: 14478738 states generated (511,426 s/min), 12426169 distinct states found (427,979 ds/min), 1076289 states left on queue.
Progress(36) at 2012-09-08 08:27:15: 14840283 states generated (361,545 s/min), 12733176 distinct states found (307,007 ds/min), 1054381 states left on queue.
Registration for worker at rmi://ip-10-32-49-81.eu-west-1.compute.internal:51030/0 completed (2012-09-08 08:27:42)
Registration for worker at rmi://ip-10-32-49-81.eu-west-1.compute.internal:51030/2 completed (2012-09-08 08:27:42)
Registration for worker at rmi://ip-10-32-49-81.eu-west-1.compute.internal:51030/7 completed (2012-09-08 08:27:42)
Registration for worker at rmi://ip-10-32-49-81.eu-west-1.compute.internal:51030/1 completed (2012-09-08 08:27:42)
Registration for worker at rmi://ip-10-32-49-81.eu-west-1.compute.internal:51030/6 completed (2012-09-08 08:27:42)
Registration for worker at rmi://ip-10-32-49-81.eu-west-1.compute.internal:51030/5 completed (2012-09-08 08:27:42)
Registration for worker at rmi://ip-10-32-49-81.eu-west-1.compute.internal:51030/3 completed (2012-09-08 08:27:42)
Registration for worker at rmi://ip-10-32-49-81.eu-west-1.compute.internal:51030/4 completed (2012-09-08 08:27:42)
Progress(36) at 2012-09-08 08:28:15: 15298035 states generated (457,752 s/min), 13107204 distinct states found (374,028 ds/min), 968241 states left on queue.
TLC worker connection lost rmi://ip-10-32-50-7.eu-west-1.compute.internal:43760/4 (2012-09-08 08:28:58)
TLC worker rmi://ip-10-32-50-7.eu-west-1.compute.internal:43760/4 disconnected (2012-09-08 08:28:58)
TLC worker connection lost rmi://ip-10-32-50-7.eu-west-1.compute.internal:43760/5 (2012-09-08 08:28:58)
TLC worker rmi://ip-10-32-50-7.eu-west-1.compute.internal:43760/5 disconnected (2012-09-08 08:28:58)
TLC worker connection lost rmi://ip-10-32-50-7.eu-west-1.compute.internal:43760/7 (2012-09-08 08:28:58)
TLC worker rmi://ip-10-32-50-7.eu-west-1.compute.internal:43760/7 disconnected (2012-09-08 08:28:58)
TLC worker connection lost rmi://ip-10-32-50-7.eu-west-1.compute.internal:43760/6 (2012-09-08 08:28:58)
TLC worker rmi://ip-10-32-50-7.eu-west-1.compute.internal:43760/6 disconnected (2012-09-08 08:28:58)
TLC worker connection lost rmi://ip-10-32-50-7.eu-west-1.compute.internal:43760/1 (2012-09-08 08:28:58)
TLC worker rmi://ip-10-32-50-7.eu-west-1.compute.internal:43760/1 disconnected (2012-09-08 08:28:58)
TLC worker connection lost rmi://ip-10-32-50-7.eu-west-1.compute.internal:43760/3 (2012-09-08 08:28:58)
TLC worker rmi://ip-10-32-50-7.eu-west-1.compute.internal:43760/3 disconnected (2012-09-08 08:28:58)
TLC worker connection lost rmi://ip-10-32-50-7.eu-west-1.compute.internal:43760/2 (2012-09-08 08:28:58)
TLC worker rmi://ip-10-32-50-7.eu-west-1.compute.internal:43760/2 disconnected (2012-09-08 08:28:58)
TLC worker connection lost rmi://ip-10-32-50-7.eu-west-1.compute.internal:43760/0 (2012-09-08 08:28:58)
TLC worker rmi://ip-10-32-50-7.eu-west-1.compute.internal:43760/0 disconnected (2012-09-08 08:28:58)
Progress(36) at 2012-09-08 08:29:15: 15946101 states generated (648,066 s/min), 13648197 distinct states found (540,993 ds/min), 917861 states left on queue.
Registration for worker at rmi://ip-10-32-50-7.eu-west-1.compute.internal:43760/0 completed (2012-09-08 08:29:38)
Registration for worker at rmi://ip-10-32-50-7.eu-west-1.compute.internal:43760/2 completed (2012-09-08 08:29:39)
Registration for worker at rmi://ip-10-32-50-7.eu-west-1.compute.internal:43760/7 completed (2012-09-08 08:29:39)
Registration for worker at rmi://ip-10-32-50-7.eu-west-1.compute.internal:43760/3 completed (2012-09-08 08:29:39)
Registration for worker at rmi://ip-10-32-50-7.eu-west-1.compute.internal:43760/5 completed (2012-09-08 08:29:39)
Registration for worker at rmi://ip-10-32-50-7.eu-west-1.compute.internal:43760/6 completed (2012-09-08 08:29:39)
Registration for worker at rmi://ip-10-32-50-7.eu-west-1.compute.internal:43760/1 completed (2012-09-08 08:29:39)
Registration for worker at rmi://ip-10-32-50-7.eu-west-1.compute.internal:43760/4 completed (2012-09-08 08:29:39)
Progress(36) at 2012-09-08 08:30:15: 16437564 states generated (491,463 s/min), 14047772 distinct states found (399,575 ds/min), 857309 states left on queue.
TLC worker connection lost rmi://ip-10-32-49-81.eu-west-1.compute.internal:51030/2 (2012-09-08 08:30:36)
TLC worker rmi://ip-10-32-49-81.eu-west-1.compute.internal:51030/2 disconnected (2012-09-08 08:30:36)
TLC worker connection lost rmi://ip-10-32-49-81.eu-west-1.compute.internal:51030/3 (2012-09-08 08:30:36)
TLC worker rmi://ip-10-32-49-81.eu-west-1.compute.internal:51030/3 disconnected (2012-09-08 08:30:36)
TLC worker connection lost rmi://ip-10-32-49-81.eu-west-1.compute.internal:51030/0 (2012-09-08 08:30:36)
TLC worker rmi://ip-10-32-49-81.eu-west-1.compute.internal:51030/0 disconnected (2012-09-08 08:30:36)
TLC worker connection lost rmi://ip-10-32-49-81.eu-west-1.compute.internal:51030/7 (2012-09-08 08:30:36)
TLC worker rmi://ip-10-32-49-81.eu-west-1.compute.internal:51030/7 disconnected (2012-09-08 08:30:36)
TLC worker connection lost rmi://ip-10-32-49-81.eu-west-1.compute.internal:51030/6 (2012-09-08 08:30:47)
TLC worker rmi://ip-10-32-49-81.eu-west-1.compute.internal:51030/6 disconnected (2012-09-08 08:30:47)
TLC worker connection lost rmi://ip-10-32-49-81.eu-west-1.compute.internal:51030/4 (2012-09-08 08:30:47)
TLC worker rmi://ip-10-32-49-81.eu-west-1.compute.internal:51030/4 disconnected (2012-09-08 08:30:47)
TLC worker connection lost rmi://ip-10-32-49-81.eu-west-1.compute.internal:51030/1 (2012-09-08 08:30:47)
TLC worker rmi://ip-10-32-49-81.eu-west-1.compute.internal:51030/1 disconnected (2012-09-08 08:30:47)
TLC worker connection lost rmi://ip-10-32-49-81.eu-west-1.compute.internal:51030/5 (2012-09-08 08:30:47)
TLC worker rmi://ip-10-32-49-81.eu-west-1.compute.internal:51030/5 disconnected (2012-09-08 08:30:47)
Progress(36) at 2012-09-08 08:31:15: 16928459 states generated (490,895 s/min), 14449630 distinct states found (401,858 ds/min), 766629 states left on queue.
Progress(36) at 2012-09-08 08:32:15: 17278255 states generated (349,796 s/min), 14735877 distinct states found (286,247 ds/min), 724436 states left on queue.
TLC worker connection lost rmi://ip-10-32-50-7.eu-west-1.compute.internal:43760/7 (2012-09-08 08:32:20)
TLC worker rmi://ip-10-32-50-7.eu-west-1.compute.internal:43760/7 disconnected (2012-09-08 08:32:20)
TLC worker connection lost rmi://ip-10-32-50-7.eu-west-1.compute.internal:43760/4 (2012-09-08 08:32:20)
TLC worker rmi://ip-10-32-50-7.eu-west-1.compute.internal:43760/4 disconnected (2012-09-08 08:32:20)
TLC worker connection lost rmi://ip-10-32-50-7.eu-west-1.compute.internal:43760/0 (2012-09-08 08:32:20)
TLC worker rmi://ip-10-32-50-7.eu-west-1.compute.internal:43760/0 disconnected (2012-09-08 08:32:20)
TLC worker connection lost rmi://ip-10-32-50-7.eu-west-1.compute.internal:43760/1 (2012-09-08 08:32:20)
TLC worker rmi://ip-10-32-50-7.eu-west-1.compute.internal:43760/1 disconnected (2012-09-08 08:32:20)
TLC worker connection lost rmi://ip-10-32-50-7.eu-west-1.compute.internal:43760/6 (2012-09-08 08:32:20)
TLC worker rmi://ip-10-32-50-7.eu-west-1.compute.internal:43760/6 disconnected (2012-09-08 08:32:20)
TLC worker connection lost rmi://ip-10-32-50-7.eu-west-1.compute.internal:43760/2 (2012-09-08 08:32:21)
TLC worker rmi://ip-10-32-50-7.eu-west-1.compute.internal:43760/2 disconnected (2012-09-08 08:32:21)
TLC worker connection lost rmi://ip-10-32-50-7.eu-west-1.compute.internal:43760/3 (2012-09-08 08:32:21)
TLC worker rmi://ip-10-32-50-7.eu-west-1.compute.internal:43760/3 disconnected (2012-09-08 08:32:21)
TLC worker connection lost rmi://ip-10-32-50-7.eu-west-1.compute.internal:43760/5 (2012-09-08 08:32:21)
TLC worker rmi://ip-10-32-50-7.eu-west-1.compute.internal:43760/5 disconnected (2012-09-08 08:32:21)
Registration for worker at rmi://ip-10-32-49-81.eu-west-1.compute.internal:51030/0 completed (2012-09-08 08:33:06)
Registration for worker at rmi://ip-10-32-49-81.eu-west-1.compute.internal:51030/3 completed (2012-09-08 08:33:06)
Registration for worker at rmi://ip-10-32-49-81.eu-west-1.compute.internal:51030/5 completed (2012-09-08 08:33:06)
Registration for worker at rmi://ip-10-32-49-81.eu-west-1.compute.internal:51030/7 completed (2012-09-08 08:33:06)
Registration for worker at rmi://ip-10-32-49-81.eu-west-1.compute.internal:51030/6 completed (2012-09-08 08:33:06)
Registration for worker at rmi://ip-10-32-49-81.eu-west-1.compute.internal:51030/4 completed (2012-09-08 08:33:06)
Registration for worker at rmi://ip-10-32-49-81.eu-west-1.compute.internal:51030/1 completed (2012-09-08 08:33:06)
Registration for worker at rmi://ip-10-32-49-81.eu-west-1.compute.internal:51030/2 completed (2012-09-08 08:33:06)
Progress(36) at 2012-09-08 08:33:15: 17351361 states generated (73,106 s/min), 14796731 distinct states found (60,854 ds/min), 719754 states left on queue.
Progress(39) at 2012-09-08 08:34:15: 17663024 states generated (311,663 s/min), 15047615 distinct states found (250,884 ds/min), 642276 states left on queue.
Registration for worker at rmi://ip-10-32-50-7.eu-west-1.compute.internal:43760/5 completed (2012-09-08 08:34:17)
Registration for worker at rmi://ip-10-32-50-7.eu-west-1.compute.internal:43760/4 completed (2012-09-08 08:34:17)
Registration for worker at rmi://ip-10-32-50-7.eu-west-1.compute.internal:43760/2 completed (2012-09-08 08:34:17)
Registration for worker at rmi://ip-10-32-50-7.eu-west-1.compute.internal:43760/7 completed (2012-09-08 08:34:17)
Registration for worker at rmi://ip-10-32-50-7.eu-west-1.compute.internal:43760/3 completed (2012-09-08 08:34:17)
Registration for worker at rmi://ip-10-32-50-7.eu-west-1.compute.internal:43760/0 completed (2012-09-08 08:34:17)
Registration for worker at rmi://ip-10-32-50-7.eu-west-1.compute.internal:43760/1 completed (2012-09-08 08:34:17)
Registration for worker at rmi://ip-10-32-50-7.eu-west-1.compute.internal:43760/6 completed (2012-09-08 08:34:17)
TLC worker connection lost rmi://ip-10-32-49-81.eu-west-1.compute.internal:51030/3 (2012-09-08 08:34:18)
TLC worker rmi://ip-10-32-49-81.eu-west-1.compute.internal:51030/3 disconnected (2012-09-08 08:34:18)
TLC worker connection lost rmi://ip-10-32-49-81.eu-west-1.compute.internal:51030/1 (2012-09-08 08:34:18)
TLC worker rmi://ip-10-32-49-81.eu-west-1.compute.internal:51030/1 disconnected (2012-09-08 08:34:18)
TLC worker connection lost rmi://ip-10-32-49-81.eu-west-1.compute.internal:51030/6 (2012-09-08 08:34:18)
TLC worker rmi://ip-10-32-49-81.eu-west-1.compute.internal:51030/6 disconnected (2012-09-08 08:34:18)
TLC worker connection lost rmi://ip-10-32-49-81.eu-west-1.compute.internal:51030/5 (2012-09-08 08:34:18)
TLC worker rmi://ip-10-32-49-81.eu-west-1.compute.internal:51030/5 disconnected (2012-09-08 08:34:18)
TLC worker connection lost rmi://ip-10-32-49-81.eu-west-1.compute.internal:51030/0 (2012-09-08 08:34:18)
TLC worker rmi://ip-10-32-49-81.eu-west-1.compute.internal:51030/0 disconnected (2012-09-08 08:34:18)
TLC worker connection lost rmi://ip-10-32-49-81.eu-west-1.compute.internal:51030/2 (2012-09-08 08:34:18)
TLC worker rmi://ip-10-32-49-81.eu-west-1.compute.internal:51030/2 disconnected (2012-09-08 08:34:18)
TLC worker connection lost rmi://ip-10-32-49-81.eu-west-1.compute.internal:51030/4 (2012-09-08 08:34:18)
TLC worker rmi://ip-10-32-49-81.eu-west-1.compute.internal:51030/4 disconnected (2012-09-08 08:34:18)
TLC worker connection lost rmi://ip-10-32-49-81.eu-west-1.compute.internal:51030/7 (2012-09-08 08:34:18)
TLC worker rmi://ip-10-32-49-81.eu-west-1.compute.internal:51030/7 disconnected (2012-09-08 08:34:18)
Progress(40) at 2012-09-08 08:35:15: 18002673 states generated (339,649 s/min), 15321230 distinct states found (273,615 ds/min), 587605 states left on queue.
TLC worker connection lost rmi://ip-10-32-50-7.eu-west-1.compute.internal:43760/6 (2012-09-08 08:35:19)
TLC worker rmi://ip-10-32-50-7.eu-west-1.compute.internal:43760/6 disconnected (2012-09-08 08:35:19)
TLC worker connection lost rmi://ip-10-32-50-7.eu-west-1.compute.internal:43760/7 (2012-09-08 08:35:20)
TLC worker rmi://ip-10-32-50-7.eu-west-1.compute.internal:43760/7 disconnected (2012-09-08 08:35:20)
TLC worker connection lost rmi://ip-10-32-50-7.eu-west-1.compute.internal:43760/0 (2012-09-08 08:35:20)
TLC worker rmi://ip-10-32-50-7.eu-west-1.compute.internal:43760/0 disconnected (2012-09-08 08:35:20)
TLC worker connection lost rmi://ip-10-32-50-7.eu-west-1.compute.internal:43760/5 (2012-09-08 08:35:20)
TLC worker rmi://ip-10-32-50-7.eu-west-1.compute.internal:43760/5 disconnected (2012-09-08 08:35:20)
TLC worker connection lost rmi://ip-10-32-50-7.eu-west-1.compute.internal:43760/3 (2012-09-08 08:35:20)
TLC worker rmi://ip-10-32-50-7.eu-west-1.compute.internal:43760/3 disconnected (2012-09-08 08:35:20)
TLC worker connection lost rmi://ip-10-32-50-7.eu-west-1.compute.internal:43760/4 (2012-09-08 08:35:20)
TLC worker rmi://ip-10-32-50-7.eu-west-1.compute.internal:43760/4 disconnected (2012-09-08 08:35:20)
TLC worker connection lost rmi://ip-10-32-50-7.eu-west-1.compute.internal:43760/2 (2012-09-08 08:35:20)
TLC worker rmi://ip-10-32-50-7.eu-west-1.compute.internal:43760/2 disconnected (2012-09-08 08:35:20)
TLC worker connection lost rmi://ip-10-32-50-7.eu-west-1.compute.internal:43760/1 (2012-09-08 08:35:20)
TLC worker rmi://ip-10-32-50-7.eu-west-1.compute.internal:43760/1 disconnected (2012-09-08 08:35:20)
Progress(40) at 2012-09-08 08:36:15: 18065560 states generated (62,887 s/min), 15373572 distinct states found (52,342 ds/min), 574411 states left on queue.
Registration for worker at rmi://ip-10-32-49-81.eu-west-1.compute.internal:51030/1 completed (2012-09-08 08:36:44)
Registration for worker at rmi://ip-10-32-49-81.eu-west-1.compute.internal:51030/5 completed (2012-09-08 08:36:44)
Registration for worker at rmi://ip-10-32-49-81.eu-west-1.compute.internal:51030/2 completed (2012-09-08 08:36:44)
Registration for worker at rmi://ip-10-32-49-81.eu-west-1.compute.internal:51030/4 completed (2012-09-08 08:36:44)
Registration for worker at rmi://ip-10-32-49-81.eu-west-1.compute.internal:51030/0 completed (2012-09-08 08:36:44)
Registration for worker at rmi://ip-10-32-49-81.eu-west-1.compute.internal:51030/6 completed (2012-09-08 08:36:44)
Registration for worker at rmi://ip-10-32-49-81.eu-west-1.compute.internal:51030/3 completed (2012-09-08 08:36:44)
Registration for worker at rmi://ip-10-32-49-81.eu-west-1.compute.internal:51030/7 completed (2012-09-08 08:36:44)
Progress(40) at 2012-09-08 08:37:15: 18185368 states generated (119,808 s/min), 15470826 distinct states found (97,254 ds/min), 540314 states left on queue.
Registration for worker at rmi://ip-10-32-50-7.eu-west-1.compute.internal:43760/0 completed (2012-09-08 08:37:23)
Registration for worker at rmi://ip-10-32-50-7.eu-west-1.compute.internal:43760/6 completed (2012-09-08 08:37:23)
Registration for worker at rmi://ip-10-32-50-7.eu-west-1.compute.internal:43760/5 completed (2012-09-08 08:37:23)
Registration for worker at rmi://ip-10-32-50-7.eu-west-1.compute.internal:43760/7 completed (2012-09-08 08:37:23)
Registration for worker at rmi://ip-10-32-50-7.eu-west-1.compute.internal:43760/3 completed (2012-09-08 08:37:23)
Registration for worker at rmi://ip-10-32-50-7.eu-west-1.compute.internal:43760/1 completed (2012-09-08 08:37:23)
Registration for worker at rmi://ip-10-32-50-7.eu-west-1.compute.internal:43760/2 completed (2012-09-08 08:37:23)
Registration for worker at rmi://ip-10-32-50-7.eu-west-1.compute.internal:43760/4 completed (2012-09-08 08:37:23)
Progress(40) at 2012-09-08 08:38:15: 18745901 states generated (560,533 s/min), 15922088 distinct states found (451,262 ds/min), 400863 states left on queue.
TLC worker connection lost rmi://ip-10-32-50-7.eu-west-1.compute.internal:43760/5 (2012-09-08 08:38:34)
TLC worker rmi://ip-10-32-50-7.eu-west-1.compute.internal:43760/5 disconnected (2012-09-08 08:38:34)
TLC worker connection lost rmi://ip-10-32-50-7.eu-west-1.compute.internal:43760/1 (2012-09-08 08:38:35)
TLC worker rmi://ip-10-32-50-7.eu-west-1.compute.internal:43760/1 disconnected (2012-09-08 08:38:35)
TLC worker connection lost rmi://ip-10-32-50-7.eu-west-1.compute.internal:43760/2 (2012-09-08 08:38:35)
TLC worker rmi://ip-10-32-50-7.eu-west-1.compute.internal:43760/2 disconnected (2012-09-08 08:38:35)
TLC worker connection lost rmi://ip-10-32-50-7.eu-west-1.compute.internal:43760/7 (2012-09-08 08:38:35)
TLC worker rmi://ip-10-32-50-7.eu-west-1.compute.internal:43760/7 disconnected (2012-09-08 08:38:35)
TLC worker connection lost rmi://ip-10-32-50-7.eu-west-1.compute.internal:43760/3 (2012-09-08 08:38:35)
TLC worker rmi://ip-10-32-50-7.eu-west-1.compute.internal:43760/3 disconnected (2012-09-08 08:38:35)
TLC worker connection lost rmi://ip-10-32-50-7.eu-west-1.compute.internal:43760/6 (2012-09-08 08:38:35)
TLC worker rmi://ip-10-32-50-7.eu-west-1.compute.internal:43760/6 disconnected (2012-09-08 08:38:35)
TLC worker connection lost rmi://ip-10-32-50-7.eu-west-1.compute.internal:43760/0 (2012-09-08 08:38:35)
TLC worker rmi://ip-10-32-50-7.eu-west-1.compute.internal:43760/0 disconnected (2012-09-08 08:38:35)
TLC worker connection lost rmi://ip-10-32-50-7.eu-west-1.compute.internal:43760/4 (2012-09-08 08:38:35)
TLC worker rmi://ip-10-32-50-7.eu-west-1.compute.internal:43760/4 disconnected (2012-09-08 08:38:35)
TLC worker connection lost rmi://ip-10-32-49-81.eu-west-1.compute.internal:51030/0 (2012-09-08 08:38:44)
TLC worker rmi://ip-10-32-49-81.eu-west-1.compute.internal:51030/0 disconnected (2012-09-08 08:38:44)
TLC worker connection lost rmi://ip-10-32-49-81.eu-west-1.compute.internal:51030/7 (2012-09-08 08:38:44)
TLC worker rmi://ip-10-32-49-81.eu-west-1.compute.internal:51030/7 disconnected (2012-09-08 08:38:44)
TLC worker connection lost rmi://ip-10-32-49-81.eu-west-1.compute.internal:51030/5 (2012-09-08 08:38:44)
TLC worker rmi://ip-10-32-49-81.eu-west-1.compute.internal:51030/5 disconnected (2012-09-08 08:38:44)
TLC worker connection lost rmi://ip-10-32-49-81.eu-west-1.compute.internal:51030/3 (2012-09-08 08:38:44)
TLC worker rmi://ip-10-32-49-81.eu-west-1.compute.internal:51030/3 disconnected (2012-09-08 08:38:44)
TLC worker connection lost rmi://ip-10-32-49-81.eu-west-1.compute.internal:51030/6 (2012-09-08 08:38:44)
TLC worker rmi://ip-10-32-49-81.eu-west-1.compute.internal:51030/6 disconnected (2012-09-08 08:38:44)
TLC worker connection lost rmi://ip-10-32-49-81.eu-west-1.compute.internal:51030/1 (2012-09-08 08:38:44)
TLC worker rmi://ip-10-32-49-81.eu-west-1.compute.internal:51030/1 disconnected (2012-09-08 08:38:44)
TLC worker connection lost rmi://ip-10-32-49-81.eu-west-1.compute.internal:51030/4 (2012-09-08 08:38:44)
TLC worker rmi://ip-10-32-49-81.eu-west-1.compute.internal:51030/4 disconnected (2012-09-08 08:38:44)
TLC worker connection lost rmi://ip-10-32-49-81.eu-west-1.compute.internal:51030/2 (2012-09-08 08:38:45)
TLC worker rmi://ip-10-32-49-81.eu-west-1.compute.internal:51030/2 disconnected (2012-09-08 08:38:45)
Progress(42) at 2012-09-08 08:39:15: 19047098 states generated (301,197 s/min), 16163732 distinct states found (241,644 ds/min), 314657 states left on queue.
Registration for worker at rmi://ip-10-32-49-81.eu-west-1.compute.internal:51030/4 completed (2012-09-08 08:39:20)
Registration for worker at rmi://ip-10-32-49-81.eu-west-1.compute.internal:51030/3 completed (2012-09-08 08:39:20)
Registration for worker at rmi://ip-10-32-49-81.eu-west-1.compute.internal:51030/5 completed (2012-09-08 08:39:20)
Registration for worker at rmi://ip-10-32-49-81.eu-west-1.compute.internal:51030/2 completed (2012-09-08 08:39:20)
Registration for worker at rmi://ip-10-32-49-81.eu-west-1.compute.internal:51030/0 completed (2012-09-08 08:39:20)
Registration for worker at rmi://ip-10-32-49-81.eu-west-1.compute.internal:51030/7 completed (2012-09-08 08:39:20)
Registration for worker at rmi://ip-10-32-49-81.eu-west-1.compute.internal:51030/6 completed (2012-09-08 08:39:20)
Registration for worker at rmi://ip-10-32-49-81.eu-west-1.compute.internal:51030/1 completed (2012-09-08 08:39:20)
Registration for worker at rmi://ip-10-32-50-7.eu-west-1.compute.internal:43760/7 completed (2012-09-08 08:40:14)
Registration for worker at rmi://ip-10-32-50-7.eu-west-1.compute.internal:43760/4 completed (2012-09-08 08:40:14)
Registration for worker at rmi://ip-10-32-50-7.eu-west-1.compute.internal:43760/1 completed (2012-09-08 08:40:14)
Registration for worker at rmi://ip-10-32-50-7.eu-west-1.compute.internal:43760/2 completed (2012-09-08 08:40:14)
Registration for worker at rmi://ip-10-32-50-7.eu-west-1.compute.internal:43760/0 completed (2012-09-08 08:40:14)
Registration for worker at rmi://ip-10-32-50-7.eu-west-1.compute.internal:43760/5 completed (2012-09-08 08:40:14)
Registration for worker at rmi://ip-10-32-50-7.eu-west-1.compute.internal:43760/6 completed (2012-09-08 08:40:14)
Registration for worker at rmi://ip-10-32-50-7.eu-west-1.compute.internal:43760/3 completed (2012-09-08 08:40:14)
Progress(42) at 2012-09-08 08:40:15: 19293639 states generated (246,541 s/min), 16355287 distinct states found (191,555 ds/min), 243832 states left on queue.
TLC worker rmi://ip-10-32-50-7.eu-west-1.compute.internal:43760/7 disconnected (2012-09-08 08:40:24)
TLC worker rmi://ip-10-32-50-7.eu-west-1.compute.internal:43760/4 disconnected (2012-09-08 08:40:24)
TLC worker rmi://ip-10-32-50-7.eu-west-1.compute.internal:43760/1 disconnected (2012-09-08 08:40:24)
TLC worker rmi://ip-10-32-50-7.eu-west-1.compute.internal:43760/2 disconnected (2012-09-08 08:40:24)
TLC worker rmi://ip-10-32-50-7.eu-west-1.compute.internal:43760/0 disconnected (2012-09-08 08:40:24)
TLC worker rmi://ip-10-32-50-7.eu-west-1.compute.internal:43760/5 disconnected (2012-09-08 08:40:24)
TLC worker rmi://ip-10-32-50-7.eu-west-1.compute.internal:43760/6 disconnected (2012-09-08 08:40:24)
TLC worker rmi://ip-10-32-50-7.eu-west-1.compute.internal:43760/3 disconnected (2012-09-08 08:40:24)
TLC worker connection lost rmi://ip-10-32-50-7.eu-west-1.compute.internal:43760/6 (2012-09-08 08:40:29)
TLC worker connection lost rmi://ip-10-32-50-7.eu-west-1.compute.internal:43760/1 (2012-09-08 08:40:29)
TLC worker connection lost rmi://ip-10-32-50-7.eu-west-1.compute.internal:43760/5 (2012-09-08 08:40:29)
TLC worker connection lost rmi://ip-10-32-50-7.eu-west-1.compute.internal:43760/4 (2012-09-08 08:40:29)
TLC worker connection lost rmi://ip-10-32-50-7.eu-west-1.compute.internal:43760/7 (2012-09-08 08:40:29)
TLC worker connection lost rmi://ip-10-32-50-7.eu-west-1.compute.internal:43760/0 (2012-09-08 08:40:29)
TLC worker connection lost rmi://ip-10-32-50-7.eu-west-1.compute.internal:43760/2 (2012-09-08 08:40:29)
TLC worker connection lost rmi://ip-10-32-50-7.eu-west-1.compute.internal:43760/3 (2012-09-08 08:40:29)
Registration for worker at rmi://ip-10-32-50-7.eu-west-1.compute.internal:43760/5 completed (2012-09-08 08:40:33)
Registration for worker at rmi://ip-10-32-50-7.eu-west-1.compute.internal:43760/4 completed (2012-09-08 08:40:33)
Registration for worker at rmi://ip-10-32-50-7.eu-west-1.compute.internal:43760/1 completed (2012-09-08 08:40:33)
Registration for worker at rmi://ip-10-32-50-7.eu-west-1.compute.internal:43760/2 completed (2012-09-08 08:40:33)
Registration for worker at rmi://ip-10-32-50-7.eu-west-1.compute.internal:43760/0 completed (2012-09-08 08:40:33)
Registration for worker at rmi://ip-10-32-50-7.eu-west-1.compute.internal:43760/7 completed (2012-09-08 08:40:33)
Registration for worker at rmi://ip-10-32-50-7.eu-west-1.compute.internal:43760/3 completed (2012-09-08 08:40:33)
Registration for worker at rmi://ip-10-32-50-7.eu-west-1.compute.internal:43760/6 completed (2012-09-08 08:40:33)
Progress(45) at 2012-09-08 08:41:15: 19795723 states generated (502,084 s/min), 16716259 distinct states found (360,972 ds/min), 83864 states left on queue.
TLC worker connection lost rmi://ip-10-32-49-81.eu-west-1.compute.internal:51030/0 (2012-09-08 08:41:20)
TLC worker rmi://ip-10-32-49-81.eu-west-1.compute.internal:51030/0 disconnected (2012-09-08 08:41:20)
TLC worker connection lost rmi://ip-10-32-49-81.eu-west-1.compute.internal:51030/3 (2012-09-08 08:41:20)
TLC worker rmi://ip-10-32-49-81.eu-west-1.compute.internal:51030/3 disconnected (2012-09-08 08:41:20)
TLC worker connection lost rmi://ip-10-32-49-81.eu-west-1.compute.internal:51030/1 (2012-09-08 08:41:20)
TLC worker rmi://ip-10-32-49-81.eu-west-1.compute.internal:51030/1 disconnected (2012-09-08 08:41:20)
TLC worker connection lost rmi://ip-10-32-49-81.eu-west-1.compute.internal:51030/4 (2012-09-08 08:41:20)
TLC worker rmi://ip-10-32-49-81.eu-west-1.compute.internal:51030/4 disconnected (2012-09-08 08:41:20)
TLC worker connection lost rmi://ip-10-32-49-81.eu-west-1.compute.internal:51030/2 (2012-09-08 08:41:21)
TLC worker rmi://ip-10-32-49-81.eu-west-1.compute.internal:51030/2 disconnected (2012-09-08 08:41:21)
TLC worker connection lost rmi://ip-10-32-49-81.eu-west-1.compute.internal:51030/7 (2012-09-08 08:41:22)
TLC worker rmi://ip-10-32-49-81.eu-west-1.compute.internal:51030/7 disconnected (2012-09-08 08:41:22)
TLC worker connection lost rmi://ip-10-32-49-81.eu-west-1.compute.internal:51030/5 (2012-09-08 08:41:23)
TLC worker rmi://ip-10-32-49-81.eu-west-1.compute.internal:51030/5 disconnected (2012-09-08 08:41:23)
TLC worker connection lost rmi://ip-10-32-49-81.eu-west-1.compute.internal:51030/6 (2012-09-08 08:41:24)
TLC worker rmi://ip-10-32-49-81.eu-west-1.compute.internal:51030/6 disconnected (2012-09-08 08:41:24)
Worker: rmi://ip-10-32-50-7.eu-west-1.compute.internal:43760/7 Sent: 36468 Rcvd: 24189 CacheRatio: 0.044 (2012-09-08 08:41:32)
Worker: rmi://ip-10-32-50-7.eu-west-1.compute.internal:43760/1 Sent: 36484 Rcvd: 30535 CacheRatio: 0.051 (2012-09-08 08:41:32)
Worker: rmi://ip-10-32-50-7.eu-west-1.compute.internal:43760/2 Sent: 40359 Rcvd: 43829 CacheRatio: 0.058 (2012-09-08 08:41:32)
Worker: rmi://ip-10-32-50-7.eu-west-1.compute.internal:43760/6 Sent: 36979 Rcvd: 12881 CacheRatio: 0.034 (2012-09-08 08:41:32)
Worker: rmi://ip-10-32-50-7.eu-west-1.compute.internal:43760/4 Sent: 38142 Rcvd: 42907 CacheRatio: 0.036 (2012-09-08 08:41:32)
Worker: rmi://ip-10-32-50-7.eu-west-1.compute.internal:43760/0 Sent: 36299 Rcvd: 48681 CacheRatio: 0.034 (2012-09-08 08:41:32)
Worker: rmi://ip-10-32-50-7.eu-west-1.compute.internal:43760/3 Sent: 37202 Rcvd: 20948 CacheRatio: 0.041 (2012-09-08 08:41:32)
Worker: rmi://ip-10-32-50-7.eu-west-1.compute.internal:43760/5 Sent: 36874 Rcvd: 19314 CacheRatio: 0.031 (2012-09-08 08:41:32)
Model checking completed. No error has been found.
  Estimates of the probability that TLC did not check all reachable states
  because two distinct states had the same fingerprint:
  calculated (optimistic):  val = 0.0
  based on the actual fingerprints:  val = 7.9E-11
19911412 states generated, 16777216 distinct states found, 0 states left on queue.
The depth of the complete state graph search is 45.
Finished. (2012-09-08 08:41:46)
ip-10-32-49-103, work completed. Thank you!
