Listening for transport dt_socket at address: 1044
TLC2 Version 2.05 of 7 November 2012
Running in Model-Checking mode.
Parsing file l10_n6.tla
Parsing file GridPerformanceTest.tla
Parsing file /mnt/tlc/3021/tla/tla2sany/StandardModules/TLC.tla
Parsing file /mnt/tlc/3021/tla/tla2sany/StandardModules/Integers.tla
Parsing file /mnt/tlc/3021/tla/tla2sany/StandardModules/FiniteSets.tla
Parsing file /mnt/tlc/3021/tla/tla2sany/StandardModules/Naturals.tla
Parsing file /mnt/tlc/3021/tla/tla2sany/StandardModules/Sequences.tla
Semantic processing of module Naturals
Semantic processing of module Integers
Semantic processing of module Sequences
Semantic processing of module FiniteSets
Semantic processing of module GridPerformanceTest
Semantic processing of module TLC
Semantic processing of module l10_n6
Starting... (2013-01-15 17:09:35)
Computing initial states...
Finished computing initial states: 1 distinct state generated.
Progress(10) at 2013-01-15 17:09:57: 11235 states generated (11,235 s/min), 3308 distinct states found (3,308 ds/min), 1435 states left on queue.
Progress(19) at 2013-01-15 17:10:57: 351108 states generated (339,872 s/min), 73468 distinct states found (70,160 ds/min), 14950 states left on queue.
Progress(22) at 2013-01-15 17:11:57: 708459 states generated (357,352 s/min), 136634 distinct states found (63,166 ds/min), 18557 states left on queue.
Progress(26) at 2013-01-15 17:12:57: 1068952 states generated (360,492 s/min), 194165 distinct states found (57,531 ds/min), 16006 states left on queue.
Progress(31) at 2013-01-15 17:13:57: 1429516 states generated (360,564 s/min), 245290 distinct states found (51,125 ds/min), 7037 states left on queue.
Model checking completed. No error has been found.
  Estimates of the probability that TLC did not check all reachable states
  because two distinct states had the same fingerprint:
  calculated (optimistic):  val = 1.9E-8
  based on the actual fingerprints:  val = 2.0E-12
1572865 states generated, 262144 distinct states found, 0 states left on queue.
The depth of the complete state graph search is 43.
Finished. (2013-01-15 17:14:32)
