Listening for transport dt_socket at address: 1044
TLC Server Version 2.05 of 24 October 2012
Parsing file /mnt/tlc/5649/spec/l10_n8.tla
Parsing file /mnt/tlc/5649/spec/GridPerformanceTest.tla
Parsing file /mnt/tlc/5649/tla/tla2sany/StandardModules/TLC.tla
Parsing file /mnt/tlc/5649/tla/tla2sany/StandardModules/Integers.tla
Parsing file /mnt/tlc/5649/tla/tla2sany/StandardModules/FiniteSets.tla
Parsing file /mnt/tlc/5649/tla/tla2sany/StandardModules/Naturals.tla
Parsing file /mnt/tlc/5649/tla/tla2sany/StandardModules/Sequences.tla
Semantic processing of module Naturals
Semantic processing of module Integers
Semantic processing of module Sequences
Semantic processing of module FiniteSets
Semantic processing of module GridPerformanceTest
Semantic processing of module TLC
Semantic processing of module l10_n8
Starting... (2012-11-05 11:58:30)
Computing initial states...
Finished computing initial states: 1 distinct state(s) generated.
TLC server at ip-10-32-53-224 is ready (2012-11-05 11:59:10)
Done waiting for FPSet server(s) (2012-11-05 11:59:10)
Registration for worker at rmi://ip-10-32-41-198.eu-west-1.compute.internal:57201/2 completed (2012-11-05 11:59:20)
Registration for worker at rmi://ip-10-32-41-198.eu-west-1.compute.internal:57201/7 completed (2012-11-05 11:59:20)
Registration for worker at rmi://ip-10-32-41-198.eu-west-1.compute.internal:57201/1 completed (2012-11-05 11:59:20)
Registration for worker at rmi://ip-10-32-41-198.eu-west-1.compute.internal:57201/4 completed (2012-11-05 11:59:20)
Registration for worker at rmi://ip-10-32-41-198.eu-west-1.compute.internal:57201/0 completed (2012-11-05 11:59:20)
Registration for worker at rmi://ip-10-32-41-198.eu-west-1.compute.internal:57201/6 completed (2012-11-05 11:59:20)
Registration for worker at rmi://ip-10-32-41-198.eu-west-1.compute.internal:57201/3 completed (2012-11-05 11:59:20)
Registration for worker at rmi://ip-10-32-41-198.eu-west-1.compute.internal:57201/5 completed (2012-11-05 11:59:20)
Registration for worker at rmi://ip-10-32-42-88.eu-west-1.compute.internal:55812/3 completed (2012-11-05 11:59:20)
Registration for worker at rmi://ip-10-32-42-88.eu-west-1.compute.internal:55812/0 completed (2012-11-05 11:59:20)
Registration for worker at rmi://ip-10-32-42-88.eu-west-1.compute.internal:55812/7 completed (2012-11-05 11:59:21)
Registration for worker at rmi://ip-10-32-42-88.eu-west-1.compute.internal:55812/1 completed (2012-11-05 11:59:21)
Registration for worker at rmi://ip-10-32-42-88.eu-west-1.compute.internal:55812/5 completed (2012-11-05 11:59:21)
Registration for worker at rmi://ip-10-32-42-88.eu-west-1.compute.internal:55812/4 completed (2012-11-05 11:59:21)
Registration for worker at rmi://ip-10-32-42-88.eu-west-1.compute.internal:55812/6 completed (2012-11-05 11:59:21)
Registration for worker at rmi://ip-10-32-42-88.eu-west-1.compute.internal:55812/2 completed (2012-11-05 11:59:21)
Registration for worker at rmi://ip-10-32-54-244.eu-west-1.compute.internal:50684/1 completed (2012-11-05 11:59:21)
Registration for worker at rmi://ip-10-32-54-244.eu-west-1.compute.internal:50684/7 completed (2012-11-05 11:59:21)
Registration for worker at rmi://ip-10-32-54-244.eu-west-1.compute.internal:50684/4 completed (2012-11-05 11:59:21)
Registration for worker at rmi://ip-10-32-54-244.eu-west-1.compute.internal:50684/0 completed (2012-11-05 11:59:21)
Registration for worker at rmi://ip-10-32-54-244.eu-west-1.compute.internal:50684/3 completed (2012-11-05 11:59:21)
Registration for worker at rmi://ip-10-32-54-244.eu-west-1.compute.internal:50684/5 completed (2012-11-05 11:59:21)
Registration for worker at rmi://ip-10-32-54-244.eu-west-1.compute.internal:50684/2 completed (2012-11-05 11:59:21)
Registration for worker at rmi://ip-10-32-54-244.eu-west-1.compute.internal:50684/6 completed (2012-11-05 11:59:21)
Registration for worker at rmi://ip-10-32-43-29.eu-west-1.compute.internal:49899/1 completed (2012-11-05 11:59:21)
Registration for worker at rmi://ip-10-32-43-29.eu-west-1.compute.internal:49899/2 completed (2012-11-05 11:59:21)
Registration for worker at rmi://ip-10-32-43-29.eu-west-1.compute.internal:49899/6 completed (2012-11-05 11:59:21)
Registration for worker at rmi://ip-10-32-43-29.eu-west-1.compute.internal:49899/7 completed (2012-11-05 11:59:21)
Registration for worker at rmi://ip-10-32-43-29.eu-west-1.compute.internal:49899/5 completed (2012-11-05 11:59:21)
Registration for worker at rmi://ip-10-32-43-29.eu-west-1.compute.internal:49899/0 completed (2012-11-05 11:59:21)
Registration for worker at rmi://ip-10-32-43-29.eu-west-1.compute.internal:49899/3 completed (2012-11-05 11:59:21)
Registration for worker at rmi://ip-10-32-43-29.eu-west-1.compute.internal:49899/4 completed (2012-11-05 11:59:21)
Registration for worker at rmi://ip-10-32-53-163.eu-west-1.compute.internal:41508/4 completed (2012-11-05 11:59:22)
Registration for worker at rmi://ip-10-32-53-163.eu-west-1.compute.internal:41508/1 completed (2012-11-05 11:59:22)
Registration for worker at rmi://ip-10-32-53-163.eu-west-1.compute.internal:41508/0 completed (2012-11-05 11:59:22)
Registration for worker at rmi://ip-10-32-53-163.eu-west-1.compute.internal:41508/7 completed (2012-11-05 11:59:22)
Registration for worker at rmi://ip-10-32-53-163.eu-west-1.compute.internal:41508/2 completed (2012-11-05 11:59:22)
Registration for worker at rmi://ip-10-32-53-163.eu-west-1.compute.internal:41508/5 completed (2012-11-05 11:59:22)
Registration for worker at rmi://ip-10-32-53-163.eu-west-1.compute.internal:41508/6 completed (2012-11-05 11:59:22)
Registration for worker at rmi://ip-10-32-53-163.eu-west-1.compute.internal:41508/3 completed (2012-11-05 11:59:22)
Registration for worker at rmi://ip-10-32-53-170.eu-west-1.compute.internal:34580/2 completed (2012-11-05 11:59:22)
Registration for worker at rmi://ip-10-32-53-170.eu-west-1.compute.internal:34580/1 completed (2012-11-05 11:59:22)
Registration for worker at rmi://ip-10-32-53-170.eu-west-1.compute.internal:34580/7 completed (2012-11-05 11:59:22)
Registration for worker at rmi://ip-10-32-53-170.eu-west-1.compute.internal:34580/4 completed (2012-11-05 11:59:22)
Registration for worker at rmi://ip-10-32-53-170.eu-west-1.compute.internal:34580/6 completed (2012-11-05 11:59:22)
Registration for worker at rmi://ip-10-32-53-170.eu-west-1.compute.internal:34580/3 completed (2012-11-05 11:59:22)
Registration for worker at rmi://ip-10-32-53-170.eu-west-1.compute.internal:34580/0 completed (2012-11-05 11:59:22)
Registration for worker at rmi://ip-10-32-53-170.eu-west-1.compute.internal:34580/5 completed (2012-11-05 11:59:22)
Registration for worker at rmi://ip-10-32-43-236.eu-west-1.compute.internal:39379/3 completed (2012-11-05 11:59:22)
Registration for worker at rmi://ip-10-32-43-236.eu-west-1.compute.internal:39379/1 completed (2012-11-05 11:59:22)
Registration for worker at rmi://ip-10-32-43-236.eu-west-1.compute.internal:39379/0 completed (2012-11-05 11:59:22)
Registration for worker at rmi://ip-10-32-43-236.eu-west-1.compute.internal:39379/6 completed (2012-11-05 11:59:22)
Registration for worker at rmi://ip-10-32-43-236.eu-west-1.compute.internal:39379/7 completed (2012-11-05 11:59:22)
Registration for worker at rmi://ip-10-32-43-236.eu-west-1.compute.internal:39379/2 completed (2012-11-05 11:59:22)
Registration for worker at rmi://ip-10-32-43-236.eu-west-1.compute.internal:39379/4 completed (2012-11-05 11:59:22)
Registration for worker at rmi://ip-10-32-43-236.eu-west-1.compute.internal:39379/5 completed (2012-11-05 11:59:22)
Registration for worker at rmi://ip-10-32-50-183.eu-west-1.compute.internal:51775/6 completed (2012-11-05 11:59:22)
Registration for worker at rmi://ip-10-32-50-183.eu-west-1.compute.internal:51775/2 completed (2012-11-05 11:59:22)
Registration for worker at rmi://ip-10-32-50-183.eu-west-1.compute.internal:51775/0 completed (2012-11-05 11:59:22)
Registration for worker at rmi://ip-10-32-50-183.eu-west-1.compute.internal:51775/7 completed (2012-11-05 11:59:22)
Registration for worker at rmi://ip-10-32-50-183.eu-west-1.compute.internal:51775/1 completed (2012-11-05 11:59:22)
Registration for worker at rmi://ip-10-32-50-183.eu-west-1.compute.internal:51775/3 completed (2012-11-05 11:59:22)
Registration for worker at rmi://ip-10-32-50-183.eu-west-1.compute.internal:51775/5 completed (2012-11-05 11:59:22)
Registration for worker at rmi://ip-10-32-50-183.eu-west-1.compute.internal:51775/4 completed (2012-11-05 11:59:22)
Registration for worker at rmi://ip-10-32-54-224.eu-west-1.compute.internal:39666/3 completed (2012-11-05 11:59:22)
Registration for worker at rmi://ip-10-32-54-224.eu-west-1.compute.internal:39666/4 completed (2012-11-05 11:59:22)
Registration for worker at rmi://ip-10-32-54-224.eu-west-1.compute.internal:39666/0 completed (2012-11-05 11:59:22)
Registration for worker at rmi://ip-10-32-54-224.eu-west-1.compute.internal:39666/6 completed (2012-11-05 11:59:22)
Registration for worker at rmi://ip-10-32-54-224.eu-west-1.compute.internal:39666/1 completed (2012-11-05 11:59:22)
Registration for worker at rmi://ip-10-32-54-224.eu-west-1.compute.internal:39666/5 completed (2012-11-05 11:59:22)
Registration for worker at rmi://ip-10-32-54-224.eu-west-1.compute.internal:39666/7 completed (2012-11-05 11:59:22)
Registration for worker at rmi://ip-10-32-49-215.eu-west-1.compute.internal:58823/3 completed (2012-11-05 11:59:22)
Registration for worker at rmi://ip-10-32-49-215.eu-west-1.compute.internal:58823/2 completed (2012-11-05 11:59:22)
Registration for worker at rmi://ip-10-32-49-215.eu-west-1.compute.internal:58823/1 completed (2012-11-05 11:59:22)
Registration for worker at rmi://ip-10-32-49-215.eu-west-1.compute.internal:58823/0 completed (2012-11-05 11:59:22)
Registration for worker at rmi://ip-10-32-49-215.eu-west-1.compute.internal:58823/5 completed (2012-11-05 11:59:22)
Registration for worker at rmi://ip-10-32-49-215.eu-west-1.compute.internal:58823/7 completed (2012-11-05 11:59:22)
Registration for worker at rmi://ip-10-32-49-215.eu-west-1.compute.internal:58823/4 completed (2012-11-05 11:59:22)
Registration for worker at rmi://ip-10-32-49-215.eu-west-1.compute.internal:58823/6 completed (2012-11-05 11:59:22)
Registration for worker at rmi://ip-10-32-50-236.eu-west-1.compute.internal:60373/1 completed (2012-11-05 11:59:22)
Registration for worker at rmi://ip-10-32-50-236.eu-west-1.compute.internal:60373/7 completed (2012-11-05 11:59:22)
Registration for worker at rmi://ip-10-32-50-236.eu-west-1.compute.internal:60373/4 completed (2012-11-05 11:59:22)
Registration for worker at rmi://ip-10-32-50-236.eu-west-1.compute.internal:60373/5 completed (2012-11-05 11:59:22)
Registration for worker at rmi://ip-10-32-50-236.eu-west-1.compute.internal:60373/0 completed (2012-11-05 11:59:22)
Registration for worker at rmi://ip-10-32-50-236.eu-west-1.compute.internal:60373/6 completed (2012-11-05 11:59:22)
Registration for worker at rmi://ip-10-32-50-236.eu-west-1.compute.internal:60373/3 completed (2012-11-05 11:59:22)
Registration for worker at rmi://ip-10-32-50-236.eu-west-1.compute.internal:60373/2 completed (2012-11-05 11:59:22)
Registration for worker at rmi://ip-10-32-53-173.eu-west-1.compute.internal:35870/0 completed (2012-11-05 11:59:22)
Registration for worker at rmi://ip-10-32-53-173.eu-west-1.compute.internal:35870/1 completed (2012-11-05 11:59:22)
Registration for worker at rmi://ip-10-32-53-173.eu-west-1.compute.internal:35870/3 completed (2012-11-05 11:59:22)
Registration for worker at rmi://ip-10-32-53-173.eu-west-1.compute.internal:35870/2 completed (2012-11-05 11:59:22)
Registration for worker at rmi://ip-10-32-53-173.eu-west-1.compute.internal:35870/5 completed (2012-11-05 11:59:22)
Registration for worker at rmi://ip-10-32-53-173.eu-west-1.compute.internal:35870/7 completed (2012-11-05 11:59:22)
Registration for worker at rmi://ip-10-32-53-173.eu-west-1.compute.internal:35870/6 completed (2012-11-05 11:59:22)
Registration for worker at rmi://ip-10-32-53-173.eu-west-1.compute.internal:35870/4 completed (2012-11-05 11:59:22)
Registration for worker at rmi://ip-10-32-53-134.eu-west-1.compute.internal:55510/1 completed (2012-11-05 11:59:22)
Registration for worker at rmi://ip-10-32-53-134.eu-west-1.compute.internal:55510/0 completed (2012-11-05 11:59:22)
Registration for worker at rmi://ip-10-32-53-134.eu-west-1.compute.internal:55510/6 completed (2012-11-05 11:59:22)
Registration for worker at rmi://ip-10-32-53-134.eu-west-1.compute.internal:55510/3 completed (2012-11-05 11:59:22)
Registration for worker at rmi://ip-10-32-53-134.eu-west-1.compute.internal:55510/4 completed (2012-11-05 11:59:22)
Registration for worker at rmi://ip-10-32-53-134.eu-west-1.compute.internal:55510/7 completed (2012-11-05 11:59:22)
Registration for worker at rmi://ip-10-32-53-134.eu-west-1.compute.internal:55510/5 completed (2012-11-05 11:59:22)
Registration for worker at rmi://ip-10-32-53-134.eu-west-1.compute.internal:55510/2 completed (2012-11-05 11:59:22)
Registration for worker at rmi://ip-10-32-54-119.eu-west-1.compute.internal:40094/2 completed (2012-11-05 11:59:22)
Registration for worker at rmi://ip-10-32-54-119.eu-west-1.compute.internal:40094/7 completed (2012-11-05 11:59:22)
Registration for worker at rmi://ip-10-32-54-119.eu-west-1.compute.internal:40094/5 completed (2012-11-05 11:59:22)
Registration for worker at rmi://ip-10-32-54-119.eu-west-1.compute.internal:40094/4 completed (2012-11-05 11:59:22)
Registration for worker at rmi://ip-10-32-54-119.eu-west-1.compute.internal:40094/1 completed (2012-11-05 11:59:22)
Registration for worker at rmi://ip-10-32-54-119.eu-west-1.compute.internal:40094/0 completed (2012-11-05 11:59:22)
Registration for worker at rmi://ip-10-32-54-119.eu-west-1.compute.internal:40094/3 completed (2012-11-05 11:59:22)
Registration for worker at rmi://ip-10-32-54-119.eu-west-1.compute.internal:40094/6 completed (2012-11-05 11:59:22)
Registration for worker at rmi://ip-10-32-54-37.eu-west-1.compute.internal:53234/4 completed (2012-11-05 11:59:23)
Registration for worker at rmi://ip-10-32-54-37.eu-west-1.compute.internal:53234/0 completed (2012-11-05 11:59:23)
Registration for worker at rmi://ip-10-32-54-37.eu-west-1.compute.internal:53234/1 completed (2012-11-05 11:59:23)
Registration for worker at rmi://ip-10-32-54-37.eu-west-1.compute.internal:53234/2 completed (2012-11-05 11:59:23)
Registration for worker at rmi://ip-10-32-54-37.eu-west-1.compute.internal:53234/6 completed (2012-11-05 11:59:23)
Registration for worker at rmi://ip-10-32-54-37.eu-west-1.compute.internal:53234/5 completed (2012-11-05 11:59:23)
Registration for worker at rmi://ip-10-32-54-37.eu-west-1.compute.internal:53234/3 completed (2012-11-05 11:59:23)
Registration for worker at rmi://ip-10-32-54-37.eu-west-1.compute.internal:53234/7 completed (2012-11-05 11:59:23)
Registration for worker at rmi://ip-10-32-54-123.eu-west-1.compute.internal:53590/7 completed (2012-11-05 11:59:23)
Registration for worker at rmi://ip-10-32-54-123.eu-west-1.compute.internal:53590/1 completed (2012-11-05 11:59:23)
Registration for worker at rmi://ip-10-32-54-123.eu-west-1.compute.internal:53590/3 completed (2012-11-05 11:59:23)
Registration for worker at rmi://ip-10-32-54-123.eu-west-1.compute.internal:53590/6 completed (2012-11-05 11:59:23)
Registration for worker at rmi://ip-10-32-54-123.eu-west-1.compute.internal:53590/5 completed (2012-11-05 11:59:23)
Registration for worker at rmi://ip-10-32-54-123.eu-west-1.compute.internal:53590/0 completed (2012-11-05 11:59:23)
Registration for worker at rmi://ip-10-32-54-123.eu-west-1.compute.internal:53590/2 completed (2012-11-05 11:59:23)
Registration for worker at rmi://ip-10-32-54-123.eu-west-1.compute.internal:53590/4 completed (2012-11-05 11:59:23)
Registration for worker at rmi://ip-10-32-54-110.eu-west-1.compute.internal:43842/3 completed (2012-11-05 11:59:23)
Registration for worker at rmi://ip-10-32-54-110.eu-west-1.compute.internal:43842/7 completed (2012-11-05 11:59:23)
Registration for worker at rmi://ip-10-32-54-110.eu-west-1.compute.internal:43842/4 completed (2012-11-05 11:59:23)
Registration for worker at rmi://ip-10-32-54-110.eu-west-1.compute.internal:43842/6 completed (2012-11-05 11:59:23)
Registration for worker at rmi://ip-10-32-54-110.eu-west-1.compute.internal:43842/5 completed (2012-11-05 11:59:23)
Registration for worker at rmi://ip-10-32-54-110.eu-west-1.compute.internal:43842/2 completed (2012-11-05 11:59:23)
Registration for worker at rmi://ip-10-32-54-213.eu-west-1.compute.internal:44014/3 completed (2012-11-05 11:59:25)
Registration for worker at rmi://ip-10-32-54-213.eu-west-1.compute.internal:44014/6 completed (2012-11-05 11:59:25)
Registration for worker at rmi://ip-10-32-54-213.eu-west-1.compute.internal:44014/7 completed (2012-11-05 11:59:25)
Registration for worker at rmi://ip-10-32-54-213.eu-west-1.compute.internal:44014/5 completed (2012-11-05 11:59:25)
Registration for worker at rmi://ip-10-32-54-213.eu-west-1.compute.internal:44014/2 completed (2012-11-05 11:59:25)
Registration for worker at rmi://ip-10-32-54-213.eu-west-1.compute.internal:44014/1 completed (2012-11-05 11:59:25)
Registration for worker at rmi://ip-10-32-54-213.eu-west-1.compute.internal:44014/4 completed (2012-11-05 11:59:25)
Registration for worker at rmi://ip-10-32-54-213.eu-west-1.compute.internal:44014/0 completed (2012-11-05 11:59:25)
Progress(29) at 2012-11-05 12:00:10: 41581836 states generated (41,581,836 s/min), 6568701 distinct states found (6,568,701 ds/min), 2178288 states left on queue.
Progress(32) at 2012-11-05 12:01:17: 101270386 states generated (59,688,550 s/min), 13073229 distinct states found (6,504,528 ds/min), 2048002 states left on queue.
Worker: rmi://ip-10-32-54-123.eu-west-1.compute.internal:53590/1 Sent: 119272 Rcvd: 107943 CacheRatio: 0.03 (2012-11-05 12:02:10)
Worker: rmi://ip-10-32-54-213.eu-west-1.compute.internal:44014/7 Sent: 111011 Rcvd: 108747 CacheRatio: 0.02 (2012-11-05 12:02:10)
Worker: rmi://ip-10-32-54-119.eu-west-1.compute.internal:40094/1 Sent: 117310 Rcvd: 102062 CacheRatio: 0.03 (2012-11-05 12:02:10)
Worker: rmi://ip-10-32-49-215.eu-west-1.compute.internal:58823/4 Sent: 121433 Rcvd: 136213 CacheRatio: 0.03 (2012-11-05 12:02:10)
Worker: rmi://ip-10-32-54-244.eu-west-1.compute.internal:50684/5 Sent: 129045 Rcvd: 228553 CacheRatio: 0.03 (2012-11-05 12:02:10)
Worker: rmi://ip-10-32-43-236.eu-west-1.compute.internal:39379/4 Sent: 110393 Rcvd: 56990 CacheRatio: 0.03 (2012-11-05 12:02:10)
Worker: rmi://ip-10-32-50-183.eu-west-1.compute.internal:51775/1 Sent: 144125 Rcvd: 299131 CacheRatio: 0.03 (2012-11-05 12:02:10)
Worker: rmi://ip-10-32-43-236.eu-west-1.compute.internal:39379/2 Sent: 110544 Rcvd: 78350 CacheRatio: 0.03 (2012-11-05 12:02:10)
Worker: rmi://ip-10-32-43-236.eu-west-1.compute.internal:39379/5 Sent: 109859 Rcvd: 75129 CacheRatio: 0.03 (2012-11-05 12:02:10)
Worker: rmi://ip-10-32-43-236.eu-west-1.compute.internal:39379/3 Sent: 110729 Rcvd: 74453 CacheRatio: 0.04 (2012-11-05 12:02:10)
Worker: rmi://ip-10-32-41-198.eu-west-1.compute.internal:57201/7 Sent: 122436 Rcvd: 139938 CacheRatio: 0.03 (2012-11-05 12:02:10)
Worker: rmi://ip-10-32-53-134.eu-west-1.compute.internal:55510/7 Sent: 108967 Rcvd: 69542 CacheRatio: 0.03 (2012-11-05 12:02:10)
Worker: rmi://ip-10-32-50-183.eu-west-1.compute.internal:51775/5 Sent: 144004 Rcvd: 286160 CacheRatio: 0.02 (2012-11-05 12:02:10)
Worker: rmi://ip-10-32-54-123.eu-west-1.compute.internal:53590/2 Sent: 119128 Rcvd: 131801 CacheRatio: 0.03 (2012-11-05 12:02:10)
Worker: rmi://ip-10-32-53-163.eu-west-1.compute.internal:41508/5 Sent: 115189 Rcvd: 82457 CacheRatio: 0.03 (2012-11-05 12:02:10)
Worker: rmi://ip-10-32-53-173.eu-west-1.compute.internal:35870/3 Sent: 114575 Rcvd: 77756 CacheRatio: 0.03 (2012-11-05 12:02:10)
Worker: rmi://ip-10-32-50-183.eu-west-1.compute.internal:51775/0 Sent: 143073 Rcvd: 307643 CacheRatio: 0.03 (2012-11-05 12:02:10)
Worker: rmi://ip-10-32-54-213.eu-west-1.compute.internal:44014/0 Sent: 112447 Rcvd: 83160 CacheRatio: 0.02 (2012-11-05 12:02:10)
Worker: rmi://ip-10-32-53-170.eu-west-1.compute.internal:34580/6 Sent: 127140 Rcvd: 183426 CacheRatio: 0.03 (2012-11-05 12:02:10)
Worker: rmi://ip-10-32-54-110.eu-west-1.compute.internal:43842/2 Sent: 118891 Rcvd: 148792 CacheRatio: 0.03 (2012-11-05 12:02:10)
Worker: rmi://ip-10-32-49-215.eu-west-1.compute.internal:58823/7 Sent: 120586 Rcvd: 149630 CacheRatio: 0.02 (2012-11-05 12:02:10)
Worker: rmi://ip-10-32-43-236.eu-west-1.compute.internal:39379/0 Sent: 110936 Rcvd: 63826 CacheRatio: 0.03 (2012-11-05 12:02:10)
Worker: rmi://ip-10-32-43-236.eu-west-1.compute.internal:39379/1 Sent: 111009 Rcvd: 74346 CacheRatio: 0.03 (2012-11-05 12:02:10)
Worker: rmi://ip-10-32-54-119.eu-west-1.compute.internal:40094/2 Sent: 118108 Rcvd: 113493 CacheRatio: 0.03 (2012-11-05 12:02:10)
Worker: rmi://ip-10-32-54-213.eu-west-1.compute.internal:44014/1 Sent: 111761 Rcvd: 76404 CacheRatio: 0.03 (2012-11-05 12:02:10)
Worker: rmi://ip-10-32-53-163.eu-west-1.compute.internal:41508/1 Sent: 118127 Rcvd: 93796 CacheRatio: 0.03 (2012-11-05 12:02:10)
Worker: rmi://ip-10-32-54-37.eu-west-1.compute.internal:53234/6 Sent: 118479 Rcvd: 122090 CacheRatio: 0.03 (2012-11-05 12:02:10)
Worker: rmi://ip-10-32-54-213.eu-west-1.compute.internal:44014/2 Sent: 112884 Rcvd: 77571 CacheRatio: 0.03 (2012-11-05 12:02:10)
Worker: rmi://ip-10-32-50-236.eu-west-1.compute.internal:60373/6 Sent: 111541 Rcvd: 62712 CacheRatio: 0.03 (2012-11-05 12:02:10)
Worker: rmi://ip-10-32-53-163.eu-west-1.compute.internal:41508/3 Sent: 114371 Rcvd: 91489 CacheRatio: 0.03 (2012-11-05 12:02:10)
Worker: rmi://ip-10-32-54-110.eu-west-1.compute.internal:43842/3 Sent: 118725 Rcvd: 159453 CacheRatio: 0.02 (2012-11-05 12:02:10)
Worker: rmi://ip-10-32-43-29.eu-west-1.compute.internal:49899/1 Sent: 117028 Rcvd: 93827 CacheRatio: 0.03 (2012-11-05 12:02:10)
Worker: rmi://ip-10-32-53-173.eu-west-1.compute.internal:35870/0 Sent: 115233 Rcvd: 78691 CacheRatio: 0.02 (2012-11-05 12:02:10)
Worker: rmi://ip-10-32-54-119.eu-west-1.compute.internal:40094/5 Sent: 117678 Rcvd: 110420 CacheRatio: 0.03 (2012-11-05 12:02:10)
Worker: rmi://ip-10-32-54-110.eu-west-1.compute.internal:43842/4 Sent: 118326 Rcvd: 133352 CacheRatio: 0.03 (2012-11-05 12:02:10)
Worker: rmi://ip-10-32-50-183.eu-west-1.compute.internal:51775/4 Sent: 144552 Rcvd: 298798 CacheRatio: 0.03 (2012-11-05 12:02:10)
Worker: rmi://ip-10-32-53-134.eu-west-1.compute.internal:55510/5 Sent: 110496 Rcvd: 43799 CacheRatio: 0.02 (2012-11-05 12:02:10)
Worker: rmi://ip-10-32-54-37.eu-west-1.compute.internal:53234/4 Sent: 119587 Rcvd: 124606 CacheRatio: 0.03 (2012-11-05 12:02:10)
Worker: rmi://ip-10-32-54-119.eu-west-1.compute.internal:40094/3 Sent: 117985 Rcvd: 119991 CacheRatio: 0.02 (2012-11-05 12:02:10)
Worker: rmi://ip-10-32-49-215.eu-west-1.compute.internal:58823/3 Sent: 124570 Rcvd: 122192 CacheRatio: 0.03 (2012-11-05 12:02:10)
Worker: rmi://ip-10-32-53-163.eu-west-1.compute.internal:41508/0 Sent: 117262 Rcvd: 91573 CacheRatio: 0.04 (2012-11-05 12:02:10)
Worker: rmi://ip-10-32-53-173.eu-west-1.compute.internal:35870/5 Sent: 115282 Rcvd: 85313 CacheRatio: 0.03 (2012-11-05 12:02:10)
Worker: rmi://ip-10-32-50-183.eu-west-1.compute.internal:51775/7 Sent: 145395 Rcvd: 325137 CacheRatio: 0.03 (2012-11-05 12:02:10)
Worker: rmi://ip-10-32-54-123.eu-west-1.compute.internal:53590/5 Sent: 119194 Rcvd: 136653 CacheRatio: 0.03 (2012-11-05 12:02:10)
Worker: rmi://ip-10-32-53-170.eu-west-1.compute.internal:34580/2 Sent: 127712 Rcvd: 173805 CacheRatio: 0.03 (2012-11-05 12:02:10)
Worker: rmi://ip-10-32-54-213.eu-west-1.compute.internal:44014/4 Sent: 112376 Rcvd: 71655 CacheRatio: 0.03 (2012-11-05 12:02:10)
Worker: rmi://ip-10-32-54-37.eu-west-1.compute.internal:53234/3 Sent: 120124 Rcvd: 115985 CacheRatio: 0.02 (2012-11-05 12:02:10)
Worker: rmi://ip-10-32-54-224.eu-west-1.compute.internal:39666/0 Sent: 118023 Rcvd: 139459 CacheRatio: 0.03 (2012-11-05 12:02:10)
Worker: rmi://ip-10-32-41-198.eu-west-1.compute.internal:57201/5 Sent: 122863 Rcvd: 155058 CacheRatio: 0.03 (2012-11-05 12:02:10)
Worker: rmi://ip-10-32-41-198.eu-west-1.compute.internal:57201/6 Sent: 121862 Rcvd: 155075 CacheRatio: 0.03 (2012-11-05 12:02:10)
Worker: rmi://ip-10-32-54-119.eu-west-1.compute.internal:40094/6 Sent: 117761 Rcvd: 134162 CacheRatio: 0.03 (2012-11-05 12:02:10)
Worker: rmi://ip-10-32-43-29.eu-west-1.compute.internal:49899/2 Sent: 117775 Rcvd: 108324 CacheRatio: 0.03 (2012-11-05 12:02:10)
Worker: rmi://ip-10-32-54-224.eu-west-1.compute.internal:39666/4 Sent: 119124 Rcvd: 103943 CacheRatio: 0.03 (2012-11-05 12:02:10)
Worker: rmi://ip-10-32-54-37.eu-west-1.compute.internal:53234/7 Sent: 118536 Rcvd: 102488 CacheRatio: 0.03 (2012-11-05 12:02:10)
Worker: rmi://ip-10-32-43-29.eu-west-1.compute.internal:49899/0 Sent: 118523 Rcvd: 130471 CacheRatio: 0.03 (2012-11-05 12:02:10)
Worker: rmi://ip-10-32-54-37.eu-west-1.compute.internal:53234/1 Sent: 117966 Rcvd: 137030 CacheRatio: 0.03 (2012-11-05 12:02:10)
Worker: rmi://ip-10-32-54-213.eu-west-1.compute.internal:44014/6 Sent: 112518 Rcvd: 75512 CacheRatio: 0.03 (2012-11-05 12:02:10)
Worker: rmi://ip-10-32-50-236.eu-west-1.compute.internal:60373/5 Sent: 111027 Rcvd: 61874 CacheRatio: 0.03 (2012-11-05 12:02:10)
Worker: rmi://ip-10-32-42-88.eu-west-1.compute.internal:55812/2 Sent: 111553 Rcvd: 54690 CacheRatio: 0.03 (2012-11-05 12:02:10)
Worker: rmi://ip-10-32-53-170.eu-west-1.compute.internal:34580/1 Sent: 127244 Rcvd: 202560 CacheRatio: 0.02 (2012-11-05 12:02:10)
Worker: rmi://ip-10-32-54-123.eu-west-1.compute.internal:53590/0 Sent: 119466 Rcvd: 144938 CacheRatio: 0.03 (2012-11-05 12:02:10)
Worker: rmi://ip-10-32-54-224.eu-west-1.compute.internal:39666/1 Sent: 117614 Rcvd: 134933 CacheRatio: 0.02 (2012-11-05 12:02:10)
Worker: rmi://ip-10-32-50-236.eu-west-1.compute.internal:60373/2 Sent: 110858 Rcvd: 91111 CacheRatio: 0.03 (2012-11-05 12:02:10)
Worker: rmi://ip-10-32-54-37.eu-west-1.compute.internal:53234/5 Sent: 119389 Rcvd: 151263 CacheRatio: 0.03 (2012-11-05 12:02:10)
Worker: rmi://ip-10-32-43-29.eu-west-1.compute.internal:49899/7 Sent: 118758 Rcvd: 109352 CacheRatio: 0.02 (2012-11-05 12:02:10)
Worker: rmi://ip-10-32-53-134.eu-west-1.compute.internal:55510/4 Sent: 109983 Rcvd: 35229 CacheRatio: 0.03 (2012-11-05 12:02:10)
Worker: rmi://ip-10-32-54-119.eu-west-1.compute.internal:40094/7 Sent: 117323 Rcvd: 97086 CacheRatio: 0.03 (2012-11-05 12:02:10)
Worker: rmi://ip-10-32-50-236.eu-west-1.compute.internal:60373/7 Sent: 111360 Rcvd: 84598 CacheRatio: 0.03 (2012-11-05 12:02:10)
Worker: rmi://ip-10-32-41-198.eu-west-1.compute.internal:57201/0 Sent: 122878 Rcvd: 158340 CacheRatio: 0.03 (2012-11-05 12:02:10)
Worker: rmi://ip-10-32-53-170.eu-west-1.compute.internal:34580/5 Sent: 128001 Rcvd: 190894 CacheRatio: 0.03 (2012-11-05 12:02:10)
Worker: rmi://ip-10-32-54-213.eu-west-1.compute.internal:44014/5 Sent: 114039 Rcvd: 86940 CacheRatio: 0.03 (2012-11-05 12:02:10)
Worker: rmi://ip-10-32-54-244.eu-west-1.compute.internal:50684/7 Sent: 129708 Rcvd: 182829 CacheRatio: 0.03 (2012-11-05 12:02:10)
Worker: rmi://ip-10-32-41-198.eu-west-1.compute.internal:57201/4 Sent: 123075 Rcvd: 149827 CacheRatio: 0.03 (2012-11-05 12:02:10)
Worker: rmi://ip-10-32-53-173.eu-west-1.compute.internal:35870/6 Sent: 114842 Rcvd: 72588 CacheRatio: 0.03 (2012-11-05 12:02:10)
Worker: rmi://ip-10-32-54-110.eu-west-1.compute.internal:43842/6 Sent: 117693 Rcvd: 118714 CacheRatio: 0.03 (2012-11-05 12:02:10)
Worker: rmi://ip-10-32-54-37.eu-west-1.compute.internal:53234/2 Sent: 116946 Rcvd: 98808 CacheRatio: 0.02 (2012-11-05 12:02:10)
Worker: rmi://ip-10-32-49-215.eu-west-1.compute.internal:58823/5 Sent: 120020 Rcvd: 119398 CacheRatio: 0.03 (2012-11-05 12:02:10)
Worker: rmi://ip-10-32-43-29.eu-west-1.compute.internal:49899/3 Sent: 118293 Rcvd: 103535 CacheRatio: 0.03 (2012-11-05 12:02:10)
Worker: rmi://ip-10-32-49-215.eu-west-1.compute.internal:58823/1 Sent: 120405 Rcvd: 148702 CacheRatio: 0.03 (2012-11-05 12:02:10)
Worker: rmi://ip-10-32-42-88.eu-west-1.compute.internal:55812/3 Sent: 111279 Rcvd: 51638 CacheRatio: 0.03 (2012-11-05 12:02:10)
Worker: rmi://ip-10-32-54-244.eu-west-1.compute.internal:50684/1 Sent: 128180 Rcvd: 198276 CacheRatio: 0.03 (2012-11-05 12:02:10)
Worker: rmi://ip-10-32-54-213.eu-west-1.compute.internal:44014/3 Sent: 112465 Rcvd: 81799 CacheRatio: 0.03 (2012-11-05 12:02:10)
Worker: rmi://ip-10-32-54-110.eu-west-1.compute.internal:43842/7 Sent: 118634 Rcvd: 124920 CacheRatio: 0.03 (2012-11-05 12:02:10)
Worker: rmi://ip-10-32-54-119.eu-west-1.compute.internal:40094/0 Sent: 116882 Rcvd: 141497 CacheRatio: 0.03 (2012-11-05 12:02:10)
Worker: rmi://ip-10-32-50-236.eu-west-1.compute.internal:60373/4 Sent: 111374 Rcvd: 69164 CacheRatio: 0.03 (2012-11-05 12:02:10)
Worker: rmi://ip-10-32-54-224.eu-west-1.compute.internal:39666/5 Sent: 119208 Rcvd: 119113 CacheRatio: 0.03 (2012-11-05 12:02:10)
Worker: rmi://ip-10-32-53-170.eu-west-1.compute.internal:34580/3 Sent: 127954 Rcvd: 182959 CacheRatio: 0.02 (2012-11-05 12:02:10)
Worker: rmi://ip-10-32-43-29.eu-west-1.compute.internal:49899/5 Sent: 118127 Rcvd: 108279 CacheRatio: 0.03 (2012-11-05 12:02:10)
Worker: rmi://ip-10-32-50-183.eu-west-1.compute.internal:51775/2 Sent: 144940 Rcvd: 297063 CacheRatio: 0.03 (2012-11-05 12:02:10)
Worker: rmi://ip-10-32-41-198.eu-west-1.compute.internal:57201/1 Sent: 123134 Rcvd: 178262 CacheRatio: 0.03 (2012-11-05 12:02:10)
Worker: rmi://ip-10-32-54-110.eu-west-1.compute.internal:43842/5 Sent: 117568 Rcvd: 113542 CacheRatio: 0.03 (2012-11-05 12:02:10)
Worker: rmi://ip-10-32-42-88.eu-west-1.compute.internal:55812/1 Sent: 111669 Rcvd: 82653 CacheRatio: 0.03 (2012-11-05 12:02:10)
Worker: rmi://ip-10-32-49-215.eu-west-1.compute.internal:58823/0 Sent: 124066 Rcvd: 142386 CacheRatio: 0.03 (2012-11-05 12:02:10)
Worker: rmi://ip-10-32-54-244.eu-west-1.compute.internal:50684/6 Sent: 128781 Rcvd: 180431 CacheRatio: 0.03 (2012-11-05 12:02:10)
Worker: rmi://ip-10-32-42-88.eu-west-1.compute.internal:55812/0 Sent: 111957 Rcvd: 60126 CacheRatio: 0.03 (2012-11-05 12:02:10)
Worker: rmi://ip-10-32-41-198.eu-west-1.compute.internal:57201/3 Sent: 117815 Rcvd: 105676 CacheRatio: 0.03 (2012-11-05 12:02:10)
Worker: rmi://ip-10-32-53-134.eu-west-1.compute.internal:55510/1 Sent: 108712 Rcvd: 72692 CacheRatio: 0.03 (2012-11-05 12:02:10)
Worker: rmi://ip-10-32-43-29.eu-west-1.compute.internal:49899/6 Sent: 117579 Rcvd: 130639 CacheRatio: 0.03 (2012-11-05 12:02:10)
Worker: rmi://ip-10-32-43-236.eu-west-1.compute.internal:39379/7 Sent: 110776 Rcvd: 66800 CacheRatio: 0.03 (2012-11-05 12:02:10)
Worker: rmi://ip-10-32-53-170.eu-west-1.compute.internal:34580/0 Sent: 127707 Rcvd: 194653 CacheRatio: 0.03 (2012-11-05 12:02:10)
Worker: rmi://ip-10-32-42-88.eu-west-1.compute.internal:55812/6 Sent: 110473 Rcvd: 74067 CacheRatio: 0.03 (2012-11-05 12:02:10)
Worker: rmi://ip-10-32-49-215.eu-west-1.compute.internal:58823/6 Sent: 121554 Rcvd: 151052 CacheRatio: 0.03 (2012-11-05 12:02:10)
Worker: rmi://ip-10-32-53-163.eu-west-1.compute.internal:41508/4 Sent: 116355 Rcvd: 94128 CacheRatio: 0.03 (2012-11-05 12:02:10)
Worker: rmi://ip-10-32-53-173.eu-west-1.compute.internal:35870/1 Sent: 116564 Rcvd: 118170 CacheRatio: 0.03 (2012-11-05 12:02:10)
Worker: rmi://ip-10-32-54-244.eu-west-1.compute.internal:50684/0 Sent: 131538 Rcvd: 182780 CacheRatio: 0.03 (2012-11-05 12:02:10)
Worker: rmi://ip-10-32-42-88.eu-west-1.compute.internal:55812/7 Sent: 112243 Rcvd: 63242 CacheRatio: 0.03 (2012-11-05 12:02:10)
Worker: rmi://ip-10-32-50-183.eu-west-1.compute.internal:51775/3 Sent: 144281 Rcvd: 339909 CacheRatio: 0.03 (2012-11-05 12:02:10)
Worker: rmi://ip-10-32-50-236.eu-west-1.compute.internal:60373/0 Sent: 111758 Rcvd: 48161 CacheRatio: 0.03 (2012-11-05 12:02:10)
Worker: rmi://ip-10-32-54-244.eu-west-1.compute.internal:50684/4 Sent: 128378 Rcvd: 184747 CacheRatio: 0.03 (2012-11-05 12:02:10)
Worker: rmi://ip-10-32-53-173.eu-west-1.compute.internal:35870/7 Sent: 115602 Rcvd: 92262 CacheRatio: 0.02 (2012-11-05 12:02:10)
Worker: rmi://ip-10-32-54-224.eu-west-1.compute.internal:39666/3 Sent: 118403 Rcvd: 110171 CacheRatio: 0.03 (2012-11-05 12:02:10)
Worker: rmi://ip-10-32-42-88.eu-west-1.compute.internal:55812/4 Sent: 111603 Rcvd: 68568 CacheRatio: 0.03 (2012-11-05 12:02:10)
Worker: rmi://ip-10-32-53-173.eu-west-1.compute.internal:35870/4 Sent: 115245 Rcvd: 86748 CacheRatio: 0.03 (2012-11-05 12:02:10)
Worker: rmi://ip-10-32-50-236.eu-west-1.compute.internal:60373/3 Sent: 111433 Rcvd: 96236 CacheRatio: 0.03 (2012-11-05 12:02:10)
Worker: rmi://ip-10-32-54-123.eu-west-1.compute.internal:53590/4 Sent: 119607 Rcvd: 117005 CacheRatio: 0.03 (2012-11-05 12:02:10)
Worker: rmi://ip-10-32-53-173.eu-west-1.compute.internal:35870/2 Sent: 115247 Rcvd: 95451 CacheRatio: 0.02 (2012-11-05 12:02:10)
Worker: rmi://ip-10-32-53-134.eu-west-1.compute.internal:55510/3 Sent: 109445 Rcvd: 53987 CacheRatio: 0.03 (2012-11-05 12:02:10)
Worker: rmi://ip-10-32-54-37.eu-west-1.compute.internal:53234/0 Sent: 118871 Rcvd: 111085 CacheRatio: 0.03 (2012-11-05 12:02:10)
Worker: rmi://ip-10-32-54-224.eu-west-1.compute.internal:39666/6 Sent: 117681 Rcvd: 125539 CacheRatio: 0.03 (2012-11-05 12:02:10)
Worker: rmi://ip-10-32-53-170.eu-west-1.compute.internal:34580/4 Sent: 126882 Rcvd: 193350 CacheRatio: 0.03 (2012-11-05 12:02:10)
Worker: rmi://ip-10-32-42-88.eu-west-1.compute.internal:55812/5 Sent: 111868 Rcvd: 67393 CacheRatio: 0.04 (2012-11-05 12:02:10)
Worker: rmi://ip-10-32-53-134.eu-west-1.compute.internal:55510/2 Sent: 109423 Rcvd: 83373 CacheRatio: 0.03 (2012-11-05 12:02:10)
Worker: rmi://ip-10-32-49-215.eu-west-1.compute.internal:58823/2 Sent: 118333 Rcvd: 159271 CacheRatio: 0.03 (2012-11-05 12:02:10)
Worker: rmi://ip-10-32-50-183.eu-west-1.compute.internal:51775/6 Sent: 144926 Rcvd: 273649 CacheRatio: 0.03 (2012-11-05 12:02:10)
Worker: rmi://ip-10-32-43-236.eu-west-1.compute.internal:39379/6 Sent: 110783 Rcvd: 56230 CacheRatio: 0.03 (2012-11-05 12:02:10)
Worker: rmi://ip-10-32-54-224.eu-west-1.compute.internal:39666/7 Sent: 116863 Rcvd: 128761 CacheRatio: 0.02 (2012-11-05 12:02:10)
Worker: rmi://ip-10-32-54-123.eu-west-1.compute.internal:53590/3 Sent: 119497 Rcvd: 143993 CacheRatio: 0.03 (2012-11-05 12:02:10)
Worker: rmi://ip-10-32-54-244.eu-west-1.compute.internal:50684/2 Sent: 128943 Rcvd: 211163 CacheRatio: 0.02 (2012-11-05 12:02:10)
Worker: rmi://ip-10-32-53-163.eu-west-1.compute.internal:41508/7 Sent: 118024 Rcvd: 79362 CacheRatio: 0.03 (2012-11-05 12:02:10)
Worker: rmi://ip-10-32-54-119.eu-west-1.compute.internal:40094/4 Sent: 116765 Rcvd: 95626 CacheRatio: 0.02 (2012-11-05 12:02:10)
Worker: rmi://ip-10-32-53-134.eu-west-1.compute.internal:55510/6 Sent: 107849 Rcvd: 55521 CacheRatio: 0.03 (2012-11-05 12:02:10)
Worker: rmi://ip-10-32-54-123.eu-west-1.compute.internal:53590/7 Sent: 119256 Rcvd: 123717 CacheRatio: 0.03 (2012-11-05 12:02:10)
Worker: rmi://ip-10-32-50-236.eu-west-1.compute.internal:60373/1 Sent: 110930 Rcvd: 73717 CacheRatio: 0.04 (2012-11-05 12:02:10)
Worker: rmi://ip-10-32-53-170.eu-west-1.compute.internal:34580/7 Sent: 125596 Rcvd: 205983 CacheRatio: 0.03 (2012-11-05 12:02:10)
Worker: rmi://ip-10-32-41-198.eu-west-1.compute.internal:57201/2 Sent: 125139 Rcvd: 193139 CacheRatio: 0.03 (2012-11-05 12:02:10)
Worker: rmi://ip-10-32-54-123.eu-west-1.compute.internal:53590/6 Sent: 120477 Rcvd: 134402 CacheRatio: 0.03 (2012-11-05 12:02:10)
Worker: rmi://ip-10-32-53-134.eu-west-1.compute.internal:55510/0 Sent: 110687 Rcvd: 64801 CacheRatio: 0.02 (2012-11-05 12:02:10)
Worker: rmi://ip-10-32-53-163.eu-west-1.compute.internal:41508/6 Sent: 115399 Rcvd: 85631 CacheRatio: 0.04 (2012-11-05 12:02:10)
Worker: rmi://ip-10-32-53-163.eu-west-1.compute.internal:41508/2 Sent: 114506 Rcvd: 91730 CacheRatio: 0.03 (2012-11-05 12:02:10)
Worker: rmi://ip-10-32-43-29.eu-west-1.compute.internal:49899/4 Sent: 117624 Rcvd: 133923 CacheRatio: 0.03 (2012-11-05 12:02:10)
Worker: rmi://ip-10-32-54-244.eu-west-1.compute.internal:50684/3 Sent: 128034 Rcvd: 178057 CacheRatio: 0.03 (2012-11-05 12:02:10)
Model checking completed. No error has been found.
  Estimates of the probability that TLC did not check all reachable states
  because two distinct states had the same fingerprint:
  calculated (optimistic):  val = 0.0
  based on the actual fingerprints:  val = 7.9E-11
150983606 states generated, 16777216 distinct states found, 0 states left on queue.
The depth of the complete state graph search is 54.
Finished. (2012-11-05 12:02:23)
ip-10-32-53-224, work completed. Thank you!
