TLC Server Version 2.05 of 18 May 2012
Error: An integer for checkpoint interval is required. But encountered /mnt/tlc/20608/spec/l14_n6.tla
Usage: java tlc2.tool.TLCServer [-option] inputfile
Parsing file /mnt/tlc/20608/spec/l14_n6.tla
Parsing file /mnt/tlc/20608/spec/GridPerformanceTest.tla
Parsing file /mnt/tlc/20608/tla/tla2sany/StandardModules/TLC.tla
Parsing file /mnt/tlc/20608/tla/tla2sany/StandardModules/Integers.tla
Parsing file /mnt/tlc/20608/tla/tla2sany/StandardModules/FiniteSets.tla
Parsing file /mnt/tlc/20608/tla/tla2sany/StandardModules/Naturals.tla
Parsing file /mnt/tlc/20608/tla/tla2sany/StandardModules/Sequences.tla
Semantic processing of module Naturals
Semantic processing of module Integers
Semantic processing of module Sequences
Semantic processing of module FiniteSets
Semantic processing of module GridPerformanceTest
Semantic processing of module TLC
Semantic processing of module l14_n6
Starting... (2012-08-05 16:17:44)
Computing initial states...
Finished computing initial states: 1 distinct state(s) generated.
TLC server at ip-10-30-130-232 is ready (2012-08-05 16:17:45)
Registration for worker at rmi://ip-10-157-2-211.ec2.internal:39086 completed (2012-08-05 16:18:27)
Registration for worker at rmi://ip-10-29-137-195.ec2.internal:55411 completed (2012-08-05 16:18:27)
Progress(12) at 2012-08-05 16:19:27: 29474 states generated (29474 s/min), 7435 distinct states found (7435 ds/min), 2981 states left on queue.
Progress(13) at 2012-08-05 16:20:27: 54285 states generated (24811 s/min), 11736 distinct states found (4301 ds/min), 4299 states left on queue.
Progress(15) at 2012-08-05 16:21:27: 93007 states generated (38722 s/min), 22272 distinct states found (10536 ds/min), 7905 states left on queue.
Progress(15) at 2012-08-05 16:22:27: 118666 states generated (25659 s/min), 25364 distinct states found (3092 ds/min), 7732 states left on queue.
Progress(16) at 2012-08-05 16:23:27: 160303 states generated (41637 s/min), 35125 distinct states found (9761 ds/min), 9759 states left on queue.
Progress(16) at 2012-08-05 16:24:27: 191243 states generated (30940 s/min), 41166 distinct states found (6041 ds/min), 11196 states left on queue.
Progress(17) at 2012-08-05 16:25:27: 222987 states generated (31744 s/min), 47004 distinct states found (5838 ds/min), 11877 states left on queue.
Progress(18) at 2012-08-05 16:26:27: 259020 states generated (36033 s/min), 54190 distinct states found (7186 ds/min), 13022 states left on queue.
Progress(18) at 2012-08-05 16:27:27: 293299 states generated (34279 s/min), 60958 distinct states found (6768 ds/min), 13952 states left on queue.
Progress(18) at 2012-08-05 16:28:27: 307695 states generated (14396 s/min), 60958 distinct states found (0 ds/min), 13952 states left on queue.
Progress(20) at 2012-08-05 16:29:27: 371796 states generated (64101 s/min), 76796 distinct states found (15838 ds/min), 15836 states left on queue.
Progress(20) at 2012-08-05 16:30:27: 384712 states generated (12916 s/min), 76796 distinct states found (0 ds/min), 15836 states left on queue.
Progress(20) at 2012-08-05 16:31:27: 399349 states generated (14637 s/min), 76796 distinct states found (0 ds/min), 15836 states left on queue.
Progress(20) at 2012-08-05 16:32:27: 470108 states generated (70759 s/min), 94187 distinct states found (17391 ds/min), 17389 states left on queue.
Progress(20) at 2012-08-05 16:33:27: 483150 states generated (13042 s/min), 94187 distinct states found (0 ds/min), 17389 states left on queue.
Progress(20) at 2012-08-05 16:34:27: 497498 states generated (14348 s/min), 94187 distinct states found (0 ds/min), 17389 states left on queue.
Progress(22) at 2012-08-05 16:35:27: 570537 states generated (73039 s/min), 112399 distinct states found (18212 ds/min), 19215 states left on queue.
Progress(22) at 2012-08-05 16:36:27: 584088 states generated (13551 s/min), 112399 distinct states found (0 ds/min), 19215 states left on queue.
Progress(23) at 2012-08-05 16:37:27: 658038 states generated (73950 s/min), 131501 distinct states found (19102 ds/min), 21931 states left on queue.
Progress(23) at 2012-08-05 16:38:27: 671423 states generated (13385 s/min), 131501 distinct states found (0 ds/min), 21931 states left on queue.
Progress(23) at 2012-08-05 16:39:27: 685084 states generated (13661 s/min), 131501 distinct states found (0 ds/min), 21931 states left on queue.
Progress(24) at 2012-08-05 16:40:27: 758874 states generated (73790 s/min), 146623 distinct states found (15122 ds/min), 20667 states left on queue.
Progress(24) at 2012-08-05 16:41:27: 771887 states generated (13013 s/min), 146623 distinct states found (0 ds/min), 20667 states left on queue.
Progress(24) at 2012-08-05 16:42:27: 785560 states generated (13673 s/min), 146623 distinct states found (0 ds/min), 20667 states left on queue.
Progress(25) at 2012-08-05 16:43:27: 859340 states generated (73780 s/min), 163541 distinct states found (16918 ds/min), 21199 states left on queue.
Progress(25) at 2012-08-05 16:44:27: 871947 states generated (12607 s/min), 163541 distinct states found (0 ds/min), 21199 states left on queue.
Progress(25) at 2012-08-05 16:45:27: 884968 states generated (13021 s/min), 163541 distinct states found (0 ds/min), 21199 states left on queue.
Progress(26) at 2012-08-05 16:46:27: 959376 states generated (74408 s/min), 179032 distinct states found (15491 ds/min), 20304 states left on queue.
Progress(26) at 2012-08-05 16:47:27: 972046 states generated (12670 s/min), 179032 distinct states found (0 ds/min), 20304 states left on queue.
Checkpointing of run -- Checkpointing of run /mnt/tlc/20608/spec/states/12-08-05-16-17-45 compl
Checkpointing completed at (2012-08-05 16:49:12)
Progress(26) at 2012-08-05 16:49:12: 1050675 states generated (78629 s/min), 193766 distinct states found (14734 ds/min), 18654 states left on queue.
Progress(26) at 2012-08-05 16:50:12: 1063676 states generated (13001 s/min), 193768 distinct states found (2 ds/min), 18654 states left on queue.
Progress(26) at 2012-08-05 16:51:12: 1076913 states generated (13237 s/min), 193768 distinct states found (0 ds/min), 18654 states left on queue.
Progress(27) at 2012-08-05 16:52:12: 1151200 states generated (74287 s/min), 208729 distinct states found (14961 ds/min), 17229 states left on queue.
Progress(27) at 2012-08-05 16:53:12: 1163459 states generated (12259 s/min), 208729 distinct states found (0 ds/min), 17229 states left on queue.
Progress(27) at 2012-08-05 16:54:12: 1176312 states generated (12853 s/min), 208729 distinct states found (0 ds/min), 17229 states left on queue.
Progress(29) at 2012-08-05 16:55:12: 1251397 states generated (75085 s/min), 222601 distinct states found (13872 ds/min), 14715 states left on queue.
Progress(29) at 2012-08-05 16:56:12: 1264348 states generated (12951 s/min), 222601 distinct states found (0 ds/min), 14715 states left on queue.
Progress(29) at 2012-08-05 16:57:12: 1277350 states generated (13002 s/min), 222601 distinct states found (0 ds/min), 14715 states left on queue.
Progress(30) at 2012-08-05 16:58:12: 1345315 states generated (67965 s/min), 233782 distinct states found (11181 ds/min), 11179 states left on queue.
Progress(31) at 2012-08-05 16:59:12: 1369361 states generated (24046 s/min), 237671 distinct states found (3889 ds/min), 12080 states left on queue.
Progress(32) at 2012-08-05 17:00:12: 1428223 states generated (58862 s/min), 246476 distinct states found (8805 ds/min), 8803 states left on queue.
Progress(32) at 2012-08-05 17:01:12: 1440637 states generated (12414 s/min), 246476 distinct states found (0 ds/min), 8803 states left on queue.
Progress(33) at 2012-08-05 17:02:12: 1495389 states generated (54752 s/min), 253720 distinct states found (7244 ds/min), 5018 states left on queue.
Progress(34) at 2012-08-05 17:03:12: 1533063 states generated (37674 s/min), 258483 distinct states found (4763 ds/min), 3284 states left on queue.
Progress(44) at 2012-08-05 17:04:12: 1568944 states generated (35881 s/min), 261869 distinct states found (3386 ds/min), 574 states left on queue.
Worker: rmi://ip-10-157-2-211.ec2.internal:39086 Sent: 131786 Rcvd: 130707 (2012-08-05 17:04:18)
Worker: rmi://ip-10-29-137-195.ec2.internal:55411 Sent: 130358 Rcvd: 121204 (2012-08-05 17:04:18)
Model checking completed. No error has been found.
  Estimates of the probability that TLC did not check all reachable states
  because two distinct states had the same fingerprint:
  calculated (optimistic):  val = 1.0E-8
  based on the actual fingerprints:  val = 2.8E-13
1275240 states generated, 262144 distinct states found, 0 states left on queue.
The depth of the complete state graph search is 44.
Finished. (2012-08-05 17:04:35)
Exception in thread "main" java.lang.ArithmeticException: / by zero
	at tlc2.tool.distributed.TLCStatistics.serverStats(TLCStatistics.java:141)
	at tlc2.tool.distributed.TLCStatistics.writeStats(TLCStatistics.java:40)
	at tlc2.tool.distributed.TLCServerMonitorAspect.ajc$after$tlc2_tool_distributed_TLCServerMonitorAspect$2$ba850e94(TLCServerMonitorAspect.aj:23)
	at tlc2.tool.distributed.TLCServer.main(TLCServer.java:630)
