Listening for transport dt_socket at address: 1044
TLC2 Version 2.05 of 7 November 2012
Running in Model-Checking mode.
Parsing file l10_n6.tla
Parsing file GridPerformanceTest.tla
Parsing file /mnt/tlc/30964/tla/tla2sany/StandardModules/TLC.tla
Parsing file /mnt/tlc/30964/tla/tla2sany/StandardModules/Integers.tla
Parsing file /mnt/tlc/30964/tla/tla2sany/StandardModules/FiniteSets.tla
Parsing file /mnt/tlc/30964/tla/tla2sany/StandardModules/Naturals.tla
Parsing file /mnt/tlc/30964/tla/tla2sany/StandardModules/Sequences.tla
Semantic processing of module Naturals
Semantic processing of module Integers
Semantic processing of module Sequences
Semantic processing of module FiniteSets
Semantic processing of module GridPerformanceTest
Semantic processing of module TLC
Semantic processing of module l10_n6
Starting... (2013-05-17 07:03:12)
Computing initial states...
Finished computing initial states: 1 distinct state generated.
Progress(9) at 2013-05-17 07:03:34: 9428 states generated (9,428 s/min), 2806 distinct states found (2,806 ds/min), 1234 states left on queue.
Progress(18) at 2013-05-17 07:04:34: 318586 states generated (309,157 s/min), 67460 distinct states found (64,654 ds/min), 14362 states left on queue.
Progress(22) at 2013-05-17 07:05:34: 648570 states generated (329,985 s/min), 126534 distinct states found (59,074 ds/min), 18439 states left on queue.
Progress(25) at 2013-05-17 07:06:34: 1003702 states generated (355,132 s/min), 184353 distinct states found (57,819 ds/min), 17069 states left on queue.
Progress(29) at 2013-05-17 07:07:34: 1362227 states generated (358,524 s/min), 236459 distinct states found (52,106 ds/min), 9421 states left on queue.
Model checking completed. No error has been found.
  Estimates of the probability that TLC did not check all reachable states
  because two distinct states had the same fingerprint:
  calculated (optimistic):  val = 1.9E-8
  based on the actual fingerprints:  val = 2.0E-12
1572865 states generated, 262144 distinct states found, 0 states left on queue.
The depth of the complete state graph search is 43.
Finished. (2013-05-17 07:08:20)
