TLC Server Version 2.05 of 18 May 2012
Parsing file /tmp/8852/spec/l10_n6.tla
Parsing file /tmp/8852/spec/GridPerformanceTest.tla
Parsing file /tmp/8852/tla/tla2sany/StandardModules/TLC.tla
Parsing file /tmp/8852/tla/tla2sany/StandardModules/Integers.tla
Parsing file /tmp/8852/tla/tla2sany/StandardModules/FiniteSets.tla
Parsing file /tmp/8852/tla/tla2sany/StandardModules/Naturals.tla
Parsing file /tmp/8852/tla/tla2sany/StandardModules/Sequences.tla
Semantic processing of module Naturals
Semantic processing of module Integers
Semantic processing of module Sequences
Semantic processing of module FiniteSets
Semantic processing of module GridPerformanceTest
Semantic processing of module TLC
Semantic processing of module l10_n6
Starting... (2012-08-06 05:54:00)
Computing initial states...
Finished computing initial states: 1 distinct state(s) generated.
TLC server at griffon-78.nancy.grid5000.fr is ready (2012-08-06 05:54:00)
Registration for worker at rmi://griffon-81.nancy.grid5000.fr:53325 completed (2012-08-06 05:54:03)
Registration for worker at rmi://griffon-82.nancy.grid5000.fr:54217 completed (2012-08-06 05:54:04)
Progress(22) at 2012-08-06 05:55:03: 615217 states generated (615217 s/min), 125320 distinct states found (125320 ds/min), 22784 states left on queue.
Progress(28) at 2012-08-06 05:56:03: 1254295 states generated (639078 s/min), 222922 distinct states found (97602 ds/min), 13873 states left on queue.
Worker: rmi://griffon-82.nancy.grid5000.fr:54217 Sent: 130248 Rcvd: 263567 (2012-08-06 05:56:27)
Worker: rmi://griffon-81.nancy.grid5000.fr:53325 Sent: 131896 Rcvd: 260670 (2012-08-06 05:56:27)
Model checking completed. No error has been found.
  Estimates of the probability that TLC did not check all reachable states
  because two distinct states had the same fingerprint:
  calculated (optimistic):  val = 1.9E-8
  based on the actual fingerprints:  val = 2.8E-13
1572865 states generated, 262144 distinct states found, 0 states left on queue.
The depth of the complete state graph search is 40.
Finished. (2012-08-06 05:56:28)
Warning: Failed to connect from griffon-78.nancy.grid5000.fr to the fp server at griffon-81.nancy.grid5000.fr.
Connection refused to host: 172.16.65.81; nested exception is: 
	java.net.ConnectException: Connection refused
Warning: Failed to connect from griffon-78.nancy.grid5000.fr to the fp server at griffon-81.nancy.grid5000.fr.
Connection refused to host: 172.16.65.81; nested exception is: 
	java.net.ConnectException: Connection refused
