Listening for transport dt_socket at address: 1044
TLC Server Version 2.05 of 18 May 2012
Parsing file /mnt/tlc/2646/spec/l10_n8.tla
Parsing file /mnt/tlc/2646/spec/GridPerformanceTest.tla
Parsing file /mnt/tlc/2646/tla/tla2sany/StandardModules/TLC.tla
Parsing file /mnt/tlc/2646/tla/tla2sany/StandardModules/Integers.tla
Parsing file /mnt/tlc/2646/tla/tla2sany/StandardModules/FiniteSets.tla
Parsing file /mnt/tlc/2646/tla/tla2sany/StandardModules/Naturals.tla
Parsing file /mnt/tlc/2646/tla/tla2sany/StandardModules/Sequences.tla
Semantic processing of module Naturals
Semantic processing of module Integers
Semantic processing of module Sequences
Semantic processing of module FiniteSets
Semantic processing of module GridPerformanceTest
Semantic processing of module TLC
Semantic processing of module l10_n8
Starting... (2012-09-06 14:57:24)
Computing initial states...
Finished computing initial states: 1 distinct state(s) generated.
TLC server at ip-10-31-133-159 is ready (2012-09-06 14:57:24)
Registration for worker at rmi://ip-10-31-138-14.ec2.internal:45790 completed (2012-09-06 14:58:08)
Registration for worker at rmi://ip-10-31-136-141.ec2.internal:36409 completed (2012-09-06 14:58:08)
Registration for worker at rmi://ip-10-31-136-141.ec2.internal:36409 completed (2012-09-06 14:58:08)
Registration for worker at rmi://ip-10-31-136-141.ec2.internal:36409 completed (2012-09-06 14:58:08)
Registration for worker at rmi://ip-10-31-136-141.ec2.internal:36409 completed (2012-09-06 14:58:08)
Registration for worker at rmi://ip-10-31-136-141.ec2.internal:36409 completed (2012-09-06 14:58:08)
Registration for worker at rmi://ip-10-31-136-141.ec2.internal:36409 completed (2012-09-06 14:58:08)
Registration for worker at rmi://ip-10-31-138-14.ec2.internal:45790 completed (2012-09-06 14:58:08)
Registration for worker at rmi://ip-10-31-138-14.ec2.internal:45790 completed (2012-09-06 14:58:08)
Registration for worker at rmi://ip-10-31-138-14.ec2.internal:45790 completed (2012-09-06 14:58:08)
Registration for worker at rmi://ip-10-31-138-14.ec2.internal:45790 completed (2012-09-06 14:58:08)
Registration for worker at rmi://ip-10-31-138-14.ec2.internal:45790 completed (2012-09-06 14:58:08)
Registration for worker at rmi://ip-10-31-136-141.ec2.internal:36409 completed (2012-09-06 14:58:08)
Registration for worker at rmi://ip-10-31-138-14.ec2.internal:45790 completed (2012-09-06 14:58:08)
Registration for worker at rmi://ip-10-31-138-14.ec2.internal:45790 completed (2012-09-06 14:58:08)
Registration for worker at rmi://ip-10-31-136-141.ec2.internal:36409 completed (2012-09-06 14:58:08)
Progress(17) at 2012-09-06 14:59:08: 3201007 states generated (3,201,007 s/min), 1003407 distinct states found (1,003,407 ds/min), 377171 states left on queue.
Progress(20) at 2012-09-06 15:00:08: 7279393 states generated (4,078,386 s/min), 1956717 distinct states found (953,310 ds/min), 641086 states left on queue.
Progress(23) at 2012-09-06 15:01:08: 11125081 states generated (3,845,688 s/min), 2763242 distinct states found (806,525 ds/min), 815018 states left on queue.
Progress(26) at 2012-09-06 15:02:08: 15488971 states generated (4,363,890 s/min), 3598592 distinct states found (835,350 ds/min), 961273 states left on queue.
Progress(26) at 2012-09-06 15:03:08: 20020309 states generated (4,531,338 s/min), 4457028 distinct states found (858,436 ds/min), 1086424 states left on queue.
Progress(28) at 2012-09-06 15:04:08: 24382060 states generated (4,361,751 s/min), 5259480 distinct states found (802,452 ds/min), 1197676 states left on queue.
Progress(28) at 2012-09-06 15:05:08: 28433451 states generated (4,051,391 s/min), 5958521 distinct states found (699,041 ds/min), 1254763 states left on queue.
Progress(28) at 2012-09-06 15:06:08: 32649805 states generated (4,216,354 s/min), 6690575 distinct states found (732,054 ds/min), 1328395 states left on queue.
Progress(32) at 2012-09-06 15:07:08: 37186250 states generated (4,536,445 s/min), 7424284 distinct states found (733,709 ds/min), 1346097 states left on queue.
Progress(32) at 2012-09-06 15:08:08: 41670883 states generated (4,484,633 s/min), 8156490 distinct states found (732,206 ds/min), 1378605 states left on queue.
Progress(32) at 2012-09-06 15:09:08: 46260260 states generated (4,589,377 s/min), 8881848 distinct states found (725,358 ds/min), 1379805 states left on queue.
Progress(32) at 2012-09-06 15:10:08: 50559093 states generated (4,298,833 s/min), 9550219 distinct states found (668,371 ds/min), 1381340 states left on queue.
Progress(34) at 2012-09-06 15:11:08: 54405774 states generated (3,846,681 s/min), 10139289 distinct states found (589,070 ds/min), 1345165 states left on queue.
Progress(34) at 2012-09-06 15:12:08: 58933038 states generated (4,527,264 s/min), 10838845 distinct states found (699,556 ds/min), 1328695 states left on queue.
Progress(34) at 2012-09-06 15:13:08: 63207288 states generated (4,274,250 s/min), 11475071 distinct states found (636,226 ds/min), 1281973 states left on queue.
Progress(34) at 2012-09-06 15:14:08: 67788650 states generated (4,581,362 s/min), 12148617 distinct states found (673,546 ds/min), 1231366 states left on queue.
Progress(34) at 2012-09-06 15:15:09: 71873920 states generated (4,085,270 s/min), 12729985 distinct states found (581,368 ds/min), 1163041 states left on queue.
Progress(37) at 2012-09-06 15:16:09: 75925435 states generated (4,051,515 s/min), 13275702 distinct states found (545,717 ds/min), 1067684 states left on queue.
Progress(37) at 2012-09-06 15:17:09: 80254265 states generated (4,328,830 s/min), 13868211 distinct states found (592,509 ds/min), 969969 states left on queue.
Progress(37) at 2012-09-06 15:18:09: 84584892 states generated (4,330,627 s/min), 14452997 distinct states found (584,786 ds/min), 856443 states left on queue.
Progress(39) at 2012-09-06 15:19:09: 89123638 states generated (4,538,746 s/min), 15028164 distinct states found (575,167 ds/min), 700830 states left on queue.
Progress(39) at 2012-09-06 15:20:09: 92999620 states generated (3,875,982 s/min), 15516862 distinct states found (488,698 ds/min), 561851 states left on queue.
Progress(42) at 2012-09-06 15:21:09: 96843592 states generated (3,843,972 s/min), 16011461 distinct states found (494,599 ds/min), 420438 states left on queue.
Progress(44) at 2012-09-06 15:22:09: 100987519 states generated (4,143,927 s/min), 16477211 distinct states found (465,750 ds/min), 197625 states left on queue.
Worker: rmi://ip-10-31-136-141.ec2.internal:36409 Sent: 1034286 Rcvd: 490867 CacheRatio: 0.017 (2012-09-06 15:22:49)
Worker: rmi://ip-10-31-138-14.ec2.internal:45790 Sent: 1060213 Rcvd: 613054 CacheRatio: 0.017 (2012-09-06 15:22:49)
Worker: rmi://ip-10-31-136-141.ec2.internal:36409 Sent: 1036580 Rcvd: 474201 CacheRatio: 0.018 (2012-09-06 15:22:49)
Worker: rmi://ip-10-31-138-14.ec2.internal:45790 Sent: 1063682 Rcvd: 616646 CacheRatio: 0.020 (2012-09-06 15:22:49)
Worker: rmi://ip-10-31-138-14.ec2.internal:45790 Sent: 1060254 Rcvd: 622850 CacheRatio: 0.018 (2012-09-06 15:22:49)
Worker: rmi://ip-10-31-136-141.ec2.internal:36409 Sent: 1035987 Rcvd: 481171 CacheRatio: 0.018 (2012-09-06 15:22:49)
Worker: rmi://ip-10-31-138-14.ec2.internal:45790 Sent: 1059935 Rcvd: 631134 CacheRatio: 0.018 (2012-09-06 15:22:49)
Worker: rmi://ip-10-31-136-141.ec2.internal:36409 Sent: 1035818 Rcvd: 516623 CacheRatio: 0.018 (2012-09-06 15:22:49)
Worker: rmi://ip-10-31-138-14.ec2.internal:45790 Sent: 1061770 Rcvd: 586694 CacheRatio: 0.019 (2012-09-06 15:22:49)
Worker: rmi://ip-10-31-136-141.ec2.internal:36409 Sent: 1035587 Rcvd: 512427 CacheRatio: 0.018 (2012-09-06 15:22:49)
Worker: rmi://ip-10-31-136-141.ec2.internal:36409 Sent: 1035397 Rcvd: 464648 CacheRatio: 0.018 (2012-09-06 15:22:49)
Worker: rmi://ip-10-31-136-141.ec2.internal:36409 Sent: 1037384 Rcvd: 468043 CacheRatio: 0.018 (2012-09-06 15:22:49)
Worker: rmi://ip-10-31-138-14.ec2.internal:45790 Sent: 1062326 Rcvd: 639155 CacheRatio: 0.018 (2012-09-06 15:22:49)
Worker: rmi://ip-10-31-136-141.ec2.internal:36409 Sent: 1035458 Rcvd: 475093 CacheRatio: 0.018 (2012-09-06 15:22:49)
Worker: rmi://ip-10-31-138-14.ec2.internal:45790 Sent: 1060620 Rcvd: 634073 CacheRatio: 0.018 (2012-09-06 15:22:49)
Worker: rmi://ip-10-31-138-14.ec2.internal:45790 Sent: 1061919 Rcvd: 585272 CacheRatio: 0.017 (2012-09-06 15:22:49)
Model checking completed. No error has been found.
  Estimates of the probability that TLC did not check all reachable states
  because two distinct states had the same fingerprint:
  calculated (optimistic):  val = 7.7E-5
  based on the actual fingerprints:  val = 6.2E-11
101617943 states generated, 16777216 distinct states found, 0 states left on queue.
The depth of the complete state graph search is 50.
Finished. (2012-09-06 15:23:13)
