Listening for transport dt_socket at address: 1044
TLC2 Version 2.05 of 7 November 2012
Running in Model-Checking mode.
Parsing file l4_n10.tla
Parsing file GridPerformanceTest.tla
Parsing file /mnt/tlc/3094/tla/tla2sany/StandardModules/TLC.tla
Parsing file /mnt/tlc/3094/tla/tla2sany/StandardModules/Integers.tla
Parsing file /mnt/tlc/3094/tla/tla2sany/StandardModules/FiniteSets.tla
Parsing file /mnt/tlc/3094/tla/tla2sany/StandardModules/Naturals.tla
Parsing file /mnt/tlc/3094/tla/tla2sany/StandardModules/Sequences.tla
Semantic processing of module Naturals
Semantic processing of module Integers
Semantic processing of module Sequences
Semantic processing of module FiniteSets
Semantic processing of module GridPerformanceTest
Semantic processing of module TLC
Semantic processing of module l4_n10
Starting... (2012-11-11 10:44:00)
Computing initial states...
Finished computing initial states: 1 distinct state generated.
Progress(10) at 2012-11-11 10:44:43: 725758 states generated (725,758 s/min), 154805 distinct states found (154,805 ds/min), 82214 states left on queue.
Progress(19) at 2012-11-11 10:45:43: 56516012 states generated (55,790,254 s/min), 8832790 distinct states found (8,677,985 ds/min), 3181172 states left on queue.
Progress(22) at 2012-11-11 10:46:43: 127176797 states generated (70,660,775 s/min), 18820510 distinct states found (9,987,720 ds/min), 6102814 states left on queue.
Progress(23) at 2012-11-11 10:47:43: 200404931 states generated (73,228,136 s/min), 28805752 distinct states found (9,985,242 ds/min), 8765245 states left on queue.
Progress(24) at 2012-11-11 10:48:43: 275899850 states generated (75,494,918 s/min), 38817053 distinct states found (10,011,301 ds/min), 11227052 states left on queue.
Progress(24) at 2012-11-11 10:49:43: 354142463 states generated (78,242,622 s/min), 48814991 distinct states found (9,997,938 ds/min), 13400729 states left on queue.
Progress(24) at 2012-11-11 10:50:43: 421927611 states generated (67,785,138 s/min), 57695088 distinct states found (8,880,097 ds/min), 15502312 states left on queue.
Progress(25) at 2012-11-11 10:51:43: 502983258 states generated (81,055,657 s/min), 67676973 distinct states found (9,981,885 ds/min), 17378630 states left on queue.
Progress(25) at 2012-11-11 10:52:43: 580944123 states generated (77,960,854 s/min), 77654089 distinct states found (9,977,116 ds/min), 19559662 states left on queue.
Progress(26) at 2012-11-11 10:53:43: 664390115 states generated (83,446,003 s/min), 87645073 distinct states found (9,990,984 ds/min), 21206044 states left on queue.
Progress(27) at 2012-11-11 10:54:43: 742671701 states generated (78,281,586 s/min), 97564102 distinct states found (9,919,029 ds/min), 23296915 states left on queue.
Progress(27) at 2012-11-11 10:55:43: 817529758 states generated (74,858,057 s/min), 106568593 distinct states found (9,004,491 ds/min), 24815600 states left on queue.
Progress(28) at 2012-11-11 10:56:43: 900964943 states generated (83,435,185 s/min), 116480912 distinct states found (9,912,319 ds/min), 26384402 states left on queue.
Progress(28) at 2012-11-11 10:57:43: 983118930 states generated (82,153,985 s/min), 126552767 distinct states found (10,071,855 ds/min), 28240859 states left on queue.
Progress(28) at 2012-11-11 10:58:43: 1067790603 states generated (84,671,675 s/min), 136495810 distinct states found (9,943,043 ds/min), 29716734 states left on queue.
Progress(28) at 2012-11-11 10:59:43: 1154281515 states generated (86,490,912 s/min), 146401600 distinct states found (9,905,790 ds/min), 30973433 states left on queue.
Progress(29) at 2012-11-11 11:00:43: 1224111281 states generated (69,829,756 s/min), 155028191 distinct states found (8,626,591 ds/min), 32617047 states left on queue.
Progress(29) at 2012-11-11 11:01:43: 1308707356 states generated (84,596,046 s/min), 164861560 distinct states found (9,833,369 ds/min), 33990809 states left on queue.
Progress(29) at 2012-11-11 11:02:43: 1395117689 states generated (86,410,362 s/min), 174652091 distinct states found (9,790,531 ds/min), 35140306 states left on queue.
Progress(30) at 2012-11-11 11:03:43: 1480881360 states generated (85,763,671 s/min), 184528655 distinct states found (9,876,564 ds/min), 36440504 states left on queue.
Progress(30) at 2012-11-11 11:04:43: 1564060002 states generated (83,178,652 s/min), 194339553 distinct states found (9,810,898 ds/min), 37933537 states left on queue.
Progress(30) at 2012-11-11 11:05:43: 1637339693 states generated (73,279,691 s/min), 202758694 distinct states found (8,419,141 ds/min), 39024708 states left on queue.
Progress(30) at 2012-11-11 11:06:43: 1725841876 states generated (88,502,183 s/min), 212531357 distinct states found (9,772,663 ds/min), 39947154 states left on queue.
Progress(30) at 2012-11-11 11:07:43: 1811629731 states generated (85,787,844 s/min), 222005810 distinct states found (9,474,453 ds/min), 40842822 states left on queue.
Progress(30) at 2012-11-11 11:08:43: 1886784837 states generated (75,155,107 s/min), 230876877 distinct states found (8,871,067 ds/min), 42198379 states left on queue.
Progress(31) at 2012-11-11 11:09:43: 1964822671 states generated (78,037,844 s/min), 239770513 distinct states found (8,893,636 ds/min), 43288229 states left on queue.
Progress(31) at 2012-11-11 11:10:43: 2036179465 states generated (71,356,784 s/min), 247711163 distinct states found (7,940,650 ds/min), 44093202 states left on queue.
Progress(31) at 2012-11-11 11:11:43: 2118504078 states generated (82,324,615 s/min), 256696441 distinct states found (8,985,278 ds/min), 44846017 states left on queue.
Progress(31) at 2012-11-11 11:12:43: 2201969162 states generated (83,465,092 s/min), 265562706 distinct states found (8,866,265 ds/min), 45365774 states left on queue.
Progress(32) at 2012-11-11 11:13:43: 2277842109 states generated (75,872,947 s/min), 274385420 distinct states found (8,822,714 ds/min), 46601194 states left on queue.
Progress(32) at 2012-11-11 11:14:43: 2356077157 states generated (78,235,048 s/min), 283259950 distinct states found (8,874,530 ds/min), 47652218 states left on queue.
Progress(32) at 2012-11-11 11:15:43: 2429760445 states generated (73,683,277 s/min), 291281442 distinct states found (8,021,492 ds/min), 48305382 states left on queue.
Progress(32) at 2012-11-11 11:16:43: 2511966700 states generated (82,206,256 s/min), 300129509 distinct states found (8,848,067 ds/min), 48932824 states left on queue.
Progress(32) at 2012-11-11 11:17:43: 2594834675 states generated (82,867,985 s/min), 308992419 distinct states found (8,862,910 ds/min), 49508935 states left on queue.
Progress(32) at 2012-11-11 11:18:43: 2678545095 states generated (83,710,400 s/min), 317854187 distinct states found (8,861,768 ds/min), 49999662 states left on queue.
Progress(33) at 2012-11-11 11:19:43: 2756096798 states generated (77,551,702 s/min), 326764628 distinct states found (8,910,441 ds/min), 51154932 states left on queue.
Progress(33) at 2012-11-11 11:20:43: 2831097610 states generated (75,000,824 s/min), 335039569 distinct states found (8,274,941 ds/min), 51929792 states left on queue.
Progress(33) at 2012-11-11 11:21:43: 2914051433 states generated (82,953,832 s/min), 343891648 distinct states found (8,852,079 ds/min), 52486488 states left on queue.
Progress(33) at 2012-11-11 11:22:43: 2997572389 states generated (83,520,956 s/min), 352656273 distinct states found (8,764,625 ds/min), 52899017 states left on queue.
Progress(33) at 2012-11-11 11:23:43: 3081285832 states generated (83,713,443 s/min), 361439754 distinct states found (8,783,481 ds/min), 53311156 states left on queue.
Progress(33) at 2012-11-11 11:24:43: 3165474729 states generated (84,188,897 s/min), 370185022 distinct states found (8,745,268 ds/min), 53637533 states left on queue.
Progress(34) at 2012-11-11 11:25:43: 3236940419 states generated (71,465,680 s/min), 378094994 distinct states found (7,909,972 ds/min), 54400937 states left on queue.
Progress(34) at 2012-11-11 11:26:43: 3316519953 states generated (79,579,544 s/min), 386898833 distinct states found (8,803,839 ds/min), 55246821 states left on queue.
Progress(34) at 2012-11-11 11:27:43: 3399606662 states generated (83,086,709 s/min), 395714160 distinct states found (8,815,327 ds/min), 55753477 states left on queue.
Progress(34) at 2012-11-11 11:28:43: 3482747591 states generated (83,140,920 s/min), 404452084 distinct states found (8,737,924 ds/min), 56177309 states left on queue.
Progress(34) at 2012-11-11 11:29:43: 3567648542 states generated (84,900,950 s/min), 413205570 distinct states found (8,753,486 ds/min), 56440700 states left on queue.
Progress(34) at 2012-11-11 11:30:43: 3645744701 states generated (78,096,159 s/min), 421061843 distinct states found (7,856,273 ds/min), 56487358 states left on queue.
Progress(35) at 2012-11-11 11:31:43: 3731684254 states generated (85,939,553 s/min), 429838082 distinct states found (8,776,239 ds/min), 56669642 states left on queue.
Progress(35) at 2012-11-11 11:32:43: 3811550068 states generated (79,865,813 s/min), 438760537 distinct states found (8,922,455 ds/min), 57605515 states left on queue.
Progress(35) at 2012-11-11 11:33:43: 3893845075 states generated (82,295,018 s/min), 447524954 distinct states found (8,764,417 ds/min), 58140429 states left on queue.
Progress(35) at 2012-11-11 11:34:43: 3978239719 states generated (84,394,635 s/min), 456261111 distinct states found (8,736,157 ds/min), 58437124 states left on queue.
Progress(35) at 2012-11-11 11:35:43: 4052876552 states generated (74,636,832 s/min), 463835154 distinct states found (7,574,043 ds/min), 58547484 states left on queue.
Progress(35) at 2012-11-11 11:36:43: 4139477546 states generated (86,600,994 s/min), 472603221 distinct states found (8,768,067 ds/min), 58655451 states left on queue.
Progress(35) at 2012-11-11 11:37:43: 4227051705 states generated (87,574,169 s/min), 481209265 distinct states found (8,606,044 ds/min), 58504079 states left on queue.
Progress(36) at 2012-11-11 11:38:43: 4311719032 states generated (84,667,317 s/min), 489968286 distinct states found (8,759,021 ds/min), 58796367 states left on queue.
Progress(36) at 2012-11-11 11:39:43: 4393174093 states generated (81,455,071 s/min), 498776674 distinct states found (8,808,388 ds/min), 59459249 states left on queue.
Progress(36) at 2012-11-11 11:40:43: 4464840104 states generated (71,666,011 s/min), 506267131 distinct states found (7,490,457 ds/min), 59783104 states left on queue.
Progress(36) at 2012-11-11 11:41:43: 4550148165 states generated (85,308,061 s/min), 514922742 distinct states found (8,655,611 ds/min), 59907910 states left on queue.
Progress(36) at 2012-11-11 11:42:43: 4636382998 states generated (86,234,823 s/min), 523541266 distinct states found (8,618,524 ds/min), 59902950 states left on queue.
Progress(36) at 2012-11-11 11:43:43: 4721735215 states generated (85,352,227 s/min), 532009509 distinct states found (8,468,243 ds/min), 59835971 states left on queue.
Progress(36) at 2012-11-11 11:44:43: 4808766475 states generated (87,031,250 s/min), 540376198 distinct states found (8,366,689 ds/min), 59499535 states left on queue.
Progress(37) at 2012-11-11 11:45:43: 4882343249 states generated (73,576,784 s/min), 547637170 distinct states found (7,260,972 ds/min), 59402828 states left on queue.
Progress(37) at 2012-11-11 11:46:43: 4964412743 states generated (82,069,484 s/min), 556478165 distinct states found (8,840,995 ds/min), 60036875 states left on queue.
Progress(37) at 2012-11-11 11:47:43: 5048691965 states generated (84,279,221 s/min), 565153741 distinct states found (8,675,576 ds/min), 60284531 states left on queue.
Progress(37) at 2012-11-11 11:48:43: 5136351414 states generated (87,659,450 s/min), 573921108 distinct states found (8,767,367 ds/min), 60285953 states left on queue.
Progress(37) at 2012-11-11 11:49:43: 5222751399 states generated (86,399,985 s/min), 582451381 distinct states found (8,530,273 ds/min), 60176226 states left on queue.
Progress(37) at 2012-11-11 11:50:43: 5298209177 states generated (75,457,778 s/min), 589791747 distinct states found (7,340,366 ds/min), 59970815 states left on queue.
Progress(37) at 2012-11-11 11:51:43: 5385851781 states generated (87,642,603 s/min), 598123488 distinct states found (8,331,741 ds/min), 59538296 states left on queue.
Progress(37) at 2012-11-11 11:52:43: 5473726772 states generated (87,875,002 s/min), 606531435 distinct states found (8,407,947 ds/min), 59158742 states left on queue.
Progress(38) at 2012-11-11 11:53:43: 5557780339 states generated (84,053,558 s/min), 615356527 distinct states found (8,825,092 ds/min), 59578479 states left on queue.
Progress(38) at 2012-11-11 11:54:43: 5642591381 states generated (84,811,051 s/min), 623966399 distinct states found (8,609,872 ds/min), 59707244 states left on queue.
Progress(38) at 2012-11-11 11:55:43: 5719278114 states generated (76,686,733 s/min), 631447248 distinct states found (7,480,849 ds/min), 59519421 states left on queue.
Progress(38) at 2012-11-11 11:56:43: 5806430686 states generated (87,152,563 s/min), 639945686 distinct states found (8,498,438 ds/min), 59302601 states left on queue.
Progress(38) at 2012-11-11 11:57:43: 5894467299 states generated (88,036,613 s/min), 648393756 distinct states found (8,448,070 ds/min), 58947010 states left on queue.
Progress(38) at 2012-11-11 11:58:43: 5984169810 states generated (89,702,509 s/min), 656753601 distinct states found (8,359,845 ds/min), 58336604 states left on queue.
Progress(39) at 2012-11-11 11:59:43: 6072806771 states generated (88,636,972 s/min), 665181073 distinct states found (8,427,472 ds/min), 57900379 states left on queue.
Progress(39) at 2012-11-11 12:00:43: 6146554537 states generated (73,747,766 s/min), 672693852 distinct states found (7,512,779 ds/min), 58038383 states left on queue.
Progress(39) at 2012-11-11 12:01:43: 6231750756 states generated (85,196,209 s/min), 681201164 distinct states found (8,507,312 ds/min), 58026072 states left on queue.
Progress(39) at 2012-11-11 12:02:43: 6320209543 states generated (88,458,797 s/min), 689754962 distinct states found (8,553,798 ds/min), 57733992 states left on queue.
Progress(39) at 2012-11-11 12:03:43: 6410279558 states generated (90,069,995 s/min), 698321522 distinct states found (8,566,560 ds/min), 57293551 states left on queue.
Progress(39) at 2012-11-11 12:04:43: 6500538789 states generated (90,259,242 s/min), 706758830 distinct states found (8,437,308 ds/min), 56704938 states left on queue.
Progress(39) at 2012-11-11 12:05:43: 6580203375 states generated (79,664,583 s/min), 713955613 distinct states found (7,196,783 ds/min), 55935260 states left on queue.
Progress(40) at 2012-11-11 12:06:43: 6670417840 states generated (90,214,477 s/min), 722669683 distinct states found (8,714,070 ds/min), 55627883 states left on queue.
Progress(40) at 2012-11-11 12:07:43: 6758152798 states generated (87,734,947 s/min), 731394394 distinct states found (8,724,711 ds/min), 55579099 states left on queue.
Progress(40) at 2012-11-11 12:08:43: 6846133942 states generated (87,981,146 s/min), 739885334 distinct states found (8,490,940 ds/min), 55271925 states left on queue.
Progress(40) at 2012-11-11 12:09:43: 6935712829 states generated (89,578,886 s/min), 748274824 distinct states found (8,389,490 ds/min), 54703528 states left on queue.
Progress(40) at 2012-11-11 12:10:43: 7015756413 states generated (80,043,594 s/min), 755507807 distinct states found (7,232,983 ds/min), 53932149 states left on queue.
Progress(40) at 2012-11-11 12:11:43: 7105826315 states generated (90,069,892 s/min), 763740815 distinct states found (8,233,008 ds/min), 53158168 states left on queue.
Progress(40) at 2012-11-11 12:12:43: 7196251831 states generated (90,425,515 s/min), 771896022 distinct states found (8,155,207 ds/min), 52270823 states left on queue.
Progress(41) at 2012-11-11 12:13:43: 7282061547 states generated (85,809,717 s/min), 780344095 distinct states found (8,448,073 ds/min), 52137925 states left on queue.
Progress(41) at 2012-11-11 12:14:43: 7370771147 states generated (88,709,610 s/min), 788861431 distinct states found (8,517,336 ds/min), 51784301 states left on queue.
Progress(41) at 2012-11-11 12:15:43: 7449381853 states generated (78,610,695 s/min), 796148661 distinct states found (7,287,230 ds/min), 51210461 states left on queue.
Progress(41) at 2012-11-11 12:16:43: 7540722391 states generated (91,340,549 s/min), 804421213 distinct states found (8,272,552 ds/min), 50348958 states left on queue.
Progress(41) at 2012-11-11 12:17:43: 7631424057 states generated (90,701,666 s/min), 812476990 distinct states found (8,055,777 ds/min), 49334570 states left on queue.
Progress(42) at 2012-11-11 12:18:43: 7722810304 states generated (91,386,236 s/min), 820558104 distinct states found (8,081,114 ds/min), 48277058 states left on queue.
Progress(42) at 2012-11-11 12:19:43: 7809462363 states generated (86,652,070 s/min), 828965992 distinct states found (8,407,888 ds/min), 48019739 states left on queue.
Progress(42) at 2012-11-11 12:20:43: 7884950640 states generated (75,488,266 s/min), 836036045 distinct states found (7,070,053 ds/min), 47540965 states left on queue.
Progress(42) at 2012-11-11 12:21:43: 7976165916 states generated (91,215,276 s/min), 844357921 distinct states found (8,321,876 ds/min), 46741314 states left on queue.
Progress(42) at 2012-11-11 12:22:43: 8068725030 states generated (92,559,116 s/min), 852466772 distinct states found (8,108,851 ds/min), 45594254 states left on queue.
Progress(42) at 2012-11-11 12:23:44: 8162950086 states generated (94,225,065 s/min), 860554768 distinct states found (8,087,996 ds/min), 44259744 states left on queue.
Progress(43) at 2012-11-11 12:24:44: 8252169742 states generated (89,219,645 s/min), 868861253 distinct states found (8,306,485 ds/min), 43644263 states left on queue.
Progress(43) at 2012-11-11 12:25:44: 8330704293 states generated (78,534,553 s/min), 876120581 distinct states found (7,259,328 ds/min), 43050137 states left on queue.
Progress(43) at 2012-11-11 12:26:44: 8422885550 states generated (92,181,256 s/min), 884389773 distinct states found (8,269,192 ds/min), 42101203 states left on queue.
Progress(43) at 2012-11-11 12:27:44: 8514814051 states generated (91,928,499 s/min), 892285358 distinct states found (7,895,585 ds/min), 40803939 states left on queue.
Progress(43) at 2012-11-11 12:28:44: 8608847144 states generated (94,033,096 s/min), 900309652 distinct states found (8,024,294 ds/min), 39424922 states left on queue.
Progress(44) at 2012-11-11 12:29:44: 8699895878 states generated (91,048,734 s/min), 908582225 distinct states found (8,272,573 ds/min), 38592623 states left on queue.
Progress(44) at 2012-11-11 12:30:44: 8775765029 states generated (75,869,137 s/min), 915393921 distinct states found (6,811,696 ds/min), 37817403 states left on queue.
Progress(44) at 2012-11-11 12:31:44: 8868565767 states generated (92,800,761 s/min), 923582145 distinct states found (8,188,224 ds/min), 36725555 states left on queue.
Progress(44) at 2012-11-11 12:32:44: 8962915577 states generated (94,349,800 s/min), 931490065 distinct states found (7,907,920 ds/min), 35198493 states left on queue.
Progress(45) at 2012-11-11 12:33:44: 9055582590 states generated (92,667,023 s/min), 939449232 distinct states found (7,959,167 ds/min), 33890957 states left on queue.
Progress(45) at 2012-11-11 12:34:44: 9147531042 states generated (91,948,452 s/min), 947570447 distinct states found (8,121,215 ds/min), 32817327 states left on queue.
Progress(45) at 2012-11-11 12:35:44: 9228713383 states generated (81,182,329 s/min), 954599171 distinct states found (7,028,724 ds/min), 31727818 states left on queue.
Progress(45) at 2012-11-11 12:36:44: 9323698526 states generated (94,985,144 s/min), 962379420 distinct states found (7,780,249 ds/min), 30009552 states left on queue.
Progress(46) at 2012-11-11 12:37:44: 9417251574 states generated (93,553,027 s/min), 970378393 distinct states found (7,998,973 ds/min), 28653221 states left on queue.
Progress(46) at 2012-11-11 12:38:44: 9509942824 states generated (92,691,282 s/min), 978376234 distinct states found (7,997,841 ds/min), 27381936 states left on queue.
Progress(46) at 2012-11-11 12:39:44: 9604401252 states generated (94,458,428 s/min), 986086915 distinct states found (7,710,681 ds/min), 25646774 states left on queue.
Progress(47) at 2012-11-11 12:40:44: 9687057503 states generated (82,656,241 s/min), 992877237 distinct states found (6,790,322 ds/min), 24171471 states left on queue.
Progress(47) at 2012-11-11 12:41:44: 9780509255 states generated (93,451,751 s/min), 1000793460 distinct states found (7,916,223 ds/min), 22742519 states left on queue.
Progress(47) at 2012-11-11 12:42:44: 9875891470 states generated (95,382,226 s/min), 1008344012 distinct states found (7,550,552 ds/min), 20754850 states left on queue.
Progress(48) at 2012-11-11 12:43:44: 9970726155 states generated (94,834,675 s/min), 1016194978 distinct states found (7,850,966 ds/min), 19122347 states left on queue.
Progress(48) at 2012-11-11 12:44:44: 10064532469 states generated (93,806,314 s/min), 1023630199 distinct states found (7,435,221 ds/min), 17176937 states left on queue.
Progress(49) at 2012-11-11 12:45:44: 10138411367 states generated (73,878,898 s/min), 1029493513 distinct states found (5,863,314 ds/min), 15652364 states left on queue.
Progress(49) at 2012-11-11 12:46:44: 10233372107 states generated (94,960,750 s/min), 1036954194 distinct states found (7,460,681 ds/min), 13616967 states left on queue.
Progress(50) at 2012-11-11 12:47:44: 10329072728 states generated (95,700,600 s/min), 1044441149 distinct states found (7,486,955 ds/min), 11533861 states left on queue.
Progress(51) at 2012-11-11 12:48:44: 10424847174 states generated (95,774,456 s/min), 1051690676 distinct states found (7,249,527 ds/min), 9205944 states left on queue.
Progress(52) at 2012-11-11 12:49:44: 10520648544 states generated (95,801,363 s/min), 1058846563 distinct states found (7,155,887 ds/min), 6781694 states left on queue.
Progress(53) at 2012-11-11 12:50:44: 10601808843 states generated (81,160,306 s/min), 1064718784 distinct states found (5,872,221 ds/min), 4537884 states left on queue.
Progress(56) at 2012-11-11 12:51:44: 10699966901 states generated (98,158,039 s/min), 1071459712 distinct states found (6,740,928 ds/min), 1463007 states left on queue.
Model checking completed. No error has been found.
  Estimates of the probability that TLC did not check all reachable states
  because two distinct states had the same fingerprint:
  calculated (optimistic):  val = .56
  based on the actual fingerprints:  val = 2.2E-9
10737418241 states generated, 1073741824 distinct states found, 0 states left on queue.
The depth of the complete state graph search is 71.
Finished. (2012-11-11 12:55:14)
