TLC Server Version 2.05 of 18 May 2012
Parsing file /mnt/tlc/30960/spec/l1_n32_k2.tla
Parsing file /mnt/tlc/30960/spec/GridPerformanceTest.tla
Parsing file /mnt/tlc/30960/tla/tla2sany/StandardModules/TLC.tla
Parsing file /mnt/tlc/30960/tla/tla2sany/StandardModules/Integers.tla
Parsing file /mnt/tlc/30960/tla/tla2sany/StandardModules/FiniteSets.tla
Parsing file /mnt/tlc/30960/tla/tla2sany/StandardModules/Naturals.tla
Parsing file /mnt/tlc/30960/tla/tla2sany/StandardModules/Sequences.tla
Semantic processing of module Naturals
Semantic processing of module Integers
Semantic processing of module Sequences
Semantic processing of module FiniteSets
Semantic processing of module GridPerformanceTest
Semantic processing of module TLC
Semantic processing of module l1_n32_k2
Starting... (2012-08-13 20:51:56)
Computing initial states...
Finished computing initial states: 1 distinct state(s) generated.
TLC server at ip-10-29-136-101 is ready (2012-08-13 20:51:58)
Registration for worker at rmi://ip-10-31-137-113.ec2.internal:47047 completed (2012-08-13 20:51:58)
Registration for worker at rmi://ip-10-31-137-113.ec2.internal:47047 completed (2012-08-13 20:51:58)
Registration for worker at rmi://ip-10-31-137-113.ec2.internal:47047 completed (2012-08-13 20:51:58)
Registration for worker at rmi://ip-10-31-137-113.ec2.internal:47047 completed (2012-08-13 20:51:58)
Registration for worker at rmi://ip-10-31-137-113.ec2.internal:47047 completed (2012-08-13 20:51:58)
Registration for worker at rmi://ip-10-31-137-113.ec2.internal:47047 completed (2012-08-13 20:51:58)
Registration for worker at rmi://ip-10-31-137-113.ec2.internal:47047 completed (2012-08-13 20:51:58)
Registration for worker at rmi://ip-10-31-137-113.ec2.internal:47047 completed (2012-08-13 20:51:58)
Registration for worker at rmi://ip-10-30-128-98.ec2.internal:59102 completed (2012-08-13 20:52:00)
Registration for worker at rmi://ip-10-30-128-98.ec2.internal:59102 completed (2012-08-13 20:52:00)
Registration for worker at rmi://ip-10-30-128-98.ec2.internal:59102 completed (2012-08-13 20:52:00)
Registration for worker at rmi://ip-10-30-128-98.ec2.internal:59102 completed (2012-08-13 20:52:00)
Registration for worker at rmi://ip-10-30-128-98.ec2.internal:59102 completed (2012-08-13 20:52:00)
Registration for worker at rmi://ip-10-30-128-98.ec2.internal:59102 completed (2012-08-13 20:52:00)
Registration for worker at rmi://ip-10-30-128-98.ec2.internal:59102 completed (2012-08-13 20:52:00)
Registration for worker at rmi://ip-10-30-128-98.ec2.internal:59102 completed (2012-08-13 20:52:00)
Progress(8) at 2012-08-13 20:52:58: 15172637 states generated (15172637 s/min), 4152357 distinct states found (4152357 ds/min), 3427299 states left on queue.
Progress(9) at 2012-08-13 20:53:58: 41181157 states generated (26008520 s/min), 7981422 distinct states found (3829065 ds/min), 6561900 states left on queue.
Progress(9) at 2012-08-13 20:54:58: 67850364 states generated (26669207 s/min), 11834274 distinct states found (3852852 ds/min), 9506216 states left on queue.
Progress(10) at 2012-08-13 20:55:58: 97832970 states generated (29982606 s/min), 15269327 distinct states found (3435053 ds/min), 12006607 states left on queue.
Progress(10) at 2012-08-13 20:56:58: 123825032 states generated (25992062 s/min), 19153448 distinct states found (3884121 ds/min), 14769196 states left on queue.
Progress(10) at 2012-08-13 20:57:58: 148292139 states generated (24467107 s/min), 22694270 distinct states found (3540822 ds/min), 17639847 states left on queue.
Progress(10) at 2012-08-13 20:58:58: 181660268 states generated (33368129 s/min), 26118476 distinct states found (3424206 ds/min), 20168819 states left on queue.
Progress(10) at 2012-08-13 20:59:58: 238681586 states generated (57021318 s/min), 29829379 distinct states found (3710903 ds/min), 22011662 states left on queue.
Progress(10) at 2012-08-13 21:00:58: 266874556 states generated (28192970 s/min), 33513443 distinct states found (3684064 ds/min), 24567923 states left on queue.
Progress(11) at 2012-08-13 21:01:58: 293902962 states generated (27028406 s/min), 37005154 distinct states found (3491711 ds/min), 27213939 states left on queue.
Progress(11) at 2012-08-13 21:02:58: 340053038 states generated (46150076 s/min), 40447250 distinct states found (3442096 ds/min), 29261939 states left on queue.
Progress(11) at 2012-08-13 21:03:58: 371013133 states generated (30960095 s/min), 44276931 distinct states found (3829681 ds/min), 31883379 states left on queue.
Progress(11) at 2012-08-13 21:04:58: 402966611 states generated (31953478 s/min), 47612512 distinct states found (3335581 ds/min), 34300019 states left on queue.
Progress(11) at 2012-08-13 21:05:58: 439075533 states generated (36108922 s/min), 50780048 distinct states found (3167536 ds/min), 36356211 states left on queue.
Flushing disk 1 time, in 4 sec
Flushing disk 1 time, in 4 sec
Progress(11) at 2012-08-13 21:06:58: 472983933 states generated (33908400 s/min), 54011011 distinct states found (3230963 ds/min), 38355059 states left on queue.
Progress(11) at 2012-08-13 21:07:58: 499857868 states generated (26873935 s/min), 57466954 distinct states found (3455943 ds/min), 40960115 states left on queue.
Progress(11) at 2012-08-13 21:08:58: 538189314 states generated (38331446 s/min), 60904136 distinct states found (3437182 ds/min), 43196531 states left on queue.
Progress(11) at 2012-08-13 21:09:58: 567459145 states generated (29269831 s/min), 64329292 distinct states found (3425156 ds/min), 45654131 states left on queue.
Progress(11) at 2012-08-13 21:10:58: 599603582 states generated (32144437 s/min), 67491450 distinct states found (3162158 ds/min), 47898739 states left on queue.
Progress(11) at 2012-08-13 21:11:58: 646567202 states generated (46963620 s/min), 71128244 distinct states found (3636794 ds/min), 49894376 states left on queue.
Progress(11) at 2012-08-13 21:12:58: 692864499 states generated (46297297 s/min), 74506713 distinct states found (3378469 ds/min), 51880051 states left on queue.
Progress(11) at 2012-08-13 21:13:58: 747127173 states generated (54262674 s/min), 77854335 distinct states found (3347622 ds/min), 53510259 states left on queue.
Progress(11) at 2012-08-13 21:14:58: 812358401 states generated (65231228 s/min), 81232882 distinct states found (3378547 ds/min), 54780019 states left on queue.
Progress(11) at 2012-08-13 21:15:58: 882413480 states generated (70055079 s/min), 84038197 distinct states found (2805315 ds/min), 55263347 states left on queue.
Progress(11) at 2012-08-13 21:16:58: 932182553 states generated (49769073 s/min), 87427345 distinct states found (3389148 ds/min), 56828019 states left on queue.
Progress(11) at 2012-08-13 21:17:58: 961665436 states generated (29482883 s/min), 90787975 distinct states found (3360630 ds/min), 59277427 states left on queue.
Progress(12) at 2012-08-13 21:18:58: 1000616415 states generated (38950979 s/min), 94043434 distinct states found (3255459 ds/min), 61202547 states left on queue.
Warning: Failed to connect from ip-10-29-136-101 to the fp server at MSBMultiFPSet[UnicastServerRef [liveRef: [endpoint:[10.29.136.101:56833](local),objID:[65ec4aa3:13921c1d16b:-7ffc, 5709312641997970077]]]].
DiskFPSet.mergeNewEntries: 9223358477253404002 is already on disk.

Warning: there is no fp server available.
Progress(12) at 2012-08-13 21:19:58: 1027757419 states generated (27141004 s/min), 96945587 distinct states found (2902153 ds/min), 63465082 states left on queue.
Progress(12) at 2012-08-13 21:20:58: 1027757419 states generated (0 s/min), 96945587 distinct states found (0 ds/min), 63465082 states left on queue.
Progress(12) at 2012-08-13 21:21:58: 1027757419 states generated (0 s/min), 96945587 distinct states found (0 ds/min), 63465082 states left on queue.
Progress(12) at 2012-08-13 21:22:58: 1027757419 states generated (0 s/min), 96945587 distinct states found (0 ds/min), 63465082 states left on queue.
Progress(12) at 2012-08-13 21:23:58: 1027757419 states generated (0 s/min), 96945587 distinct states found (0 ds/min), 63465082 states left on queue.
Progress(12) at 2012-08-13 21:24:58: 1027757419 states generated (0 s/min), 96945587 distinct states found (0 ds/min), 63465082 states left on queue.
Progress(12) at 2012-08-13 21:25:58: 1027757419 states generated (0 s/min), 96945587 distinct states found (0 ds/min), 63465082 states left on queue.
Progress(12) at 2012-08-13 21:26:58: 1027757419 states generated (0 s/min), 96945587 distinct states found (0 ds/min), 63465082 states left on queue.
Progress(12) at 2012-08-13 21:27:58: 1027757419 states generated (0 s/min), 96945587 distinct states found (0 ds/min), 63465082 states left on queue.
Progress(12) at 2012-08-13 21:28:58: 1027757419 states generated (0 s/min), 96945587 distinct states found (0 ds/min), 63465082 states left on queue.
Progress(12) at 2012-08-13 21:29:58: 1027757419 states generated (0 s/min), 96945587 distinct states found (0 ds/min), 63465082 states left on queue.
Progress(12) at 2012-08-13 21:30:58: 1027757419 states generated (0 s/min), 96945587 distinct states found (0 ds/min), 63465082 states left on queue.
Progress(12) at 2012-08-13 21:31:58: 1027757419 states generated (0 s/min), 96945587 distinct states found (0 ds/min), 63465082 states left on queue.
Progress(12) at 2012-08-13 21:32:58: 1027757419 states generated (0 s/min), 96945587 distinct states found (0 ds/min), 63465082 states left on queue.
Progress(12) at 2012-08-13 21:33:58: 1027757419 states generated (0 s/min), 96945587 distinct states found (0 ds/min), 63465082 states left on queue.
Progress(12) at 2012-08-13 21:34:58: 1027757419 states generated (0 s/min), 96945587 distinct states found (0 ds/min), 63465082 states left on queue.
Progress(12) at 2012-08-13 21:35:58: 1027757419 states generated (0 s/min), 96945587 distinct states found (0 ds/min), 63465082 states left on queue.
Progress(12) at 2012-08-13 21:36:58: 1027757419 states generated (0 s/min), 96945587 distinct states found (0 ds/min), 63465082 states left on queue.
Progress(12) at 2012-08-13 21:37:58: 1027757419 states generated (0 s/min), 96945587 distinct states found (0 ds/min), 63465082 states left on queue.
Progress(12) at 2012-08-13 21:38:58: 1027757419 states generated (0 s/min), 96945587 distinct states found (0 ds/min), 63465082 states left on queue.
Progress(12) at 2012-08-13 21:39:58: 1027757419 states generated (0 s/min), 96945587 distinct states found (0 ds/min), 63465082 states left on queue.
Progress(12) at 2012-08-13 21:40:58: 1027757419 states generated (0 s/min), 96945587 distinct states found (0 ds/min), 63465082 states left on queue.
Progress(12) at 2012-08-13 21:41:58: 1027757419 states generated (0 s/min), 96945587 distinct states found (0 ds/min), 63465082 states left on queue.
Progress(12) at 2012-08-13 21:42:58: 1027757419 states generated (0 s/min), 96945587 distinct states found (0 ds/min), 63465082 states left on queue.
Progress(12) at 2012-08-13 21:43:58: 1027757419 states generated (0 s/min), 96945587 distinct states found (0 ds/min), 63465082 states left on queue.
Progress(12) at 2012-08-13 21:44:58: 1027757419 states generated (0 s/min), 96945587 distinct states found (0 ds/min), 63465082 states left on queue.
Progress(12) at 2012-08-13 21:45:58: 1027757419 states generated (0 s/min), 96945587 distinct states found (0 ds/min), 63465082 states left on queue.
Progress(12) at 2012-08-13 21:46:58: 1027757419 states generated (0 s/min), 96945587 distinct states found (0 ds/min), 63465082 states left on queue.
Progress(12) at 2012-08-13 21:47:58: 1027757419 states generated (0 s/min), 96945587 distinct states found (0 ds/min), 63465082 states left on queue.
Progress(12) at 2012-08-13 21:48:58: 1027757419 states generated (0 s/min), 96945587 distinct states found (0 ds/min), 63465082 states left on queue.
Progress(12) at 2012-08-13 21:49:58: 1027757419 states generated (0 s/min), 96945587 distinct states found (0 ds/min), 63465082 states left on queue.
Progress(12) at 2012-08-13 21:50:58: 1027757419 states generated (0 s/min), 96945587 distinct states found (0 ds/min), 63465082 states left on queue.
Progress(12) at 2012-08-13 21:52:02: 1027757419 states generated (0 s/min), 96945587 distinct states found (0 ds/min), 63465082 states left on queue.
Progress(12) at 2012-08-13 21:53:02: 1027757419 states generated (0 s/min), 96945587 distinct states found (0 ds/min), 63465082 states left on queue.
Progress(12) at 2012-08-13 21:54:02: 1027757419 states generated (0 s/min), 96945587 distinct states found (0 ds/min), 63465082 states left on queue.
Progress(12) at 2012-08-13 21:55:02: 1027757419 states generated (0 s/min), 96945587 distinct states found (0 ds/min), 63465082 states left on queue.
Progress(12) at 2012-08-13 21:56:02: 1027757419 states generated (0 s/min), 96945587 distinct states found (0 ds/min), 63465082 states left on queue.
Progress(12) at 2012-08-13 21:57:02: 1027757419 states generated (0 s/min), 96945587 distinct states found (0 ds/min), 63465082 states left on queue.
Progress(12) at 2012-08-13 21:58:02: 1027757419 states generated (0 s/min), 96945587 distinct states found (0 ds/min), 63465082 states left on queue.
Progress(12) at 2012-08-13 21:59:02: 1027757419 states generated (0 s/min), 96945587 distinct states found (0 ds/min), 63465082 states left on queue.
Progress(12) at 2012-08-13 22:00:02: 1027757419 states generated (0 s/min), 96945587 distinct states found (0 ds/min), 63465082 states left on queue.
Progress(12) at 2012-08-13 22:01:02: 1027757419 states generated (0 s/min), 96945587 distinct states found (0 ds/min), 63465082 states left on queue.
Progress(12) at 2012-08-13 22:02:02: 1027757419 states generated (0 s/min), 96945587 distinct states found (0 ds/min), 63465082 states left on queue.
Progress(12) at 2012-08-13 22:03:02: 1027757419 states generated (0 s/min), 96945587 distinct states found (0 ds/min), 63465082 states left on queue.
Progress(12) at 2012-08-13 22:04:02: 1027757419 states generated (0 s/min), 96945587 distinct states found (0 ds/min), 63465082 states left on queue.
Progress(12) at 2012-08-13 22:05:02: 1027757419 states generated (0 s/min), 96945587 distinct states found (0 ds/min), 63465082 states left on queue.
Progress(12) at 2012-08-13 22:06:02: 1027757419 states generated (0 s/min), 96945587 distinct states found (0 ds/min), 63465082 states left on queue.
Progress(12) at 2012-08-13 22:07:02: 1027757419 states generated (0 s/min), 96945587 distinct states found (0 ds/min), 63465082 states left on queue.
Progress(12) at 2012-08-13 22:08:02: 1027757419 states generated (0 s/min), 96945587 distinct states found (0 ds/min), 63465082 states left on queue.
Progress(12) at 2012-08-13 22:09:02: 1027757419 states generated (0 s/min), 96945587 distinct states found (0 ds/min), 63465082 states left on queue.
Progress(12) at 2012-08-13 22:10:02: 1027757419 states generated (0 s/min), 96945587 distinct states found (0 ds/min), 63465082 states left on queue.
Progress(12) at 2012-08-13 22:11:02: 1027757419 states generated (0 s/min), 96945587 distinct states found (0 ds/min), 63465082 states left on queue.
Progress(12) at 2012-08-13 22:12:02: 1027757419 states generated (0 s/min), 96945587 distinct states found (0 ds/min), 63465082 states left on queue.
Progress(12) at 2012-08-13 22:13:02: 1027757419 states generated (0 s/min), 96945587 distinct states found (0 ds/min), 63465082 states left on queue.
Progress(12) at 2012-08-13 22:14:02: 1027757419 states generated (0 s/min), 96945587 distinct states found (0 ds/min), 63465082 states left on queue.
Progress(12) at 2012-08-13 22:15:02: 1027757419 states generated (0 s/min), 96945587 distinct states found (0 ds/min), 63465082 states left on queue.
Progress(12) at 2012-08-13 22:16:02: 1027757419 states generated (0 s/min), 96945587 distinct states found (0 ds/min), 63465082 states left on queue.
Progress(12) at 2012-08-13 22:17:02: 1027757419 states generated (0 s/min), 96945587 distinct states found (0 ds/min), 63465082 states left on queue.
Progress(12) at 2012-08-13 22:18:02: 1027757419 states generated (0 s/min), 96945587 distinct states found (0 ds/min), 63465082 states left on queue.
Progress(12) at 2012-08-13 22:19:02: 1027757419 states generated (0 s/min), 96945587 distinct states found (0 ds/min), 63465082 states left on queue.
Progress(12) at 2012-08-13 22:20:02: 1027757419 states generated (0 s/min), 96945587 distinct states found (0 ds/min), 63465082 states left on queue.
Progress(12) at 2012-08-13 22:21:02: 1027757419 states generated (0 s/min), 96945587 distinct states found (0 ds/min), 63465082 states left on queue.
Progress(12) at 2012-08-13 22:22:02: 1027757419 states generated (0 s/min), 96945587 distinct states found (0 ds/min), 63465082 states left on queue.
Progress(12) at 2012-08-13 22:23:02: 1027757419 states generated (0 s/min), 96945587 distinct states found (0 ds/min), 63465082 states left on queue.
Progress(12) at 2012-08-13 22:24:02: 1027757419 states generated (0 s/min), 96945587 distinct states found (0 ds/min), 63465082 states left on queue.
Progress(12) at 2012-08-13 22:25:02: 1027757419 states generated (0 s/min), 96945587 distinct states found (0 ds/min), 63465082 states left on queue.
Progress(12) at 2012-08-13 22:26:02: 1027757419 states generated (0 s/min), 96945587 distinct states found (0 ds/min), 63465082 states left on queue.
Progress(12) at 2012-08-13 22:27:02: 1027757419 states generated (0 s/min), 96945587 distinct states found (0 ds/min), 63465082 states left on queue.
Progress(12) at 2012-08-13 22:28:02: 1027757419 states generated (0 s/min), 96945587 distinct states found (0 ds/min), 63465082 states left on queue.
Progress(12) at 2012-08-13 22:29:02: 1027757419 states generated (0 s/min), 96945587 distinct states found (0 ds/min), 63465082 states left on queue.
Progress(12) at 2012-08-13 22:30:02: 1027757419 states generated (0 s/min), 96945587 distinct states found (0 ds/min), 63465082 states left on queue.
Progress(12) at 2012-08-13 22:31:02: 1027757419 states generated (0 s/min), 96945587 distinct states found (0 ds/min), 63465082 states left on queue.
Progress(12) at 2012-08-13 22:32:02: 1027757419 states generated (0 s/min), 96945587 distinct states found (0 ds/min), 63465082 states left on queue.
Progress(12) at 2012-08-13 22:33:02: 1027757419 states generated (0 s/min), 96945587 distinct states found (0 ds/min), 63465082 states left on queue.
Progress(12) at 2012-08-13 22:34:02: 1027757419 states generated (0 s/min), 96945587 distinct states found (0 ds/min), 63465082 states left on queue.
Progress(12) at 2012-08-13 22:35:02: 1027757419 states generated (0 s/min), 96945587 distinct states found (0 ds/min), 63465082 states left on queue.
Progress(12) at 2012-08-13 22:36:02: 1027757419 states generated (0 s/min), 96945587 distinct states found (0 ds/min), 63465082 states left on queue.
Progress(12) at 2012-08-13 22:37:02: 1027757419 states generated (0 s/min), 96945587 distinct states found (0 ds/min), 63465082 states left on queue.
Progress(12) at 2012-08-13 22:38:02: 1027757419 states generated (0 s/min), 96945587 distinct states found (0 ds/min), 63465082 states left on queue.
Progress(12) at 2012-08-13 22:39:02: 1027757419 states generated (0 s/min), 96945587 distinct states found (0 ds/min), 63465082 states left on queue.
Progress(12) at 2012-08-13 22:40:02: 1027757419 states generated (0 s/min), 96945587 distinct states found (0 ds/min), 63465082 states left on queue.
Progress(12) at 2012-08-13 22:41:02: 1027757419 states generated (0 s/min), 96945587 distinct states found (0 ds/min), 63465082 states left on queue.
Progress(12) at 2012-08-13 22:42:02: 1027757419 states generated (0 s/min), 96945587 distinct states found (0 ds/min), 63465082 states left on queue.
Progress(12) at 2012-08-13 22:43:02: 1027757419 states generated (0 s/min), 96945587 distinct states found (0 ds/min), 63465082 states left on queue.
Progress(12) at 2012-08-13 22:44:02: 1027757419 states generated (0 s/min), 96945587 distinct states found (0 ds/min), 63465082 states left on queue.
Progress(12) at 2012-08-13 22:45:02: 1027757419 states generated (0 s/min), 96945587 distinct states found (0 ds/min), 63465082 states left on queue.
Progress(12) at 2012-08-13 22:46:02: 1027757419 states generated (0 s/min), 96945587 distinct states found (0 ds/min), 63465082 states left on queue.
Progress(12) at 2012-08-13 22:47:02: 1027757419 states generated (0 s/min), 96945587 distinct states found (0 ds/min), 63465082 states left on queue.
Progress(12) at 2012-08-13 22:48:02: 1027757419 states generated (0 s/min), 96945587 distinct states found (0 ds/min), 63465082 states left on queue.
Progress(12) at 2012-08-13 22:49:02: 1027757419 states generated (0 s/min), 96945587 distinct states found (0 ds/min), 63465082 states left on queue.
Progress(12) at 2012-08-13 22:50:02: 1027757419 states generated (0 s/min), 96945587 distinct states found (0 ds/min), 63465082 states left on queue.
Progress(12) at 2012-08-13 22:51:02: 1027757419 states generated (0 s/min), 96945587 distinct states found (0 ds/min), 63465082 states left on queue.
Progress(12) at 2012-08-13 22:52:03: 1027757419 states generated (0 s/min), 96945587 distinct states found (0 ds/min), 63465082 states left on queue.
Progress(12) at 2012-08-13 22:53:03: 1027757419 states generated (0 s/min), 96945587 distinct states found (0 ds/min), 63465082 states left on queue.
Progress(12) at 2012-08-13 22:54:03: 1027757419 states generated (0 s/min), 96945587 distinct states found (0 ds/min), 63465082 states left on queue.
Progress(12) at 2012-08-13 22:55:03: 1027757419 states generated (0 s/min), 96945587 distinct states found (0 ds/min), 63465082 states left on queue.
Progress(12) at 2012-08-13 22:56:03: 1027757419 states generated (0 s/min), 96945587 distinct states found (0 ds/min), 63465082 states left on queue.
Progress(12) at 2012-08-13 22:57:03: 1027757419 states generated (0 s/min), 96945587 distinct states found (0 ds/min), 63465082 states left on queue.
Progress(12) at 2012-08-13 22:58:03: 1027757419 states generated (0 s/min), 96945587 distinct states found (0 ds/min), 63465082 states left on queue.
Progress(12) at 2012-08-13 22:59:03: 1027757419 states generated (0 s/min), 96945587 distinct states found (0 ds/min), 63465082 states left on queue.
Progress(12) at 2012-08-13 23:00:03: 1027757419 states generated (0 s/min), 96945587 distinct states found (0 ds/min), 63465082 states left on queue.
Progress(12) at 2012-08-13 23:01:03: 1027757419 states generated (0 s/min), 96945587 distinct states found (0 ds/min), 63465082 states left on queue.
Progress(12) at 2012-08-13 23:02:03: 1027757419 states generated (0 s/min), 96945587 distinct states found (0 ds/min), 63465082 states left on queue.
Progress(12) at 2012-08-13 23:03:03: 1027757419 states generated (0 s/min), 96945587 distinct states found (0 ds/min), 63465082 states left on queue.
Progress(12) at 2012-08-13 23:04:03: 1027757419 states generated (0 s/min), 96945587 distinct states found (0 ds/min), 63465082 states left on queue.
Progress(12) at 2012-08-13 23:05:03: 1027757419 states generated (0 s/min), 96945587 distinct states found (0 ds/min), 63465082 states left on queue.
Progress(12) at 2012-08-13 23:06:03: 1027757419 states generated (0 s/min), 96945587 distinct states found (0 ds/min), 63465082 states left on queue.
Progress(12) at 2012-08-13 23:07:03: 1027757419 states generated (0 s/min), 96945587 distinct states found (0 ds/min), 63465082 states left on queue.
Progress(12) at 2012-08-13 23:08:03: 1027757419 states generated (0 s/min), 96945587 distinct states found (0 ds/min), 63465082 states left on queue.
Progress(12) at 2012-08-13 23:09:03: 1027757419 states generated (0 s/min), 96945587 distinct states found (0 ds/min), 63465082 states left on queue.
Progress(12) at 2012-08-13 23:10:04: 1027757419 states generated (0 s/min), 96945587 distinct states found (0 ds/min), 63465082 states left on queue.
Progress(12) at 2012-08-13 23:11:04: 1027757419 states generated (0 s/min), 96945587 distinct states found (0 ds/min), 63465082 states left on queue.
Progress(12) at 2012-08-13 23:12:04: 1027757419 states generated (0 s/min), 96945587 distinct states found (0 ds/min), 63465082 states left on queue.
Progress(12) at 2012-08-13 23:13:04: 1027757419 states generated (0 s/min), 96945587 distinct states found (0 ds/min), 63465082 states left on queue.
Progress(12) at 2012-08-13 23:14:04: 1027757419 states generated (0 s/min), 96945587 distinct states found (0 ds/min), 63465082 states left on queue.
Progress(12) at 2012-08-13 23:15:04: 1027757419 states generated (0 s/min), 96945587 distinct states found (0 ds/min), 63465082 states left on queue.
Progress(12) at 2012-08-13 23:16:04: 1027757419 states generated (0 s/min), 96945587 distinct states found (0 ds/min), 63465082 states left on queue.
Progress(12) at 2012-08-13 23:17:04: 1027757419 states generated (0 s/min), 96945587 distinct states found (0 ds/min), 63465082 states left on queue.
Progress(12) at 2012-08-13 23:18:04: 1027757419 states generated (0 s/min), 96945587 distinct states found (0 ds/min), 63465082 states left on queue.
Progress(12) at 2012-08-13 23:19:04: 1027757419 states generated (0 s/min), 96945587 distinct states found (0 ds/min), 63465082 states left on queue.
Progress(12) at 2012-08-13 23:20:04: 1027757419 states generated (0 s/min), 96945587 distinct states found (0 ds/min), 63465082 states left on queue.
Progress(12) at 2012-08-13 23:21:04: 1027757419 states generated (0 s/min), 96945587 distinct states found (0 ds/min), 63465082 states left on queue.
Progress(12) at 2012-08-13 23:22:04: 1027757419 states generated (0 s/min), 96945587 distinct states found (0 ds/min), 63465082 states left on queue.
Progress(12) at 2012-08-13 23:23:04: 1027757419 states generated (0 s/min), 96945587 distinct states found (0 ds/min), 63465082 states left on queue.
Progress(12) at 2012-08-13 23:24:04: 1027757419 states generated (0 s/min), 96945587 distinct states found (0 ds/min), 63465082 states left on queue.
Progress(12) at 2012-08-13 23:25:04: 1027757419 states generated (0 s/min), 96945587 distinct states found (0 ds/min), 63465082 states left on queue.
Progress(12) at 2012-08-13 23:26:04: 1027757419 states generated (0 s/min), 96945587 distinct states found (0 ds/min), 63465082 states left on queue.
Progress(12) at 2012-08-13 23:27:04: 1027757419 states generated (0 s/min), 96945587 distinct states found (0 ds/min), 63465082 states left on queue.
Progress(12) at 2012-08-13 23:28:04: 1027757419 states generated (0 s/min), 96945587 distinct states found (0 ds/min), 63465082 states left on queue.
Progress(12) at 2012-08-13 23:29:04: 1027757419 states generated (0 s/min), 96945587 distinct states found (0 ds/min), 63465082 states left on queue.
Progress(12) at 2012-08-13 23:30:04: 1027757419 states generated (0 s/min), 96945587 distinct states found (0 ds/min), 63465082 states left on queue.
Progress(12) at 2012-08-13 23:31:04: 1027757419 states generated (0 s/min), 96945587 distinct states found (0 ds/min), 63465082 states left on queue.
Progress(12) at 2012-08-13 23:32:04: 1027757419 states generated (0 s/min), 96945587 distinct states found (0 ds/min), 63465082 states left on queue.
Progress(12) at 2012-08-13 23:33:04: 1027757419 states generated (0 s/min), 96945587 distinct states found (0 ds/min), 63465082 states left on queue.
Progress(12) at 2012-08-13 23:34:04: 1027757419 states generated (0 s/min), 96945587 distinct states found (0 ds/min), 63465082 states left on queue.
Progress(12) at 2012-08-13 23:35:04: 1027757419 states generated (0 s/min), 96945587 distinct states found (0 ds/min), 63465082 states left on queue.
Progress(12) at 2012-08-13 23:36:04: 1027757419 states generated (0 s/min), 96945587 distinct states found (0 ds/min), 63465082 states left on queue.
Progress(12) at 2012-08-13 23:37:04: 1027757419 states generated (0 s/min), 96945587 distinct states found (0 ds/min), 63465082 states left on queue.
Progress(12) at 2012-08-13 23:38:04: 1027757419 states generated (0 s/min), 96945587 distinct states found (0 ds/min), 63465082 states left on queue.
Progress(12) at 2012-08-13 23:39:04: 1027757419 states generated (0 s/min), 96945587 distinct states found (0 ds/min), 63465082 states left on queue.
Progress(12) at 2012-08-13 23:40:04: 1027757419 states generated (0 s/min), 96945587 distinct states found (0 ds/min), 63465082 states left on queue.
Progress(12) at 2012-08-13 23:41:04: 1027757419 states generated (0 s/min), 96945587 distinct states found (0 ds/min), 63465082 states left on queue.
Progress(12) at 2012-08-13 23:42:04: 1027757419 states generated (0 s/min), 96945587 distinct states found (0 ds/min), 63465082 states left on queue.
Progress(12) at 2012-08-13 23:43:04: 1027757419 states generated (0 s/min), 96945587 distinct states found (0 ds/min), 63465082 states left on queue.
Progress(12) at 2012-08-13 23:44:04: 1027757419 states generated (0 s/min), 96945587 distinct states found (0 ds/min), 63465082 states left on queue.
Progress(12) at 2012-08-13 23:45:04: 1027757419 states generated (0 s/min), 96945587 distinct states found (0 ds/min), 63465082 states left on queue.
Progress(12) at 2012-08-13 23:46:04: 1027757419 states generated (0 s/min), 96945587 distinct states found (0 ds/min), 63465082 states left on queue.
Progress(12) at 2012-08-13 23:47:04: 1027757419 states generated (0 s/min), 96945587 distinct states found (0 ds/min), 63465082 states left on queue.
Progress(12) at 2012-08-13 23:48:04: 1027757419 states generated (0 s/min), 96945587 distinct states found (0 ds/min), 63465082 states left on queue.
Progress(12) at 2012-08-13 23:49:04: 1027757419 states generated (0 s/min), 96945587 distinct states found (0 ds/min), 63465082 states left on queue.
Progress(12) at 2012-08-13 23:50:04: 1027757419 states generated (0 s/min), 96945587 distinct states found (0 ds/min), 63465082 states left on queue.
Progress(12) at 2012-08-13 23:51:04: 1027757419 states generated (0 s/min), 96945587 distinct states found (0 ds/min), 63465082 states left on queue.
Progress(12) at 2012-08-13 23:52:06: 1027757419 states generated (0 s/min), 96945587 distinct states found (0 ds/min), 63465082 states left on queue.
Progress(12) at 2012-08-13 23:53:06: 1027757419 states generated (0 s/min), 96945587 distinct states found (0 ds/min), 63465082 states left on queue.
Progress(12) at 2012-08-13 23:54:06: 1027757419 states generated (0 s/min), 96945587 distinct states found (0 ds/min), 63465082 states left on queue.
Progress(12) at 2012-08-13 23:55:06: 1027757419 states generated (0 s/min), 96945587 distinct states found (0 ds/min), 63465082 states left on queue.
Progress(12) at 2012-08-13 23:56:06: 1027757419 states generated (0 s/min), 96945587 distinct states found (0 ds/min), 63465082 states left on queue.
Progress(12) at 2012-08-13 23:57:06: 1027757419 states generated (0 s/min), 96945587 distinct states found (0 ds/min), 63465082 states left on queue.
Progress(12) at 2012-08-13 23:58:06: 1027757419 states generated (0 s/min), 96945587 distinct states found (0 ds/min), 63465082 states left on queue.
Progress(12) at 2012-08-13 23:59:06: 1027757419 states generated (0 s/min), 96945587 distinct states found (0 ds/min), 63465082 states left on queue.
Progress(12) at 2012-08-14 00:00:06: 1027757419 states generated (0 s/min), 96945587 distinct states found (0 ds/min), 63465082 states left on queue.
Progress(12) at 2012-08-14 00:01:06: 1027757419 states generated (0 s/min), 96945587 distinct states found (0 ds/min), 63465082 states left on queue.
Progress(12) at 2012-08-14 00:02:06: 1027757419 states generated (0 s/min), 96945587 distinct states found (0 ds/min), 63465082 states left on queue.
Progress(12) at 2012-08-14 00:03:06: 1027757419 states generated (0 s/min), 96945587 distinct states found (0 ds/min), 63465082 states left on queue.
Progress(12) at 2012-08-14 00:04:06: 1027757419 states generated (0 s/min), 96945587 distinct states found (0 ds/min), 63465082 states left on queue.
Progress(12) at 2012-08-14 00:05:06: 1027757419 states generated (0 s/min), 96945587 distinct states found (0 ds/min), 63465082 states left on queue.
Progress(12) at 2012-08-14 00:06:06: 1027757419 states generated (0 s/min), 96945587 distinct states found (0 ds/min), 63465082 states left on queue.
Progress(12) at 2012-08-14 00:07:06: 1027757419 states generated (0 s/min), 96945587 distinct states found (0 ds/min), 63465082 states left on queue.
Progress(12) at 2012-08-14 00:08:06: 1027757419 states generated (0 s/min), 96945587 distinct states found (0 ds/min), 63465082 states left on queue.
Progress(12) at 2012-08-14 00:09:06: 1027757419 states generated (0 s/min), 96945587 distinct states found (0 ds/min), 63465082 states left on queue.
Progress(12) at 2012-08-14 00:10:06: 1027757419 states generated (0 s/min), 96945587 distinct states found (0 ds/min), 63465082 states left on queue.
Progress(12) at 2012-08-14 00:11:06: 1027757419 states generated (0 s/min), 96945587 distinct states found (0 ds/min), 63465082 states left on queue.
Progress(12) at 2012-08-14 00:12:06: 1027757419 states generated (0 s/min), 96945587 distinct states found (0 ds/min), 63465082 states left on queue.
Progress(12) at 2012-08-14 00:13:06: 1027757419 states generated (0 s/min), 96945587 distinct states found (0 ds/min), 63465082 states left on queue.
Progress(12) at 2012-08-14 00:14:06: 1027757419 states generated (0 s/min), 96945587 distinct states found (0 ds/min), 63465082 states left on queue.
Progress(12) at 2012-08-14 00:15:06: 1027757419 states generated (0 s/min), 96945587 distinct states found (0 ds/min), 63465082 states left on queue.
Progress(12) at 2012-08-14 00:16:06: 1027757419 states generated (0 s/min), 96945587 distinct states found (0 ds/min), 63465082 states left on queue.
Progress(12) at 2012-08-14 00:17:06: 1027757419 states generated (0 s/min), 96945587 distinct states found (0 ds/min), 63465082 states left on queue.
Progress(12) at 2012-08-14 00:18:06: 1027757419 states generated (0 s/min), 96945587 distinct states found (0 ds/min), 63465082 states left on queue.
Progress(12) at 2012-08-14 00:19:06: 1027757419 states generated (0 s/min), 96945587 distinct states found (0 ds/min), 63465082 states left on queue.
Progress(12) at 2012-08-14 00:20:06: 1027757419 states generated (0 s/min), 96945587 distinct states found (0 ds/min), 63465082 states left on queue.
Progress(12) at 2012-08-14 00:21:06: 1027757419 states generated (0 s/min), 96945587 distinct states found (0 ds/min), 63465082 states left on queue.
Progress(12) at 2012-08-14 00:22:06: 1027757419 states generated (0 s/min), 96945587 distinct states found (0 ds/min), 63465082 states left on queue.
Progress(12) at 2012-08-14 00:23:06: 1027757419 states generated (0 s/min), 96945587 distinct states found (0 ds/min), 63465082 states left on queue.
Progress(12) at 2012-08-14 00:24:06: 1027757419 states generated (0 s/min), 96945587 distinct states found (0 ds/min), 63465082 states left on queue.
Progress(12) at 2012-08-14 00:25:06: 1027757419 states generated (0 s/min), 96945587 distinct states found (0 ds/min), 63465082 states left on queue.
Progress(12) at 2012-08-14 00:26:06: 1027757419 states generated (0 s/min), 96945587 distinct states found (0 ds/min), 63465082 states left on queue.
Progress(12) at 2012-08-14 00:27:06: 1027757419 states generated (0 s/min), 96945587 distinct states found (0 ds/min), 63465082 states left on queue.
Progress(12) at 2012-08-14 00:28:06: 1027757419 states generated (0 s/min), 96945587 distinct states found (0 ds/min), 63465082 states left on queue.
Progress(12) at 2012-08-14 00:29:06: 1027757419 states generated (0 s/min), 96945587 distinct states found (0 ds/min), 63465082 states left on queue.
Progress(12) at 2012-08-14 00:30:06: 1027757419 states generated (0 s/min), 96945587 distinct states found (0 ds/min), 63465082 states left on queue.
Progress(12) at 2012-08-14 00:31:06: 1027757419 states generated (0 s/min), 96945587 distinct states found (0 ds/min), 63465082 states left on queue.
Progress(12) at 2012-08-14 00:32:06: 1027757419 states generated (0 s/min), 96945587 distinct states found (0 ds/min), 63465082 states left on queue.
Progress(12) at 2012-08-14 00:33:06: 1027757419 states generated (0 s/min), 96945587 distinct states found (0 ds/min), 63465082 states left on queue.
Progress(12) at 2012-08-14 00:34:06: 1027757419 states generated (0 s/min), 96945587 distinct states found (0 ds/min), 63465082 states left on queue.
Progress(12) at 2012-08-14 00:35:06: 1027757419 states generated (0 s/min), 96945587 distinct states found (0 ds/min), 63465082 states left on queue.
Progress(12) at 2012-08-14 00:36:06: 1027757419 states generated (0 s/min), 96945587 distinct states found (0 ds/min), 63465082 states left on queue.
Progress(12) at 2012-08-14 00:37:06: 1027757419 states generated (0 s/min), 96945587 distinct states found (0 ds/min), 63465082 states left on queue.
Progress(12) at 2012-08-14 00:38:06: 1027757419 states generated (0 s/min), 96945587 distinct states found (0 ds/min), 63465082 states left on queue.
Progress(12) at 2012-08-14 00:39:06: 1027757419 states generated (0 s/min), 96945587 distinct states found (0 ds/min), 63465082 states left on queue.
Progress(12) at 2012-08-14 00:40:06: 1027757419 states generated (0 s/min), 96945587 distinct states found (0 ds/min), 63465082 states left on queue.
Progress(12) at 2012-08-14 00:41:06: 1027757419 states generated (0 s/min), 96945587 distinct states found (0 ds/min), 63465082 states left on queue.
Progress(12) at 2012-08-14 00:42:06: 1027757419 states generated (0 s/min), 96945587 distinct states found (0 ds/min), 63465082 states left on queue.
Progress(12) at 2012-08-14 00:43:06: 1027757419 states generated (0 s/min), 96945587 distinct states found (0 ds/min), 63465082 states left on queue.
Progress(12) at 2012-08-14 00:44:06: 1027757419 states generated (0 s/min), 96945587 distinct states found (0 ds/min), 63465082 states left on queue.
Progress(12) at 2012-08-14 00:45:06: 1027757419 states generated (0 s/min), 96945587 distinct states found (0 ds/min), 63465082 states left on queue.
Progress(12) at 2012-08-14 00:46:06: 1027757419 states generated (0 s/min), 96945587 distinct states found (0 ds/min), 63465082 states left on queue.
Progress(12) at 2012-08-14 00:47:06: 1027757419 states generated (0 s/min), 96945587 distinct states found (0 ds/min), 63465082 states left on queue.
Progress(12) at 2012-08-14 00:48:06: 1027757419 states generated (0 s/min), 96945587 distinct states found (0 ds/min), 63465082 states left on queue.
Progress(12) at 2012-08-14 00:49:06: 1027757419 states generated (0 s/min), 96945587 distinct states found (0 ds/min), 63465082 states left on queue.
Progress(12) at 2012-08-14 00:50:06: 1027757419 states generated (0 s/min), 96945587 distinct states found (0 ds/min), 63465082 states left on queue.
Progress(12) at 2012-08-14 00:51:06: 1027757419 states generated (0 s/min), 96945587 distinct states found (0 ds/min), 63465082 states left on queue.
Progress(12) at 2012-08-14 00:52:07: 1027757419 states generated (0 s/min), 96945587 distinct states found (0 ds/min), 63465082 states left on queue.
Progress(12) at 2012-08-14 00:53:07: 1027757419 states generated (0 s/min), 96945587 distinct states found (0 ds/min), 63465082 states left on queue.
Progress(12) at 2012-08-14 00:54:07: 1027757419 states generated (0 s/min), 96945587 distinct states found (0 ds/min), 63465082 states left on queue.
Progress(12) at 2012-08-14 00:55:07: 1027757419 states generated (0 s/min), 96945587 distinct states found (0 ds/min), 63465082 states left on queue.
Progress(12) at 2012-08-14 00:56:07: 1027757419 states generated (0 s/min), 96945587 distinct states found (0 ds/min), 63465082 states left on queue.
Progress(12) at 2012-08-14 00:57:07: 1027757419 states generated (0 s/min), 96945587 distinct states found (0 ds/min), 63465082 states left on queue.
Progress(12) at 2012-08-14 00:58:07: 1027757419 states generated (0 s/min), 96945587 distinct states found (0 ds/min), 63465082 states left on queue.
Progress(12) at 2012-08-14 00:59:07: 1027757419 states generated (0 s/min), 96945587 distinct states found (0 ds/min), 63465082 states left on queue.
Progress(12) at 2012-08-14 01:00:07: 1027757419 states generated (0 s/min), 96945587 distinct states found (0 ds/min), 63465082 states left on queue.
Progress(12) at 2012-08-14 01:01:07: 1027757419 states generated (0 s/min), 96945587 distinct states found (0 ds/min), 63465082 states left on queue.
Progress(12) at 2012-08-14 01:02:07: 1027757419 states generated (0 s/min), 96945587 distinct states found (0 ds/min), 63465082 states left on queue.
Progress(12) at 2012-08-14 01:03:07: 1027757419 states generated (0 s/min), 96945587 distinct states found (0 ds/min), 63465082 states left on queue.
Progress(12) at 2012-08-14 01:04:07: 1027757419 states generated (0 s/min), 96945587 distinct states found (0 ds/min), 63465082 states left on queue.
Progress(12) at 2012-08-14 01:05:07: 1027757419 states generated (0 s/min), 96945587 distinct states found (0 ds/min), 63465082 states left on queue.
Progress(12) at 2012-08-14 01:06:07: 1027757419 states generated (0 s/min), 96945587 distinct states found (0 ds/min), 63465082 states left on queue.
Progress(12) at 2012-08-14 01:07:07: 1027757419 states generated (0 s/min), 96945587 distinct states found (0 ds/min), 63465082 states left on queue.
Progress(12) at 2012-08-14 01:08:07: 1027757419 states generated (0 s/min), 96945587 distinct states found (0 ds/min), 63465082 states left on queue.
Progress(12) at 2012-08-14 01:09:07: 1027757419 states generated (0 s/min), 96945587 distinct states found (0 ds/min), 63465082 states left on queue.
Progress(12) at 2012-08-14 01:10:07: 1027757419 states generated (0 s/min), 96945587 distinct states found (0 ds/min), 63465082 states left on queue.
Progress(12) at 2012-08-14 01:11:07: 1027757419 states generated (0 s/min), 96945587 distinct states found (0 ds/min), 63465082 states left on queue.
Progress(12) at 2012-08-14 01:12:07: 1027757419 states generated (0 s/min), 96945587 distinct states found (0 ds/min), 63465082 states left on queue.
Progress(12) at 2012-08-14 01:13:07: 1027757419 states generated (0 s/min), 96945587 distinct states found (0 ds/min), 63465082 states left on queue.
Progress(12) at 2012-08-14 01:14:07: 1027757419 states generated (0 s/min), 96945587 distinct states found (0 ds/min), 63465082 states left on queue.
Progress(12) at 2012-08-14 01:15:07: 1027757419 states generated (0 s/min), 96945587 distinct states found (0 ds/min), 63465082 states left on queue.
Progress(12) at 2012-08-14 01:16:07: 1027757419 states generated (0 s/min), 96945587 distinct states found (0 ds/min), 63465082 states left on queue.
Progress(12) at 2012-08-14 01:17:07: 1027757419 states generated (0 s/min), 96945587 distinct states found (0 ds/min), 63465082 states left on queue.
Progress(12) at 2012-08-14 01:18:07: 1027757419 states generated (0 s/min), 96945587 distinct states found (0 ds/min), 63465082 states left on queue.
Progress(12) at 2012-08-14 01:19:07: 1027757419 states generated (0 s/min), 96945587 distinct states found (0 ds/min), 63465082 states left on queue.
Progress(12) at 2012-08-14 01:20:07: 1027757419 states generated (0 s/min), 96945587 distinct states found (0 ds/min), 63465082 states left on queue.
Progress(12) at 2012-08-14 01:21:07: 1027757419 states generated (0 s/min), 96945587 distinct states found (0 ds/min), 63465082 states left on queue.
Progress(12) at 2012-08-14 01:22:07: 1027757419 states generated (0 s/min), 96945587 distinct states found (0 ds/min), 63465082 states left on queue.
Progress(12) at 2012-08-14 01:23:07: 1027757419 states generated (0 s/min), 96945587 distinct states found (0 ds/min), 63465082 states left on queue.
Progress(12) at 2012-08-14 01:24:07: 1027757419 states generated (0 s/min), 96945587 distinct states found (0 ds/min), 63465082 states left on queue.
Progress(12) at 2012-08-14 01:25:07: 1027757419 states generated (0 s/min), 96945587 distinct states found (0 ds/min), 63465082 states left on queue.
Progress(12) at 2012-08-14 01:26:07: 1027757419 states generated (0 s/min), 96945587 distinct states found (0 ds/min), 63465082 states left on queue.
Progress(12) at 2012-08-14 01:27:07: 1027757419 states generated (0 s/min), 96945587 distinct states found (0 ds/min), 63465082 states left on queue.
Progress(12) at 2012-08-14 01:28:07: 1027757419 states generated (0 s/min), 96945587 distinct states found (0 ds/min), 63465082 states left on queue.
Progress(12) at 2012-08-14 01:29:07: 1027757419 states generated (0 s/min), 96945587 distinct states found (0 ds/min), 63465082 states left on queue.
Progress(12) at 2012-08-14 01:30:07: 1027757419 states generated (0 s/min), 96945587 distinct states found (0 ds/min), 63465082 states left on queue.
Progress(12) at 2012-08-14 01:31:07: 1027757419 states generated (0 s/min), 96945587 distinct states found (0 ds/min), 63465082 states left on queue.
Progress(12) at 2012-08-14 01:32:07: 1027757419 states generated (0 s/min), 96945587 distinct states found (0 ds/min), 63465082 states left on queue.
Progress(12) at 2012-08-14 01:33:07: 1027757419 states generated (0 s/min), 96945587 distinct states found (0 ds/min), 63465082 states left on queue.
Progress(12) at 2012-08-14 01:34:07: 1027757419 states generated (0 s/min), 96945587 distinct states found (0 ds/min), 63465082 states left on queue.
Progress(12) at 2012-08-14 01:35:07: 1027757419 states generated (0 s/min), 96945587 distinct states found (0 ds/min), 63465082 states left on queue.
Progress(12) at 2012-08-14 01:36:07: 1027757419 states generated (0 s/min), 96945587 distinct states found (0 ds/min), 63465082 states left on queue.
Progress(12) at 2012-08-14 01:37:07: 1027757419 states generated (0 s/min), 96945587 distinct states found (0 ds/min), 63465082 states left on queue.
Progress(12) at 2012-08-14 01:38:07: 1027757419 states generated (0 s/min), 96945587 distinct states found (0 ds/min), 63465082 states left on queue.
Progress(12) at 2012-08-14 01:39:07: 1027757419 states generated (0 s/min), 96945587 distinct states found (0 ds/min), 63465082 states left on queue.
Progress(12) at 2012-08-14 01:40:07: 1027757419 states generated (0 s/min), 96945587 distinct states found (0 ds/min), 63465082 states left on queue.
Progress(12) at 2012-08-14 01:41:07: 1027757419 states generated (0 s/min), 96945587 distinct states found (0 ds/min), 63465082 states left on queue.
Progress(12) at 2012-08-14 01:42:07: 1027757419 states generated (0 s/min), 96945587 distinct states found (0 ds/min), 63465082 states left on queue.
Progress(12) at 2012-08-14 01:43:07: 1027757419 states generated (0 s/min), 96945587 distinct states found (0 ds/min), 63465082 states left on queue.
Progress(12) at 2012-08-14 01:44:07: 1027757419 states generated (0 s/min), 96945587 distinct states found (0 ds/min), 63465082 states left on queue.
Progress(12) at 2012-08-14 01:45:07: 1027757419 states generated (0 s/min), 96945587 distinct states found (0 ds/min), 63465082 states left on queue.
Progress(12) at 2012-08-14 01:46:07: 1027757419 states generated (0 s/min), 96945587 distinct states found (0 ds/min), 63465082 states left on queue.
Progress(12) at 2012-08-14 01:47:07: 1027757419 states generated (0 s/min), 96945587 distinct states found (0 ds/min), 63465082 states left on queue.
Progress(12) at 2012-08-14 01:48:07: 1027757419 states generated (0 s/min), 96945587 distinct states found (0 ds/min), 63465082 states left on queue.
Progress(12) at 2012-08-14 01:49:07: 1027757419 states generated (0 s/min), 96945587 distinct states found (0 ds/min), 63465082 states left on queue.
Progress(12) at 2012-08-14 01:50:07: 1027757419 states generated (0 s/min), 96945587 distinct states found (0 ds/min), 63465082 states left on queue.
Progress(12) at 2012-08-14 01:51:07: 1027757419 states generated (0 s/min), 96945587 distinct states found (0 ds/min), 63465082 states left on queue.
Progress(12) at 2012-08-14 01:52:08: 1027757419 states generated (0 s/min), 96945587 distinct states found (0 ds/min), 63465082 states left on queue.
Progress(12) at 2012-08-14 01:53:08: 1027757419 states generated (0 s/min), 96945587 distinct states found (0 ds/min), 63465082 states left on queue.
Progress(12) at 2012-08-14 01:54:08: 1027757419 states generated (0 s/min), 96945587 distinct states found (0 ds/min), 63465082 states left on queue.
Progress(12) at 2012-08-14 01:55:08: 1027757419 states generated (0 s/min), 96945587 distinct states found (0 ds/min), 63465082 states left on queue.
Progress(12) at 2012-08-14 01:56:08: 1027757419 states generated (0 s/min), 96945587 distinct states found (0 ds/min), 63465082 states left on queue.
Progress(12) at 2012-08-14 01:57:08: 1027757419 states generated (0 s/min), 96945587 distinct states found (0 ds/min), 63465082 states left on queue.
Progress(12) at 2012-08-14 01:58:08: 1027757419 states generated (0 s/min), 96945587 distinct states found (0 ds/min), 63465082 states left on queue.
Progress(12) at 2012-08-14 01:59:08: 1027757419 states generated (0 s/min), 96945587 distinct states found (0 ds/min), 63465082 states left on queue.
Progress(12) at 2012-08-14 02:00:08: 1027757419 states generated (0 s/min), 96945587 distinct states found (0 ds/min), 63465082 states left on queue.
Progress(12) at 2012-08-14 02:01:08: 1027757419 states generated (0 s/min), 96945587 distinct states found (0 ds/min), 63465082 states left on queue.
Progress(12) at 2012-08-14 02:02:08: 1027757419 states generated (0 s/min), 96945587 distinct states found (0 ds/min), 63465082 states left on queue.
Progress(12) at 2012-08-14 02:03:08: 1027757419 states generated (0 s/min), 96945587 distinct states found (0 ds/min), 63465082 states left on queue.
Progress(12) at 2012-08-14 02:04:08: 1027757419 states generated (0 s/min), 96945587 distinct states found (0 ds/min), 63465082 states left on queue.
Progress(12) at 2012-08-14 02:05:08: 1027757419 states generated (0 s/min), 96945587 distinct states found (0 ds/min), 63465082 states left on queue.
Progress(12) at 2012-08-14 02:06:08: 1027757419 states generated (0 s/min), 96945587 distinct states found (0 ds/min), 63465082 states left on queue.
Progress(12) at 2012-08-14 02:07:08: 1027757419 states generated (0 s/min), 96945587 distinct states found (0 ds/min), 63465082 states left on queue.
Progress(12) at 2012-08-14 02:08:08: 1027757419 states generated (0 s/min), 96945587 distinct states found (0 ds/min), 63465082 states left on queue.
Progress(12) at 2012-08-14 02:09:08: 1027757419 states generated (0 s/min), 96945587 distinct states found (0 ds/min), 63465082 states left on queue.
Progress(12) at 2012-08-14 02:10:08: 1027757419 states generated (0 s/min), 96945587 distinct states found (0 ds/min), 63465082 states left on queue.
Progress(12) at 2012-08-14 02:11:08: 1027757419 states generated (0 s/min), 96945587 distinct states found (0 ds/min), 63465082 states left on queue.
Progress(12) at 2012-08-14 02:12:08: 1027757419 states generated (0 s/min), 96945587 distinct states found (0 ds/min), 63465082 states left on queue.
Progress(12) at 2012-08-14 02:13:08: 1027757419 states generated (0 s/min), 96945587 distinct states found (0 ds/min), 63465082 states left on queue.
Progress(12) at 2012-08-14 02:14:08: 1027757419 states generated (0 s/min), 96945587 distinct states found (0 ds/min), 63465082 states left on queue.
Progress(12) at 2012-08-14 02:15:08: 1027757419 states generated (0 s/min), 96945587 distinct states found (0 ds/min), 63465082 states left on queue.
Progress(12) at 2012-08-14 02:16:08: 1027757419 states generated (0 s/min), 96945587 distinct states found (0 ds/min), 63465082 states left on queue.
Progress(12) at 2012-08-14 02:17:08: 1027757419 states generated (0 s/min), 96945587 distinct states found (0 ds/min), 63465082 states left on queue.
Progress(12) at 2012-08-14 02:18:08: 1027757419 states generated (0 s/min), 96945587 distinct states found (0 ds/min), 63465082 states left on queue.
Progress(12) at 2012-08-14 02:19:08: 1027757419 states generated (0 s/min), 96945587 distinct states found (0 ds/min), 63465082 states left on queue.
Progress(12) at 2012-08-14 02:20:08: 1027757419 states generated (0 s/min), 96945587 distinct states found (0 ds/min), 63465082 states left on queue.
Progress(12) at 2012-08-14 02:21:08: 1027757419 states generated (0 s/min), 96945587 distinct states found (0 ds/min), 63465082 states left on queue.
Progress(12) at 2012-08-14 02:22:08: 1027757419 states generated (0 s/min), 96945587 distinct states found (0 ds/min), 63465082 states left on queue.
Progress(12) at 2012-08-14 02:23:08: 1027757419 states generated (0 s/min), 96945587 distinct states found (0 ds/min), 63465082 states left on queue.
Progress(12) at 2012-08-14 02:24:08: 1027757419 states generated (0 s/min), 96945587 distinct states found (0 ds/min), 63465082 states left on queue.
Progress(12) at 2012-08-14 02:25:08: 1027757419 states generated (0 s/min), 96945587 distinct states found (0 ds/min), 63465082 states left on queue.
Progress(12) at 2012-08-14 02:26:08: 1027757419 states generated (0 s/min), 96945587 distinct states found (0 ds/min), 63465082 states left on queue.
Progress(12) at 2012-08-14 02:27:08: 1027757419 states generated (0 s/min), 96945587 distinct states found (0 ds/min), 63465082 states left on queue.
Progress(12) at 2012-08-14 02:28:08: 1027757419 states generated (0 s/min), 96945587 distinct states found (0 ds/min), 63465082 states left on queue.
Progress(12) at 2012-08-14 02:29:08: 1027757419 states generated (0 s/min), 96945587 distinct states found (0 ds/min), 63465082 states left on queue.
Progress(12) at 2012-08-14 02:30:08: 1027757419 states generated (0 s/min), 96945587 distinct states found (0 ds/min), 63465082 states left on queue.
Progress(12) at 2012-08-14 02:31:08: 1027757419 states generated (0 s/min), 96945587 distinct states found (0 ds/min), 63465082 states left on queue.
Progress(12) at 2012-08-14 02:32:08: 1027757419 states generated (0 s/min), 96945587 distinct states found (0 ds/min), 63465082 states left on queue.
Progress(12) at 2012-08-14 02:33:08: 1027757419 states generated (0 s/min), 96945587 distinct states found (0 ds/min), 63465082 states left on queue.
Progress(12) at 2012-08-14 02:34:08: 1027757419 states generated (0 s/min), 96945587 distinct states found (0 ds/min), 63465082 states left on queue.
Progress(12) at 2012-08-14 02:35:08: 1027757419 states generated (0 s/min), 96945587 distinct states found (0 ds/min), 63465082 states left on queue.
Progress(12) at 2012-08-14 02:36:08: 1027757419 states generated (0 s/min), 96945587 distinct states found (0 ds/min), 63465082 states left on queue.
Progress(12) at 2012-08-14 02:37:08: 1027757419 states generated (0 s/min), 96945587 distinct states found (0 ds/min), 63465082 states left on queue.
Progress(12) at 2012-08-14 02:38:08: 1027757419 states generated (0 s/min), 96945587 distinct states found (0 ds/min), 63465082 states left on queue.
Progress(12) at 2012-08-14 02:39:08: 1027757419 states generated (0 s/min), 96945587 distinct states found (0 ds/min), 63465082 states left on queue.
Progress(12) at 2012-08-14 02:40:08: 1027757419 states generated (0 s/min), 96945587 distinct states found (0 ds/min), 63465082 states left on queue.
Progress(12) at 2012-08-14 02:41:08: 1027757419 states generated (0 s/min), 96945587 distinct states found (0 ds/min), 63465082 states left on queue.
Progress(12) at 2012-08-14 02:42:08: 1027757419 states generated (0 s/min), 96945587 distinct states found (0 ds/min), 63465082 states left on queue.
Progress(12) at 2012-08-14 02:43:08: 1027757419 states generated (0 s/min), 96945587 distinct states found (0 ds/min), 63465082 states left on queue.
Progress(12) at 2012-08-14 02:44:08: 1027757419 states generated (0 s/min), 96945587 distinct states found (0 ds/min), 63465082 states left on queue.
Progress(12) at 2012-08-14 02:45:08: 1027757419 states generated (0 s/min), 96945587 distinct states found (0 ds/min), 63465082 states left on queue.
Progress(12) at 2012-08-14 02:46:08: 1027757419 states generated (0 s/min), 96945587 distinct states found (0 ds/min), 63465082 states left on queue.
Progress(12) at 2012-08-14 02:47:08: 1027757419 states generated (0 s/min), 96945587 distinct states found (0 ds/min), 63465082 states left on queue.
Progress(12) at 2012-08-14 02:48:08: 1027757419 states generated (0 s/min), 96945587 distinct states found (0 ds/min), 63465082 states left on queue.
Progress(12) at 2012-08-14 02:49:08: 1027757419 states generated (0 s/min), 96945587 distinct states found (0 ds/min), 63465082 states left on queue.
Progress(12) at 2012-08-14 02:50:08: 1027757419 states generated (0 s/min), 96945587 distinct states found (0 ds/min), 63465082 states left on queue.
Progress(12) at 2012-08-14 02:51:08: 1027757419 states generated (0 s/min), 96945587 distinct states found (0 ds/min), 63465082 states left on queue.
Progress(12) at 2012-08-14 02:52:09: 1027757419 states generated (0 s/min), 96945587 distinct states found (0 ds/min), 63465082 states left on queue.
Progress(12) at 2012-08-14 02:53:09: 1027757419 states generated (0 s/min), 96945587 distinct states found (0 ds/min), 63465082 states left on queue.
Progress(12) at 2012-08-14 02:54:09: 1027757419 states generated (0 s/min), 96945587 distinct states found (0 ds/min), 63465082 states left on queue.
Progress(12) at 2012-08-14 02:55:09: 1027757419 states generated (0 s/min), 96945587 distinct states found (0 ds/min), 63465082 states left on queue.
Progress(12) at 2012-08-14 02:56:09: 1027757419 states generated (0 s/min), 96945587 distinct states found (0 ds/min), 63465082 states left on queue.
Progress(12) at 2012-08-14 02:57:09: 1027757419 states generated (0 s/min), 96945587 distinct states found (0 ds/min), 63465082 states left on queue.
Progress(12) at 2012-08-14 02:58:09: 1027757419 states generated (0 s/min), 96945587 distinct states found (0 ds/min), 63465082 states left on queue.
Progress(12) at 2012-08-14 02:59:09: 1027757419 states generated (0 s/min), 96945587 distinct states found (0 ds/min), 63465082 states left on queue.
Progress(12) at 2012-08-14 03:00:09: 1027757419 states generated (0 s/min), 96945587 distinct states found (0 ds/min), 63465082 states left on queue.
Progress(12) at 2012-08-14 03:01:09: 1027757419 states generated (0 s/min), 96945587 distinct states found (0 ds/min), 63465082 states left on queue.
Progress(12) at 2012-08-14 03:02:09: 1027757419 states generated (0 s/min), 96945587 distinct states found (0 ds/min), 63465082 states left on queue.
Progress(12) at 2012-08-14 03:03:09: 1027757419 states generated (0 s/min), 96945587 distinct states found (0 ds/min), 63465082 states left on queue.
Progress(12) at 2012-08-14 03:04:09: 1027757419 states generated (0 s/min), 96945587 distinct states found (0 ds/min), 63465082 states left on queue.
Progress(12) at 2012-08-14 03:05:09: 1027757419 states generated (0 s/min), 96945587 distinct states found (0 ds/min), 63465082 states left on queue.
Progress(12) at 2012-08-14 03:06:09: 1027757419 states generated (0 s/min), 96945587 distinct states found (0 ds/min), 63465082 states left on queue.
Progress(12) at 2012-08-14 03:07:09: 1027757419 states generated (0 s/min), 96945587 distinct states found (0 ds/min), 63465082 states left on queue.
Progress(12) at 2012-08-14 03:08:09: 1027757419 states generated (0 s/min), 96945587 distinct states found (0 ds/min), 63465082 states left on queue.
Progress(12) at 2012-08-14 03:09:09: 1027757419 states generated (0 s/min), 96945587 distinct states found (0 ds/min), 63465082 states left on queue.
Progress(12) at 2012-08-14 03:10:09: 1027757419 states generated (0 s/min), 96945587 distinct states found (0 ds/min), 63465082 states left on queue.
Progress(12) at 2012-08-14 03:11:09: 1027757419 states generated (0 s/min), 96945587 distinct states found (0 ds/min), 63465082 states left on queue.
Progress(12) at 2012-08-14 03:12:09: 1027757419 states generated (0 s/min), 96945587 distinct states found (0 ds/min), 63465082 states left on queue.
Progress(12) at 2012-08-14 03:13:09: 1027757419 states generated (0 s/min), 96945587 distinct states found (0 ds/min), 63465082 states left on queue.
Progress(12) at 2012-08-14 03:14:09: 1027757419 states generated (0 s/min), 96945587 distinct states found (0 ds/min), 63465082 states left on queue.
Progress(12) at 2012-08-14 03:15:09: 1027757419 states generated (0 s/min), 96945587 distinct states found (0 ds/min), 63465082 states left on queue.
Progress(12) at 2012-08-14 03:16:09: 1027757419 states generated (0 s/min), 96945587 distinct states found (0 ds/min), 63465082 states left on queue.
Progress(12) at 2012-08-14 03:17:09: 1027757419 states generated (0 s/min), 96945587 distinct states found (0 ds/min), 63465082 states left on queue.
Progress(12) at 2012-08-14 03:18:09: 1027757419 states generated (0 s/min), 96945587 distinct states found (0 ds/min), 63465082 states left on queue.
Progress(12) at 2012-08-14 03:19:09: 1027757419 states generated (0 s/min), 96945587 distinct states found (0 ds/min), 63465082 states left on queue.
Progress(12) at 2012-08-14 03:20:09: 1027757419 states generated (0 s/min), 96945587 distinct states found (0 ds/min), 63465082 states left on queue.
Progress(12) at 2012-08-14 03:21:09: 1027757419 states generated (0 s/min), 96945587 distinct states found (0 ds/min), 63465082 states left on queue.
Progress(12) at 2012-08-14 03:22:10: 1027757419 states generated (0 s/min), 96945587 distinct states found (0 ds/min), 63465082 states left on queue.
Progress(12) at 2012-08-14 03:23:10: 1027757419 states generated (0 s/min), 96945587 distinct states found (0 ds/min), 63465082 states left on queue.
Progress(12) at 2012-08-14 03:24:10: 1027757419 states generated (0 s/min), 96945587 distinct states found (0 ds/min), 63465082 states left on queue.
Progress(12) at 2012-08-14 03:25:10: 1027757419 states generated (0 s/min), 96945587 distinct states found (0 ds/min), 63465082 states left on queue.
Progress(12) at 2012-08-14 03:26:10: 1027757419 states generated (0 s/min), 96945587 distinct states found (0 ds/min), 63465082 states left on queue.
Progress(12) at 2012-08-14 03:27:10: 1027757419 states generated (0 s/min), 96945587 distinct states found (0 ds/min), 63465082 states left on queue.
Progress(12) at 2012-08-14 03:28:10: 1027757419 states generated (0 s/min), 96945587 distinct states found (0 ds/min), 63465082 states left on queue.
Progress(12) at 2012-08-14 03:29:10: 1027757419 states generated (0 s/min), 96945587 distinct states found (0 ds/min), 63465082 states left on queue.
Progress(12) at 2012-08-14 03:30:10: 1027757419 states generated (0 s/min), 96945587 distinct states found (0 ds/min), 63465082 states left on queue.
Progress(12) at 2012-08-14 03:31:10: 1027757419 states generated (0 s/min), 96945587 distinct states found (0 ds/min), 63465082 states left on queue.
Progress(12) at 2012-08-14 03:32:10: 1027757419 states generated (0 s/min), 96945587 distinct states found (0 ds/min), 63465082 states left on queue.
Progress(12) at 2012-08-14 03:33:10: 1027757419 states generated (0 s/min), 96945587 distinct states found (0 ds/min), 63465082 states left on queue.
Progress(12) at 2012-08-14 03:34:10: 1027757419 states generated (0 s/min), 96945587 distinct states found (0 ds/min), 63465082 states left on queue.
Progress(12) at 2012-08-14 03:35:10: 1027757419 states generated (0 s/min), 96945587 distinct states found (0 ds/min), 63465082 states left on queue.
Progress(12) at 2012-08-14 03:36:10: 1027757419 states generated (0 s/min), 96945587 distinct states found (0 ds/min), 63465082 states left on queue.
Progress(12) at 2012-08-14 03:37:10: 1027757419 states generated (0 s/min), 96945587 distinct states found (0 ds/min), 63465082 states left on queue.
Progress(12) at 2012-08-14 03:38:10: 1027757419 states generated (0 s/min), 96945587 distinct states found (0 ds/min), 63465082 states left on queue.
Progress(12) at 2012-08-14 03:39:10: 1027757419 states generated (0 s/min), 96945587 distinct states found (0 ds/min), 63465082 states left on queue.
Progress(12) at 2012-08-14 03:40:10: 1027757419 states generated (0 s/min), 96945587 distinct states found (0 ds/min), 63465082 states left on queue.
Progress(12) at 2012-08-14 03:41:10: 1027757419 states generated (0 s/min), 96945587 distinct states found (0 ds/min), 63465082 states left on queue.
Progress(12) at 2012-08-14 03:42:10: 1027757419 states generated (0 s/min), 96945587 distinct states found (0 ds/min), 63465082 states left on queue.
Progress(12) at 2012-08-14 03:43:10: 1027757419 states generated (0 s/min), 96945587 distinct states found (0 ds/min), 63465082 states left on queue.
Progress(12) at 2012-08-14 03:44:10: 1027757419 states generated (0 s/min), 96945587 distinct states found (0 ds/min), 63465082 states left on queue.
Progress(12) at 2012-08-14 03:45:10: 1027757419 states generated (0 s/min), 96945587 distinct states found (0 ds/min), 63465082 states left on queue.
Progress(12) at 2012-08-14 03:46:10: 1027757419 states generated (0 s/min), 96945587 distinct states found (0 ds/min), 63465082 states left on queue.
Progress(12) at 2012-08-14 03:47:10: 1027757419 states generated (0 s/min), 96945587 distinct states found (0 ds/min), 63465082 states left on queue.
Progress(12) at 2012-08-14 03:48:10: 1027757419 states generated (0 s/min), 96945587 distinct states found (0 ds/min), 63465082 states left on queue.
Progress(12) at 2012-08-14 03:49:10: 1027757419 states generated (0 s/min), 96945587 distinct states found (0 ds/min), 63465082 states left on queue.
Progress(12) at 2012-08-14 03:50:10: 1027757419 states generated (0 s/min), 96945587 distinct states found (0 ds/min), 63465082 states left on queue.
Progress(12) at 2012-08-14 03:51:10: 1027757419 states generated (0 s/min), 96945587 distinct states found (0 ds/min), 63465082 states left on queue.
Progress(12) at 2012-08-14 03:52:12: 1027757419 states generated (0 s/min), 96945587 distinct states found (0 ds/min), 63465082 states left on queue.
Progress(12) at 2012-08-14 03:53:12: 1027757419 states generated (0 s/min), 96945587 distinct states found (0 ds/min), 63465082 states left on queue.
Progress(12) at 2012-08-14 03:54:12: 1027757419 states generated (0 s/min), 96945587 distinct states found (0 ds/min), 63465082 states left on queue.
Progress(12) at 2012-08-14 03:55:12: 1027757419 states generated (0 s/min), 96945587 distinct states found (0 ds/min), 63465082 states left on queue.
Progress(12) at 2012-08-14 03:56:12: 1027757419 states generated (0 s/min), 96945587 distinct states found (0 ds/min), 63465082 states left on queue.
Progress(12) at 2012-08-14 03:57:12: 1027757419 states generated (0 s/min), 96945587 distinct states found (0 ds/min), 63465082 states left on queue.
Progress(12) at 2012-08-14 03:58:12: 1027757419 states generated (0 s/min), 96945587 distinct states found (0 ds/min), 63465082 states left on queue.
Progress(12) at 2012-08-14 03:59:12: 1027757419 states generated (0 s/min), 96945587 distinct states found (0 ds/min), 63465082 states left on queue.
Progress(12) at 2012-08-14 04:00:12: 1027757419 states generated (0 s/min), 96945587 distinct states found (0 ds/min), 63465082 states left on queue.
Progress(12) at 2012-08-14 04:01:12: 1027757419 states generated (0 s/min), 96945587 distinct states found (0 ds/min), 63465082 states left on queue.
Progress(12) at 2012-08-14 04:02:12: 1027757419 states generated (0 s/min), 96945587 distinct states found (0 ds/min), 63465082 states left on queue.
Progress(12) at 2012-08-14 04:03:12: 1027757419 states generated (0 s/min), 96945587 distinct states found (0 ds/min), 63465082 states left on queue.
Progress(12) at 2012-08-14 04:04:12: 1027757419 states generated (0 s/min), 96945587 distinct states found (0 ds/min), 63465082 states left on queue.
Progress(12) at 2012-08-14 04:05:12: 1027757419 states generated (0 s/min), 96945587 distinct states found (0 ds/min), 63465082 states left on queue.
Progress(12) at 2012-08-14 04:06:12: 1027757419 states generated (0 s/min), 96945587 distinct states found (0 ds/min), 63465082 states left on queue.
Progress(12) at 2012-08-14 04:07:12: 1027757419 states generated (0 s/min), 96945587 distinct states found (0 ds/min), 63465082 states left on queue.
Progress(12) at 2012-08-14 04:08:12: 1027757419 states generated (0 s/min), 96945587 distinct states found (0 ds/min), 63465082 states left on queue.
Progress(12) at 2012-08-14 04:09:12: 1027757419 states generated (0 s/min), 96945587 distinct states found (0 ds/min), 63465082 states left on queue.
Progress(12) at 2012-08-14 04:10:12: 1027757419 states generated (0 s/min), 96945587 distinct states found (0 ds/min), 63465082 states left on queue.
Progress(12) at 2012-08-14 04:11:12: 1027757419 states generated (0 s/min), 96945587 distinct states found (0 ds/min), 63465082 states left on queue.
Progress(12) at 2012-08-14 04:12:12: 1027757419 states generated (0 s/min), 96945587 distinct states found (0 ds/min), 63465082 states left on queue.
Progress(12) at 2012-08-14 04:13:12: 1027757419 states generated (0 s/min), 96945587 distinct states found (0 ds/min), 63465082 states left on queue.
Progress(12) at 2012-08-14 04:14:12: 1027757419 states generated (0 s/min), 96945587 distinct states found (0 ds/min), 63465082 states left on queue.
Progress(12) at 2012-08-14 04:15:12: 1027757419 states generated (0 s/min), 96945587 distinct states found (0 ds/min), 63465082 states left on queue.
Progress(12) at 2012-08-14 04:16:12: 1027757419 states generated (0 s/min), 96945587 distinct states found (0 ds/min), 63465082 states left on queue.
Progress(12) at 2012-08-14 04:17:12: 1027757419 states generated (0 s/min), 96945587 distinct states found (0 ds/min), 63465082 states left on queue.
Progress(12) at 2012-08-14 04:18:12: 1027757419 states generated (0 s/min), 96945587 distinct states found (0 ds/min), 63465082 states left on queue.
Progress(12) at 2012-08-14 04:19:12: 1027757419 states generated (0 s/min), 96945587 distinct states found (0 ds/min), 63465082 states left on queue.
Progress(12) at 2012-08-14 04:20:12: 1027757419 states generated (0 s/min), 96945587 distinct states found (0 ds/min), 63465082 states left on queue.
Progress(12) at 2012-08-14 04:21:12: 1027757419 states generated (0 s/min), 96945587 distinct states found (0 ds/min), 63465082 states left on queue.
Progress(12) at 2012-08-14 04:22:12: 1027757419 states generated (0 s/min), 96945587 distinct states found (0 ds/min), 63465082 states left on queue.
Progress(12) at 2012-08-14 04:23:12: 1027757419 states generated (0 s/min), 96945587 distinct states found (0 ds/min), 63465082 states left on queue.
Progress(12) at 2012-08-14 04:24:12: 1027757419 states generated (0 s/min), 96945587 distinct states found (0 ds/min), 63465082 states left on queue.
Progress(12) at 2012-08-14 04:25:12: 1027757419 states generated (0 s/min), 96945587 distinct states found (0 ds/min), 63465082 states left on queue.
Progress(12) at 2012-08-14 04:26:12: 1027757419 states generated (0 s/min), 96945587 distinct states found (0 ds/min), 63465082 states left on queue.
Progress(12) at 2012-08-14 04:27:12: 1027757419 states generated (0 s/min), 96945587 distinct states found (0 ds/min), 63465082 states left on queue.
Progress(12) at 2012-08-14 04:28:12: 1027757419 states generated (0 s/min), 96945587 distinct states found (0 ds/min), 63465082 states left on queue.
Progress(12) at 2012-08-14 04:29:12: 1027757419 states generated (0 s/min), 96945587 distinct states found (0 ds/min), 63465082 states left on queue.
Progress(12) at 2012-08-14 04:30:12: 1027757419 states generated (0 s/min), 96945587 distinct states found (0 ds/min), 63465082 states left on queue.
Progress(12) at 2012-08-14 04:31:12: 1027757419 states generated (0 s/min), 96945587 distinct states found (0 ds/min), 63465082 states left on queue.
Progress(12) at 2012-08-14 04:32:12: 1027757419 states generated (0 s/min), 96945587 distinct states found (0 ds/min), 63465082 states left on queue.
Progress(12) at 2012-08-14 04:33:12: 1027757419 states generated (0 s/min), 96945587 distinct states found (0 ds/min), 63465082 states left on queue.
Progress(12) at 2012-08-14 04:34:12: 1027757419 states generated (0 s/min), 96945587 distinct states found (0 ds/min), 63465082 states left on queue.
Progress(12) at 2012-08-14 04:35:12: 1027757419 states generated (0 s/min), 96945587 distinct states found (0 ds/min), 63465082 states left on queue.
Progress(12) at 2012-08-14 04:36:12: 1027757419 states generated (0 s/min), 96945587 distinct states found (0 ds/min), 63465082 states left on queue.
Progress(12) at 2012-08-14 04:37:12: 1027757419 states generated (0 s/min), 96945587 distinct states found (0 ds/min), 63465082 states left on queue.
Progress(12) at 2012-08-14 04:38:12: 1027757419 states generated (0 s/min), 96945587 distinct states found (0 ds/min), 63465082 states left on queue.
Progress(12) at 2012-08-14 04:39:12: 1027757419 states generated (0 s/min), 96945587 distinct states found (0 ds/min), 63465082 states left on queue.
Progress(12) at 2012-08-14 04:40:12: 1027757419 states generated (0 s/min), 96945587 distinct states found (0 ds/min), 63465082 states left on queue.
Progress(12) at 2012-08-14 04:41:12: 1027757419 states generated (0 s/min), 96945587 distinct states found (0 ds/min), 63465082 states left on queue.
Progress(12) at 2012-08-14 04:42:12: 1027757419 states generated (0 s/min), 96945587 distinct states found (0 ds/min), 63465082 states left on queue.
Progress(12) at 2012-08-14 04:43:12: 1027757419 states generated (0 s/min), 96945587 distinct states found (0 ds/min), 63465082 states left on queue.
Progress(12) at 2012-08-14 04:44:12: 1027757419 states generated (0 s/min), 96945587 distinct states found (0 ds/min), 63465082 states left on queue.
Progress(12) at 2012-08-14 04:45:12: 1027757419 states generated (0 s/min), 96945587 distinct states found (0 ds/min), 63465082 states left on queue.
Progress(12) at 2012-08-14 04:46:12: 1027757419 states generated (0 s/min), 96945587 distinct states found (0 ds/min), 63465082 states left on queue.
Progress(12) at 2012-08-14 04:47:12: 1027757419 states generated (0 s/min), 96945587 distinct states found (0 ds/min), 63465082 states left on queue.
Progress(12) at 2012-08-14 04:48:12: 1027757419 states generated (0 s/min), 96945587 distinct states found (0 ds/min), 63465082 states left on queue.
Progress(12) at 2012-08-14 04:49:12: 1027757419 states generated (0 s/min), 96945587 distinct states found (0 ds/min), 63465082 states left on queue.
Progress(12) at 2012-08-14 04:50:12: 1027757419 states generated (0 s/min), 96945587 distinct states found (0 ds/min), 63465082 states left on queue.
Progress(12) at 2012-08-14 04:51:12: 1027757419 states generated (0 s/min), 96945587 distinct states found (0 ds/min), 63465082 states left on queue.
Progress(12) at 2012-08-14 04:52:13: 1027757419 states generated (0 s/min), 96945587 distinct states found (0 ds/min), 63465082 states left on queue.
Progress(12) at 2012-08-14 04:53:13: 1027757419 states generated (0 s/min), 96945587 distinct states found (0 ds/min), 63465082 states left on queue.
Progress(12) at 2012-08-14 04:54:13: 1027757419 states generated (0 s/min), 96945587 distinct states found (0 ds/min), 63465082 states left on queue.
Progress(12) at 2012-08-14 04:55:13: 1027757419 states generated (0 s/min), 96945587 distinct states found (0 ds/min), 63465082 states left on queue.
Progress(12) at 2012-08-14 04:56:13: 1027757419 states generated (0 s/min), 96945587 distinct states found (0 ds/min), 63465082 states left on queue.
Progress(12) at 2012-08-14 04:57:13: 1027757419 states generated (0 s/min), 96945587 distinct states found (0 ds/min), 63465082 states left on queue.
Progress(12) at 2012-08-14 04:58:13: 1027757419 states generated (0 s/min), 96945587 distinct states found (0 ds/min), 63465082 states left on queue.
Progress(12) at 2012-08-14 04:59:13: 1027757419 states generated (0 s/min), 96945587 distinct states found (0 ds/min), 63465082 states left on queue.
Progress(12) at 2012-08-14 05:00:13: 1027757419 states generated (0 s/min), 96945587 distinct states found (0 ds/min), 63465082 states left on queue.
Progress(12) at 2012-08-14 05:01:13: 1027757419 states generated (0 s/min), 96945587 distinct states found (0 ds/min), 63465082 states left on queue.
Progress(12) at 2012-08-14 05:02:13: 1027757419 states generated (0 s/min), 96945587 distinct states found (0 ds/min), 63465082 states left on queue.
Progress(12) at 2012-08-14 05:03:13: 1027757419 states generated (0 s/min), 96945587 distinct states found (0 ds/min), 63465082 states left on queue.
Progress(12) at 2012-08-14 05:04:13: 1027757419 states generated (0 s/min), 96945587 distinct states found (0 ds/min), 63465082 states left on queue.
Progress(12) at 2012-08-14 05:05:13: 1027757419 states generated (0 s/min), 96945587 distinct states found (0 ds/min), 63465082 states left on queue.
Progress(12) at 2012-08-14 05:06:13: 1027757419 states generated (0 s/min), 96945587 distinct states found (0 ds/min), 63465082 states left on queue.
Progress(12) at 2012-08-14 05:07:13: 1027757419 states generated (0 s/min), 96945587 distinct states found (0 ds/min), 63465082 states left on queue.
Progress(12) at 2012-08-14 05:08:13: 1027757419 states generated (0 s/min), 96945587 distinct states found (0 ds/min), 63465082 states left on queue.
Progress(12) at 2012-08-14 05:09:13: 1027757419 states generated (0 s/min), 96945587 distinct states found (0 ds/min), 63465082 states left on queue.
Progress(12) at 2012-08-14 05:10:13: 1027757419 states generated (0 s/min), 96945587 distinct states found (0 ds/min), 63465082 states left on queue.
Progress(12) at 2012-08-14 05:11:13: 1027757419 states generated (0 s/min), 96945587 distinct states found (0 ds/min), 63465082 states left on queue.
Progress(12) at 2012-08-14 05:12:13: 1027757419 states generated (0 s/min), 96945587 distinct states found (0 ds/min), 63465082 states left on queue.
Progress(12) at 2012-08-14 05:13:13: 1027757419 states generated (0 s/min), 96945587 distinct states found (0 ds/min), 63465082 states left on queue.
Progress(12) at 2012-08-14 05:14:13: 1027757419 states generated (0 s/min), 96945587 distinct states found (0 ds/min), 63465082 states left on queue.
Progress(12) at 2012-08-14 05:15:13: 1027757419 states generated (0 s/min), 96945587 distinct states found (0 ds/min), 63465082 states left on queue.
Progress(12) at 2012-08-14 05:16:13: 1027757419 states generated (0 s/min), 96945587 distinct states found (0 ds/min), 63465082 states left on queue.
Progress(12) at 2012-08-14 05:17:13: 1027757419 states generated (0 s/min), 96945587 distinct states found (0 ds/min), 63465082 states left on queue.
Progress(12) at 2012-08-14 05:18:13: 1027757419 states generated (0 s/min), 96945587 distinct states found (0 ds/min), 63465082 states left on queue.
Progress(12) at 2012-08-14 05:19:13: 1027757419 states generated (0 s/min), 96945587 distinct states found (0 ds/min), 63465082 states left on queue.
Progress(12) at 2012-08-14 05:20:13: 1027757419 states generated (0 s/min), 96945587 distinct states found (0 ds/min), 63465082 states left on queue.
Progress(12) at 2012-08-14 05:21:14: 1027757419 states generated (0 s/min), 96945587 distinct states found (0 ds/min), 63465082 states left on queue.
Progress(12) at 2012-08-14 05:22:14: 1027757419 states generated (0 s/min), 96945587 distinct states found (0 ds/min), 63465082 states left on queue.
Progress(12) at 2012-08-14 05:23:14: 1027757419 states generated (0 s/min), 96945587 distinct states found (0 ds/min), 63465082 states left on queue.
Progress(12) at 2012-08-14 05:24:14: 1027757419 states generated (0 s/min), 96945587 distinct states found (0 ds/min), 63465082 states left on queue.
Progress(12) at 2012-08-14 05:25:14: 1027757419 states generated (0 s/min), 96945587 distinct states found (0 ds/min), 63465082 states left on queue.
Progress(12) at 2012-08-14 05:26:14: 1027757419 states generated (0 s/min), 96945587 distinct states found (0 ds/min), 63465082 states left on queue.
Progress(12) at 2012-08-14 05:27:14: 1027757419 states generated (0 s/min), 96945587 distinct states found (0 ds/min), 63465082 states left on queue.
Progress(12) at 2012-08-14 05:28:14: 1027757419 states generated (0 s/min), 96945587 distinct states found (0 ds/min), 63465082 states left on queue.
Progress(12) at 2012-08-14 05:29:14: 1027757419 states generated (0 s/min), 96945587 distinct states found (0 ds/min), 63465082 states left on queue.
Progress(12) at 2012-08-14 05:30:14: 1027757419 states generated (0 s/min), 96945587 distinct states found (0 ds/min), 63465082 states left on queue.
Progress(12) at 2012-08-14 05:31:14: 1027757419 states generated (0 s/min), 96945587 distinct states found (0 ds/min), 63465082 states left on queue.
Progress(12) at 2012-08-14 05:32:14: 1027757419 states generated (0 s/min), 96945587 distinct states found (0 ds/min), 63465082 states left on queue.
Progress(12) at 2012-08-14 05:33:14: 1027757419 states generated (0 s/min), 96945587 distinct states found (0 ds/min), 63465082 states left on queue.
Progress(12) at 2012-08-14 05:34:14: 1027757419 states generated (0 s/min), 96945587 distinct states found (0 ds/min), 63465082 states left on queue.
Progress(12) at 2012-08-14 05:35:14: 1027757419 states generated (0 s/min), 96945587 distinct states found (0 ds/min), 63465082 states left on queue.
Progress(12) at 2012-08-14 05:36:14: 1027757419 states generated (0 s/min), 96945587 distinct states found (0 ds/min), 63465082 states left on queue.
Progress(12) at 2012-08-14 05:37:14: 1027757419 states generated (0 s/min), 96945587 distinct states found (0 ds/min), 63465082 states left on queue.
Progress(12) at 2012-08-14 05:38:14: 1027757419 states generated (0 s/min), 96945587 distinct states found (0 ds/min), 63465082 states left on queue.
Progress(12) at 2012-08-14 05:39:14: 1027757419 states generated (0 s/min), 96945587 distinct states found (0 ds/min), 63465082 states left on queue.
Progress(12) at 2012-08-14 05:40:14: 1027757419 states generated (0 s/min), 96945587 distinct states found (0 ds/min), 63465082 states left on queue.
Progress(12) at 2012-08-14 05:41:14: 1027757419 states generated (0 s/min), 96945587 distinct states found (0 ds/min), 63465082 states left on queue.
Progress(12) at 2012-08-14 05:42:14: 1027757419 states generated (0 s/min), 96945587 distinct states found (0 ds/min), 63465082 states left on queue.
Progress(12) at 2012-08-14 05:43:14: 1027757419 states generated (0 s/min), 96945587 distinct states found (0 ds/min), 63465082 states left on queue.
Progress(12) at 2012-08-14 05:44:14: 1027757419 states generated (0 s/min), 96945587 distinct states found (0 ds/min), 63465082 states left on queue.
Progress(12) at 2012-08-14 05:45:14: 1027757419 states generated (0 s/min), 96945587 distinct states found (0 ds/min), 63465082 states left on queue.
Progress(12) at 2012-08-14 05:46:14: 1027757419 states generated (0 s/min), 96945587 distinct states found (0 ds/min), 63465082 states left on queue.
Progress(12) at 2012-08-14 05:47:14: 1027757419 states generated (0 s/min), 96945587 distinct states found (0 ds/min), 63465082 states left on queue.
Progress(12) at 2012-08-14 05:48:14: 1027757419 states generated (0 s/min), 96945587 distinct states found (0 ds/min), 63465082 states left on queue.
Progress(12) at 2012-08-14 05:49:14: 1027757419 states generated (0 s/min), 96945587 distinct states found (0 ds/min), 63465082 states left on queue.
Progress(12) at 2012-08-14 05:50:14: 1027757419 states generated (0 s/min), 96945587 distinct states found (0 ds/min), 63465082 states left on queue.
Progress(12) at 2012-08-14 05:51:14: 1027757419 states generated (0 s/min), 96945587 distinct states found (0 ds/min), 63465082 states left on queue.
Progress(12) at 2012-08-14 05:52:15: 1027757419 states generated (0 s/min), 96945587 distinct states found (0 ds/min), 63465082 states left on queue.
Progress(12) at 2012-08-14 05:53:15: 1027757419 states generated (0 s/min), 96945587 distinct states found (0 ds/min), 63465082 states left on queue.
Progress(12) at 2012-08-14 05:54:15: 1027757419 states generated (0 s/min), 96945587 distinct states found (0 ds/min), 63465082 states left on queue.
Progress(12) at 2012-08-14 05:55:15: 1027757419 states generated (0 s/min), 96945587 distinct states found (0 ds/min), 63465082 states left on queue.
Progress(12) at 2012-08-14 05:56:15: 1027757419 states generated (0 s/min), 96945587 distinct states found (0 ds/min), 63465082 states left on queue.
Progress(12) at 2012-08-14 05:57:15: 1027757419 states generated (0 s/min), 96945587 distinct states found (0 ds/min), 63465082 states left on queue.
Progress(12) at 2012-08-14 05:58:15: 1027757419 states generated (0 s/min), 96945587 distinct states found (0 ds/min), 63465082 states left on queue.
Progress(12) at 2012-08-14 05:59:15: 1027757419 states generated (0 s/min), 96945587 distinct states found (0 ds/min), 63465082 states left on queue.
Progress(12) at 2012-08-14 06:00:15: 1027757419 states generated (0 s/min), 96945587 distinct states found (0 ds/min), 63465082 states left on queue.
Progress(12) at 2012-08-14 06:01:15: 1027757419 states generated (0 s/min), 96945587 distinct states found (0 ds/min), 63465082 states left on queue.
Progress(12) at 2012-08-14 06:02:15: 1027757419 states generated (0 s/min), 96945587 distinct states found (0 ds/min), 63465082 states left on queue.
Progress(12) at 2012-08-14 06:03:15: 1027757419 states generated (0 s/min), 96945587 distinct states found (0 ds/min), 63465082 states left on queue.
Progress(12) at 2012-08-14 06:04:15: 1027757419 states generated (0 s/min), 96945587 distinct states found (0 ds/min), 63465082 states left on queue.
Progress(12) at 2012-08-14 06:05:15: 1027757419 states generated (0 s/min), 96945587 distinct states found (0 ds/min), 63465082 states left on queue.
Progress(12) at 2012-08-14 06:06:15: 1027757419 states generated (0 s/min), 96945587 distinct states found (0 ds/min), 63465082 states left on queue.
Progress(12) at 2012-08-14 06:07:15: 1027757419 states generated (0 s/min), 96945587 distinct states found (0 ds/min), 63465082 states left on queue.
Progress(12) at 2012-08-14 06:08:15: 1027757419 states generated (0 s/min), 96945587 distinct states found (0 ds/min), 63465082 states left on queue.
Progress(12) at 2012-08-14 06:09:15: 1027757419 states generated (0 s/min), 96945587 distinct states found (0 ds/min), 63465082 states left on queue.
Progress(12) at 2012-08-14 06:10:15: 1027757419 states generated (0 s/min), 96945587 distinct states found (0 ds/min), 63465082 states left on queue.
Progress(12) at 2012-08-14 06:11:15: 1027757419 states generated (0 s/min), 96945587 distinct states found (0 ds/min), 63465082 states left on queue.
Progress(12) at 2012-08-14 06:12:15: 1027757419 states generated (0 s/min), 96945587 distinct states found (0 ds/min), 63465082 states left on queue.
Progress(12) at 2012-08-14 06:13:15: 1027757419 states generated (0 s/min), 96945587 distinct states found (0 ds/min), 63465082 states left on queue.
Progress(12) at 2012-08-14 06:14:15: 1027757419 states generated (0 s/min), 96945587 distinct states found (0 ds/min), 63465082 states left on queue.
Progress(12) at 2012-08-14 06:15:15: 1027757419 states generated (0 s/min), 96945587 distinct states found (0 ds/min), 63465082 states left on queue.
Progress(12) at 2012-08-14 06:16:15: 1027757419 states generated (0 s/min), 96945587 distinct states found (0 ds/min), 63465082 states left on queue.
Progress(12) at 2012-08-14 06:17:15: 1027757419 states generated (0 s/min), 96945587 distinct states found (0 ds/min), 63465082 states left on queue.
Progress(12) at 2012-08-14 06:18:15: 1027757419 states generated (0 s/min), 96945587 distinct states found (0 ds/min), 63465082 states left on queue.
Progress(12) at 2012-08-14 06:19:15: 1027757419 states generated (0 s/min), 96945587 distinct states found (0 ds/min), 63465082 states left on queue.
