Listening for transport dt_socket at address: 1044
TLC Server Version 2.05 of 18 May 2012
Parsing file /mnt/tlc/3041/spec/l10_n6.tla
Parsing file /mnt/tlc/3041/spec/GridPerformanceTest.tla
Parsing file /mnt/tlc/3041/tla/tla2sany/StandardModules/TLC.tla
Parsing file /mnt/tlc/3041/tla/tla2sany/StandardModules/Integers.tla
Parsing file /mnt/tlc/3041/tla/tla2sany/StandardModules/FiniteSets.tla
Parsing file /mnt/tlc/3041/tla/tla2sany/StandardModules/Naturals.tla
Parsing file /mnt/tlc/3041/tla/tla2sany/StandardModules/Sequences.tla
Semantic processing of module Naturals
Semantic processing of module Integers
Semantic processing of module Sequences
Semantic processing of module FiniteSets
Semantic processing of module GridPerformanceTest
Semantic processing of module TLC
Semantic processing of module l10_n6
Starting... (2012-10-25 10:02:59)
Computing initial states...
Finished computing initial states: 1 distinct state(s) generated.
TLC server at ip-10-32-17-106 is ready (2012-10-25 10:02:59)
Registration for worker at rmi://ip-10-32-17-100.eu-west-1.compute.internal:53162/2 completed (2012-10-25 10:03:19)
Registration for worker at rmi://ip-10-32-17-100.eu-west-1.compute.internal:53162/1 completed (2012-10-25 10:03:19)
Registration for worker at rmi://ip-10-32-17-100.eu-west-1.compute.internal:53162/0 completed (2012-10-25 10:03:19)
Registration for worker at rmi://ip-10-32-17-100.eu-west-1.compute.internal:53162/5 completed (2012-10-25 10:03:19)
Registration for worker at rmi://ip-10-32-17-100.eu-west-1.compute.internal:53162/6 completed (2012-10-25 10:03:19)
Registration for worker at rmi://ip-10-32-17-100.eu-west-1.compute.internal:53162/3 completed (2012-10-25 10:03:19)
Registration for worker at rmi://ip-10-32-17-100.eu-west-1.compute.internal:53162/4 completed (2012-10-25 10:03:19)
Registration for worker at rmi://ip-10-32-17-100.eu-west-1.compute.internal:53162/7 completed (2012-10-25 10:03:19)
Registration for worker at rmi://ip-10-32-22-151.eu-west-1.compute.internal:37858/1 completed (2012-10-25 10:03:19)
Registration for worker at rmi://ip-10-32-22-151.eu-west-1.compute.internal:37858/5 completed (2012-10-25 10:03:19)
Registration for worker at rmi://ip-10-32-22-151.eu-west-1.compute.internal:37858/4 completed (2012-10-25 10:03:19)
Registration for worker at rmi://ip-10-32-22-151.eu-west-1.compute.internal:37858/6 completed (2012-10-25 10:03:19)
Registration for worker at rmi://ip-10-32-22-151.eu-west-1.compute.internal:37858/3 completed (2012-10-25 10:03:19)
Registration for worker at rmi://ip-10-32-22-151.eu-west-1.compute.internal:37858/7 completed (2012-10-25 10:03:19)
Registration for worker at rmi://ip-10-32-22-151.eu-west-1.compute.internal:37858/0 completed (2012-10-25 10:03:19)
Registration for worker at rmi://ip-10-32-22-151.eu-west-1.compute.internal:37858/2 completed (2012-10-25 10:03:19)
Worker: rmi://ip-10-32-22-151.eu-west-1.compute.internal:37858/7 Sent: 16477 Rcvd: 7317 CacheRatio: 0.17 (2012-10-25 10:03:38)
Worker: rmi://ip-10-32-17-100.eu-west-1.compute.internal:53162/1 Sent: 17193 Rcvd: 7638 CacheRatio: 0.19 (2012-10-25 10:03:38)
Worker: rmi://ip-10-32-17-100.eu-west-1.compute.internal:53162/0 Sent: 16060 Rcvd: 9383 CacheRatio: 0.19 (2012-10-25 10:03:38)
Worker: rmi://ip-10-32-17-100.eu-west-1.compute.internal:53162/3 Sent: 16479 Rcvd: 7760 CacheRatio: 0.18 (2012-10-25 10:03:38)
Worker: rmi://ip-10-32-17-100.eu-west-1.compute.internal:53162/5 Sent: 16759 Rcvd: 9080 CacheRatio: 0.18 (2012-10-25 10:03:38)
Worker: rmi://ip-10-32-22-151.eu-west-1.compute.internal:37858/0 Sent: 16096 Rcvd: 9091 CacheRatio: 0.19 (2012-10-25 10:03:38)
Worker: rmi://ip-10-32-22-151.eu-west-1.compute.internal:37858/3 Sent: 16211 Rcvd: 8795 CacheRatio: 0.31 (2012-10-25 10:03:38)
Worker: rmi://ip-10-32-22-151.eu-west-1.compute.internal:37858/1 Sent: 16161 Rcvd: 7934 CacheRatio: 0.25 (2012-10-25 10:03:38)
Worker: rmi://ip-10-32-22-151.eu-west-1.compute.internal:37858/6 Sent: 16159 Rcvd: 9162 CacheRatio: 0.18 (2012-10-25 10:03:38)
Worker: rmi://ip-10-32-17-100.eu-west-1.compute.internal:53162/4 Sent: 16544 Rcvd: 8304 CacheRatio: 0.17 (2012-10-25 10:03:38)
Worker: rmi://ip-10-32-17-100.eu-west-1.compute.internal:53162/6 Sent: 16735 Rcvd: 8645 CacheRatio: 0.19 (2012-10-25 10:03:38)
Worker: rmi://ip-10-32-22-151.eu-west-1.compute.internal:37858/2 Sent: 16091 Rcvd: 7693 CacheRatio: 0.19 (2012-10-25 10:03:38)
Worker: rmi://ip-10-32-17-100.eu-west-1.compute.internal:53162/7 Sent: 16569 Rcvd: 8449 CacheRatio: 0.15 (2012-10-25 10:03:38)
Worker: rmi://ip-10-32-22-151.eu-west-1.compute.internal:37858/4 Sent: 16060 Rcvd: 7242 CacheRatio: 0.16 (2012-10-25 10:03:38)
Worker: rmi://ip-10-32-17-100.eu-west-1.compute.internal:53162/2 Sent: 16550 Rcvd: 8260 CacheRatio: 0.18 (2012-10-25 10:03:38)
Worker: rmi://ip-10-32-22-151.eu-west-1.compute.internal:37858/5 Sent: 16000 Rcvd: 7181 CacheRatio: 0.22 (2012-10-25 10:03:38)
Model checking completed. No error has been found.
  Estimates of the probability that TLC did not check all reachable states
  because two distinct states had the same fingerprint:
  calculated (optimistic):  val = 8.5E-9
  based on the actual fingerprints:  val = 2.8E-13
2433287 states generated, 262144 distinct states found, 0 states left on queue.
The depth of the complete state graph search is 31.
Finished. (2012-10-25 10:03:44)
