Listening for transport dt_socket at address: 1044
TLC2 Version 2.05 of 23 July 2013
Running in Model-Checking mode.
Parsing file l10_n6.tla
Parsing file GridPerformanceTest.tla
Parsing file /mnt/tlc/7397/tla/tla2sany/StandardModules/TLC.tla
Parsing file /mnt/tlc/7397/tla/tla2sany/StandardModules/Integers.tla
Parsing file /mnt/tlc/7397/tla/tla2sany/StandardModules/FiniteSets.tla
Parsing file /mnt/tlc/7397/tla/tla2sany/StandardModules/Naturals.tla
Parsing file /mnt/tlc/7397/tla/tla2sany/StandardModules/Sequences.tla
Semantic processing of module Naturals
Semantic processing of module Integers
Semantic processing of module Sequences
Semantic processing of module FiniteSets
Semantic processing of module GridPerformanceTest
Semantic processing of module TLC
Semantic processing of module l10_n6
Starting... (2015-04-23 08:24:50)
Computing initial states...
Finished computing initial states: 1 distinct state generated.
Progress(9) at 2015-04-23 08:25:30: 8269 states generated (8,269 s/min), 2498 distinct states found (2,498 ds/min), 1119 states left on queue.
Progress(18) at 2015-04-23 08:26:30: 301174 states generated (292,904 s/min), 64231 distinct states found (61,733 ds/min), 14035 states left on queue.
Progress(22) at 2015-04-23 08:27:30: 626927 states generated (325,753 s/min), 122511 distinct states found (58,280 ds/min), 18023 states left on queue.
Progress(25) at 2015-04-23 08:28:30: 958122 states generated (331,195 s/min), 176970 distinct states found (54,459 ds/min), 17283 states left on queue.
Progress(28) at 2015-04-23 08:29:30: 1287115 states generated (328,994 s/min), 226185 distinct states found (49,215 ds/min), 11665 states left on queue.
Model checking completed. No error has been found.
  Estimates of the probability that TLC did not check all reachable states
  because two distinct states had the same fingerprint:
  calculated (optimistic):  val = 1.9E-8
  based on the actual fingerprints:  val = 2.0E-12
1572865 states generated, 262144 distinct states found, 0 states left on queue.
The depth of the complete state graph search is 43.
Finished. (2015-04-23 08:30:35)
