Listening for transport dt_socket at address: 1044
TLC Server Version 2.05 of 7 November 2012
Parsing file /mnt/tlc/5300/spec/l10_n8.tla
Parsing file /mnt/tlc/5300/spec/GridPerformanceTest.tla
Parsing file /mnt/tlc/5300/tla/tla2sany/StandardModules/TLC.tla
Parsing file /mnt/tlc/5300/tla/tla2sany/StandardModules/Integers.tla
Parsing file /mnt/tlc/5300/tla/tla2sany/StandardModules/FiniteSets.tla
Parsing file /mnt/tlc/5300/tla/tla2sany/StandardModules/Naturals.tla
Parsing file /mnt/tlc/5300/tla/tla2sany/StandardModules/Sequences.tla
Semantic processing of module Naturals
Semantic processing of module Integers
Semantic processing of module Sequences
Semantic processing of module FiniteSets
Semantic processing of module GridPerformanceTest
Semantic processing of module TLC
Semantic processing of module l10_n8
Starting... (2012-11-08 09:46:54)
Computing initial states...
Finished computing initial states: 1 distinct state(s) generated.
TLC server at ip-10-32-44-141 is ready (2012-11-08 09:47:35)
Done waiting for FPSet server(s) (2012-11-08 09:47:35)
Registration for worker at rmi://ip-10-32-49-241.eu-west-1.compute.internal:45840/4 completed (2012-11-08 09:47:36)
Registration for worker at rmi://ip-10-32-49-241.eu-west-1.compute.internal:45840/5 completed (2012-11-08 09:47:36)
Registration for worker at rmi://ip-10-32-49-241.eu-west-1.compute.internal:45840/3 completed (2012-11-08 09:47:36)
Registration for worker at rmi://ip-10-32-49-241.eu-west-1.compute.internal:45840/0 completed (2012-11-08 09:47:36)
Registration for worker at rmi://ip-10-32-49-241.eu-west-1.compute.internal:45840/7 completed (2012-11-08 09:47:36)
Registration for worker at rmi://ip-10-32-49-241.eu-west-1.compute.internal:45840/6 completed (2012-11-08 09:47:36)
Registration for worker at rmi://ip-10-32-49-241.eu-west-1.compute.internal:45840/1 completed (2012-11-08 09:47:36)
Registration for worker at rmi://ip-10-32-49-241.eu-west-1.compute.internal:45840/2 completed (2012-11-08 09:47:36)
Registration for worker at rmi://ip-10-33-145-51.eu-west-1.compute.internal:57723/1 completed (2012-11-08 09:47:36)
Registration for worker at rmi://ip-10-33-145-51.eu-west-1.compute.internal:57723/5 completed (2012-11-08 09:47:36)
Registration for worker at rmi://ip-10-33-145-51.eu-west-1.compute.internal:57723/0 completed (2012-11-08 09:47:36)
Registration for worker at rmi://ip-10-33-145-51.eu-west-1.compute.internal:57723/7 completed (2012-11-08 09:47:36)
Registration for worker at rmi://ip-10-33-145-51.eu-west-1.compute.internal:57723/3 completed (2012-11-08 09:47:36)
Registration for worker at rmi://ip-10-33-145-51.eu-west-1.compute.internal:57723/2 completed (2012-11-08 09:47:36)
Registration for worker at rmi://ip-10-33-145-51.eu-west-1.compute.internal:57723/6 completed (2012-11-08 09:47:36)
Registration for worker at rmi://ip-10-33-145-51.eu-west-1.compute.internal:57723/4 completed (2012-11-08 09:47:36)
TLC worker connection lost rmi://ip-10-32-49-241.eu-west-1.compute.internal:45840/4 (2012-11-08 09:48:33)
TLC worker rmi://ip-10-32-49-241.eu-west-1.compute.internal:45840/4 disconnected (2012-11-08 09:48:33)
Warning: Failed to read remote worker cache statistic (Expect to see a negative chache hit rate. Does not invalidate model checking results)
(Use the -nowarning option to disable this warning.)
Progress(18) at 2012-11-08 09:48:35: 5684211 states generated (5,684,211 s/min), 972052 distinct states found (972,052 ds/min), 382984 states left on queue.
TLC worker connection lost rmi://ip-10-32-49-241.eu-west-1.compute.internal:45840/2 (2012-11-08 09:48:37)
TLC worker rmi://ip-10-32-49-241.eu-west-1.compute.internal:45840/2 disconnected (2012-11-08 09:48:37)
TLC worker connection lost rmi://ip-10-32-49-241.eu-west-1.compute.internal:45840/5 (2012-11-08 09:48:38)
TLC worker rmi://ip-10-32-49-241.eu-west-1.compute.internal:45840/5 disconnected (2012-11-08 09:48:38)
TLC worker connection lost rmi://ip-10-32-49-241.eu-west-1.compute.internal:45840/7 (2012-11-08 09:48:38)
TLC worker rmi://ip-10-32-49-241.eu-west-1.compute.internal:45840/7 disconnected (2012-11-08 09:48:38)
TLC worker connection lost rmi://ip-10-32-49-241.eu-west-1.compute.internal:45840/1 (2012-11-08 09:48:40)
TLC worker rmi://ip-10-32-49-241.eu-west-1.compute.internal:45840/1 disconnected (2012-11-08 09:48:40)
TLC worker connection lost rmi://ip-10-32-49-241.eu-west-1.compute.internal:45840/0 (2012-11-08 09:48:42)
TLC worker rmi://ip-10-32-49-241.eu-west-1.compute.internal:45840/0 disconnected (2012-11-08 09:48:42)
TLC worker connection lost rmi://ip-10-32-49-241.eu-west-1.compute.internal:45840/6 (2012-11-08 09:48:42)
TLC worker rmi://ip-10-32-49-241.eu-west-1.compute.internal:45840/6 disconnected (2012-11-08 09:48:42)
TLC worker connection lost rmi://ip-10-32-49-241.eu-west-1.compute.internal:45840/3 (2012-11-08 09:48:43)
TLC worker rmi://ip-10-32-49-241.eu-west-1.compute.internal:45840/3 disconnected (2012-11-08 09:48:43)
Registration for worker at rmi://ip-10-32-49-241.eu-west-1.compute.internal:45840/3 completed (2012-11-08 09:49:10)
Registration for worker at rmi://ip-10-32-49-241.eu-west-1.compute.internal:45840/6 completed (2012-11-08 09:49:10)
Registration for worker at rmi://ip-10-32-49-241.eu-west-1.compute.internal:45840/4 completed (2012-11-08 09:49:10)
Registration for worker at rmi://ip-10-32-49-241.eu-west-1.compute.internal:45840/7 completed (2012-11-08 09:49:10)
Registration for worker at rmi://ip-10-32-49-241.eu-west-1.compute.internal:45840/5 completed (2012-11-08 09:49:10)
Registration for worker at rmi://ip-10-32-49-241.eu-west-1.compute.internal:45840/1 completed (2012-11-08 09:49:10)
Registration for worker at rmi://ip-10-32-49-241.eu-west-1.compute.internal:45840/2 completed (2012-11-08 09:49:10)
Registration for worker at rmi://ip-10-32-49-241.eu-west-1.compute.internal:45840/0 completed (2012-11-08 09:49:10)
Progress(24) at 2012-11-08 09:49:35: 10989025 states generated (5,304,814 s/min), 1745021 distinct states found (772,969 ds/min), 589456 states left on queue.
TLC worker connection lost rmi://ip-10-33-145-51.eu-west-1.compute.internal:57723/5 (2012-11-08 09:50:26)
TLC worker rmi://ip-10-33-145-51.eu-west-1.compute.internal:57723/5 disconnected (2012-11-08 09:50:26)
TLC worker connection lost rmi://ip-10-33-145-51.eu-west-1.compute.internal:57723/6 (2012-11-08 09:50:30)
TLC worker rmi://ip-10-33-145-51.eu-west-1.compute.internal:57723/6 disconnected (2012-11-08 09:50:30)
TLC worker connection lost rmi://ip-10-33-145-51.eu-west-1.compute.internal:57723/0 (2012-11-08 09:50:34)
TLC worker rmi://ip-10-33-145-51.eu-west-1.compute.internal:57723/0 disconnected (2012-11-08 09:50:34)
TLC worker connection lost rmi://ip-10-33-145-51.eu-west-1.compute.internal:57723/7 (2012-11-08 09:50:34)
TLC worker rmi://ip-10-33-145-51.eu-west-1.compute.internal:57723/7 disconnected (2012-11-08 09:50:34)
Progress(24) at 2012-11-08 09:50:35: 16179457 states generated (5,190,432 s/min), 2467393 distinct states found (722,372 ds/min), 753304 states left on queue.
TLC worker connection lost rmi://ip-10-33-145-51.eu-west-1.compute.internal:57723/4 (2012-11-08 09:50:35)
TLC worker rmi://ip-10-33-145-51.eu-west-1.compute.internal:57723/4 disconnected (2012-11-08 09:50:35)
TLC worker connection lost rmi://ip-10-33-145-51.eu-west-1.compute.internal:57723/3 (2012-11-08 09:50:35)
TLC worker rmi://ip-10-33-145-51.eu-west-1.compute.internal:57723/3 disconnected (2012-11-08 09:50:35)
TLC worker connection lost rmi://ip-10-33-145-51.eu-west-1.compute.internal:57723/1 (2012-11-08 09:50:36)
TLC worker rmi://ip-10-33-145-51.eu-west-1.compute.internal:57723/1 disconnected (2012-11-08 09:50:36)
TLC worker connection lost rmi://ip-10-33-145-51.eu-west-1.compute.internal:57723/2 (2012-11-08 09:50:36)
TLC worker rmi://ip-10-33-145-51.eu-west-1.compute.internal:57723/2 disconnected (2012-11-08 09:50:36)
Registration for worker at rmi://ip-10-33-145-51.eu-west-1.compute.internal:57723/0 completed (2012-11-08 09:50:50)
Registration for worker at rmi://ip-10-33-145-51.eu-west-1.compute.internal:57723/1 completed (2012-11-08 09:50:50)
Registration for worker at rmi://ip-10-33-145-51.eu-west-1.compute.internal:57723/6 completed (2012-11-08 09:50:50)
Registration for worker at rmi://ip-10-33-145-51.eu-west-1.compute.internal:57723/5 completed (2012-11-08 09:50:50)
Registration for worker at rmi://ip-10-33-145-51.eu-west-1.compute.internal:57723/4 completed (2012-11-08 09:50:50)
Registration for worker at rmi://ip-10-33-145-51.eu-west-1.compute.internal:57723/2 completed (2012-11-08 09:50:50)
Registration for worker at rmi://ip-10-33-145-51.eu-west-1.compute.internal:57723/7 completed (2012-11-08 09:50:50)
Registration for worker at rmi://ip-10-33-145-51.eu-west-1.compute.internal:57723/3 completed (2012-11-08 09:50:50)
Progress(24) at 2012-11-08 09:51:35: 21979075 states generated (5,799,618 s/min), 3270247 distinct states found (802,854 ds/min), 931544 states left on queue.
TLC worker connection lost rmi://ip-10-32-49-241.eu-west-1.compute.internal:45840/5 (2012-11-08 09:52:13)
TLC worker rmi://ip-10-32-49-241.eu-west-1.compute.internal:45840/5 disconnected (2012-11-08 09:52:13)
TLC worker connection lost rmi://ip-10-32-49-241.eu-west-1.compute.internal:45840/3 (2012-11-08 09:52:13)
TLC worker rmi://ip-10-32-49-241.eu-west-1.compute.internal:45840/3 disconnected (2012-11-08 09:52:13)
TLC worker connection lost rmi://ip-10-32-49-241.eu-west-1.compute.internal:45840/6 (2012-11-08 09:52:14)
TLC worker rmi://ip-10-32-49-241.eu-west-1.compute.internal:45840/6 disconnected (2012-11-08 09:52:14)
TLC worker connection lost rmi://ip-10-32-49-241.eu-west-1.compute.internal:45840/1 (2012-11-08 09:52:14)
TLC worker rmi://ip-10-32-49-241.eu-west-1.compute.internal:45840/1 disconnected (2012-11-08 09:52:14)
TLC worker connection lost rmi://ip-10-32-49-241.eu-west-1.compute.internal:45840/0 (2012-11-08 09:52:14)
TLC worker rmi://ip-10-32-49-241.eu-west-1.compute.internal:45840/0 disconnected (2012-11-08 09:52:14)
TLC worker connection lost rmi://ip-10-32-49-241.eu-west-1.compute.internal:45840/2 (2012-11-08 09:52:14)
TLC worker rmi://ip-10-32-49-241.eu-west-1.compute.internal:45840/2 disconnected (2012-11-08 09:52:14)
TLC worker connection lost rmi://ip-10-32-49-241.eu-west-1.compute.internal:45840/4 (2012-11-08 09:52:14)
TLC worker rmi://ip-10-32-49-241.eu-west-1.compute.internal:45840/4 disconnected (2012-11-08 09:52:14)
TLC worker connection lost rmi://ip-10-32-49-241.eu-west-1.compute.internal:45840/7 (2012-11-08 09:52:14)
TLC worker rmi://ip-10-32-49-241.eu-west-1.compute.internal:45840/7 disconnected (2012-11-08 09:52:14)
Progress(25) at 2012-11-08 09:52:35: 27432402 states generated (5,453,327 s/min), 3989438 distinct states found (719,191 ds/min), 1058951 states left on queue.
TLC worker connection lost rmi://ip-10-33-145-51.eu-west-1.compute.internal:57723/0 (2012-11-08 09:53:13)
TLC worker rmi://ip-10-33-145-51.eu-west-1.compute.internal:57723/0 disconnected (2012-11-08 09:53:13)
TLC worker connection lost rmi://ip-10-33-145-51.eu-west-1.compute.internal:57723/1 (2012-11-08 09:53:14)
TLC worker rmi://ip-10-33-145-51.eu-west-1.compute.internal:57723/1 disconnected (2012-11-08 09:53:14)
TLC worker connection lost rmi://ip-10-33-145-51.eu-west-1.compute.internal:57723/5 (2012-11-08 09:53:14)
TLC worker rmi://ip-10-33-145-51.eu-west-1.compute.internal:57723/5 disconnected (2012-11-08 09:53:14)
TLC worker connection lost rmi://ip-10-33-145-51.eu-west-1.compute.internal:57723/2 (2012-11-08 09:53:14)
TLC worker rmi://ip-10-33-145-51.eu-west-1.compute.internal:57723/2 disconnected (2012-11-08 09:53:14)
TLC worker connection lost rmi://ip-10-33-145-51.eu-west-1.compute.internal:57723/6 (2012-11-08 09:53:14)
TLC worker rmi://ip-10-33-145-51.eu-west-1.compute.internal:57723/6 disconnected (2012-11-08 09:53:14)
TLC worker connection lost rmi://ip-10-33-145-51.eu-west-1.compute.internal:57723/3 (2012-11-08 09:53:14)
TLC worker rmi://ip-10-33-145-51.eu-west-1.compute.internal:57723/3 disconnected (2012-11-08 09:53:14)
TLC worker connection lost rmi://ip-10-33-145-51.eu-west-1.compute.internal:57723/4 (2012-11-08 09:53:14)
TLC worker rmi://ip-10-33-145-51.eu-west-1.compute.internal:57723/4 disconnected (2012-11-08 09:53:14)
TLC worker connection lost rmi://ip-10-33-145-51.eu-west-1.compute.internal:57723/7 (2012-11-08 09:53:14)
TLC worker rmi://ip-10-33-145-51.eu-west-1.compute.internal:57723/7 disconnected (2012-11-08 09:53:14)
Progress(25) at 2012-11-08 09:53:35: 29827987 states generated (2,395,585 s/min), 4281911 distinct states found (292,473 ds/min), 1088528 states left on queue.
Registration for worker at rmi://ip-10-32-49-241.eu-west-1.compute.internal:45840/5 completed (2012-11-08 09:54:03)
Registration for worker at rmi://ip-10-32-49-241.eu-west-1.compute.internal:45840/6 completed (2012-11-08 09:54:03)
Registration for worker at rmi://ip-10-32-49-241.eu-west-1.compute.internal:45840/7 completed (2012-11-08 09:54:03)
Registration for worker at rmi://ip-10-32-49-241.eu-west-1.compute.internal:45840/1 completed (2012-11-08 09:54:03)
Registration for worker at rmi://ip-10-32-49-241.eu-west-1.compute.internal:45840/0 completed (2012-11-08 09:54:03)
Registration for worker at rmi://ip-10-32-49-241.eu-west-1.compute.internal:45840/3 completed (2012-11-08 09:54:03)
Registration for worker at rmi://ip-10-32-49-241.eu-west-1.compute.internal:45840/4 completed (2012-11-08 09:54:03)
Registration for worker at rmi://ip-10-32-49-241.eu-west-1.compute.internal:45840/2 completed (2012-11-08 09:54:03)
Progress(25) at 2012-11-08 09:54:35: 31019005 states generated (1,191,018 s/min), 4420249 distinct states found (138,338 ds/min), 1095277 states left on queue.
Registration for worker at rmi://ip-10-33-145-51.eu-west-1.compute.internal:57723/0 completed (2012-11-08 09:54:44)
Registration for worker at rmi://ip-10-33-145-51.eu-west-1.compute.internal:57723/6 completed (2012-11-08 09:54:44)
Registration for worker at rmi://ip-10-33-145-51.eu-west-1.compute.internal:57723/4 completed (2012-11-08 09:54:44)
Registration for worker at rmi://ip-10-33-145-51.eu-west-1.compute.internal:57723/7 completed (2012-11-08 09:54:44)
Registration for worker at rmi://ip-10-33-145-51.eu-west-1.compute.internal:57723/3 completed (2012-11-08 09:54:44)
Registration for worker at rmi://ip-10-33-145-51.eu-west-1.compute.internal:57723/2 completed (2012-11-08 09:54:44)
Registration for worker at rmi://ip-10-33-145-51.eu-west-1.compute.internal:57723/5 completed (2012-11-08 09:54:44)
Registration for worker at rmi://ip-10-33-145-51.eu-west-1.compute.internal:57723/1 completed (2012-11-08 09:54:44)
TLC worker connection lost rmi://ip-10-32-49-241.eu-west-1.compute.internal:45840/5 (2012-11-08 09:54:51)
TLC worker rmi://ip-10-32-49-241.eu-west-1.compute.internal:45840/5 disconnected (2012-11-08 09:54:51)
TLC worker connection lost rmi://ip-10-32-49-241.eu-west-1.compute.internal:45840/7 (2012-11-08 09:54:51)
TLC worker rmi://ip-10-32-49-241.eu-west-1.compute.internal:45840/7 disconnected (2012-11-08 09:54:51)
TLC worker connection lost rmi://ip-10-32-49-241.eu-west-1.compute.internal:45840/1 (2012-11-08 09:54:51)
TLC worker rmi://ip-10-32-49-241.eu-west-1.compute.internal:45840/1 disconnected (2012-11-08 09:54:51)
TLC worker connection lost rmi://ip-10-32-49-241.eu-west-1.compute.internal:45840/6 (2012-11-08 09:54:51)
TLC worker rmi://ip-10-32-49-241.eu-west-1.compute.internal:45840/6 disconnected (2012-11-08 09:54:51)
TLC worker connection lost rmi://ip-10-32-49-241.eu-west-1.compute.internal:45840/4 (2012-11-08 09:54:51)
TLC worker rmi://ip-10-32-49-241.eu-west-1.compute.internal:45840/4 disconnected (2012-11-08 09:54:51)
TLC worker connection lost rmi://ip-10-32-49-241.eu-west-1.compute.internal:45840/3 (2012-11-08 09:54:51)
TLC worker rmi://ip-10-32-49-241.eu-west-1.compute.internal:45840/3 disconnected (2012-11-08 09:54:51)
TLC worker connection lost rmi://ip-10-32-49-241.eu-west-1.compute.internal:45840/2 (2012-11-08 09:54:51)
TLC worker rmi://ip-10-32-49-241.eu-west-1.compute.internal:45840/2 disconnected (2012-11-08 09:54:51)
TLC worker connection lost rmi://ip-10-32-49-241.eu-west-1.compute.internal:45840/0 (2012-11-08 09:54:51)
TLC worker rmi://ip-10-32-49-241.eu-west-1.compute.internal:45840/0 disconnected (2012-11-08 09:54:51)
Registration for worker at rmi://ip-10-32-49-241.eu-west-1.compute.internal:45840/5 completed (2012-11-08 09:55:10)
Registration for worker at rmi://ip-10-32-49-241.eu-west-1.compute.internal:45840/7 completed (2012-11-08 09:55:10)
Registration for worker at rmi://ip-10-32-49-241.eu-west-1.compute.internal:45840/4 completed (2012-11-08 09:55:10)
Registration for worker at rmi://ip-10-32-49-241.eu-west-1.compute.internal:45840/2 completed (2012-11-08 09:55:10)
Registration for worker at rmi://ip-10-32-49-241.eu-west-1.compute.internal:45840/3 completed (2012-11-08 09:55:10)
Registration for worker at rmi://ip-10-32-49-241.eu-west-1.compute.internal:45840/1 completed (2012-11-08 09:55:10)
Registration for worker at rmi://ip-10-32-49-241.eu-west-1.compute.internal:45840/6 completed (2012-11-08 09:55:10)
Registration for worker at rmi://ip-10-32-49-241.eu-west-1.compute.internal:45840/0 completed (2012-11-08 09:55:10)
Progress(33) at 2012-11-08 09:55:35: 35020871 states generated (4,001,866 s/min), 4933964 distinct states found (513,715 ds/min), 1172961 states left on queue.
TLC worker connection lost rmi://ip-10-32-49-241.eu-west-1.compute.internal:45840/4 (2012-11-08 09:56:13)
TLC worker rmi://ip-10-32-49-241.eu-west-1.compute.internal:45840/4 disconnected (2012-11-08 09:56:13)
TLC worker connection lost rmi://ip-10-32-49-241.eu-west-1.compute.internal:45840/3 (2012-11-08 09:56:14)
TLC worker rmi://ip-10-32-49-241.eu-west-1.compute.internal:45840/3 disconnected (2012-11-08 09:56:14)
TLC worker connection lost rmi://ip-10-32-49-241.eu-west-1.compute.internal:45840/6 (2012-11-08 09:56:14)
TLC worker rmi://ip-10-32-49-241.eu-west-1.compute.internal:45840/6 disconnected (2012-11-08 09:56:14)
TLC worker connection lost rmi://ip-10-32-49-241.eu-west-1.compute.internal:45840/7 (2012-11-08 09:56:14)
TLC worker rmi://ip-10-32-49-241.eu-west-1.compute.internal:45840/7 disconnected (2012-11-08 09:56:14)
TLC worker connection lost rmi://ip-10-32-49-241.eu-west-1.compute.internal:45840/5 (2012-11-08 09:56:14)
TLC worker rmi://ip-10-32-49-241.eu-west-1.compute.internal:45840/5 disconnected (2012-11-08 09:56:14)
TLC worker connection lost rmi://ip-10-32-49-241.eu-west-1.compute.internal:45840/1 (2012-11-08 09:56:14)
TLC worker rmi://ip-10-32-49-241.eu-west-1.compute.internal:45840/1 disconnected (2012-11-08 09:56:14)
TLC worker connection lost rmi://ip-10-32-49-241.eu-west-1.compute.internal:45840/2 (2012-11-08 09:56:14)
TLC worker rmi://ip-10-32-49-241.eu-west-1.compute.internal:45840/2 disconnected (2012-11-08 09:56:14)
TLC worker connection lost rmi://ip-10-32-49-241.eu-west-1.compute.internal:45840/0 (2012-11-08 09:56:14)
TLC worker rmi://ip-10-32-49-241.eu-west-1.compute.internal:45840/0 disconnected (2012-11-08 09:56:14)
Progress(33) at 2012-11-08 09:56:35: 40642529 states generated (5,621,658 s/min), 5618869 distinct states found (684,905 ds/min), 1240754 states left on queue.
TLC worker connection lost rmi://ip-10-33-145-51.eu-west-1.compute.internal:57723/7 (2012-11-08 09:56:52)
TLC worker rmi://ip-10-33-145-51.eu-west-1.compute.internal:57723/7 disconnected (2012-11-08 09:56:52)
TLC worker connection lost rmi://ip-10-33-145-51.eu-west-1.compute.internal:57723/2 (2012-11-08 09:56:52)
TLC worker rmi://ip-10-33-145-51.eu-west-1.compute.internal:57723/2 disconnected (2012-11-08 09:56:52)
TLC worker connection lost rmi://ip-10-33-145-51.eu-west-1.compute.internal:57723/3 (2012-11-08 09:56:53)
TLC worker rmi://ip-10-33-145-51.eu-west-1.compute.internal:57723/3 disconnected (2012-11-08 09:56:53)
TLC worker connection lost rmi://ip-10-33-145-51.eu-west-1.compute.internal:57723/4 (2012-11-08 09:56:53)
TLC worker rmi://ip-10-33-145-51.eu-west-1.compute.internal:57723/4 disconnected (2012-11-08 09:56:53)
TLC worker connection lost rmi://ip-10-33-145-51.eu-west-1.compute.internal:57723/0 (2012-11-08 09:56:53)
TLC worker rmi://ip-10-33-145-51.eu-west-1.compute.internal:57723/0 disconnected (2012-11-08 09:56:53)
TLC worker connection lost rmi://ip-10-33-145-51.eu-west-1.compute.internal:57723/1 (2012-11-08 09:56:53)
TLC worker rmi://ip-10-33-145-51.eu-west-1.compute.internal:57723/1 disconnected (2012-11-08 09:56:53)
TLC worker connection lost rmi://ip-10-33-145-51.eu-west-1.compute.internal:57723/6 (2012-11-08 09:56:53)
TLC worker rmi://ip-10-33-145-51.eu-west-1.compute.internal:57723/6 disconnected (2012-11-08 09:56:53)
TLC worker connection lost rmi://ip-10-33-145-51.eu-west-1.compute.internal:57723/5 (2012-11-08 09:56:53)
TLC worker rmi://ip-10-33-145-51.eu-west-1.compute.internal:57723/5 disconnected (2012-11-08 09:56:53)
Registration for worker at rmi://ip-10-33-145-51.eu-west-1.compute.internal:57723/6 completed (2012-11-08 09:57:19)
Registration for worker at rmi://ip-10-33-145-51.eu-west-1.compute.internal:57723/3 completed (2012-11-08 09:57:19)
Registration for worker at rmi://ip-10-33-145-51.eu-west-1.compute.internal:57723/7 completed (2012-11-08 09:57:19)
Registration for worker at rmi://ip-10-33-145-51.eu-west-1.compute.internal:57723/0 completed (2012-11-08 09:57:19)
Registration for worker at rmi://ip-10-33-145-51.eu-west-1.compute.internal:57723/5 completed (2012-11-08 09:57:19)
Registration for worker at rmi://ip-10-33-145-51.eu-west-1.compute.internal:57723/4 completed (2012-11-08 09:57:19)
Registration for worker at rmi://ip-10-33-145-51.eu-west-1.compute.internal:57723/2 completed (2012-11-08 09:57:19)
Registration for worker at rmi://ip-10-33-145-51.eu-west-1.compute.internal:57723/1 completed (2012-11-08 09:57:19)
Progress(33) at 2012-11-08 09:57:35: 42451044 states generated (1,808,515 s/min), 5847616 distinct states found (228,747 ds/min), 1272025 states left on queue.
Registration for worker at rmi://ip-10-32-49-241.eu-west-1.compute.internal:45840/0 completed (2012-11-08 09:57:45)
Registration for worker at rmi://ip-10-32-49-241.eu-west-1.compute.internal:45840/5 completed (2012-11-08 09:57:45)
Registration for worker at rmi://ip-10-32-49-241.eu-west-1.compute.internal:45840/1 completed (2012-11-08 09:57:45)
Registration for worker at rmi://ip-10-32-49-241.eu-west-1.compute.internal:45840/7 completed (2012-11-08 09:57:45)
Registration for worker at rmi://ip-10-32-49-241.eu-west-1.compute.internal:45840/2 completed (2012-11-08 09:57:45)
Registration for worker at rmi://ip-10-32-49-241.eu-west-1.compute.internal:45840/6 completed (2012-11-08 09:57:45)
Registration for worker at rmi://ip-10-32-49-241.eu-west-1.compute.internal:45840/4 completed (2012-11-08 09:57:45)
Registration for worker at rmi://ip-10-32-49-241.eu-west-1.compute.internal:45840/3 completed (2012-11-08 09:57:45)
TLC worker connection lost rmi://ip-10-32-49-241.eu-west-1.compute.internal:45840/1 (2012-11-08 09:58:33)
TLC worker rmi://ip-10-32-49-241.eu-west-1.compute.internal:45840/1 disconnected (2012-11-08 09:58:33)
TLC worker connection lost rmi://ip-10-32-49-241.eu-west-1.compute.internal:45840/2 (2012-11-08 09:58:33)
TLC worker rmi://ip-10-32-49-241.eu-west-1.compute.internal:45840/2 disconnected (2012-11-08 09:58:33)
TLC worker connection lost rmi://ip-10-32-49-241.eu-west-1.compute.internal:45840/3 (2012-11-08 09:58:33)
TLC worker rmi://ip-10-32-49-241.eu-west-1.compute.internal:45840/3 disconnected (2012-11-08 09:58:33)
TLC worker connection lost rmi://ip-10-32-49-241.eu-west-1.compute.internal:45840/5 (2012-11-08 09:58:33)
TLC worker rmi://ip-10-32-49-241.eu-west-1.compute.internal:45840/5 disconnected (2012-11-08 09:58:33)
TLC worker connection lost rmi://ip-10-32-49-241.eu-west-1.compute.internal:45840/6 (2012-11-08 09:58:33)
TLC worker rmi://ip-10-32-49-241.eu-west-1.compute.internal:45840/6 disconnected (2012-11-08 09:58:33)
TLC worker connection lost rmi://ip-10-32-49-241.eu-west-1.compute.internal:45840/4 (2012-11-08 09:58:33)
TLC worker rmi://ip-10-32-49-241.eu-west-1.compute.internal:45840/4 disconnected (2012-11-08 09:58:33)
TLC worker connection lost rmi://ip-10-32-49-241.eu-west-1.compute.internal:45840/7 (2012-11-08 09:58:33)
TLC worker rmi://ip-10-32-49-241.eu-west-1.compute.internal:45840/7 disconnected (2012-11-08 09:58:33)
TLC worker connection lost rmi://ip-10-32-49-241.eu-west-1.compute.internal:45840/0 (2012-11-08 09:58:33)
TLC worker rmi://ip-10-32-49-241.eu-west-1.compute.internal:45840/0 disconnected (2012-11-08 09:58:33)
Progress(33) at 2012-11-08 09:58:35: 47854155 states generated (5,403,111 s/min), 6509311 distinct states found (661,695 ds/min), 1341026 states left on queue.
TLC worker connection lost rmi://ip-10-33-145-51.eu-west-1.compute.internal:57723/5 (2012-11-08 09:58:59)
TLC worker rmi://ip-10-33-145-51.eu-west-1.compute.internal:57723/5 disconnected (2012-11-08 09:58:59)
TLC worker connection lost rmi://ip-10-33-145-51.eu-west-1.compute.internal:57723/6 (2012-11-08 09:58:59)
TLC worker rmi://ip-10-33-145-51.eu-west-1.compute.internal:57723/6 disconnected (2012-11-08 09:58:59)
TLC worker connection lost rmi://ip-10-33-145-51.eu-west-1.compute.internal:57723/3 (2012-11-08 09:58:59)
TLC worker rmi://ip-10-33-145-51.eu-west-1.compute.internal:57723/3 disconnected (2012-11-08 09:58:59)
TLC worker connection lost rmi://ip-10-33-145-51.eu-west-1.compute.internal:57723/1 (2012-11-08 09:58:59)
TLC worker rmi://ip-10-33-145-51.eu-west-1.compute.internal:57723/1 disconnected (2012-11-08 09:58:59)
TLC worker connection lost rmi://ip-10-33-145-51.eu-west-1.compute.internal:57723/0 (2012-11-08 09:58:59)
TLC worker rmi://ip-10-33-145-51.eu-west-1.compute.internal:57723/0 disconnected (2012-11-08 09:58:59)
TLC worker connection lost rmi://ip-10-33-145-51.eu-west-1.compute.internal:57723/4 (2012-11-08 09:58:59)
TLC worker rmi://ip-10-33-145-51.eu-west-1.compute.internal:57723/4 disconnected (2012-11-08 09:58:59)
TLC worker connection lost rmi://ip-10-33-145-51.eu-west-1.compute.internal:57723/2 (2012-11-08 09:59:09)
TLC worker rmi://ip-10-33-145-51.eu-west-1.compute.internal:57723/2 disconnected (2012-11-08 09:59:09)
TLC worker connection lost rmi://ip-10-33-145-51.eu-west-1.compute.internal:57723/7 (2012-11-08 09:59:09)
TLC worker rmi://ip-10-33-145-51.eu-west-1.compute.internal:57723/7 disconnected (2012-11-08 09:59:09)
Progress(33) at 2012-11-08 09:59:35: 49775268 states generated (1,921,113 s/min), 6720645 distinct states found (211,334 ds/min), 1338632 states left on queue.
Registration for worker at rmi://ip-10-32-49-241.eu-west-1.compute.internal:45840/5 completed (2012-11-08 10:00:05)
Registration for worker at rmi://ip-10-32-49-241.eu-west-1.compute.internal:45840/6 completed (2012-11-08 10:00:05)
Registration for worker at rmi://ip-10-32-49-241.eu-west-1.compute.internal:45840/3 completed (2012-11-08 10:00:05)
Registration for worker at rmi://ip-10-32-49-241.eu-west-1.compute.internal:45840/4 completed (2012-11-08 10:00:05)
Registration for worker at rmi://ip-10-32-49-241.eu-west-1.compute.internal:45840/1 completed (2012-11-08 10:00:05)
Registration for worker at rmi://ip-10-32-49-241.eu-west-1.compute.internal:45840/7 completed (2012-11-08 10:00:05)
Registration for worker at rmi://ip-10-32-49-241.eu-west-1.compute.internal:45840/0 completed (2012-11-08 10:00:05)
Registration for worker at rmi://ip-10-32-49-241.eu-west-1.compute.internal:45840/2 completed (2012-11-08 10:00:05)
Progress(33) at 2012-11-08 10:00:35: 50973166 states generated (1,197,898 s/min), 6864087 distinct states found (143,442 ds/min), 1350263 states left on queue.
Registration for worker at rmi://ip-10-33-145-51.eu-west-1.compute.internal:57723/7 completed (2012-11-08 10:01:22)
Registration for worker at rmi://ip-10-33-145-51.eu-west-1.compute.internal:57723/1 completed (2012-11-08 10:01:22)
Registration for worker at rmi://ip-10-33-145-51.eu-west-1.compute.internal:57723/2 completed (2012-11-08 10:01:22)
Registration for worker at rmi://ip-10-33-145-51.eu-west-1.compute.internal:57723/5 completed (2012-11-08 10:01:22)
Registration for worker at rmi://ip-10-33-145-51.eu-west-1.compute.internal:57723/0 completed (2012-11-08 10:01:22)
Registration for worker at rmi://ip-10-33-145-51.eu-west-1.compute.internal:57723/6 completed (2012-11-08 10:01:22)
Registration for worker at rmi://ip-10-33-145-51.eu-west-1.compute.internal:57723/3 completed (2012-11-08 10:01:22)
Registration for worker at rmi://ip-10-33-145-51.eu-west-1.compute.internal:57723/4 completed (2012-11-08 10:01:22)
Progress(35) at 2012-11-08 10:01:35: 54566061 states generated (3,592,895 s/min), 7296462 distinct states found (432,375 ds/min), 1387561 states left on queue.
TLC worker connection lost rmi://ip-10-32-49-241.eu-west-1.compute.internal:45840/1 (2012-11-08 10:02:08)
TLC worker rmi://ip-10-32-49-241.eu-west-1.compute.internal:45840/1 disconnected (2012-11-08 10:02:08)
TLC worker connection lost rmi://ip-10-32-49-241.eu-west-1.compute.internal:45840/5 (2012-11-08 10:02:09)
TLC worker rmi://ip-10-32-49-241.eu-west-1.compute.internal:45840/5 disconnected (2012-11-08 10:02:09)
TLC worker connection lost rmi://ip-10-32-49-241.eu-west-1.compute.internal:45840/4 (2012-11-08 10:02:09)
TLC worker rmi://ip-10-32-49-241.eu-west-1.compute.internal:45840/4 disconnected (2012-11-08 10:02:09)
TLC worker connection lost rmi://ip-10-32-49-241.eu-west-1.compute.internal:45840/2 (2012-11-08 10:02:09)
TLC worker rmi://ip-10-32-49-241.eu-west-1.compute.internal:45840/2 disconnected (2012-11-08 10:02:09)
TLC worker connection lost rmi://ip-10-32-49-241.eu-west-1.compute.internal:45840/0 (2012-11-08 10:02:09)
TLC worker rmi://ip-10-32-49-241.eu-west-1.compute.internal:45840/0 disconnected (2012-11-08 10:02:09)
TLC worker connection lost rmi://ip-10-32-49-241.eu-west-1.compute.internal:45840/7 (2012-11-08 10:02:09)
TLC worker rmi://ip-10-32-49-241.eu-west-1.compute.internal:45840/7 disconnected (2012-11-08 10:02:09)
TLC worker connection lost rmi://ip-10-32-49-241.eu-west-1.compute.internal:45840/3 (2012-11-08 10:02:09)
TLC worker rmi://ip-10-32-49-241.eu-west-1.compute.internal:45840/3 disconnected (2012-11-08 10:02:09)
TLC worker connection lost rmi://ip-10-32-49-241.eu-west-1.compute.internal:45840/6 (2012-11-08 10:02:10)
TLC worker rmi://ip-10-32-49-241.eu-west-1.compute.internal:45840/6 disconnected (2012-11-08 10:02:10)
Progress(35) at 2012-11-08 10:02:35: 59337498 states generated (4,771,437 s/min), 7854979 distinct states found (558,517 ds/min), 1419448 states left on queue.
Progress(35) at 2012-11-08 10:03:35: 62355213 states generated (3,017,715 s/min), 8173440 distinct states found (318,461 ds/min), 1400492 states left on queue.
TLC worker connection lost rmi://ip-10-33-145-51.eu-west-1.compute.internal:57723/4 (2012-11-08 10:04:20)
TLC worker rmi://ip-10-33-145-51.eu-west-1.compute.internal:57723/4 disconnected (2012-11-08 10:04:20)
TLC worker connection lost rmi://ip-10-33-145-51.eu-west-1.compute.internal:57723/1 (2012-11-08 10:04:21)
TLC worker rmi://ip-10-33-145-51.eu-west-1.compute.internal:57723/1 disconnected (2012-11-08 10:04:21)
TLC worker connection lost rmi://ip-10-33-145-51.eu-west-1.compute.internal:57723/0 (2012-11-08 10:04:22)
TLC worker rmi://ip-10-33-145-51.eu-west-1.compute.internal:57723/0 disconnected (2012-11-08 10:04:22)
TLC worker connection lost rmi://ip-10-33-145-51.eu-west-1.compute.internal:57723/7 (2012-11-08 10:04:22)
TLC worker rmi://ip-10-33-145-51.eu-west-1.compute.internal:57723/7 disconnected (2012-11-08 10:04:22)
TLC worker connection lost rmi://ip-10-33-145-51.eu-west-1.compute.internal:57723/5 (2012-11-08 10:04:22)
TLC worker rmi://ip-10-33-145-51.eu-west-1.compute.internal:57723/5 disconnected (2012-11-08 10:04:22)
TLC worker connection lost rmi://ip-10-33-145-51.eu-west-1.compute.internal:57723/2 (2012-11-08 10:04:23)
TLC worker rmi://ip-10-33-145-51.eu-west-1.compute.internal:57723/2 disconnected (2012-11-08 10:04:23)
TLC worker connection lost rmi://ip-10-33-145-51.eu-west-1.compute.internal:57723/6 (2012-11-08 10:04:23)
TLC worker rmi://ip-10-33-145-51.eu-west-1.compute.internal:57723/6 disconnected (2012-11-08 10:04:23)
TLC worker connection lost rmi://ip-10-33-145-51.eu-west-1.compute.internal:57723/3 (2012-11-08 10:04:24)
TLC worker rmi://ip-10-33-145-51.eu-west-1.compute.internal:57723/3 disconnected (2012-11-08 10:04:24)
Progress(35) at 2012-11-08 10:04:35: 65252141 states generated (2,896,928 s/min), 8505006 distinct states found (331,566 ds/min), 1411379 states left on queue.
Registration for worker at rmi://ip-10-32-49-241.eu-west-1.compute.internal:45840/1 completed (2012-11-08 10:04:48)
Registration for worker at rmi://ip-10-32-49-241.eu-west-1.compute.internal:45840/7 completed (2012-11-08 10:04:48)
Registration for worker at rmi://ip-10-32-49-241.eu-west-1.compute.internal:45840/4 completed (2012-11-08 10:04:48)
Registration for worker at rmi://ip-10-32-49-241.eu-west-1.compute.internal:45840/3 completed (2012-11-08 10:04:48)
Registration for worker at rmi://ip-10-32-49-241.eu-west-1.compute.internal:45840/5 completed (2012-11-08 10:04:48)
Registration for worker at rmi://ip-10-32-49-241.eu-west-1.compute.internal:45840/0 completed (2012-11-08 10:04:48)
Registration for worker at rmi://ip-10-32-49-241.eu-west-1.compute.internal:45840/6 completed (2012-11-08 10:04:48)
Registration for worker at rmi://ip-10-32-49-241.eu-west-1.compute.internal:45840/2 completed (2012-11-08 10:04:48)
Progress(36) at 2012-11-08 10:05:35: 67041457 states generated (1,789,316 s/min), 8712122 distinct states found (207,116 ds/min), 1420714 states left on queue.
Registration for worker at rmi://ip-10-33-145-51.eu-west-1.compute.internal:57723/0 completed (2012-11-08 10:06:03)
Registration for worker at rmi://ip-10-33-145-51.eu-west-1.compute.internal:57723/7 completed (2012-11-08 10:06:03)
Registration for worker at rmi://ip-10-33-145-51.eu-west-1.compute.internal:57723/5 completed (2012-11-08 10:06:03)
Registration for worker at rmi://ip-10-33-145-51.eu-west-1.compute.internal:57723/6 completed (2012-11-08 10:06:03)
Registration for worker at rmi://ip-10-33-145-51.eu-west-1.compute.internal:57723/4 completed (2012-11-08 10:06:03)
Registration for worker at rmi://ip-10-33-145-51.eu-west-1.compute.internal:57723/2 completed (2012-11-08 10:06:03)
Registration for worker at rmi://ip-10-33-145-51.eu-west-1.compute.internal:57723/3 completed (2012-11-08 10:06:03)
Registration for worker at rmi://ip-10-33-145-51.eu-west-1.compute.internal:57723/1 completed (2012-11-08 10:06:03)
TLC worker rmi://ip-10-33-145-51.eu-west-1.compute.internal:57723/0 disconnected (2012-11-08 10:06:13)
TLC worker rmi://ip-10-33-145-51.eu-west-1.compute.internal:57723/7 disconnected (2012-11-08 10:06:13)
TLC worker rmi://ip-10-33-145-51.eu-west-1.compute.internal:57723/5 disconnected (2012-11-08 10:06:13)
TLC worker rmi://ip-10-33-145-51.eu-west-1.compute.internal:57723/6 disconnected (2012-11-08 10:06:13)
TLC worker rmi://ip-10-33-145-51.eu-west-1.compute.internal:57723/2 disconnected (2012-11-08 10:06:13)
TLC worker rmi://ip-10-33-145-51.eu-west-1.compute.internal:57723/3 disconnected (2012-11-08 10:06:13)
TLC worker rmi://ip-10-33-145-51.eu-west-1.compute.internal:57723/4 disconnected (2012-11-08 10:06:13)
TLC worker rmi://ip-10-33-145-51.eu-west-1.compute.internal:57723/1 disconnected (2012-11-08 10:06:13)
TLC worker connection lost rmi://ip-10-33-145-51.eu-west-1.compute.internal:57723/1 (2012-11-08 10:06:14)
TLC worker connection lost rmi://ip-10-33-145-51.eu-west-1.compute.internal:57723/6 (2012-11-08 10:06:14)
TLC worker connection lost rmi://ip-10-33-145-51.eu-west-1.compute.internal:57723/5 (2012-11-08 10:06:14)
TLC worker connection lost rmi://ip-10-33-145-51.eu-west-1.compute.internal:57723/0 (2012-11-08 10:06:14)
TLC worker connection lost rmi://ip-10-33-145-51.eu-west-1.compute.internal:57723/7 (2012-11-08 10:06:14)
TLC worker connection lost rmi://ip-10-33-145-51.eu-west-1.compute.internal:57723/4 (2012-11-08 10:06:14)
TLC worker connection lost rmi://ip-10-33-145-51.eu-west-1.compute.internal:57723/3 (2012-11-08 10:06:14)
TLC worker connection lost rmi://ip-10-33-145-51.eu-west-1.compute.internal:57723/2 (2012-11-08 10:06:14)
Progress(36) at 2012-11-08 10:06:35: 70600584 states generated (3,559,127 s/min), 9112505 distinct states found (400,383 ds/min), 1491258 states left on queue.
TLC worker connection lost rmi://ip-10-32-49-241.eu-west-1.compute.internal:45840/5 (2012-11-08 10:06:52)
TLC worker rmi://ip-10-32-49-241.eu-west-1.compute.internal:45840/5 disconnected (2012-11-08 10:06:52)
TLC worker connection lost rmi://ip-10-32-49-241.eu-west-1.compute.internal:45840/0 (2012-11-08 10:06:53)
TLC worker rmi://ip-10-32-49-241.eu-west-1.compute.internal:45840/0 disconnected (2012-11-08 10:06:53)
TLC worker connection lost rmi://ip-10-32-49-241.eu-west-1.compute.internal:45840/3 (2012-11-08 10:06:53)
TLC worker rmi://ip-10-32-49-241.eu-west-1.compute.internal:45840/3 disconnected (2012-11-08 10:06:53)
TLC worker connection lost rmi://ip-10-32-49-241.eu-west-1.compute.internal:45840/7 (2012-11-08 10:06:53)
TLC worker rmi://ip-10-32-49-241.eu-west-1.compute.internal:45840/7 disconnected (2012-11-08 10:06:53)
TLC worker connection lost rmi://ip-10-32-49-241.eu-west-1.compute.internal:45840/2 (2012-11-08 10:06:53)
TLC worker rmi://ip-10-32-49-241.eu-west-1.compute.internal:45840/2 disconnected (2012-11-08 10:06:53)
TLC worker connection lost rmi://ip-10-32-49-241.eu-west-1.compute.internal:45840/1 (2012-11-08 10:06:53)
TLC worker rmi://ip-10-32-49-241.eu-west-1.compute.internal:45840/1 disconnected (2012-11-08 10:06:53)
TLC worker connection lost rmi://ip-10-32-49-241.eu-west-1.compute.internal:45840/6 (2012-11-08 10:06:53)
TLC worker rmi://ip-10-32-49-241.eu-west-1.compute.internal:45840/6 disconnected (2012-11-08 10:06:53)
TLC worker connection lost rmi://ip-10-32-49-241.eu-west-1.compute.internal:45840/4 (2012-11-08 10:06:54)
TLC worker rmi://ip-10-32-49-241.eu-west-1.compute.internal:45840/4 disconnected (2012-11-08 10:06:54)
Progress(36) at 2012-11-08 10:07:35: 71779965 states generated (1,179,381 s/min), 9240982 distinct states found (128,477 ds/min), 1488369 states left on queue.
Registration for worker at rmi://ip-10-33-145-51.eu-west-1.compute.internal:57723/0 completed (2012-11-08 10:08:00)
Registration for worker at rmi://ip-10-33-145-51.eu-west-1.compute.internal:57723/5 completed (2012-11-08 10:08:00)
Registration for worker at rmi://ip-10-33-145-51.eu-west-1.compute.internal:57723/1 completed (2012-11-08 10:08:00)
Registration for worker at rmi://ip-10-33-145-51.eu-west-1.compute.internal:57723/2 completed (2012-11-08 10:08:00)
Registration for worker at rmi://ip-10-33-145-51.eu-west-1.compute.internal:57723/7 completed (2012-11-08 10:08:00)
Registration for worker at rmi://ip-10-33-145-51.eu-west-1.compute.internal:57723/4 completed (2012-11-08 10:08:00)
Registration for worker at rmi://ip-10-33-145-51.eu-west-1.compute.internal:57723/3 completed (2012-11-08 10:08:00)
Registration for worker at rmi://ip-10-33-145-51.eu-west-1.compute.internal:57723/6 completed (2012-11-08 10:08:00)
Registration for worker at rmi://ip-10-32-49-241.eu-west-1.compute.internal:45840/0 completed (2012-11-08 10:08:12)
Registration for worker at rmi://ip-10-32-49-241.eu-west-1.compute.internal:45840/5 completed (2012-11-08 10:08:12)
Registration for worker at rmi://ip-10-32-49-241.eu-west-1.compute.internal:45840/3 completed (2012-11-08 10:08:12)
Registration for worker at rmi://ip-10-32-49-241.eu-west-1.compute.internal:45840/4 completed (2012-11-08 10:08:12)
Registration for worker at rmi://ip-10-32-49-241.eu-west-1.compute.internal:45840/7 completed (2012-11-08 10:08:12)
Registration for worker at rmi://ip-10-32-49-241.eu-west-1.compute.internal:45840/6 completed (2012-11-08 10:08:12)
Registration for worker at rmi://ip-10-32-49-241.eu-west-1.compute.internal:45840/1 completed (2012-11-08 10:08:12)
Registration for worker at rmi://ip-10-32-49-241.eu-west-1.compute.internal:45840/2 completed (2012-11-08 10:08:12)
Progress(36) at 2012-11-08 10:08:35: 74130307 states generated (2,350,342 s/min), 9483468 distinct states found (242,486 ds/min), 1467365 states left on queue.
TLC worker connection lost rmi://ip-10-33-145-51.eu-west-1.compute.internal:57723/0 (2012-11-08 10:09:18)
TLC worker rmi://ip-10-33-145-51.eu-west-1.compute.internal:57723/0 disconnected (2012-11-08 10:09:18)
TLC worker connection lost rmi://ip-10-33-145-51.eu-west-1.compute.internal:57723/5 (2012-11-08 10:09:18)
TLC worker rmi://ip-10-33-145-51.eu-west-1.compute.internal:57723/5 disconnected (2012-11-08 10:09:18)
TLC worker connection lost rmi://ip-10-33-145-51.eu-west-1.compute.internal:57723/1 (2012-11-08 10:09:18)
TLC worker rmi://ip-10-33-145-51.eu-west-1.compute.internal:57723/1 disconnected (2012-11-08 10:09:18)
TLC worker connection lost rmi://ip-10-33-145-51.eu-west-1.compute.internal:57723/2 (2012-11-08 10:09:18)
TLC worker rmi://ip-10-33-145-51.eu-west-1.compute.internal:57723/2 disconnected (2012-11-08 10:09:18)
TLC worker connection lost rmi://ip-10-33-145-51.eu-west-1.compute.internal:57723/7 (2012-11-08 10:09:18)
TLC worker rmi://ip-10-33-145-51.eu-west-1.compute.internal:57723/7 disconnected (2012-11-08 10:09:18)
TLC worker connection lost rmi://ip-10-33-145-51.eu-west-1.compute.internal:57723/6 (2012-11-08 10:09:18)
TLC worker rmi://ip-10-33-145-51.eu-west-1.compute.internal:57723/6 disconnected (2012-11-08 10:09:18)
TLC worker connection lost rmi://ip-10-33-145-51.eu-west-1.compute.internal:57723/3 (2012-11-08 10:09:18)
TLC worker rmi://ip-10-33-145-51.eu-west-1.compute.internal:57723/3 disconnected (2012-11-08 10:09:18)
TLC worker connection lost rmi://ip-10-33-145-51.eu-west-1.compute.internal:57723/4 (2012-11-08 10:09:19)
TLC worker rmi://ip-10-33-145-51.eu-west-1.compute.internal:57723/4 disconnected (2012-11-08 10:09:19)
Progress(36) at 2012-11-08 10:09:35: 79474603 states generated (5,344,296 s/min), 10085388 distinct states found (601,920 ds/min), 1476471 states left on queue.
TLC worker connection lost rmi://ip-10-32-49-241.eu-west-1.compute.internal:45840/1 (2012-11-08 10:10:13)
TLC worker rmi://ip-10-32-49-241.eu-west-1.compute.internal:45840/1 disconnected (2012-11-08 10:10:13)
TLC worker connection lost rmi://ip-10-32-49-241.eu-west-1.compute.internal:45840/0 (2012-11-08 10:10:13)
TLC worker rmi://ip-10-32-49-241.eu-west-1.compute.internal:45840/0 disconnected (2012-11-08 10:10:13)
TLC worker connection lost rmi://ip-10-32-49-241.eu-west-1.compute.internal:45840/5 (2012-11-08 10:10:13)
TLC worker rmi://ip-10-32-49-241.eu-west-1.compute.internal:45840/5 disconnected (2012-11-08 10:10:13)
TLC worker connection lost rmi://ip-10-32-49-241.eu-west-1.compute.internal:45840/3 (2012-11-08 10:10:14)
TLC worker rmi://ip-10-32-49-241.eu-west-1.compute.internal:45840/3 disconnected (2012-11-08 10:10:14)
TLC worker connection lost rmi://ip-10-32-49-241.eu-west-1.compute.internal:45840/6 (2012-11-08 10:10:14)
TLC worker rmi://ip-10-32-49-241.eu-west-1.compute.internal:45840/6 disconnected (2012-11-08 10:10:14)
TLC worker connection lost rmi://ip-10-32-49-241.eu-west-1.compute.internal:45840/4 (2012-11-08 10:10:14)
TLC worker rmi://ip-10-32-49-241.eu-west-1.compute.internal:45840/4 disconnected (2012-11-08 10:10:14)
TLC worker connection lost rmi://ip-10-32-49-241.eu-west-1.compute.internal:45840/2 (2012-11-08 10:10:14)
TLC worker rmi://ip-10-32-49-241.eu-west-1.compute.internal:45840/2 disconnected (2012-11-08 10:10:14)
TLC worker connection lost rmi://ip-10-32-49-241.eu-west-1.compute.internal:45840/7 (2012-11-08 10:10:14)
TLC worker rmi://ip-10-32-49-241.eu-west-1.compute.internal:45840/7 disconnected (2012-11-08 10:10:14)
Progress(36) at 2012-11-08 10:10:35: 81769801 states generated (2,295,198 s/min), 10276210 distinct states found (190,822 ds/min), 1404239 states left on queue.
Registration for worker at rmi://ip-10-33-145-51.eu-west-1.compute.internal:57723/3 completed (2012-11-08 10:11:17)
Registration for worker at rmi://ip-10-33-145-51.eu-west-1.compute.internal:57723/2 completed (2012-11-08 10:11:17)
Registration for worker at rmi://ip-10-33-145-51.eu-west-1.compute.internal:57723/1 completed (2012-11-08 10:11:17)
Registration for worker at rmi://ip-10-33-145-51.eu-west-1.compute.internal:57723/4 completed (2012-11-08 10:11:17)
Registration for worker at rmi://ip-10-33-145-51.eu-west-1.compute.internal:57723/0 completed (2012-11-08 10:11:17)
Registration for worker at rmi://ip-10-33-145-51.eu-west-1.compute.internal:57723/5 completed (2012-11-08 10:11:17)
Registration for worker at rmi://ip-10-33-145-51.eu-west-1.compute.internal:57723/6 completed (2012-11-08 10:11:17)
Registration for worker at rmi://ip-10-33-145-51.eu-west-1.compute.internal:57723/7 completed (2012-11-08 10:11:17)
Progress(36) at 2012-11-08 10:11:35: 82358521 states generated (588,720 s/min), 10337290 distinct states found (61,080 ds/min), 1399362 states left on queue.
Registration for worker at rmi://ip-10-32-49-241.eu-west-1.compute.internal:45840/5 completed (2012-11-08 10:11:50)
Registration for worker at rmi://ip-10-32-49-241.eu-west-1.compute.internal:45840/6 completed (2012-11-08 10:11:50)
Registration for worker at rmi://ip-10-32-49-241.eu-west-1.compute.internal:45840/7 completed (2012-11-08 10:11:50)
Registration for worker at rmi://ip-10-32-49-241.eu-west-1.compute.internal:45840/1 completed (2012-11-08 10:11:50)
Registration for worker at rmi://ip-10-32-49-241.eu-west-1.compute.internal:45840/3 completed (2012-11-08 10:11:50)
Registration for worker at rmi://ip-10-32-49-241.eu-west-1.compute.internal:45840/2 completed (2012-11-08 10:11:50)
Registration for worker at rmi://ip-10-32-49-241.eu-west-1.compute.internal:45840/0 completed (2012-11-08 10:11:50)
Registration for worker at rmi://ip-10-32-49-241.eu-west-1.compute.internal:45840/4 completed (2012-11-08 10:11:50)
Progress(36) at 2012-11-08 10:12:35: 87047974 states generated (4,689,453 s/min), 10812287 distinct states found (474,997 ds/min), 1347536 states left on queue.
TLC worker connection lost rmi://ip-10-32-49-241.eu-west-1.compute.internal:45840/6 (2012-11-08 10:12:50)
TLC worker rmi://ip-10-32-49-241.eu-west-1.compute.internal:45840/6 disconnected (2012-11-08 10:12:50)
TLC worker connection lost rmi://ip-10-32-49-241.eu-west-1.compute.internal:45840/7 (2012-11-08 10:12:50)
TLC worker rmi://ip-10-32-49-241.eu-west-1.compute.internal:45840/7 disconnected (2012-11-08 10:12:50)
TLC worker connection lost rmi://ip-10-32-49-241.eu-west-1.compute.internal:45840/1 (2012-11-08 10:12:50)
TLC worker rmi://ip-10-32-49-241.eu-west-1.compute.internal:45840/1 disconnected (2012-11-08 10:12:50)
TLC worker connection lost rmi://ip-10-32-49-241.eu-west-1.compute.internal:45840/5 (2012-11-08 10:12:50)
TLC worker rmi://ip-10-32-49-241.eu-west-1.compute.internal:45840/5 disconnected (2012-11-08 10:12:50)
TLC worker connection lost rmi://ip-10-32-49-241.eu-west-1.compute.internal:45840/3 (2012-11-08 10:12:50)
TLC worker rmi://ip-10-32-49-241.eu-west-1.compute.internal:45840/3 disconnected (2012-11-08 10:12:50)
TLC worker connection lost rmi://ip-10-32-49-241.eu-west-1.compute.internal:45840/4 (2012-11-08 10:12:50)
TLC worker rmi://ip-10-32-49-241.eu-west-1.compute.internal:45840/4 disconnected (2012-11-08 10:12:50)
TLC worker connection lost rmi://ip-10-32-49-241.eu-west-1.compute.internal:45840/2 (2012-11-08 10:12:50)
TLC worker rmi://ip-10-32-49-241.eu-west-1.compute.internal:45840/2 disconnected (2012-11-08 10:12:50)
TLC worker connection lost rmi://ip-10-32-49-241.eu-west-1.compute.internal:45840/0 (2012-11-08 10:12:50)
TLC worker rmi://ip-10-32-49-241.eu-west-1.compute.internal:45840/0 disconnected (2012-11-08 10:12:50)
TLC worker connection lost rmi://ip-10-33-145-51.eu-west-1.compute.internal:57723/0 (2012-11-08 10:13:20)
TLC worker rmi://ip-10-33-145-51.eu-west-1.compute.internal:57723/0 disconnected (2012-11-08 10:13:20)
TLC worker connection lost rmi://ip-10-33-145-51.eu-west-1.compute.internal:57723/6 (2012-11-08 10:13:21)
TLC worker rmi://ip-10-33-145-51.eu-west-1.compute.internal:57723/6 disconnected (2012-11-08 10:13:21)
TLC worker connection lost rmi://ip-10-33-145-51.eu-west-1.compute.internal:57723/7 (2012-11-08 10:13:21)
TLC worker rmi://ip-10-33-145-51.eu-west-1.compute.internal:57723/7 disconnected (2012-11-08 10:13:21)
TLC worker connection lost rmi://ip-10-33-145-51.eu-west-1.compute.internal:57723/5 (2012-11-08 10:13:21)
TLC worker rmi://ip-10-33-145-51.eu-west-1.compute.internal:57723/5 disconnected (2012-11-08 10:13:21)
TLC worker connection lost rmi://ip-10-33-145-51.eu-west-1.compute.internal:57723/4 (2012-11-08 10:13:21)
TLC worker rmi://ip-10-33-145-51.eu-west-1.compute.internal:57723/4 disconnected (2012-11-08 10:13:21)
TLC worker connection lost rmi://ip-10-33-145-51.eu-west-1.compute.internal:57723/2 (2012-11-08 10:13:21)
TLC worker rmi://ip-10-33-145-51.eu-west-1.compute.internal:57723/2 disconnected (2012-11-08 10:13:21)
TLC worker connection lost rmi://ip-10-33-145-51.eu-west-1.compute.internal:57723/1 (2012-11-08 10:13:21)
TLC worker rmi://ip-10-33-145-51.eu-west-1.compute.internal:57723/1 disconnected (2012-11-08 10:13:21)
TLC worker connection lost rmi://ip-10-33-145-51.eu-west-1.compute.internal:57723/3 (2012-11-08 10:13:21)
TLC worker rmi://ip-10-33-145-51.eu-west-1.compute.internal:57723/3 disconnected (2012-11-08 10:13:21)
Progress(36) at 2012-11-08 10:13:35: 91179242 states generated (4,131,268 s/min), 11262267 distinct states found (449,980 ds/min), 1337343 states left on queue.
Registration for worker at rmi://ip-10-33-145-51.eu-west-1.compute.internal:57723/6 completed (2012-11-08 10:13:37)
Registration for worker at rmi://ip-10-33-145-51.eu-west-1.compute.internal:57723/2 completed (2012-11-08 10:13:37)
Registration for worker at rmi://ip-10-33-145-51.eu-west-1.compute.internal:57723/1 completed (2012-11-08 10:13:37)
Registration for worker at rmi://ip-10-33-145-51.eu-west-1.compute.internal:57723/7 completed (2012-11-08 10:13:37)
Registration for worker at rmi://ip-10-33-145-51.eu-west-1.compute.internal:57723/5 completed (2012-11-08 10:13:37)
Registration for worker at rmi://ip-10-33-145-51.eu-west-1.compute.internal:57723/3 completed (2012-11-08 10:13:37)
Registration for worker at rmi://ip-10-33-145-51.eu-west-1.compute.internal:57723/4 completed (2012-11-08 10:13:37)
Registration for worker at rmi://ip-10-33-145-51.eu-west-1.compute.internal:57723/0 completed (2012-11-08 10:13:37)
Registration for worker at rmi://ip-10-32-49-241.eu-west-1.compute.internal:45840/5 completed (2012-11-08 10:13:59)
Registration for worker at rmi://ip-10-32-49-241.eu-west-1.compute.internal:45840/1 completed (2012-11-08 10:13:59)
Registration for worker at rmi://ip-10-32-49-241.eu-west-1.compute.internal:45840/4 completed (2012-11-08 10:13:59)
Registration for worker at rmi://ip-10-32-49-241.eu-west-1.compute.internal:45840/2 completed (2012-11-08 10:13:59)
Registration for worker at rmi://ip-10-32-49-241.eu-west-1.compute.internal:45840/3 completed (2012-11-08 10:13:59)
Registration for worker at rmi://ip-10-32-49-241.eu-west-1.compute.internal:45840/7 completed (2012-11-08 10:13:59)
Registration for worker at rmi://ip-10-32-49-241.eu-west-1.compute.internal:45840/0 completed (2012-11-08 10:13:59)
Registration for worker at rmi://ip-10-32-49-241.eu-west-1.compute.internal:45840/6 completed (2012-11-08 10:13:59)
TLC worker connection lost rmi://ip-10-33-145-51.eu-west-1.compute.internal:57723/6 (2012-11-08 10:14:33)
TLC worker rmi://ip-10-33-145-51.eu-west-1.compute.internal:57723/6 disconnected (2012-11-08 10:14:33)
TLC worker connection lost rmi://ip-10-33-145-51.eu-west-1.compute.internal:57723/2 (2012-11-08 10:14:33)
TLC worker rmi://ip-10-33-145-51.eu-west-1.compute.internal:57723/2 disconnected (2012-11-08 10:14:33)
TLC worker connection lost rmi://ip-10-33-145-51.eu-west-1.compute.internal:57723/7 (2012-11-08 10:14:33)
TLC worker rmi://ip-10-33-145-51.eu-west-1.compute.internal:57723/7 disconnected (2012-11-08 10:14:33)
TLC worker connection lost rmi://ip-10-33-145-51.eu-west-1.compute.internal:57723/0 (2012-11-08 10:14:33)
TLC worker rmi://ip-10-33-145-51.eu-west-1.compute.internal:57723/0 disconnected (2012-11-08 10:14:33)
TLC worker connection lost rmi://ip-10-33-145-51.eu-west-1.compute.internal:57723/1 (2012-11-08 10:14:33)
TLC worker rmi://ip-10-33-145-51.eu-west-1.compute.internal:57723/1 disconnected (2012-11-08 10:14:33)
TLC worker connection lost rmi://ip-10-33-145-51.eu-west-1.compute.internal:57723/4 (2012-11-08 10:14:33)
TLC worker rmi://ip-10-33-145-51.eu-west-1.compute.internal:57723/4 disconnected (2012-11-08 10:14:33)
TLC worker connection lost rmi://ip-10-33-145-51.eu-west-1.compute.internal:57723/5 (2012-11-08 10:14:34)
TLC worker rmi://ip-10-33-145-51.eu-west-1.compute.internal:57723/5 disconnected (2012-11-08 10:14:34)
TLC worker connection lost rmi://ip-10-33-145-51.eu-west-1.compute.internal:57723/3 (2012-11-08 10:14:34)
TLC worker rmi://ip-10-33-145-51.eu-west-1.compute.internal:57723/3 disconnected (2012-11-08 10:14:34)
Progress(36) at 2012-11-08 10:14:35: 95878072 states generated (4,698,830 s/min), 11747817 distinct states found (485,550 ds/min), 1296218 states left on queue.
TLC worker connection lost rmi://ip-10-32-49-241.eu-west-1.compute.internal:45840/7 (2012-11-08 10:14:47)
TLC worker rmi://ip-10-32-49-241.eu-west-1.compute.internal:45840/7 disconnected (2012-11-08 10:14:47)
TLC worker connection lost rmi://ip-10-32-49-241.eu-west-1.compute.internal:45840/0 (2012-11-08 10:14:47)
TLC worker rmi://ip-10-32-49-241.eu-west-1.compute.internal:45840/0 disconnected (2012-11-08 10:14:47)
TLC worker connection lost rmi://ip-10-32-49-241.eu-west-1.compute.internal:45840/4 (2012-11-08 10:14:47)
TLC worker rmi://ip-10-32-49-241.eu-west-1.compute.internal:45840/4 disconnected (2012-11-08 10:14:47)
TLC worker connection lost rmi://ip-10-32-49-241.eu-west-1.compute.internal:45840/5 (2012-11-08 10:14:47)
TLC worker rmi://ip-10-32-49-241.eu-west-1.compute.internal:45840/5 disconnected (2012-11-08 10:14:47)
TLC worker connection lost rmi://ip-10-32-49-241.eu-west-1.compute.internal:45840/6 (2012-11-08 10:14:47)
TLC worker rmi://ip-10-32-49-241.eu-west-1.compute.internal:45840/6 disconnected (2012-11-08 10:14:47)
TLC worker connection lost rmi://ip-10-32-49-241.eu-west-1.compute.internal:45840/3 (2012-11-08 10:14:47)
TLC worker rmi://ip-10-32-49-241.eu-west-1.compute.internal:45840/3 disconnected (2012-11-08 10:14:47)
TLC worker connection lost rmi://ip-10-32-49-241.eu-west-1.compute.internal:45840/2 (2012-11-08 10:14:47)
TLC worker rmi://ip-10-32-49-241.eu-west-1.compute.internal:45840/2 disconnected (2012-11-08 10:14:47)
TLC worker connection lost rmi://ip-10-32-49-241.eu-west-1.compute.internal:45840/1 (2012-11-08 10:14:47)
TLC worker rmi://ip-10-32-49-241.eu-west-1.compute.internal:45840/1 disconnected (2012-11-08 10:14:47)
Progress(36) at 2012-11-08 10:15:35: 96464645 states generated (586,573 s/min), 11810110 distinct states found (62,293 ds/min), 1292975 states left on queue.
Progress(36) at 2012-11-08 10:16:35: 96464645 states generated (0 s/min), 11810110 distinct states found (0 ds/min), 1292975 states left on queue.
Registration for worker at rmi://ip-10-32-49-241.eu-west-1.compute.internal:45840/5 completed (2012-11-08 10:16:49)
Registration for worker at rmi://ip-10-32-49-241.eu-west-1.compute.internal:45840/4 completed (2012-11-08 10:16:49)
Registration for worker at rmi://ip-10-32-49-241.eu-west-1.compute.internal:45840/3 completed (2012-11-08 10:16:49)
Registration for worker at rmi://ip-10-32-49-241.eu-west-1.compute.internal:45840/1 completed (2012-11-08 10:16:49)
Registration for worker at rmi://ip-10-32-49-241.eu-west-1.compute.internal:45840/7 completed (2012-11-08 10:16:49)
Registration for worker at rmi://ip-10-32-49-241.eu-west-1.compute.internal:45840/2 completed (2012-11-08 10:16:49)
Registration for worker at rmi://ip-10-32-49-241.eu-west-1.compute.internal:45840/0 completed (2012-11-08 10:16:49)
Registration for worker at rmi://ip-10-32-49-241.eu-west-1.compute.internal:45840/6 completed (2012-11-08 10:16:49)
Registration for worker at rmi://ip-10-33-145-51.eu-west-1.compute.internal:57723/0 completed (2012-11-08 10:17:05)
Registration for worker at rmi://ip-10-33-145-51.eu-west-1.compute.internal:57723/1 completed (2012-11-08 10:17:05)
Registration for worker at rmi://ip-10-33-145-51.eu-west-1.compute.internal:57723/5 completed (2012-11-08 10:17:05)
Registration for worker at rmi://ip-10-33-145-51.eu-west-1.compute.internal:57723/6 completed (2012-11-08 10:17:05)
Registration for worker at rmi://ip-10-33-145-51.eu-west-1.compute.internal:57723/7 completed (2012-11-08 10:17:05)
Registration for worker at rmi://ip-10-33-145-51.eu-west-1.compute.internal:57723/2 completed (2012-11-08 10:17:05)
Registration for worker at rmi://ip-10-33-145-51.eu-west-1.compute.internal:57723/4 completed (2012-11-08 10:17:05)
Registration for worker at rmi://ip-10-33-145-51.eu-west-1.compute.internal:57723/3 completed (2012-11-08 10:17:05)
TLC worker connection lost rmi://ip-10-32-49-241.eu-west-1.compute.internal:45840/3 (2012-11-08 10:17:25)
TLC worker rmi://ip-10-32-49-241.eu-west-1.compute.internal:45840/3 disconnected (2012-11-08 10:17:25)
TLC worker connection lost rmi://ip-10-32-49-241.eu-west-1.compute.internal:45840/5 (2012-11-08 10:17:25)
TLC worker rmi://ip-10-32-49-241.eu-west-1.compute.internal:45840/5 disconnected (2012-11-08 10:17:25)
TLC worker connection lost rmi://ip-10-32-49-241.eu-west-1.compute.internal:45840/2 (2012-11-08 10:17:25)
TLC worker connection lost rmi://ip-10-32-49-241.eu-west-1.compute.internal:45840/4 (2012-11-08 10:17:25)
TLC worker rmi://ip-10-32-49-241.eu-west-1.compute.internal:45840/2 disconnected (2012-11-08 10:17:25)
TLC worker rmi://ip-10-32-49-241.eu-west-1.compute.internal:45840/4 disconnected (2012-11-08 10:17:25)
TLC worker connection lost rmi://ip-10-32-49-241.eu-west-1.compute.internal:45840/1 (2012-11-08 10:17:25)
TLC worker rmi://ip-10-32-49-241.eu-west-1.compute.internal:45840/1 disconnected (2012-11-08 10:17:25)
TLC worker connection lost rmi://ip-10-32-49-241.eu-west-1.compute.internal:45840/7 (2012-11-08 10:17:25)
TLC worker rmi://ip-10-32-49-241.eu-west-1.compute.internal:45840/7 disconnected (2012-11-08 10:17:25)
TLC worker connection lost rmi://ip-10-32-49-241.eu-west-1.compute.internal:45840/0 (2012-11-08 10:17:25)
TLC worker rmi://ip-10-32-49-241.eu-west-1.compute.internal:45840/0 disconnected (2012-11-08 10:17:25)
TLC worker connection lost rmi://ip-10-32-49-241.eu-west-1.compute.internal:45840/6 (2012-11-08 10:17:25)
TLC worker rmi://ip-10-32-49-241.eu-west-1.compute.internal:45840/6 disconnected (2012-11-08 10:17:25)
Progress(36) at 2012-11-08 10:17:35: 99373699 states generated (2,909,054 s/min), 12088908 distinct states found (278,798 ds/min), 1242982 states left on queue.
TLC worker connection lost rmi://ip-10-33-145-51.eu-west-1.compute.internal:57723/1 (2012-11-08 10:18:01)
TLC worker rmi://ip-10-33-145-51.eu-west-1.compute.internal:57723/1 disconnected (2012-11-08 10:18:01)
TLC worker connection lost rmi://ip-10-33-145-51.eu-west-1.compute.internal:57723/5 (2012-11-08 10:18:01)
TLC worker rmi://ip-10-33-145-51.eu-west-1.compute.internal:57723/5 disconnected (2012-11-08 10:18:01)
TLC worker connection lost rmi://ip-10-33-145-51.eu-west-1.compute.internal:57723/2 (2012-11-08 10:18:01)
TLC worker rmi://ip-10-33-145-51.eu-west-1.compute.internal:57723/2 disconnected (2012-11-08 10:18:01)
TLC worker connection lost rmi://ip-10-33-145-51.eu-west-1.compute.internal:57723/7 (2012-11-08 10:18:01)
TLC worker rmi://ip-10-33-145-51.eu-west-1.compute.internal:57723/7 disconnected (2012-11-08 10:18:01)
TLC worker connection lost rmi://ip-10-33-145-51.eu-west-1.compute.internal:57723/0 (2012-11-08 10:18:01)
TLC worker rmi://ip-10-33-145-51.eu-west-1.compute.internal:57723/0 disconnected (2012-11-08 10:18:01)
TLC worker connection lost rmi://ip-10-33-145-51.eu-west-1.compute.internal:57723/4 (2012-11-08 10:18:01)
TLC worker rmi://ip-10-33-145-51.eu-west-1.compute.internal:57723/4 disconnected (2012-11-08 10:18:01)
TLC worker connection lost rmi://ip-10-33-145-51.eu-west-1.compute.internal:57723/3 (2012-11-08 10:18:01)
TLC worker rmi://ip-10-33-145-51.eu-west-1.compute.internal:57723/3 disconnected (2012-11-08 10:18:01)
TLC worker connection lost rmi://ip-10-33-145-51.eu-west-1.compute.internal:57723/6 (2012-11-08 10:18:02)
TLC worker rmi://ip-10-33-145-51.eu-west-1.compute.internal:57723/6 disconnected (2012-11-08 10:18:02)
Progress(36) at 2012-11-08 10:18:35: 101128176 states generated (1,754,477 s/min), 12266257 distinct states found (177,349 ds/min), 1223185 states left on queue.
Registration for worker at rmi://ip-10-32-49-241.eu-west-1.compute.internal:45840/6 completed (2012-11-08 10:18:59)
Registration for worker at rmi://ip-10-32-49-241.eu-west-1.compute.internal:45840/5 completed (2012-11-08 10:18:59)
Registration for worker at rmi://ip-10-32-49-241.eu-west-1.compute.internal:45840/1 completed (2012-11-08 10:18:59)
Registration for worker at rmi://ip-10-32-49-241.eu-west-1.compute.internal:45840/7 completed (2012-11-08 10:18:59)
Registration for worker at rmi://ip-10-32-49-241.eu-west-1.compute.internal:45840/3 completed (2012-11-08 10:18:59)
Registration for worker at rmi://ip-10-32-49-241.eu-west-1.compute.internal:45840/4 completed (2012-11-08 10:18:59)
Registration for worker at rmi://ip-10-32-49-241.eu-west-1.compute.internal:45840/2 completed (2012-11-08 10:18:59)
Registration for worker at rmi://ip-10-32-49-241.eu-west-1.compute.internal:45840/0 completed (2012-11-08 10:18:59)
Progress(40) at 2012-11-08 10:19:35: 102313238 states generated (1,185,062 s/min), 12396943 distinct states found (130,686 ds/min), 1222070 states left on queue.
Registration for worker at rmi://ip-10-33-145-51.eu-west-1.compute.internal:57723/5 completed (2012-11-08 10:20:10)
Registration for worker at rmi://ip-10-33-145-51.eu-west-1.compute.internal:57723/2 completed (2012-11-08 10:20:10)
Registration for worker at rmi://ip-10-33-145-51.eu-west-1.compute.internal:57723/1 completed (2012-11-08 10:20:10)
Registration for worker at rmi://ip-10-33-145-51.eu-west-1.compute.internal:57723/0 completed (2012-11-08 10:20:10)
Registration for worker at rmi://ip-10-33-145-51.eu-west-1.compute.internal:57723/7 completed (2012-11-08 10:20:10)
Registration for worker at rmi://ip-10-33-145-51.eu-west-1.compute.internal:57723/6 completed (2012-11-08 10:20:10)
Registration for worker at rmi://ip-10-33-145-51.eu-west-1.compute.internal:57723/3 completed (2012-11-08 10:20:10)
Registration for worker at rmi://ip-10-33-145-51.eu-west-1.compute.internal:57723/4 completed (2012-11-08 10:20:10)
Progress(40) at 2012-11-08 10:20:35: 105837732 states generated (3,524,494 s/min), 12762797 distinct states found (365,854 ds/min), 1193082 states left on queue.
TLC worker connection lost rmi://ip-10-33-145-51.eu-west-1.compute.internal:57723/0 (2012-11-08 10:20:59)
TLC worker rmi://ip-10-33-145-51.eu-west-1.compute.internal:57723/0 disconnected (2012-11-08 10:20:59)
TLC worker connection lost rmi://ip-10-33-145-51.eu-west-1.compute.internal:57723/7 (2012-11-08 10:20:59)
TLC worker rmi://ip-10-33-145-51.eu-west-1.compute.internal:57723/7 disconnected (2012-11-08 10:20:59)
TLC worker connection lost rmi://ip-10-33-145-51.eu-west-1.compute.internal:57723/3 (2012-11-08 10:20:59)
TLC worker rmi://ip-10-33-145-51.eu-west-1.compute.internal:57723/3 disconnected (2012-11-08 10:20:59)
TLC worker connection lost rmi://ip-10-33-145-51.eu-west-1.compute.internal:57723/1 (2012-11-08 10:20:59)
TLC worker rmi://ip-10-33-145-51.eu-west-1.compute.internal:57723/1 disconnected (2012-11-08 10:20:59)
TLC worker connection lost rmi://ip-10-33-145-51.eu-west-1.compute.internal:57723/5 (2012-11-08 10:20:59)
TLC worker rmi://ip-10-33-145-51.eu-west-1.compute.internal:57723/5 disconnected (2012-11-08 10:20:59)
TLC worker connection lost rmi://ip-10-33-145-51.eu-west-1.compute.internal:57723/6 (2012-11-08 10:20:59)
TLC worker rmi://ip-10-33-145-51.eu-west-1.compute.internal:57723/6 disconnected (2012-11-08 10:20:59)
TLC worker connection lost rmi://ip-10-33-145-51.eu-west-1.compute.internal:57723/4 (2012-11-08 10:21:00)
TLC worker rmi://ip-10-33-145-51.eu-west-1.compute.internal:57723/4 disconnected (2012-11-08 10:21:00)
TLC worker connection lost rmi://ip-10-33-145-51.eu-west-1.compute.internal:57723/2 (2012-11-08 10:21:00)
TLC worker rmi://ip-10-33-145-51.eu-west-1.compute.internal:57723/2 disconnected (2012-11-08 10:21:00)
Progress(40) at 2012-11-08 10:21:35: 110473421 states generated (4,635,689 s/min), 13192038 distinct states found (429,241 ds/min), 1096502 states left on queue.
TLC worker connection lost rmi://ip-10-32-49-241.eu-west-1.compute.internal:45840/2 (2012-11-08 10:21:53)
TLC worker rmi://ip-10-32-49-241.eu-west-1.compute.internal:45840/2 disconnected (2012-11-08 10:21:53)
TLC worker connection lost rmi://ip-10-32-49-241.eu-west-1.compute.internal:45840/3 (2012-11-08 10:21:53)
TLC worker rmi://ip-10-32-49-241.eu-west-1.compute.internal:45840/3 disconnected (2012-11-08 10:21:53)
TLC worker connection lost rmi://ip-10-32-49-241.eu-west-1.compute.internal:45840/1 (2012-11-08 10:21:54)
TLC worker rmi://ip-10-32-49-241.eu-west-1.compute.internal:45840/1 disconnected (2012-11-08 10:21:54)
TLC worker connection lost rmi://ip-10-32-49-241.eu-west-1.compute.internal:45840/7 (2012-11-08 10:21:54)
TLC worker rmi://ip-10-32-49-241.eu-west-1.compute.internal:45840/7 disconnected (2012-11-08 10:21:54)
TLC worker connection lost rmi://ip-10-32-49-241.eu-west-1.compute.internal:45840/0 (2012-11-08 10:21:54)
TLC worker rmi://ip-10-32-49-241.eu-west-1.compute.internal:45840/0 disconnected (2012-11-08 10:21:54)
TLC worker connection lost rmi://ip-10-32-49-241.eu-west-1.compute.internal:45840/5 (2012-11-08 10:22:04)
TLC worker rmi://ip-10-32-49-241.eu-west-1.compute.internal:45840/5 disconnected (2012-11-08 10:22:04)
TLC worker connection lost rmi://ip-10-32-49-241.eu-west-1.compute.internal:45840/4 (2012-11-08 10:22:04)
TLC worker rmi://ip-10-32-49-241.eu-west-1.compute.internal:45840/4 disconnected (2012-11-08 10:22:04)
TLC worker connection lost rmi://ip-10-32-49-241.eu-west-1.compute.internal:45840/6 (2012-11-08 10:22:04)
TLC worker rmi://ip-10-32-49-241.eu-west-1.compute.internal:45840/6 disconnected (2012-11-08 10:22:04)
Registration for worker at rmi://ip-10-32-49-241.eu-west-1.compute.internal:45840/0 completed (2012-11-08 10:22:26)
Registration for worker at rmi://ip-10-32-49-241.eu-west-1.compute.internal:45840/7 completed (2012-11-08 10:22:26)
Registration for worker at rmi://ip-10-32-49-241.eu-west-1.compute.internal:45840/3 completed (2012-11-08 10:22:26)
Registration for worker at rmi://ip-10-32-49-241.eu-west-1.compute.internal:45840/6 completed (2012-11-08 10:22:26)
Registration for worker at rmi://ip-10-32-49-241.eu-west-1.compute.internal:45840/5 completed (2012-11-08 10:22:26)
Registration for worker at rmi://ip-10-32-49-241.eu-west-1.compute.internal:45840/4 completed (2012-11-08 10:22:26)
Registration for worker at rmi://ip-10-32-49-241.eu-west-1.compute.internal:45840/1 completed (2012-11-08 10:22:26)
Registration for worker at rmi://ip-10-32-49-241.eu-west-1.compute.internal:45840/2 completed (2012-11-08 10:22:26)
Registration for worker at rmi://ip-10-33-145-51.eu-west-1.compute.internal:57723/0 completed (2012-11-08 10:22:27)
Registration for worker at rmi://ip-10-33-145-51.eu-west-1.compute.internal:57723/4 completed (2012-11-08 10:22:27)
Registration for worker at rmi://ip-10-33-145-51.eu-west-1.compute.internal:57723/7 completed (2012-11-08 10:22:27)
Registration for worker at rmi://ip-10-33-145-51.eu-west-1.compute.internal:57723/5 completed (2012-11-08 10:22:27)
Registration for worker at rmi://ip-10-33-145-51.eu-west-1.compute.internal:57723/6 completed (2012-11-08 10:22:27)
Registration for worker at rmi://ip-10-33-145-51.eu-west-1.compute.internal:57723/2 completed (2012-11-08 10:22:27)
Registration for worker at rmi://ip-10-33-145-51.eu-west-1.compute.internal:57723/3 completed (2012-11-08 10:22:27)
Registration for worker at rmi://ip-10-33-145-51.eu-west-1.compute.internal:57723/1 completed (2012-11-08 10:22:27)
Progress(40) at 2012-11-08 10:22:35: 111860237 states generated (1,386,816 s/min), 13331436 distinct states found (139,398 ds/min), 1079969 states left on queue.
TLC worker connection lost rmi://ip-10-33-145-51.eu-west-1.compute.internal:57723/0 (2012-11-08 10:22:50)
TLC worker rmi://ip-10-33-145-51.eu-west-1.compute.internal:57723/0 disconnected (2012-11-08 10:22:50)
TLC worker connection lost rmi://ip-10-33-145-51.eu-west-1.compute.internal:57723/2 (2012-11-08 10:22:50)
TLC worker rmi://ip-10-33-145-51.eu-west-1.compute.internal:57723/2 disconnected (2012-11-08 10:22:50)
TLC worker connection lost rmi://ip-10-33-145-51.eu-west-1.compute.internal:57723/6 (2012-11-08 10:22:50)
TLC worker rmi://ip-10-33-145-51.eu-west-1.compute.internal:57723/6 disconnected (2012-11-08 10:22:50)
TLC worker connection lost rmi://ip-10-33-145-51.eu-west-1.compute.internal:57723/7 (2012-11-08 10:22:50)
TLC worker rmi://ip-10-33-145-51.eu-west-1.compute.internal:57723/7 disconnected (2012-11-08 10:22:50)
TLC worker connection lost rmi://ip-10-33-145-51.eu-west-1.compute.internal:57723/4 (2012-11-08 10:22:50)
TLC worker rmi://ip-10-33-145-51.eu-west-1.compute.internal:57723/4 disconnected (2012-11-08 10:22:50)
TLC worker connection lost rmi://ip-10-33-145-51.eu-west-1.compute.internal:57723/1 (2012-11-08 10:22:50)
TLC worker rmi://ip-10-33-145-51.eu-west-1.compute.internal:57723/1 disconnected (2012-11-08 10:22:50)
TLC worker connection lost rmi://ip-10-33-145-51.eu-west-1.compute.internal:57723/3 (2012-11-08 10:22:50)
TLC worker rmi://ip-10-33-145-51.eu-west-1.compute.internal:57723/3 disconnected (2012-11-08 10:22:50)
TLC worker connection lost rmi://ip-10-33-145-51.eu-west-1.compute.internal:57723/5 (2012-11-08 10:22:50)
TLC worker rmi://ip-10-33-145-51.eu-west-1.compute.internal:57723/5 disconnected (2012-11-08 10:22:50)
Progress(40) at 2012-11-08 10:23:35: 115953852 states generated (4,093,615 s/min), 13742915 distinct states found (411,479 ds/min), 1031168 states left on queue.
TLC worker connection lost rmi://ip-10-32-49-241.eu-west-1.compute.internal:45840/0 (2012-11-08 10:23:38)
TLC worker rmi://ip-10-32-49-241.eu-west-1.compute.internal:45840/0 disconnected (2012-11-08 10:23:38)
TLC worker connection lost rmi://ip-10-32-49-241.eu-west-1.compute.internal:45840/5 (2012-11-08 10:23:38)
TLC worker rmi://ip-10-32-49-241.eu-west-1.compute.internal:45840/5 disconnected (2012-11-08 10:23:38)
TLC worker connection lost rmi://ip-10-32-49-241.eu-west-1.compute.internal:45840/7 (2012-11-08 10:23:38)
TLC worker rmi://ip-10-32-49-241.eu-west-1.compute.internal:45840/7 disconnected (2012-11-08 10:23:38)
TLC worker connection lost rmi://ip-10-32-49-241.eu-west-1.compute.internal:45840/3 (2012-11-08 10:23:38)
TLC worker rmi://ip-10-32-49-241.eu-west-1.compute.internal:45840/3 disconnected (2012-11-08 10:23:38)
TLC worker connection lost rmi://ip-10-32-49-241.eu-west-1.compute.internal:45840/1 (2012-11-08 10:23:38)
TLC worker rmi://ip-10-32-49-241.eu-west-1.compute.internal:45840/1 disconnected (2012-11-08 10:23:38)
TLC worker connection lost rmi://ip-10-32-49-241.eu-west-1.compute.internal:45840/6 (2012-11-08 10:23:38)
TLC worker rmi://ip-10-32-49-241.eu-west-1.compute.internal:45840/6 disconnected (2012-11-08 10:23:38)
TLC worker connection lost rmi://ip-10-32-49-241.eu-west-1.compute.internal:45840/2 (2012-11-08 10:23:38)
TLC worker rmi://ip-10-32-49-241.eu-west-1.compute.internal:45840/2 disconnected (2012-11-08 10:23:38)
TLC worker connection lost rmi://ip-10-32-49-241.eu-west-1.compute.internal:45840/4 (2012-11-08 10:23:39)
TLC worker rmi://ip-10-32-49-241.eu-west-1.compute.internal:45840/4 disconnected (2012-11-08 10:23:39)
Registration for worker at rmi://ip-10-33-145-51.eu-west-1.compute.internal:57723/3 completed (2012-11-08 10:23:44)
Registration for worker at rmi://ip-10-33-145-51.eu-west-1.compute.internal:57723/7 completed (2012-11-08 10:23:44)
Registration for worker at rmi://ip-10-33-145-51.eu-west-1.compute.internal:57723/6 completed (2012-11-08 10:23:44)
Registration for worker at rmi://ip-10-33-145-51.eu-west-1.compute.internal:57723/5 completed (2012-11-08 10:23:44)
Registration for worker at rmi://ip-10-33-145-51.eu-west-1.compute.internal:57723/4 completed (2012-11-08 10:23:44)
Registration for worker at rmi://ip-10-33-145-51.eu-west-1.compute.internal:57723/1 completed (2012-11-08 10:23:44)
Registration for worker at rmi://ip-10-33-145-51.eu-west-1.compute.internal:57723/0 completed (2012-11-08 10:23:45)
Registration for worker at rmi://ip-10-33-145-51.eu-west-1.compute.internal:57723/2 completed (2012-11-08 10:23:45)
Progress(40) at 2012-11-08 10:24:35: 118829380 states generated (2,875,528 s/min), 13989715 distinct states found (246,800 ds/min), 949368 states left on queue.
TLC worker connection lost rmi://ip-10-33-145-51.eu-west-1.compute.internal:57723/4 (2012-11-08 10:24:40)
TLC worker rmi://ip-10-33-145-51.eu-west-1.compute.internal:57723/4 disconnected (2012-11-08 10:24:40)
TLC worker connection lost rmi://ip-10-33-145-51.eu-west-1.compute.internal:57723/0 (2012-11-08 10:24:40)
TLC worker rmi://ip-10-33-145-51.eu-west-1.compute.internal:57723/0 disconnected (2012-11-08 10:24:40)
TLC worker connection lost rmi://ip-10-33-145-51.eu-west-1.compute.internal:57723/1 (2012-11-08 10:24:40)
TLC worker rmi://ip-10-33-145-51.eu-west-1.compute.internal:57723/1 disconnected (2012-11-08 10:24:40)
TLC worker connection lost rmi://ip-10-33-145-51.eu-west-1.compute.internal:57723/7 (2012-11-08 10:24:40)
TLC worker rmi://ip-10-33-145-51.eu-west-1.compute.internal:57723/7 disconnected (2012-11-08 10:24:40)
TLC worker connection lost rmi://ip-10-33-145-51.eu-west-1.compute.internal:57723/3 (2012-11-08 10:24:41)
TLC worker rmi://ip-10-33-145-51.eu-west-1.compute.internal:57723/3 disconnected (2012-11-08 10:24:41)
TLC worker connection lost rmi://ip-10-33-145-51.eu-west-1.compute.internal:57723/6 (2012-11-08 10:24:41)
TLC worker rmi://ip-10-33-145-51.eu-west-1.compute.internal:57723/6 disconnected (2012-11-08 10:24:41)
TLC worker connection lost rmi://ip-10-33-145-51.eu-west-1.compute.internal:57723/2 (2012-11-08 10:24:41)
TLC worker rmi://ip-10-33-145-51.eu-west-1.compute.internal:57723/2 disconnected (2012-11-08 10:24:41)
TLC worker connection lost rmi://ip-10-33-145-51.eu-west-1.compute.internal:57723/5 (2012-11-08 10:24:41)
TLC worker rmi://ip-10-33-145-51.eu-west-1.compute.internal:57723/5 disconnected (2012-11-08 10:24:41)
Progress(40) at 2012-11-08 10:25:35: 119415158 states generated (585,778 s/min), 14051213 distinct states found (61,498 ds/min), 945330 states left on queue.
Registration for worker at rmi://ip-10-32-49-241.eu-west-1.compute.internal:45840/0 completed (2012-11-08 10:25:41)
Registration for worker at rmi://ip-10-32-49-241.eu-west-1.compute.internal:45840/7 completed (2012-11-08 10:25:41)
Registration for worker at rmi://ip-10-32-49-241.eu-west-1.compute.internal:45840/3 completed (2012-11-08 10:25:41)
Registration for worker at rmi://ip-10-32-49-241.eu-west-1.compute.internal:45840/6 completed (2012-11-08 10:25:41)
Registration for worker at rmi://ip-10-32-49-241.eu-west-1.compute.internal:45840/1 completed (2012-11-08 10:25:41)
Registration for worker at rmi://ip-10-32-49-241.eu-west-1.compute.internal:45840/5 completed (2012-11-08 10:25:41)
Registration for worker at rmi://ip-10-32-49-241.eu-west-1.compute.internal:45840/4 completed (2012-11-08 10:25:41)
Registration for worker at rmi://ip-10-32-49-241.eu-west-1.compute.internal:45840/2 completed (2012-11-08 10:25:41)
Registration for worker at rmi://ip-10-33-145-51.eu-west-1.compute.internal:57723/1 completed (2012-11-08 10:26:33)
Registration for worker at rmi://ip-10-33-145-51.eu-west-1.compute.internal:57723/6 completed (2012-11-08 10:26:33)
Registration for worker at rmi://ip-10-33-145-51.eu-west-1.compute.internal:57723/7 completed (2012-11-08 10:26:33)
Registration for worker at rmi://ip-10-33-145-51.eu-west-1.compute.internal:57723/5 completed (2012-11-08 10:26:33)
Registration for worker at rmi://ip-10-33-145-51.eu-west-1.compute.internal:57723/0 completed (2012-11-08 10:26:33)
Registration for worker at rmi://ip-10-33-145-51.eu-west-1.compute.internal:57723/3 completed (2012-11-08 10:26:33)
Registration for worker at rmi://ip-10-33-145-51.eu-west-1.compute.internal:57723/2 completed (2012-11-08 10:26:33)
Registration for worker at rmi://ip-10-33-145-51.eu-west-1.compute.internal:57723/4 completed (2012-11-08 10:26:33)
Progress(40) at 2012-11-08 10:26:35: 121748675 states generated (2,333,517 s/min), 14280690 distinct states found (229,477 ds/min), 911794 states left on queue.
Progress(40) at 2012-11-08 10:27:35: 127525047 states generated (5,776,372 s/min), 14799998 distinct states found (519,308 ds/min), 773949 states left on queue.
TLC worker connection lost rmi://ip-10-32-49-241.eu-west-1.compute.internal:45840/6 (2012-11-08 10:28:06)
TLC worker rmi://ip-10-32-49-241.eu-west-1.compute.internal:45840/6 disconnected (2012-11-08 10:28:06)
TLC worker connection lost rmi://ip-10-32-49-241.eu-west-1.compute.internal:45840/3 (2012-11-08 10:28:06)
TLC worker rmi://ip-10-32-49-241.eu-west-1.compute.internal:45840/3 disconnected (2012-11-08 10:28:06)
TLC worker connection lost rmi://ip-10-32-49-241.eu-west-1.compute.internal:45840/0 (2012-11-08 10:28:06)
TLC worker rmi://ip-10-32-49-241.eu-west-1.compute.internal:45840/0 disconnected (2012-11-08 10:28:06)
TLC worker connection lost rmi://ip-10-32-49-241.eu-west-1.compute.internal:45840/4 (2012-11-08 10:28:06)
TLC worker rmi://ip-10-32-49-241.eu-west-1.compute.internal:45840/4 disconnected (2012-11-08 10:28:06)
TLC worker connection lost rmi://ip-10-32-49-241.eu-west-1.compute.internal:45840/7 (2012-11-08 10:28:06)
TLC worker rmi://ip-10-32-49-241.eu-west-1.compute.internal:45840/7 disconnected (2012-11-08 10:28:06)
TLC worker connection lost rmi://ip-10-32-49-241.eu-west-1.compute.internal:45840/1 (2012-11-08 10:28:06)
TLC worker rmi://ip-10-32-49-241.eu-west-1.compute.internal:45840/1 disconnected (2012-11-08 10:28:06)
TLC worker connection lost rmi://ip-10-32-49-241.eu-west-1.compute.internal:45840/2 (2012-11-08 10:28:06)
TLC worker rmi://ip-10-32-49-241.eu-west-1.compute.internal:45840/2 disconnected (2012-11-08 10:28:06)
TLC worker connection lost rmi://ip-10-32-49-241.eu-west-1.compute.internal:45840/5 (2012-11-08 10:28:06)
TLC worker rmi://ip-10-32-49-241.eu-west-1.compute.internal:45840/5 disconnected (2012-11-08 10:28:06)
Progress(40) at 2012-11-08 10:28:35: 132159495 states generated (4,634,448 s/min), 15231702 distinct states found (431,704 ds/min), 680295 states left on queue.
TLC worker connection lost rmi://ip-10-33-145-51.eu-west-1.compute.internal:57723/7 (2012-11-08 10:28:36)
TLC worker rmi://ip-10-33-145-51.eu-west-1.compute.internal:57723/7 disconnected (2012-11-08 10:28:36)
TLC worker connection lost rmi://ip-10-33-145-51.eu-west-1.compute.internal:57723/1 (2012-11-08 10:28:36)
TLC worker rmi://ip-10-33-145-51.eu-west-1.compute.internal:57723/1 disconnected (2012-11-08 10:28:36)
TLC worker connection lost rmi://ip-10-33-145-51.eu-west-1.compute.internal:57723/6 (2012-11-08 10:28:36)
TLC worker rmi://ip-10-33-145-51.eu-west-1.compute.internal:57723/6 disconnected (2012-11-08 10:28:36)
TLC worker connection lost rmi://ip-10-33-145-51.eu-west-1.compute.internal:57723/0 (2012-11-08 10:28:36)
TLC worker rmi://ip-10-33-145-51.eu-west-1.compute.internal:57723/0 disconnected (2012-11-08 10:28:36)
TLC worker connection lost rmi://ip-10-33-145-51.eu-west-1.compute.internal:57723/2 (2012-11-08 10:28:36)
TLC worker rmi://ip-10-33-145-51.eu-west-1.compute.internal:57723/2 disconnected (2012-11-08 10:28:36)
TLC worker connection lost rmi://ip-10-33-145-51.eu-west-1.compute.internal:57723/4 (2012-11-08 10:28:36)
TLC worker rmi://ip-10-33-145-51.eu-west-1.compute.internal:57723/4 disconnected (2012-11-08 10:28:36)
TLC worker connection lost rmi://ip-10-33-145-51.eu-west-1.compute.internal:57723/3 (2012-11-08 10:28:36)
TLC worker rmi://ip-10-33-145-51.eu-west-1.compute.internal:57723/3 disconnected (2012-11-08 10:28:36)
TLC worker connection lost rmi://ip-10-33-145-51.eu-west-1.compute.internal:57723/5 (2012-11-08 10:28:36)
TLC worker rmi://ip-10-33-145-51.eu-west-1.compute.internal:57723/5 disconnected (2012-11-08 10:28:36)
Registration for worker at rmi://ip-10-32-49-241.eu-west-1.compute.internal:45840/5 completed (2012-11-08 10:29:01)
Registration for worker at rmi://ip-10-32-49-241.eu-west-1.compute.internal:45840/1 completed (2012-11-08 10:29:01)
Registration for worker at rmi://ip-10-32-49-241.eu-west-1.compute.internal:45840/3 completed (2012-11-08 10:29:01)
Registration for worker at rmi://ip-10-32-49-241.eu-west-1.compute.internal:45840/7 completed (2012-11-08 10:29:01)
Registration for worker at rmi://ip-10-32-49-241.eu-west-1.compute.internal:45840/4 completed (2012-11-08 10:29:01)
Registration for worker at rmi://ip-10-32-49-241.eu-west-1.compute.internal:45840/0 completed (2012-11-08 10:29:01)
Registration for worker at rmi://ip-10-32-49-241.eu-west-1.compute.internal:45840/2 completed (2012-11-08 10:29:01)
Registration for worker at rmi://ip-10-32-49-241.eu-west-1.compute.internal:45840/6 completed (2012-11-08 10:29:01)
Registration for worker at rmi://ip-10-33-145-51.eu-west-1.compute.internal:57723/0 completed (2012-11-08 10:29:08)
Registration for worker at rmi://ip-10-33-145-51.eu-west-1.compute.internal:57723/7 completed (2012-11-08 10:29:08)
Registration for worker at rmi://ip-10-33-145-51.eu-west-1.compute.internal:57723/6 completed (2012-11-08 10:29:08)
Registration for worker at rmi://ip-10-33-145-51.eu-west-1.compute.internal:57723/4 completed (2012-11-08 10:29:08)
Registration for worker at rmi://ip-10-33-145-51.eu-west-1.compute.internal:57723/2 completed (2012-11-08 10:29:08)
Registration for worker at rmi://ip-10-33-145-51.eu-west-1.compute.internal:57723/3 completed (2012-11-08 10:29:08)
Registration for worker at rmi://ip-10-33-145-51.eu-west-1.compute.internal:57723/5 completed (2012-11-08 10:29:08)
Registration for worker at rmi://ip-10-33-145-51.eu-west-1.compute.internal:57723/1 completed (2012-11-08 10:29:08)
Progress(45) at 2012-11-08 10:29:35: 135028477 states generated (2,868,982 s/min), 15475484 distinct states found (243,782 ds/min), 595918 states left on queue.
Progress(45) at 2012-11-08 10:30:35: 140769462 states generated (5,740,985 s/min), 15966197 distinct states found (490,713 ds/min), 430327 states left on queue.
TLC worker connection lost rmi://ip-10-32-49-241.eu-west-1.compute.internal:45840/0 (2012-11-08 10:30:55)
TLC worker rmi://ip-10-32-49-241.eu-west-1.compute.internal:45840/0 disconnected (2012-11-08 10:30:55)
TLC worker connection lost rmi://ip-10-32-49-241.eu-west-1.compute.internal:45840/5 (2012-11-08 10:30:55)
TLC worker rmi://ip-10-32-49-241.eu-west-1.compute.internal:45840/5 disconnected (2012-11-08 10:30:55)
TLC worker connection lost rmi://ip-10-32-49-241.eu-west-1.compute.internal:45840/2 (2012-11-08 10:30:56)
TLC worker rmi://ip-10-32-49-241.eu-west-1.compute.internal:45840/2 disconnected (2012-11-08 10:30:56)
TLC worker connection lost rmi://ip-10-32-49-241.eu-west-1.compute.internal:45840/3 (2012-11-08 10:30:56)
TLC worker rmi://ip-10-32-49-241.eu-west-1.compute.internal:45840/3 disconnected (2012-11-08 10:30:56)
TLC worker connection lost rmi://ip-10-32-49-241.eu-west-1.compute.internal:45840/4 (2012-11-08 10:30:56)
TLC worker connection lost rmi://ip-10-32-49-241.eu-west-1.compute.internal:45840/7 (2012-11-08 10:30:56)
TLC worker rmi://ip-10-32-49-241.eu-west-1.compute.internal:45840/4 disconnected (2012-11-08 10:30:56)
TLC worker rmi://ip-10-32-49-241.eu-west-1.compute.internal:45840/7 disconnected (2012-11-08 10:30:56)
TLC worker connection lost rmi://ip-10-32-49-241.eu-west-1.compute.internal:45840/6 (2012-11-08 10:30:56)
TLC worker rmi://ip-10-32-49-241.eu-west-1.compute.internal:45840/6 disconnected (2012-11-08 10:30:56)
TLC worker connection lost rmi://ip-10-32-49-241.eu-west-1.compute.internal:45840/1 (2012-11-08 10:30:56)
TLC worker rmi://ip-10-32-49-241.eu-west-1.compute.internal:45840/1 disconnected (2012-11-08 10:30:56)
Progress(45) at 2012-11-08 10:31:35: 144765583 states generated (3,996,121 s/min), 16288878 distinct states found (322,681 ds/min), 293815 states left on queue.
TLC worker connection lost rmi://ip-10-33-145-51.eu-west-1.compute.internal:57723/1 (2012-11-08 10:31:40)
TLC worker rmi://ip-10-33-145-51.eu-west-1.compute.internal:57723/1 disconnected (2012-11-08 10:31:40)
TLC worker connection lost rmi://ip-10-33-145-51.eu-west-1.compute.internal:57723/7 (2012-11-08 10:31:40)
TLC worker rmi://ip-10-33-145-51.eu-west-1.compute.internal:57723/7 disconnected (2012-11-08 10:31:40)
TLC worker connection lost rmi://ip-10-33-145-51.eu-west-1.compute.internal:57723/5 (2012-11-08 10:31:40)
TLC worker rmi://ip-10-33-145-51.eu-west-1.compute.internal:57723/5 disconnected (2012-11-08 10:31:40)
TLC worker connection lost rmi://ip-10-33-145-51.eu-west-1.compute.internal:57723/6 (2012-11-08 10:31:40)
TLC worker rmi://ip-10-33-145-51.eu-west-1.compute.internal:57723/6 disconnected (2012-11-08 10:31:40)
TLC worker connection lost rmi://ip-10-33-145-51.eu-west-1.compute.internal:57723/3 (2012-11-08 10:31:41)
TLC worker rmi://ip-10-33-145-51.eu-west-1.compute.internal:57723/3 disconnected (2012-11-08 10:31:41)
TLC worker connection lost rmi://ip-10-33-145-51.eu-west-1.compute.internal:57723/2 (2012-11-08 10:31:41)
TLC worker rmi://ip-10-33-145-51.eu-west-1.compute.internal:57723/2 disconnected (2012-11-08 10:31:41)
TLC worker connection lost rmi://ip-10-33-145-51.eu-west-1.compute.internal:57723/0 (2012-11-08 10:31:41)
TLC worker rmi://ip-10-33-145-51.eu-west-1.compute.internal:57723/0 disconnected (2012-11-08 10:31:41)
TLC worker connection lost rmi://ip-10-33-145-51.eu-west-1.compute.internal:57723/4 (2012-11-08 10:31:42)
TLC worker rmi://ip-10-33-145-51.eu-west-1.compute.internal:57723/4 disconnected (2012-11-08 10:31:42)
Registration for worker at rmi://ip-10-32-49-241.eu-west-1.compute.internal:45840/1 completed (2012-11-08 10:32:26)
Registration for worker at rmi://ip-10-32-49-241.eu-west-1.compute.internal:45840/6 completed (2012-11-08 10:32:26)
Registration for worker at rmi://ip-10-32-49-241.eu-west-1.compute.internal:45840/5 completed (2012-11-08 10:32:26)
Registration for worker at rmi://ip-10-32-49-241.eu-west-1.compute.internal:45840/7 completed (2012-11-08 10:32:26)
Registration for worker at rmi://ip-10-32-49-241.eu-west-1.compute.internal:45840/2 completed (2012-11-08 10:32:26)
Registration for worker at rmi://ip-10-32-49-241.eu-west-1.compute.internal:45840/3 completed (2012-11-08 10:32:26)
Registration for worker at rmi://ip-10-32-49-241.eu-west-1.compute.internal:45840/0 completed (2012-11-08 10:32:26)
Registration for worker at rmi://ip-10-32-49-241.eu-west-1.compute.internal:45840/4 completed (2012-11-08 10:32:26)
Progress(45) at 2012-11-08 10:32:35: 145346014 states generated (580,431 s/min), 16345029 distinct states found (56,151 ds/min), 284430 states left on queue.
Registration for worker at rmi://ip-10-33-145-51.eu-west-1.compute.internal:57723/5 completed (2012-11-08 10:32:43)
Registration for worker at rmi://ip-10-33-145-51.eu-west-1.compute.internal:57723/7 completed (2012-11-08 10:32:43)
Registration for worker at rmi://ip-10-33-145-51.eu-west-1.compute.internal:57723/2 completed (2012-11-08 10:32:43)
Registration for worker at rmi://ip-10-33-145-51.eu-west-1.compute.internal:57723/3 completed (2012-11-08 10:32:43)
Registration for worker at rmi://ip-10-33-145-51.eu-west-1.compute.internal:57723/1 completed (2012-11-08 10:32:43)
Registration for worker at rmi://ip-10-33-145-51.eu-west-1.compute.internal:57723/0 completed (2012-11-08 10:32:43)
Registration for worker at rmi://ip-10-33-145-51.eu-west-1.compute.internal:57723/6 completed (2012-11-08 10:32:43)
Registration for worker at rmi://ip-10-33-145-51.eu-west-1.compute.internal:57723/4 completed (2012-11-08 10:32:43)
TLC worker connection lost rmi://ip-10-32-49-241.eu-west-1.compute.internal:45840/6 (2012-11-08 10:33:26)
TLC worker rmi://ip-10-32-49-241.eu-west-1.compute.internal:45840/6 disconnected (2012-11-08 10:33:26)
TLC worker connection lost rmi://ip-10-32-49-241.eu-west-1.compute.internal:45840/1 (2012-11-08 10:33:26)
TLC worker rmi://ip-10-32-49-241.eu-west-1.compute.internal:45840/1 disconnected (2012-11-08 10:33:26)
TLC worker connection lost rmi://ip-10-32-49-241.eu-west-1.compute.internal:45840/0 (2012-11-08 10:33:27)
TLC worker rmi://ip-10-32-49-241.eu-west-1.compute.internal:45840/0 disconnected (2012-11-08 10:33:27)
TLC worker connection lost rmi://ip-10-32-49-241.eu-west-1.compute.internal:45840/5 (2012-11-08 10:33:27)
TLC worker rmi://ip-10-32-49-241.eu-west-1.compute.internal:45840/5 disconnected (2012-11-08 10:33:27)
TLC worker connection lost rmi://ip-10-32-49-241.eu-west-1.compute.internal:45840/4 (2012-11-08 10:33:27)
TLC worker rmi://ip-10-32-49-241.eu-west-1.compute.internal:45840/4 disconnected (2012-11-08 10:33:27)
TLC worker connection lost rmi://ip-10-32-49-241.eu-west-1.compute.internal:45840/3 (2012-11-08 10:33:27)
TLC worker rmi://ip-10-32-49-241.eu-west-1.compute.internal:45840/3 disconnected (2012-11-08 10:33:27)
TLC worker connection lost rmi://ip-10-32-49-241.eu-west-1.compute.internal:45840/7 (2012-11-08 10:33:27)
TLC worker rmi://ip-10-32-49-241.eu-west-1.compute.internal:45840/7 disconnected (2012-11-08 10:33:27)
TLC worker connection lost rmi://ip-10-32-49-241.eu-west-1.compute.internal:45840/2 (2012-11-08 10:33:27)
TLC worker rmi://ip-10-32-49-241.eu-west-1.compute.internal:45840/2 disconnected (2012-11-08 10:33:27)
Progress(45) at 2012-11-08 10:33:35: 150443399 states generated (5,097,385 s/min), 16723194 distinct states found (378,165 ds/min), 72675 states left on queue.
Worker: rmi://ip-10-33-145-51.eu-west-1.compute.internal:57723/4 Sent: 49118 Rcvd: 31408 CacheRatio: 0.04 (2012-11-08 10:33:50)
Worker: rmi://ip-10-33-145-51.eu-west-1.compute.internal:57723/0 Sent: 48396 Rcvd: 40239 CacheRatio: 0.03 (2012-11-08 10:33:50)
Worker: rmi://ip-10-33-145-51.eu-west-1.compute.internal:57723/3 Sent: 48416 Rcvd: 41472 CacheRatio: 0.03 (2012-11-08 10:33:50)
Worker: rmi://ip-10-33-145-51.eu-west-1.compute.internal:57723/6 Sent: 48173 Rcvd: 34523 CacheRatio: 0.04 (2012-11-08 10:33:50)
Worker: rmi://ip-10-33-145-51.eu-west-1.compute.internal:57723/1 Sent: 48772 Rcvd: 48977 CacheRatio: 0.03 (2012-11-08 10:33:50)
Worker: rmi://ip-10-33-145-51.eu-west-1.compute.internal:57723/7 Sent: 49164 Rcvd: 24810 CacheRatio: 0.03 (2012-11-08 10:33:50)
Worker: rmi://ip-10-33-145-51.eu-west-1.compute.internal:57723/5 Sent: 48354 Rcvd: 24567 CacheRatio: 0.03 (2012-11-08 10:33:50)
Worker: rmi://ip-10-33-145-51.eu-west-1.compute.internal:57723/2 Sent: 48427 Rcvd: 36793 CacheRatio: 0.03 (2012-11-08 10:33:50)
Model checking completed. No error has been found.
  Estimates of the probability that TLC did not check all reachable states
  because two distinct states had the same fingerprint:
  calculated (optimistic):  val = 0.0
  based on the actual fingerprints:  val = 7.9E-11
151510867 states generated, 16777216 distinct states found, 0 states left on queue.
The depth of the complete state graph search is 47.
Finished. (2012-11-08 10:34:07)
ip-10-32-44-141, work completed. Thank you!
