Listening for transport dt_socket at address: 1044
TLC Server Version 2.05 of 18 May 2012
Parsing file /mnt/tlc/3073/spec/l10_n8.tla
Parsing file /mnt/tlc/3073/spec/GridPerformanceTest.tla
Parsing file /mnt/tlc/3073/tla/tla2sany/StandardModules/TLC.tla
Parsing file /mnt/tlc/3073/tla/tla2sany/StandardModules/Integers.tla
Parsing file /mnt/tlc/3073/tla/tla2sany/StandardModules/FiniteSets.tla
Parsing file /mnt/tlc/3073/tla/tla2sany/StandardModules/Naturals.tla
Parsing file /mnt/tlc/3073/tla/tla2sany/StandardModules/Sequences.tla
Semantic processing of module Naturals
Semantic processing of module Integers
Semantic processing of module Sequences
Semantic processing of module FiniteSets
Semantic processing of module GridPerformanceTest
Semantic processing of module TLC
Semantic processing of module l10_n8
Starting... (2012-09-06 18:23:11)
Computing initial states...
Finished computing initial states: 1 distinct state(s) generated.
TLC server at ip-10-240-25-15 is ready (2012-09-06 18:23:52)
Registration for worker at rmi://ip-10-240-21-53.eu-west-1.compute.internal:49935 completed (2012-09-06 18:24:03)
Registration for worker at rmi://ip-10-240-21-53.eu-west-1.compute.internal:49935 completed (2012-09-06 18:24:03)
Registration for worker at rmi://ip-10-240-21-53.eu-west-1.compute.internal:49935 completed (2012-09-06 18:24:03)
Registration for worker at rmi://ip-10-240-21-53.eu-west-1.compute.internal:49935 completed (2012-09-06 18:24:03)
Registration for worker at rmi://ip-10-240-21-53.eu-west-1.compute.internal:49935 completed (2012-09-06 18:24:03)
Registration for worker at rmi://ip-10-240-21-53.eu-west-1.compute.internal:49935 completed (2012-09-06 18:24:03)
Registration for worker at rmi://ip-10-240-21-53.eu-west-1.compute.internal:49935 completed (2012-09-06 18:24:03)
Registration for worker at rmi://ip-10-240-21-53.eu-west-1.compute.internal:49935 completed (2012-09-06 18:24:03)
Registration for worker at rmi://ip-10-240-22-151.eu-west-1.compute.internal:37039 completed (2012-09-06 18:24:04)
Registration for worker at rmi://ip-10-240-22-151.eu-west-1.compute.internal:37039 completed (2012-09-06 18:24:04)
Registration for worker at rmi://ip-10-240-22-151.eu-west-1.compute.internal:37039 completed (2012-09-06 18:24:04)
Registration for worker at rmi://ip-10-240-22-151.eu-west-1.compute.internal:37039 completed (2012-09-06 18:24:04)
Registration for worker at rmi://ip-10-240-22-151.eu-west-1.compute.internal:37039 completed (2012-09-06 18:24:04)
Registration for worker at rmi://ip-10-240-22-151.eu-west-1.compute.internal:37039 completed (2012-09-06 18:24:04)
Registration for worker at rmi://ip-10-240-22-151.eu-west-1.compute.internal:37039 completed (2012-09-06 18:24:04)
Registration for worker at rmi://ip-10-240-22-151.eu-west-1.compute.internal:37039 completed (2012-09-06 18:24:04)
Error: TLC threw an unexpected exception.
This was probably caused by an error in the spec or model.
See the TLC Console for clues to what happened.
The exception was a java.rmi.NoSuchObjectException: no such object in tablejava.rmi.NoSuchObjectException: no such object in table
	at sun.rmi.transport.StreamRemoteCall.exceptionReceivedFromServer(Unknown Source)
	at sun.rmi.transport.StreamRemoteCall.executeCall(Unknown Source)
	at sun.rmi.server.UnicastRef.invoke(Unknown Source)
	at java.rmi.server.RemoteObjectInvocationHandler.invokeRemoteMethod(Unknown Source)
	at java.rmi.server.RemoteObjectInvocationHandler.invoke(Unknown Source)
	at $Proxy2.getCacheRateRatio(Unknown Source)
	at tlc2.tool.distributed.TLCWorkerSmartProxy.getCacheRateRatio(TLCWorkerSmartProxy.java:104)
	at tlc2.tool.distributed.TLCServerThread.run(TLCServerThread.java:202)

Worker: rmi://ip-10-240-21-53.eu-west-1.compute.internal:49935 Sent: 23962 Rcvd: 52136 CacheRatio: 0.064 (2012-09-06 18:24:39)
Worker: rmi://ip-10-240-21-53.eu-west-1.compute.internal:49935 Sent: 24073 Rcvd: 50120 CacheRatio: 0.063 (2012-09-06 18:24:39)
Worker: rmi://ip-10-240-21-53.eu-west-1.compute.internal:49935 Sent: 25398 Rcvd: 32101 CacheRatio: 0.066 (2012-09-06 18:24:41)
Worker: rmi://ip-10-240-22-151.eu-west-1.compute.internal:37039 Sent: 29684 Rcvd: 36333 CacheRatio: 0.117 (2012-09-06 18:24:49)
Ignoring attempt to exit dead worker
Worker: rmi://ip-10-240-22-151.eu-west-1.compute.internal:37039 Sent: 25648 Rcvd: 51484 CacheRatio: 0.070 (2012-09-06 18:24:49)
Ignoring attempt to exit dead worker
Worker: rmi://ip-10-240-22-151.eu-west-1.compute.internal:37039 Sent: 23649 Rcvd: 42624 CacheRatio: 0.075 (2012-09-06 18:24:49)
Ignoring attempt to exit dead worker
Worker: rmi://ip-10-240-21-53.eu-west-1.compute.internal:49935 Sent: 28936 Rcvd: 55358 CacheRatio: 0.060 (2012-09-06 18:24:49)
Worker: rmi://ip-10-240-21-53.eu-west-1.compute.internal:49935 Sent: 23436 Rcvd: 43102 CacheRatio: 0.068 (2012-09-06 18:24:49)
Worker: rmi://ip-10-240-21-53.eu-west-1.compute.internal:49935 Sent: 29546 Rcvd: 56290 CacheRatio: 0.056 (2012-09-06 18:24:49)
Worker: rmi://ip-10-240-21-53.eu-west-1.compute.internal:49935 Sent: 31533 Rcvd: 69741 CacheRatio: 0.066 (2012-09-06 18:24:49)
Worker: rmi://ip-10-240-22-151.eu-west-1.compute.internal:37039 Sent: 22040 Rcvd: 25281 CacheRatio: 0.099 (2012-09-06 18:24:49)
Ignoring attempt to exit dead worker
Worker: rmi://ip-10-240-22-151.eu-west-1.compute.internal:37039 Sent: 22833 Rcvd: 33198 CacheRatio: 0.097 (2012-09-06 18:24:49)
Ignoring attempt to exit dead worker
Worker: rmi://ip-10-240-22-151.eu-west-1.compute.internal:37039 Sent: 23387 Rcvd: 48425 CacheRatio: 0.105 (2012-09-06 18:24:49)
Ignoring attempt to exit dead worker
Worker: rmi://ip-10-240-22-151.eu-west-1.compute.internal:37039 Sent: 22878 Rcvd: 36878 CacheRatio: 0.084 (2012-09-06 18:24:49)
Ignoring attempt to exit dead worker
Worker: rmi://ip-10-240-22-151.eu-west-1.compute.internal:37039 Sent: 22539 Rcvd: 34188 CacheRatio: 0.112 (2012-09-06 18:24:49)
Ignoring attempt to exit dead worker
Worker: rmi://ip-10-240-21-53.eu-west-1.compute.internal:49935 Sent: 24041 Rcvd: 43257 CacheRatio: 0.066 (2012-09-06 18:24:49)
Model checking completed. No error has been found.
  Estimates of the probability that TLC did not check all reachable states
  because two distinct states had the same fingerprint:
  calculated (optimistic):  val = 0.0
  based on the actual fingerprints:  val = 6.2E-11
705063 states generated, 693125 distinct states found, 289542 states left on queue.
The depth of the complete state graph search is 17.
Finished. (2012-09-06 18:25:12)
ip-10-240-25-15, work completed. Thank you!
