Listening for transport dt_socket at address: 1044
TLC Server Version 2.05 of 18 May 2012
Parsing file /mnt/tlc/3188/spec/l10_n8.tla
Parsing file /mnt/tlc/3188/spec/GridPerformanceTest.tla
Parsing file /mnt/tlc/3188/tla/tla2sany/StandardModules/TLC.tla
Parsing file /mnt/tlc/3188/tla/tla2sany/StandardModules/Integers.tla
Parsing file /mnt/tlc/3188/tla/tla2sany/StandardModules/FiniteSets.tla
Parsing file /mnt/tlc/3188/tla/tla2sany/StandardModules/Naturals.tla
Parsing file /mnt/tlc/3188/tla/tla2sany/StandardModules/Sequences.tla
Semantic processing of module Naturals
Semantic processing of module Integers
Semantic processing of module Sequences
Semantic processing of module FiniteSets
Semantic processing of module GridPerformanceTest
Semantic processing of module TLC
Semantic processing of module l10_n8
Starting... (2012-09-09 09:19:00)
Computing initial states...
Finished computing initial states: 1 distinct state(s) generated.
TLC server at ip-10-240-25-190 is ready (2012-09-09 09:19:41)
Registration for worker at rmi://ip-10-240-21-161.eu-west-1.compute.internal:52907/0 completed (2012-09-09 09:19:51)
Registration for worker at rmi://ip-10-240-21-161.eu-west-1.compute.internal:52907/7 completed (2012-09-09 09:19:51)
Registration for worker at rmi://ip-10-240-21-161.eu-west-1.compute.internal:52907/4 completed (2012-09-09 09:19:51)
Registration for worker at rmi://ip-10-240-21-161.eu-west-1.compute.internal:52907/6 completed (2012-09-09 09:19:51)
Registration for worker at rmi://ip-10-240-21-161.eu-west-1.compute.internal:52907/5 completed (2012-09-09 09:19:51)
Registration for worker at rmi://ip-10-240-21-161.eu-west-1.compute.internal:52907/2 completed (2012-09-09 09:19:51)
Registration for worker at rmi://ip-10-240-21-161.eu-west-1.compute.internal:52907/1 completed (2012-09-09 09:19:51)
Registration for worker at rmi://ip-10-240-21-161.eu-west-1.compute.internal:52907/3 completed (2012-09-09 09:19:51)
Registration for worker at rmi://ip-10-240-21-8.eu-west-1.compute.internal:42793/3 completed (2012-09-09 09:19:52)
Registration for worker at rmi://ip-10-240-21-8.eu-west-1.compute.internal:42793/4 completed (2012-09-09 09:19:52)
Registration for worker at rmi://ip-10-240-21-8.eu-west-1.compute.internal:42793/6 completed (2012-09-09 09:19:52)
Registration for worker at rmi://ip-10-240-21-8.eu-west-1.compute.internal:42793/2 completed (2012-09-09 09:19:52)
Registration for worker at rmi://ip-10-240-21-8.eu-west-1.compute.internal:42793/5 completed (2012-09-09 09:19:52)
Registration for worker at rmi://ip-10-240-21-8.eu-west-1.compute.internal:42793/0 completed (2012-09-09 09:19:52)
Registration for worker at rmi://ip-10-240-21-8.eu-west-1.compute.internal:42793/7 completed (2012-09-09 09:19:52)
Registration for worker at rmi://ip-10-240-21-8.eu-west-1.compute.internal:42793/1 completed (2012-09-09 09:19:52)
Progress(18) at 2012-09-09 09:20:41: 3832474 states generated (3,832,474 s/min), 696716 distinct states found (696,716 ds/min), 304706 states left on queue.
TLC worker connection lost rmi://ip-10-240-21-161.eu-west-1.compute.internal:52907/6 (2012-09-09 09:20:56)
TLC worker rmi://ip-10-240-21-161.eu-west-1.compute.internal:52907/6 disconnected (2012-09-09 09:20:56)
Warning: Failed to read remote worker cache statistic (Expect to see a negative chache hit rate. Does not invalid model checking results)
(Use the -nowarning option to disable this warning.)
TLC worker connection lost rmi://ip-10-240-21-161.eu-west-1.compute.internal:52907/1 (2012-09-09 09:20:56)
TLC worker rmi://ip-10-240-21-161.eu-west-1.compute.internal:52907/1 disconnected (2012-09-09 09:20:56)
TLC worker connection lost rmi://ip-10-240-21-161.eu-west-1.compute.internal:52907/3 (2012-09-09 09:20:57)
TLC worker rmi://ip-10-240-21-161.eu-west-1.compute.internal:52907/3 disconnected (2012-09-09 09:20:57)
TLC worker connection lost rmi://ip-10-240-21-161.eu-west-1.compute.internal:52907/2 (2012-09-09 09:20:58)
TLC worker rmi://ip-10-240-21-161.eu-west-1.compute.internal:52907/2 disconnected (2012-09-09 09:20:58)
TLC worker connection lost rmi://ip-10-240-21-161.eu-west-1.compute.internal:52907/5 (2012-09-09 09:21:02)
TLC worker rmi://ip-10-240-21-161.eu-west-1.compute.internal:52907/5 disconnected (2012-09-09 09:21:02)
TLC worker connection lost rmi://ip-10-240-21-8.eu-west-1.compute.internal:42793/1 (2012-09-09 09:21:02)
TLC worker rmi://ip-10-240-21-8.eu-west-1.compute.internal:42793/1 disconnected (2012-09-09 09:21:02)
TLC worker connection lost rmi://ip-10-240-21-8.eu-west-1.compute.internal:42793/6 (2012-09-09 09:21:02)
TLC worker rmi://ip-10-240-21-8.eu-west-1.compute.internal:42793/6 disconnected (2012-09-09 09:21:02)
TLC worker connection lost rmi://ip-10-240-21-161.eu-west-1.compute.internal:52907/0 (2012-09-09 09:21:02)
TLC worker rmi://ip-10-240-21-161.eu-west-1.compute.internal:52907/0 disconnected (2012-09-09 09:21:02)
TLC worker connection lost rmi://ip-10-240-21-161.eu-west-1.compute.internal:52907/4 (2012-09-09 09:21:05)
TLC worker rmi://ip-10-240-21-161.eu-west-1.compute.internal:52907/4 disconnected (2012-09-09 09:21:05)
TLC worker connection lost rmi://ip-10-240-21-161.eu-west-1.compute.internal:52907/7 (2012-09-09 09:21:06)
TLC worker rmi://ip-10-240-21-161.eu-west-1.compute.internal:52907/7 disconnected (2012-09-09 09:21:06)
TLC worker connection lost rmi://ip-10-240-21-8.eu-west-1.compute.internal:42793/4 (2012-09-09 09:21:08)
TLC worker rmi://ip-10-240-21-8.eu-west-1.compute.internal:42793/4 disconnected (2012-09-09 09:21:08)
TLC worker connection lost rmi://ip-10-240-21-8.eu-west-1.compute.internal:42793/3 (2012-09-09 09:21:10)
TLC worker rmi://ip-10-240-21-8.eu-west-1.compute.internal:42793/3 disconnected (2012-09-09 09:21:10)
TLC worker connection lost rmi://ip-10-240-21-8.eu-west-1.compute.internal:42793/0 (2012-09-09 09:21:10)
TLC worker rmi://ip-10-240-21-8.eu-west-1.compute.internal:42793/0 disconnected (2012-09-09 09:21:10)
TLC worker connection lost rmi://ip-10-240-21-8.eu-west-1.compute.internal:42793/2 (2012-09-09 09:21:10)
TLC worker rmi://ip-10-240-21-8.eu-west-1.compute.internal:42793/2 disconnected (2012-09-09 09:21:10)
TLC worker connection lost rmi://ip-10-240-21-8.eu-west-1.compute.internal:42793/7 (2012-09-09 09:21:12)
TLC worker rmi://ip-10-240-21-8.eu-west-1.compute.internal:42793/7 disconnected (2012-09-09 09:21:12)
TLC worker connection lost rmi://ip-10-240-21-8.eu-west-1.compute.internal:42793/5 (2012-09-09 09:21:13)
TLC worker rmi://ip-10-240-21-8.eu-west-1.compute.internal:42793/5 disconnected (2012-09-09 09:21:13)
Registration for worker at rmi://ip-10-240-21-161.eu-west-1.compute.internal:52907/6 completed (2012-09-09 09:21:37)
Registration for worker at rmi://ip-10-240-21-161.eu-west-1.compute.internal:52907/4 completed (2012-09-09 09:21:37)
Registration for worker at rmi://ip-10-240-21-161.eu-west-1.compute.internal:52907/3 completed (2012-09-09 09:21:37)
Registration for worker at rmi://ip-10-240-21-161.eu-west-1.compute.internal:52907/1 completed (2012-09-09 09:21:37)
Registration for worker at rmi://ip-10-240-21-161.eu-west-1.compute.internal:52907/2 completed (2012-09-09 09:21:37)
Registration for worker at rmi://ip-10-240-21-161.eu-west-1.compute.internal:52907/7 completed (2012-09-09 09:21:37)
Registration for worker at rmi://ip-10-240-21-161.eu-west-1.compute.internal:52907/0 completed (2012-09-09 09:21:37)
Registration for worker at rmi://ip-10-240-21-161.eu-west-1.compute.internal:52907/5 completed (2012-09-09 09:21:37)
Progress(21) at 2012-09-09 09:21:41: 6934570 states generated (3,102,096 s/min), 1175748 distinct states found (479,032 ds/min), 455847 states left on queue.
Registration for worker at rmi://ip-10-240-21-8.eu-west-1.compute.internal:42793/7 completed (2012-09-09 09:21:49)
Registration for worker at rmi://ip-10-240-21-8.eu-west-1.compute.internal:42793/2 completed (2012-09-09 09:21:49)
Registration for worker at rmi://ip-10-240-21-8.eu-west-1.compute.internal:42793/4 completed (2012-09-09 09:21:49)
Registration for worker at rmi://ip-10-240-21-8.eu-west-1.compute.internal:42793/6 completed (2012-09-09 09:21:49)
Registration for worker at rmi://ip-10-240-21-8.eu-west-1.compute.internal:42793/5 completed (2012-09-09 09:21:49)
Registration for worker at rmi://ip-10-240-21-8.eu-west-1.compute.internal:42793/1 completed (2012-09-09 09:21:49)
Registration for worker at rmi://ip-10-240-21-8.eu-west-1.compute.internal:42793/0 completed (2012-09-09 09:21:49)
Registration for worker at rmi://ip-10-240-21-8.eu-west-1.compute.internal:42793/3 completed (2012-09-09 09:21:49)
Progress(21) at 2012-09-09 09:22:41: 12515831 states generated (5,581,261 s/min), 2024489 distinct states found (848,741 ds/min), 713005 states left on queue.
Progress(26) at 2012-09-09 09:23:41: 18599362 states generated (6,083,531 s/min), 2849980 distinct states found (825,491 ds/min), 881221 states left on queue.
TLC worker connection lost rmi://ip-10-240-21-161.eu-west-1.compute.internal:52907/6 (2012-09-09 09:23:43)
TLC worker rmi://ip-10-240-21-161.eu-west-1.compute.internal:52907/6 disconnected (2012-09-09 09:23:43)
TLC worker connection lost rmi://ip-10-240-21-161.eu-west-1.compute.internal:52907/4 (2012-09-09 09:23:43)
TLC worker rmi://ip-10-240-21-161.eu-west-1.compute.internal:52907/4 disconnected (2012-09-09 09:23:43)
TLC worker connection lost rmi://ip-10-240-21-161.eu-west-1.compute.internal:52907/0 (2012-09-09 09:23:43)
TLC worker rmi://ip-10-240-21-161.eu-west-1.compute.internal:52907/0 disconnected (2012-09-09 09:23:43)
TLC worker connection lost rmi://ip-10-240-21-161.eu-west-1.compute.internal:52907/7 (2012-09-09 09:23:43)
TLC worker rmi://ip-10-240-21-161.eu-west-1.compute.internal:52907/7 disconnected (2012-09-09 09:23:43)
TLC worker connection lost rmi://ip-10-240-21-161.eu-west-1.compute.internal:52907/3 (2012-09-09 09:23:43)
TLC worker rmi://ip-10-240-21-161.eu-west-1.compute.internal:52907/3 disconnected (2012-09-09 09:23:43)
TLC worker connection lost rmi://ip-10-240-21-161.eu-west-1.compute.internal:52907/2 (2012-09-09 09:23:44)
TLC worker rmi://ip-10-240-21-161.eu-west-1.compute.internal:52907/2 disconnected (2012-09-09 09:23:44)
TLC worker connection lost rmi://ip-10-240-21-161.eu-west-1.compute.internal:52907/1 (2012-09-09 09:23:44)
TLC worker rmi://ip-10-240-21-161.eu-west-1.compute.internal:52907/1 disconnected (2012-09-09 09:23:44)
TLC worker connection lost rmi://ip-10-240-21-161.eu-west-1.compute.internal:52907/5 (2012-09-09 09:23:44)
TLC worker rmi://ip-10-240-21-161.eu-west-1.compute.internal:52907/5 disconnected (2012-09-09 09:23:44)
Registration for worker at rmi://ip-10-240-21-161.eu-west-1.compute.internal:52907/3 completed (2012-09-09 09:24:15)
Registration for worker at rmi://ip-10-240-21-161.eu-west-1.compute.internal:52907/4 completed (2012-09-09 09:24:15)
Registration for worker at rmi://ip-10-240-21-161.eu-west-1.compute.internal:52907/6 completed (2012-09-09 09:24:15)
Registration for worker at rmi://ip-10-240-21-161.eu-west-1.compute.internal:52907/7 completed (2012-09-09 09:24:15)
Registration for worker at rmi://ip-10-240-21-161.eu-west-1.compute.internal:52907/2 completed (2012-09-09 09:24:15)
Registration for worker at rmi://ip-10-240-21-161.eu-west-1.compute.internal:52907/5 completed (2012-09-09 09:24:15)
Registration for worker at rmi://ip-10-240-21-161.eu-west-1.compute.internal:52907/1 completed (2012-09-09 09:24:15)
Registration for worker at rmi://ip-10-240-21-161.eu-west-1.compute.internal:52907/0 completed (2012-09-09 09:24:15)
TLC worker connection lost rmi://ip-10-240-21-8.eu-west-1.compute.internal:42793/2 (2012-09-09 09:24:26)
TLC worker rmi://ip-10-240-21-8.eu-west-1.compute.internal:42793/2 disconnected (2012-09-09 09:24:26)
TLC worker connection lost rmi://ip-10-240-21-8.eu-west-1.compute.internal:42793/3 (2012-09-09 09:24:26)
TLC worker rmi://ip-10-240-21-8.eu-west-1.compute.internal:42793/3 disconnected (2012-09-09 09:24:26)
TLC worker connection lost rmi://ip-10-240-21-8.eu-west-1.compute.internal:42793/4 (2012-09-09 09:24:26)
TLC worker rmi://ip-10-240-21-8.eu-west-1.compute.internal:42793/4 disconnected (2012-09-09 09:24:26)
TLC worker connection lost rmi://ip-10-240-21-8.eu-west-1.compute.internal:42793/0 (2012-09-09 09:24:27)
TLC worker rmi://ip-10-240-21-8.eu-west-1.compute.internal:42793/0 disconnected (2012-09-09 09:24:27)
TLC worker connection lost rmi://ip-10-240-21-8.eu-west-1.compute.internal:42793/7 (2012-09-09 09:24:27)
TLC worker rmi://ip-10-240-21-8.eu-west-1.compute.internal:42793/7 disconnected (2012-09-09 09:24:27)
TLC worker connection lost rmi://ip-10-240-21-8.eu-west-1.compute.internal:42793/5 (2012-09-09 09:24:27)
TLC worker rmi://ip-10-240-21-8.eu-west-1.compute.internal:42793/5 disconnected (2012-09-09 09:24:27)
TLC worker connection lost rmi://ip-10-240-21-8.eu-west-1.compute.internal:42793/6 (2012-09-09 09:24:27)
TLC worker rmi://ip-10-240-21-8.eu-west-1.compute.internal:42793/6 disconnected (2012-09-09 09:24:27)
TLC worker connection lost rmi://ip-10-240-21-8.eu-west-1.compute.internal:42793/1 (2012-09-09 09:24:30)
TLC worker rmi://ip-10-240-21-8.eu-west-1.compute.internal:42793/1 disconnected (2012-09-09 09:24:30)
Progress(26) at 2012-09-09 09:24:41: 22817528 states generated (4,218,166 s/min), 3388138 distinct states found (538,158 ds/min), 959366 states left on queue.
Progress(26) at 2012-09-09 09:25:41: 25857931 states generated (3,040,403 s/min), 3794501 distinct states found (406,363 ds/min), 1036464 states left on queue.
TLC worker connection lost rmi://ip-10-240-21-161.eu-west-1.compute.internal:52907/2 (2012-09-09 09:25:52)
TLC worker rmi://ip-10-240-21-161.eu-west-1.compute.internal:52907/2 disconnected (2012-09-09 09:25:52)
TLC worker connection lost rmi://ip-10-240-21-161.eu-west-1.compute.internal:52907/1 (2012-09-09 09:25:52)
TLC worker rmi://ip-10-240-21-161.eu-west-1.compute.internal:52907/1 disconnected (2012-09-09 09:25:52)
TLC worker connection lost rmi://ip-10-240-21-161.eu-west-1.compute.internal:52907/6 (2012-09-09 09:25:52)
TLC worker rmi://ip-10-240-21-161.eu-west-1.compute.internal:52907/6 disconnected (2012-09-09 09:25:52)
TLC worker connection lost rmi://ip-10-240-21-161.eu-west-1.compute.internal:52907/3 (2012-09-09 09:25:52)
TLC worker rmi://ip-10-240-21-161.eu-west-1.compute.internal:52907/3 disconnected (2012-09-09 09:25:52)
TLC worker connection lost rmi://ip-10-240-21-161.eu-west-1.compute.internal:52907/5 (2012-09-09 09:25:52)
TLC worker rmi://ip-10-240-21-161.eu-west-1.compute.internal:52907/5 disconnected (2012-09-09 09:25:52)
TLC worker connection lost rmi://ip-10-240-21-161.eu-west-1.compute.internal:52907/0 (2012-09-09 09:25:52)
TLC worker rmi://ip-10-240-21-161.eu-west-1.compute.internal:52907/0 disconnected (2012-09-09 09:25:52)
TLC worker connection lost rmi://ip-10-240-21-161.eu-west-1.compute.internal:52907/7 (2012-09-09 09:25:52)
TLC worker rmi://ip-10-240-21-161.eu-west-1.compute.internal:52907/7 disconnected (2012-09-09 09:25:52)
TLC worker connection lost rmi://ip-10-240-21-161.eu-west-1.compute.internal:52907/4 (2012-09-09 09:25:52)
TLC worker rmi://ip-10-240-21-161.eu-west-1.compute.internal:52907/4 disconnected (2012-09-09 09:25:52)
Registration for worker at rmi://ip-10-240-21-161.eu-west-1.compute.internal:52907/0 completed (2012-09-09 09:26:10)
Registration for worker at rmi://ip-10-240-21-161.eu-west-1.compute.internal:52907/2 completed (2012-09-09 09:26:10)
Registration for worker at rmi://ip-10-240-21-161.eu-west-1.compute.internal:52907/1 completed (2012-09-09 09:26:10)
Registration for worker at rmi://ip-10-240-21-161.eu-west-1.compute.internal:52907/6 completed (2012-09-09 09:26:10)
Registration for worker at rmi://ip-10-240-21-161.eu-west-1.compute.internal:52907/7 completed (2012-09-09 09:26:10)
Registration for worker at rmi://ip-10-240-21-161.eu-west-1.compute.internal:52907/5 completed (2012-09-09 09:26:10)
Registration for worker at rmi://ip-10-240-21-161.eu-west-1.compute.internal:52907/3 completed (2012-09-09 09:26:10)
Registration for worker at rmi://ip-10-240-21-161.eu-west-1.compute.internal:52907/4 completed (2012-09-09 09:26:10)
Registration for worker at rmi://ip-10-240-21-8.eu-west-1.compute.internal:42793/0 completed (2012-09-09 09:26:25)
Registration for worker at rmi://ip-10-240-21-8.eu-west-1.compute.internal:42793/4 completed (2012-09-09 09:26:25)
Registration for worker at rmi://ip-10-240-21-8.eu-west-1.compute.internal:42793/1 completed (2012-09-09 09:26:25)
Registration for worker at rmi://ip-10-240-21-8.eu-west-1.compute.internal:42793/7 completed (2012-09-09 09:26:25)
Registration for worker at rmi://ip-10-240-21-8.eu-west-1.compute.internal:42793/6 completed (2012-09-09 09:26:25)
Registration for worker at rmi://ip-10-240-21-8.eu-west-1.compute.internal:42793/2 completed (2012-09-09 09:26:25)
Registration for worker at rmi://ip-10-240-21-8.eu-west-1.compute.internal:42793/5 completed (2012-09-09 09:26:25)
Registration for worker at rmi://ip-10-240-21-8.eu-west-1.compute.internal:42793/3 completed (2012-09-09 09:26:25)
Progress(28) at 2012-09-09 09:26:41: 28295167 states generated (2,437,236 s/min), 4124777 distinct states found (330,276 ds/min), 1103363 states left on queue.
Progress(28) at 2012-09-09 09:27:41: 34462300 states generated (6,167,133 s/min), 4895737 distinct states found (770,960 ds/min), 1199781 states left on queue.
TLC worker connection lost rmi://ip-10-240-21-161.eu-west-1.compute.internal:52907/0 (2012-09-09 09:27:52)
TLC worker rmi://ip-10-240-21-161.eu-west-1.compute.internal:52907/0 disconnected (2012-09-09 09:27:52)
TLC worker connection lost rmi://ip-10-240-21-161.eu-west-1.compute.internal:52907/7 (2012-09-09 09:27:53)
TLC worker rmi://ip-10-240-21-161.eu-west-1.compute.internal:52907/7 disconnected (2012-09-09 09:27:53)
TLC worker connection lost rmi://ip-10-240-21-161.eu-west-1.compute.internal:52907/2 (2012-09-09 09:27:53)
TLC worker rmi://ip-10-240-21-161.eu-west-1.compute.internal:52907/2 disconnected (2012-09-09 09:27:53)
TLC worker connection lost rmi://ip-10-240-21-161.eu-west-1.compute.internal:52907/3 (2012-09-09 09:27:53)
TLC worker rmi://ip-10-240-21-161.eu-west-1.compute.internal:52907/3 disconnected (2012-09-09 09:27:53)
TLC worker connection lost rmi://ip-10-240-21-161.eu-west-1.compute.internal:52907/4 (2012-09-09 09:27:53)
TLC worker rmi://ip-10-240-21-161.eu-west-1.compute.internal:52907/4 disconnected (2012-09-09 09:27:53)
TLC worker connection lost rmi://ip-10-240-21-161.eu-west-1.compute.internal:52907/5 (2012-09-09 09:27:53)
TLC worker rmi://ip-10-240-21-161.eu-west-1.compute.internal:52907/5 disconnected (2012-09-09 09:27:53)
TLC worker connection lost rmi://ip-10-240-21-161.eu-west-1.compute.internal:52907/6 (2012-09-09 09:27:53)
TLC worker rmi://ip-10-240-21-161.eu-west-1.compute.internal:52907/6 disconnected (2012-09-09 09:27:53)
TLC worker connection lost rmi://ip-10-240-21-161.eu-west-1.compute.internal:52907/1 (2012-09-09 09:27:53)
TLC worker rmi://ip-10-240-21-161.eu-west-1.compute.internal:52907/1 disconnected (2012-09-09 09:27:53)
Registration for worker at rmi://ip-10-240-21-161.eu-west-1.compute.internal:52907/7 completed (2012-09-09 09:28:06)
Registration for worker at rmi://ip-10-240-21-161.eu-west-1.compute.internal:52907/2 completed (2012-09-09 09:28:06)
Registration for worker at rmi://ip-10-240-21-161.eu-west-1.compute.internal:52907/5 completed (2012-09-09 09:28:06)
Registration for worker at rmi://ip-10-240-21-161.eu-west-1.compute.internal:52907/1 completed (2012-09-09 09:28:06)
Registration for worker at rmi://ip-10-240-21-161.eu-west-1.compute.internal:52907/0 completed (2012-09-09 09:28:06)
Registration for worker at rmi://ip-10-240-21-161.eu-west-1.compute.internal:52907/3 completed (2012-09-09 09:28:06)
Registration for worker at rmi://ip-10-240-21-161.eu-west-1.compute.internal:52907/6 completed (2012-09-09 09:28:06)
Registration for worker at rmi://ip-10-240-21-161.eu-west-1.compute.internal:52907/4 completed (2012-09-09 09:28:06)
Progress(28) at 2012-09-09 09:28:41: 40326363 states generated (5,864,063 s/min), 5625757 distinct states found (730,020 ds/min), 1288027 states left on queue.
Registration for worker at rmi://ip-10-240-21-8.eu-west-1.compute.internal:42793/0 completed (2012-09-09 09:29:22)
Registration for worker at rmi://ip-10-240-21-8.eu-west-1.compute.internal:42793/1 completed (2012-09-09 09:29:22)
Registration for worker at rmi://ip-10-240-21-8.eu-west-1.compute.internal:42793/3 completed (2012-09-09 09:29:22)
Registration for worker at rmi://ip-10-240-21-8.eu-west-1.compute.internal:42793/2 completed (2012-09-09 09:29:22)
Registration for worker at rmi://ip-10-240-21-8.eu-west-1.compute.internal:42793/6 completed (2012-09-09 09:29:22)
Registration for worker at rmi://ip-10-240-21-8.eu-west-1.compute.internal:42793/5 completed (2012-09-09 09:29:22)
Registration for worker at rmi://ip-10-240-21-8.eu-west-1.compute.internal:42793/4 completed (2012-09-09 09:29:22)
Registration for worker at rmi://ip-10-240-21-8.eu-west-1.compute.internal:42793/7 completed (2012-09-09 09:29:22)
TLC worker connection lost rmi://ip-10-240-21-161.eu-west-1.compute.internal:52907/4 (2012-09-09 09:29:27)
TLC worker rmi://ip-10-240-21-161.eu-west-1.compute.internal:52907/4 disconnected (2012-09-09 09:29:27)
TLC worker connection lost rmi://ip-10-240-21-8.eu-west-1.compute.internal:42793/6 (2012-09-09 09:29:32)
TLC worker rmi://ip-10-240-21-8.eu-west-1.compute.internal:42793/6 disconnected (2012-09-09 09:29:32)
TLC worker connection lost rmi://ip-10-240-21-8.eu-west-1.compute.internal:42793/5 (2012-09-09 09:29:32)
TLC worker rmi://ip-10-240-21-8.eu-west-1.compute.internal:42793/5 disconnected (2012-09-09 09:29:32)
TLC worker connection lost rmi://ip-10-240-21-8.eu-west-1.compute.internal:42793/2 (2012-09-09 09:29:32)
TLC worker rmi://ip-10-240-21-8.eu-west-1.compute.internal:42793/2 disconnected (2012-09-09 09:29:32)
TLC worker connection lost rmi://ip-10-240-21-8.eu-west-1.compute.internal:42793/7 (2012-09-09 09:29:32)
TLC worker rmi://ip-10-240-21-8.eu-west-1.compute.internal:42793/7 disconnected (2012-09-09 09:29:32)
TLC worker connection lost rmi://ip-10-240-21-8.eu-west-1.compute.internal:42793/0 (2012-09-09 09:29:32)
TLC worker rmi://ip-10-240-21-8.eu-west-1.compute.internal:42793/0 disconnected (2012-09-09 09:29:32)
TLC worker connection lost rmi://ip-10-240-21-8.eu-west-1.compute.internal:42793/1 (2012-09-09 09:29:33)
TLC worker rmi://ip-10-240-21-8.eu-west-1.compute.internal:42793/1 disconnected (2012-09-09 09:29:33)
TLC worker connection lost rmi://ip-10-240-21-8.eu-west-1.compute.internal:42793/3 (2012-09-09 09:29:33)
TLC worker rmi://ip-10-240-21-8.eu-west-1.compute.internal:42793/3 disconnected (2012-09-09 09:29:33)
TLC worker connection lost rmi://ip-10-240-21-8.eu-west-1.compute.internal:42793/4 (2012-09-09 09:29:33)
TLC worker rmi://ip-10-240-21-8.eu-west-1.compute.internal:42793/4 disconnected (2012-09-09 09:29:33)
TLC worker connection lost rmi://ip-10-240-21-161.eu-west-1.compute.internal:52907/7 (2012-09-09 09:29:37)
TLC worker rmi://ip-10-240-21-161.eu-west-1.compute.internal:52907/7 disconnected (2012-09-09 09:29:37)
TLC worker connection lost rmi://ip-10-240-21-161.eu-west-1.compute.internal:52907/0 (2012-09-09 09:29:38)
TLC worker rmi://ip-10-240-21-161.eu-west-1.compute.internal:52907/0 disconnected (2012-09-09 09:29:38)
TLC worker connection lost rmi://ip-10-240-21-161.eu-west-1.compute.internal:52907/2 (2012-09-09 09:29:38)
TLC worker rmi://ip-10-240-21-161.eu-west-1.compute.internal:52907/2 disconnected (2012-09-09 09:29:38)
TLC worker connection lost rmi://ip-10-240-21-161.eu-west-1.compute.internal:52907/6 (2012-09-09 09:29:38)
TLC worker rmi://ip-10-240-21-161.eu-west-1.compute.internal:52907/6 disconnected (2012-09-09 09:29:38)
TLC worker connection lost rmi://ip-10-240-21-161.eu-west-1.compute.internal:52907/3 (2012-09-09 09:29:38)
TLC worker rmi://ip-10-240-21-161.eu-west-1.compute.internal:52907/3 disconnected (2012-09-09 09:29:38)
TLC worker connection lost rmi://ip-10-240-21-161.eu-west-1.compute.internal:52907/1 (2012-09-09 09:29:38)
TLC worker rmi://ip-10-240-21-161.eu-west-1.compute.internal:52907/1 disconnected (2012-09-09 09:29:38)
TLC worker connection lost rmi://ip-10-240-21-161.eu-west-1.compute.internal:52907/5 (2012-09-09 09:29:38)
TLC worker rmi://ip-10-240-21-161.eu-west-1.compute.internal:52907/5 disconnected (2012-09-09 09:29:38)
Progress(32) at 2012-09-09 09:29:41: 46211462 states generated (5,885,099 s/min), 6312998 distinct states found (687,241 ds/min), 1325518 states left on queue.
Registration for worker at rmi://ip-10-240-21-161.eu-west-1.compute.internal:52907/1 completed (2012-09-09 09:30:09)
Registration for worker at rmi://ip-10-240-21-161.eu-west-1.compute.internal:52907/5 completed (2012-09-09 09:30:09)
Registration for worker at rmi://ip-10-240-21-161.eu-west-1.compute.internal:52907/7 completed (2012-09-09 09:30:09)
Registration for worker at rmi://ip-10-240-21-161.eu-west-1.compute.internal:52907/4 completed (2012-09-09 09:30:09)
Registration for worker at rmi://ip-10-240-21-161.eu-west-1.compute.internal:52907/2 completed (2012-09-09 09:30:09)
Registration for worker at rmi://ip-10-240-21-161.eu-west-1.compute.internal:52907/0 completed (2012-09-09 09:30:09)
Registration for worker at rmi://ip-10-240-21-161.eu-west-1.compute.internal:52907/3 completed (2012-09-09 09:30:09)
Registration for worker at rmi://ip-10-240-21-161.eu-west-1.compute.internal:52907/6 completed (2012-09-09 09:30:09)
Progress(33) at 2012-09-09 09:30:41: 49798431 states generated (3,586,969 s/min), 6746807 distinct states found (433,809 ds/min), 1365170 states left on queue.
TLC worker connection lost rmi://ip-10-240-21-161.eu-west-1.compute.internal:52907/4 (2012-09-09 09:30:59)
TLC worker rmi://ip-10-240-21-161.eu-west-1.compute.internal:52907/4 disconnected (2012-09-09 09:30:59)
TLC worker connection lost rmi://ip-10-240-21-161.eu-west-1.compute.internal:52907/7 (2012-09-09 09:30:59)
TLC worker rmi://ip-10-240-21-161.eu-west-1.compute.internal:52907/7 disconnected (2012-09-09 09:30:59)
TLC worker connection lost rmi://ip-10-240-21-161.eu-west-1.compute.internal:52907/2 (2012-09-09 09:30:59)
TLC worker rmi://ip-10-240-21-161.eu-west-1.compute.internal:52907/2 disconnected (2012-09-09 09:30:59)
TLC worker connection lost rmi://ip-10-240-21-161.eu-west-1.compute.internal:52907/6 (2012-09-09 09:30:59)
TLC worker rmi://ip-10-240-21-161.eu-west-1.compute.internal:52907/6 disconnected (2012-09-09 09:30:59)
TLC worker connection lost rmi://ip-10-240-21-161.eu-west-1.compute.internal:52907/3 (2012-09-09 09:30:59)
TLC worker rmi://ip-10-240-21-161.eu-west-1.compute.internal:52907/3 disconnected (2012-09-09 09:30:59)
TLC worker connection lost rmi://ip-10-240-21-161.eu-west-1.compute.internal:52907/5 (2012-09-09 09:30:59)
TLC worker rmi://ip-10-240-21-161.eu-west-1.compute.internal:52907/5 disconnected (2012-09-09 09:30:59)
TLC worker connection lost rmi://ip-10-240-21-161.eu-west-1.compute.internal:52907/1 (2012-09-09 09:31:00)
TLC worker rmi://ip-10-240-21-161.eu-west-1.compute.internal:52907/1 disconnected (2012-09-09 09:31:00)
TLC worker connection lost rmi://ip-10-240-21-161.eu-west-1.compute.internal:52907/0 (2012-09-09 09:31:00)
TLC worker rmi://ip-10-240-21-161.eu-west-1.compute.internal:52907/0 disconnected (2012-09-09 09:31:00)
Registration for worker at rmi://ip-10-240-21-161.eu-west-1.compute.internal:52907/1 completed (2012-09-09 09:31:28)
Registration for worker at rmi://ip-10-240-21-161.eu-west-1.compute.internal:52907/2 completed (2012-09-09 09:31:28)
Registration for worker at rmi://ip-10-240-21-161.eu-west-1.compute.internal:52907/5 completed (2012-09-09 09:31:28)
Registration for worker at rmi://ip-10-240-21-161.eu-west-1.compute.internal:52907/3 completed (2012-09-09 09:31:28)
Registration for worker at rmi://ip-10-240-21-161.eu-west-1.compute.internal:52907/4 completed (2012-09-09 09:31:28)
Registration for worker at rmi://ip-10-240-21-161.eu-west-1.compute.internal:52907/7 completed (2012-09-09 09:31:28)
Registration for worker at rmi://ip-10-240-21-161.eu-west-1.compute.internal:52907/6 completed (2012-09-09 09:31:28)
Registration for worker at rmi://ip-10-240-21-161.eu-west-1.compute.internal:52907/0 completed (2012-09-09 09:31:28)
Progress(33) at 2012-09-09 09:31:41: 54582747 states generated (4,784,316 s/min), 7316475 distinct states found (569,668 ds/min), 1407992 states left on queue.
TLC worker connection lost rmi://ip-10-240-21-8.eu-west-1.compute.internal:42793/2 (2012-09-09 09:32:10)
TLC worker rmi://ip-10-240-21-8.eu-west-1.compute.internal:42793/2 disconnected (2012-09-09 09:32:10)
TLC worker connection lost rmi://ip-10-240-21-8.eu-west-1.compute.internal:42793/6 (2012-09-09 09:32:12)
TLC worker rmi://ip-10-240-21-8.eu-west-1.compute.internal:42793/6 disconnected (2012-09-09 09:32:12)
TLC worker connection lost rmi://ip-10-240-21-8.eu-west-1.compute.internal:42793/0 (2012-09-09 09:32:12)
TLC worker rmi://ip-10-240-21-8.eu-west-1.compute.internal:42793/0 disconnected (2012-09-09 09:32:12)
TLC worker connection lost rmi://ip-10-240-21-8.eu-west-1.compute.internal:42793/4 (2012-09-09 09:32:12)
TLC worker rmi://ip-10-240-21-8.eu-west-1.compute.internal:42793/4 disconnected (2012-09-09 09:32:12)
TLC worker connection lost rmi://ip-10-240-21-8.eu-west-1.compute.internal:42793/3 (2012-09-09 09:32:13)
TLC worker rmi://ip-10-240-21-8.eu-west-1.compute.internal:42793/3 disconnected (2012-09-09 09:32:13)
TLC worker connection lost rmi://ip-10-240-21-8.eu-west-1.compute.internal:42793/1 (2012-09-09 09:32:13)
TLC worker rmi://ip-10-240-21-8.eu-west-1.compute.internal:42793/1 disconnected (2012-09-09 09:32:13)
TLC worker connection lost rmi://ip-10-240-21-8.eu-west-1.compute.internal:42793/5 (2012-09-09 09:32:13)
TLC worker rmi://ip-10-240-21-8.eu-west-1.compute.internal:42793/5 disconnected (2012-09-09 09:32:13)
TLC worker connection lost rmi://ip-10-240-21-8.eu-west-1.compute.internal:42793/7 (2012-09-09 09:32:15)
TLC worker rmi://ip-10-240-21-8.eu-west-1.compute.internal:42793/7 disconnected (2012-09-09 09:32:15)
Progress(33) at 2012-09-09 09:32:41: 59321073 states generated (4,738,326 s/min), 7841241 distinct states found (524,766 ds/min), 1406048 states left on queue.
Progress(34) at 2012-09-09 09:33:41: 62304007 states generated (2,982,934 s/min), 8188199 distinct states found (346,958 ds/min), 1423499 states left on queue.
Registration for worker at rmi://ip-10-240-21-8.eu-west-1.compute.internal:42793/7 completed (2012-09-09 09:33:50)
Registration for worker at rmi://ip-10-240-21-8.eu-west-1.compute.internal:42793/6 completed (2012-09-09 09:33:50)
Registration for worker at rmi://ip-10-240-21-8.eu-west-1.compute.internal:42793/5 completed (2012-09-09 09:33:50)
Registration for worker at rmi://ip-10-240-21-8.eu-west-1.compute.internal:42793/2 completed (2012-09-09 09:33:50)
Registration for worker at rmi://ip-10-240-21-8.eu-west-1.compute.internal:42793/4 completed (2012-09-09 09:33:51)
Registration for worker at rmi://ip-10-240-21-8.eu-west-1.compute.internal:42793/0 completed (2012-09-09 09:33:51)
Registration for worker at rmi://ip-10-240-21-8.eu-west-1.compute.internal:42793/1 completed (2012-09-09 09:33:51)
Registration for worker at rmi://ip-10-240-21-8.eu-west-1.compute.internal:42793/3 completed (2012-09-09 09:33:51)
TLC worker connection lost rmi://ip-10-240-21-161.eu-west-1.compute.internal:52907/4 (2012-09-09 09:34:20)
TLC worker rmi://ip-10-240-21-161.eu-west-1.compute.internal:52907/4 disconnected (2012-09-09 09:34:20)
TLC worker connection lost rmi://ip-10-240-21-161.eu-west-1.compute.internal:52907/3 (2012-09-09 09:34:20)
TLC worker rmi://ip-10-240-21-161.eu-west-1.compute.internal:52907/3 disconnected (2012-09-09 09:34:20)
TLC worker connection lost rmi://ip-10-240-21-161.eu-west-1.compute.internal:52907/7 (2012-09-09 09:34:21)
TLC worker rmi://ip-10-240-21-161.eu-west-1.compute.internal:52907/7 disconnected (2012-09-09 09:34:21)
TLC worker connection lost rmi://ip-10-240-21-161.eu-west-1.compute.internal:52907/5 (2012-09-09 09:34:21)
TLC worker rmi://ip-10-240-21-161.eu-west-1.compute.internal:52907/5 disconnected (2012-09-09 09:34:21)
TLC worker connection lost rmi://ip-10-240-21-161.eu-west-1.compute.internal:52907/6 (2012-09-09 09:34:21)
TLC worker rmi://ip-10-240-21-161.eu-west-1.compute.internal:52907/6 disconnected (2012-09-09 09:34:21)
TLC worker connection lost rmi://ip-10-240-21-161.eu-west-1.compute.internal:52907/2 (2012-09-09 09:34:21)
TLC worker rmi://ip-10-240-21-161.eu-west-1.compute.internal:52907/2 disconnected (2012-09-09 09:34:21)
TLC worker connection lost rmi://ip-10-240-21-161.eu-west-1.compute.internal:52907/1 (2012-09-09 09:34:21)
TLC worker rmi://ip-10-240-21-161.eu-west-1.compute.internal:52907/1 disconnected (2012-09-09 09:34:21)
TLC worker connection lost rmi://ip-10-240-21-161.eu-west-1.compute.internal:52907/0 (2012-09-09 09:34:21)
TLC worker rmi://ip-10-240-21-161.eu-west-1.compute.internal:52907/0 disconnected (2012-09-09 09:34:21)
Progress(34) at 2012-09-09 09:34:41: 67069704 states generated (4,765,697 s/min), 8739248 distinct states found (551,049 ds/min), 1447702 states left on queue.
Progress(34) at 2012-09-09 09:35:41: 69421276 states generated (2,351,572 s/min), 8983380 distinct states found (244,132 ds/min), 1428396 states left on queue.
TLC worker connection lost rmi://ip-10-240-21-8.eu-west-1.compute.internal:42793/5 (2012-09-09 09:36:22)
TLC worker rmi://ip-10-240-21-8.eu-west-1.compute.internal:42793/5 disconnected (2012-09-09 09:36:22)
TLC worker connection lost rmi://ip-10-240-21-8.eu-west-1.compute.internal:42793/4 (2012-09-09 09:36:22)
TLC worker rmi://ip-10-240-21-8.eu-west-1.compute.internal:42793/4 disconnected (2012-09-09 09:36:22)
TLC worker connection lost rmi://ip-10-240-21-8.eu-west-1.compute.internal:42793/7 (2012-09-09 09:36:23)
TLC worker rmi://ip-10-240-21-8.eu-west-1.compute.internal:42793/7 disconnected (2012-09-09 09:36:23)
TLC worker connection lost rmi://ip-10-240-21-8.eu-west-1.compute.internal:42793/2 (2012-09-09 09:36:23)
TLC worker rmi://ip-10-240-21-8.eu-west-1.compute.internal:42793/2 disconnected (2012-09-09 09:36:23)
TLC worker connection lost rmi://ip-10-240-21-8.eu-west-1.compute.internal:42793/6 (2012-09-09 09:36:23)
TLC worker rmi://ip-10-240-21-8.eu-west-1.compute.internal:42793/6 disconnected (2012-09-09 09:36:23)
TLC worker connection lost rmi://ip-10-240-21-8.eu-west-1.compute.internal:42793/3 (2012-09-09 09:36:23)
TLC worker rmi://ip-10-240-21-8.eu-west-1.compute.internal:42793/3 disconnected (2012-09-09 09:36:23)
TLC worker connection lost rmi://ip-10-240-21-8.eu-west-1.compute.internal:42793/0 (2012-09-09 09:36:23)
TLC worker rmi://ip-10-240-21-8.eu-west-1.compute.internal:42793/0 disconnected (2012-09-09 09:36:23)
TLC worker connection lost rmi://ip-10-240-21-8.eu-west-1.compute.internal:42793/1 (2012-09-09 09:36:24)
TLC worker rmi://ip-10-240-21-8.eu-west-1.compute.internal:42793/1 disconnected (2012-09-09 09:36:24)
Registration for worker at rmi://ip-10-240-21-161.eu-west-1.compute.internal:52907/0 completed (2012-09-09 09:36:30)
Registration for worker at rmi://ip-10-240-21-161.eu-west-1.compute.internal:52907/2 completed (2012-09-09 09:36:30)
Registration for worker at rmi://ip-10-240-21-161.eu-west-1.compute.internal:52907/5 completed (2012-09-09 09:36:30)
Registration for worker at rmi://ip-10-240-21-161.eu-west-1.compute.internal:52907/1 completed (2012-09-09 09:36:30)
Registration for worker at rmi://ip-10-240-21-161.eu-west-1.compute.internal:52907/7 completed (2012-09-09 09:36:30)
Registration for worker at rmi://ip-10-240-21-161.eu-west-1.compute.internal:52907/6 completed (2012-09-09 09:36:30)
Registration for worker at rmi://ip-10-240-21-161.eu-west-1.compute.internal:52907/3 completed (2012-09-09 09:36:30)
Registration for worker at rmi://ip-10-240-21-161.eu-west-1.compute.internal:52907/4 completed (2012-09-09 09:36:30)
Progress(34) at 2012-09-09 09:36:41: 71779400 states generated (2,358,124 s/min), 9237656 distinct states found (254,276 ds/min), 1419684 states left on queue.
TLC worker connection lost rmi://ip-10-240-21-161.eu-west-1.compute.internal:52907/0 (2012-09-09 09:36:53)
TLC worker rmi://ip-10-240-21-161.eu-west-1.compute.internal:52907/0 disconnected (2012-09-09 09:36:53)
TLC worker connection lost rmi://ip-10-240-21-161.eu-west-1.compute.internal:52907/5 (2012-09-09 09:36:53)
TLC worker rmi://ip-10-240-21-161.eu-west-1.compute.internal:52907/5 disconnected (2012-09-09 09:36:53)
TLC worker connection lost rmi://ip-10-240-21-161.eu-west-1.compute.internal:52907/7 (2012-09-09 09:36:53)
TLC worker rmi://ip-10-240-21-161.eu-west-1.compute.internal:52907/7 disconnected (2012-09-09 09:36:53)
TLC worker connection lost rmi://ip-10-240-21-161.eu-west-1.compute.internal:52907/1 (2012-09-09 09:36:53)
TLC worker rmi://ip-10-240-21-161.eu-west-1.compute.internal:52907/1 disconnected (2012-09-09 09:36:53)
TLC worker connection lost rmi://ip-10-240-21-161.eu-west-1.compute.internal:52907/3 (2012-09-09 09:36:53)
TLC worker rmi://ip-10-240-21-161.eu-west-1.compute.internal:52907/3 disconnected (2012-09-09 09:36:53)
TLC worker connection lost rmi://ip-10-240-21-161.eu-west-1.compute.internal:52907/2 (2012-09-09 09:36:53)
TLC worker rmi://ip-10-240-21-161.eu-west-1.compute.internal:52907/2 disconnected (2012-09-09 09:36:53)
TLC worker connection lost rmi://ip-10-240-21-161.eu-west-1.compute.internal:52907/6 (2012-09-09 09:36:53)
TLC worker rmi://ip-10-240-21-161.eu-west-1.compute.internal:52907/6 disconnected (2012-09-09 09:36:53)
TLC worker connection lost rmi://ip-10-240-21-161.eu-west-1.compute.internal:52907/4 (2012-09-09 09:36:53)
TLC worker rmi://ip-10-240-21-161.eu-west-1.compute.internal:52907/4 disconnected (2012-09-09 09:36:53)
Registration for worker at rmi://ip-10-240-21-8.eu-west-1.compute.internal:42793/5 completed (2012-09-09 09:37:20)
Registration for worker at rmi://ip-10-240-21-8.eu-west-1.compute.internal:42793/2 completed (2012-09-09 09:37:20)
Registration for worker at rmi://ip-10-240-21-8.eu-west-1.compute.internal:42793/4 completed (2012-09-09 09:37:20)
Registration for worker at rmi://ip-10-240-21-8.eu-west-1.compute.internal:42793/7 completed (2012-09-09 09:37:20)
Registration for worker at rmi://ip-10-240-21-8.eu-west-1.compute.internal:42793/3 completed (2012-09-09 09:37:20)
Registration for worker at rmi://ip-10-240-21-8.eu-west-1.compute.internal:42793/1 completed (2012-09-09 09:37:20)
Registration for worker at rmi://ip-10-240-21-8.eu-west-1.compute.internal:42793/0 completed (2012-09-09 09:37:20)
Registration for worker at rmi://ip-10-240-21-8.eu-west-1.compute.internal:42793/6 completed (2012-09-09 09:37:20)
Progress(34) at 2012-09-09 09:37:41: 73569450 states generated (1,790,050 s/min), 9448722 distinct states found (211,066 ds/min), 1433372 states left on queue.
Registration for worker at rmi://ip-10-240-21-161.eu-west-1.compute.internal:52907/3 completed (2012-09-09 09:38:17)
Registration for worker at rmi://ip-10-240-21-161.eu-west-1.compute.internal:52907/7 completed (2012-09-09 09:38:17)
Registration for worker at rmi://ip-10-240-21-161.eu-west-1.compute.internal:52907/6 completed (2012-09-09 09:38:17)
Registration for worker at rmi://ip-10-240-21-161.eu-west-1.compute.internal:52907/1 completed (2012-09-09 09:38:17)
Registration for worker at rmi://ip-10-240-21-161.eu-west-1.compute.internal:52907/0 completed (2012-09-09 09:38:17)
Registration for worker at rmi://ip-10-240-21-161.eu-west-1.compute.internal:52907/4 completed (2012-09-09 09:38:17)
Registration for worker at rmi://ip-10-240-21-161.eu-west-1.compute.internal:52907/5 completed (2012-09-09 09:38:17)
Registration for worker at rmi://ip-10-240-21-161.eu-west-1.compute.internal:52907/2 completed (2012-09-09 09:38:17)
TLC worker rmi://ip-10-240-21-161.eu-west-1.compute.internal:52907/3 disconnected (2012-09-09 09:38:27)
TLC worker rmi://ip-10-240-21-161.eu-west-1.compute.internal:52907/7 disconnected (2012-09-09 09:38:27)
TLC worker rmi://ip-10-240-21-161.eu-west-1.compute.internal:52907/6 disconnected (2012-09-09 09:38:27)
TLC worker rmi://ip-10-240-21-161.eu-west-1.compute.internal:52907/1 disconnected (2012-09-09 09:38:27)
TLC worker rmi://ip-10-240-21-161.eu-west-1.compute.internal:52907/0 disconnected (2012-09-09 09:38:27)
TLC worker rmi://ip-10-240-21-161.eu-west-1.compute.internal:52907/4 disconnected (2012-09-09 09:38:27)
TLC worker rmi://ip-10-240-21-161.eu-west-1.compute.internal:52907/5 disconnected (2012-09-09 09:38:27)
TLC worker rmi://ip-10-240-21-161.eu-west-1.compute.internal:52907/2 disconnected (2012-09-09 09:38:27)
TLC worker connection lost rmi://ip-10-240-21-161.eu-west-1.compute.internal:52907/3 (2012-09-09 09:38:29)
TLC worker connection lost rmi://ip-10-240-21-161.eu-west-1.compute.internal:52907/7 (2012-09-09 09:38:29)
TLC worker connection lost rmi://ip-10-240-21-161.eu-west-1.compute.internal:52907/6 (2012-09-09 09:38:29)
TLC worker connection lost rmi://ip-10-240-21-161.eu-west-1.compute.internal:52907/4 (2012-09-09 09:38:29)
TLC worker connection lost rmi://ip-10-240-21-161.eu-west-1.compute.internal:52907/5 (2012-09-09 09:38:29)
TLC worker connection lost rmi://ip-10-240-21-161.eu-west-1.compute.internal:52907/1 (2012-09-09 09:38:29)
TLC worker connection lost rmi://ip-10-240-21-161.eu-west-1.compute.internal:52907/0 (2012-09-09 09:38:29)
TLC worker connection lost rmi://ip-10-240-21-161.eu-west-1.compute.internal:52907/2 (2012-09-09 09:38:29)
Progress(34) at 2012-09-09 09:38:41: 77100316 states generated (3,530,866 s/min), 9821916 distinct states found (373,194 ds/min), 1476936 states left on queue.
TLC worker connection lost rmi://ip-10-240-21-8.eu-west-1.compute.internal:42793/5 (2012-09-09 09:39:11)
TLC worker rmi://ip-10-240-21-8.eu-west-1.compute.internal:42793/5 disconnected (2012-09-09 09:39:11)
TLC worker connection lost rmi://ip-10-240-21-8.eu-west-1.compute.internal:42793/6 (2012-09-09 09:39:11)
TLC worker rmi://ip-10-240-21-8.eu-west-1.compute.internal:42793/6 disconnected (2012-09-09 09:39:11)
TLC worker connection lost rmi://ip-10-240-21-8.eu-west-1.compute.internal:42793/4 (2012-09-09 09:39:12)
TLC worker rmi://ip-10-240-21-8.eu-west-1.compute.internal:42793/4 disconnected (2012-09-09 09:39:12)
TLC worker connection lost rmi://ip-10-240-21-8.eu-west-1.compute.internal:42793/1 (2012-09-09 09:39:12)
TLC worker rmi://ip-10-240-21-8.eu-west-1.compute.internal:42793/1 disconnected (2012-09-09 09:39:12)
TLC worker connection lost rmi://ip-10-240-21-8.eu-west-1.compute.internal:42793/2 (2012-09-09 09:39:12)
TLC worker rmi://ip-10-240-21-8.eu-west-1.compute.internal:42793/2 disconnected (2012-09-09 09:39:12)
TLC worker connection lost rmi://ip-10-240-21-8.eu-west-1.compute.internal:42793/0 (2012-09-09 09:39:14)
TLC worker rmi://ip-10-240-21-8.eu-west-1.compute.internal:42793/0 disconnected (2012-09-09 09:39:14)
TLC worker connection lost rmi://ip-10-240-21-8.eu-west-1.compute.internal:42793/3 (2012-09-09 09:39:15)
TLC worker rmi://ip-10-240-21-8.eu-west-1.compute.internal:42793/3 disconnected (2012-09-09 09:39:15)
TLC worker connection lost rmi://ip-10-240-21-8.eu-west-1.compute.internal:42793/7 (2012-09-09 09:39:15)
TLC worker rmi://ip-10-240-21-8.eu-west-1.compute.internal:42793/7 disconnected (2012-09-09 09:39:15)
Registration for worker at rmi://ip-10-240-21-8.eu-west-1.compute.internal:42793/5 completed (2012-09-09 09:39:32)
Registration for worker at rmi://ip-10-240-21-8.eu-west-1.compute.internal:42793/7 completed (2012-09-09 09:39:32)
Registration for worker at rmi://ip-10-240-21-8.eu-west-1.compute.internal:42793/0 completed (2012-09-09 09:39:32)
Registration for worker at rmi://ip-10-240-21-8.eu-west-1.compute.internal:42793/4 completed (2012-09-09 09:39:32)
Registration for worker at rmi://ip-10-240-21-8.eu-west-1.compute.internal:42793/1 completed (2012-09-09 09:39:32)
Registration for worker at rmi://ip-10-240-21-8.eu-west-1.compute.internal:42793/2 completed (2012-09-09 09:39:32)
Registration for worker at rmi://ip-10-240-21-8.eu-west-1.compute.internal:42793/3 completed (2012-09-09 09:39:32)
Registration for worker at rmi://ip-10-240-21-8.eu-west-1.compute.internal:42793/6 completed (2012-09-09 09:39:32)
Progress(34) at 2012-09-09 09:39:41: 78885843 states generated (1,785,527 s/min), 10029339 distinct states found (207,423 ds/min), 1487091 states left on queue.
Registration for worker at rmi://ip-10-240-21-161.eu-west-1.compute.internal:52907/2 completed (2012-09-09 09:39:42)
Registration for worker at rmi://ip-10-240-21-161.eu-west-1.compute.internal:52907/7 completed (2012-09-09 09:39:42)
Registration for worker at rmi://ip-10-240-21-161.eu-west-1.compute.internal:52907/6 completed (2012-09-09 09:39:42)
Registration for worker at rmi://ip-10-240-21-161.eu-west-1.compute.internal:52907/4 completed (2012-09-09 09:39:42)
Registration for worker at rmi://ip-10-240-21-161.eu-west-1.compute.internal:52907/5 completed (2012-09-09 09:39:42)
Registration for worker at rmi://ip-10-240-21-161.eu-west-1.compute.internal:52907/3 completed (2012-09-09 09:39:42)
Registration for worker at rmi://ip-10-240-21-161.eu-west-1.compute.internal:52907/1 completed (2012-09-09 09:39:42)
Registration for worker at rmi://ip-10-240-21-161.eu-west-1.compute.internal:52907/0 completed (2012-09-09 09:39:42)
TLC worker connection lost rmi://ip-10-240-21-8.eu-west-1.compute.internal:42793/0 (2012-09-09 09:39:56)
TLC worker rmi://ip-10-240-21-8.eu-west-1.compute.internal:42793/0 disconnected (2012-09-09 09:39:56)
TLC worker connection lost rmi://ip-10-240-21-8.eu-west-1.compute.internal:42793/7 (2012-09-09 09:39:56)
TLC worker rmi://ip-10-240-21-8.eu-west-1.compute.internal:42793/7 disconnected (2012-09-09 09:39:56)
TLC worker connection lost rmi://ip-10-240-21-8.eu-west-1.compute.internal:42793/3 (2012-09-09 09:39:56)
TLC worker rmi://ip-10-240-21-8.eu-west-1.compute.internal:42793/3 disconnected (2012-09-09 09:39:56)
TLC worker connection lost rmi://ip-10-240-21-8.eu-west-1.compute.internal:42793/4 (2012-09-09 09:39:56)
TLC worker rmi://ip-10-240-21-8.eu-west-1.compute.internal:42793/4 disconnected (2012-09-09 09:39:56)
TLC worker connection lost rmi://ip-10-240-21-8.eu-west-1.compute.internal:42793/5 (2012-09-09 09:39:56)
TLC worker rmi://ip-10-240-21-8.eu-west-1.compute.internal:42793/5 disconnected (2012-09-09 09:39:56)
TLC worker connection lost rmi://ip-10-240-21-8.eu-west-1.compute.internal:42793/6 (2012-09-09 09:39:56)
TLC worker rmi://ip-10-240-21-8.eu-west-1.compute.internal:42793/6 disconnected (2012-09-09 09:39:56)
TLC worker connection lost rmi://ip-10-240-21-8.eu-west-1.compute.internal:42793/2 (2012-09-09 09:39:56)
TLC worker rmi://ip-10-240-21-8.eu-west-1.compute.internal:42793/2 disconnected (2012-09-09 09:39:56)
TLC worker connection lost rmi://ip-10-240-21-8.eu-west-1.compute.internal:42793/1 (2012-09-09 09:39:56)
TLC worker rmi://ip-10-240-21-8.eu-west-1.compute.internal:42793/1 disconnected (2012-09-09 09:39:56)
Progress(36) at 2012-09-09 09:40:41: 82397903 states generated (3,512,060 s/min), 10381719 distinct states found (352,380 ds/min), 1444500 states left on queue.
Registration for worker at rmi://ip-10-240-21-8.eu-west-1.compute.internal:42793/7 completed (2012-09-09 09:41:23)
Registration for worker at rmi://ip-10-240-21-8.eu-west-1.compute.internal:42793/3 completed (2012-09-09 09:41:23)
Registration for worker at rmi://ip-10-240-21-8.eu-west-1.compute.internal:42793/6 completed (2012-09-09 09:41:23)
Registration for worker at rmi://ip-10-240-21-8.eu-west-1.compute.internal:42793/5 completed (2012-09-09 09:41:23)
Registration for worker at rmi://ip-10-240-21-8.eu-west-1.compute.internal:42793/4 completed (2012-09-09 09:41:23)
Registration for worker at rmi://ip-10-240-21-8.eu-west-1.compute.internal:42793/1 completed (2012-09-09 09:41:23)
Registration for worker at rmi://ip-10-240-21-8.eu-west-1.compute.internal:42793/0 completed (2012-09-09 09:41:23)
Registration for worker at rmi://ip-10-240-21-8.eu-west-1.compute.internal:42793/2 completed (2012-09-09 09:41:23)
Progress(36) at 2012-09-09 09:41:41: 85966283 states generated (3,568,380 s/min), 10787131 distinct states found (405,412 ds/min), 1454529 states left on queue.
TLC worker connection lost rmi://ip-10-240-21-161.eu-west-1.compute.internal:52907/1 (2012-09-09 09:41:55)
TLC worker rmi://ip-10-240-21-161.eu-west-1.compute.internal:52907/1 disconnected (2012-09-09 09:41:55)
TLC worker connection lost rmi://ip-10-240-21-161.eu-west-1.compute.internal:52907/6 (2012-09-09 09:41:55)
TLC worker rmi://ip-10-240-21-161.eu-west-1.compute.internal:52907/6 disconnected (2012-09-09 09:41:55)
TLC worker connection lost rmi://ip-10-240-21-161.eu-west-1.compute.internal:52907/5 (2012-09-09 09:41:55)
TLC worker rmi://ip-10-240-21-161.eu-west-1.compute.internal:52907/5 disconnected (2012-09-09 09:41:55)
TLC worker connection lost rmi://ip-10-240-21-161.eu-west-1.compute.internal:52907/2 (2012-09-09 09:41:55)
TLC worker rmi://ip-10-240-21-161.eu-west-1.compute.internal:52907/2 disconnected (2012-09-09 09:41:55)
TLC worker connection lost rmi://ip-10-240-21-161.eu-west-1.compute.internal:52907/7 (2012-09-09 09:41:55)
TLC worker rmi://ip-10-240-21-161.eu-west-1.compute.internal:52907/7 disconnected (2012-09-09 09:41:55)
TLC worker connection lost rmi://ip-10-240-21-161.eu-west-1.compute.internal:52907/4 (2012-09-09 09:41:55)
TLC worker rmi://ip-10-240-21-161.eu-west-1.compute.internal:52907/4 disconnected (2012-09-09 09:41:55)
TLC worker connection lost rmi://ip-10-240-21-161.eu-west-1.compute.internal:52907/3 (2012-09-09 09:41:56)
TLC worker rmi://ip-10-240-21-161.eu-west-1.compute.internal:52907/3 disconnected (2012-09-09 09:41:56)
TLC worker connection lost rmi://ip-10-240-21-161.eu-west-1.compute.internal:52907/0 (2012-09-09 09:41:56)
TLC worker rmi://ip-10-240-21-161.eu-west-1.compute.internal:52907/0 disconnected (2012-09-09 09:41:56)
Registration for worker at rmi://ip-10-240-21-161.eu-west-1.compute.internal:52907/0 completed (2012-09-09 09:42:18)
Registration for worker at rmi://ip-10-240-21-161.eu-west-1.compute.internal:52907/6 completed (2012-09-09 09:42:18)
Registration for worker at rmi://ip-10-240-21-161.eu-west-1.compute.internal:52907/7 completed (2012-09-09 09:42:18)
Registration for worker at rmi://ip-10-240-21-161.eu-west-1.compute.internal:52907/2 completed (2012-09-09 09:42:18)
Registration for worker at rmi://ip-10-240-21-161.eu-west-1.compute.internal:52907/1 completed (2012-09-09 09:42:18)
Registration for worker at rmi://ip-10-240-21-161.eu-west-1.compute.internal:52907/4 completed (2012-09-09 09:42:18)
Registration for worker at rmi://ip-10-240-21-161.eu-west-1.compute.internal:52907/3 completed (2012-09-09 09:42:18)
Registration for worker at rmi://ip-10-240-21-161.eu-west-1.compute.internal:52907/5 completed (2012-09-09 09:42:18)
Progress(36) at 2012-09-09 09:42:41: 90600285 states generated (4,634,002 s/min), 11210973 distinct states found (423,842 ds/min), 1352086 states left on queue.
Progress(36) at 2012-09-09 09:43:41: 97031537 states generated (6,431,252 s/min), 11851177 distinct states found (640,204 ds/min), 1268387 states left on queue.
TLC worker connection lost rmi://ip-10-240-21-8.eu-west-1.compute.internal:42793/4 (2012-09-09 09:44:14)
TLC worker rmi://ip-10-240-21-8.eu-west-1.compute.internal:42793/4 disconnected (2012-09-09 09:44:14)
TLC worker connection lost rmi://ip-10-240-21-8.eu-west-1.compute.internal:42793/1 (2012-09-09 09:44:14)
TLC worker rmi://ip-10-240-21-8.eu-west-1.compute.internal:42793/1 disconnected (2012-09-09 09:44:14)
TLC worker connection lost rmi://ip-10-240-21-8.eu-west-1.compute.internal:42793/5 (2012-09-09 09:44:14)
TLC worker rmi://ip-10-240-21-8.eu-west-1.compute.internal:42793/5 disconnected (2012-09-09 09:44:14)
TLC worker connection lost rmi://ip-10-240-21-8.eu-west-1.compute.internal:42793/2 (2012-09-09 09:44:14)
TLC worker rmi://ip-10-240-21-8.eu-west-1.compute.internal:42793/2 disconnected (2012-09-09 09:44:14)
TLC worker connection lost rmi://ip-10-240-21-8.eu-west-1.compute.internal:42793/6 (2012-09-09 09:44:14)
TLC worker rmi://ip-10-240-21-8.eu-west-1.compute.internal:42793/6 disconnected (2012-09-09 09:44:14)
TLC worker connection lost rmi://ip-10-240-21-8.eu-west-1.compute.internal:42793/3 (2012-09-09 09:44:14)
TLC worker rmi://ip-10-240-21-8.eu-west-1.compute.internal:42793/3 disconnected (2012-09-09 09:44:14)
TLC worker connection lost rmi://ip-10-240-21-8.eu-west-1.compute.internal:42793/0 (2012-09-09 09:44:15)
TLC worker rmi://ip-10-240-21-8.eu-west-1.compute.internal:42793/0 disconnected (2012-09-09 09:44:15)
TLC worker connection lost rmi://ip-10-240-21-8.eu-west-1.compute.internal:42793/7 (2012-09-09 09:44:17)
TLC worker rmi://ip-10-240-21-8.eu-west-1.compute.internal:42793/7 disconnected (2012-09-09 09:44:17)
Progress(36) at 2012-09-09 09:44:41: 101737196 states generated (4,705,659 s/min), 12346876 distinct states found (495,699 ds/min), 1237826 states left on queue.
Registration for worker at rmi://ip-10-240-21-8.eu-west-1.compute.internal:42793/5 completed (2012-09-09 09:45:07)
Registration for worker at rmi://ip-10-240-21-8.eu-west-1.compute.internal:42793/3 completed (2012-09-09 09:45:07)
Registration for worker at rmi://ip-10-240-21-8.eu-west-1.compute.internal:42793/6 completed (2012-09-09 09:45:07)
Registration for worker at rmi://ip-10-240-21-8.eu-west-1.compute.internal:42793/7 completed (2012-09-09 09:45:07)
Registration for worker at rmi://ip-10-240-21-8.eu-west-1.compute.internal:42793/4 completed (2012-09-09 09:45:07)
Registration for worker at rmi://ip-10-240-21-8.eu-west-1.compute.internal:42793/1 completed (2012-09-09 09:45:07)
Registration for worker at rmi://ip-10-240-21-8.eu-west-1.compute.internal:42793/0 completed (2012-09-09 09:45:07)
Registration for worker at rmi://ip-10-240-21-8.eu-west-1.compute.internal:42793/2 completed (2012-09-09 09:45:07)
TLC worker connection lost rmi://ip-10-240-21-161.eu-west-1.compute.internal:52907/3 (2012-09-09 09:45:15)
TLC worker rmi://ip-10-240-21-161.eu-west-1.compute.internal:52907/3 disconnected (2012-09-09 09:45:15)
TLC worker connection lost rmi://ip-10-240-21-161.eu-west-1.compute.internal:52907/0 (2012-09-09 09:45:26)
TLC worker rmi://ip-10-240-21-161.eu-west-1.compute.internal:52907/0 disconnected (2012-09-09 09:45:26)
TLC worker connection lost rmi://ip-10-240-21-161.eu-west-1.compute.internal:52907/7 (2012-09-09 09:45:26)
TLC worker rmi://ip-10-240-21-161.eu-west-1.compute.internal:52907/7 disconnected (2012-09-09 09:45:26)
TLC worker connection lost rmi://ip-10-240-21-161.eu-west-1.compute.internal:52907/6 (2012-09-09 09:45:27)
TLC worker rmi://ip-10-240-21-161.eu-west-1.compute.internal:52907/6 disconnected (2012-09-09 09:45:27)
TLC worker connection lost rmi://ip-10-240-21-161.eu-west-1.compute.internal:52907/5 (2012-09-09 09:45:27)
TLC worker rmi://ip-10-240-21-161.eu-west-1.compute.internal:52907/5 disconnected (2012-09-09 09:45:27)
TLC worker connection lost rmi://ip-10-240-21-161.eu-west-1.compute.internal:52907/4 (2012-09-09 09:45:27)
TLC worker rmi://ip-10-240-21-161.eu-west-1.compute.internal:52907/4 disconnected (2012-09-09 09:45:27)
TLC worker connection lost rmi://ip-10-240-21-161.eu-west-1.compute.internal:52907/2 (2012-09-09 09:45:27)
TLC worker rmi://ip-10-240-21-161.eu-west-1.compute.internal:52907/2 disconnected (2012-09-09 09:45:27)
TLC worker connection lost rmi://ip-10-240-21-161.eu-west-1.compute.internal:52907/1 (2012-09-09 09:45:27)
TLC worker rmi://ip-10-240-21-161.eu-west-1.compute.internal:52907/1 disconnected (2012-09-09 09:45:27)
TLC worker connection lost rmi://ip-10-240-21-8.eu-west-1.compute.internal:42793/1 (2012-09-09 09:45:36)
TLC worker rmi://ip-10-240-21-8.eu-west-1.compute.internal:42793/1 disconnected (2012-09-09 09:45:36)
TLC worker connection lost rmi://ip-10-240-21-8.eu-west-1.compute.internal:42793/3 (2012-09-09 09:45:36)
TLC worker rmi://ip-10-240-21-8.eu-west-1.compute.internal:42793/3 disconnected (2012-09-09 09:45:36)
TLC worker connection lost rmi://ip-10-240-21-8.eu-west-1.compute.internal:42793/5 (2012-09-09 09:45:36)
TLC worker rmi://ip-10-240-21-8.eu-west-1.compute.internal:42793/5 disconnected (2012-09-09 09:45:36)
TLC worker connection lost rmi://ip-10-240-21-8.eu-west-1.compute.internal:42793/7 (2012-09-09 09:45:36)
TLC worker rmi://ip-10-240-21-8.eu-west-1.compute.internal:42793/7 disconnected (2012-09-09 09:45:36)
TLC worker connection lost rmi://ip-10-240-21-8.eu-west-1.compute.internal:42793/4 (2012-09-09 09:45:37)
TLC worker rmi://ip-10-240-21-8.eu-west-1.compute.internal:42793/4 disconnected (2012-09-09 09:45:37)
TLC worker connection lost rmi://ip-10-240-21-8.eu-west-1.compute.internal:42793/6 (2012-09-09 09:45:37)
TLC worker rmi://ip-10-240-21-8.eu-west-1.compute.internal:42793/6 disconnected (2012-09-09 09:45:37)
TLC worker connection lost rmi://ip-10-240-21-8.eu-west-1.compute.internal:42793/2 (2012-09-09 09:45:37)
TLC worker rmi://ip-10-240-21-8.eu-west-1.compute.internal:42793/2 disconnected (2012-09-09 09:45:37)
TLC worker connection lost rmi://ip-10-240-21-8.eu-west-1.compute.internal:42793/0 (2012-09-09 09:45:37)
TLC worker rmi://ip-10-240-21-8.eu-west-1.compute.internal:42793/0 disconnected (2012-09-09 09:45:37)
Registration for worker at rmi://ip-10-240-21-161.eu-west-1.compute.internal:52907/0 completed (2012-09-09 09:45:38)
Registration for worker at rmi://ip-10-240-21-161.eu-west-1.compute.internal:52907/3 completed (2012-09-09 09:45:38)
Registration for worker at rmi://ip-10-240-21-161.eu-west-1.compute.internal:52907/4 completed (2012-09-09 09:45:38)
Registration for worker at rmi://ip-10-240-21-161.eu-west-1.compute.internal:52907/1 completed (2012-09-09 09:45:38)
Registration for worker at rmi://ip-10-240-21-161.eu-west-1.compute.internal:52907/5 completed (2012-09-09 09:45:38)
Registration for worker at rmi://ip-10-240-21-161.eu-west-1.compute.internal:52907/7 completed (2012-09-09 09:45:38)
Registration for worker at rmi://ip-10-240-21-161.eu-west-1.compute.internal:52907/6 completed (2012-09-09 09:45:38)
Registration for worker at rmi://ip-10-240-21-161.eu-west-1.compute.internal:52907/2 completed (2012-09-09 09:45:38)
Progress(36) at 2012-09-09 09:45:41: 105160895 states generated (3,423,699 s/min), 12682373 distinct states found (335,497 ds/min), 1187288 states left on queue.
Progress(37) at 2012-09-09 09:46:41: 108069302 states generated (2,908,407 s/min), 12958300 distinct states found (275,927 ds/min), 1134145 states left on queue.
TLC worker connection lost rmi://ip-10-240-21-161.eu-west-1.compute.internal:52907/5 (2012-09-09 09:47:34)
TLC worker rmi://ip-10-240-21-161.eu-west-1.compute.internal:52907/5 disconnected (2012-09-09 09:47:34)
TLC worker connection lost rmi://ip-10-240-21-161.eu-west-1.compute.internal:52907/0 (2012-09-09 09:47:34)
TLC worker rmi://ip-10-240-21-161.eu-west-1.compute.internal:52907/0 disconnected (2012-09-09 09:47:34)
TLC worker connection lost rmi://ip-10-240-21-161.eu-west-1.compute.internal:52907/2 (2012-09-09 09:47:34)
TLC worker rmi://ip-10-240-21-161.eu-west-1.compute.internal:52907/2 disconnected (2012-09-09 09:47:34)
TLC worker connection lost rmi://ip-10-240-21-161.eu-west-1.compute.internal:52907/7 (2012-09-09 09:47:34)
TLC worker rmi://ip-10-240-21-161.eu-west-1.compute.internal:52907/7 disconnected (2012-09-09 09:47:34)
TLC worker connection lost rmi://ip-10-240-21-161.eu-west-1.compute.internal:52907/1 (2012-09-09 09:47:35)
TLC worker rmi://ip-10-240-21-161.eu-west-1.compute.internal:52907/1 disconnected (2012-09-09 09:47:35)
TLC worker connection lost rmi://ip-10-240-21-161.eu-west-1.compute.internal:52907/4 (2012-09-09 09:47:36)
TLC worker rmi://ip-10-240-21-161.eu-west-1.compute.internal:52907/4 disconnected (2012-09-09 09:47:36)
TLC worker connection lost rmi://ip-10-240-21-161.eu-west-1.compute.internal:52907/3 (2012-09-09 09:47:36)
TLC worker rmi://ip-10-240-21-161.eu-west-1.compute.internal:52907/3 disconnected (2012-09-09 09:47:36)
TLC worker connection lost rmi://ip-10-240-21-161.eu-west-1.compute.internal:52907/6 (2012-09-09 09:47:37)
TLC worker rmi://ip-10-240-21-161.eu-west-1.compute.internal:52907/6 disconnected (2012-09-09 09:47:37)
Progress(37) at 2012-09-09 09:47:41: 111008785 states generated (2,939,483 s/min), 13268903 distinct states found (310,603 ds/min), 1116129 states left on queue.
Registration for worker at rmi://ip-10-240-21-8.eu-west-1.compute.internal:42793/0 completed (2012-09-09 09:48:16)
Registration for worker at rmi://ip-10-240-21-8.eu-west-1.compute.internal:42793/7 completed (2012-09-09 09:48:16)
Registration for worker at rmi://ip-10-240-21-8.eu-west-1.compute.internal:42793/1 completed (2012-09-09 09:48:16)
Registration for worker at rmi://ip-10-240-21-8.eu-west-1.compute.internal:42793/4 completed (2012-09-09 09:48:16)
Registration for worker at rmi://ip-10-240-21-8.eu-west-1.compute.internal:42793/6 completed (2012-09-09 09:48:16)
Registration for worker at rmi://ip-10-240-21-8.eu-west-1.compute.internal:42793/3 completed (2012-09-09 09:48:16)
Registration for worker at rmi://ip-10-240-21-8.eu-west-1.compute.internal:42793/5 completed (2012-09-09 09:48:16)
Registration for worker at rmi://ip-10-240-21-8.eu-west-1.compute.internal:42793/2 completed (2012-09-09 09:48:16)
TLC worker rmi://ip-10-240-21-8.eu-west-1.compute.internal:42793/0 disconnected (2012-09-09 09:48:26)
TLC worker rmi://ip-10-240-21-8.eu-west-1.compute.internal:42793/5 disconnected (2012-09-09 09:48:26)
TLC worker rmi://ip-10-240-21-8.eu-west-1.compute.internal:42793/3 disconnected (2012-09-09 09:48:26)
TLC worker rmi://ip-10-240-21-8.eu-west-1.compute.internal:42793/6 disconnected (2012-09-09 09:48:26)
TLC worker rmi://ip-10-240-21-8.eu-west-1.compute.internal:42793/1 disconnected (2012-09-09 09:48:26)
TLC worker rmi://ip-10-240-21-8.eu-west-1.compute.internal:42793/2 disconnected (2012-09-09 09:48:26)
TLC worker rmi://ip-10-240-21-8.eu-west-1.compute.internal:42793/4 disconnected (2012-09-09 09:48:26)
TLC worker connection lost rmi://ip-10-240-21-8.eu-west-1.compute.internal:42793/0 (2012-09-09 09:48:31)
TLC worker connection lost rmi://ip-10-240-21-8.eu-west-1.compute.internal:42793/6 (2012-09-09 09:48:31)
TLC worker connection lost rmi://ip-10-240-21-8.eu-west-1.compute.internal:42793/1 (2012-09-09 09:48:31)
TLC worker connection lost rmi://ip-10-240-21-8.eu-west-1.compute.internal:42793/3 (2012-09-09 09:48:31)
TLC worker connection lost rmi://ip-10-240-21-8.eu-west-1.compute.internal:42793/5 (2012-09-09 09:48:31)
TLC worker connection lost rmi://ip-10-240-21-8.eu-west-1.compute.internal:42793/4 (2012-09-09 09:48:31)
TLC worker connection lost rmi://ip-10-240-21-8.eu-west-1.compute.internal:42793/7 (2012-09-09 09:48:32)
TLC worker rmi://ip-10-240-21-8.eu-west-1.compute.internal:42793/7 disconnected (2012-09-09 09:48:32)
TLC worker connection lost rmi://ip-10-240-21-8.eu-west-1.compute.internal:42793/2 (2012-09-09 09:48:32)
Progress(38) at 2012-09-09 09:48:41: 111580424 states generated (571,639 s/min), 13316262 distinct states found (47,359 ds/min), 1155112 states left on queue.
Registration for worker at rmi://ip-10-240-21-161.eu-west-1.compute.internal:52907/4 completed (2012-09-09 09:48:56)
Registration for worker at rmi://ip-10-240-21-161.eu-west-1.compute.internal:52907/6 completed (2012-09-09 09:48:56)
Registration for worker at rmi://ip-10-240-21-161.eu-west-1.compute.internal:52907/0 completed (2012-09-09 09:48:56)
Registration for worker at rmi://ip-10-240-21-161.eu-west-1.compute.internal:52907/1 completed (2012-09-09 09:48:56)
Registration for worker at rmi://ip-10-240-21-161.eu-west-1.compute.internal:52907/7 completed (2012-09-09 09:48:56)
Registration for worker at rmi://ip-10-240-21-161.eu-west-1.compute.internal:52907/2 completed (2012-09-09 09:48:56)
Registration for worker at rmi://ip-10-240-21-161.eu-west-1.compute.internal:52907/3 completed (2012-09-09 09:48:56)
Registration for worker at rmi://ip-10-240-21-161.eu-west-1.compute.internal:52907/5 completed (2012-09-09 09:48:56)
TLC worker connection lost rmi://ip-10-240-21-161.eu-west-1.compute.internal:52907/6 (2012-09-09 09:49:19)
TLC worker rmi://ip-10-240-21-161.eu-west-1.compute.internal:52907/6 disconnected (2012-09-09 09:49:19)
TLC worker connection lost rmi://ip-10-240-21-161.eu-west-1.compute.internal:52907/1 (2012-09-09 09:49:19)
TLC worker rmi://ip-10-240-21-161.eu-west-1.compute.internal:52907/1 disconnected (2012-09-09 09:49:19)
TLC worker connection lost rmi://ip-10-240-21-161.eu-west-1.compute.internal:52907/4 (2012-09-09 09:49:19)
TLC worker rmi://ip-10-240-21-161.eu-west-1.compute.internal:52907/4 disconnected (2012-09-09 09:49:19)
TLC worker connection lost rmi://ip-10-240-21-161.eu-west-1.compute.internal:52907/0 (2012-09-09 09:49:19)
TLC worker rmi://ip-10-240-21-161.eu-west-1.compute.internal:52907/0 disconnected (2012-09-09 09:49:19)
TLC worker connection lost rmi://ip-10-240-21-161.eu-west-1.compute.internal:52907/7 (2012-09-09 09:49:19)
TLC worker rmi://ip-10-240-21-161.eu-west-1.compute.internal:52907/7 disconnected (2012-09-09 09:49:19)
TLC worker connection lost rmi://ip-10-240-21-161.eu-west-1.compute.internal:52907/2 (2012-09-09 09:49:19)
TLC worker rmi://ip-10-240-21-161.eu-west-1.compute.internal:52907/2 disconnected (2012-09-09 09:49:19)
TLC worker connection lost rmi://ip-10-240-21-161.eu-west-1.compute.internal:52907/3 (2012-09-09 09:49:19)
TLC worker rmi://ip-10-240-21-161.eu-west-1.compute.internal:52907/3 disconnected (2012-09-09 09:49:19)
TLC worker connection lost rmi://ip-10-240-21-161.eu-west-1.compute.internal:52907/5 (2012-09-09 09:49:19)
TLC worker rmi://ip-10-240-21-161.eu-west-1.compute.internal:52907/5 disconnected (2012-09-09 09:49:19)
Progress(38) at 2012-09-09 09:49:41: 112739887 states generated (1,159,463 s/min), 13424917 distinct states found (108,655 ds/min), 1132413 states left on queue.
Registration for worker at rmi://ip-10-240-21-8.eu-west-1.compute.internal:42793/0 completed (2012-09-09 09:50:18)
Registration for worker at rmi://ip-10-240-21-8.eu-west-1.compute.internal:42793/7 completed (2012-09-09 09:50:18)
Registration for worker at rmi://ip-10-240-21-8.eu-west-1.compute.internal:42793/3 completed (2012-09-09 09:50:18)
Registration for worker at rmi://ip-10-240-21-8.eu-west-1.compute.internal:42793/6 completed (2012-09-09 09:50:18)
Registration for worker at rmi://ip-10-240-21-8.eu-west-1.compute.internal:42793/5 completed (2012-09-09 09:50:18)
Registration for worker at rmi://ip-10-240-21-8.eu-west-1.compute.internal:42793/4 completed (2012-09-09 09:50:18)
Registration for worker at rmi://ip-10-240-21-8.eu-west-1.compute.internal:42793/1 completed (2012-09-09 09:50:18)
Registration for worker at rmi://ip-10-240-21-8.eu-west-1.compute.internal:42793/2 completed (2012-09-09 09:50:18)
Progress(38) at 2012-09-09 09:50:41: 113334490 states generated (594,603 s/min), 13492776 distinct states found (67,859 ds/min), 1134427 states left on queue.
Registration for worker at rmi://ip-10-240-21-161.eu-west-1.compute.internal:52907/0 completed (2012-09-09 09:50:46)
Registration for worker at rmi://ip-10-240-21-161.eu-west-1.compute.internal:52907/3 completed (2012-09-09 09:50:46)
Registration for worker at rmi://ip-10-240-21-161.eu-west-1.compute.internal:52907/7 completed (2012-09-09 09:50:46)
Registration for worker at rmi://ip-10-240-21-161.eu-west-1.compute.internal:52907/5 completed (2012-09-09 09:50:46)
Registration for worker at rmi://ip-10-240-21-161.eu-west-1.compute.internal:52907/1 completed (2012-09-09 09:50:46)
Registration for worker at rmi://ip-10-240-21-161.eu-west-1.compute.internal:52907/6 completed (2012-09-09 09:50:46)
Registration for worker at rmi://ip-10-240-21-161.eu-west-1.compute.internal:52907/2 completed (2012-09-09 09:50:46)
Registration for worker at rmi://ip-10-240-21-161.eu-west-1.compute.internal:52907/4 completed (2012-09-09 09:50:46)
TLC worker connection lost rmi://ip-10-240-21-161.eu-west-1.compute.internal:52907/1 (2012-09-09 09:51:21)
TLC worker rmi://ip-10-240-21-161.eu-west-1.compute.internal:52907/1 disconnected (2012-09-09 09:51:21)
TLC worker connection lost rmi://ip-10-240-21-161.eu-west-1.compute.internal:52907/6 (2012-09-09 09:51:21)
TLC worker rmi://ip-10-240-21-161.eu-west-1.compute.internal:52907/6 disconnected (2012-09-09 09:51:21)
TLC worker connection lost rmi://ip-10-240-21-161.eu-west-1.compute.internal:52907/3 (2012-09-09 09:51:21)
TLC worker rmi://ip-10-240-21-161.eu-west-1.compute.internal:52907/3 disconnected (2012-09-09 09:51:21)
TLC worker connection lost rmi://ip-10-240-21-161.eu-west-1.compute.internal:52907/5 (2012-09-09 09:51:21)
TLC worker rmi://ip-10-240-21-161.eu-west-1.compute.internal:52907/5 disconnected (2012-09-09 09:51:21)
TLC worker connection lost rmi://ip-10-240-21-161.eu-west-1.compute.internal:52907/7 (2012-09-09 09:51:21)
TLC worker rmi://ip-10-240-21-161.eu-west-1.compute.internal:52907/7 disconnected (2012-09-09 09:51:21)
TLC worker connection lost rmi://ip-10-240-21-161.eu-west-1.compute.internal:52907/0 (2012-09-09 09:51:21)
TLC worker rmi://ip-10-240-21-161.eu-west-1.compute.internal:52907/0 disconnected (2012-09-09 09:51:21)
TLC worker connection lost rmi://ip-10-240-21-161.eu-west-1.compute.internal:52907/2 (2012-09-09 09:51:21)
TLC worker rmi://ip-10-240-21-161.eu-west-1.compute.internal:52907/2 disconnected (2012-09-09 09:51:21)
TLC worker connection lost rmi://ip-10-240-21-161.eu-west-1.compute.internal:52907/4 (2012-09-09 09:51:21)
TLC worker rmi://ip-10-240-21-161.eu-west-1.compute.internal:52907/4 disconnected (2012-09-09 09:51:21)
TLC worker connection lost rmi://ip-10-240-21-8.eu-west-1.compute.internal:42793/0 (2012-09-09 09:51:22)
TLC worker rmi://ip-10-240-21-8.eu-west-1.compute.internal:42793/0 disconnected (2012-09-09 09:51:22)
TLC worker connection lost rmi://ip-10-240-21-8.eu-west-1.compute.internal:42793/7 (2012-09-09 09:51:22)
TLC worker rmi://ip-10-240-21-8.eu-west-1.compute.internal:42793/7 disconnected (2012-09-09 09:51:22)
TLC worker connection lost rmi://ip-10-240-21-8.eu-west-1.compute.internal:42793/3 (2012-09-09 09:51:22)
TLC worker rmi://ip-10-240-21-8.eu-west-1.compute.internal:42793/3 disconnected (2012-09-09 09:51:22)
TLC worker connection lost rmi://ip-10-240-21-8.eu-west-1.compute.internal:42793/4 (2012-09-09 09:51:22)
TLC worker rmi://ip-10-240-21-8.eu-west-1.compute.internal:42793/4 disconnected (2012-09-09 09:51:22)
TLC worker connection lost rmi://ip-10-240-21-8.eu-west-1.compute.internal:42793/5 (2012-09-09 09:51:22)
TLC worker rmi://ip-10-240-21-8.eu-west-1.compute.internal:42793/5 disconnected (2012-09-09 09:51:22)
TLC worker connection lost rmi://ip-10-240-21-8.eu-west-1.compute.internal:42793/1 (2012-09-09 09:51:22)
TLC worker rmi://ip-10-240-21-8.eu-west-1.compute.internal:42793/1 disconnected (2012-09-09 09:51:22)
TLC worker connection lost rmi://ip-10-240-21-8.eu-west-1.compute.internal:42793/2 (2012-09-09 09:51:23)
TLC worker rmi://ip-10-240-21-8.eu-west-1.compute.internal:42793/2 disconnected (2012-09-09 09:51:23)
TLC worker connection lost rmi://ip-10-240-21-8.eu-west-1.compute.internal:42793/6 (2012-09-09 09:51:23)
TLC worker rmi://ip-10-240-21-8.eu-west-1.compute.internal:42793/6 disconnected (2012-09-09 09:51:23)
Registration for worker at rmi://ip-10-240-21-8.eu-west-1.compute.internal:42793/7 completed (2012-09-09 09:51:27)
Registration for worker at rmi://ip-10-240-21-8.eu-west-1.compute.internal:42793/1 completed (2012-09-09 09:51:27)
Registration for worker at rmi://ip-10-240-21-8.eu-west-1.compute.internal:42793/5 completed (2012-09-09 09:51:27)
Registration for worker at rmi://ip-10-240-21-8.eu-west-1.compute.internal:42793/3 completed (2012-09-09 09:51:27)
Registration for worker at rmi://ip-10-240-21-8.eu-west-1.compute.internal:42793/4 completed (2012-09-09 09:51:27)
Registration for worker at rmi://ip-10-240-21-8.eu-west-1.compute.internal:42793/2 completed (2012-09-09 09:51:27)
Registration for worker at rmi://ip-10-240-21-8.eu-west-1.compute.internal:42793/6 completed (2012-09-09 09:51:27)
Registration for worker at rmi://ip-10-240-21-8.eu-west-1.compute.internal:42793/0 completed (2012-09-09 09:51:27)
Progress(38) at 2012-09-09 09:51:41: 117967869 states generated (4,633,379 s/min), 13920363 distinct states found (427,587 ds/min), 1036276 states left on queue.
Registration for worker at rmi://ip-10-240-21-161.eu-west-1.compute.internal:52907/4 completed (2012-09-09 09:52:22)
Registration for worker at rmi://ip-10-240-21-161.eu-west-1.compute.internal:52907/6 completed (2012-09-09 09:52:22)
Registration for worker at rmi://ip-10-240-21-161.eu-west-1.compute.internal:52907/7 completed (2012-09-09 09:52:22)
Registration for worker at rmi://ip-10-240-21-161.eu-west-1.compute.internal:52907/1 completed (2012-09-09 09:52:22)
Registration for worker at rmi://ip-10-240-21-161.eu-west-1.compute.internal:52907/5 completed (2012-09-09 09:52:22)
Registration for worker at rmi://ip-10-240-21-161.eu-west-1.compute.internal:52907/0 completed (2012-09-09 09:52:22)
Registration for worker at rmi://ip-10-240-21-161.eu-west-1.compute.internal:52907/2 completed (2012-09-09 09:52:22)
Registration for worker at rmi://ip-10-240-21-161.eu-west-1.compute.internal:52907/3 completed (2012-09-09 09:52:22)
TLC worker connection lost rmi://ip-10-240-21-8.eu-west-1.compute.internal:42793/5 (2012-09-09 09:52:29)
TLC worker rmi://ip-10-240-21-8.eu-west-1.compute.internal:42793/5 disconnected (2012-09-09 09:52:29)
TLC worker connection lost rmi://ip-10-240-21-8.eu-west-1.compute.internal:42793/7 (2012-09-09 09:52:29)
TLC worker rmi://ip-10-240-21-8.eu-west-1.compute.internal:42793/7 disconnected (2012-09-09 09:52:29)
TLC worker connection lost rmi://ip-10-240-21-8.eu-west-1.compute.internal:42793/1 (2012-09-09 09:52:29)
TLC worker rmi://ip-10-240-21-8.eu-west-1.compute.internal:42793/1 disconnected (2012-09-09 09:52:29)
TLC worker connection lost rmi://ip-10-240-21-8.eu-west-1.compute.internal:42793/4 (2012-09-09 09:52:29)
TLC worker rmi://ip-10-240-21-8.eu-west-1.compute.internal:42793/4 disconnected (2012-09-09 09:52:29)
TLC worker connection lost rmi://ip-10-240-21-8.eu-west-1.compute.internal:42793/0 (2012-09-09 09:52:29)
TLC worker rmi://ip-10-240-21-8.eu-west-1.compute.internal:42793/0 disconnected (2012-09-09 09:52:29)
TLC worker connection lost rmi://ip-10-240-21-8.eu-west-1.compute.internal:42793/6 (2012-09-09 09:52:29)
TLC worker rmi://ip-10-240-21-8.eu-west-1.compute.internal:42793/6 disconnected (2012-09-09 09:52:29)
TLC worker connection lost rmi://ip-10-240-21-8.eu-west-1.compute.internal:42793/2 (2012-09-09 09:52:29)
TLC worker rmi://ip-10-240-21-8.eu-west-1.compute.internal:42793/2 disconnected (2012-09-09 09:52:29)
TLC worker connection lost rmi://ip-10-240-21-8.eu-west-1.compute.internal:42793/3 (2012-09-09 09:52:29)
TLC worker rmi://ip-10-240-21-8.eu-west-1.compute.internal:42793/3 disconnected (2012-09-09 09:52:29)
Progress(39) at 2012-09-09 09:52:41: 120878955 states generated (2,911,086 s/min), 14202481 distinct states found (282,118 ds/min), 989764 states left on queue.
Registration for worker at rmi://ip-10-240-21-8.eu-west-1.compute.internal:42793/4 completed (2012-09-09 09:52:59)
Registration for worker at rmi://ip-10-240-21-8.eu-west-1.compute.internal:42793/7 completed (2012-09-09 09:52:59)
Registration for worker at rmi://ip-10-240-21-8.eu-west-1.compute.internal:42793/2 completed (2012-09-09 09:52:59)
Registration for worker at rmi://ip-10-240-21-8.eu-west-1.compute.internal:42793/5 completed (2012-09-09 09:52:59)
Registration for worker at rmi://ip-10-240-21-8.eu-west-1.compute.internal:42793/0 completed (2012-09-09 09:52:59)
Registration for worker at rmi://ip-10-240-21-8.eu-west-1.compute.internal:42793/1 completed (2012-09-09 09:52:59)
Registration for worker at rmi://ip-10-240-21-8.eu-west-1.compute.internal:42793/3 completed (2012-09-09 09:52:59)
Registration for worker at rmi://ip-10-240-21-8.eu-west-1.compute.internal:42793/6 completed (2012-09-09 09:52:59)
Progress(39) at 2012-09-09 09:53:41: 125453622 states generated (4,574,667 s/min), 14571508 distinct states found (369,027 ds/min), 833070 states left on queue.
Progress(39) at 2012-09-09 09:54:41: 131682001 states generated (6,228,379 s/min), 15151379 distinct states found (579,871 ds/min), 706856 states left on queue.
TLC worker connection lost rmi://ip-10-240-21-8.eu-west-1.compute.internal:42793/2 (2012-09-09 09:54:50)
TLC worker rmi://ip-10-240-21-8.eu-west-1.compute.internal:42793/2 disconnected (2012-09-09 09:54:50)
TLC worker connection lost rmi://ip-10-240-21-8.eu-west-1.compute.internal:42793/4 (2012-09-09 09:54:50)
TLC worker rmi://ip-10-240-21-8.eu-west-1.compute.internal:42793/4 disconnected (2012-09-09 09:54:50)
TLC worker connection lost rmi://ip-10-240-21-8.eu-west-1.compute.internal:42793/0 (2012-09-09 09:54:50)
TLC worker rmi://ip-10-240-21-8.eu-west-1.compute.internal:42793/0 disconnected (2012-09-09 09:54:50)
TLC worker connection lost rmi://ip-10-240-21-8.eu-west-1.compute.internal:42793/5 (2012-09-09 09:54:50)
TLC worker rmi://ip-10-240-21-8.eu-west-1.compute.internal:42793/5 disconnected (2012-09-09 09:54:50)
TLC worker connection lost rmi://ip-10-240-21-8.eu-west-1.compute.internal:42793/3 (2012-09-09 09:54:50)
TLC worker rmi://ip-10-240-21-8.eu-west-1.compute.internal:42793/3 disconnected (2012-09-09 09:54:50)
TLC worker connection lost rmi://ip-10-240-21-8.eu-west-1.compute.internal:42793/1 (2012-09-09 09:54:50)
TLC worker rmi://ip-10-240-21-8.eu-west-1.compute.internal:42793/1 disconnected (2012-09-09 09:54:50)
TLC worker connection lost rmi://ip-10-240-21-8.eu-west-1.compute.internal:42793/6 (2012-09-09 09:54:50)
TLC worker rmi://ip-10-240-21-8.eu-west-1.compute.internal:42793/6 disconnected (2012-09-09 09:54:50)
TLC worker connection lost rmi://ip-10-240-21-8.eu-west-1.compute.internal:42793/7 (2012-09-09 09:54:50)
TLC worker rmi://ip-10-240-21-8.eu-west-1.compute.internal:42793/7 disconnected (2012-09-09 09:54:50)
TLC worker connection lost rmi://ip-10-240-21-161.eu-west-1.compute.internal:52907/1 (2012-09-09 09:55:05)
TLC worker rmi://ip-10-240-21-161.eu-west-1.compute.internal:52907/1 disconnected (2012-09-09 09:55:05)
TLC worker connection lost rmi://ip-10-240-21-161.eu-west-1.compute.internal:52907/0 (2012-09-09 09:55:05)
TLC worker rmi://ip-10-240-21-161.eu-west-1.compute.internal:52907/0 disconnected (2012-09-09 09:55:05)
TLC worker connection lost rmi://ip-10-240-21-161.eu-west-1.compute.internal:52907/5 (2012-09-09 09:55:05)
TLC worker rmi://ip-10-240-21-161.eu-west-1.compute.internal:52907/5 disconnected (2012-09-09 09:55:05)
TLC worker connection lost rmi://ip-10-240-21-161.eu-west-1.compute.internal:52907/7 (2012-09-09 09:55:05)
TLC worker rmi://ip-10-240-21-161.eu-west-1.compute.internal:52907/7 disconnected (2012-09-09 09:55:05)
TLC worker connection lost rmi://ip-10-240-21-161.eu-west-1.compute.internal:52907/4 (2012-09-09 09:55:05)
TLC worker rmi://ip-10-240-21-161.eu-west-1.compute.internal:52907/4 disconnected (2012-09-09 09:55:05)
TLC worker connection lost rmi://ip-10-240-21-161.eu-west-1.compute.internal:52907/6 (2012-09-09 09:55:05)
TLC worker rmi://ip-10-240-21-161.eu-west-1.compute.internal:52907/6 disconnected (2012-09-09 09:55:05)
TLC worker connection lost rmi://ip-10-240-21-161.eu-west-1.compute.internal:52907/2 (2012-09-09 09:55:05)
TLC worker rmi://ip-10-240-21-161.eu-west-1.compute.internal:52907/2 disconnected (2012-09-09 09:55:05)
TLC worker connection lost rmi://ip-10-240-21-161.eu-west-1.compute.internal:52907/3 (2012-09-09 09:55:05)
TLC worker rmi://ip-10-240-21-161.eu-west-1.compute.internal:52907/3 disconnected (2012-09-09 09:55:05)
Progress(39) at 2012-09-09 09:55:41: 133536974 states generated (1,854,973 s/min), 15301076 distinct states found (149,697 ds/min), 643389 states left on queue.
Progress(39) at 2012-09-09 09:56:41: 133536974 states generated (0 s/min), 15301076 distinct states found (0 ds/min), 643389 states left on queue.
Registration for worker at rmi://ip-10-240-21-8.eu-west-1.compute.internal:42793/1 completed (2012-09-09 09:57:06)
Registration for worker at rmi://ip-10-240-21-8.eu-west-1.compute.internal:42793/2 completed (2012-09-09 09:57:06)
Registration for worker at rmi://ip-10-240-21-8.eu-west-1.compute.internal:42793/0 completed (2012-09-09 09:57:06)
Registration for worker at rmi://ip-10-240-21-8.eu-west-1.compute.internal:42793/5 completed (2012-09-09 09:57:06)
Registration for worker at rmi://ip-10-240-21-8.eu-west-1.compute.internal:42793/4 completed (2012-09-09 09:57:06)
Registration for worker at rmi://ip-10-240-21-8.eu-west-1.compute.internal:42793/3 completed (2012-09-09 09:57:06)
Registration for worker at rmi://ip-10-240-21-8.eu-west-1.compute.internal:42793/7 completed (2012-09-09 09:57:06)
Registration for worker at rmi://ip-10-240-21-8.eu-west-1.compute.internal:42793/6 completed (2012-09-09 09:57:06)
Progress(39) at 2012-09-09 09:57:41: 134699249 states generated (1,162,275 s/min), 15412271 distinct states found (111,195 ds/min), 623195 states left on queue.
Registration for worker at rmi://ip-10-240-21-161.eu-west-1.compute.internal:52907/0 completed (2012-09-09 09:57:51)
Registration for worker at rmi://ip-10-240-21-161.eu-west-1.compute.internal:52907/2 completed (2012-09-09 09:57:51)
Registration for worker at rmi://ip-10-240-21-161.eu-west-1.compute.internal:52907/6 completed (2012-09-09 09:57:51)
Registration for worker at rmi://ip-10-240-21-161.eu-west-1.compute.internal:52907/7 completed (2012-09-09 09:57:51)
Registration for worker at rmi://ip-10-240-21-161.eu-west-1.compute.internal:52907/1 completed (2012-09-09 09:57:51)
Registration for worker at rmi://ip-10-240-21-161.eu-west-1.compute.internal:52907/4 completed (2012-09-09 09:57:51)
Registration for worker at rmi://ip-10-240-21-161.eu-west-1.compute.internal:52907/3 completed (2012-09-09 09:57:51)
Registration for worker at rmi://ip-10-240-21-161.eu-west-1.compute.internal:52907/5 completed (2012-09-09 09:57:51)
TLC worker connection lost rmi://ip-10-240-21-8.eu-west-1.compute.internal:42793/2 (2012-09-09 09:58:31)
TLC worker rmi://ip-10-240-21-8.eu-west-1.compute.internal:42793/2 disconnected (2012-09-09 09:58:31)
TLC worker connection lost rmi://ip-10-240-21-8.eu-west-1.compute.internal:42793/1 (2012-09-09 09:58:31)
TLC worker rmi://ip-10-240-21-8.eu-west-1.compute.internal:42793/1 disconnected (2012-09-09 09:58:31)
TLC worker connection lost rmi://ip-10-240-21-8.eu-west-1.compute.internal:42793/6 (2012-09-09 09:58:32)
TLC worker rmi://ip-10-240-21-8.eu-west-1.compute.internal:42793/6 disconnected (2012-09-09 09:58:32)
TLC worker connection lost rmi://ip-10-240-21-8.eu-west-1.compute.internal:42793/0 (2012-09-09 09:58:32)
TLC worker rmi://ip-10-240-21-8.eu-west-1.compute.internal:42793/0 disconnected (2012-09-09 09:58:32)
TLC worker connection lost rmi://ip-10-240-21-8.eu-west-1.compute.internal:42793/4 (2012-09-09 09:58:32)
TLC worker rmi://ip-10-240-21-8.eu-west-1.compute.internal:42793/4 disconnected (2012-09-09 09:58:32)
TLC worker connection lost rmi://ip-10-240-21-8.eu-west-1.compute.internal:42793/3 (2012-09-09 09:58:32)
TLC worker rmi://ip-10-240-21-8.eu-west-1.compute.internal:42793/3 disconnected (2012-09-09 09:58:32)
TLC worker connection lost rmi://ip-10-240-21-8.eu-west-1.compute.internal:42793/5 (2012-09-09 09:58:32)
TLC worker rmi://ip-10-240-21-8.eu-west-1.compute.internal:42793/5 disconnected (2012-09-09 09:58:32)
TLC worker connection lost rmi://ip-10-240-21-8.eu-west-1.compute.internal:42793/7 (2012-09-09 09:58:32)
TLC worker rmi://ip-10-240-21-8.eu-west-1.compute.internal:42793/7 disconnected (2012-09-09 09:58:32)
Progress(39) at 2012-09-09 09:58:41: 139863866 states generated (5,164,617 s/min), 15852112 distinct states found (439,841 ds/min), 472422 states left on queue.
TLC worker connection lost rmi://ip-10-240-21-161.eu-west-1.compute.internal:52907/3 (2012-09-09 09:59:38)
TLC worker rmi://ip-10-240-21-161.eu-west-1.compute.internal:52907/3 disconnected (2012-09-09 09:59:38)
Progress(39) at 2012-09-09 09:59:41: 142159321 states generated (2,295,455 s/min), 16047886 distinct states found (195,774 ds/min), 405728 states left on queue.
TLC worker connection lost rmi://ip-10-240-21-161.eu-west-1.compute.internal:52907/6 (2012-09-09 09:59:48)
TLC worker rmi://ip-10-240-21-161.eu-west-1.compute.internal:52907/6 disconnected (2012-09-09 09:59:48)
TLC worker connection lost rmi://ip-10-240-21-161.eu-west-1.compute.internal:52907/7 (2012-09-09 09:59:49)
TLC worker rmi://ip-10-240-21-161.eu-west-1.compute.internal:52907/7 disconnected (2012-09-09 09:59:49)
TLC worker connection lost rmi://ip-10-240-21-161.eu-west-1.compute.internal:52907/2 (2012-09-09 09:59:49)
TLC worker rmi://ip-10-240-21-161.eu-west-1.compute.internal:52907/2 disconnected (2012-09-09 09:59:49)
TLC worker connection lost rmi://ip-10-240-21-161.eu-west-1.compute.internal:52907/4 (2012-09-09 09:59:49)
TLC worker rmi://ip-10-240-21-161.eu-west-1.compute.internal:52907/4 disconnected (2012-09-09 09:59:49)
TLC worker connection lost rmi://ip-10-240-21-161.eu-west-1.compute.internal:52907/5 (2012-09-09 09:59:50)
TLC worker rmi://ip-10-240-21-161.eu-west-1.compute.internal:52907/5 disconnected (2012-09-09 09:59:50)
TLC worker connection lost rmi://ip-10-240-21-161.eu-west-1.compute.internal:52907/0 (2012-09-09 09:59:50)
TLC worker rmi://ip-10-240-21-161.eu-west-1.compute.internal:52907/0 disconnected (2012-09-09 09:59:50)
TLC worker connection lost rmi://ip-10-240-21-161.eu-west-1.compute.internal:52907/1 (2012-09-09 09:59:51)
TLC worker rmi://ip-10-240-21-161.eu-west-1.compute.internal:52907/1 disconnected (2012-09-09 09:59:51)
Progress(39) at 2012-09-09 10:00:41: 142650213 states generated (490,892 s/min), 16080033 distinct states found (32,147 ds/min), 380531 states left on queue.
Registration for worker at rmi://ip-10-240-21-8.eu-west-1.compute.internal:42793/6 completed (2012-09-09 10:01:04)
Registration for worker at rmi://ip-10-240-21-8.eu-west-1.compute.internal:42793/4 completed (2012-09-09 10:01:04)
Registration for worker at rmi://ip-10-240-21-8.eu-west-1.compute.internal:42793/7 completed (2012-09-09 10:01:04)
Registration for worker at rmi://ip-10-240-21-8.eu-west-1.compute.internal:42793/5 completed (2012-09-09 10:01:04)
Registration for worker at rmi://ip-10-240-21-8.eu-west-1.compute.internal:42793/1 completed (2012-09-09 10:01:04)
Registration for worker at rmi://ip-10-240-21-8.eu-west-1.compute.internal:42793/2 completed (2012-09-09 10:01:04)
Registration for worker at rmi://ip-10-240-21-8.eu-west-1.compute.internal:42793/0 completed (2012-09-09 10:01:04)
Registration for worker at rmi://ip-10-240-21-8.eu-west-1.compute.internal:42793/3 completed (2012-09-09 10:01:04)
Registration for worker at rmi://ip-10-240-21-161.eu-west-1.compute.internal:52907/0 completed (2012-09-09 10:01:35)
Registration for worker at rmi://ip-10-240-21-161.eu-west-1.compute.internal:52907/7 completed (2012-09-09 10:01:35)
Registration for worker at rmi://ip-10-240-21-161.eu-west-1.compute.internal:52907/6 completed (2012-09-09 10:01:35)
Registration for worker at rmi://ip-10-240-21-161.eu-west-1.compute.internal:52907/4 completed (2012-09-09 10:01:35)
Registration for worker at rmi://ip-10-240-21-161.eu-west-1.compute.internal:52907/5 completed (2012-09-09 10:01:35)
Registration for worker at rmi://ip-10-240-21-161.eu-west-1.compute.internal:52907/3 completed (2012-09-09 10:01:35)
Registration for worker at rmi://ip-10-240-21-161.eu-west-1.compute.internal:52907/1 completed (2012-09-09 10:01:35)
Registration for worker at rmi://ip-10-240-21-161.eu-west-1.compute.internal:52907/2 completed (2012-09-09 10:01:35)
Progress(39) at 2012-09-09 10:01:41: 144293253 states generated (1,643,040 s/min), 16214279 distinct states found (134,246 ds/min), 326172 states left on queue.
Progress(47) at 2012-09-09 10:02:41: 149480855 states generated (5,187,602 s/min), 16615851 distinct states found (401,572 ds/min), 129472 states left on queue.
Worker: rmi://ip-10-240-21-161.eu-west-1.compute.internal:52907/5 Sent: 58685 Rcvd: 58177 CacheRatio: 0.03 (2012-09-09 10:03:00)
Worker: rmi://ip-10-240-21-161.eu-west-1.compute.internal:52907/7 Sent: 58655 Rcvd: 48211 CacheRatio: 0.03 (2012-09-09 10:03:00)
Worker: rmi://ip-10-240-21-161.eu-west-1.compute.internal:52907/4 Sent: 58997 Rcvd: 58719 CacheRatio: 0.02 (2012-09-09 10:03:00)
Worker: rmi://ip-10-240-21-8.eu-west-1.compute.internal:42793/7 Sent: 74168 Rcvd: 69392 CacheRatio: 0.03 (2012-09-09 10:03:00)
Worker: rmi://ip-10-240-21-8.eu-west-1.compute.internal:42793/6 Sent: 75754 Rcvd: 60828 CacheRatio: 0.03 (2012-09-09 10:03:00)
Worker: rmi://ip-10-240-21-161.eu-west-1.compute.internal:52907/2 Sent: 59266 Rcvd: 58497 CacheRatio: 0.03 (2012-09-09 10:03:00)
Worker: rmi://ip-10-240-21-8.eu-west-1.compute.internal:42793/2 Sent: 76497 Rcvd: 39272 CacheRatio: 0.03 (2012-09-09 10:03:00)
Worker: rmi://ip-10-240-21-8.eu-west-1.compute.internal:42793/4 Sent: 72227 Rcvd: 32559 CacheRatio: 0.03 (2012-09-09 10:03:00)
Worker: rmi://ip-10-240-21-161.eu-west-1.compute.internal:52907/3 Sent: 59258 Rcvd: 36816 CacheRatio: 0.03 (2012-09-09 10:03:00)
Worker: rmi://ip-10-240-21-8.eu-west-1.compute.internal:42793/0 Sent: 76720 Rcvd: 91814 CacheRatio: 0.03 (2012-09-09 10:03:00)
Worker: rmi://ip-10-240-21-161.eu-west-1.compute.internal:52907/0 Sent: 60109 Rcvd: 49173 CacheRatio: 0.03 (2012-09-09 10:03:00)
Worker: rmi://ip-10-240-21-161.eu-west-1.compute.internal:52907/1 Sent: 59797 Rcvd: 74132 CacheRatio: 0.04 (2012-09-09 10:03:00)
Worker: rmi://ip-10-240-21-8.eu-west-1.compute.internal:42793/1 Sent: 76389 Rcvd: 72023 CacheRatio: 0.03 (2012-09-09 10:03:00)
Worker: rmi://ip-10-240-21-8.eu-west-1.compute.internal:42793/3 Sent: 75397 Rcvd: 80457 CacheRatio: 0.03 (2012-09-09 10:03:00)
Worker: rmi://ip-10-240-21-161.eu-west-1.compute.internal:52907/6 Sent: 59089 Rcvd: 44435 CacheRatio: 0.03 (2012-09-09 10:03:00)
Worker: rmi://ip-10-240-21-8.eu-west-1.compute.internal:42793/5 Sent: 76706 Rcvd: 64716 CacheRatio: 0.03 (2012-09-09 10:03:00)
Model checking completed. No error has been found.
  Estimates of the probability that TLC did not check all reachable states
  because two distinct states had the same fingerprint:
  calculated (optimistic):  val = 0.0
  based on the actual fingerprints:  val = 7.9E-11
151968357 states generated, 16777216 distinct states found, 0 states left on queue.
The depth of the complete state graph search is 47.
Finished. (2012-09-09 10:03:17)
ip-10-240-25-190, work completed. Thank you!
