TLC Server Version 2.05 of 18 May 2012
Parsing file /tmp/9481/spec/l12_n6.tla
Parsing file /tmp/9481/spec/GridPerformanceTest.tla
Parsing file /tmp/9481/tla/tla2sany/StandardModules/TLC.tla
Parsing file /tmp/9481/tla/tla2sany/StandardModules/Integers.tla
Parsing file /tmp/9481/tla/tla2sany/StandardModules/FiniteSets.tla
Parsing file /tmp/9481/tla/tla2sany/StandardModules/Naturals.tla
Parsing file /tmp/9481/tla/tla2sany/StandardModules/Sequences.tla
Semantic processing of module Naturals
Semantic processing of module Integers
Semantic processing of module Sequences
Semantic processing of module FiniteSets
Semantic processing of module GridPerformanceTest
Semantic processing of module TLC
Semantic processing of module l12_n6
Starting... (2012-08-13 15:06:13)
Computing initial states...
Finished computing initial states: 1 distinct state(s) generated.
TLC server at stremi-8.reims.grid5000.fr is ready (2012-08-13 15:06:14)
Registration for worker at rmi://stremi-42.reims.grid5000.fr:55011 completed (2012-08-13 15:06:15)
Registration for worker at rmi://stremi-42.reims.grid5000.fr:55011 completed (2012-08-13 15:06:15)
Registration for worker at rmi://stremi-42.reims.grid5000.fr:55011 completed (2012-08-13 15:06:15)
Registration for worker at rmi://stremi-4.reims.grid5000.fr:52798 completed (2012-08-13 15:06:15)
Registration for worker at rmi://stremi-42.reims.grid5000.fr:55011 completed (2012-08-13 15:06:15)
Registration for worker at rmi://stremi-4.reims.grid5000.fr:52798 completed (2012-08-13 15:06:15)
Registration for worker at rmi://stremi-4.reims.grid5000.fr:52798 completed (2012-08-13 15:06:15)
Registration for worker at rmi://stremi-4.reims.grid5000.fr:52798 completed (2012-08-13 15:06:15)
Registration for worker at rmi://stremi-42.reims.grid5000.fr:55011 completed (2012-08-13 15:06:15)
Registration for worker at rmi://stremi-4.reims.grid5000.fr:52798 completed (2012-08-13 15:06:15)
Registration for worker at rmi://stremi-4.reims.grid5000.fr:52798 completed (2012-08-13 15:06:15)
Registration for worker at rmi://stremi-42.reims.grid5000.fr:55011 completed (2012-08-13 15:06:15)
Registration for worker at rmi://stremi-42.reims.grid5000.fr:55011 completed (2012-08-13 15:06:15)
Registration for worker at rmi://stremi-4.reims.grid5000.fr:52798 completed (2012-08-13 15:06:15)
Registration for worker at rmi://stremi-42.reims.grid5000.fr:55011 completed (2012-08-13 15:06:15)
Registration for worker at rmi://stremi-42.reims.grid5000.fr:55011 completed (2012-08-13 15:06:15)
Registration for worker at rmi://stremi-4.reims.grid5000.fr:52798 completed (2012-08-13 15:06:15)
Registration for worker at rmi://stremi-42.reims.grid5000.fr:55011 completed (2012-08-13 15:06:15)
Registration for worker at rmi://stremi-4.reims.grid5000.fr:52798 completed (2012-08-13 15:06:15)
Registration for worker at rmi://stremi-42.reims.grid5000.fr:55011 completed (2012-08-13 15:06:15)
Registration for worker at rmi://stremi-42.reims.grid5000.fr:55011 completed (2012-08-13 15:06:15)
Registration for worker at rmi://stremi-4.reims.grid5000.fr:52798 completed (2012-08-13 15:06:15)
Registration for worker at rmi://stremi-42.reims.grid5000.fr:55011 completed (2012-08-13 15:06:15)
Registration for worker at rmi://stremi-4.reims.grid5000.fr:52798 completed (2012-08-13 15:06:15)
Registration for worker at rmi://stremi-42.reims.grid5000.fr:55011 completed (2012-08-13 15:06:15)
Registration for worker at rmi://stremi-4.reims.grid5000.fr:52798 completed (2012-08-13 15:06:15)
Registration for worker at rmi://stremi-42.reims.grid5000.fr:55011 completed (2012-08-13 15:06:15)
Registration for worker at rmi://stremi-42.reims.grid5000.fr:55011 completed (2012-08-13 15:06:15)
Registration for worker at rmi://stremi-42.reims.grid5000.fr:55011 completed (2012-08-13 15:06:15)
Registration for worker at rmi://stremi-42.reims.grid5000.fr:55011 completed (2012-08-13 15:06:15)
Registration for worker at rmi://stremi-4.reims.grid5000.fr:52798 completed (2012-08-13 15:06:15)
Registration for worker at rmi://stremi-42.reims.grid5000.fr:55011 completed (2012-08-13 15:06:15)
Registration for worker at rmi://stremi-4.reims.grid5000.fr:52798 completed (2012-08-13 15:06:15)
Registration for worker at rmi://stremi-4.reims.grid5000.fr:52798 completed (2012-08-13 15:06:15)
Registration for worker at rmi://stremi-4.reims.grid5000.fr:52798 completed (2012-08-13 15:06:15)
Registration for worker at rmi://stremi-4.reims.grid5000.fr:52798 completed (2012-08-13 15:06:15)
Registration for worker at rmi://stremi-4.reims.grid5000.fr:52798 completed (2012-08-13 15:06:15)
Registration for worker at rmi://stremi-4.reims.grid5000.fr:52798 completed (2012-08-13 15:06:15)
Registration for worker at rmi://stremi-4.reims.grid5000.fr:52798 completed (2012-08-13 15:06:15)
Registration for worker at rmi://stremi-4.reims.grid5000.fr:52798 completed (2012-08-13 15:06:15)
Registration for worker at rmi://stremi-42.reims.grid5000.fr:55011 completed (2012-08-13 15:06:15)
Registration for worker at rmi://stremi-42.reims.grid5000.fr:55011 completed (2012-08-13 15:06:15)
Registration for worker at rmi://stremi-4.reims.grid5000.fr:52798 completed (2012-08-13 15:06:15)
Registration for worker at rmi://stremi-4.reims.grid5000.fr:52798 completed (2012-08-13 15:06:15)
Registration for worker at rmi://stremi-42.reims.grid5000.fr:55011 completed (2012-08-13 15:06:15)
Registration for worker at rmi://stremi-42.reims.grid5000.fr:55011 completed (2012-08-13 15:06:15)
Registration for worker at rmi://stremi-42.reims.grid5000.fr:55011 completed (2012-08-13 15:06:15)
Registration for worker at rmi://stremi-4.reims.grid5000.fr:52798 completed (2012-08-13 15:06:15)
Registration for worker at rmi://stremi-40.reims.grid5000.fr:35348 completed (2012-08-13 15:06:16)
Registration for worker at rmi://stremi-40.reims.grid5000.fr:35348 completed (2012-08-13 15:06:16)
Registration for worker at rmi://stremi-40.reims.grid5000.fr:35348 completed (2012-08-13 15:06:16)
Registration for worker at rmi://stremi-40.reims.grid5000.fr:35348 completed (2012-08-13 15:06:16)
Registration for worker at rmi://stremi-40.reims.grid5000.fr:35348 completed (2012-08-13 15:06:16)
Registration for worker at rmi://stremi-40.reims.grid5000.fr:35348 completed (2012-08-13 15:06:16)
Registration for worker at rmi://stremi-40.reims.grid5000.fr:35348 completed (2012-08-13 15:06:16)
Registration for worker at rmi://stremi-40.reims.grid5000.fr:35348 completed (2012-08-13 15:06:16)
Registration for worker at rmi://stremi-40.reims.grid5000.fr:35348 completed (2012-08-13 15:06:16)
Registration for worker at rmi://stremi-40.reims.grid5000.fr:35348 completed (2012-08-13 15:06:16)
Registration for worker at rmi://stremi-40.reims.grid5000.fr:35348 completed (2012-08-13 15:06:16)
Registration for worker at rmi://stremi-40.reims.grid5000.fr:35348 completed (2012-08-13 15:06:16)
Registration for worker at rmi://stremi-40.reims.grid5000.fr:35348 completed (2012-08-13 15:06:16)
Registration for worker at rmi://stremi-40.reims.grid5000.fr:35348 completed (2012-08-13 15:06:16)
Registration for worker at rmi://stremi-40.reims.grid5000.fr:35348 completed (2012-08-13 15:06:16)
Registration for worker at rmi://stremi-40.reims.grid5000.fr:35348 completed (2012-08-13 15:06:16)
Registration for worker at rmi://stremi-40.reims.grid5000.fr:35348 completed (2012-08-13 15:06:16)
Registration for worker at rmi://stremi-40.reims.grid5000.fr:35348 completed (2012-08-13 15:06:16)
Registration for worker at rmi://stremi-40.reims.grid5000.fr:35348 completed (2012-08-13 15:06:16)
Registration for worker at rmi://stremi-40.reims.grid5000.fr:35348 completed (2012-08-13 15:06:16)
Registration for worker at rmi://stremi-40.reims.grid5000.fr:35348 completed (2012-08-13 15:06:16)
Registration for worker at rmi://stremi-40.reims.grid5000.fr:35348 completed (2012-08-13 15:06:16)
Registration for worker at rmi://stremi-40.reims.grid5000.fr:35348 completed (2012-08-13 15:06:16)
Registration for worker at rmi://stremi-41.reims.grid5000.fr:52736 completed (2012-08-13 15:06:16)
Registration for worker at rmi://stremi-41.reims.grid5000.fr:52736 completed (2012-08-13 15:06:16)
Registration for worker at rmi://stremi-41.reims.grid5000.fr:52736 completed (2012-08-13 15:06:16)
Registration for worker at rmi://stremi-41.reims.grid5000.fr:52736 completed (2012-08-13 15:06:16)
Registration for worker at rmi://stremi-41.reims.grid5000.fr:52736 completed (2012-08-13 15:06:16)
Registration for worker at rmi://stremi-41.reims.grid5000.fr:52736 completed (2012-08-13 15:06:16)
Registration for worker at rmi://stremi-41.reims.grid5000.fr:52736 completed (2012-08-13 15:06:16)
Registration for worker at rmi://stremi-41.reims.grid5000.fr:52736 completed (2012-08-13 15:06:16)
Registration for worker at rmi://stremi-41.reims.grid5000.fr:52736 completed (2012-08-13 15:06:16)
Registration for worker at rmi://stremi-41.reims.grid5000.fr:52736 completed (2012-08-13 15:06:16)
Registration for worker at rmi://stremi-41.reims.grid5000.fr:52736 completed (2012-08-13 15:06:16)
Registration for worker at rmi://stremi-41.reims.grid5000.fr:52736 completed (2012-08-13 15:06:16)
Registration for worker at rmi://stremi-41.reims.grid5000.fr:52736 completed (2012-08-13 15:06:16)
Registration for worker at rmi://stremi-41.reims.grid5000.fr:52736 completed (2012-08-13 15:06:16)
Registration for worker at rmi://stremi-41.reims.grid5000.fr:52736 completed (2012-08-13 15:06:16)
Registration for worker at rmi://stremi-41.reims.grid5000.fr:52736 completed (2012-08-13 15:06:16)
Registration for worker at rmi://stremi-41.reims.grid5000.fr:52736 completed (2012-08-13 15:06:16)
Registration for worker at rmi://stremi-41.reims.grid5000.fr:52736 completed (2012-08-13 15:06:16)
Registration for worker at rmi://stremi-41.reims.grid5000.fr:52736 completed (2012-08-13 15:06:16)
Registration for worker at rmi://stremi-41.reims.grid5000.fr:52736 completed (2012-08-13 15:06:16)
Registration for worker at rmi://stremi-41.reims.grid5000.fr:52736 completed (2012-08-13 15:06:16)
Registration for worker at rmi://stremi-41.reims.grid5000.fr:52736 completed (2012-08-13 15:06:16)
Registration for worker at rmi://stremi-41.reims.grid5000.fr:52736 completed (2012-08-13 15:06:16)
Registration for worker at rmi://stremi-41.reims.grid5000.fr:52736 completed (2012-08-13 15:06:16)
Registration for worker at rmi://stremi-40.reims.grid5000.fr:35348 completed (2012-08-13 15:06:16)
Worker: rmi://stremi-42.reims.grid5000.fr:55011 Sent: 2672 Rcvd: 223 (2012-08-13 15:06:47)
Worker: rmi://stremi-4.reims.grid5000.fr:52798 Sent: 2529 Rcvd: 964 (2012-08-13 15:06:47)
Worker: rmi://stremi-42.reims.grid5000.fr:55011 Sent: 2610 Rcvd: 494 (2012-08-13 15:06:47)
Worker: rmi://stremi-40.reims.grid5000.fr:35348 Sent: 2563 Rcvd: 706 (2012-08-13 15:06:47)
Worker: rmi://stremi-40.reims.grid5000.fr:35348 Sent: 2869 Rcvd: 932 (2012-08-13 15:06:47)
Worker: rmi://stremi-42.reims.grid5000.fr:55011 Sent: 2411 Rcvd: 851 (2012-08-13 15:06:47)
Worker: rmi://stremi-40.reims.grid5000.fr:35348 Sent: 2532 Rcvd: 762 (2012-08-13 15:06:47)
Worker: rmi://stremi-4.reims.grid5000.fr:52798 Sent: 2513 Rcvd: 1024 (2012-08-13 15:06:47)
Worker: rmi://stremi-4.reims.grid5000.fr:52798 Sent: 2593 Rcvd: 715 (2012-08-13 15:06:48)
Worker: rmi://stremi-41.reims.grid5000.fr:52736 Sent: 2861 Rcvd: 796 (2012-08-13 15:06:48)
Worker: rmi://stremi-4.reims.grid5000.fr:52798 Sent: 2691 Rcvd: 959 (2012-08-13 15:06:48)
Worker: rmi://stremi-4.reims.grid5000.fr:52798 Sent: 2471 Rcvd: 715 (2012-08-13 15:06:48)
Worker: rmi://stremi-40.reims.grid5000.fr:35348 Sent: 2458 Rcvd: 1030 (2012-08-13 15:06:48)
Worker: rmi://stremi-4.reims.grid5000.fr:52798 Sent: 2594 Rcvd: 676 (2012-08-13 15:06:48)
Worker: rmi://stremi-40.reims.grid5000.fr:35348 Sent: 2459 Rcvd: 731 (2012-08-13 15:06:48)
Worker: rmi://stremi-40.reims.grid5000.fr:35348 Sent: 2791 Rcvd: 878 (2012-08-13 15:06:48)
Worker: rmi://stremi-40.reims.grid5000.fr:35348 Sent: 2585 Rcvd: 1054 (2012-08-13 15:06:48)
Worker: rmi://stremi-42.reims.grid5000.fr:55011 Sent: 2486 Rcvd: 920 (2012-08-13 15:06:48)
Worker: rmi://stremi-42.reims.grid5000.fr:55011 Sent: 2973 Rcvd: 456 (2012-08-13 15:06:48)
Worker: rmi://stremi-40.reims.grid5000.fr:35348 Sent: 2497 Rcvd: 808 (2012-08-13 15:06:48)
Worker: rmi://stremi-42.reims.grid5000.fr:55011 Sent: 2724 Rcvd: 771 (2012-08-13 15:06:48)
Worker: rmi://stremi-41.reims.grid5000.fr:52736 Sent: 2845 Rcvd: 1106 (2012-08-13 15:06:48)
Worker: rmi://stremi-41.reims.grid5000.fr:52736 Sent: 2984 Rcvd: 853 (2012-08-13 15:06:48)
Worker: rmi://stremi-4.reims.grid5000.fr:52798 Sent: 2663 Rcvd: 487 (2012-08-13 15:06:48)
Worker: rmi://stremi-41.reims.grid5000.fr:52736 Sent: 3460 Rcvd: 1227 (2012-08-13 15:06:48)
Worker: rmi://stremi-41.reims.grid5000.fr:52736 Sent: 2967 Rcvd: 669 (2012-08-13 15:06:48)
Worker: rmi://stremi-41.reims.grid5000.fr:52736 Sent: 2937 Rcvd: 1008 (2012-08-13 15:06:48)
Worker: rmi://stremi-40.reims.grid5000.fr:35348 Sent: 2537 Rcvd: 763 (2012-08-13 15:06:48)
Worker: rmi://stremi-4.reims.grid5000.fr:52798 Sent: 2535 Rcvd: 687 (2012-08-13 15:06:48)
Worker: rmi://stremi-41.reims.grid5000.fr:52736 Sent: 2918 Rcvd: 1140 (2012-08-13 15:06:48)
Worker: rmi://stremi-41.reims.grid5000.fr:52736 Sent: 2965 Rcvd: 936 (2012-08-13 15:06:48)
Worker: rmi://stremi-4.reims.grid5000.fr:52798 Sent: 2452 Rcvd: 1072 (2012-08-13 15:06:48)
Worker: rmi://stremi-4.reims.grid5000.fr:52798 Sent: 2533 Rcvd: 661 (2012-08-13 15:06:48)
Worker: rmi://stremi-42.reims.grid5000.fr:55011 Sent: 2617 Rcvd: 813 (2012-08-13 15:06:48)
Worker: rmi://stremi-40.reims.grid5000.fr:35348 Sent: 2504 Rcvd: 797 (2012-08-13 15:06:48)
Worker: rmi://stremi-4.reims.grid5000.fr:52798 Sent: 2721 Rcvd: 1104 (2012-08-13 15:06:48)
Worker: rmi://stremi-42.reims.grid5000.fr:55011 Sent: 2746 Rcvd: 614 (2012-08-13 15:06:48)
Worker: rmi://stremi-41.reims.grid5000.fr:52736 Sent: 3011 Rcvd: 876 (2012-08-13 15:06:48)
Worker: rmi://stremi-4.reims.grid5000.fr:52798 Sent: 2578 Rcvd: 677 (2012-08-13 15:06:48)
Worker: rmi://stremi-42.reims.grid5000.fr:55011 Sent: 2770 Rcvd: 774 (2012-08-13 15:06:48)
Worker: rmi://stremi-41.reims.grid5000.fr:52736 Sent: 2948 Rcvd: 881 (2012-08-13 15:06:48)
Worker: rmi://stremi-4.reims.grid5000.fr:52798 Sent: 2641 Rcvd: 987 (2012-08-13 15:06:48)
Worker: rmi://stremi-40.reims.grid5000.fr:35348 Sent: 2518 Rcvd: 781 (2012-08-13 15:06:48)
Worker: rmi://stremi-4.reims.grid5000.fr:52798 Sent: 2640 Rcvd: 743 (2012-08-13 15:06:48)
Worker: rmi://stremi-41.reims.grid5000.fr:52736 Sent: 2871 Rcvd: 1029 (2012-08-13 15:06:48)
Worker: rmi://stremi-42.reims.grid5000.fr:55011 Sent: 2739 Rcvd: 698 (2012-08-13 15:06:48)
Worker: rmi://stremi-4.reims.grid5000.fr:52798 Sent: 2662 Rcvd: 888 (2012-08-13 15:06:48)
Worker: rmi://stremi-40.reims.grid5000.fr:35348 Sent: 2507 Rcvd: 485 (2012-08-13 15:06:48)
Worker: rmi://stremi-42.reims.grid5000.fr:55011 Sent: 2640 Rcvd: 861 (2012-08-13 15:06:48)
Worker: rmi://stremi-42.reims.grid5000.fr:55011 Sent: 2648 Rcvd: 794 (2012-08-13 15:06:48)
Worker: rmi://stremi-41.reims.grid5000.fr:52736 Sent: 2902 Rcvd: 976 (2012-08-13 15:06:48)
Worker: rmi://stremi-41.reims.grid5000.fr:52736 Sent: 2848 Rcvd: 1168 (2012-08-13 15:06:48)
Worker: rmi://stremi-4.reims.grid5000.fr:52798 Sent: 2550 Rcvd: 901 (2012-08-13 15:06:48)
Worker: rmi://stremi-41.reims.grid5000.fr:52736 Sent: 3013 Rcvd: 964 (2012-08-13 15:06:48)
Worker: rmi://stremi-40.reims.grid5000.fr:35348 Sent: 2432 Rcvd: 1135 (2012-08-13 15:06:48)
Worker: rmi://stremi-40.reims.grid5000.fr:35348 Sent: 2515 Rcvd: 631 (2012-08-13 15:06:48)
Worker: rmi://stremi-41.reims.grid5000.fr:52736 Sent: 3735 Rcvd: 594 (2012-08-13 15:06:48)
Worker: rmi://stremi-4.reims.grid5000.fr:52798 Sent: 2544 Rcvd: 768 (2012-08-13 15:06:48)
Worker: rmi://stremi-41.reims.grid5000.fr:52736 Sent: 2974 Rcvd: 903 (2012-08-13 15:06:48)
Worker: rmi://stremi-40.reims.grid5000.fr:35348 Sent: 2535 Rcvd: 943 (2012-08-13 15:06:48)
Worker: rmi://stremi-40.reims.grid5000.fr:35348 Sent: 2653 Rcvd: 222 (2012-08-13 15:06:48)
Worker: rmi://stremi-42.reims.grid5000.fr:55011 Sent: 2673 Rcvd: 989 (2012-08-13 15:06:48)
Worker: rmi://stremi-42.reims.grid5000.fr:55011 Sent: 2729 Rcvd: 612 (2012-08-13 15:06:48)
Worker: rmi://stremi-40.reims.grid5000.fr:35348 Sent: 2456 Rcvd: 943 (2012-08-13 15:06:48)
Worker: rmi://stremi-42.reims.grid5000.fr:55011 Sent: 4161 Rcvd: 484 (2012-08-13 15:06:48)
Worker: rmi://stremi-42.reims.grid5000.fr:55011 Sent: 2832 Rcvd: 947 (2012-08-13 15:06:48)
Worker: rmi://stremi-4.reims.grid5000.fr:52798 Sent: 2605 Rcvd: 556 (2012-08-13 15:06:48)
Worker: rmi://stremi-4.reims.grid5000.fr:52798 Sent: 2795 Rcvd: 682 (2012-08-13 15:06:48)
Worker: rmi://stremi-41.reims.grid5000.fr:52736 Sent: 2990 Rcvd: 947 (2012-08-13 15:06:48)
Worker: rmi://stremi-40.reims.grid5000.fr:35348 Sent: 2341 Rcvd: 861 (2012-08-13 15:06:48)
Worker: rmi://stremi-42.reims.grid5000.fr:55011 Sent: 2830 Rcvd: 657 (2012-08-13 15:06:48)
Worker: rmi://stremi-42.reims.grid5000.fr:55011 Sent: 2693 Rcvd: 760 (2012-08-13 15:06:48)
Worker: rmi://stremi-4.reims.grid5000.fr:52798 Sent: 2557 Rcvd: 967 (2012-08-13 15:06:48)
Worker: rmi://stremi-42.reims.grid5000.fr:55011 Sent: 2583 Rcvd: 1115 (2012-08-13 15:06:48)
Worker: rmi://stremi-41.reims.grid5000.fr:52736 Sent: 2959 Rcvd: 432 (2012-08-13 15:06:48)
Worker: rmi://stremi-41.reims.grid5000.fr:52736 Sent: 2948 Rcvd: 1169 (2012-08-13 15:06:48)
Worker: rmi://stremi-41.reims.grid5000.fr:52736 Sent: 3025 Rcvd: 827 (2012-08-13 15:06:48)
Worker: rmi://stremi-40.reims.grid5000.fr:35348 Sent: 2450 Rcvd: 891 (2012-08-13 15:06:48)
Worker: rmi://stremi-42.reims.grid5000.fr:55011 Sent: 2646 Rcvd: 907 (2012-08-13 15:06:48)
Worker: rmi://stremi-40.reims.grid5000.fr:35348 Sent: 2496 Rcvd: 674 (2012-08-13 15:06:48)
Worker: rmi://stremi-41.reims.grid5000.fr:52736 Sent: 2908 Rcvd: 1126 (2012-08-13 15:06:48)
Worker: rmi://stremi-4.reims.grid5000.fr:52798 Sent: 2547 Rcvd: 848 (2012-08-13 15:06:48)
Worker: rmi://stremi-41.reims.grid5000.fr:52736 Sent: 2911 Rcvd: 1163 (2012-08-13 15:06:48)
Worker: rmi://stremi-42.reims.grid5000.fr:55011 Sent: 2652 Rcvd: 361 (2012-08-13 15:06:48)
Worker: rmi://stremi-42.reims.grid5000.fr:55011 Sent: 2871 Rcvd: 681 (2012-08-13 15:06:48)
Worker: rmi://stremi-4.reims.grid5000.fr:52798 Sent: 2902 Rcvd: 714 (2012-08-13 15:06:48)
Worker: rmi://stremi-40.reims.grid5000.fr:35348 Sent: 2517 Rcvd: 477 (2012-08-13 15:06:48)
Worker: rmi://stremi-42.reims.grid5000.fr:55011 Sent: 2595 Rcvd: 824 (2012-08-13 15:06:48)
Worker: rmi://stremi-4.reims.grid5000.fr:52798 Sent: 2727 Rcvd: 613 (2012-08-13 15:06:48)
Worker: rmi://stremi-42.reims.grid5000.fr:55011 Sent: 3558 Rcvd: 280 (2012-08-13 15:06:48)
Worker: rmi://stremi-40.reims.grid5000.fr:35348 Sent: 2507 Rcvd: 853 (2012-08-13 15:06:48)
Worker: rmi://stremi-40.reims.grid5000.fr:35348 Sent: 2560 Rcvd: 675 (2012-08-13 15:06:48)
Worker: rmi://stremi-41.reims.grid5000.fr:52736 Sent: 2960 Rcvd: 726 (2012-08-13 15:06:48)
Worker: rmi://stremi-4.reims.grid5000.fr:52798 Sent: 2588 Rcvd: 412 (2012-08-13 15:06:48)
Worker: rmi://stremi-40.reims.grid5000.fr:35348 Sent: 2500 Rcvd: 563 (2012-08-13 15:06:48)
Worker: rmi://stremi-41.reims.grid5000.fr:52736 Sent: 2932 Rcvd: 707 (2012-08-13 15:06:48)
Model checking completed. No error has been found.
  Estimates of the probability that TLC did not check all reachable states
  because two distinct states had the same fingerprint:
  calculated (optimistic):  val = 1.3E-8
  based on the actual fingerprints:  val = 2.7E-14
1206180 states generated, 262144 distinct states found, 0 states left on queue.
The depth of the complete state graph search is 29.
Finished. (2012-08-13 15:06:50)
Warning: Failed to connect from stremi-8.reims.grid5000.fr to the fp server at stremi-42.reims.grid5000.fr.
Connection refused to host: 172.16.160.42; nested exception is: 
	java.net.ConnectException: Connection refused
Warning: Failed to connect from stremi-8.reims.grid5000.fr to the fp server at stremi-42.reims.grid5000.fr.
Connection refused to host: 172.16.160.42; nested exception is: 
	java.net.ConnectException: Connection refused
Warning: Failed to connect from stremi-8.reims.grid5000.fr to the fp server at stremi-42.reims.grid5000.fr.
Connection refused to host: 172.16.160.42; nested exception is: 
	java.net.ConnectException: Connection refused
Warning: Failed to connect from stremi-8.reims.grid5000.fr to the fp server at stremi-42.reims.grid5000.fr.
Connection refused to host: 172.16.160.42; nested exception is: 
	java.net.ConnectException: Connection refused
