TLC Server Version 2.05 of 18 May 2012
Parsing file /tmp/19130/spec/l10_n6.tla
Parsing file /tmp/19130/spec/GridPerformanceTest.tla
Parsing file /tmp/19130/tla/tla2sany/StandardModules/TLC.tla
Parsing file /tmp/19130/tla/tla2sany/StandardModules/Integers.tla
Parsing file /tmp/19130/tla/tla2sany/StandardModules/FiniteSets.tla
Parsing file /tmp/19130/tla/tla2sany/StandardModules/Naturals.tla
Parsing file /tmp/19130/tla/tla2sany/StandardModules/Sequences.tla
Semantic processing of module Naturals
Semantic processing of module Integers
Semantic processing of module Sequences
Semantic processing of module FiniteSets
Semantic processing of module GridPerformanceTest
Semantic processing of module TLC
Semantic processing of module l10_n6
Starting... (2012-06-21 09:15:07)
Computing initial states...
Finished computing initial states: 1 distinct state(s) generated.
TLC server at borderline-6.bordeaux.grid5000.fr is ready (2012-06-21 09:15:07)
Registration for worker at rmi://borderline-5.bordeaux.grid5000.fr:50363 completed (2012-06-21 09:15:09)
Registration for worker at rmi://borderline-9.bordeaux.grid5000.fr:43758 completed (2012-06-21 09:15:09)
Progress(22) at 2012-06-21 09:16:07: 507595 states generated (507595 s/min), 103080 distinct states found (103080 ds/min), 18481 states left on queue.
Progress(25) at 2012-06-21 09:17:07: 1097551 states generated (589956 s/min), 199154 distinct states found (96074 ds/min), 16229 states left on queue.
Worker: rmi://borderline-9.bordeaux.grid5000.fr:43758 Sent: 131861 Rcvd: 595593 (2012-06-21 09:17:50)
Worker: rmi://borderline-5.bordeaux.grid5000.fr:50363 Sent: 130283 Rcvd: 583326 (2012-06-21 09:17:50)
Model checking completed. No error has been found.
  Estimates of the probability that TLC did not check all reachable states
  because two distinct states had the same fingerprint:
  calculated (optimistic):  val = 0.0
  based on the actual fingerprints:  val = 9.8E-13
1572865 states generated, 262144 distinct states found, 0 states left on queue.
The depth of the complete state graph search is 41.
Finished. (2012-06-21 09:17:50)
