Listening for transport dt_socket at address: 1044
TLC Server Version 2.05 of 24 October 2012
Parsing file /mnt/tlc/5652/spec/l10_n8.tla
Parsing file /mnt/tlc/5652/spec/GridPerformanceTest.tla
Parsing file /mnt/tlc/5652/tla/tla2sany/StandardModules/TLC.tla
Parsing file /mnt/tlc/5652/tla/tla2sany/StandardModules/Integers.tla
Parsing file /mnt/tlc/5652/tla/tla2sany/StandardModules/FiniteSets.tla
Parsing file /mnt/tlc/5652/tla/tla2sany/StandardModules/Naturals.tla
Parsing file /mnt/tlc/5652/tla/tla2sany/StandardModules/Sequences.tla
Semantic processing of module Naturals
Semantic processing of module Integers
Semantic processing of module Sequences
Semantic processing of module FiniteSets
Semantic processing of module GridPerformanceTest
Semantic processing of module TLC
Semantic processing of module l10_n8
Starting... (2012-11-05 11:32:20)
Computing initial states...
Finished computing initial states: 1 distinct state(s) generated.
TLC server at ip-10-32-44-254 is ready (2012-11-05 11:32:20)
Waiting for 17 FPSet server(s) to register (2012-11-05 11:32:20)
1 out of 17 FPSet server(s) registered (2012-11-05 11:32:41)
2 out of 17 FPSet server(s) registered (2012-11-05 11:32:41)
3 out of 17 FPSet server(s) registered (2012-11-05 11:32:41)
4 out of 17 FPSet server(s) registered (2012-11-05 11:32:41)
5 out of 17 FPSet server(s) registered (2012-11-05 11:32:42)
6 out of 17 FPSet server(s) registered (2012-11-05 11:32:42)
7 out of 17 FPSet server(s) registered (2012-11-05 11:32:42)
8 out of 17 FPSet server(s) registered (2012-11-05 11:32:42)
9 out of 17 FPSet server(s) registered (2012-11-05 11:32:42)
10 out of 17 FPSet server(s) registered (2012-11-05 11:32:42)
11 out of 17 FPSet server(s) registered (2012-11-05 11:32:42)
12 out of 17 FPSet server(s) registered (2012-11-05 11:32:42)
13 out of 17 FPSet server(s) registered (2012-11-05 11:32:42)
14 out of 17 FPSet server(s) registered (2012-11-05 11:32:43)
15 out of 17 FPSet server(s) registered (2012-11-05 11:32:43)
16 out of 17 FPSet server(s) registered (2012-11-05 11:32:43)
17 out of 17 FPSet server(s) registered (2012-11-05 11:32:43)
Done waiting for FPSet server(s) (2012-11-05 11:32:43)
Registration for worker at rmi://ip-10-32-50-217.eu-west-1.compute.internal:49446/5 completed (2012-11-05 11:32:45)
Registration for worker at rmi://ip-10-32-50-217.eu-west-1.compute.internal:49446/6 completed (2012-11-05 11:32:45)
Registration for worker at rmi://ip-10-32-50-217.eu-west-1.compute.internal:49446/2 completed (2012-11-05 11:32:45)
Registration for worker at rmi://ip-10-32-50-217.eu-west-1.compute.internal:49446/4 completed (2012-11-05 11:32:45)
Registration for worker at rmi://ip-10-32-50-217.eu-west-1.compute.internal:49446/7 completed (2012-11-05 11:32:45)
Registration for worker at rmi://ip-10-32-50-217.eu-west-1.compute.internal:49446/0 completed (2012-11-05 11:32:45)
Registration for worker at rmi://ip-10-32-50-217.eu-west-1.compute.internal:49446/1 completed (2012-11-05 11:32:45)
Registration for worker at rmi://ip-10-32-50-217.eu-west-1.compute.internal:49446/3 completed (2012-11-05 11:32:45)
Registration for worker at rmi://ip-10-32-54-71.eu-west-1.compute.internal:59670/2 completed (2012-11-05 11:32:45)
Registration for worker at rmi://ip-10-32-54-71.eu-west-1.compute.internal:59670/0 completed (2012-11-05 11:32:45)
Registration for worker at rmi://ip-10-32-54-71.eu-west-1.compute.internal:59670/4 completed (2012-11-05 11:32:45)
Registration for worker at rmi://ip-10-32-54-71.eu-west-1.compute.internal:59670/1 completed (2012-11-05 11:32:45)
Registration for worker at rmi://ip-10-32-54-71.eu-west-1.compute.internal:59670/7 completed (2012-11-05 11:32:45)
Registration for worker at rmi://ip-10-32-54-71.eu-west-1.compute.internal:59670/3 completed (2012-11-05 11:32:45)
Registration for worker at rmi://ip-10-32-54-71.eu-west-1.compute.internal:59670/6 completed (2012-11-05 11:32:45)
Registration for worker at rmi://ip-10-32-54-71.eu-west-1.compute.internal:59670/5 completed (2012-11-05 11:32:45)
Registration for worker at rmi://ip-10-32-49-215.eu-west-1.compute.internal:39625/7 completed (2012-11-05 11:32:45)
Registration for worker at rmi://ip-10-32-49-215.eu-west-1.compute.internal:39625/3 completed (2012-11-05 11:32:45)
Registration for worker at rmi://ip-10-32-49-215.eu-west-1.compute.internal:39625/5 completed (2012-11-05 11:32:45)
Registration for worker at rmi://ip-10-32-49-215.eu-west-1.compute.internal:39625/0 completed (2012-11-05 11:32:45)
Registration for worker at rmi://ip-10-32-49-215.eu-west-1.compute.internal:39625/4 completed (2012-11-05 11:32:45)
Registration for worker at rmi://ip-10-32-49-215.eu-west-1.compute.internal:39625/1 completed (2012-11-05 11:32:45)
Registration for worker at rmi://ip-10-32-49-215.eu-west-1.compute.internal:39625/2 completed (2012-11-05 11:32:45)
Registration for worker at rmi://ip-10-32-49-215.eu-west-1.compute.internal:39625/6 completed (2012-11-05 11:32:45)
Registration for worker at rmi://ip-10-32-41-198.eu-west-1.compute.internal:58503/3 completed (2012-11-05 11:32:45)
Registration for worker at rmi://ip-10-32-41-198.eu-west-1.compute.internal:58503/7 completed (2012-11-05 11:32:45)
Registration for worker at rmi://ip-10-32-41-198.eu-west-1.compute.internal:58503/0 completed (2012-11-05 11:32:45)
Registration for worker at rmi://ip-10-32-41-198.eu-west-1.compute.internal:58503/2 completed (2012-11-05 11:32:45)
Registration for worker at rmi://ip-10-32-41-198.eu-west-1.compute.internal:58503/1 completed (2012-11-05 11:32:45)
Registration for worker at rmi://ip-10-32-41-198.eu-west-1.compute.internal:58503/4 completed (2012-11-05 11:32:45)
Registration for worker at rmi://ip-10-32-41-198.eu-west-1.compute.internal:58503/5 completed (2012-11-05 11:32:45)
Registration for worker at rmi://ip-10-32-41-198.eu-west-1.compute.internal:58503/6 completed (2012-11-05 11:32:45)
Registration for worker at rmi://ip-10-32-53-224.eu-west-1.compute.internal:37017/2 completed (2012-11-05 11:32:45)
Registration for worker at rmi://ip-10-32-53-224.eu-west-1.compute.internal:37017/0 completed (2012-11-05 11:32:45)
Registration for worker at rmi://ip-10-32-53-224.eu-west-1.compute.internal:37017/5 completed (2012-11-05 11:32:45)
Registration for worker at rmi://ip-10-32-53-224.eu-west-1.compute.internal:37017/4 completed (2012-11-05 11:32:45)
Registration for worker at rmi://ip-10-32-53-224.eu-west-1.compute.internal:37017/3 completed (2012-11-05 11:32:45)
Registration for worker at rmi://ip-10-32-53-224.eu-west-1.compute.internal:37017/1 completed (2012-11-05 11:32:45)
Registration for worker at rmi://ip-10-32-53-224.eu-west-1.compute.internal:37017/7 completed (2012-11-05 11:32:45)
Registration for worker at rmi://ip-10-32-53-224.eu-west-1.compute.internal:37017/6 completed (2012-11-05 11:32:45)
Registration for worker at rmi://ip-10-32-54-19.eu-west-1.compute.internal:50227/0 completed (2012-11-05 11:32:45)
Registration for worker at rmi://ip-10-32-54-19.eu-west-1.compute.internal:50227/3 completed (2012-11-05 11:32:45)
Registration for worker at rmi://ip-10-32-54-19.eu-west-1.compute.internal:50227/6 completed (2012-11-05 11:32:45)
Registration for worker at rmi://ip-10-32-54-19.eu-west-1.compute.internal:50227/1 completed (2012-11-05 11:32:45)
Registration for worker at rmi://ip-10-32-54-19.eu-west-1.compute.internal:50227/5 completed (2012-11-05 11:32:45)
Registration for worker at rmi://ip-10-32-54-19.eu-west-1.compute.internal:50227/7 completed (2012-11-05 11:32:45)
Registration for worker at rmi://ip-10-32-54-19.eu-west-1.compute.internal:50227/4 completed (2012-11-05 11:32:45)
Registration for worker at rmi://ip-10-32-54-37.eu-west-1.compute.internal:36081/6 completed (2012-11-05 11:32:45)
Registration for worker at rmi://ip-10-32-54-37.eu-west-1.compute.internal:36081/1 completed (2012-11-05 11:32:45)
Registration for worker at rmi://ip-10-32-54-37.eu-west-1.compute.internal:36081/4 completed (2012-11-05 11:32:45)
Registration for worker at rmi://ip-10-32-54-37.eu-west-1.compute.internal:36081/5 completed (2012-11-05 11:32:45)
Registration for worker at rmi://ip-10-32-54-37.eu-west-1.compute.internal:36081/3 completed (2012-11-05 11:32:45)
Registration for worker at rmi://ip-10-32-54-37.eu-west-1.compute.internal:36081/2 completed (2012-11-05 11:32:46)
Registration for worker at rmi://ip-10-32-54-37.eu-west-1.compute.internal:36081/7 completed (2012-11-05 11:32:46)
Registration for worker at rmi://ip-10-32-54-37.eu-west-1.compute.internal:36081/0 completed (2012-11-05 11:32:46)
Registration for worker at rmi://ip-10-32-54-19.eu-west-1.compute.internal:50227/2 completed (2012-11-05 11:32:46)
Registration for worker at rmi://ip-10-32-54-224.eu-west-1.compute.internal:33570/0 completed (2012-11-05 11:32:46)
Registration for worker at rmi://ip-10-32-54-224.eu-west-1.compute.internal:33570/7 completed (2012-11-05 11:32:46)
Registration for worker at rmi://ip-10-32-54-224.eu-west-1.compute.internal:33570/1 completed (2012-11-05 11:32:46)
Registration for worker at rmi://ip-10-32-54-224.eu-west-1.compute.internal:33570/4 completed (2012-11-05 11:32:46)
Registration for worker at rmi://ip-10-32-54-224.eu-west-1.compute.internal:33570/3 completed (2012-11-05 11:32:46)
Registration for worker at rmi://ip-10-32-54-224.eu-west-1.compute.internal:33570/2 completed (2012-11-05 11:32:46)
Registration for worker at rmi://ip-10-32-54-224.eu-west-1.compute.internal:33570/5 completed (2012-11-05 11:32:46)
Registration for worker at rmi://ip-10-32-54-224.eu-west-1.compute.internal:33570/6 completed (2012-11-05 11:32:46)
Registration for worker at rmi://ip-10-32-50-142.eu-west-1.compute.internal:60202/0 completed (2012-11-05 11:32:46)
Registration for worker at rmi://ip-10-32-50-142.eu-west-1.compute.internal:60202/4 completed (2012-11-05 11:32:46)
Registration for worker at rmi://ip-10-32-50-142.eu-west-1.compute.internal:60202/3 completed (2012-11-05 11:32:46)
Registration for worker at rmi://ip-10-32-50-142.eu-west-1.compute.internal:60202/1 completed (2012-11-05 11:32:46)
Registration for worker at rmi://ip-10-32-50-142.eu-west-1.compute.internal:60202/6 completed (2012-11-05 11:32:46)
Registration for worker at rmi://ip-10-32-50-142.eu-west-1.compute.internal:60202/7 completed (2012-11-05 11:32:46)
Registration for worker at rmi://ip-10-32-50-142.eu-west-1.compute.internal:60202/2 completed (2012-11-05 11:32:46)
Registration for worker at rmi://ip-10-32-50-142.eu-west-1.compute.internal:60202/5 completed (2012-11-05 11:32:46)
Registration for worker at rmi://ip-10-32-50-31.eu-west-1.compute.internal:46864/0 completed (2012-11-05 11:32:46)
Registration for worker at rmi://ip-10-32-50-31.eu-west-1.compute.internal:46864/6 completed (2012-11-05 11:32:46)
Registration for worker at rmi://ip-10-32-50-31.eu-west-1.compute.internal:46864/4 completed (2012-11-05 11:32:46)
Registration for worker at rmi://ip-10-32-50-31.eu-west-1.compute.internal:46864/5 completed (2012-11-05 11:32:46)
Registration for worker at rmi://ip-10-32-50-31.eu-west-1.compute.internal:46864/3 completed (2012-11-05 11:32:46)
Registration for worker at rmi://ip-10-32-50-31.eu-west-1.compute.internal:46864/1 completed (2012-11-05 11:32:46)
Registration for worker at rmi://ip-10-32-50-31.eu-west-1.compute.internal:46864/2 completed (2012-11-05 11:32:46)
Registration for worker at rmi://ip-10-32-50-31.eu-west-1.compute.internal:46864/7 completed (2012-11-05 11:32:46)
Registration for worker at rmi://ip-10-33-145-29.eu-west-1.compute.internal:55622/7 completed (2012-11-05 11:32:47)
Registration for worker at rmi://ip-10-33-145-29.eu-west-1.compute.internal:55622/3 completed (2012-11-05 11:32:47)
Registration for worker at rmi://ip-10-33-145-29.eu-west-1.compute.internal:55622/1 completed (2012-11-05 11:32:47)
Registration for worker at rmi://ip-10-33-145-29.eu-west-1.compute.internal:55622/5 completed (2012-11-05 11:32:47)
Registration for worker at rmi://ip-10-33-145-29.eu-west-1.compute.internal:55622/6 completed (2012-11-05 11:32:47)
Registration for worker at rmi://ip-10-33-145-29.eu-west-1.compute.internal:55622/2 completed (2012-11-05 11:32:47)
Registration for worker at rmi://ip-10-33-145-29.eu-west-1.compute.internal:55622/4 completed (2012-11-05 11:32:47)
Registration for worker at rmi://ip-10-33-145-29.eu-west-1.compute.internal:55622/0 completed (2012-11-05 11:32:47)
Registration for worker at rmi://ip-10-32-41-210.eu-west-1.compute.internal:33832/0 completed (2012-11-05 11:32:47)
Registration for worker at rmi://ip-10-32-41-210.eu-west-1.compute.internal:33832/7 completed (2012-11-05 11:32:47)
Registration for worker at rmi://ip-10-32-41-210.eu-west-1.compute.internal:33832/3 completed (2012-11-05 11:32:47)
Registration for worker at rmi://ip-10-32-41-210.eu-west-1.compute.internal:33832/1 completed (2012-11-05 11:32:47)
Registration for worker at rmi://ip-10-32-41-210.eu-west-1.compute.internal:33832/2 completed (2012-11-05 11:32:47)
Registration for worker at rmi://ip-10-32-41-210.eu-west-1.compute.internal:33832/6 completed (2012-11-05 11:32:47)
Registration for worker at rmi://ip-10-32-41-210.eu-west-1.compute.internal:33832/4 completed (2012-11-05 11:32:47)
Registration for worker at rmi://ip-10-32-41-210.eu-west-1.compute.internal:33832/5 completed (2012-11-05 11:32:47)
Registration for worker at rmi://ip-10-33-145-4.eu-west-1.compute.internal:40829/1 completed (2012-11-05 11:32:52)
Registration for worker at rmi://ip-10-33-145-4.eu-west-1.compute.internal:40829/4 completed (2012-11-05 11:32:52)
Registration for worker at rmi://ip-10-33-145-4.eu-west-1.compute.internal:40829/2 completed (2012-11-05 11:32:52)
Registration for worker at rmi://ip-10-33-145-4.eu-west-1.compute.internal:40829/5 completed (2012-11-05 11:32:52)
Registration for worker at rmi://ip-10-33-145-4.eu-west-1.compute.internal:40829/6 completed (2012-11-05 11:32:52)
Registration for worker at rmi://ip-10-33-145-4.eu-west-1.compute.internal:40829/3 completed (2012-11-05 11:32:52)
Registration for worker at rmi://ip-10-33-145-4.eu-west-1.compute.internal:40829/7 completed (2012-11-05 11:32:52)
Registration for worker at rmi://ip-10-33-145-4.eu-west-1.compute.internal:40829/0 completed (2012-11-05 11:32:52)
Registration for worker at rmi://ip-10-32-41-233.eu-west-1.compute.internal:45834/4 completed (2012-11-05 11:32:53)
Registration for worker at rmi://ip-10-32-41-233.eu-west-1.compute.internal:45834/1 completed (2012-11-05 11:32:53)
Registration for worker at rmi://ip-10-32-41-233.eu-west-1.compute.internal:45834/7 completed (2012-11-05 11:32:53)
Registration for worker at rmi://ip-10-32-41-233.eu-west-1.compute.internal:45834/6 completed (2012-11-05 11:32:53)
Registration for worker at rmi://ip-10-32-41-233.eu-west-1.compute.internal:45834/3 completed (2012-11-05 11:32:53)
Registration for worker at rmi://ip-10-32-41-233.eu-west-1.compute.internal:45834/5 completed (2012-11-05 11:32:53)
Registration for worker at rmi://ip-10-32-41-233.eu-west-1.compute.internal:45834/0 completed (2012-11-05 11:32:53)
Registration for worker at rmi://ip-10-32-41-233.eu-west-1.compute.internal:45834/2 completed (2012-11-05 11:32:53)
Registration for worker at rmi://ip-10-32-50-27.eu-west-1.compute.internal:47306/5 completed (2012-11-05 11:32:54)
Registration for worker at rmi://ip-10-32-50-27.eu-west-1.compute.internal:47306/7 completed (2012-11-05 11:32:54)
Registration for worker at rmi://ip-10-32-50-27.eu-west-1.compute.internal:47306/3 completed (2012-11-05 11:32:54)
Registration for worker at rmi://ip-10-32-50-27.eu-west-1.compute.internal:47306/6 completed (2012-11-05 11:32:54)
Registration for worker at rmi://ip-10-32-50-27.eu-west-1.compute.internal:47306/1 completed (2012-11-05 11:32:54)
Registration for worker at rmi://ip-10-32-50-27.eu-west-1.compute.internal:47306/4 completed (2012-11-05 11:32:54)
Registration for worker at rmi://ip-10-32-50-27.eu-west-1.compute.internal:47306/2 completed (2012-11-05 11:32:54)
Registration for worker at rmi://ip-10-32-50-27.eu-west-1.compute.internal:47306/0 completed (2012-11-05 11:32:54)
Registration for worker at rmi://ip-10-32-44-198.eu-west-1.compute.internal:40657/6 completed (2012-11-05 11:32:55)
Registration for worker at rmi://ip-10-32-44-198.eu-west-1.compute.internal:40657/2 completed (2012-11-05 11:32:55)
Registration for worker at rmi://ip-10-32-44-198.eu-west-1.compute.internal:40657/1 completed (2012-11-05 11:32:55)
Registration for worker at rmi://ip-10-32-44-198.eu-west-1.compute.internal:40657/3 completed (2012-11-05 11:32:55)
Registration for worker at rmi://ip-10-32-44-198.eu-west-1.compute.internal:40657/7 completed (2012-11-05 11:32:55)
Registration for worker at rmi://ip-10-32-44-198.eu-west-1.compute.internal:40657/5 completed (2012-11-05 11:32:55)
Registration for worker at rmi://ip-10-32-44-198.eu-west-1.compute.internal:40657/0 completed (2012-11-05 11:32:55)
Registration for worker at rmi://ip-10-32-44-198.eu-west-1.compute.internal:40657/4 completed (2012-11-05 11:32:55)
Registration for worker at rmi://ip-10-32-50-159.eu-west-1.compute.internal:54466/0 completed (2012-11-05 11:32:55)
Registration for worker at rmi://ip-10-32-50-159.eu-west-1.compute.internal:54466/2 completed (2012-11-05 11:32:55)
Registration for worker at rmi://ip-10-32-50-159.eu-west-1.compute.internal:54466/1 completed (2012-11-05 11:32:55)
Registration for worker at rmi://ip-10-32-50-159.eu-west-1.compute.internal:54466/7 completed (2012-11-05 11:32:55)
Registration for worker at rmi://ip-10-32-50-159.eu-west-1.compute.internal:54466/3 completed (2012-11-05 11:32:55)
Registration for worker at rmi://ip-10-32-50-159.eu-west-1.compute.internal:54466/4 completed (2012-11-05 11:32:55)
Registration for worker at rmi://ip-10-32-50-159.eu-west-1.compute.internal:54466/6 completed (2012-11-05 11:32:55)
Registration for worker at rmi://ip-10-32-50-159.eu-west-1.compute.internal:54466/5 completed (2012-11-05 11:32:55)
Progress(21) at 2012-11-05 11:33:43: 64070344 states generated (64,070,344 s/min), 6806680 distinct states found (6,806,680 ds/min), 2170236 states left on queue.
Progress(39) at 2012-11-05 11:34:43: 152650212 states generated (88,579,868 s/min), 12661118 distinct states found (5,854,438 ds/min), 2027395 states left on queue.
Progress(44) at 2012-11-05 11:35:43: 233902112 states generated (81,251,900 s/min), 16667712 distinct states found (4,006,594 ds/min), 529281 states left on queue.
Worker: rmi://ip-10-32-44-198.eu-west-1.compute.internal:40657/3 Sent: 131182 Rcvd: 14886 CacheRatio: 0.01 (2012-11-05 11:35:53)
Worker: rmi://ip-10-32-50-27.eu-west-1.compute.internal:47306/5 Sent: 117574 Rcvd: 6095 CacheRatio: 0.01 (2012-11-05 11:35:53)
Worker: rmi://ip-10-32-50-217.eu-west-1.compute.internal:49446/2 Sent: 96307 Rcvd: 2479 CacheRatio: 0.01 (2012-11-05 11:35:53)
Worker: rmi://ip-10-32-41-210.eu-west-1.compute.internal:33832/2 Sent: 116695 Rcvd: 5356 CacheRatio: 0.01 (2012-11-05 11:35:53)
Worker: rmi://ip-10-32-50-159.eu-west-1.compute.internal:54466/3 Sent: 121321 Rcvd: 8756 CacheRatio: 0.01 (2012-11-05 11:35:53)
Worker: rmi://ip-10-32-41-198.eu-west-1.compute.internal:58503/1 Sent: 121613 Rcvd: 5749 CacheRatio: 0.01 (2012-11-05 11:35:53)
Worker: rmi://ip-10-32-54-19.eu-west-1.compute.internal:50227/1 Sent: 129429 Rcvd: 10295 CacheRatio: 0.02 (2012-11-05 11:35:53)
Worker: rmi://ip-10-32-41-198.eu-west-1.compute.internal:58503/5 Sent: 122426 Rcvd: 4973 CacheRatio: 0.01 (2012-11-05 11:35:53)
Worker: rmi://ip-10-32-50-159.eu-west-1.compute.internal:54466/4 Sent: 120124 Rcvd: 7133 CacheRatio: 0.01 (2012-11-05 11:35:53)
Worker: rmi://ip-10-32-54-71.eu-west-1.compute.internal:59670/3 Sent: 128356 Rcvd: 7720 CacheRatio: 0.01 (2012-11-05 11:35:53)
Worker: rmi://ip-10-32-41-198.eu-west-1.compute.internal:58503/6 Sent: 121250 Rcvd: 6829 CacheRatio: 0.01 (2012-11-05 11:35:53)
Worker: rmi://ip-10-32-44-198.eu-west-1.compute.internal:40657/2 Sent: 131714 Rcvd: 13914 CacheRatio: 0.01 (2012-11-05 11:35:53)
Worker: rmi://ip-10-32-49-215.eu-west-1.compute.internal:39625/2 Sent: 127007 Rcvd: 8773 CacheRatio: 0.01 (2012-11-05 11:35:53)
Worker: rmi://ip-10-32-54-224.eu-west-1.compute.internal:33570/4 Sent: 126519 Rcvd: 7649 CacheRatio: 0.01 (2012-11-05 11:35:53)
Worker: rmi://ip-10-32-54-37.eu-west-1.compute.internal:36081/5 Sent: 131696 Rcvd: 10970 CacheRatio: 0.01 (2012-11-05 11:35:53)
Worker: rmi://ip-10-32-50-31.eu-west-1.compute.internal:46864/2 Sent: 124412 Rcvd: 5214 CacheRatio: 0.02 (2012-11-05 11:35:53)
Worker: rmi://ip-10-32-50-31.eu-west-1.compute.internal:46864/3 Sent: 119850 Rcvd: 5744 CacheRatio: 0.01 (2012-11-05 11:35:53)
Worker: rmi://ip-10-33-145-4.eu-west-1.compute.internal:40829/0 Sent: 135896 Rcvd: 14369 CacheRatio: 0.01 (2012-11-05 11:35:53)
Worker: rmi://ip-10-32-54-19.eu-west-1.compute.internal:50227/5 Sent: 129754 Rcvd: 10801 CacheRatio: 0.01 (2012-11-05 11:35:53)
Worker: rmi://ip-10-32-41-210.eu-west-1.compute.internal:33832/5 Sent: 118083 Rcvd: 3434 CacheRatio: 0.01 (2012-11-05 11:35:53)
Worker: rmi://ip-10-32-50-27.eu-west-1.compute.internal:47306/1 Sent: 117025 Rcvd: 6020 CacheRatio: 0.01 (2012-11-05 11:35:53)
Worker: rmi://ip-10-32-50-142.eu-west-1.compute.internal:60202/0 Sent: 130444 Rcvd: 9046 CacheRatio: 0.01 (2012-11-05 11:35:53)
Worker: rmi://ip-10-32-54-224.eu-west-1.compute.internal:33570/5 Sent: 127542 Rcvd: 11283 CacheRatio: 0.02 (2012-11-05 11:35:53)
Worker: rmi://ip-10-32-50-159.eu-west-1.compute.internal:54466/1 Sent: 119494 Rcvd: 7656 CacheRatio: 0.01 (2012-11-05 11:35:53)
Worker: rmi://ip-10-32-54-224.eu-west-1.compute.internal:33570/2 Sent: 125392 Rcvd: 9516 CacheRatio: 0.01 (2012-11-05 11:35:53)
Worker: rmi://ip-10-32-50-217.eu-west-1.compute.internal:49446/6 Sent: 98047 Rcvd: 2697 CacheRatio: 0.02 (2012-11-05 11:35:53)
Worker: rmi://ip-10-32-54-71.eu-west-1.compute.internal:59670/4 Sent: 129335 Rcvd: 9330 CacheRatio: 0.01 (2012-11-05 11:35:53)
Worker: rmi://ip-10-32-54-224.eu-west-1.compute.internal:33570/3 Sent: 127300 Rcvd: 8452 CacheRatio: 0.02 (2012-11-05 11:35:53)
Worker: rmi://ip-10-32-50-142.eu-west-1.compute.internal:60202/7 Sent: 126508 Rcvd: 8376 CacheRatio: 0.01 (2012-11-05 11:35:53)
Worker: rmi://ip-10-32-54-19.eu-west-1.compute.internal:50227/6 Sent: 129765 Rcvd: 9239 CacheRatio: 0.02 (2012-11-05 11:35:53)
Worker: rmi://ip-10-32-41-198.eu-west-1.compute.internal:58503/3 Sent: 121011 Rcvd: 5905 CacheRatio: 0.02 (2012-11-05 11:35:53)
Worker: rmi://ip-10-32-41-210.eu-west-1.compute.internal:33832/0 Sent: 118051 Rcvd: 4351 CacheRatio: 0.02 (2012-11-05 11:35:53)
Worker: rmi://ip-10-32-54-71.eu-west-1.compute.internal:59670/6 Sent: 131763 Rcvd: 9316 CacheRatio: 0.01 (2012-11-05 11:35:53)
Worker: rmi://ip-10-32-41-233.eu-west-1.compute.internal:45834/2 Sent: 122463 Rcvd: 7976 CacheRatio: 0.01 (2012-11-05 11:35:53)
Worker: rmi://ip-10-32-41-210.eu-west-1.compute.internal:33832/6 Sent: 119525 Rcvd: 4015 CacheRatio: 0.01 (2012-11-05 11:35:53)
Worker: rmi://ip-10-32-41-210.eu-west-1.compute.internal:33832/1 Sent: 117363 Rcvd: 4555 CacheRatio: 0.01 (2012-11-05 11:35:53)
Worker: rmi://ip-10-33-145-4.eu-west-1.compute.internal:40829/6 Sent: 129122 Rcvd: 11870 CacheRatio: 0.01 (2012-11-05 11:35:53)
Worker: rmi://ip-10-32-49-215.eu-west-1.compute.internal:39625/1 Sent: 128466 Rcvd: 8853 CacheRatio: 0.01 (2012-11-05 11:35:53)
Worker: rmi://ip-10-33-145-29.eu-west-1.compute.internal:55622/5 Sent: 120893 Rcvd: 6912 CacheRatio: 0.01 (2012-11-05 11:35:53)
Worker: rmi://ip-10-32-50-27.eu-west-1.compute.internal:47306/2 Sent: 116307 Rcvd: 7560 CacheRatio: 0.01 (2012-11-05 11:35:53)
Worker: rmi://ip-10-32-50-27.eu-west-1.compute.internal:47306/4 Sent: 117793 Rcvd: 7254 CacheRatio: 0.01 (2012-11-05 11:35:53)
Worker: rmi://ip-10-32-44-198.eu-west-1.compute.internal:40657/5 Sent: 131648 Rcvd: 14562 CacheRatio: 0.01 (2012-11-05 11:35:53)
Worker: rmi://ip-10-32-50-27.eu-west-1.compute.internal:47306/0 Sent: 117008 Rcvd: 6441 CacheRatio: 0.01 (2012-11-05 11:35:53)
Worker: rmi://ip-10-32-54-37.eu-west-1.compute.internal:36081/3 Sent: 129272 Rcvd: 10817 CacheRatio: 0.01 (2012-11-05 11:35:53)
Worker: rmi://ip-10-32-50-159.eu-west-1.compute.internal:54466/5 Sent: 121283 Rcvd: 9416 CacheRatio: 0.01 (2012-11-05 11:35:53)
Worker: rmi://ip-10-32-41-233.eu-west-1.compute.internal:45834/4 Sent: 122274 Rcvd: 6529 CacheRatio: 0.01 (2012-11-05 11:35:53)
Worker: rmi://ip-10-32-49-215.eu-west-1.compute.internal:39625/3 Sent: 127923 Rcvd: 8419 CacheRatio: 0.01 (2012-11-05 11:35:53)
Worker: rmi://ip-10-32-54-71.eu-west-1.compute.internal:59670/2 Sent: 128514 Rcvd: 9255 CacheRatio: 0.01 (2012-11-05 11:35:53)
Worker: rmi://ip-10-32-50-27.eu-west-1.compute.internal:47306/7 Sent: 117264 Rcvd: 5949 CacheRatio: 0.01 (2012-11-05 11:35:53)
Worker: rmi://ip-10-33-145-29.eu-west-1.compute.internal:55622/2 Sent: 121954 Rcvd: 5857 CacheRatio: 0.01 (2012-11-05 11:35:53)
Worker: rmi://ip-10-32-50-142.eu-west-1.compute.internal:60202/2 Sent: 124901 Rcvd: 6880 CacheRatio: 0.02 (2012-11-05 11:35:53)
Worker: rmi://ip-10-32-44-198.eu-west-1.compute.internal:40657/1 Sent: 128730 Rcvd: 13628 CacheRatio: 0.01 (2012-11-05 11:35:53)
Worker: rmi://ip-10-33-145-4.eu-west-1.compute.internal:40829/3 Sent: 132157 Rcvd: 16320 CacheRatio: 0.01 (2012-11-05 11:35:53)
Worker: rmi://ip-10-32-50-217.eu-west-1.compute.internal:49446/7 Sent: 96197 Rcvd: 2988 CacheRatio: 0.02 (2012-11-05 11:35:53)
Worker: rmi://ip-10-32-41-198.eu-west-1.compute.internal:58503/7 Sent: 120240 Rcvd: 5139 CacheRatio: 0.02 (2012-11-05 11:35:53)
Worker: rmi://ip-10-32-41-198.eu-west-1.compute.internal:58503/0 Sent: 119891 Rcvd: 4615 CacheRatio: 0.02 (2012-11-05 11:35:53)
Worker: rmi://ip-10-32-50-142.eu-west-1.compute.internal:60202/3 Sent: 125819 Rcvd: 6860 CacheRatio: 0.01 (2012-11-05 11:35:53)
Worker: rmi://ip-10-32-50-217.eu-west-1.compute.internal:49446/4 Sent: 96505 Rcvd: 3318 CacheRatio: 0.02 (2012-11-05 11:35:53)
Worker: rmi://ip-10-32-41-198.eu-west-1.compute.internal:58503/4 Sent: 122273 Rcvd: 6979 CacheRatio: 0.02 (2012-11-05 11:35:53)
Worker: rmi://ip-10-32-44-198.eu-west-1.compute.internal:40657/0 Sent: 133202 Rcvd: 14968 CacheRatio: 0.01 (2012-11-05 11:35:53)
Worker: rmi://ip-10-32-50-159.eu-west-1.compute.internal:54466/0 Sent: 119074 Rcvd: 6331 CacheRatio: 0.01 (2012-11-05 11:35:53)
Worker: rmi://ip-10-33-145-29.eu-west-1.compute.internal:55622/7 Sent: 119960 Rcvd: 5430 CacheRatio: 0.01 (2012-11-05 11:35:53)
Worker: rmi://ip-10-33-145-4.eu-west-1.compute.internal:40829/4 Sent: 133244 Rcvd: 15837 CacheRatio: 0.01 (2012-11-05 11:35:53)
Worker: rmi://ip-10-32-44-198.eu-west-1.compute.internal:40657/6 Sent: 129779 Rcvd: 13305 CacheRatio: 0.01 (2012-11-05 11:35:53)
Worker: rmi://ip-10-32-54-71.eu-west-1.compute.internal:59670/7 Sent: 129633 Rcvd: 12224 CacheRatio: 0.02 (2012-11-05 11:35:53)
Worker: rmi://ip-10-32-41-198.eu-west-1.compute.internal:58503/2 Sent: 122434 Rcvd: 5095 CacheRatio: 0.01 (2012-11-05 11:35:53)
Worker: rmi://ip-10-32-50-31.eu-west-1.compute.internal:46864/6 Sent: 121460 Rcvd: 4972 CacheRatio: 0.01 (2012-11-05 11:35:53)
Worker: rmi://ip-10-32-54-224.eu-west-1.compute.internal:33570/7 Sent: 128354 Rcvd: 8550 CacheRatio: 0.02 (2012-11-05 11:35:53)
Worker: rmi://ip-10-32-50-159.eu-west-1.compute.internal:54466/7 Sent: 122858 Rcvd: 7929 CacheRatio: 0.01 (2012-11-05 11:35:53)
Worker: rmi://ip-10-32-54-19.eu-west-1.compute.internal:50227/3 Sent: 132499 Rcvd: 10617 CacheRatio: 0.01 (2012-11-05 11:35:53)
Worker: rmi://ip-10-32-53-224.eu-west-1.compute.internal:37017/3 Sent: 127117 Rcvd: 7922 CacheRatio: 0.02 (2012-11-05 11:35:53)
Worker: rmi://ip-10-32-41-233.eu-west-1.compute.internal:45834/3 Sent: 120147 Rcvd: 7288 CacheRatio: 0.01 (2012-11-05 11:35:53)
Worker: rmi://ip-10-32-54-224.eu-west-1.compute.internal:33570/1 Sent: 126011 Rcvd: 8190 CacheRatio: 0.01 (2012-11-05 11:35:53)
Worker: rmi://ip-10-32-49-215.eu-west-1.compute.internal:39625/7 Sent: 129819 Rcvd: 10145 CacheRatio: 0.01 (2012-11-05 11:35:53)
Worker: rmi://ip-10-32-50-27.eu-west-1.compute.internal:47306/3 Sent: 118780 Rcvd: 6320 CacheRatio: 0.01 (2012-11-05 11:35:53)
Worker: rmi://ip-10-32-41-233.eu-west-1.compute.internal:45834/1 Sent: 123799 Rcvd: 9015 CacheRatio: 0.01 (2012-11-05 11:35:53)
Worker: rmi://ip-10-32-53-224.eu-west-1.compute.internal:37017/2 Sent: 125078 Rcvd: 8111 CacheRatio: 0.01 (2012-11-05 11:35:53)
Worker: rmi://ip-10-32-50-31.eu-west-1.compute.internal:46864/5 Sent: 124317 Rcvd: 5248 CacheRatio: 0.01 (2012-11-05 11:35:53)
Worker: rmi://ip-10-33-145-29.eu-west-1.compute.internal:55622/4 Sent: 121705 Rcvd: 7854 CacheRatio: 0.01 (2012-11-05 11:35:53)
Worker: rmi://ip-10-33-145-4.eu-west-1.compute.internal:40829/2 Sent: 128875 Rcvd: 15117 CacheRatio: 0.01 (2012-11-05 11:35:53)
Worker: rmi://ip-10-32-50-159.eu-west-1.compute.internal:54466/2 Sent: 121494 Rcvd: 8854 CacheRatio: 0.01 (2012-11-05 11:35:53)
Worker: rmi://ip-10-32-54-19.eu-west-1.compute.internal:50227/2 Sent: 129037 Rcvd: 9795 CacheRatio: 0.02 (2012-11-05 11:35:53)
Worker: rmi://ip-10-32-41-210.eu-west-1.compute.internal:33832/7 Sent: 117514 Rcvd: 3608 CacheRatio: 0.01 (2012-11-05 11:35:53)
Worker: rmi://ip-10-33-145-4.eu-west-1.compute.internal:40829/5 Sent: 131320 Rcvd: 14556 CacheRatio: 0.01 (2012-11-05 11:35:53)
Worker: rmi://ip-10-32-53-224.eu-west-1.compute.internal:37017/0 Sent: 125101 Rcvd: 9713 CacheRatio: 0.02 (2012-11-05 11:35:53)
Worker: rmi://ip-10-32-50-31.eu-west-1.compute.internal:46864/7 Sent: 121814 Rcvd: 5397 CacheRatio: 0.01 (2012-11-05 11:35:53)
Worker: rmi://ip-10-32-53-224.eu-west-1.compute.internal:37017/1 Sent: 124825 Rcvd: 6483 CacheRatio: 0.01 (2012-11-05 11:35:53)
Worker: rmi://ip-10-32-41-210.eu-west-1.compute.internal:33832/4 Sent: 116727 Rcvd: 4802 CacheRatio: 0.01 (2012-11-05 11:35:53)
Worker: rmi://ip-10-32-50-31.eu-west-1.compute.internal:46864/0 Sent: 122927 Rcvd: 4265 CacheRatio: 0.01 (2012-11-05 11:35:53)
Worker: rmi://ip-10-32-50-217.eu-west-1.compute.internal:49446/5 Sent: 95064 Rcvd: 2667 CacheRatio: 0.02 (2012-11-05 11:35:53)
Worker: rmi://ip-10-32-44-198.eu-west-1.compute.internal:40657/7 Sent: 132138 Rcvd: 15779 CacheRatio: 0.01 (2012-11-05 11:35:53)
Worker: rmi://ip-10-32-54-19.eu-west-1.compute.internal:50227/0 Sent: 129500 Rcvd: 10839 CacheRatio: 0.02 (2012-11-05 11:35:53)
Worker: rmi://ip-10-32-50-142.eu-west-1.compute.internal:60202/5 Sent: 126832 Rcvd: 6519 CacheRatio: 0.02 (2012-11-05 11:35:53)
Worker: rmi://ip-10-32-54-224.eu-west-1.compute.internal:33570/6 Sent: 129472 Rcvd: 7901 CacheRatio: 0.01 (2012-11-05 11:35:53)
Worker: rmi://ip-10-32-50-31.eu-west-1.compute.internal:46864/1 Sent: 123083 Rcvd: 6454 CacheRatio: 0.01 (2012-11-05 11:35:53)
Worker: rmi://ip-10-32-50-142.eu-west-1.compute.internal:60202/4 Sent: 126198 Rcvd: 7267 CacheRatio: 0.02 (2012-11-05 11:35:53)
Worker: rmi://ip-10-32-53-224.eu-west-1.compute.internal:37017/5 Sent: 123427 Rcvd: 7313 CacheRatio: 0.01 (2012-11-05 11:35:53)
Worker: rmi://ip-10-32-49-215.eu-west-1.compute.internal:39625/5 Sent: 127135 Rcvd: 8584 CacheRatio: 0.02 (2012-11-05 11:35:53)
Worker: rmi://ip-10-32-41-233.eu-west-1.compute.internal:45834/5 Sent: 120330 Rcvd: 9172 CacheRatio: 0.01 (2012-11-05 11:35:53)
Worker: rmi://ip-10-32-50-142.eu-west-1.compute.internal:60202/6 Sent: 125955 Rcvd: 6916 CacheRatio: 0.02 (2012-11-05 11:35:53)
Worker: rmi://ip-10-32-50-217.eu-west-1.compute.internal:49446/0 Sent: 95918 Rcvd: 1429 CacheRatio: 0.02 (2012-11-05 11:35:53)
Worker: rmi://ip-10-32-41-233.eu-west-1.compute.internal:45834/7 Sent: 121032 Rcvd: 8143 CacheRatio: 0.01 (2012-11-05 11:35:53)
Worker: rmi://ip-10-32-54-19.eu-west-1.compute.internal:50227/7 Sent: 130718 Rcvd: 10383 CacheRatio: 0.01 (2012-11-05 11:35:53)
Worker: rmi://ip-10-32-44-198.eu-west-1.compute.internal:40657/4 Sent: 131837 Rcvd: 13628 CacheRatio: 0.01 (2012-11-05 11:35:53)
Worker: rmi://ip-10-32-54-37.eu-west-1.compute.internal:36081/2 Sent: 129919 Rcvd: 9270 CacheRatio: 0.01 (2012-11-05 11:35:53)
Worker: rmi://ip-10-32-54-37.eu-west-1.compute.internal:36081/4 Sent: 128561 Rcvd: 10226 CacheRatio: 0.02 (2012-11-05 11:35:53)
Worker: rmi://ip-10-32-54-37.eu-west-1.compute.internal:36081/6 Sent: 130373 Rcvd: 12671 CacheRatio: 0.01 (2012-11-05 11:35:53)
Worker: rmi://ip-10-32-49-215.eu-west-1.compute.internal:39625/0 Sent: 129673 Rcvd: 10327 CacheRatio: 0.01 (2012-11-05 11:35:53)
Worker: rmi://ip-10-32-54-224.eu-west-1.compute.internal:33570/0 Sent: 127404 Rcvd: 9251 CacheRatio: 0.02 (2012-11-05 11:35:53)
Worker: rmi://ip-10-32-41-233.eu-west-1.compute.internal:45834/0 Sent: 119702 Rcvd: 7231 CacheRatio: 0.01 (2012-11-05 11:35:53)
Worker: rmi://ip-10-32-41-233.eu-west-1.compute.internal:45834/6 Sent: 121374 Rcvd: 9984 CacheRatio: 0.01 (2012-11-05 11:35:53)
Worker: rmi://ip-10-32-53-224.eu-west-1.compute.internal:37017/4 Sent: 124667 Rcvd: 8707 CacheRatio: 0.02 (2012-11-05 11:35:53)
Worker: rmi://ip-10-32-50-217.eu-west-1.compute.internal:49446/1 Sent: 96432 Rcvd: 2159 CacheRatio: 0.01 (2012-11-05 11:35:53)
Worker: rmi://ip-10-32-50-31.eu-west-1.compute.internal:46864/4 Sent: 119166 Rcvd: 5231 CacheRatio: 0.01 (2012-11-05 11:35:53)
Worker: rmi://ip-10-32-50-217.eu-west-1.compute.internal:49446/3 Sent: 95520 Rcvd: 2615 CacheRatio: 0.02 (2012-11-05 11:35:53)
Worker: rmi://ip-10-32-53-224.eu-west-1.compute.internal:37017/6 Sent: 124376 Rcvd: 5242 CacheRatio: 0.01 (2012-11-05 11:35:53)
Worker: rmi://ip-10-33-145-29.eu-west-1.compute.internal:55622/6 Sent: 123793 Rcvd: 6139 CacheRatio: 0.02 (2012-11-05 11:35:53)
Worker: rmi://ip-10-32-49-215.eu-west-1.compute.internal:39625/4 Sent: 125937 Rcvd: 8663 CacheRatio: 0.01 (2012-11-05 11:35:53)
Worker: rmi://ip-10-33-145-29.eu-west-1.compute.internal:55622/0 Sent: 122033 Rcvd: 7109 CacheRatio: 0.02 (2012-11-05 11:35:53)
Worker: rmi://ip-10-32-50-142.eu-west-1.compute.internal:60202/1 Sent: 124151 Rcvd: 8329 CacheRatio: 0.02 (2012-11-05 11:35:53)
Worker: rmi://ip-10-33-145-29.eu-west-1.compute.internal:55622/3 Sent: 120627 Rcvd: 4423 CacheRatio: 0.01 (2012-11-05 11:35:53)
Worker: rmi://ip-10-33-145-4.eu-west-1.compute.internal:40829/1 Sent: 132390 Rcvd: 14700 CacheRatio: 0.01 (2012-11-05 11:35:53)
Worker: rmi://ip-10-32-54-37.eu-west-1.compute.internal:36081/7 Sent: 127536 Rcvd: 9913 CacheRatio: 0.01 (2012-11-05 11:35:53)
Worker: rmi://ip-10-32-50-159.eu-west-1.compute.internal:54466/6 Sent: 120144 Rcvd: 8351 CacheRatio: 0.01 (2012-11-05 11:35:53)
Worker: rmi://ip-10-32-50-27.eu-west-1.compute.internal:47306/6 Sent: 117861 Rcvd: 6659 CacheRatio: 0.01 (2012-11-05 11:35:53)
Worker: rmi://ip-10-32-41-210.eu-west-1.compute.internal:33832/3 Sent: 117209 Rcvd: 4471 CacheRatio: 0.01 (2012-11-05 11:35:53)
Worker: rmi://ip-10-33-145-29.eu-west-1.compute.internal:55622/1 Sent: 119885 Rcvd: 4952 CacheRatio: 0.01 (2012-11-05 11:35:53)
Worker: rmi://ip-10-32-54-37.eu-west-1.compute.internal:36081/0 Sent: 131563 Rcvd: 9399 CacheRatio: 0.02 (2012-11-05 11:35:53)
Worker: rmi://ip-10-32-54-71.eu-west-1.compute.internal:59670/1 Sent: 128756 Rcvd: 8855 CacheRatio: 0.02 (2012-11-05 11:35:53)
Worker: rmi://ip-10-32-54-19.eu-west-1.compute.internal:50227/4 Sent: 128961 Rcvd: 11030 CacheRatio: 0.01 (2012-11-05 11:35:53)
Worker: rmi://ip-10-33-145-4.eu-west-1.compute.internal:40829/7 Sent: 130275 Rcvd: 14127 CacheRatio: 0.01 (2012-11-05 11:35:53)
Worker: rmi://ip-10-32-53-224.eu-west-1.compute.internal:37017/7 Sent: 126815 Rcvd: 6040 CacheRatio: 0.01 (2012-11-05 11:35:53)
Worker: rmi://ip-10-32-54-71.eu-west-1.compute.internal:59670/5 Sent: 127642 Rcvd: 9537 CacheRatio: 0.02 (2012-11-05 11:35:53)
Worker: rmi://ip-10-32-54-71.eu-west-1.compute.internal:59670/0 Sent: 129110 Rcvd: 9688 CacheRatio: 0.01 (2012-11-05 11:35:53)
Worker: rmi://ip-10-32-54-37.eu-west-1.compute.internal:36081/1 Sent: 130275 Rcvd: 9459 CacheRatio: 0.02 (2012-11-05 11:35:53)
Worker: rmi://ip-10-32-49-215.eu-west-1.compute.internal:39625/6 Sent: 128873 Rcvd: 8414 CacheRatio: 0.02 (2012-11-05 11:35:53)
Model checking completed. No error has been found.
  Estimates of the probability that TLC did not check all reachable states
  because two distinct states had the same fingerprint:
  calculated (optimistic):  val = 8.4E-5
  based on the actual fingerprints:  val = 3.8E-12
243218021 states generated, 16777216 distinct states found, 0 states left on queue.
The depth of the complete state graph search is 50.
Finished. (2012-11-05 11:36:00)
