Listening for transport dt_socket at address: 1044
TLC Server Version 2.05 of 18 May 2012
Parsing file /mnt/tlc/5109/spec/l10_n8.tla
Parsing file /mnt/tlc/5109/spec/GridPerformanceTest.tla
Parsing file /mnt/tlc/5109/tla/tla2sany/StandardModules/TLC.tla
Parsing file /mnt/tlc/5109/tla/tla2sany/StandardModules/Integers.tla
Parsing file /mnt/tlc/5109/tla/tla2sany/StandardModules/FiniteSets.tla
Parsing file /mnt/tlc/5109/tla/tla2sany/StandardModules/Naturals.tla
Parsing file /mnt/tlc/5109/tla/tla2sany/StandardModules/Sequences.tla
Semantic processing of module Naturals
Semantic processing of module Integers
Semantic processing of module Sequences
Semantic processing of module FiniteSets
Semantic processing of module GridPerformanceTest
Semantic processing of module TLC
Semantic processing of module l10_n8
Starting... (2012-09-10 08:51:27)
Computing initial states...
Finished computing initial states: 1 distinct state(s) generated.
TLC server at ip-10-32-42-229 is ready (2012-09-10 08:52:09)
Registration for worker at rmi://ip-10-32-53-131.eu-west-1.compute.internal:57534/4 completed (2012-09-10 08:52:19)
Registration for worker at rmi://ip-10-32-53-131.eu-west-1.compute.internal:57534/0 completed (2012-09-10 08:52:19)
Registration for worker at rmi://ip-10-32-53-131.eu-west-1.compute.internal:57534/7 completed (2012-09-10 08:52:19)
Registration for worker at rmi://ip-10-32-53-131.eu-west-1.compute.internal:57534/3 completed (2012-09-10 08:52:19)
Registration for worker at rmi://ip-10-32-53-131.eu-west-1.compute.internal:57534/1 completed (2012-09-10 08:52:19)
Registration for worker at rmi://ip-10-32-53-131.eu-west-1.compute.internal:57534/5 completed (2012-09-10 08:52:19)
Registration for worker at rmi://ip-10-32-53-131.eu-west-1.compute.internal:57534/2 completed (2012-09-10 08:52:19)
Registration for worker at rmi://ip-10-32-53-131.eu-west-1.compute.internal:57534/6 completed (2012-09-10 08:52:19)
Registration for worker at rmi://ip-10-32-53-156.eu-west-1.compute.internal:40111/1 completed (2012-09-10 08:52:21)
Registration for worker at rmi://ip-10-32-53-156.eu-west-1.compute.internal:40111/0 completed (2012-09-10 08:52:21)
Registration for worker at rmi://ip-10-32-53-156.eu-west-1.compute.internal:40111/5 completed (2012-09-10 08:52:21)
Registration for worker at rmi://ip-10-32-53-156.eu-west-1.compute.internal:40111/7 completed (2012-09-10 08:52:21)
Registration for worker at rmi://ip-10-32-53-156.eu-west-1.compute.internal:40111/3 completed (2012-09-10 08:52:21)
Registration for worker at rmi://ip-10-32-53-156.eu-west-1.compute.internal:40111/4 completed (2012-09-10 08:52:21)
Registration for worker at rmi://ip-10-32-53-156.eu-west-1.compute.internal:40111/2 completed (2012-09-10 08:52:21)
Registration for worker at rmi://ip-10-32-53-156.eu-west-1.compute.internal:40111/6 completed (2012-09-10 08:52:21)
Progress(22) at 2012-09-10 08:53:09: 4445712 states generated (4,445,712 s/min), 811209 distinct states found (811,209 ds/min), 356856 states left on queue.
TLC worker connection lost rmi://ip-10-32-53-131.eu-west-1.compute.internal:57534/7 (2012-09-10 08:53:18)
TLC worker rmi://ip-10-32-53-131.eu-west-1.compute.internal:57534/7 disconnected (2012-09-10 08:53:18)
Warning: Failed to read remote worker cache statistic (Expect to see a negative chache hit rate. Does not invalid model checking results)
(Use the -nowarning option to disable this warning.)
TLC worker connection lost rmi://ip-10-32-53-131.eu-west-1.compute.internal:57534/1 (2012-09-10 08:53:19)
TLC worker rmi://ip-10-32-53-131.eu-west-1.compute.internal:57534/1 disconnected (2012-09-10 08:53:19)
TLC worker connection lost rmi://ip-10-32-53-156.eu-west-1.compute.internal:40111/1 (2012-09-10 08:53:19)
TLC worker rmi://ip-10-32-53-156.eu-west-1.compute.internal:40111/1 disconnected (2012-09-10 08:53:19)
TLC worker connection lost rmi://ip-10-32-53-156.eu-west-1.compute.internal:40111/6 (2012-09-10 08:53:19)
TLC worker rmi://ip-10-32-53-156.eu-west-1.compute.internal:40111/6 disconnected (2012-09-10 08:53:19)
TLC worker connection lost rmi://ip-10-32-53-131.eu-west-1.compute.internal:57534/2 (2012-09-10 08:53:19)
TLC worker rmi://ip-10-32-53-131.eu-west-1.compute.internal:57534/2 disconnected (2012-09-10 08:53:19)
TLC worker connection lost rmi://ip-10-32-53-156.eu-west-1.compute.internal:40111/2 (2012-09-10 08:53:20)
TLC worker rmi://ip-10-32-53-156.eu-west-1.compute.internal:40111/2 disconnected (2012-09-10 08:53:20)
TLC worker connection lost rmi://ip-10-32-53-131.eu-west-1.compute.internal:57534/4 (2012-09-10 08:53:21)
TLC worker rmi://ip-10-32-53-131.eu-west-1.compute.internal:57534/4 disconnected (2012-09-10 08:53:21)
TLC worker connection lost rmi://ip-10-32-53-131.eu-west-1.compute.internal:57534/0 (2012-09-10 08:53:22)
TLC worker rmi://ip-10-32-53-131.eu-west-1.compute.internal:57534/0 disconnected (2012-09-10 08:53:22)
TLC worker connection lost rmi://ip-10-32-53-156.eu-west-1.compute.internal:40111/5 (2012-09-10 08:53:22)
TLC worker rmi://ip-10-32-53-156.eu-west-1.compute.internal:40111/5 disconnected (2012-09-10 08:53:22)
TLC worker connection lost rmi://ip-10-32-53-156.eu-west-1.compute.internal:40111/7 (2012-09-10 08:53:23)
TLC worker rmi://ip-10-32-53-156.eu-west-1.compute.internal:40111/7 disconnected (2012-09-10 08:53:23)
TLC worker connection lost rmi://ip-10-32-53-156.eu-west-1.compute.internal:40111/4 (2012-09-10 08:53:24)
TLC worker rmi://ip-10-32-53-156.eu-west-1.compute.internal:40111/4 disconnected (2012-09-10 08:53:24)
TLC worker connection lost rmi://ip-10-32-53-131.eu-west-1.compute.internal:57534/3 (2012-09-10 08:53:24)
TLC worker rmi://ip-10-32-53-131.eu-west-1.compute.internal:57534/3 disconnected (2012-09-10 08:53:24)
TLC worker connection lost rmi://ip-10-32-53-131.eu-west-1.compute.internal:57534/5 (2012-09-10 08:53:25)
TLC worker rmi://ip-10-32-53-131.eu-west-1.compute.internal:57534/5 disconnected (2012-09-10 08:53:25)
TLC worker connection lost rmi://ip-10-32-53-131.eu-west-1.compute.internal:57534/6 (2012-09-10 08:53:25)
TLC worker rmi://ip-10-32-53-131.eu-west-1.compute.internal:57534/6 disconnected (2012-09-10 08:53:25)
TLC worker connection lost rmi://ip-10-32-53-156.eu-west-1.compute.internal:40111/3 (2012-09-10 08:53:25)
TLC worker rmi://ip-10-32-53-156.eu-west-1.compute.internal:40111/3 disconnected (2012-09-10 08:53:25)
TLC worker connection lost rmi://ip-10-32-53-156.eu-west-1.compute.internal:40111/0 (2012-09-10 08:53:25)
TLC worker rmi://ip-10-32-53-156.eu-west-1.compute.internal:40111/0 disconnected (2012-09-10 08:53:25)
Progress(30) at 2012-09-10 08:54:09: 6394171 states generated (1,948,459 s/min), 1120487 distinct states found (309,278 ds/min), 461232 states left on queue.
Registration for worker at rmi://ip-10-32-53-131.eu-west-1.compute.internal:57534/0 completed (2012-09-10 08:54:45)
Registration for worker at rmi://ip-10-32-53-131.eu-west-1.compute.internal:57534/4 completed (2012-09-10 08:54:45)
Registration for worker at rmi://ip-10-32-53-131.eu-west-1.compute.internal:57534/6 completed (2012-09-10 08:54:45)
Registration for worker at rmi://ip-10-32-53-131.eu-west-1.compute.internal:57534/7 completed (2012-09-10 08:54:45)
Registration for worker at rmi://ip-10-32-53-131.eu-west-1.compute.internal:57534/5 completed (2012-09-10 08:54:45)
Registration for worker at rmi://ip-10-32-53-131.eu-west-1.compute.internal:57534/3 completed (2012-09-10 08:54:45)
Registration for worker at rmi://ip-10-32-53-131.eu-west-1.compute.internal:57534/1 completed (2012-09-10 08:54:45)
Registration for worker at rmi://ip-10-32-53-131.eu-west-1.compute.internal:57534/2 completed (2012-09-10 08:54:45)
Progress(30) at 2012-09-10 08:55:09: 7052301 states generated (658,130 s/min), 1251073 distinct states found (130,586 ds/min), 525873 states left on queue.
TLC worker connection lost rmi://ip-10-32-53-131.eu-west-1.compute.internal:57534/1 (2012-09-10 08:55:09)
TLC worker rmi://ip-10-32-53-131.eu-west-1.compute.internal:57534/1 disconnected (2012-09-10 08:55:09)
TLC worker connection lost rmi://ip-10-32-53-131.eu-west-1.compute.internal:57534/6 (2012-09-10 08:55:09)
TLC worker rmi://ip-10-32-53-131.eu-west-1.compute.internal:57534/6 disconnected (2012-09-10 08:55:09)
TLC worker connection lost rmi://ip-10-32-53-131.eu-west-1.compute.internal:57534/5 (2012-09-10 08:55:09)
TLC worker rmi://ip-10-32-53-131.eu-west-1.compute.internal:57534/5 disconnected (2012-09-10 08:55:09)
TLC worker connection lost rmi://ip-10-32-53-131.eu-west-1.compute.internal:57534/0 (2012-09-10 08:55:09)
TLC worker rmi://ip-10-32-53-131.eu-west-1.compute.internal:57534/0 disconnected (2012-09-10 08:55:09)
TLC worker connection lost rmi://ip-10-32-53-131.eu-west-1.compute.internal:57534/7 (2012-09-10 08:55:10)
TLC worker rmi://ip-10-32-53-131.eu-west-1.compute.internal:57534/7 disconnected (2012-09-10 08:55:10)
TLC worker connection lost rmi://ip-10-32-53-131.eu-west-1.compute.internal:57534/4 (2012-09-10 08:55:10)
TLC worker rmi://ip-10-32-53-131.eu-west-1.compute.internal:57534/4 disconnected (2012-09-10 08:55:10)
TLC worker connection lost rmi://ip-10-32-53-131.eu-west-1.compute.internal:57534/3 (2012-09-10 08:55:10)
TLC worker rmi://ip-10-32-53-131.eu-west-1.compute.internal:57534/3 disconnected (2012-09-10 08:55:10)
TLC worker connection lost rmi://ip-10-32-53-131.eu-west-1.compute.internal:57534/2 (2012-09-10 08:55:10)
TLC worker rmi://ip-10-32-53-131.eu-west-1.compute.internal:57534/2 disconnected (2012-09-10 08:55:10)
Registration for worker at rmi://ip-10-32-53-131.eu-west-1.compute.internal:57534/5 completed (2012-09-10 08:55:15)
Registration for worker at rmi://ip-10-32-53-131.eu-west-1.compute.internal:57534/0 completed (2012-09-10 08:55:15)
Registration for worker at rmi://ip-10-32-53-131.eu-west-1.compute.internal:57534/2 completed (2012-09-10 08:55:15)
Registration for worker at rmi://ip-10-32-53-131.eu-west-1.compute.internal:57534/7 completed (2012-09-10 08:55:15)
Registration for worker at rmi://ip-10-32-53-131.eu-west-1.compute.internal:57534/3 completed (2012-09-10 08:55:15)
Registration for worker at rmi://ip-10-32-53-131.eu-west-1.compute.internal:57534/4 completed (2012-09-10 08:55:15)
Registration for worker at rmi://ip-10-32-53-131.eu-west-1.compute.internal:57534/1 completed (2012-09-10 08:55:15)
Registration for worker at rmi://ip-10-32-53-131.eu-west-1.compute.internal:57534/6 completed (2012-09-10 08:55:15)
Progress(30) at 2012-09-10 08:56:09: 10124253 states generated (3,071,952 s/min), 1695345 distinct states found (444,272 ds/min), 641676 states left on queue.
Registration for worker at rmi://ip-10-32-53-156.eu-west-1.compute.internal:40111/1 completed (2012-09-10 08:56:16)
Registration for worker at rmi://ip-10-32-53-156.eu-west-1.compute.internal:40111/4 completed (2012-09-10 08:56:16)
Registration for worker at rmi://ip-10-32-53-156.eu-west-1.compute.internal:40111/2 completed (2012-09-10 08:56:16)
Registration for worker at rmi://ip-10-32-53-156.eu-west-1.compute.internal:40111/0 completed (2012-09-10 08:56:16)
Registration for worker at rmi://ip-10-32-53-156.eu-west-1.compute.internal:40111/7 completed (2012-09-10 08:56:16)
Registration for worker at rmi://ip-10-32-53-156.eu-west-1.compute.internal:40111/5 completed (2012-09-10 08:56:16)
Registration for worker at rmi://ip-10-32-53-156.eu-west-1.compute.internal:40111/6 completed (2012-09-10 08:56:16)
Registration for worker at rmi://ip-10-32-53-156.eu-west-1.compute.internal:40111/3 completed (2012-09-10 08:56:16)
TLC worker connection lost rmi://ip-10-32-53-131.eu-west-1.compute.internal:57534/6 (2012-09-10 08:56:38)
TLC worker rmi://ip-10-32-53-131.eu-west-1.compute.internal:57534/6 disconnected (2012-09-10 08:56:38)
TLC worker connection lost rmi://ip-10-32-53-131.eu-west-1.compute.internal:57534/5 (2012-09-10 08:56:38)
TLC worker rmi://ip-10-32-53-131.eu-west-1.compute.internal:57534/5 disconnected (2012-09-10 08:56:38)
TLC worker connection lost rmi://ip-10-32-53-131.eu-west-1.compute.internal:57534/0 (2012-09-10 08:56:38)
TLC worker rmi://ip-10-32-53-131.eu-west-1.compute.internal:57534/0 disconnected (2012-09-10 08:56:38)
TLC worker connection lost rmi://ip-10-32-53-131.eu-west-1.compute.internal:57534/4 (2012-09-10 08:56:39)
TLC worker rmi://ip-10-32-53-131.eu-west-1.compute.internal:57534/4 disconnected (2012-09-10 08:56:39)
TLC worker connection lost rmi://ip-10-32-53-131.eu-west-1.compute.internal:57534/2 (2012-09-10 08:56:39)
TLC worker rmi://ip-10-32-53-131.eu-west-1.compute.internal:57534/2 disconnected (2012-09-10 08:56:39)
TLC worker connection lost rmi://ip-10-32-53-131.eu-west-1.compute.internal:57534/7 (2012-09-10 08:56:39)
TLC worker rmi://ip-10-32-53-131.eu-west-1.compute.internal:57534/7 disconnected (2012-09-10 08:56:39)
TLC worker connection lost rmi://ip-10-32-53-131.eu-west-1.compute.internal:57534/1 (2012-09-10 08:56:39)
TLC worker rmi://ip-10-32-53-131.eu-west-1.compute.internal:57534/1 disconnected (2012-09-10 08:56:39)
TLC worker connection lost rmi://ip-10-32-53-131.eu-west-1.compute.internal:57534/3 (2012-09-10 08:56:39)
TLC worker rmi://ip-10-32-53-131.eu-west-1.compute.internal:57534/3 disconnected (2012-09-10 08:56:39)
TLC worker connection lost rmi://ip-10-32-53-156.eu-west-1.compute.internal:40111/1 (2012-09-10 08:56:41)
TLC worker rmi://ip-10-32-53-156.eu-west-1.compute.internal:40111/1 disconnected (2012-09-10 08:56:41)
TLC worker connection lost rmi://ip-10-32-53-156.eu-west-1.compute.internal:40111/4 (2012-09-10 08:56:41)
TLC worker rmi://ip-10-32-53-156.eu-west-1.compute.internal:40111/4 disconnected (2012-09-10 08:56:41)
TLC worker connection lost rmi://ip-10-32-53-156.eu-west-1.compute.internal:40111/5 (2012-09-10 08:56:41)
TLC worker rmi://ip-10-32-53-156.eu-west-1.compute.internal:40111/5 disconnected (2012-09-10 08:56:41)
TLC worker connection lost rmi://ip-10-32-53-156.eu-west-1.compute.internal:40111/7 (2012-09-10 08:56:41)
TLC worker rmi://ip-10-32-53-156.eu-west-1.compute.internal:40111/7 disconnected (2012-09-10 08:56:41)
TLC worker connection lost rmi://ip-10-32-53-156.eu-west-1.compute.internal:40111/2 (2012-09-10 08:56:41)
TLC worker rmi://ip-10-32-53-156.eu-west-1.compute.internal:40111/2 disconnected (2012-09-10 08:56:41)
TLC worker connection lost rmi://ip-10-32-53-156.eu-west-1.compute.internal:40111/0 (2012-09-10 08:56:42)
TLC worker rmi://ip-10-32-53-156.eu-west-1.compute.internal:40111/0 disconnected (2012-09-10 08:56:42)
TLC worker connection lost rmi://ip-10-32-53-156.eu-west-1.compute.internal:40111/3 (2012-09-10 08:56:42)
TLC worker rmi://ip-10-32-53-156.eu-west-1.compute.internal:40111/3 disconnected (2012-09-10 08:56:42)
TLC worker connection lost rmi://ip-10-32-53-156.eu-west-1.compute.internal:40111/6 (2012-09-10 08:56:42)
TLC worker rmi://ip-10-32-53-156.eu-west-1.compute.internal:40111/6 disconnected (2012-09-10 08:56:42)
Progress(30) at 2012-09-10 08:57:09: 13215713 states generated (3,091,460 s/min), 2159517 distinct states found (464,172 ds/min), 777429 states left on queue.
Progress(30) at 2012-09-10 08:58:09: 13215713 states generated (0 s/min), 2159517 distinct states found (0 ds/min), 777429 states left on queue.
Registration for worker at rmi://ip-10-32-53-131.eu-west-1.compute.internal:57534/0 completed (2012-09-10 08:59:02)
Registration for worker at rmi://ip-10-32-53-131.eu-west-1.compute.internal:57534/7 completed (2012-09-10 08:59:02)
Registration for worker at rmi://ip-10-32-53-131.eu-west-1.compute.internal:57534/4 completed (2012-09-10 08:59:02)
Registration for worker at rmi://ip-10-32-53-131.eu-west-1.compute.internal:57534/6 completed (2012-09-10 08:59:02)
Registration for worker at rmi://ip-10-32-53-131.eu-west-1.compute.internal:57534/3 completed (2012-09-10 08:59:02)
Registration for worker at rmi://ip-10-32-53-131.eu-west-1.compute.internal:57534/2 completed (2012-09-10 08:59:02)
Registration for worker at rmi://ip-10-32-53-131.eu-west-1.compute.internal:57534/5 completed (2012-09-10 08:59:02)
Registration for worker at rmi://ip-10-32-53-131.eu-west-1.compute.internal:57534/1 completed (2012-09-10 08:59:02)
Registration for worker at rmi://ip-10-32-53-156.eu-west-1.compute.internal:40111/0 completed (2012-09-10 08:59:07)
Registration for worker at rmi://ip-10-32-53-156.eu-west-1.compute.internal:40111/5 completed (2012-09-10 08:59:07)
Registration for worker at rmi://ip-10-32-53-156.eu-west-1.compute.internal:40111/4 completed (2012-09-10 08:59:07)
Registration for worker at rmi://ip-10-32-53-156.eu-west-1.compute.internal:40111/6 completed (2012-09-10 08:59:07)
Registration for worker at rmi://ip-10-32-53-156.eu-west-1.compute.internal:40111/3 completed (2012-09-10 08:59:07)
Registration for worker at rmi://ip-10-32-53-156.eu-west-1.compute.internal:40111/1 completed (2012-09-10 08:59:07)
Registration for worker at rmi://ip-10-32-53-156.eu-west-1.compute.internal:40111/2 completed (2012-09-10 08:59:07)
Registration for worker at rmi://ip-10-32-53-156.eu-west-1.compute.internal:40111/7 completed (2012-09-10 08:59:07)
Progress(30) at 2012-09-10 08:59:09: 13215713 states generated (0 s/min), 2159517 distinct states found (0 ds/min), 777429 states left on queue.
TLC worker connection lost rmi://ip-10-32-53-131.eu-west-1.compute.internal:57534/3 (2012-09-10 08:59:37)
TLC worker rmi://ip-10-32-53-131.eu-west-1.compute.internal:57534/3 disconnected (2012-09-10 08:59:37)
TLC worker connection lost rmi://ip-10-32-53-131.eu-west-1.compute.internal:57534/0 (2012-09-10 08:59:37)
TLC worker rmi://ip-10-32-53-131.eu-west-1.compute.internal:57534/0 disconnected (2012-09-10 08:59:37)
TLC worker connection lost rmi://ip-10-32-53-131.eu-west-1.compute.internal:57534/7 (2012-09-10 08:59:37)
TLC worker rmi://ip-10-32-53-131.eu-west-1.compute.internal:57534/7 disconnected (2012-09-10 08:59:37)
TLC worker connection lost rmi://ip-10-32-53-131.eu-west-1.compute.internal:57534/5 (2012-09-10 08:59:37)
TLC worker rmi://ip-10-32-53-131.eu-west-1.compute.internal:57534/5 disconnected (2012-09-10 08:59:37)
TLC worker connection lost rmi://ip-10-32-53-131.eu-west-1.compute.internal:57534/2 (2012-09-10 08:59:37)
TLC worker rmi://ip-10-32-53-131.eu-west-1.compute.internal:57534/2 disconnected (2012-09-10 08:59:37)
TLC worker connection lost rmi://ip-10-32-53-131.eu-west-1.compute.internal:57534/1 (2012-09-10 08:59:37)
TLC worker rmi://ip-10-32-53-131.eu-west-1.compute.internal:57534/1 disconnected (2012-09-10 08:59:37)
TLC worker connection lost rmi://ip-10-32-53-131.eu-west-1.compute.internal:57534/4 (2012-09-10 08:59:37)
TLC worker rmi://ip-10-32-53-131.eu-west-1.compute.internal:57534/4 disconnected (2012-09-10 08:59:37)
TLC worker connection lost rmi://ip-10-32-53-131.eu-west-1.compute.internal:57534/6 (2012-09-10 08:59:37)
TLC worker rmi://ip-10-32-53-131.eu-west-1.compute.internal:57534/6 disconnected (2012-09-10 08:59:37)
Progress(35) at 2012-09-10 09:00:09: 17502295 states generated (4,286,582 s/min), 2764779 distinct states found (605,262 ds/min), 922513 states left on queue.
Registration for worker at rmi://ip-10-32-53-131.eu-west-1.compute.internal:57534/7 completed (2012-09-10 09:00:59)
Registration for worker at rmi://ip-10-32-53-131.eu-west-1.compute.internal:57534/4 completed (2012-09-10 09:00:59)
Registration for worker at rmi://ip-10-32-53-131.eu-west-1.compute.internal:57534/2 completed (2012-09-10 09:00:59)
Registration for worker at rmi://ip-10-32-53-131.eu-west-1.compute.internal:57534/5 completed (2012-09-10 09:00:59)
Registration for worker at rmi://ip-10-32-53-131.eu-west-1.compute.internal:57534/1 completed (2012-09-10 09:00:59)
Registration for worker at rmi://ip-10-32-53-131.eu-west-1.compute.internal:57534/3 completed (2012-09-10 09:00:59)
Registration for worker at rmi://ip-10-32-53-131.eu-west-1.compute.internal:57534/0 completed (2012-09-10 09:00:59)
Registration for worker at rmi://ip-10-32-53-131.eu-west-1.compute.internal:57534/6 completed (2012-09-10 09:00:59)
Progress(35) at 2012-09-10 09:01:09: 20552636 states generated (3,050,341 s/min), 3183552 distinct states found (418,773 ds/min), 1012330 states left on queue.
TLC worker connection lost rmi://ip-10-32-53-131.eu-west-1.compute.internal:57534/3 (2012-09-10 09:01:21)
TLC worker rmi://ip-10-32-53-131.eu-west-1.compute.internal:57534/3 disconnected (2012-09-10 09:01:21)
TLC worker connection lost rmi://ip-10-32-53-131.eu-west-1.compute.internal:57534/7 (2012-09-10 09:01:21)
TLC worker rmi://ip-10-32-53-131.eu-west-1.compute.internal:57534/7 disconnected (2012-09-10 09:01:21)
TLC worker connection lost rmi://ip-10-32-53-131.eu-west-1.compute.internal:57534/4 (2012-09-10 09:01:21)
TLC worker rmi://ip-10-32-53-131.eu-west-1.compute.internal:57534/4 disconnected (2012-09-10 09:01:21)
TLC worker connection lost rmi://ip-10-32-53-131.eu-west-1.compute.internal:57534/2 (2012-09-10 09:01:21)
TLC worker rmi://ip-10-32-53-131.eu-west-1.compute.internal:57534/2 disconnected (2012-09-10 09:01:21)
TLC worker connection lost rmi://ip-10-32-53-131.eu-west-1.compute.internal:57534/1 (2012-09-10 09:01:21)
TLC worker rmi://ip-10-32-53-131.eu-west-1.compute.internal:57534/1 disconnected (2012-09-10 09:01:21)
TLC worker connection lost rmi://ip-10-32-53-131.eu-west-1.compute.internal:57534/0 (2012-09-10 09:01:22)
TLC worker rmi://ip-10-32-53-131.eu-west-1.compute.internal:57534/0 disconnected (2012-09-10 09:01:22)
TLC worker connection lost rmi://ip-10-32-53-131.eu-west-1.compute.internal:57534/6 (2012-09-10 09:01:22)
TLC worker rmi://ip-10-32-53-131.eu-west-1.compute.internal:57534/6 disconnected (2012-09-10 09:01:22)
TLC worker connection lost rmi://ip-10-32-53-131.eu-west-1.compute.internal:57534/5 (2012-09-10 09:01:22)
TLC worker rmi://ip-10-32-53-131.eu-west-1.compute.internal:57534/5 disconnected (2012-09-10 09:01:22)
TLC worker connection lost rmi://ip-10-32-53-156.eu-west-1.compute.internal:40111/1 (2012-09-10 09:01:44)
TLC worker rmi://ip-10-32-53-156.eu-west-1.compute.internal:40111/1 disconnected (2012-09-10 09:01:44)
TLC worker connection lost rmi://ip-10-32-53-156.eu-west-1.compute.internal:40111/5 (2012-09-10 09:01:45)
TLC worker rmi://ip-10-32-53-156.eu-west-1.compute.internal:40111/5 disconnected (2012-09-10 09:01:45)
TLC worker connection lost rmi://ip-10-32-53-156.eu-west-1.compute.internal:40111/4 (2012-09-10 09:01:45)
TLC worker rmi://ip-10-32-53-156.eu-west-1.compute.internal:40111/4 disconnected (2012-09-10 09:01:45)
TLC worker connection lost rmi://ip-10-32-53-156.eu-west-1.compute.internal:40111/6 (2012-09-10 09:01:45)
TLC worker rmi://ip-10-32-53-156.eu-west-1.compute.internal:40111/6 disconnected (2012-09-10 09:01:45)
TLC worker connection lost rmi://ip-10-32-53-156.eu-west-1.compute.internal:40111/3 (2012-09-10 09:01:45)
TLC worker rmi://ip-10-32-53-156.eu-west-1.compute.internal:40111/3 disconnected (2012-09-10 09:01:45)
TLC worker connection lost rmi://ip-10-32-53-156.eu-west-1.compute.internal:40111/0 (2012-09-10 09:01:45)
TLC worker rmi://ip-10-32-53-156.eu-west-1.compute.internal:40111/0 disconnected (2012-09-10 09:01:45)
TLC worker connection lost rmi://ip-10-32-53-156.eu-west-1.compute.internal:40111/2 (2012-09-10 09:01:45)
TLC worker rmi://ip-10-32-53-156.eu-west-1.compute.internal:40111/2 disconnected (2012-09-10 09:01:45)
TLC worker connection lost rmi://ip-10-32-53-156.eu-west-1.compute.internal:40111/7 (2012-09-10 09:01:45)
TLC worker rmi://ip-10-32-53-156.eu-west-1.compute.internal:40111/7 disconnected (2012-09-10 09:01:45)
Registration for worker at rmi://ip-10-32-53-156.eu-west-1.compute.internal:40111/2 completed (2012-09-10 09:01:52)
Registration for worker at rmi://ip-10-32-53-156.eu-west-1.compute.internal:40111/7 completed (2012-09-10 09:01:52)
Registration for worker at rmi://ip-10-32-53-156.eu-west-1.compute.internal:40111/4 completed (2012-09-10 09:01:52)
Registration for worker at rmi://ip-10-32-53-156.eu-west-1.compute.internal:40111/1 completed (2012-09-10 09:01:52)
Registration for worker at rmi://ip-10-32-53-156.eu-west-1.compute.internal:40111/5 completed (2012-09-10 09:01:52)
Registration for worker at rmi://ip-10-32-53-156.eu-west-1.compute.internal:40111/6 completed (2012-09-10 09:01:52)
Registration for worker at rmi://ip-10-32-53-156.eu-west-1.compute.internal:40111/0 completed (2012-09-10 09:01:52)
Registration for worker at rmi://ip-10-32-53-156.eu-west-1.compute.internal:40111/3 completed (2012-09-10 09:01:52)
Registration for worker at rmi://ip-10-32-53-131.eu-west-1.compute.internal:57534/5 completed (2012-09-10 09:01:57)
Registration for worker at rmi://ip-10-32-53-131.eu-west-1.compute.internal:57534/7 completed (2012-09-10 09:01:57)
Registration for worker at rmi://ip-10-32-53-131.eu-west-1.compute.internal:57534/1 completed (2012-09-10 09:01:57)
Registration for worker at rmi://ip-10-32-53-131.eu-west-1.compute.internal:57534/4 completed (2012-09-10 09:01:57)
Registration for worker at rmi://ip-10-32-53-131.eu-west-1.compute.internal:57534/2 completed (2012-09-10 09:01:57)
Registration for worker at rmi://ip-10-32-53-131.eu-west-1.compute.internal:57534/6 completed (2012-09-10 09:01:57)
Registration for worker at rmi://ip-10-32-53-131.eu-west-1.compute.internal:57534/3 completed (2012-09-10 09:01:57)
Registration for worker at rmi://ip-10-32-53-131.eu-west-1.compute.internal:57534/0 completed (2012-09-10 09:01:57)
Progress(36) at 2012-09-10 09:02:09: 24790504 states generated (4,237,868 s/min), 3738140 distinct states found (554,588 ds/min), 1106496 states left on queue.
TLC worker connection lost rmi://ip-10-32-53-156.eu-west-1.compute.internal:40111/7 (2012-09-10 09:02:17)
TLC worker rmi://ip-10-32-53-156.eu-west-1.compute.internal:40111/7 disconnected (2012-09-10 09:02:17)
TLC worker connection lost rmi://ip-10-32-53-156.eu-west-1.compute.internal:40111/4 (2012-09-10 09:02:17)
TLC worker rmi://ip-10-32-53-156.eu-west-1.compute.internal:40111/4 disconnected (2012-09-10 09:02:17)
TLC worker connection lost rmi://ip-10-32-53-156.eu-west-1.compute.internal:40111/5 (2012-09-10 09:02:18)
TLC worker rmi://ip-10-32-53-156.eu-west-1.compute.internal:40111/5 disconnected (2012-09-10 09:02:18)
TLC worker connection lost rmi://ip-10-32-53-156.eu-west-1.compute.internal:40111/6 (2012-09-10 09:02:18)
TLC worker rmi://ip-10-32-53-156.eu-west-1.compute.internal:40111/6 disconnected (2012-09-10 09:02:18)
TLC worker connection lost rmi://ip-10-32-53-156.eu-west-1.compute.internal:40111/1 (2012-09-10 09:02:18)
TLC worker rmi://ip-10-32-53-156.eu-west-1.compute.internal:40111/1 disconnected (2012-09-10 09:02:18)
TLC worker connection lost rmi://ip-10-32-53-156.eu-west-1.compute.internal:40111/2 (2012-09-10 09:02:18)
TLC worker rmi://ip-10-32-53-156.eu-west-1.compute.internal:40111/2 disconnected (2012-09-10 09:02:18)
TLC worker connection lost rmi://ip-10-32-53-156.eu-west-1.compute.internal:40111/3 (2012-09-10 09:02:18)
TLC worker rmi://ip-10-32-53-156.eu-west-1.compute.internal:40111/3 disconnected (2012-09-10 09:02:18)
TLC worker connection lost rmi://ip-10-32-53-156.eu-west-1.compute.internal:40111/0 (2012-09-10 09:02:18)
TLC worker rmi://ip-10-32-53-156.eu-west-1.compute.internal:40111/0 disconnected (2012-09-10 09:02:18)
Progress(36) at 2012-09-10 09:03:09: 28449419 states generated (3,658,915 s/min), 4236527 distinct states found (498,387 ds/min), 1209806 states left on queue.
TLC worker connection lost rmi://ip-10-32-53-131.eu-west-1.compute.internal:57534/7 (2012-09-10 09:03:40)
TLC worker rmi://ip-10-32-53-131.eu-west-1.compute.internal:57534/7 disconnected (2012-09-10 09:03:40)
TLC worker connection lost rmi://ip-10-32-53-131.eu-west-1.compute.internal:57534/4 (2012-09-10 09:03:40)
TLC worker rmi://ip-10-32-53-131.eu-west-1.compute.internal:57534/4 disconnected (2012-09-10 09:03:40)
TLC worker connection lost rmi://ip-10-32-53-131.eu-west-1.compute.internal:57534/5 (2012-09-10 09:03:40)
TLC worker rmi://ip-10-32-53-131.eu-west-1.compute.internal:57534/5 disconnected (2012-09-10 09:03:40)
TLC worker connection lost rmi://ip-10-32-53-131.eu-west-1.compute.internal:57534/6 (2012-09-10 09:03:40)
TLC worker rmi://ip-10-32-53-131.eu-west-1.compute.internal:57534/6 disconnected (2012-09-10 09:03:40)
TLC worker connection lost rmi://ip-10-32-53-131.eu-west-1.compute.internal:57534/0 (2012-09-10 09:03:40)
TLC worker rmi://ip-10-32-53-131.eu-west-1.compute.internal:57534/0 disconnected (2012-09-10 09:03:40)
TLC worker connection lost rmi://ip-10-32-53-131.eu-west-1.compute.internal:57534/1 (2012-09-10 09:03:40)
TLC worker rmi://ip-10-32-53-131.eu-west-1.compute.internal:57534/1 disconnected (2012-09-10 09:03:40)
TLC worker connection lost rmi://ip-10-32-53-131.eu-west-1.compute.internal:57534/3 (2012-09-10 09:03:40)
TLC worker rmi://ip-10-32-53-131.eu-west-1.compute.internal:57534/3 disconnected (2012-09-10 09:03:40)
TLC worker connection lost rmi://ip-10-32-53-131.eu-west-1.compute.internal:57534/2 (2012-09-10 09:03:40)
TLC worker rmi://ip-10-32-53-131.eu-west-1.compute.internal:57534/2 disconnected (2012-09-10 09:03:40)
Progress(36) at 2012-09-10 09:04:09: 30266869 states generated (1,817,450 s/min), 4475753 distinct states found (239,226 ds/min), 1251749 states left on queue.
Registration for worker at rmi://ip-10-32-53-156.eu-west-1.compute.internal:40111/0 completed (2012-09-10 09:04:12)
Registration for worker at rmi://ip-10-32-53-156.eu-west-1.compute.internal:40111/7 completed (2012-09-10 09:04:12)
Registration for worker at rmi://ip-10-32-53-156.eu-west-1.compute.internal:40111/4 completed (2012-09-10 09:04:12)
Registration for worker at rmi://ip-10-32-53-156.eu-west-1.compute.internal:40111/1 completed (2012-09-10 09:04:12)
Registration for worker at rmi://ip-10-32-53-156.eu-west-1.compute.internal:40111/2 completed (2012-09-10 09:04:12)
Registration for worker at rmi://ip-10-32-53-156.eu-west-1.compute.internal:40111/6 completed (2012-09-10 09:04:12)
Registration for worker at rmi://ip-10-32-53-156.eu-west-1.compute.internal:40111/3 completed (2012-09-10 09:04:12)
Registration for worker at rmi://ip-10-32-53-156.eu-west-1.compute.internal:40111/5 completed (2012-09-10 09:04:12)
Progress(36) at 2012-09-10 09:05:09: 32691139 states generated (2,424,270 s/min), 4791727 distinct states found (315,974 ds/min), 1304178 states left on queue.
Registration for worker at rmi://ip-10-32-53-131.eu-west-1.compute.internal:57534/6 completed (2012-09-10 09:05:26)
Registration for worker at rmi://ip-10-32-53-131.eu-west-1.compute.internal:57534/3 completed (2012-09-10 09:05:26)
Registration for worker at rmi://ip-10-32-53-131.eu-west-1.compute.internal:57534/1 completed (2012-09-10 09:05:26)
Registration for worker at rmi://ip-10-32-53-131.eu-west-1.compute.internal:57534/7 completed (2012-09-10 09:05:26)
Registration for worker at rmi://ip-10-32-53-131.eu-west-1.compute.internal:57534/5 completed (2012-09-10 09:05:26)
Registration for worker at rmi://ip-10-32-53-131.eu-west-1.compute.internal:57534/2 completed (2012-09-10 09:05:26)
Registration for worker at rmi://ip-10-32-53-131.eu-west-1.compute.internal:57534/0 completed (2012-09-10 09:05:26)
Registration for worker at rmi://ip-10-32-53-131.eu-west-1.compute.internal:57534/4 completed (2012-09-10 09:05:26)
TLC worker connection lost rmi://ip-10-32-53-156.eu-west-1.compute.internal:40111/3 (2012-09-10 09:05:59)
TLC worker rmi://ip-10-32-53-156.eu-west-1.compute.internal:40111/3 disconnected (2012-09-10 09:05:59)
TLC worker connection lost rmi://ip-10-32-53-156.eu-west-1.compute.internal:40111/4 (2012-09-10 09:05:59)
TLC worker rmi://ip-10-32-53-156.eu-west-1.compute.internal:40111/4 disconnected (2012-09-10 09:05:59)
TLC worker connection lost rmi://ip-10-32-53-156.eu-west-1.compute.internal:40111/6 (2012-09-10 09:05:59)
TLC worker rmi://ip-10-32-53-156.eu-west-1.compute.internal:40111/6 disconnected (2012-09-10 09:05:59)
TLC worker connection lost rmi://ip-10-32-53-156.eu-west-1.compute.internal:40111/0 (2012-09-10 09:05:59)
TLC worker rmi://ip-10-32-53-156.eu-west-1.compute.internal:40111/0 disconnected (2012-09-10 09:05:59)
TLC worker connection lost rmi://ip-10-32-53-156.eu-west-1.compute.internal:40111/5 (2012-09-10 09:05:59)
TLC worker rmi://ip-10-32-53-156.eu-west-1.compute.internal:40111/5 disconnected (2012-09-10 09:05:59)
TLC worker connection lost rmi://ip-10-32-53-156.eu-west-1.compute.internal:40111/7 (2012-09-10 09:06:00)
TLC worker rmi://ip-10-32-53-156.eu-west-1.compute.internal:40111/7 disconnected (2012-09-10 09:06:00)
TLC worker connection lost rmi://ip-10-32-53-156.eu-west-1.compute.internal:40111/2 (2012-09-10 09:06:00)
TLC worker rmi://ip-10-32-53-156.eu-west-1.compute.internal:40111/2 disconnected (2012-09-10 09:06:00)
TLC worker connection lost rmi://ip-10-32-53-156.eu-west-1.compute.internal:40111/1 (2012-09-10 09:06:00)
TLC worker rmi://ip-10-32-53-156.eu-west-1.compute.internal:40111/1 disconnected (2012-09-10 09:06:00)
Progress(36) at 2012-09-10 09:06:09: 36929536 states generated (4,238,397 s/min), 5351212 distinct states found (559,485 ds/min), 1403786 states left on queue.
Registration for worker at rmi://ip-10-32-53-156.eu-west-1.compute.internal:40111/0 completed (2012-09-10 09:06:44)
Registration for worker at rmi://ip-10-32-53-156.eu-west-1.compute.internal:40111/4 completed (2012-09-10 09:06:44)
Registration for worker at rmi://ip-10-32-53-156.eu-west-1.compute.internal:40111/2 completed (2012-09-10 09:06:44)
Registration for worker at rmi://ip-10-32-53-156.eu-west-1.compute.internal:40111/6 completed (2012-09-10 09:06:44)
Registration for worker at rmi://ip-10-32-53-156.eu-west-1.compute.internal:40111/7 completed (2012-09-10 09:06:44)
Registration for worker at rmi://ip-10-32-53-156.eu-west-1.compute.internal:40111/3 completed (2012-09-10 09:06:44)
Registration for worker at rmi://ip-10-32-53-156.eu-west-1.compute.internal:40111/1 completed (2012-09-10 09:06:44)
Registration for worker at rmi://ip-10-32-53-156.eu-west-1.compute.internal:40111/5 completed (2012-09-10 09:06:44)
Progress(36) at 2012-09-10 09:07:09: 40520563 states generated (3,591,027 s/min), 5779559 distinct states found (428,347 ds/min), 1436786 states left on queue.
TLC worker connection lost rmi://ip-10-32-53-131.eu-west-1.compute.internal:57534/6 (2012-09-10 09:08:07)
TLC worker rmi://ip-10-32-53-131.eu-west-1.compute.internal:57534/6 disconnected (2012-09-10 09:08:07)
TLC worker connection lost rmi://ip-10-32-53-131.eu-west-1.compute.internal:57534/3 (2012-09-10 09:08:07)
TLC worker rmi://ip-10-32-53-131.eu-west-1.compute.internal:57534/3 disconnected (2012-09-10 09:08:07)
TLC worker connection lost rmi://ip-10-32-53-131.eu-west-1.compute.internal:57534/5 (2012-09-10 09:08:07)
TLC worker rmi://ip-10-32-53-131.eu-west-1.compute.internal:57534/5 disconnected (2012-09-10 09:08:07)
TLC worker connection lost rmi://ip-10-32-53-131.eu-west-1.compute.internal:57534/4 (2012-09-10 09:08:07)
TLC worker rmi://ip-10-32-53-131.eu-west-1.compute.internal:57534/4 disconnected (2012-09-10 09:08:07)
TLC worker connection lost rmi://ip-10-32-53-131.eu-west-1.compute.internal:57534/0 (2012-09-10 09:08:07)
TLC worker rmi://ip-10-32-53-131.eu-west-1.compute.internal:57534/0 disconnected (2012-09-10 09:08:07)
TLC worker connection lost rmi://ip-10-32-53-131.eu-west-1.compute.internal:57534/7 (2012-09-10 09:08:08)
TLC worker rmi://ip-10-32-53-131.eu-west-1.compute.internal:57534/7 disconnected (2012-09-10 09:08:08)
TLC worker connection lost rmi://ip-10-32-53-131.eu-west-1.compute.internal:57534/2 (2012-09-10 09:08:08)
TLC worker rmi://ip-10-32-53-131.eu-west-1.compute.internal:57534/2 disconnected (2012-09-10 09:08:08)
TLC worker connection lost rmi://ip-10-32-53-131.eu-west-1.compute.internal:57534/1 (2012-09-10 09:08:08)
TLC worker rmi://ip-10-32-53-131.eu-west-1.compute.internal:57534/1 disconnected (2012-09-10 09:08:08)
Progress(36) at 2012-09-10 09:08:09: 47106710 states generated (6,586,147 s/min), 6572794 distinct states found (793,235 ds/min), 1505886 states left on queue.
TLC worker connection lost rmi://ip-10-32-53-156.eu-west-1.compute.internal:40111/2 (2012-09-10 09:09:04)
TLC worker rmi://ip-10-32-53-156.eu-west-1.compute.internal:40111/2 disconnected (2012-09-10 09:09:04)
TLC worker connection lost rmi://ip-10-32-53-156.eu-west-1.compute.internal:40111/6 (2012-09-10 09:09:04)
TLC worker rmi://ip-10-32-53-156.eu-west-1.compute.internal:40111/6 disconnected (2012-09-10 09:09:04)
TLC worker connection lost rmi://ip-10-32-53-156.eu-west-1.compute.internal:40111/5 (2012-09-10 09:09:04)
TLC worker rmi://ip-10-32-53-156.eu-west-1.compute.internal:40111/5 disconnected (2012-09-10 09:09:04)
TLC worker connection lost rmi://ip-10-32-53-156.eu-west-1.compute.internal:40111/0 (2012-09-10 09:09:04)
TLC worker rmi://ip-10-32-53-156.eu-west-1.compute.internal:40111/0 disconnected (2012-09-10 09:09:04)
TLC worker connection lost rmi://ip-10-32-53-156.eu-west-1.compute.internal:40111/7 (2012-09-10 09:09:04)
TLC worker rmi://ip-10-32-53-156.eu-west-1.compute.internal:40111/7 disconnected (2012-09-10 09:09:04)
TLC worker connection lost rmi://ip-10-32-53-156.eu-west-1.compute.internal:40111/4 (2012-09-10 09:09:04)
TLC worker rmi://ip-10-32-53-156.eu-west-1.compute.internal:40111/4 disconnected (2012-09-10 09:09:04)
TLC worker connection lost rmi://ip-10-32-53-156.eu-west-1.compute.internal:40111/1 (2012-09-10 09:09:04)
TLC worker rmi://ip-10-32-53-156.eu-west-1.compute.internal:40111/1 disconnected (2012-09-10 09:09:04)
TLC worker connection lost rmi://ip-10-32-53-156.eu-west-1.compute.internal:40111/3 (2012-09-10 09:09:04)
TLC worker rmi://ip-10-32-53-156.eu-west-1.compute.internal:40111/3 disconnected (2012-09-10 09:09:04)
Progress(36) at 2012-09-10 09:09:09: 50140426 states generated (3,033,716 s/min), 6973246 distinct states found (400,452 ds/min), 1577171 states left on queue.
Progress(36) at 2012-09-10 09:10:09: 50140426 states generated (0 s/min), 6973246 distinct states found (0 ds/min), 1577171 states left on queue.
Registration for worker at rmi://ip-10-32-53-131.eu-west-1.compute.internal:57534/0 completed (2012-09-10 09:10:46)
Registration for worker at rmi://ip-10-32-53-131.eu-west-1.compute.internal:57534/1 completed (2012-09-10 09:10:46)
Registration for worker at rmi://ip-10-32-53-131.eu-west-1.compute.internal:57534/6 completed (2012-09-10 09:10:46)
Registration for worker at rmi://ip-10-32-53-131.eu-west-1.compute.internal:57534/3 completed (2012-09-10 09:10:46)
Registration for worker at rmi://ip-10-32-53-131.eu-west-1.compute.internal:57534/7 completed (2012-09-10 09:10:46)
Registration for worker at rmi://ip-10-32-53-131.eu-west-1.compute.internal:57534/5 completed (2012-09-10 09:10:46)
Registration for worker at rmi://ip-10-32-53-131.eu-west-1.compute.internal:57534/2 completed (2012-09-10 09:10:46)
Registration for worker at rmi://ip-10-32-53-131.eu-west-1.compute.internal:57534/4 completed (2012-09-10 09:10:46)
Progress(36) at 2012-09-10 09:11:09: 50717185 states generated (576,759 s/min), 7022597 distinct states found (49,351 ds/min), 1560594 states left on queue.
Registration for worker at rmi://ip-10-32-53-156.eu-west-1.compute.internal:40111/0 completed (2012-09-10 09:11:46)
Registration for worker at rmi://ip-10-32-53-156.eu-west-1.compute.internal:40111/7 completed (2012-09-10 09:11:46)
Registration for worker at rmi://ip-10-32-53-156.eu-west-1.compute.internal:40111/1 completed (2012-09-10 09:11:46)
Registration for worker at rmi://ip-10-32-53-156.eu-west-1.compute.internal:40111/5 completed (2012-09-10 09:11:46)
Registration for worker at rmi://ip-10-32-53-156.eu-west-1.compute.internal:40111/6 completed (2012-09-10 09:11:46)
Registration for worker at rmi://ip-10-32-53-156.eu-west-1.compute.internal:40111/3 completed (2012-09-10 09:11:46)
Registration for worker at rmi://ip-10-32-53-156.eu-west-1.compute.internal:40111/2 completed (2012-09-10 09:11:46)
Registration for worker at rmi://ip-10-32-53-156.eu-west-1.compute.internal:40111/4 completed (2012-09-10 09:11:46)
Progress(36) at 2012-09-10 09:12:09: 54891090 states generated (4,173,905 s/min), 7505182 distinct states found (482,585 ds/min), 1581750 states left on queue.
Progress(36) at 2012-09-10 09:13:09: 60871274 states generated (5,980,184 s/min), 8214774 distinct states found (709,592 ds/min), 1632498 states left on queue.
TLC worker connection lost rmi://ip-10-32-53-131.eu-west-1.compute.internal:57534/5 (2012-09-10 09:13:15)
TLC worker rmi://ip-10-32-53-131.eu-west-1.compute.internal:57534/5 disconnected (2012-09-10 09:13:15)
TLC worker connection lost rmi://ip-10-32-53-131.eu-west-1.compute.internal:57534/3 (2012-09-10 09:13:15)
TLC worker rmi://ip-10-32-53-131.eu-west-1.compute.internal:57534/3 disconnected (2012-09-10 09:13:15)
TLC worker connection lost rmi://ip-10-32-53-131.eu-west-1.compute.internal:57534/6 (2012-09-10 09:13:15)
TLC worker rmi://ip-10-32-53-131.eu-west-1.compute.internal:57534/6 disconnected (2012-09-10 09:13:15)
TLC worker connection lost rmi://ip-10-32-53-131.eu-west-1.compute.internal:57534/4 (2012-09-10 09:13:15)
TLC worker rmi://ip-10-32-53-131.eu-west-1.compute.internal:57534/4 disconnected (2012-09-10 09:13:15)
TLC worker connection lost rmi://ip-10-32-53-131.eu-west-1.compute.internal:57534/0 (2012-09-10 09:13:16)
TLC worker rmi://ip-10-32-53-131.eu-west-1.compute.internal:57534/0 disconnected (2012-09-10 09:13:16)
TLC worker connection lost rmi://ip-10-32-53-131.eu-west-1.compute.internal:57534/1 (2012-09-10 09:13:16)
TLC worker rmi://ip-10-32-53-131.eu-west-1.compute.internal:57534/1 disconnected (2012-09-10 09:13:16)
TLC worker connection lost rmi://ip-10-32-53-131.eu-west-1.compute.internal:57534/7 (2012-09-10 09:13:16)
TLC worker rmi://ip-10-32-53-131.eu-west-1.compute.internal:57534/7 disconnected (2012-09-10 09:13:16)
TLC worker connection lost rmi://ip-10-32-53-131.eu-west-1.compute.internal:57534/2 (2012-09-10 09:13:16)
TLC worker rmi://ip-10-32-53-131.eu-west-1.compute.internal:57534/2 disconnected (2012-09-10 09:13:16)
TLC worker connection lost rmi://ip-10-32-53-156.eu-west-1.compute.internal:40111/0 (2012-09-10 09:13:28)
TLC worker rmi://ip-10-32-53-156.eu-west-1.compute.internal:40111/0 disconnected (2012-09-10 09:13:28)
TLC worker connection lost rmi://ip-10-32-53-156.eu-west-1.compute.internal:40111/1 (2012-09-10 09:13:28)
TLC worker rmi://ip-10-32-53-156.eu-west-1.compute.internal:40111/1 disconnected (2012-09-10 09:13:28)
TLC worker connection lost rmi://ip-10-32-53-156.eu-west-1.compute.internal:40111/4 (2012-09-10 09:13:28)
TLC worker rmi://ip-10-32-53-156.eu-west-1.compute.internal:40111/4 disconnected (2012-09-10 09:13:28)
TLC worker connection lost rmi://ip-10-32-53-156.eu-west-1.compute.internal:40111/7 (2012-09-10 09:13:28)
TLC worker rmi://ip-10-32-53-156.eu-west-1.compute.internal:40111/7 disconnected (2012-09-10 09:13:28)
TLC worker connection lost rmi://ip-10-32-53-156.eu-west-1.compute.internal:40111/5 (2012-09-10 09:13:28)
TLC worker rmi://ip-10-32-53-156.eu-west-1.compute.internal:40111/5 disconnected (2012-09-10 09:13:28)
TLC worker connection lost rmi://ip-10-32-53-156.eu-west-1.compute.internal:40111/6 (2012-09-10 09:13:28)
TLC worker rmi://ip-10-32-53-156.eu-west-1.compute.internal:40111/6 disconnected (2012-09-10 09:13:28)
TLC worker connection lost rmi://ip-10-32-53-156.eu-west-1.compute.internal:40111/3 (2012-09-10 09:13:28)
TLC worker rmi://ip-10-32-53-156.eu-west-1.compute.internal:40111/3 disconnected (2012-09-10 09:13:28)
TLC worker connection lost rmi://ip-10-32-53-156.eu-west-1.compute.internal:40111/2 (2012-09-10 09:13:29)
TLC worker rmi://ip-10-32-53-156.eu-west-1.compute.internal:40111/2 disconnected (2012-09-10 09:13:29)
Progress(39) at 2012-09-10 09:14:09: 62634212 states generated (1,762,938 s/min), 8402784 distinct states found (188,010 ds/min), 1623638 states left on queue.
Registration for worker at rmi://ip-10-32-53-131.eu-west-1.compute.internal:57534/0 completed (2012-09-10 09:15:07)
Registration for worker at rmi://ip-10-32-53-131.eu-west-1.compute.internal:57534/5 completed (2012-09-10 09:15:07)
Registration for worker at rmi://ip-10-32-53-131.eu-west-1.compute.internal:57534/6 completed (2012-09-10 09:15:07)
Registration for worker at rmi://ip-10-32-53-131.eu-west-1.compute.internal:57534/3 completed (2012-09-10 09:15:07)
Registration for worker at rmi://ip-10-32-53-131.eu-west-1.compute.internal:57534/7 completed (2012-09-10 09:15:07)
Registration for worker at rmi://ip-10-32-53-131.eu-west-1.compute.internal:57534/4 completed (2012-09-10 09:15:07)
Registration for worker at rmi://ip-10-32-53-131.eu-west-1.compute.internal:57534/1 completed (2012-09-10 09:15:07)
Registration for worker at rmi://ip-10-32-53-131.eu-west-1.compute.internal:57534/2 completed (2012-09-10 09:15:07)
Progress(39) at 2012-09-10 09:15:09: 62634212 states generated (0 s/min), 8402784 distinct states found (0 ds/min), 1623638 states left on queue.
Registration for worker at rmi://ip-10-32-53-156.eu-west-1.compute.internal:40111/0 completed (2012-09-10 09:15:33)
Registration for worker at rmi://ip-10-32-53-156.eu-west-1.compute.internal:40111/1 completed (2012-09-10 09:15:33)
Registration for worker at rmi://ip-10-32-53-156.eu-west-1.compute.internal:40111/2 completed (2012-09-10 09:15:33)
Registration for worker at rmi://ip-10-32-53-156.eu-west-1.compute.internal:40111/3 completed (2012-09-10 09:15:33)
Registration for worker at rmi://ip-10-32-53-156.eu-west-1.compute.internal:40111/4 completed (2012-09-10 09:15:33)
Registration for worker at rmi://ip-10-32-53-156.eu-west-1.compute.internal:40111/7 completed (2012-09-10 09:15:33)
Registration for worker at rmi://ip-10-32-53-156.eu-west-1.compute.internal:40111/6 completed (2012-09-10 09:15:33)
Registration for worker at rmi://ip-10-32-53-156.eu-west-1.compute.internal:40111/5 completed (2012-09-10 09:15:33)
Progress(41) at 2012-09-10 09:16:09: 66198315 states generated (3,564,103 s/min), 8802423 distinct states found (399,639 ds/min), 1627707 states left on queue.
TLC worker connection lost rmi://ip-10-32-53-131.eu-west-1.compute.internal:57534/5 (2012-09-10 09:16:44)
TLC worker rmi://ip-10-32-53-131.eu-west-1.compute.internal:57534/5 disconnected (2012-09-10 09:16:44)
TLC worker connection lost rmi://ip-10-32-53-131.eu-west-1.compute.internal:57534/2 (2012-09-10 09:16:44)
TLC worker rmi://ip-10-32-53-131.eu-west-1.compute.internal:57534/2 disconnected (2012-09-10 09:16:44)
TLC worker connection lost rmi://ip-10-32-53-131.eu-west-1.compute.internal:57534/3 (2012-09-10 09:16:44)
TLC worker rmi://ip-10-32-53-131.eu-west-1.compute.internal:57534/3 disconnected (2012-09-10 09:16:44)
TLC worker connection lost rmi://ip-10-32-53-131.eu-west-1.compute.internal:57534/6 (2012-09-10 09:16:45)
TLC worker rmi://ip-10-32-53-131.eu-west-1.compute.internal:57534/6 disconnected (2012-09-10 09:16:45)
TLC worker connection lost rmi://ip-10-32-53-131.eu-west-1.compute.internal:57534/7 (2012-09-10 09:16:45)
TLC worker rmi://ip-10-32-53-131.eu-west-1.compute.internal:57534/7 disconnected (2012-09-10 09:16:45)
TLC worker connection lost rmi://ip-10-32-53-131.eu-west-1.compute.internal:57534/4 (2012-09-10 09:16:55)
TLC worker rmi://ip-10-32-53-131.eu-west-1.compute.internal:57534/4 disconnected (2012-09-10 09:16:55)
TLC worker connection lost rmi://ip-10-32-53-131.eu-west-1.compute.internal:57534/0 (2012-09-10 09:16:55)
TLC worker rmi://ip-10-32-53-131.eu-west-1.compute.internal:57534/0 disconnected (2012-09-10 09:16:55)
TLC worker connection lost rmi://ip-10-32-53-131.eu-west-1.compute.internal:57534/1 (2012-09-10 09:16:55)
TLC worker rmi://ip-10-32-53-131.eu-west-1.compute.internal:57534/1 disconnected (2012-09-10 09:16:55)
Progress(41) at 2012-09-10 09:17:09: 71762672 states generated (5,564,357 s/min), 9428459 distinct states found (626,036 ds/min), 1636435 states left on queue.
Registration for worker at rmi://ip-10-32-53-131.eu-west-1.compute.internal:57534/0 completed (2012-09-10 09:17:44)
Registration for worker at rmi://ip-10-32-53-131.eu-west-1.compute.internal:57534/1 completed (2012-09-10 09:17:44)
Registration for worker at rmi://ip-10-32-53-131.eu-west-1.compute.internal:57534/2 completed (2012-09-10 09:17:44)
Registration for worker at rmi://ip-10-32-53-131.eu-west-1.compute.internal:57534/3 completed (2012-09-10 09:17:44)
Registration for worker at rmi://ip-10-32-53-131.eu-west-1.compute.internal:57534/7 completed (2012-09-10 09:17:44)
Registration for worker at rmi://ip-10-32-53-131.eu-west-1.compute.internal:57534/4 completed (2012-09-10 09:17:44)
Registration for worker at rmi://ip-10-32-53-131.eu-west-1.compute.internal:57534/6 completed (2012-09-10 09:17:44)
Registration for worker at rmi://ip-10-32-53-131.eu-west-1.compute.internal:57534/5 completed (2012-09-10 09:17:44)
Progress(41) at 2012-09-10 09:18:09: 75938744 states generated (4,176,072 s/min), 9912539 distinct states found (484,080 ds/min), 1659002 states left on queue.
TLC worker connection lost rmi://ip-10-32-53-156.eu-west-1.compute.internal:40111/2 (2012-09-10 09:18:32)
TLC worker rmi://ip-10-32-53-156.eu-west-1.compute.internal:40111/2 disconnected (2012-09-10 09:18:32)
TLC worker connection lost rmi://ip-10-32-53-156.eu-west-1.compute.internal:40111/4 (2012-09-10 09:18:32)
TLC worker rmi://ip-10-32-53-156.eu-west-1.compute.internal:40111/4 disconnected (2012-09-10 09:18:32)
TLC worker connection lost rmi://ip-10-32-53-156.eu-west-1.compute.internal:40111/3 (2012-09-10 09:18:32)
TLC worker rmi://ip-10-32-53-156.eu-west-1.compute.internal:40111/3 disconnected (2012-09-10 09:18:32)
TLC worker connection lost rmi://ip-10-32-53-156.eu-west-1.compute.internal:40111/6 (2012-09-10 09:18:32)
TLC worker rmi://ip-10-32-53-156.eu-west-1.compute.internal:40111/6 disconnected (2012-09-10 09:18:32)
TLC worker connection lost rmi://ip-10-32-53-156.eu-west-1.compute.internal:40111/5 (2012-09-10 09:18:32)
TLC worker rmi://ip-10-32-53-156.eu-west-1.compute.internal:40111/5 disconnected (2012-09-10 09:18:32)
TLC worker connection lost rmi://ip-10-32-53-156.eu-west-1.compute.internal:40111/7 (2012-09-10 09:18:32)
TLC worker rmi://ip-10-32-53-156.eu-west-1.compute.internal:40111/7 disconnected (2012-09-10 09:18:32)
TLC worker connection lost rmi://ip-10-32-53-156.eu-west-1.compute.internal:40111/0 (2012-09-10 09:18:32)
TLC worker rmi://ip-10-32-53-156.eu-west-1.compute.internal:40111/0 disconnected (2012-09-10 09:18:32)
TLC worker connection lost rmi://ip-10-32-53-156.eu-west-1.compute.internal:40111/1 (2012-09-10 09:18:32)
TLC worker rmi://ip-10-32-53-156.eu-west-1.compute.internal:40111/1 disconnected (2012-09-10 09:18:32)
Registration for worker at rmi://ip-10-32-53-156.eu-west-1.compute.internal:40111/2 completed (2012-09-10 09:19:01)
Registration for worker at rmi://ip-10-32-53-156.eu-west-1.compute.internal:40111/4 completed (2012-09-10 09:19:01)
Registration for worker at rmi://ip-10-32-53-156.eu-west-1.compute.internal:40111/6 completed (2012-09-10 09:19:01)
Registration for worker at rmi://ip-10-32-53-156.eu-west-1.compute.internal:40111/5 completed (2012-09-10 09:19:01)
Registration for worker at rmi://ip-10-32-53-156.eu-west-1.compute.internal:40111/3 completed (2012-09-10 09:19:01)
Registration for worker at rmi://ip-10-32-53-156.eu-west-1.compute.internal:40111/7 completed (2012-09-10 09:19:01)
Registration for worker at rmi://ip-10-32-53-156.eu-west-1.compute.internal:40111/1 completed (2012-09-10 09:19:01)
Registration for worker at rmi://ip-10-32-53-156.eu-west-1.compute.internal:40111/0 completed (2012-09-10 09:19:01)
Progress(41) at 2012-09-10 09:19:09: 80062963 states generated (4,124,219 s/min), 10349574 distinct states found (437,035 ds/min), 1635126 states left on queue.
TLC worker connection lost rmi://ip-10-32-53-131.eu-west-1.compute.internal:57534/1 (2012-09-10 09:20:07)
TLC worker rmi://ip-10-32-53-131.eu-west-1.compute.internal:57534/1 disconnected (2012-09-10 09:20:07)
Progress(41) at 2012-09-10 09:20:09: 85946451 states generated (5,883,488 s/min), 10950335 distinct states found (600,761 ds/min), 1575526 states left on queue.
TLC worker connection lost rmi://ip-10-32-53-131.eu-west-1.compute.internal:57534/4 (2012-09-10 09:20:17)
TLC worker rmi://ip-10-32-53-131.eu-west-1.compute.internal:57534/4 disconnected (2012-09-10 09:20:17)
TLC worker connection lost rmi://ip-10-32-53-131.eu-west-1.compute.internal:57534/0 (2012-09-10 09:20:17)
TLC worker rmi://ip-10-32-53-131.eu-west-1.compute.internal:57534/0 disconnected (2012-09-10 09:20:17)
TLC worker connection lost rmi://ip-10-32-53-131.eu-west-1.compute.internal:57534/2 (2012-09-10 09:20:17)
TLC worker rmi://ip-10-32-53-131.eu-west-1.compute.internal:57534/2 disconnected (2012-09-10 09:20:17)
TLC worker connection lost rmi://ip-10-32-53-131.eu-west-1.compute.internal:57534/7 (2012-09-10 09:20:17)
TLC worker rmi://ip-10-32-53-131.eu-west-1.compute.internal:57534/7 disconnected (2012-09-10 09:20:17)
TLC worker connection lost rmi://ip-10-32-53-131.eu-west-1.compute.internal:57534/5 (2012-09-10 09:20:17)
TLC worker rmi://ip-10-32-53-131.eu-west-1.compute.internal:57534/5 disconnected (2012-09-10 09:20:17)
TLC worker connection lost rmi://ip-10-32-53-131.eu-west-1.compute.internal:57534/3 (2012-09-10 09:20:17)
TLC worker rmi://ip-10-32-53-131.eu-west-1.compute.internal:57534/3 disconnected (2012-09-10 09:20:17)
TLC worker connection lost rmi://ip-10-32-53-131.eu-west-1.compute.internal:57534/6 (2012-09-10 09:20:18)
TLC worker rmi://ip-10-32-53-131.eu-west-1.compute.internal:57534/6 disconnected (2012-09-10 09:20:18)
Registration for worker at rmi://ip-10-32-53-131.eu-west-1.compute.internal:57534/0 completed (2012-09-10 09:20:44)
Registration for worker at rmi://ip-10-32-53-131.eu-west-1.compute.internal:57534/1 completed (2012-09-10 09:20:44)
Registration for worker at rmi://ip-10-32-53-131.eu-west-1.compute.internal:57534/7 completed (2012-09-10 09:20:44)
Registration for worker at rmi://ip-10-32-53-131.eu-west-1.compute.internal:57534/2 completed (2012-09-10 09:20:44)
Registration for worker at rmi://ip-10-32-53-131.eu-west-1.compute.internal:57534/4 completed (2012-09-10 09:20:44)
Registration for worker at rmi://ip-10-32-53-131.eu-west-1.compute.internal:57534/6 completed (2012-09-10 09:20:44)
Registration for worker at rmi://ip-10-32-53-131.eu-west-1.compute.internal:57534/3 completed (2012-09-10 09:20:44)
Registration for worker at rmi://ip-10-32-53-131.eu-west-1.compute.internal:57534/5 completed (2012-09-10 09:20:44)
TLC worker connection lost rmi://ip-10-32-53-156.eu-west-1.compute.internal:40111/5 (2012-09-10 09:20:48)
TLC worker rmi://ip-10-32-53-156.eu-west-1.compute.internal:40111/5 disconnected (2012-09-10 09:20:48)
TLC worker connection lost rmi://ip-10-32-53-156.eu-west-1.compute.internal:40111/7 (2012-09-10 09:20:48)
TLC worker rmi://ip-10-32-53-156.eu-west-1.compute.internal:40111/7 disconnected (2012-09-10 09:20:48)
TLC worker connection lost rmi://ip-10-32-53-156.eu-west-1.compute.internal:40111/6 (2012-09-10 09:20:49)
TLC worker rmi://ip-10-32-53-156.eu-west-1.compute.internal:40111/6 disconnected (2012-09-10 09:20:49)
TLC worker connection lost rmi://ip-10-32-53-156.eu-west-1.compute.internal:40111/0 (2012-09-10 09:20:49)
TLC worker rmi://ip-10-32-53-156.eu-west-1.compute.internal:40111/0 disconnected (2012-09-10 09:20:49)
TLC worker connection lost rmi://ip-10-32-53-156.eu-west-1.compute.internal:40111/4 (2012-09-10 09:20:49)
TLC worker rmi://ip-10-32-53-156.eu-west-1.compute.internal:40111/4 disconnected (2012-09-10 09:20:49)
TLC worker connection lost rmi://ip-10-32-53-156.eu-west-1.compute.internal:40111/3 (2012-09-10 09:20:49)
TLC worker rmi://ip-10-32-53-156.eu-west-1.compute.internal:40111/3 disconnected (2012-09-10 09:20:49)
TLC worker connection lost rmi://ip-10-32-53-156.eu-west-1.compute.internal:40111/1 (2012-09-10 09:20:49)
TLC worker rmi://ip-10-32-53-156.eu-west-1.compute.internal:40111/1 disconnected (2012-09-10 09:20:49)
TLC worker connection lost rmi://ip-10-32-53-156.eu-west-1.compute.internal:40111/2 (2012-09-10 09:20:49)
TLC worker rmi://ip-10-32-53-156.eu-west-1.compute.internal:40111/2 disconnected (2012-09-10 09:20:49)
Progress(41) at 2012-09-10 09:21:09: 89413234 states generated (3,466,783 s/min), 11325413 distinct states found (375,078 ds/min), 1564131 states left on queue.
Registration for worker at rmi://ip-10-32-53-156.eu-west-1.compute.internal:40111/2 completed (2012-09-10 09:21:47)
Registration for worker at rmi://ip-10-32-53-156.eu-west-1.compute.internal:40111/7 completed (2012-09-10 09:21:47)
Registration for worker at rmi://ip-10-32-53-156.eu-west-1.compute.internal:40111/6 completed (2012-09-10 09:21:47)
Registration for worker at rmi://ip-10-32-53-156.eu-west-1.compute.internal:40111/4 completed (2012-09-10 09:21:47)
Registration for worker at rmi://ip-10-32-53-156.eu-west-1.compute.internal:40111/3 completed (2012-09-10 09:21:47)
Registration for worker at rmi://ip-10-32-53-156.eu-west-1.compute.internal:40111/5 completed (2012-09-10 09:21:47)
Registration for worker at rmi://ip-10-32-53-156.eu-west-1.compute.internal:40111/0 completed (2012-09-10 09:21:47)
Registration for worker at rmi://ip-10-32-53-156.eu-west-1.compute.internal:40111/1 completed (2012-09-10 09:21:47)
Progress(41) at 2012-09-10 09:22:09: 92938748 states generated (3,525,514 s/min), 11686607 distinct states found (361,194 ds/min), 1529773 states left on queue.
TLC worker connection lost rmi://ip-10-32-53-131.eu-west-1.compute.internal:57534/4 (2012-09-10 09:22:17)
TLC worker rmi://ip-10-32-53-131.eu-west-1.compute.internal:57534/4 disconnected (2012-09-10 09:22:17)
TLC worker connection lost rmi://ip-10-32-53-131.eu-west-1.compute.internal:57534/7 (2012-09-10 09:22:17)
TLC worker rmi://ip-10-32-53-131.eu-west-1.compute.internal:57534/7 disconnected (2012-09-10 09:22:17)
TLC worker connection lost rmi://ip-10-32-53-131.eu-west-1.compute.internal:57534/1 (2012-09-10 09:22:17)
TLC worker rmi://ip-10-32-53-131.eu-west-1.compute.internal:57534/1 disconnected (2012-09-10 09:22:17)
TLC worker connection lost rmi://ip-10-32-53-131.eu-west-1.compute.internal:57534/5 (2012-09-10 09:22:17)
TLC worker rmi://ip-10-32-53-131.eu-west-1.compute.internal:57534/5 disconnected (2012-09-10 09:22:17)
TLC worker connection lost rmi://ip-10-32-53-131.eu-west-1.compute.internal:57534/3 (2012-09-10 09:22:17)
TLC worker rmi://ip-10-32-53-131.eu-west-1.compute.internal:57534/3 disconnected (2012-09-10 09:22:17)
TLC worker connection lost rmi://ip-10-32-53-131.eu-west-1.compute.internal:57534/6 (2012-09-10 09:22:17)
TLC worker rmi://ip-10-32-53-131.eu-west-1.compute.internal:57534/6 disconnected (2012-09-10 09:22:17)
TLC worker connection lost rmi://ip-10-32-53-131.eu-west-1.compute.internal:57534/0 (2012-09-10 09:22:17)
TLC worker rmi://ip-10-32-53-131.eu-west-1.compute.internal:57534/0 disconnected (2012-09-10 09:22:17)
TLC worker connection lost rmi://ip-10-32-53-131.eu-west-1.compute.internal:57534/2 (2012-09-10 09:22:17)
TLC worker rmi://ip-10-32-53-131.eu-west-1.compute.internal:57534/2 disconnected (2012-09-10 09:22:17)
Progress(41) at 2012-09-10 09:23:09: 96441758 states generated (3,503,010 s/min), 12032377 distinct states found (345,770 ds/min), 1480877 states left on queue.
Registration for worker at rmi://ip-10-32-53-131.eu-west-1.compute.internal:57534/7 completed (2012-09-10 09:23:43)
Registration for worker at rmi://ip-10-32-53-131.eu-west-1.compute.internal:57534/3 completed (2012-09-10 09:23:43)
Registration for worker at rmi://ip-10-32-53-131.eu-west-1.compute.internal:57534/1 completed (2012-09-10 09:23:43)
Registration for worker at rmi://ip-10-32-53-131.eu-west-1.compute.internal:57534/6 completed (2012-09-10 09:23:43)
Registration for worker at rmi://ip-10-32-53-131.eu-west-1.compute.internal:57534/5 completed (2012-09-10 09:23:43)
Registration for worker at rmi://ip-10-32-53-131.eu-west-1.compute.internal:57534/0 completed (2012-09-10 09:23:43)
Registration for worker at rmi://ip-10-32-53-131.eu-west-1.compute.internal:57534/2 completed (2012-09-10 09:23:43)
Registration for worker at rmi://ip-10-32-53-131.eu-west-1.compute.internal:57534/4 completed (2012-09-10 09:23:43)
Progress(41) at 2012-09-10 09:24:09: 100535458 states generated (4,093,700 s/min), 12438909 distinct states found (406,532 ds/min), 1426499 states left on queue.
TLC worker connection lost rmi://ip-10-32-53-156.eu-west-1.compute.internal:40111/1 (2012-09-10 09:24:45)
TLC worker rmi://ip-10-32-53-156.eu-west-1.compute.internal:40111/1 disconnected (2012-09-10 09:24:45)
TLC worker connection lost rmi://ip-10-32-53-156.eu-west-1.compute.internal:40111/4 (2012-09-10 09:24:45)
TLC worker rmi://ip-10-32-53-156.eu-west-1.compute.internal:40111/4 disconnected (2012-09-10 09:24:45)
TLC worker connection lost rmi://ip-10-32-53-156.eu-west-1.compute.internal:40111/2 (2012-09-10 09:24:46)
TLC worker rmi://ip-10-32-53-156.eu-west-1.compute.internal:40111/2 disconnected (2012-09-10 09:24:46)
TLC worker connection lost rmi://ip-10-32-53-156.eu-west-1.compute.internal:40111/6 (2012-09-10 09:24:46)
TLC worker rmi://ip-10-32-53-156.eu-west-1.compute.internal:40111/6 disconnected (2012-09-10 09:24:46)
TLC worker connection lost rmi://ip-10-32-53-156.eu-west-1.compute.internal:40111/5 (2012-09-10 09:24:46)
TLC worker rmi://ip-10-32-53-156.eu-west-1.compute.internal:40111/5 disconnected (2012-09-10 09:24:46)
TLC worker connection lost rmi://ip-10-32-53-156.eu-west-1.compute.internal:40111/7 (2012-09-10 09:24:46)
TLC worker rmi://ip-10-32-53-156.eu-west-1.compute.internal:40111/7 disconnected (2012-09-10 09:24:46)
TLC worker connection lost rmi://ip-10-32-53-156.eu-west-1.compute.internal:40111/3 (2012-09-10 09:24:46)
TLC worker rmi://ip-10-32-53-156.eu-west-1.compute.internal:40111/3 disconnected (2012-09-10 09:24:46)
TLC worker connection lost rmi://ip-10-32-53-156.eu-west-1.compute.internal:40111/0 (2012-09-10 09:24:46)
TLC worker rmi://ip-10-32-53-156.eu-west-1.compute.internal:40111/0 disconnected (2012-09-10 09:24:46)
Progress(41) at 2012-09-10 09:25:09: 105207873 states generated (4,672,415 s/min), 12901524 distinct states found (462,615 ds/min), 1362874 states left on queue.
Registration for worker at rmi://ip-10-32-53-156.eu-west-1.compute.internal:40111/4 completed (2012-09-10 09:25:42)
Registration for worker at rmi://ip-10-32-53-156.eu-west-1.compute.internal:40111/3 completed (2012-09-10 09:25:42)
Registration for worker at rmi://ip-10-32-53-156.eu-west-1.compute.internal:40111/5 completed (2012-09-10 09:25:42)
Registration for worker at rmi://ip-10-32-53-156.eu-west-1.compute.internal:40111/6 completed (2012-09-10 09:25:42)
Registration for worker at rmi://ip-10-32-53-156.eu-west-1.compute.internal:40111/2 completed (2012-09-10 09:25:42)
Registration for worker at rmi://ip-10-32-53-156.eu-west-1.compute.internal:40111/1 completed (2012-09-10 09:25:42)
Registration for worker at rmi://ip-10-32-53-156.eu-west-1.compute.internal:40111/0 completed (2012-09-10 09:25:42)
Registration for worker at rmi://ip-10-32-53-156.eu-west-1.compute.internal:40111/7 completed (2012-09-10 09:25:42)
Progress(41) at 2012-09-10 09:26:09: 109216214 states generated (4,008,341 s/min), 13289511 distinct states found (387,987 ds/min), 1298303 states left on queue.
TLC worker connection lost rmi://ip-10-32-53-131.eu-west-1.compute.internal:57534/4 (2012-09-10 09:26:19)
TLC worker rmi://ip-10-32-53-131.eu-west-1.compute.internal:57534/4 disconnected (2012-09-10 09:26:19)
TLC worker connection lost rmi://ip-10-32-53-131.eu-west-1.compute.internal:57534/2 (2012-09-10 09:26:20)
TLC worker rmi://ip-10-32-53-131.eu-west-1.compute.internal:57534/2 disconnected (2012-09-10 09:26:20)
TLC worker connection lost rmi://ip-10-32-53-131.eu-west-1.compute.internal:57534/1 (2012-09-10 09:26:20)
TLC worker rmi://ip-10-32-53-131.eu-west-1.compute.internal:57534/1 disconnected (2012-09-10 09:26:20)
TLC worker connection lost rmi://ip-10-32-53-131.eu-west-1.compute.internal:57534/6 (2012-09-10 09:26:20)
TLC worker rmi://ip-10-32-53-131.eu-west-1.compute.internal:57534/6 disconnected (2012-09-10 09:26:20)
TLC worker connection lost rmi://ip-10-32-53-131.eu-west-1.compute.internal:57534/3 (2012-09-10 09:26:20)
TLC worker rmi://ip-10-32-53-131.eu-west-1.compute.internal:57534/3 disconnected (2012-09-10 09:26:20)
TLC worker connection lost rmi://ip-10-32-53-131.eu-west-1.compute.internal:57534/7 (2012-09-10 09:26:20)
TLC worker rmi://ip-10-32-53-131.eu-west-1.compute.internal:57534/7 disconnected (2012-09-10 09:26:20)
TLC worker connection lost rmi://ip-10-32-53-131.eu-west-1.compute.internal:57534/0 (2012-09-10 09:26:20)
TLC worker rmi://ip-10-32-53-131.eu-west-1.compute.internal:57534/0 disconnected (2012-09-10 09:26:20)
TLC worker connection lost rmi://ip-10-32-53-131.eu-west-1.compute.internal:57534/5 (2012-09-10 09:26:22)
TLC worker rmi://ip-10-32-53-131.eu-west-1.compute.internal:57534/5 disconnected (2012-09-10 09:26:22)
TLC worker connection lost rmi://ip-10-32-53-156.eu-west-1.compute.internal:40111/4 (2012-09-10 09:26:33)
TLC worker rmi://ip-10-32-53-156.eu-west-1.compute.internal:40111/4 disconnected (2012-09-10 09:26:33)
TLC worker connection lost rmi://ip-10-32-53-156.eu-west-1.compute.internal:40111/2 (2012-09-10 09:26:33)
TLC worker rmi://ip-10-32-53-156.eu-west-1.compute.internal:40111/2 disconnected (2012-09-10 09:26:33)
TLC worker connection lost rmi://ip-10-32-53-156.eu-west-1.compute.internal:40111/1 (2012-09-10 09:26:33)
TLC worker rmi://ip-10-32-53-156.eu-west-1.compute.internal:40111/1 disconnected (2012-09-10 09:26:33)
TLC worker connection lost rmi://ip-10-32-53-156.eu-west-1.compute.internal:40111/5 (2012-09-10 09:26:33)
TLC worker rmi://ip-10-32-53-156.eu-west-1.compute.internal:40111/5 disconnected (2012-09-10 09:26:33)
TLC worker connection lost rmi://ip-10-32-53-156.eu-west-1.compute.internal:40111/6 (2012-09-10 09:26:33)
TLC worker rmi://ip-10-32-53-156.eu-west-1.compute.internal:40111/6 disconnected (2012-09-10 09:26:33)
TLC worker connection lost rmi://ip-10-32-53-156.eu-west-1.compute.internal:40111/0 (2012-09-10 09:26:33)
TLC worker rmi://ip-10-32-53-156.eu-west-1.compute.internal:40111/0 disconnected (2012-09-10 09:26:33)
TLC worker connection lost rmi://ip-10-32-53-156.eu-west-1.compute.internal:40111/7 (2012-09-10 09:26:33)
TLC worker rmi://ip-10-32-53-156.eu-west-1.compute.internal:40111/7 disconnected (2012-09-10 09:26:33)
TLC worker connection lost rmi://ip-10-32-53-156.eu-west-1.compute.internal:40111/3 (2012-09-10 09:26:33)
TLC worker rmi://ip-10-32-53-156.eu-west-1.compute.internal:40111/3 disconnected (2012-09-10 09:26:33)
Progress(44) at 2012-09-10 09:27:09: 111035558 states generated (1,819,344 s/min), 13468881 distinct states found (179,370 ds/min), 1272672 states left on queue.
Progress(44) at 2012-09-10 09:28:09: 111035558 states generated (0 s/min), 13468881 distinct states found (0 ds/min), 1272672 states left on queue.
Registration for worker at rmi://ip-10-32-53-131.eu-west-1.compute.internal:57534/0 completed (2012-09-10 09:28:14)
Registration for worker at rmi://ip-10-32-53-131.eu-west-1.compute.internal:57534/7 completed (2012-09-10 09:28:14)
Registration for worker at rmi://ip-10-32-53-131.eu-west-1.compute.internal:57534/1 completed (2012-09-10 09:28:14)
Registration for worker at rmi://ip-10-32-53-131.eu-west-1.compute.internal:57534/2 completed (2012-09-10 09:28:14)
Registration for worker at rmi://ip-10-32-53-131.eu-west-1.compute.internal:57534/4 completed (2012-09-10 09:28:14)
Registration for worker at rmi://ip-10-32-53-131.eu-west-1.compute.internal:57534/5 completed (2012-09-10 09:28:14)
Registration for worker at rmi://ip-10-32-53-131.eu-west-1.compute.internal:57534/6 completed (2012-09-10 09:28:14)
Registration for worker at rmi://ip-10-32-53-131.eu-west-1.compute.internal:57534/3 completed (2012-09-10 09:28:14)
Registration for worker at rmi://ip-10-32-53-156.eu-west-1.compute.internal:40111/4 completed (2012-09-10 09:28:17)
Registration for worker at rmi://ip-10-32-53-156.eu-west-1.compute.internal:40111/5 completed (2012-09-10 09:28:17)
Registration for worker at rmi://ip-10-32-53-156.eu-west-1.compute.internal:40111/6 completed (2012-09-10 09:28:17)
Registration for worker at rmi://ip-10-32-53-156.eu-west-1.compute.internal:40111/1 completed (2012-09-10 09:28:17)
Registration for worker at rmi://ip-10-32-53-156.eu-west-1.compute.internal:40111/7 completed (2012-09-10 09:28:17)
Registration for worker at rmi://ip-10-32-53-156.eu-west-1.compute.internal:40111/0 completed (2012-09-10 09:28:17)
Registration for worker at rmi://ip-10-32-53-156.eu-west-1.compute.internal:40111/2 completed (2012-09-10 09:28:17)
Registration for worker at rmi://ip-10-32-53-156.eu-west-1.compute.internal:40111/3 completed (2012-09-10 09:28:17)
Progress(44) at 2012-09-10 09:29:09: 115687509 states generated (4,651,951 s/min), 13910032 distinct states found (441,151 ds/min), 1187457 states left on queue.
Progress(44) at 2012-09-10 09:30:09: 120895796 states generated (5,208,287 s/min), 14384335 distinct states found (474,303 ds/min), 1069994 states left on queue.
TLC worker connection lost rmi://ip-10-32-53-156.eu-west-1.compute.internal:40111/0 (2012-09-10 09:30:14)
TLC worker rmi://ip-10-32-53-156.eu-west-1.compute.internal:40111/0 disconnected (2012-09-10 09:30:14)
TLC worker connection lost rmi://ip-10-32-53-156.eu-west-1.compute.internal:40111/4 (2012-09-10 09:30:14)
TLC worker rmi://ip-10-32-53-156.eu-west-1.compute.internal:40111/4 disconnected (2012-09-10 09:30:14)
TLC worker connection lost rmi://ip-10-32-53-156.eu-west-1.compute.internal:40111/3 (2012-09-10 09:30:14)
TLC worker rmi://ip-10-32-53-156.eu-west-1.compute.internal:40111/3 disconnected (2012-09-10 09:30:14)
TLC worker connection lost rmi://ip-10-32-53-156.eu-west-1.compute.internal:40111/5 (2012-09-10 09:30:14)
TLC worker rmi://ip-10-32-53-156.eu-west-1.compute.internal:40111/5 disconnected (2012-09-10 09:30:14)
TLC worker connection lost rmi://ip-10-32-53-156.eu-west-1.compute.internal:40111/1 (2012-09-10 09:30:14)
TLC worker rmi://ip-10-32-53-156.eu-west-1.compute.internal:40111/1 disconnected (2012-09-10 09:30:14)
TLC worker connection lost rmi://ip-10-32-53-156.eu-west-1.compute.internal:40111/7 (2012-09-10 09:30:14)
TLC worker rmi://ip-10-32-53-156.eu-west-1.compute.internal:40111/7 disconnected (2012-09-10 09:30:14)
TLC worker connection lost rmi://ip-10-32-53-156.eu-west-1.compute.internal:40111/6 (2012-09-10 09:30:14)
TLC worker rmi://ip-10-32-53-156.eu-west-1.compute.internal:40111/6 disconnected (2012-09-10 09:30:14)
TLC worker connection lost rmi://ip-10-32-53-156.eu-west-1.compute.internal:40111/2 (2012-09-10 09:30:15)
TLC worker rmi://ip-10-32-53-156.eu-west-1.compute.internal:40111/2 disconnected (2012-09-10 09:30:15)
Progress(45) at 2012-09-10 09:31:09: 124352708 states generated (3,456,912 s/min), 14687743 distinct states found (303,408 ds/min), 979203 states left on queue.
TLC worker connection lost rmi://ip-10-32-53-131.eu-west-1.compute.internal:57534/5 (2012-09-10 09:31:14)
TLC worker rmi://ip-10-32-53-131.eu-west-1.compute.internal:57534/5 disconnected (2012-09-10 09:31:14)
TLC worker connection lost rmi://ip-10-32-53-131.eu-west-1.compute.internal:57534/4 (2012-09-10 09:31:14)
TLC worker rmi://ip-10-32-53-131.eu-west-1.compute.internal:57534/4 disconnected (2012-09-10 09:31:14)
TLC worker connection lost rmi://ip-10-32-53-131.eu-west-1.compute.internal:57534/3 (2012-09-10 09:31:14)
TLC worker rmi://ip-10-32-53-131.eu-west-1.compute.internal:57534/3 disconnected (2012-09-10 09:31:14)
TLC worker connection lost rmi://ip-10-32-53-131.eu-west-1.compute.internal:57534/6 (2012-09-10 09:31:14)
TLC worker rmi://ip-10-32-53-131.eu-west-1.compute.internal:57534/6 disconnected (2012-09-10 09:31:14)
TLC worker connection lost rmi://ip-10-32-53-131.eu-west-1.compute.internal:57534/0 (2012-09-10 09:31:15)
TLC worker rmi://ip-10-32-53-131.eu-west-1.compute.internal:57534/0 disconnected (2012-09-10 09:31:15)
TLC worker connection lost rmi://ip-10-32-53-131.eu-west-1.compute.internal:57534/2 (2012-09-10 09:31:15)
TLC worker rmi://ip-10-32-53-131.eu-west-1.compute.internal:57534/2 disconnected (2012-09-10 09:31:15)
TLC worker connection lost rmi://ip-10-32-53-131.eu-west-1.compute.internal:57534/7 (2012-09-10 09:31:15)
TLC worker rmi://ip-10-32-53-131.eu-west-1.compute.internal:57534/7 disconnected (2012-09-10 09:31:15)
Registration for worker at rmi://ip-10-32-53-156.eu-west-1.compute.internal:40111/1 completed (2012-09-10 09:31:16)
Registration for worker at rmi://ip-10-32-53-156.eu-west-1.compute.internal:40111/6 completed (2012-09-10 09:31:16)
Registration for worker at rmi://ip-10-32-53-156.eu-west-1.compute.internal:40111/7 completed (2012-09-10 09:31:16)
Registration for worker at rmi://ip-10-32-53-156.eu-west-1.compute.internal:40111/3 completed (2012-09-10 09:31:16)
Registration for worker at rmi://ip-10-32-53-156.eu-west-1.compute.internal:40111/4 completed (2012-09-10 09:31:16)
Registration for worker at rmi://ip-10-32-53-156.eu-west-1.compute.internal:40111/5 completed (2012-09-10 09:31:16)
Registration for worker at rmi://ip-10-32-53-156.eu-west-1.compute.internal:40111/2 completed (2012-09-10 09:31:16)
Registration for worker at rmi://ip-10-32-53-156.eu-west-1.compute.internal:40111/0 completed (2012-09-10 09:31:16)
TLC worker connection lost rmi://ip-10-32-53-131.eu-west-1.compute.internal:57534/1 (2012-09-10 09:31:16)
TLC worker rmi://ip-10-32-53-131.eu-west-1.compute.internal:57534/1 disconnected (2012-09-10 09:31:16)
Registration for worker at rmi://ip-10-32-53-131.eu-west-1.compute.internal:57534/0 completed (2012-09-10 09:31:38)
Registration for worker at rmi://ip-10-32-53-131.eu-west-1.compute.internal:57534/6 completed (2012-09-10 09:31:38)
Registration for worker at rmi://ip-10-32-53-131.eu-west-1.compute.internal:57534/7 completed (2012-09-10 09:31:38)
Registration for worker at rmi://ip-10-32-53-131.eu-west-1.compute.internal:57534/5 completed (2012-09-10 09:31:38)
Registration for worker at rmi://ip-10-32-53-131.eu-west-1.compute.internal:57534/2 completed (2012-09-10 09:31:38)
Registration for worker at rmi://ip-10-32-53-131.eu-west-1.compute.internal:57534/3 completed (2012-09-10 09:31:38)
Registration for worker at rmi://ip-10-32-53-131.eu-west-1.compute.internal:57534/4 completed (2012-09-10 09:31:38)
Registration for worker at rmi://ip-10-32-53-131.eu-west-1.compute.internal:57534/1 completed (2012-09-10 09:31:38)
TLC worker connection lost rmi://ip-10-32-53-131.eu-west-1.compute.internal:57534/6 (2012-09-10 09:32:02)
TLC worker rmi://ip-10-32-53-131.eu-west-1.compute.internal:57534/6 disconnected (2012-09-10 09:32:02)
TLC worker connection lost rmi://ip-10-32-53-131.eu-west-1.compute.internal:57534/2 (2012-09-10 09:32:02)
TLC worker rmi://ip-10-32-53-131.eu-west-1.compute.internal:57534/2 disconnected (2012-09-10 09:32:02)
TLC worker connection lost rmi://ip-10-32-53-131.eu-west-1.compute.internal:57534/7 (2012-09-10 09:32:02)
TLC worker rmi://ip-10-32-53-131.eu-west-1.compute.internal:57534/7 disconnected (2012-09-10 09:32:02)
TLC worker connection lost rmi://ip-10-32-53-131.eu-west-1.compute.internal:57534/0 (2012-09-10 09:32:02)
TLC worker rmi://ip-10-32-53-131.eu-west-1.compute.internal:57534/0 disconnected (2012-09-10 09:32:02)
TLC worker connection lost rmi://ip-10-32-53-131.eu-west-1.compute.internal:57534/4 (2012-09-10 09:32:02)
TLC worker rmi://ip-10-32-53-131.eu-west-1.compute.internal:57534/4 disconnected (2012-09-10 09:32:02)
TLC worker connection lost rmi://ip-10-32-53-131.eu-west-1.compute.internal:57534/1 (2012-09-10 09:32:02)
TLC worker rmi://ip-10-32-53-131.eu-west-1.compute.internal:57534/1 disconnected (2012-09-10 09:32:02)
TLC worker connection lost rmi://ip-10-32-53-131.eu-west-1.compute.internal:57534/3 (2012-09-10 09:32:02)
TLC worker rmi://ip-10-32-53-131.eu-west-1.compute.internal:57534/3 disconnected (2012-09-10 09:32:02)
TLC worker connection lost rmi://ip-10-32-53-131.eu-west-1.compute.internal:57534/5 (2012-09-10 09:32:02)
TLC worker rmi://ip-10-32-53-131.eu-west-1.compute.internal:57534/5 disconnected (2012-09-10 09:32:02)
Progress(45) at 2012-09-10 09:32:09: 128382531 states generated (4,029,823 s/min), 15040350 distinct states found (352,607 ds/min), 872146 states left on queue.
TLC worker connection lost rmi://ip-10-32-53-156.eu-west-1.compute.internal:40111/1 (2012-09-10 09:32:20)
TLC worker rmi://ip-10-32-53-156.eu-west-1.compute.internal:40111/1 disconnected (2012-09-10 09:32:20)
TLC worker connection lost rmi://ip-10-32-53-156.eu-west-1.compute.internal:40111/7 (2012-09-10 09:32:20)
TLC worker rmi://ip-10-32-53-156.eu-west-1.compute.internal:40111/7 disconnected (2012-09-10 09:32:20)
TLC worker connection lost rmi://ip-10-32-53-156.eu-west-1.compute.internal:40111/6 (2012-09-10 09:32:20)
TLC worker rmi://ip-10-32-53-156.eu-west-1.compute.internal:40111/6 disconnected (2012-09-10 09:32:20)
TLC worker connection lost rmi://ip-10-32-53-156.eu-west-1.compute.internal:40111/3 (2012-09-10 09:32:20)
TLC worker rmi://ip-10-32-53-156.eu-west-1.compute.internal:40111/3 disconnected (2012-09-10 09:32:20)
TLC worker connection lost rmi://ip-10-32-53-156.eu-west-1.compute.internal:40111/4 (2012-09-10 09:32:20)
TLC worker rmi://ip-10-32-53-156.eu-west-1.compute.internal:40111/4 disconnected (2012-09-10 09:32:20)
TLC worker connection lost rmi://ip-10-32-53-156.eu-west-1.compute.internal:40111/0 (2012-09-10 09:32:20)
TLC worker rmi://ip-10-32-53-156.eu-west-1.compute.internal:40111/0 disconnected (2012-09-10 09:32:20)
TLC worker connection lost rmi://ip-10-32-53-156.eu-west-1.compute.internal:40111/2 (2012-09-10 09:32:20)
TLC worker rmi://ip-10-32-53-156.eu-west-1.compute.internal:40111/2 disconnected (2012-09-10 09:32:20)
TLC worker connection lost rmi://ip-10-32-53-156.eu-west-1.compute.internal:40111/5 (2012-09-10 09:32:20)
TLC worker rmi://ip-10-32-53-156.eu-west-1.compute.internal:40111/5 disconnected (2012-09-10 09:32:20)
Registration for worker at rmi://ip-10-32-53-131.eu-west-1.compute.internal:57534/2 completed (2012-09-10 09:32:53)
Registration for worker at rmi://ip-10-32-53-131.eu-west-1.compute.internal:57534/5 completed (2012-09-10 09:32:53)
Registration for worker at rmi://ip-10-32-53-131.eu-west-1.compute.internal:57534/4 completed (2012-09-10 09:32:53)
Registration for worker at rmi://ip-10-32-53-131.eu-west-1.compute.internal:57534/0 completed (2012-09-10 09:32:53)
Registration for worker at rmi://ip-10-32-53-131.eu-west-1.compute.internal:57534/1 completed (2012-09-10 09:32:53)
Registration for worker at rmi://ip-10-32-53-131.eu-west-1.compute.internal:57534/7 completed (2012-09-10 09:32:53)
Registration for worker at rmi://ip-10-32-53-131.eu-west-1.compute.internal:57534/6 completed (2012-09-10 09:32:53)
Registration for worker at rmi://ip-10-32-53-131.eu-west-1.compute.internal:57534/3 completed (2012-09-10 09:32:53)
Progress(45) at 2012-09-10 09:33:09: 129548444 states generated (1,165,913 s/min), 15155847 distinct states found (115,497 ds/min), 856338 states left on queue.
Progress(47) at 2012-09-10 09:34:09: 132407488 states generated (2,859,044 s/min), 15387123 distinct states found (231,276 ds/min), 759133 states left on queue.
TLC worker connection lost rmi://ip-10-32-53-131.eu-west-1.compute.internal:57534/5 (2012-09-10 09:34:13)
TLC worker rmi://ip-10-32-53-131.eu-west-1.compute.internal:57534/5 disconnected (2012-09-10 09:34:13)
TLC worker connection lost rmi://ip-10-32-53-131.eu-west-1.compute.internal:57534/4 (2012-09-10 09:34:14)
TLC worker rmi://ip-10-32-53-131.eu-west-1.compute.internal:57534/4 disconnected (2012-09-10 09:34:14)
TLC worker connection lost rmi://ip-10-32-53-131.eu-west-1.compute.internal:57534/0 (2012-09-10 09:34:14)
TLC worker rmi://ip-10-32-53-131.eu-west-1.compute.internal:57534/0 disconnected (2012-09-10 09:34:14)
TLC worker connection lost rmi://ip-10-32-53-131.eu-west-1.compute.internal:57534/3 (2012-09-10 09:34:14)
TLC worker rmi://ip-10-32-53-131.eu-west-1.compute.internal:57534/3 disconnected (2012-09-10 09:34:14)
TLC worker connection lost rmi://ip-10-32-53-131.eu-west-1.compute.internal:57534/6 (2012-09-10 09:34:14)
TLC worker rmi://ip-10-32-53-131.eu-west-1.compute.internal:57534/6 disconnected (2012-09-10 09:34:14)
TLC worker connection lost rmi://ip-10-32-53-131.eu-west-1.compute.internal:57534/2 (2012-09-10 09:34:14)
TLC worker rmi://ip-10-32-53-131.eu-west-1.compute.internal:57534/2 disconnected (2012-09-10 09:34:14)
TLC worker connection lost rmi://ip-10-32-53-131.eu-west-1.compute.internal:57534/1 (2012-09-10 09:34:14)
TLC worker rmi://ip-10-32-53-131.eu-west-1.compute.internal:57534/1 disconnected (2012-09-10 09:34:14)
TLC worker connection lost rmi://ip-10-32-53-131.eu-west-1.compute.internal:57534/7 (2012-09-10 09:34:14)
TLC worker rmi://ip-10-32-53-131.eu-west-1.compute.internal:57534/7 disconnected (2012-09-10 09:34:14)
Registration for worker at rmi://ip-10-32-53-156.eu-west-1.compute.internal:40111/5 completed (2012-09-10 09:34:15)
Registration for worker at rmi://ip-10-32-53-156.eu-west-1.compute.internal:40111/6 completed (2012-09-10 09:34:15)
Registration for worker at rmi://ip-10-32-53-156.eu-west-1.compute.internal:40111/0 completed (2012-09-10 09:34:15)
Registration for worker at rmi://ip-10-32-53-156.eu-west-1.compute.internal:40111/7 completed (2012-09-10 09:34:15)
Registration for worker at rmi://ip-10-32-53-156.eu-west-1.compute.internal:40111/4 completed (2012-09-10 09:34:15)
Registration for worker at rmi://ip-10-32-53-156.eu-west-1.compute.internal:40111/1 completed (2012-09-10 09:34:15)
Registration for worker at rmi://ip-10-32-53-156.eu-west-1.compute.internal:40111/3 completed (2012-09-10 09:34:15)
Registration for worker at rmi://ip-10-32-53-156.eu-west-1.compute.internal:40111/2 completed (2012-09-10 09:34:15)
Progress(47) at 2012-09-10 09:35:09: 135280716 states generated (2,873,228 s/min), 15634231 distinct states found (247,108 ds/min), 677967 states left on queue.
TLC worker connection lost rmi://ip-10-32-53-156.eu-west-1.compute.internal:40111/6 (2012-09-10 09:35:38)
TLC worker rmi://ip-10-32-53-156.eu-west-1.compute.internal:40111/6 disconnected (2012-09-10 09:35:38)
TLC worker connection lost rmi://ip-10-32-53-156.eu-west-1.compute.internal:40111/5 (2012-09-10 09:35:38)
TLC worker rmi://ip-10-32-53-156.eu-west-1.compute.internal:40111/5 disconnected (2012-09-10 09:35:38)
TLC worker connection lost rmi://ip-10-32-53-156.eu-west-1.compute.internal:40111/7 (2012-09-10 09:35:38)
TLC worker rmi://ip-10-32-53-156.eu-west-1.compute.internal:40111/7 disconnected (2012-09-10 09:35:38)
TLC worker connection lost rmi://ip-10-32-53-156.eu-west-1.compute.internal:40111/1 (2012-09-10 09:35:38)
TLC worker rmi://ip-10-32-53-156.eu-west-1.compute.internal:40111/1 disconnected (2012-09-10 09:35:38)
TLC worker connection lost rmi://ip-10-32-53-156.eu-west-1.compute.internal:40111/4 (2012-09-10 09:35:38)
TLC worker rmi://ip-10-32-53-156.eu-west-1.compute.internal:40111/4 disconnected (2012-09-10 09:35:38)
TLC worker connection lost rmi://ip-10-32-53-156.eu-west-1.compute.internal:40111/3 (2012-09-10 09:35:38)
TLC worker rmi://ip-10-32-53-156.eu-west-1.compute.internal:40111/3 disconnected (2012-09-10 09:35:38)
TLC worker connection lost rmi://ip-10-32-53-156.eu-west-1.compute.internal:40111/2 (2012-09-10 09:35:38)
TLC worker rmi://ip-10-32-53-156.eu-west-1.compute.internal:40111/2 disconnected (2012-09-10 09:35:38)
TLC worker connection lost rmi://ip-10-32-53-156.eu-west-1.compute.internal:40111/0 (2012-09-10 09:35:38)
TLC worker rmi://ip-10-32-53-156.eu-west-1.compute.internal:40111/0 disconnected (2012-09-10 09:35:38)
Progress(47) at 2012-09-10 09:36:09: 136415892 states generated (1,135,176 s/min), 15720015 distinct states found (85,784 ds/min), 632574 states left on queue.
Registration for worker at rmi://ip-10-32-53-131.eu-west-1.compute.internal:57534/0 completed (2012-09-10 09:36:56)
Registration for worker at rmi://ip-10-32-53-131.eu-west-1.compute.internal:57534/1 completed (2012-09-10 09:36:56)
Registration for worker at rmi://ip-10-32-53-131.eu-west-1.compute.internal:57534/3 completed (2012-09-10 09:36:56)
Registration for worker at rmi://ip-10-32-53-131.eu-west-1.compute.internal:57534/2 completed (2012-09-10 09:36:56)
Registration for worker at rmi://ip-10-32-53-131.eu-west-1.compute.internal:57534/7 completed (2012-09-10 09:36:56)
Registration for worker at rmi://ip-10-32-53-131.eu-west-1.compute.internal:57534/5 completed (2012-09-10 09:36:56)
Registration for worker at rmi://ip-10-32-53-131.eu-west-1.compute.internal:57534/6 completed (2012-09-10 09:36:56)
Registration for worker at rmi://ip-10-32-53-131.eu-west-1.compute.internal:57534/4 completed (2012-09-10 09:36:56)
TLC worker rmi://ip-10-32-53-131.eu-west-1.compute.internal:57534/0 disconnected (2012-09-10 09:37:06)
TLC worker rmi://ip-10-32-53-131.eu-west-1.compute.internal:57534/1 disconnected (2012-09-10 09:37:06)
TLC worker rmi://ip-10-32-53-131.eu-west-1.compute.internal:57534/3 disconnected (2012-09-10 09:37:06)
TLC worker rmi://ip-10-32-53-131.eu-west-1.compute.internal:57534/2 disconnected (2012-09-10 09:37:06)
TLC worker rmi://ip-10-32-53-131.eu-west-1.compute.internal:57534/5 disconnected (2012-09-10 09:37:06)
TLC worker rmi://ip-10-32-53-131.eu-west-1.compute.internal:57534/7 disconnected (2012-09-10 09:37:06)
TLC worker rmi://ip-10-32-53-131.eu-west-1.compute.internal:57534/6 disconnected (2012-09-10 09:37:06)
TLC worker rmi://ip-10-32-53-131.eu-west-1.compute.internal:57534/4 disconnected (2012-09-10 09:37:06)
TLC worker connection lost rmi://ip-10-32-53-131.eu-west-1.compute.internal:57534/0 (2012-09-10 09:37:07)
TLC worker connection lost rmi://ip-10-32-53-131.eu-west-1.compute.internal:57534/1 (2012-09-10 09:37:07)
TLC worker connection lost rmi://ip-10-32-53-131.eu-west-1.compute.internal:57534/3 (2012-09-10 09:37:07)
TLC worker connection lost rmi://ip-10-32-53-131.eu-west-1.compute.internal:57534/5 (2012-09-10 09:37:07)
TLC worker connection lost rmi://ip-10-32-53-131.eu-west-1.compute.internal:57534/7 (2012-09-10 09:37:07)
TLC worker connection lost rmi://ip-10-32-53-131.eu-west-1.compute.internal:57534/4 (2012-09-10 09:37:07)
TLC worker connection lost rmi://ip-10-32-53-131.eu-west-1.compute.internal:57534/6 (2012-09-10 09:37:07)
TLC worker connection lost rmi://ip-10-32-53-131.eu-west-1.compute.internal:57534/2 (2012-09-10 09:37:07)
Progress(47) at 2012-09-10 09:37:09: 136990240 states generated (574,348 s/min), 15770083 distinct states found (50,068 ds/min), 682462 states left on queue.
Registration for worker at rmi://ip-10-32-53-131.eu-west-1.compute.internal:57534/6 completed (2012-09-10 09:37:31)
Registration for worker at rmi://ip-10-32-53-131.eu-west-1.compute.internal:57534/7 completed (2012-09-10 09:37:31)
Registration for worker at rmi://ip-10-32-53-131.eu-west-1.compute.internal:57534/5 completed (2012-09-10 09:37:31)
Registration for worker at rmi://ip-10-32-53-131.eu-west-1.compute.internal:57534/4 completed (2012-09-10 09:37:31)
Registration for worker at rmi://ip-10-32-53-131.eu-west-1.compute.internal:57534/3 completed (2012-09-10 09:37:31)
Registration for worker at rmi://ip-10-32-53-131.eu-west-1.compute.internal:57534/2 completed (2012-09-10 09:37:31)
Registration for worker at rmi://ip-10-32-53-131.eu-west-1.compute.internal:57534/0 completed (2012-09-10 09:37:31)
Registration for worker at rmi://ip-10-32-53-131.eu-west-1.compute.internal:57534/1 completed (2012-09-10 09:37:31)
Progress(47) at 2012-09-10 09:38:09: 138700326 states generated (1,710,086 s/min), 15904153 distinct states found (134,070 ds/min), 619524 states left on queue.
Registration for worker at rmi://ip-10-32-53-156.eu-west-1.compute.internal:40111/3 completed (2012-09-10 09:38:17)
Registration for worker at rmi://ip-10-32-53-156.eu-west-1.compute.internal:40111/7 completed (2012-09-10 09:38:17)
Registration for worker at rmi://ip-10-32-53-156.eu-west-1.compute.internal:40111/2 completed (2012-09-10 09:38:17)
Registration for worker at rmi://ip-10-32-53-156.eu-west-1.compute.internal:40111/6 completed (2012-09-10 09:38:17)
Registration for worker at rmi://ip-10-32-53-156.eu-west-1.compute.internal:40111/1 completed (2012-09-10 09:38:17)
Registration for worker at rmi://ip-10-32-53-156.eu-west-1.compute.internal:40111/5 completed (2012-09-10 09:38:17)
Registration for worker at rmi://ip-10-32-53-156.eu-west-1.compute.internal:40111/0 completed (2012-09-10 09:38:17)
Registration for worker at rmi://ip-10-32-53-156.eu-west-1.compute.internal:40111/4 completed (2012-09-10 09:38:17)
TLC worker connection lost rmi://ip-10-32-53-131.eu-west-1.compute.internal:57534/6 (2012-09-10 09:39:03)
TLC worker rmi://ip-10-32-53-131.eu-west-1.compute.internal:57534/6 disconnected (2012-09-10 09:39:03)
TLC worker connection lost rmi://ip-10-32-53-131.eu-west-1.compute.internal:57534/4 (2012-09-10 09:39:03)
TLC worker rmi://ip-10-32-53-131.eu-west-1.compute.internal:57534/4 disconnected (2012-09-10 09:39:03)
TLC worker connection lost rmi://ip-10-32-53-131.eu-west-1.compute.internal:57534/7 (2012-09-10 09:39:03)
TLC worker rmi://ip-10-32-53-131.eu-west-1.compute.internal:57534/7 disconnected (2012-09-10 09:39:03)
TLC worker connection lost rmi://ip-10-32-53-131.eu-west-1.compute.internal:57534/0 (2012-09-10 09:39:04)
TLC worker rmi://ip-10-32-53-131.eu-west-1.compute.internal:57534/0 disconnected (2012-09-10 09:39:04)
TLC worker connection lost rmi://ip-10-32-53-131.eu-west-1.compute.internal:57534/5 (2012-09-10 09:39:04)
TLC worker rmi://ip-10-32-53-131.eu-west-1.compute.internal:57534/5 disconnected (2012-09-10 09:39:04)
TLC worker connection lost rmi://ip-10-32-53-131.eu-west-1.compute.internal:57534/2 (2012-09-10 09:39:04)
TLC worker rmi://ip-10-32-53-131.eu-west-1.compute.internal:57534/2 disconnected (2012-09-10 09:39:04)
TLC worker connection lost rmi://ip-10-32-53-131.eu-west-1.compute.internal:57534/1 (2012-09-10 09:39:04)
TLC worker rmi://ip-10-32-53-131.eu-west-1.compute.internal:57534/1 disconnected (2012-09-10 09:39:04)
TLC worker connection lost rmi://ip-10-32-53-131.eu-west-1.compute.internal:57534/3 (2012-09-10 09:39:04)
TLC worker rmi://ip-10-32-53-131.eu-west-1.compute.internal:57534/3 disconnected (2012-09-10 09:39:04)
TLC worker connection lost rmi://ip-10-32-53-156.eu-west-1.compute.internal:40111/3 (2012-09-10 09:39:08)
TLC worker rmi://ip-10-32-53-156.eu-west-1.compute.internal:40111/3 disconnected (2012-09-10 09:39:08)
TLC worker connection lost rmi://ip-10-32-53-156.eu-west-1.compute.internal:40111/7 (2012-09-10 09:39:08)
TLC worker rmi://ip-10-32-53-156.eu-west-1.compute.internal:40111/7 disconnected (2012-09-10 09:39:08)
TLC worker connection lost rmi://ip-10-32-53-156.eu-west-1.compute.internal:40111/4 (2012-09-10 09:39:08)
TLC worker rmi://ip-10-32-53-156.eu-west-1.compute.internal:40111/4 disconnected (2012-09-10 09:39:08)
TLC worker connection lost rmi://ip-10-32-53-156.eu-west-1.compute.internal:40111/1 (2012-09-10 09:39:08)
TLC worker rmi://ip-10-32-53-156.eu-west-1.compute.internal:40111/1 disconnected (2012-09-10 09:39:08)
TLC worker connection lost rmi://ip-10-32-53-156.eu-west-1.compute.internal:40111/5 (2012-09-10 09:39:09)
TLC worker rmi://ip-10-32-53-156.eu-west-1.compute.internal:40111/5 disconnected (2012-09-10 09:39:09)
TLC worker connection lost rmi://ip-10-32-53-156.eu-west-1.compute.internal:40111/6 (2012-09-10 09:39:09)
TLC worker rmi://ip-10-32-53-156.eu-west-1.compute.internal:40111/6 disconnected (2012-09-10 09:39:09)
TLC worker connection lost rmi://ip-10-32-53-156.eu-west-1.compute.internal:40111/2 (2012-09-10 09:39:09)
TLC worker rmi://ip-10-32-53-156.eu-west-1.compute.internal:40111/2 disconnected (2012-09-10 09:39:09)
TLC worker connection lost rmi://ip-10-32-53-156.eu-west-1.compute.internal:40111/0 (2012-09-10 09:39:09)
TLC worker rmi://ip-10-32-53-156.eu-west-1.compute.internal:40111/0 disconnected (2012-09-10 09:39:09)
Progress(47) at 2012-09-10 09:39:09: 143779367 states generated (5,079,041 s/min), 16259426 distinct states found (355,273 ds/min), 384310 states left on queue.
Registration for worker at rmi://ip-10-32-53-156.eu-west-1.compute.internal:40111/0 completed (2012-09-10 09:39:15)
Registration for worker at rmi://ip-10-32-53-156.eu-west-1.compute.internal:40111/5 completed (2012-09-10 09:39:15)
Registration for worker at rmi://ip-10-32-53-156.eu-west-1.compute.internal:40111/4 completed (2012-09-10 09:39:15)
Registration for worker at rmi://ip-10-32-53-156.eu-west-1.compute.internal:40111/7 completed (2012-09-10 09:39:15)
Registration for worker at rmi://ip-10-32-53-156.eu-west-1.compute.internal:40111/6 completed (2012-09-10 09:39:15)
Registration for worker at rmi://ip-10-32-53-156.eu-west-1.compute.internal:40111/3 completed (2012-09-10 09:39:15)
Registration for worker at rmi://ip-10-32-53-156.eu-west-1.compute.internal:40111/1 completed (2012-09-10 09:39:15)
Registration for worker at rmi://ip-10-32-53-156.eu-west-1.compute.internal:40111/2 completed (2012-09-10 09:39:15)
Registration for worker at rmi://ip-10-32-53-131.eu-west-1.compute.internal:57534/0 completed (2012-09-10 09:39:18)
Registration for worker at rmi://ip-10-32-53-131.eu-west-1.compute.internal:57534/5 completed (2012-09-10 09:39:18)
Registration for worker at rmi://ip-10-32-53-131.eu-west-1.compute.internal:57534/7 completed (2012-09-10 09:39:18)
Registration for worker at rmi://ip-10-32-53-131.eu-west-1.compute.internal:57534/6 completed (2012-09-10 09:39:18)
Registration for worker at rmi://ip-10-32-53-131.eu-west-1.compute.internal:57534/3 completed (2012-09-10 09:39:18)
Registration for worker at rmi://ip-10-32-53-131.eu-west-1.compute.internal:57534/1 completed (2012-09-10 09:39:18)
Registration for worker at rmi://ip-10-32-53-131.eu-west-1.compute.internal:57534/4 completed (2012-09-10 09:39:18)
Registration for worker at rmi://ip-10-32-53-131.eu-west-1.compute.internal:57534/2 completed (2012-09-10 09:39:18)
Progress(51) at 2012-09-10 09:40:09: 148305373 states generated (4,526,006 s/min), 16588400 distinct states found (328,974 ds/min), 188639 states left on queue.
TLC worker connection lost rmi://ip-10-32-53-156.eu-west-1.compute.internal:40111/1 (2012-09-10 09:40:48)
TLC worker rmi://ip-10-32-53-156.eu-west-1.compute.internal:40111/1 disconnected (2012-09-10 09:40:48)
TLC worker connection lost rmi://ip-10-32-53-156.eu-west-1.compute.internal:40111/4 (2012-09-10 09:40:48)
TLC worker connection lost rmi://ip-10-32-53-156.eu-west-1.compute.internal:40111/5 (2012-09-10 09:40:48)
TLC worker rmi://ip-10-32-53-156.eu-west-1.compute.internal:40111/4 disconnected (2012-09-10 09:40:48)
TLC worker rmi://ip-10-32-53-156.eu-west-1.compute.internal:40111/5 disconnected (2012-09-10 09:40:48)
TLC worker connection lost rmi://ip-10-32-53-156.eu-west-1.compute.internal:40111/6 (2012-09-10 09:40:48)
TLC worker connection lost rmi://ip-10-32-53-156.eu-west-1.compute.internal:40111/3 (2012-09-10 09:40:48)
TLC worker rmi://ip-10-32-53-156.eu-west-1.compute.internal:40111/6 disconnected (2012-09-10 09:40:48)
TLC worker rmi://ip-10-32-53-156.eu-west-1.compute.internal:40111/3 disconnected (2012-09-10 09:40:48)
TLC worker connection lost rmi://ip-10-32-53-156.eu-west-1.compute.internal:40111/2 (2012-09-10 09:40:48)
TLC worker connection lost rmi://ip-10-32-53-156.eu-west-1.compute.internal:40111/7 (2012-09-10 09:40:48)
TLC worker rmi://ip-10-32-53-156.eu-west-1.compute.internal:40111/2 disconnected (2012-09-10 09:40:48)
TLC worker rmi://ip-10-32-53-156.eu-west-1.compute.internal:40111/7 disconnected (2012-09-10 09:40:48)
TLC worker connection lost rmi://ip-10-32-53-156.eu-west-1.compute.internal:40111/0 (2012-09-10 09:40:50)
TLC worker rmi://ip-10-32-53-156.eu-west-1.compute.internal:40111/0 disconnected (2012-09-10 09:40:50)
Worker: rmi://ip-10-32-53-131.eu-west-1.compute.internal:57534/1 Sent: 58253 Rcvd: 59307 CacheRatio: 0.02 (2012-09-10 09:40:50)
Worker: rmi://ip-10-32-53-131.eu-west-1.compute.internal:57534/4 Sent: 58586 Rcvd: 57457 CacheRatio: 0.03 (2012-09-10 09:40:50)
Worker: rmi://ip-10-32-53-131.eu-west-1.compute.internal:57534/7 Sent: 58469 Rcvd: 53817 CacheRatio: 0.03 (2012-09-10 09:40:50)
Worker: rmi://ip-10-32-53-131.eu-west-1.compute.internal:57534/6 Sent: 57449 Rcvd: 39804 CacheRatio: 0.03 (2012-09-10 09:40:50)
Worker: rmi://ip-10-32-53-131.eu-west-1.compute.internal:57534/3 Sent: 57983 Rcvd: 55073 CacheRatio: 0.02 (2012-09-10 09:40:50)
Worker: rmi://ip-10-32-53-131.eu-west-1.compute.internal:57534/0 Sent: 58197 Rcvd: 48971 CacheRatio: 0.03 (2012-09-10 09:40:50)
Worker: rmi://ip-10-32-53-131.eu-west-1.compute.internal:57534/2 Sent: 58045 Rcvd: 76208 CacheRatio: 0.02 (2012-09-10 09:40:50)
Worker: rmi://ip-10-32-53-131.eu-west-1.compute.internal:57534/5 Sent: 58765 Rcvd: 52000 CacheRatio: 0.02 (2012-09-10 09:40:50)
Model checking completed. No error has been found.
  Estimates of the probability that TLC did not check all reachable states
  because two distinct states had the same fingerprint:
  calculated (optimistic):  val = 0.0
  based on the actual fingerprints:  val = 7.9E-11
151513247 states generated, 16777216 distinct states found, 0 states left on queue.
The depth of the complete state graph search is 52.
Finished. (2012-09-10 09:41:04)
ip-10-32-42-229, work completed. Thank you!
