Listening for transport dt_socket at address: 1044
TLC Server Version 2.05 of 7 November 2012
Parsing file /mnt/tlc/3291/spec/l10_n8.tla
Parsing file /mnt/tlc/3291/spec/GridPerformanceTest.tla
Parsing file /mnt/tlc/3291/tla/tla2sany/StandardModules/TLC.tla
Parsing file /mnt/tlc/3291/tla/tla2sany/StandardModules/Integers.tla
Parsing file /mnt/tlc/3291/tla/tla2sany/StandardModules/FiniteSets.tla
Parsing file /mnt/tlc/3291/tla/tla2sany/StandardModules/Naturals.tla
Parsing file /mnt/tlc/3291/tla/tla2sany/StandardModules/Sequences.tla
Semantic processing of module Naturals
Semantic processing of module Integers
Semantic processing of module Sequences
Semantic processing of module FiniteSets
Semantic processing of module GridPerformanceTest
Semantic processing of module TLC
Semantic processing of module l10_n8
Starting... (2012-11-13 09:09:39)
Computing initial states...
Finished computing initial states: 1 distinct state(s) generated.
TLC server at ip-10-33-145-91 is ready (2012-11-13 09:09:40)
Waiting for 2 FPSet server(s) to register (2012-11-13 09:09:40)
1 out of 2 FPSet server(s) registered (2012-11-13 09:10:05)
2 out of 2 FPSet server(s) registered (2012-11-13 09:10:07)
Registration for worker at rmi://ip-10-32-41-162.eu-west-1.compute.internal:55462/0 completed (2012-11-13 09:10:07)
Registration for worker at rmi://ip-10-32-41-162.eu-west-1.compute.internal:55462/3 completed (2012-11-13 09:10:07)
Registration for worker at rmi://ip-10-32-41-162.eu-west-1.compute.internal:55462/1 completed (2012-11-13 09:10:07)
Registration for worker at rmi://ip-10-32-41-162.eu-west-1.compute.internal:55462/4 completed (2012-11-13 09:10:07)
Registration for worker at rmi://ip-10-32-41-162.eu-west-1.compute.internal:55462/2 completed (2012-11-13 09:10:07)
Registration for worker at rmi://ip-10-32-41-162.eu-west-1.compute.internal:55462/5 completed (2012-11-13 09:10:07)
Registration for worker at rmi://ip-10-32-41-162.eu-west-1.compute.internal:55462/6 completed (2012-11-13 09:10:07)
Registration for worker at rmi://ip-10-32-41-162.eu-west-1.compute.internal:55462/7 completed (2012-11-13 09:10:07)
Registration for worker at rmi://ip-10-32-49-138.eu-west-1.compute.internal:39157/2 completed (2012-11-13 09:10:07)
Registration for worker at rmi://ip-10-32-49-138.eu-west-1.compute.internal:39157/5 completed (2012-11-13 09:10:07)
Registration for worker at rmi://ip-10-32-49-138.eu-west-1.compute.internal:39157/0 completed (2012-11-13 09:10:07)
Registration for worker at rmi://ip-10-32-49-138.eu-west-1.compute.internal:39157/3 completed (2012-11-13 09:10:07)
Registration for worker at rmi://ip-10-32-49-138.eu-west-1.compute.internal:39157/6 completed (2012-11-13 09:10:07)
Registration for worker at rmi://ip-10-32-49-138.eu-west-1.compute.internal:39157/4 completed (2012-11-13 09:10:07)
Registration for worker at rmi://ip-10-32-49-138.eu-west-1.compute.internal:39157/1 completed (2012-11-13 09:10:07)
Registration for worker at rmi://ip-10-32-49-138.eu-west-1.compute.internal:39157/7 completed (2012-11-13 09:10:07)
Progress(20) at 2012-11-13 09:11:07: 6931548 states generated (6,931,548 s/min), 923075 distinct states found (923,075 ds/min), 376732 states left on queue.
Progress(20) at 2012-11-13 09:12:07: 17060680 states generated (10,129,132 s/min), 1968053 distinct states found (1,044,978 ds/min), 699318 states left on queue.
Progress(21) at 2012-11-13 09:13:07: 27317215 states generated (10,256,535 s/min), 2888598 distinct states found (920,545 ds/min), 896783 states left on queue.
Progress(21) at 2012-11-13 09:14:07: 37726668 states generated (10,409,453 s/min), 3794020 distinct states found (905,422 ds/min), 1070390 states left on queue.
Progress(27) at 2012-11-13 09:15:07: 47159237 states generated (9,432,569 s/min), 4618638 distinct states found (824,618 ds/min), 1228557 states left on queue.
Progress(34) at 2012-11-13 09:16:07: 56581560 states generated (9,422,323 s/min), 5346823 distinct states found (728,185 ds/min), 1298212 states left on queue.
Progress(34) at 2012-11-13 09:17:07: 67204127 states generated (10,622,567 s/min), 6178751 distinct states found (831,928 ds/min), 1389346 states left on queue.
Progress(34) at 2012-11-13 09:18:07: 77176385 states generated (9,972,258 s/min), 6949292 distinct states found (770,541 ds/min), 1460117 states left on queue.
Progress(34) at 2012-11-13 09:19:07: 87494757 states generated (10,318,372 s/min), 7682050 distinct states found (732,758 ds/min), 1476437 states left on queue.
Progress(37) at 2012-11-13 09:20:08: 96973590 states generated (9,478,833 s/min), 8391120 distinct states found (709,070 ds/min), 1518250 states left on queue.
Progress(37) at 2012-11-13 09:21:08: 106358980 states generated (9,385,390 s/min), 9021459 distinct states found (630,339 ds/min), 1498050 states left on queue.
Progress(37) at 2012-11-13 09:22:08: 116572278 states generated (10,213,298 s/min), 9747560 distinct states found (726,101 ds/min), 1508073 states left on queue.
Progress(37) at 2012-11-13 09:23:08: 126957955 states generated (10,385,677 s/min), 10423729 distinct states found (676,169 ds/min), 1459713 states left on queue.
Progress(38) at 2012-11-13 09:24:08: 137046866 states generated (10,088,911 s/min), 11102163 distinct states found (678,434 ds/min), 1430386 states left on queue.
Progress(38) at 2012-11-13 09:25:09: 146509878 states generated (9,463,012 s/min), 11702324 distinct states found (600,161 ds/min), 1372182 states left on queue.
Progress(39) at 2012-11-13 09:26:09: 155668636 states generated (9,158,758 s/min), 12285467 distinct states found (583,143 ds/min), 1305430 states left on queue.
Progress(39) at 2012-11-13 09:27:09: 165549190 states generated (9,880,554 s/min), 12893494 distinct states found (608,027 ds/min), 1222789 states left on queue.
Progress(39) at 2012-11-13 09:28:09: 175945614 states generated (10,396,424 s/min), 13534786 distinct states found (641,292 ds/min), 1124270 states left on queue.
Progress(39) at 2012-11-13 09:29:09: 185966243 states generated (10,020,629 s/min), 14108979 distinct states found (574,193 ds/min), 991807 states left on queue.
Progress(39) at 2012-11-13 09:30:10: 195104907 states generated (9,138,664 s/min), 14651237 distinct states found (542,258 ds/min), 885090 states left on queue.
Progress(39) at 2012-11-13 09:31:10: 204342021 states generated (9,237,114 s/min), 15162088 distinct states found (510,851 ds/min), 739021 states left on queue.
Progress(44) at 2012-11-13 09:32:10: 214043890 states generated (9,701,869 s/min), 15681426 distinct states found (519,338 ds/min), 569048 states left on queue.
Progress(44) at 2012-11-13 09:33:10: 224158694 states generated (10,114,804 s/min), 16191954 distinct states found (510,528 ds/min), 357837 states left on queue.
Progress(45) at 2012-11-13 09:34:10: 234014182 states generated (9,855,488 s/min), 16657302 distinct states found (465,348 ds/min), 110175 states left on queue.
Worker: rmi://ip-10-32-41-162.eu-west-1.compute.internal:55462/2 Sent: 1035743 Rcvd: 475874 CacheRatio: 0.02 (2012-11-13 09:34:27)
Worker: rmi://ip-10-32-41-162.eu-west-1.compute.internal:55462/0 Sent: 1033687 Rcvd: 461899 CacheRatio: 0.02 (2012-11-13 09:34:27)
Worker: rmi://ip-10-32-49-138.eu-west-1.compute.internal:39157/2 Sent: 1064253 Rcvd: 606530 CacheRatio: 0.02 (2012-11-13 09:34:27)
Worker: rmi://ip-10-32-49-138.eu-west-1.compute.internal:39157/3 Sent: 1063521 Rcvd: 599625 CacheRatio: 0.02 (2012-11-13 09:34:27)
Worker: rmi://ip-10-32-41-162.eu-west-1.compute.internal:55462/5 Sent: 1031853 Rcvd: 467091 CacheRatio: 0.02 (2012-11-13 09:34:27)
Worker: rmi://ip-10-32-49-138.eu-west-1.compute.internal:39157/6 Sent: 1061207 Rcvd: 612132 CacheRatio: 0.02 (2012-11-13 09:34:27)
Worker: rmi://ip-10-32-41-162.eu-west-1.compute.internal:55462/7 Sent: 1034279 Rcvd: 495921 CacheRatio: 0.02 (2012-11-13 09:34:27)
Worker: rmi://ip-10-32-41-162.eu-west-1.compute.internal:55462/4 Sent: 1036247 Rcvd: 469000 CacheRatio: 0.02 (2012-11-13 09:34:27)
Worker: rmi://ip-10-32-49-138.eu-west-1.compute.internal:39157/1 Sent: 1063171 Rcvd: 651041 CacheRatio: 0.02 (2012-11-13 09:34:27)
Worker: rmi://ip-10-32-49-138.eu-west-1.compute.internal:39157/7 Sent: 1064574 Rcvd: 656316 CacheRatio: 0.02 (2012-11-13 09:34:27)
Worker: rmi://ip-10-32-49-138.eu-west-1.compute.internal:39157/5 Sent: 1060231 Rcvd: 604150 CacheRatio: 0.02 (2012-11-13 09:34:27)
Worker: rmi://ip-10-32-49-138.eu-west-1.compute.internal:39157/4 Sent: 1061922 Rcvd: 646569 CacheRatio: 0.02 (2012-11-13 09:34:27)
Worker: rmi://ip-10-32-41-162.eu-west-1.compute.internal:55462/3 Sent: 1033995 Rcvd: 470610 CacheRatio: 0.02 (2012-11-13 09:34:27)
Worker: rmi://ip-10-32-49-138.eu-west-1.compute.internal:39157/0 Sent: 1063605 Rcvd: 606168 CacheRatio: 0.02 (2012-11-13 09:34:27)
Worker: rmi://ip-10-32-41-162.eu-west-1.compute.internal:55462/6 Sent: 1034428 Rcvd: 483523 CacheRatio: 0.02 (2012-11-13 09:34:27)
Worker: rmi://ip-10-32-41-162.eu-west-1.compute.internal:55462/1 Sent: 1034500 Rcvd: 474862 CacheRatio: 0.02 (2012-11-13 09:34:27)
Model checking completed. No error has been found.
  Estimates of the probability that TLC did not check all reachable states
  because two distinct states had the same fingerprint:
  calculated (optimistic):  val = 7.8E-5
  based on the actual fingerprints:  val = 6.2E-11
237149237 states generated, 16777216 distinct states found, 0 states left on queue.
The depth of the complete state graph search is 52.
Finished. (2012-11-13 09:34:35)
