Listening for transport dt_socket at address: 1044
TLC2 Version 2.05 of 17 April 2013
Running in Model-Checking mode.
Parsing file l10_n6.tla
Parsing file GridPerformanceTest.tla
Parsing file /mnt/tlc/7462/tla/tla2sany/StandardModules/TLC.tla
Parsing file /mnt/tlc/7462/tla/tla2sany/StandardModules/Integers.tla
Parsing file /mnt/tlc/7462/tla/tla2sany/StandardModules/FiniteSets.tla
Parsing file /mnt/tlc/7462/tla/tla2sany/StandardModules/Naturals.tla
Parsing file /mnt/tlc/7462/tla/tla2sany/StandardModules/Sequences.tla
Semantic processing of module Naturals
Semantic processing of module Integers
Semantic processing of module Sequences
Semantic processing of module FiniteSets
Semantic processing of module GridPerformanceTest
Semantic processing of module TLC
Semantic processing of module l10_n6
Starting... (2013-05-20 21:29:07)
Computing initial states...
Finished computing initial states: 1 distinct state generated.
Progress(10) at 2013-05-20 21:29:29: 11158 states generated (11,158 s/min), 3287 distinct states found (3,287 ds/min), 1427 states left on queue.
Progress(19) at 2013-05-20 21:30:29: 344649 states generated (333,491 s/min), 72116 distinct states found (68,829 ds/min), 14674 states left on queue.
Progress(22) at 2013-05-20 21:31:29: 701231 states generated (356,581 s/min), 135476 distinct states found (63,360 ds/min), 18604 states left on queue.
Progress(26) at 2013-05-20 21:32:29: 1062295 states generated (361,064 s/min), 193066 distinct states found (57,590 ds/min), 16017 states left on queue.
Progress(30) at 2013-05-20 21:33:29: 1423434 states generated (361,140 s/min), 244502 distinct states found (51,436 ds/min), 7263 states left on queue.
Model checking completed. No error has been found.
  Estimates of the probability that TLC did not check all reachable states
  because two distinct states had the same fingerprint:
  calculated (optimistic):  val = 1.9E-8
  based on the actual fingerprints:  val = 2.0E-12
1572865 states generated, 262144 distinct states found, 0 states left on queue.
The depth of the complete state graph search is 43.
Finished. (2013-05-20 21:34:05)
