Listening for transport dt_socket at address: 1044
TLC Server Version 2.05 of 24 October 2012
Parsing file /mnt/tlc/5667/spec/l10_n8.tla
Parsing file /mnt/tlc/5667/spec/GridPerformanceTest.tla
Parsing file /mnt/tlc/5667/tla/tla2sany/StandardModules/TLC.tla
Parsing file /mnt/tlc/5667/tla/tla2sany/StandardModules/Integers.tla
Parsing file /mnt/tlc/5667/tla/tla2sany/StandardModules/FiniteSets.tla
Parsing file /mnt/tlc/5667/tla/tla2sany/StandardModules/Naturals.tla
Parsing file /mnt/tlc/5667/tla/tla2sany/StandardModules/Sequences.tla
Semantic processing of module Naturals
Semantic processing of module Integers
Semantic processing of module Sequences
Semantic processing of module FiniteSets
Semantic processing of module GridPerformanceTest
Semantic processing of module TLC
Semantic processing of module l10_n8
Starting... (2012-11-05 12:54:12)
Computing initial states...
Finished computing initial states: 1 distinct state(s) generated.
TLC server at ip-10-32-54-92 is ready (2012-11-05 12:54:51)
Done waiting for FPSet server(s) (2012-11-05 12:54:51)
Registration for worker at rmi://ip-10-32-54-102.eu-west-1.compute.internal:39041/3 completed (2012-11-05 12:55:04)
Registration for worker at rmi://ip-10-32-41-198.eu-west-1.compute.internal:39562/0 completed (2012-11-05 12:55:04)
Registration for worker at rmi://ip-10-32-41-198.eu-west-1.compute.internal:39562/3 completed (2012-11-05 12:55:04)
Registration for worker at rmi://ip-10-32-41-198.eu-west-1.compute.internal:39562/6 completed (2012-11-05 12:55:04)
Registration for worker at rmi://ip-10-32-41-198.eu-west-1.compute.internal:39562/2 completed (2012-11-05 12:55:04)
Registration for worker at rmi://ip-10-32-41-198.eu-west-1.compute.internal:39562/5 completed (2012-11-05 12:55:04)
Registration for worker at rmi://ip-10-32-41-198.eu-west-1.compute.internal:39562/7 completed (2012-11-05 12:55:04)
Registration for worker at rmi://ip-10-32-41-198.eu-west-1.compute.internal:39562/4 completed (2012-11-05 12:55:04)
Registration for worker at rmi://ip-10-32-54-26.eu-west-1.compute.internal:49647/4 completed (2012-11-05 12:55:04)
Registration for worker at rmi://ip-10-32-54-26.eu-west-1.compute.internal:49647/1 completed (2012-11-05 12:55:04)
Registration for worker at rmi://ip-10-32-54-26.eu-west-1.compute.internal:49647/0 completed (2012-11-05 12:55:04)
Registration for worker at rmi://ip-10-32-54-26.eu-west-1.compute.internal:49647/5 completed (2012-11-05 12:55:04)
Registration for worker at rmi://ip-10-32-54-26.eu-west-1.compute.internal:49647/7 completed (2012-11-05 12:55:04)
Registration for worker at rmi://ip-10-32-54-26.eu-west-1.compute.internal:49647/6 completed (2012-11-05 12:55:04)
Registration for worker at rmi://ip-10-32-54-26.eu-west-1.compute.internal:49647/2 completed (2012-11-05 12:55:04)
Registration for worker at rmi://ip-10-32-54-26.eu-west-1.compute.internal:49647/3 completed (2012-11-05 12:55:04)
Registration for worker at rmi://ip-10-32-53-250.eu-west-1.compute.internal:32893/1 completed (2012-11-05 12:55:04)
Registration for worker at rmi://ip-10-32-53-250.eu-west-1.compute.internal:32893/6 completed (2012-11-05 12:55:04)
Registration for worker at rmi://ip-10-32-53-250.eu-west-1.compute.internal:32893/0 completed (2012-11-05 12:55:04)
Registration for worker at rmi://ip-10-32-53-250.eu-west-1.compute.internal:32893/4 completed (2012-11-05 12:55:04)
Registration for worker at rmi://ip-10-32-53-250.eu-west-1.compute.internal:32893/7 completed (2012-11-05 12:55:04)
Registration for worker at rmi://ip-10-32-53-250.eu-west-1.compute.internal:32893/3 completed (2012-11-05 12:55:04)
Registration for worker at rmi://ip-10-32-53-250.eu-west-1.compute.internal:32893/5 completed (2012-11-05 12:55:04)
Registration for worker at rmi://ip-10-32-53-250.eu-west-1.compute.internal:32893/2 completed (2012-11-05 12:55:04)
Registration for worker at rmi://ip-10-32-54-205.eu-west-1.compute.internal:60939/4 completed (2012-11-05 12:55:04)
Registration for worker at rmi://ip-10-32-54-205.eu-west-1.compute.internal:60939/3 completed (2012-11-05 12:55:04)
Registration for worker at rmi://ip-10-32-54-205.eu-west-1.compute.internal:60939/5 completed (2012-11-05 12:55:04)
Registration for worker at rmi://ip-10-32-54-205.eu-west-1.compute.internal:60939/6 completed (2012-11-05 12:55:04)
Registration for worker at rmi://ip-10-32-54-205.eu-west-1.compute.internal:60939/2 completed (2012-11-05 12:55:04)
Registration for worker at rmi://ip-10-32-54-205.eu-west-1.compute.internal:60939/1 completed (2012-11-05 12:55:04)
Registration for worker at rmi://ip-10-32-54-205.eu-west-1.compute.internal:60939/7 completed (2012-11-05 12:55:04)
Registration for worker at rmi://ip-10-32-54-205.eu-west-1.compute.internal:60939/0 completed (2012-11-05 12:55:04)
Registration for worker at rmi://ip-10-32-50-178.eu-west-1.compute.internal:52165/6 completed (2012-11-05 12:55:04)
Registration for worker at rmi://ip-10-32-50-178.eu-west-1.compute.internal:52165/3 completed (2012-11-05 12:55:04)
Registration for worker at rmi://ip-10-32-50-178.eu-west-1.compute.internal:52165/4 completed (2012-11-05 12:55:04)
Registration for worker at rmi://ip-10-32-50-178.eu-west-1.compute.internal:52165/7 completed (2012-11-05 12:55:04)
Registration for worker at rmi://ip-10-32-50-178.eu-west-1.compute.internal:52165/0 completed (2012-11-05 12:55:04)
Registration for worker at rmi://ip-10-32-50-215.eu-west-1.compute.internal:52020/2 completed (2012-11-05 12:55:05)
Registration for worker at rmi://ip-10-32-50-215.eu-west-1.compute.internal:52020/0 completed (2012-11-05 12:55:05)
Registration for worker at rmi://ip-10-32-50-215.eu-west-1.compute.internal:52020/6 completed (2012-11-05 12:55:05)
Registration for worker at rmi://ip-10-32-50-215.eu-west-1.compute.internal:52020/3 completed (2012-11-05 12:55:05)
Registration for worker at rmi://ip-10-32-50-215.eu-west-1.compute.internal:52020/4 completed (2012-11-05 12:55:05)
Registration for worker at rmi://ip-10-32-50-215.eu-west-1.compute.internal:52020/1 completed (2012-11-05 12:55:05)
Registration for worker at rmi://ip-10-32-50-215.eu-west-1.compute.internal:52020/5 completed (2012-11-05 12:55:05)
Registration for worker at rmi://ip-10-32-50-215.eu-west-1.compute.internal:52020/7 completed (2012-11-05 12:55:05)
Registration for worker at rmi://ip-10-32-54-102.eu-west-1.compute.internal:39041/6 completed (2012-11-05 12:55:05)
Registration for worker at rmi://ip-10-32-54-102.eu-west-1.compute.internal:39041/7 completed (2012-11-05 12:55:05)
Registration for worker at rmi://ip-10-32-54-102.eu-west-1.compute.internal:39041/1 completed (2012-11-05 12:55:05)
Registration for worker at rmi://ip-10-32-54-102.eu-west-1.compute.internal:39041/4 completed (2012-11-05 12:55:05)
Registration for worker at rmi://ip-10-32-54-102.eu-west-1.compute.internal:39041/0 completed (2012-11-05 12:55:05)
Registration for worker at rmi://ip-10-32-54-102.eu-west-1.compute.internal:39041/5 completed (2012-11-05 12:55:05)
Registration for worker at rmi://ip-10-32-54-102.eu-west-1.compute.internal:39041/2 completed (2012-11-05 12:55:05)
Registration for worker at rmi://ip-10-32-54-16.eu-west-1.compute.internal:34743/2 completed (2012-11-05 12:55:05)
Registration for worker at rmi://ip-10-32-54-16.eu-west-1.compute.internal:34743/1 completed (2012-11-05 12:55:05)
Registration for worker at rmi://ip-10-32-54-16.eu-west-1.compute.internal:34743/7 completed (2012-11-05 12:55:05)
Registration for worker at rmi://ip-10-32-54-16.eu-west-1.compute.internal:34743/6 completed (2012-11-05 12:55:05)
Registration for worker at rmi://ip-10-32-54-16.eu-west-1.compute.internal:34743/0 completed (2012-11-05 12:55:05)
Registration for worker at rmi://ip-10-32-54-224.eu-west-1.compute.internal:47609/1 completed (2012-11-05 12:55:05)
Registration for worker at rmi://ip-10-32-54-224.eu-west-1.compute.internal:47609/7 completed (2012-11-05 12:55:05)
Registration for worker at rmi://ip-10-32-54-224.eu-west-1.compute.internal:47609/0 completed (2012-11-05 12:55:05)
Registration for worker at rmi://ip-10-32-54-224.eu-west-1.compute.internal:47609/2 completed (2012-11-05 12:55:05)
Registration for worker at rmi://ip-10-32-54-77.eu-west-1.compute.internal:52628/3 completed (2012-11-05 12:55:05)
Registration for worker at rmi://ip-10-32-54-77.eu-west-1.compute.internal:52628/2 completed (2012-11-05 12:55:05)
Registration for worker at rmi://ip-10-32-54-77.eu-west-1.compute.internal:52628/5 completed (2012-11-05 12:55:05)
Registration for worker at rmi://ip-10-32-54-77.eu-west-1.compute.internal:52628/7 completed (2012-11-05 12:55:05)
Registration for worker at rmi://ip-10-32-54-77.eu-west-1.compute.internal:52628/1 completed (2012-11-05 12:55:05)
Registration for worker at rmi://ip-10-32-54-77.eu-west-1.compute.internal:52628/6 completed (2012-11-05 12:55:05)
Registration for worker at rmi://ip-10-32-54-77.eu-west-1.compute.internal:52628/0 completed (2012-11-05 12:55:05)
Registration for worker at rmi://ip-10-32-54-77.eu-west-1.compute.internal:52628/4 completed (2012-11-05 12:55:05)
Registration for worker at rmi://ip-10-32-41-198.eu-west-1.compute.internal:39562/1 completed (2012-11-05 12:55:05)
Registration for worker at rmi://ip-10-32-54-104.eu-west-1.compute.internal:60734/3 completed (2012-11-05 12:55:05)
Registration for worker at rmi://ip-10-32-54-104.eu-west-1.compute.internal:60734/4 completed (2012-11-05 12:55:05)
Registration for worker at rmi://ip-10-32-54-104.eu-west-1.compute.internal:60734/5 completed (2012-11-05 12:55:05)
Registration for worker at rmi://ip-10-32-54-104.eu-west-1.compute.internal:60734/7 completed (2012-11-05 12:55:05)
Registration for worker at rmi://ip-10-32-54-104.eu-west-1.compute.internal:60734/1 completed (2012-11-05 12:55:05)
Registration for worker at rmi://ip-10-32-54-104.eu-west-1.compute.internal:60734/0 completed (2012-11-05 12:55:05)
Registration for worker at rmi://ip-10-32-54-104.eu-west-1.compute.internal:60734/2 completed (2012-11-05 12:55:05)
Registration for worker at rmi://ip-10-32-54-104.eu-west-1.compute.internal:60734/6 completed (2012-11-05 12:55:05)
Registration for worker at rmi://ip-10-32-41-247.eu-west-1.compute.internal:45406/7 completed (2012-11-05 12:55:05)
Registration for worker at rmi://ip-10-32-41-247.eu-west-1.compute.internal:45406/5 completed (2012-11-05 12:55:05)
Registration for worker at rmi://ip-10-32-41-247.eu-west-1.compute.internal:45406/2 completed (2012-11-05 12:55:05)
Registration for worker at rmi://ip-10-32-49-71.eu-west-1.compute.internal:58351/7 completed (2012-11-05 12:55:05)
Registration for worker at rmi://ip-10-32-41-247.eu-west-1.compute.internal:45406/3 completed (2012-11-05 12:55:05)
Registration for worker at rmi://ip-10-32-41-247.eu-west-1.compute.internal:45406/1 completed (2012-11-05 12:55:05)
Registration for worker at rmi://ip-10-32-41-247.eu-west-1.compute.internal:45406/4 completed (2012-11-05 12:55:05)
Registration for worker at rmi://ip-10-32-41-247.eu-west-1.compute.internal:45406/6 completed (2012-11-05 12:55:05)
Registration for worker at rmi://ip-10-32-49-71.eu-west-1.compute.internal:58351/2 completed (2012-11-05 12:55:05)
Registration for worker at rmi://ip-10-32-49-71.eu-west-1.compute.internal:58351/3 completed (2012-11-05 12:55:05)
Registration for worker at rmi://ip-10-32-49-71.eu-west-1.compute.internal:58351/1 completed (2012-11-05 12:55:05)
Registration for worker at rmi://ip-10-32-49-71.eu-west-1.compute.internal:58351/4 completed (2012-11-05 12:55:05)
Registration for worker at rmi://ip-10-32-49-71.eu-west-1.compute.internal:58351/6 completed (2012-11-05 12:55:05)
Registration for worker at rmi://ip-10-32-49-71.eu-west-1.compute.internal:58351/5 completed (2012-11-05 12:55:05)
Registration for worker at rmi://ip-10-32-49-71.eu-west-1.compute.internal:58351/0 completed (2012-11-05 12:55:05)
Registration for worker at rmi://ip-10-32-41-247.eu-west-1.compute.internal:45406/0 completed (2012-11-05 12:55:05)
Registration for worker at rmi://ip-10-32-49-151.eu-west-1.compute.internal:40332/5 completed (2012-11-05 12:55:05)
Registration for worker at rmi://ip-10-32-49-151.eu-west-1.compute.internal:40332/2 completed (2012-11-05 12:55:05)
Registration for worker at rmi://ip-10-32-49-151.eu-west-1.compute.internal:40332/6 completed (2012-11-05 12:55:05)
Registration for worker at rmi://ip-10-32-49-151.eu-west-1.compute.internal:40332/0 completed (2012-11-05 12:55:05)
Registration for worker at rmi://ip-10-32-49-151.eu-west-1.compute.internal:40332/7 completed (2012-11-05 12:55:05)
Registration for worker at rmi://ip-10-32-49-151.eu-west-1.compute.internal:40332/4 completed (2012-11-05 12:55:05)
Registration for worker at rmi://ip-10-32-49-151.eu-west-1.compute.internal:40332/3 completed (2012-11-05 12:55:05)
Registration for worker at rmi://ip-10-32-49-151.eu-west-1.compute.internal:40332/1 completed (2012-11-05 12:55:05)
Registration for worker at rmi://ip-10-32-54-157.eu-west-1.compute.internal:46088/5 completed (2012-11-05 12:55:05)
Registration for worker at rmi://ip-10-32-54-157.eu-west-1.compute.internal:46088/0 completed (2012-11-05 12:55:05)
Registration for worker at rmi://ip-10-32-54-157.eu-west-1.compute.internal:46088/2 completed (2012-11-05 12:55:05)
Registration for worker at rmi://ip-10-32-54-157.eu-west-1.compute.internal:46088/3 completed (2012-11-05 12:55:05)
Registration for worker at rmi://ip-10-32-54-157.eu-west-1.compute.internal:46088/4 completed (2012-11-05 12:55:05)
Registration for worker at rmi://ip-10-32-54-157.eu-west-1.compute.internal:46088/7 completed (2012-11-05 12:55:05)
Registration for worker at rmi://ip-10-32-54-157.eu-west-1.compute.internal:46088/6 completed (2012-11-05 12:55:05)
Registration for worker at rmi://ip-10-32-54-157.eu-west-1.compute.internal:46088/1 completed (2012-11-05 12:55:05)
Registration for worker at rmi://ip-10-32-49-69.eu-west-1.compute.internal:52505/6 completed (2012-11-05 12:55:05)
Registration for worker at rmi://ip-10-32-49-69.eu-west-1.compute.internal:52505/2 completed (2012-11-05 12:55:05)
Registration for worker at rmi://ip-10-32-49-69.eu-west-1.compute.internal:52505/4 completed (2012-11-05 12:55:05)
Registration for worker at rmi://ip-10-32-49-69.eu-west-1.compute.internal:52505/0 completed (2012-11-05 12:55:05)
Registration for worker at rmi://ip-10-32-49-69.eu-west-1.compute.internal:52505/5 completed (2012-11-05 12:55:05)
Registration for worker at rmi://ip-10-32-49-69.eu-west-1.compute.internal:52505/1 completed (2012-11-05 12:55:05)
Registration for worker at rmi://ip-10-32-49-69.eu-west-1.compute.internal:52505/3 completed (2012-11-05 12:55:05)
Registration for worker at rmi://ip-10-32-49-69.eu-west-1.compute.internal:52505/7 completed (2012-11-05 12:55:05)
Registration for worker at rmi://ip-10-32-54-87.eu-west-1.compute.internal:55592/3 completed (2012-11-05 12:55:05)
Registration for worker at rmi://ip-10-32-54-87.eu-west-1.compute.internal:55592/1 completed (2012-11-05 12:55:05)
Registration for worker at rmi://ip-10-32-54-87.eu-west-1.compute.internal:55592/2 completed (2012-11-05 12:55:05)
Registration for worker at rmi://ip-10-32-54-87.eu-west-1.compute.internal:55592/7 completed (2012-11-05 12:55:05)
Registration for worker at rmi://ip-10-32-54-87.eu-west-1.compute.internal:55592/4 completed (2012-11-05 12:55:05)
Registration for worker at rmi://ip-10-32-54-87.eu-west-1.compute.internal:55592/5 completed (2012-11-05 12:55:05)
Registration for worker at rmi://ip-10-32-54-87.eu-west-1.compute.internal:55592/0 completed (2012-11-05 12:55:05)
Registration for worker at rmi://ip-10-32-54-87.eu-west-1.compute.internal:55592/6 completed (2012-11-05 12:55:05)
Registration for worker at rmi://ip-10-32-50-44.eu-west-1.compute.internal:57154/2 completed (2012-11-05 12:55:06)
Registration for worker at rmi://ip-10-32-50-44.eu-west-1.compute.internal:57154/4 completed (2012-11-05 12:55:06)
Registration for worker at rmi://ip-10-32-50-44.eu-west-1.compute.internal:57154/7 completed (2012-11-05 12:55:06)
Registration for worker at rmi://ip-10-32-50-44.eu-west-1.compute.internal:57154/0 completed (2012-11-05 12:55:06)
Registration for worker at rmi://ip-10-32-50-44.eu-west-1.compute.internal:57154/1 completed (2012-11-05 12:55:06)
Registration for worker at rmi://ip-10-32-50-44.eu-west-1.compute.internal:57154/6 completed (2012-11-05 12:55:06)
Registration for worker at rmi://ip-10-32-50-44.eu-west-1.compute.internal:57154/3 completed (2012-11-05 12:55:06)
Registration for worker at rmi://ip-10-32-50-44.eu-west-1.compute.internal:57154/5 completed (2012-11-05 12:55:06)
Progress(27) at 2012-11-05 12:55:51: 31638633 states generated (31,638,633 s/min), 5185914 distinct states found (5,185,914 ds/min), 1878933 states left on queue.
Progress(33) at 2012-11-05 12:56:51: 84232062 states generated (52,593,429 s/min), 11263505 distinct states found (6,077,591 ds/min), 2141867 states left on queue.
Progress(44) at 2012-11-05 12:57:51: 137559581 states generated (53,327,519 s/min), 16032697 distinct states found (4,769,192 ds/min), 841074 states left on queue.
Worker: rmi://ip-10-32-54-102.eu-west-1.compute.internal:39041/6 Sent: 125511 Rcvd: 85656 CacheRatio: 0.03 (2012-11-05 12:58:05)
Worker: rmi://ip-10-32-54-205.eu-west-1.compute.internal:60939/3 Sent: 122676 Rcvd: 119030 CacheRatio: 0.02 (2012-11-05 12:58:05)
Worker: rmi://ip-10-32-50-215.eu-west-1.compute.internal:52020/0 Sent: 126898 Rcvd: 165009 CacheRatio: 0.03 (2012-11-05 12:58:05)
Worker: rmi://ip-10-32-54-104.eu-west-1.compute.internal:60734/4 Sent: 127211 Rcvd: 145789 CacheRatio: 0.02 (2012-11-05 12:58:05)
Worker: rmi://ip-10-32-50-215.eu-west-1.compute.internal:52020/4 Sent: 126723 Rcvd: 132515 CacheRatio: 0.03 (2012-11-05 12:58:06)
Worker: rmi://ip-10-32-41-247.eu-west-1.compute.internal:45406/6 Sent: 117310 Rcvd: 200184 CacheRatio: 0.03 (2012-11-05 12:58:06)
Worker: rmi://ip-10-32-41-198.eu-west-1.compute.internal:39562/5 Sent: 128513 Rcvd: 201687 CacheRatio: 0.03 (2012-11-05 12:58:06)
Worker: rmi://ip-10-32-54-224.eu-west-1.compute.internal:47609/7 Sent: 136206 Rcvd: 243894 CacheRatio: 0.03 (2012-11-05 12:58:06)
Worker: rmi://ip-10-32-50-178.eu-west-1.compute.internal:52165/7 Sent: 123413 Rcvd: 87456 CacheRatio: 0.03 (2012-11-05 12:58:06)
Worker: rmi://ip-10-32-54-104.eu-west-1.compute.internal:60734/5 Sent: 126785 Rcvd: 130617 CacheRatio: 0.03 (2012-11-05 12:58:06)
Worker: rmi://ip-10-32-54-102.eu-west-1.compute.internal:39041/2 Sent: 125940 Rcvd: 91818 CacheRatio: 0.03 (2012-11-05 12:58:06)
Worker: rmi://ip-10-32-41-198.eu-west-1.compute.internal:39562/2 Sent: 128358 Rcvd: 169707 CacheRatio: 0.03 (2012-11-05 12:58:06)
Worker: rmi://ip-10-32-54-87.eu-west-1.compute.internal:55592/6 Sent: 125494 Rcvd: 117450 CacheRatio: 0.03 (2012-11-05 12:58:06)
Worker: rmi://ip-10-32-54-77.eu-west-1.compute.internal:52628/0 Sent: 119401 Rcvd: 122948 CacheRatio: 0.03 (2012-11-05 12:58:06)
Worker: rmi://ip-10-32-50-178.eu-west-1.compute.internal:52165/6 Sent: 123127 Rcvd: 90231 CacheRatio: 0.03 (2012-11-05 12:58:06)
Worker: rmi://ip-10-32-54-104.eu-west-1.compute.internal:60734/7 Sent: 128440 Rcvd: 167964 CacheRatio: 0.03 (2012-11-05 12:58:06)
Worker: rmi://ip-10-32-54-26.eu-west-1.compute.internal:49647/6 Sent: 125136 Rcvd: 128996 CacheRatio: 0.03 (2012-11-05 12:58:06)
Worker: rmi://ip-10-32-54-205.eu-west-1.compute.internal:60939/6 Sent: 122953 Rcvd: 141059 CacheRatio: 0.03 (2012-11-05 12:58:06)
Worker: rmi://ip-10-32-49-71.eu-west-1.compute.internal:58351/7 Sent: 124024 Rcvd: 129915 CacheRatio: 0.03 (2012-11-05 12:58:06)
Worker: rmi://ip-10-32-50-44.eu-west-1.compute.internal:57154/4 Sent: 124706 Rcvd: 134420 CacheRatio: 0.03 (2012-11-05 12:58:06)
Worker: rmi://ip-10-32-54-102.eu-west-1.compute.internal:39041/1 Sent: 117951 Rcvd: 72680 CacheRatio: 0.03 (2012-11-05 12:58:06)
Worker: rmi://ip-10-32-54-102.eu-west-1.compute.internal:39041/4 Sent: 124779 Rcvd: 111901 CacheRatio: 0.03 (2012-11-05 12:58:06)
Worker: rmi://ip-10-32-50-215.eu-west-1.compute.internal:52020/1 Sent: 125384 Rcvd: 134679 CacheRatio: 0.03 (2012-11-05 12:58:06)
Worker: rmi://ip-10-32-54-157.eu-west-1.compute.internal:46088/5 Sent: 127748 Rcvd: 144145 CacheRatio: 0.03 (2012-11-05 12:58:06)
Worker: rmi://ip-10-32-49-71.eu-west-1.compute.internal:58351/6 Sent: 125682 Rcvd: 87417 CacheRatio: 0.03 (2012-11-05 12:58:06)
Worker: rmi://ip-10-32-54-205.eu-west-1.compute.internal:60939/1 Sent: 124929 Rcvd: 108307 CacheRatio: 0.03 (2012-11-05 12:58:06)
Worker: rmi://ip-10-32-50-44.eu-west-1.compute.internal:57154/5 Sent: 125321 Rcvd: 141242 CacheRatio: 0.03 (2012-11-05 12:58:06)
Worker: rmi://ip-10-32-41-247.eu-west-1.compute.internal:45406/7 Sent: 119843 Rcvd: 158720 CacheRatio: 0.03 (2012-11-05 12:58:06)
Worker: rmi://ip-10-32-50-44.eu-west-1.compute.internal:57154/7 Sent: 125740 Rcvd: 152150 CacheRatio: 0.03 (2012-11-05 12:58:06)
Worker: rmi://ip-10-32-54-77.eu-west-1.compute.internal:52628/7 Sent: 117365 Rcvd: 134520 CacheRatio: 0.02 (2012-11-05 12:58:06)
Worker: rmi://ip-10-32-54-157.eu-west-1.compute.internal:46088/3 Sent: 129933 Rcvd: 179228 CacheRatio: 0.03 (2012-11-05 12:58:06)
Worker: rmi://ip-10-32-54-16.eu-west-1.compute.internal:34743/2 Sent: 135228 Rcvd: 218038 CacheRatio: 0.03 (2012-11-05 12:58:06)
Worker: rmi://ip-10-32-54-26.eu-west-1.compute.internal:49647/3 Sent: 124747 Rcvd: 147004 CacheRatio: 0.02 (2012-11-05 12:58:06)
Worker: rmi://ip-10-32-54-224.eu-west-1.compute.internal:47609/2 Sent: 134576 Rcvd: 194163 CacheRatio: 0.03 (2012-11-05 12:58:06)
Worker: rmi://ip-10-32-54-205.eu-west-1.compute.internal:60939/7 Sent: 124367 Rcvd: 103781 CacheRatio: 0.03 (2012-11-05 12:58:06)
Worker: rmi://ip-10-32-49-69.eu-west-1.compute.internal:52505/2 Sent: 121624 Rcvd: 60187 CacheRatio: 0.03 (2012-11-05 12:58:06)
Worker: rmi://ip-10-32-54-157.eu-west-1.compute.internal:46088/6 Sent: 129530 Rcvd: 191669 CacheRatio: 0.03 (2012-11-05 12:58:06)
Worker: rmi://ip-10-32-49-69.eu-west-1.compute.internal:52505/4 Sent: 119962 Rcvd: 71676 CacheRatio: 0.03 (2012-11-05 12:58:06)
Worker: rmi://ip-10-32-54-102.eu-west-1.compute.internal:39041/0 Sent: 123103 Rcvd: 87374 CacheRatio: 0.03 (2012-11-05 12:58:06)
Worker: rmi://ip-10-32-41-198.eu-west-1.compute.internal:39562/3 Sent: 129433 Rcvd: 139083 CacheRatio: 0.02 (2012-11-05 12:58:06)
Worker: rmi://ip-10-32-50-44.eu-west-1.compute.internal:57154/2 Sent: 124820 Rcvd: 148653 CacheRatio: 0.03 (2012-11-05 12:58:06)
Worker: rmi://ip-10-32-50-215.eu-west-1.compute.internal:52020/3 Sent: 126627 Rcvd: 159398 CacheRatio: 0.03 (2012-11-05 12:58:06)
Worker: rmi://ip-10-32-41-198.eu-west-1.compute.internal:39562/0 Sent: 128680 Rcvd: 199560 CacheRatio: 0.03 (2012-11-05 12:58:06)
Worker: rmi://ip-10-32-54-77.eu-west-1.compute.internal:52628/6 Sent: 118633 Rcvd: 118399 CacheRatio: 0.03 (2012-11-05 12:58:06)
Worker: rmi://ip-10-32-54-104.eu-west-1.compute.internal:60734/6 Sent: 127961 Rcvd: 136455 CacheRatio: 0.03 (2012-11-05 12:58:06)
Worker: rmi://ip-10-32-50-44.eu-west-1.compute.internal:57154/6 Sent: 124245 Rcvd: 144817 CacheRatio: 0.03 (2012-11-05 12:58:06)
Worker: rmi://ip-10-32-54-77.eu-west-1.compute.internal:52628/2 Sent: 117383 Rcvd: 112559 CacheRatio: 0.03 (2012-11-05 12:58:06)
Worker: rmi://ip-10-32-54-77.eu-west-1.compute.internal:52628/4 Sent: 117577 Rcvd: 120090 CacheRatio: 0.03 (2012-11-05 12:58:06)
Worker: rmi://ip-10-32-50-178.eu-west-1.compute.internal:52165/3 Sent: 122452 Rcvd: 79096 CacheRatio: 0.02 (2012-11-05 12:58:06)
Worker: rmi://ip-10-32-54-157.eu-west-1.compute.internal:46088/7 Sent: 127759 Rcvd: 176223 CacheRatio: 0.03 (2012-11-05 12:58:06)
Worker: rmi://ip-10-32-49-151.eu-west-1.compute.internal:40332/3 Sent: 124228 Rcvd: 138822 CacheRatio: 0.03 (2012-11-05 12:58:06)
Worker: rmi://ip-10-32-53-250.eu-west-1.compute.internal:32893/3 Sent: 124873 Rcvd: 177116 CacheRatio: 0.03 (2012-11-05 12:58:06)
Worker: rmi://ip-10-32-41-247.eu-west-1.compute.internal:45406/3 Sent: 120072 Rcvd: 132508 CacheRatio: 0.03 (2012-11-05 12:58:06)
Worker: rmi://ip-10-32-54-104.eu-west-1.compute.internal:60734/3 Sent: 127150 Rcvd: 148282 CacheRatio: 0.03 (2012-11-05 12:58:06)
Worker: rmi://ip-10-32-49-71.eu-west-1.compute.internal:58351/3 Sent: 124315 Rcvd: 132000 CacheRatio: 0.03 (2012-11-05 12:58:06)
Worker: rmi://ip-10-32-41-247.eu-west-1.compute.internal:45406/1 Sent: 121432 Rcvd: 112693 CacheRatio: 0.04 (2012-11-05 12:58:06)
Worker: rmi://ip-10-32-49-69.eu-west-1.compute.internal:52505/1 Sent: 119235 Rcvd: 74564 CacheRatio: 0.03 (2012-11-05 12:58:06)
Worker: rmi://ip-10-32-54-26.eu-west-1.compute.internal:49647/1 Sent: 126094 Rcvd: 168848 CacheRatio: 0.03 (2012-11-05 12:58:06)
Worker: rmi://ip-10-32-54-26.eu-west-1.compute.internal:49647/5 Sent: 126025 Rcvd: 112838 CacheRatio: 0.03 (2012-11-05 12:58:06)
Worker: rmi://ip-10-32-49-69.eu-west-1.compute.internal:52505/0 Sent: 120151 Rcvd: 66050 CacheRatio: 0.03 (2012-11-05 12:58:06)
Worker: rmi://ip-10-32-41-247.eu-west-1.compute.internal:45406/4 Sent: 118266 Rcvd: 111319 CacheRatio: 0.03 (2012-11-05 12:58:06)
Worker: rmi://ip-10-32-49-69.eu-west-1.compute.internal:52505/5 Sent: 119401 Rcvd: 71713 CacheRatio: 0.03 (2012-11-05 12:58:06)
Worker: rmi://ip-10-32-54-224.eu-west-1.compute.internal:47609/0 Sent: 134953 Rcvd: 204853 CacheRatio: 0.03 (2012-11-05 12:58:06)
Worker: rmi://ip-10-32-54-26.eu-west-1.compute.internal:49647/4 Sent: 125867 Rcvd: 130938 CacheRatio: 0.03 (2012-11-05 12:58:06)
Worker: rmi://ip-10-32-54-87.eu-west-1.compute.internal:55592/1 Sent: 125206 Rcvd: 96555 CacheRatio: 0.03 (2012-11-05 12:58:06)
Worker: rmi://ip-10-32-49-69.eu-west-1.compute.internal:52505/3 Sent: 120529 Rcvd: 82344 CacheRatio: 0.03 (2012-11-05 12:58:06)
Worker: rmi://ip-10-32-41-247.eu-west-1.compute.internal:45406/5 Sent: 120836 Rcvd: 111311 CacheRatio: 0.03 (2012-11-05 12:58:06)
Worker: rmi://ip-10-32-54-157.eu-west-1.compute.internal:46088/1 Sent: 128443 Rcvd: 167730 CacheRatio: 0.03 (2012-11-05 12:58:06)
Worker: rmi://ip-10-32-50-44.eu-west-1.compute.internal:57154/1 Sent: 124529 Rcvd: 137109 CacheRatio: 0.02 (2012-11-05 12:58:06)
Worker: rmi://ip-10-32-49-151.eu-west-1.compute.internal:40332/0 Sent: 126613 Rcvd: 141756 CacheRatio: 0.03 (2012-11-05 12:58:06)
Worker: rmi://ip-10-32-49-151.eu-west-1.compute.internal:40332/2 Sent: 125178 Rcvd: 120917 CacheRatio: 0.03 (2012-11-05 12:58:06)
Worker: rmi://ip-10-32-49-71.eu-west-1.compute.internal:58351/5 Sent: 124650 Rcvd: 101642 CacheRatio: 0.03 (2012-11-05 12:58:06)
Worker: rmi://ip-10-32-50-178.eu-west-1.compute.internal:52165/0 Sent: 122017 Rcvd: 88068 CacheRatio: 0.03 (2012-11-05 12:58:06)
Worker: rmi://ip-10-32-49-151.eu-west-1.compute.internal:40332/7 Sent: 126392 Rcvd: 133944 CacheRatio: 0.03 (2012-11-05 12:58:06)
Worker: rmi://ip-10-32-50-44.eu-west-1.compute.internal:57154/3 Sent: 123597 Rcvd: 128089 CacheRatio: 0.04 (2012-11-05 12:58:06)
Worker: rmi://ip-10-32-54-87.eu-west-1.compute.internal:55592/7 Sent: 125613 Rcvd: 124130 CacheRatio: 0.03 (2012-11-05 12:58:06)
Worker: rmi://ip-10-32-54-77.eu-west-1.compute.internal:52628/3 Sent: 119093 Rcvd: 112369 CacheRatio: 0.03 (2012-11-05 12:58:06)
Worker: rmi://ip-10-32-41-198.eu-west-1.compute.internal:39562/4 Sent: 129076 Rcvd: 176685 CacheRatio: 0.03 (2012-11-05 12:58:06)
Worker: rmi://ip-10-32-53-250.eu-west-1.compute.internal:32893/5 Sent: 128382 Rcvd: 141856 CacheRatio: 0.03 (2012-11-05 12:58:06)
Worker: rmi://ip-10-32-49-151.eu-west-1.compute.internal:40332/5 Sent: 126029 Rcvd: 142020 CacheRatio: 0.02 (2012-11-05 12:58:06)
Worker: rmi://ip-10-32-54-16.eu-west-1.compute.internal:34743/7 Sent: 132695 Rcvd: 219281 CacheRatio: 0.03 (2012-11-05 12:58:06)
Worker: rmi://ip-10-32-49-151.eu-west-1.compute.internal:40332/6 Sent: 125149 Rcvd: 147152 CacheRatio: 0.03 (2012-11-05 12:58:06)
Worker: rmi://ip-10-32-41-198.eu-west-1.compute.internal:39562/6 Sent: 130178 Rcvd: 151481 CacheRatio: 0.03 (2012-11-05 12:58:06)
Worker: rmi://ip-10-32-54-205.eu-west-1.compute.internal:60939/2 Sent: 124117 Rcvd: 117498 CacheRatio: 0.03 (2012-11-05 12:58:06)
Worker: rmi://ip-10-32-54-77.eu-west-1.compute.internal:52628/1 Sent: 119335 Rcvd: 124121 CacheRatio: 0.02 (2012-11-05 12:58:06)
Worker: rmi://ip-10-32-54-87.eu-west-1.compute.internal:55592/0 Sent: 126321 Rcvd: 139717 CacheRatio: 0.03 (2012-11-05 12:58:06)
Worker: rmi://ip-10-32-41-247.eu-west-1.compute.internal:45406/0 Sent: 116666 Rcvd: 116800 CacheRatio: 0.03 (2012-11-05 12:58:06)
Worker: rmi://ip-10-32-53-250.eu-west-1.compute.internal:32893/1 Sent: 128307 Rcvd: 184967 CacheRatio: 0.03 (2012-11-05 12:58:06)
Worker: rmi://ip-10-32-49-71.eu-west-1.compute.internal:58351/0 Sent: 127144 Rcvd: 93989 CacheRatio: 0.03 (2012-11-05 12:58:06)
Worker: rmi://ip-10-32-53-250.eu-west-1.compute.internal:32893/6 Sent: 128207 Rcvd: 161663 CacheRatio: 0.03 (2012-11-05 12:58:06)
Worker: rmi://ip-10-32-49-151.eu-west-1.compute.internal:40332/1 Sent: 123470 Rcvd: 116915 CacheRatio: 0.03 (2012-11-05 12:58:06)
Worker: rmi://ip-10-32-53-250.eu-west-1.compute.internal:32893/4 Sent: 128200 Rcvd: 179135 CacheRatio: 0.03 (2012-11-05 12:58:06)
Worker: rmi://ip-10-32-54-26.eu-west-1.compute.internal:49647/2 Sent: 124577 Rcvd: 111792 CacheRatio: 0.03 (2012-11-05 12:58:06)
Worker: rmi://ip-10-32-50-215.eu-west-1.compute.internal:52020/6 Sent: 127076 Rcvd: 151705 CacheRatio: 0.03 (2012-11-05 12:58:06)
Worker: rmi://ip-10-32-54-157.eu-west-1.compute.internal:46088/4 Sent: 122651 Rcvd: 125143 CacheRatio: 0.03 (2012-11-05 12:58:06)
Worker: rmi://ip-10-32-41-198.eu-west-1.compute.internal:39562/1 Sent: 129043 Rcvd: 188856 CacheRatio: 0.03 (2012-11-05 12:58:06)
Worker: rmi://ip-10-32-54-26.eu-west-1.compute.internal:49647/7 Sent: 125802 Rcvd: 118492 CacheRatio: 0.03 (2012-11-05 12:58:06)
Worker: rmi://ip-10-32-54-104.eu-west-1.compute.internal:60734/0 Sent: 127175 Rcvd: 144493 CacheRatio: 0.03 (2012-11-05 12:58:06)
Worker: rmi://ip-10-32-54-102.eu-west-1.compute.internal:39041/7 Sent: 125332 Rcvd: 110982 CacheRatio: 0.03 (2012-11-05 12:58:06)
Worker: rmi://ip-10-32-54-205.eu-west-1.compute.internal:60939/5 Sent: 124554 Rcvd: 140655 CacheRatio: 0.03 (2012-11-05 12:58:06)
Worker: rmi://ip-10-32-54-87.eu-west-1.compute.internal:55592/3 Sent: 123499 Rcvd: 130807 CacheRatio: 0.03 (2012-11-05 12:58:06)
Worker: rmi://ip-10-32-50-215.eu-west-1.compute.internal:52020/2 Sent: 127062 Rcvd: 146821 CacheRatio: 0.03 (2012-11-05 12:58:06)
Worker: rmi://ip-10-32-54-87.eu-west-1.compute.internal:55592/4 Sent: 125739 Rcvd: 114822 CacheRatio: 0.03 (2012-11-05 12:58:06)
Worker: rmi://ip-10-32-54-87.eu-west-1.compute.internal:55592/2 Sent: 124983 Rcvd: 153522 CacheRatio: 0.03 (2012-11-05 12:58:06)
Worker: rmi://ip-10-32-54-157.eu-west-1.compute.internal:46088/2 Sent: 127591 Rcvd: 169081 CacheRatio: 0.03 (2012-11-05 12:58:06)
Worker: rmi://ip-10-32-54-157.eu-west-1.compute.internal:46088/0 Sent: 128520 Rcvd: 181006 CacheRatio: 0.03 (2012-11-05 12:58:06)
Worker: rmi://ip-10-32-50-178.eu-west-1.compute.internal:52165/4 Sent: 122925 Rcvd: 89966 CacheRatio: 0.03 (2012-11-05 12:58:06)
Worker: rmi://ip-10-32-54-16.eu-west-1.compute.internal:34743/0 Sent: 132315 Rcvd: 216564 CacheRatio: 0.03 (2012-11-05 12:58:06)
Worker: rmi://ip-10-32-49-151.eu-west-1.compute.internal:40332/4 Sent: 127421 Rcvd: 125181 CacheRatio: 0.03 (2012-11-05 12:58:06)
Worker: rmi://ip-10-32-54-77.eu-west-1.compute.internal:52628/5 Sent: 119406 Rcvd: 111020 CacheRatio: 0.03 (2012-11-05 12:58:06)
Worker: rmi://ip-10-32-54-102.eu-west-1.compute.internal:39041/5 Sent: 123185 Rcvd: 91953 CacheRatio: 0.03 (2012-11-05 12:58:06)
Worker: rmi://ip-10-32-41-247.eu-west-1.compute.internal:45406/2 Sent: 120728 Rcvd: 127175 CacheRatio: 0.03 (2012-11-05 12:58:06)
Worker: rmi://ip-10-32-54-224.eu-west-1.compute.internal:47609/1 Sent: 135882 Rcvd: 242065 CacheRatio: 0.03 (2012-11-05 12:58:06)
Worker: rmi://ip-10-32-50-44.eu-west-1.compute.internal:57154/0 Sent: 125423 Rcvd: 135392 CacheRatio: 0.02 (2012-11-05 12:58:06)
Worker: rmi://ip-10-32-54-16.eu-west-1.compute.internal:34743/1 Sent: 131477 Rcvd: 223270 CacheRatio: 0.03 (2012-11-05 12:58:06)
Worker: rmi://ip-10-32-53-250.eu-west-1.compute.internal:32893/0 Sent: 126133 Rcvd: 135405 CacheRatio: 0.03 (2012-11-05 12:58:06)
Worker: rmi://ip-10-32-54-26.eu-west-1.compute.internal:49647/0 Sent: 124817 Rcvd: 125605 CacheRatio: 0.03 (2012-11-05 12:58:06)
Worker: rmi://ip-10-32-49-71.eu-west-1.compute.internal:58351/1 Sent: 124350 Rcvd: 97161 CacheRatio: 0.02 (2012-11-05 12:58:06)
Worker: rmi://ip-10-32-49-71.eu-west-1.compute.internal:58351/2 Sent: 125562 Rcvd: 120186 CacheRatio: 0.03 (2012-11-05 12:58:06)
Worker: rmi://ip-10-32-50-215.eu-west-1.compute.internal:52020/7 Sent: 124901 Rcvd: 186698 CacheRatio: 0.03 (2012-11-05 12:58:06)
Worker: rmi://ip-10-32-53-250.eu-west-1.compute.internal:32893/7 Sent: 127305 Rcvd: 195420 CacheRatio: 0.03 (2012-11-05 12:58:06)
Worker: rmi://ip-10-32-54-87.eu-west-1.compute.internal:55592/5 Sent: 125439 Rcvd: 116323 CacheRatio: 0.03 (2012-11-05 12:58:06)
Worker: rmi://ip-10-32-54-104.eu-west-1.compute.internal:60734/2 Sent: 125362 Rcvd: 147297 CacheRatio: 0.03 (2012-11-05 12:58:06)
Worker: rmi://ip-10-32-54-205.eu-west-1.compute.internal:60939/0 Sent: 124307 Rcvd: 122428 CacheRatio: 0.03 (2012-11-05 12:58:06)
Worker: rmi://ip-10-32-54-205.eu-west-1.compute.internal:60939/4 Sent: 123593 Rcvd: 106446 CacheRatio: 0.03 (2012-11-05 12:58:06)
Worker: rmi://ip-10-32-41-198.eu-west-1.compute.internal:39562/7 Sent: 129396 Rcvd: 189874 CacheRatio: 0.03 (2012-11-05 12:58:06)
Worker: rmi://ip-10-32-50-215.eu-west-1.compute.internal:52020/5 Sent: 126862 Rcvd: 149389 CacheRatio: 0.03 (2012-11-05 12:58:06)
Worker: rmi://ip-10-32-49-71.eu-west-1.compute.internal:58351/4 Sent: 124947 Rcvd: 81998 CacheRatio: 0.03 (2012-11-05 12:58:06)
Worker: rmi://ip-10-32-49-69.eu-west-1.compute.internal:52505/7 Sent: 119358 Rcvd: 65047 CacheRatio: 0.03 (2012-11-05 12:58:06)
Worker: rmi://ip-10-32-54-16.eu-west-1.compute.internal:34743/6 Sent: 132620 Rcvd: 228865 CacheRatio: 0.03 (2012-11-05 12:58:06)
Worker: rmi://ip-10-32-54-102.eu-west-1.compute.internal:39041/3 Sent: 124479 Rcvd: 119138 CacheRatio: 0.03 (2012-11-05 12:58:06)
Worker: rmi://ip-10-32-54-104.eu-west-1.compute.internal:60734/1 Sent: 128493 Rcvd: 153930 CacheRatio: 0.03 (2012-11-05 12:58:06)
Worker: rmi://ip-10-32-49-69.eu-west-1.compute.internal:52505/6 Sent: 119230 Rcvd: 73199 CacheRatio: 0.03 (2012-11-05 12:58:06)
Worker: rmi://ip-10-32-53-250.eu-west-1.compute.internal:32893/2 Sent: 127455 Rcvd: 147343 CacheRatio: 0.03 (2012-11-05 12:58:06)
Model checking completed. No error has been found.
  Estimates of the probability that TLC did not check all reachable states
  because two distinct states had the same fingerprint:
  calculated (optimistic):  val = 0.0
  based on the actual fingerprints:  val = 7.9E-11
150983475 states generated, 16777216 distinct states found, 0 states left on queue.
The depth of the complete state graph search is 51.
Finished. (2012-11-05 12:58:21)
ip-10-32-54-92, work completed. Thank you!
