Listening for transport dt_socket at address: 1044
TLC Server Version 2.05 of 24 October 2012
Parsing file /mnt/tlc/5868/spec/l10_n8.tla
Parsing file /mnt/tlc/5868/spec/GridPerformanceTest.tla
Parsing file /mnt/tlc/5868/tla/tla2sany/StandardModules/TLC.tla
Parsing file /mnt/tlc/5868/tla/tla2sany/StandardModules/Integers.tla
Parsing file /mnt/tlc/5868/tla/tla2sany/StandardModules/FiniteSets.tla
Parsing file /mnt/tlc/5868/tla/tla2sany/StandardModules/Naturals.tla
Parsing file /mnt/tlc/5868/tla/tla2sany/StandardModules/Sequences.tla
Semantic processing of module Naturals
Semantic processing of module Integers
Semantic processing of module Sequences
Semantic processing of module FiniteSets
Semantic processing of module GridPerformanceTest
Semantic processing of module TLC
Semantic processing of module l10_n8
Starting... (2012-11-05 13:55:35)
Computing initial states...
Finished computing initial states: 1 distinct state(s) generated.
TLC server at ip-10-32-42-250 is ready (2012-11-05 13:56:15)
Done waiting for FPSet server(s) (2012-11-05 13:56:15)
Registration for worker at rmi://ip-10-32-50-206.eu-west-1.compute.internal:37580/5 completed (2012-11-05 13:56:23)
Registration for worker at rmi://ip-10-33-145-9.eu-west-1.compute.internal:52153/2 completed (2012-11-05 13:56:23)
Registration for worker at rmi://ip-10-32-50-136.eu-west-1.compute.internal:44433/1 completed (2012-11-05 13:56:23)
Registration for worker at rmi://ip-10-32-50-136.eu-west-1.compute.internal:44433/3 completed (2012-11-05 13:56:23)
Registration for worker at rmi://ip-10-32-41-198.eu-west-1.compute.internal:38017/3 completed (2012-11-05 13:56:23)
Registration for worker at rmi://ip-10-32-49-231.eu-west-1.compute.internal:48081/0 completed (2012-11-05 13:56:23)
Registration for worker at rmi://ip-10-32-50-215.eu-west-1.compute.internal:57699/1 completed (2012-11-05 13:56:23)
Registration for worker at rmi://ip-10-32-50-215.eu-west-1.compute.internal:57699/0 completed (2012-11-05 13:56:23)
Registration for worker at rmi://ip-10-32-49-185.eu-west-1.compute.internal:46479/4 completed (2012-11-05 13:56:23)
Registration for worker at rmi://ip-10-32-49-185.eu-west-1.compute.internal:46479/7 completed (2012-11-05 13:56:23)
Registration for worker at rmi://ip-10-32-41-154.eu-west-1.compute.internal:47664/0 completed (2012-11-05 13:56:23)
Registration for worker at rmi://ip-10-32-50-136.eu-west-1.compute.internal:44433/6 completed (2012-11-05 13:56:23)
Registration for worker at rmi://ip-10-32-49-185.eu-west-1.compute.internal:46479/0 completed (2012-11-05 13:56:23)
Registration for worker at rmi://ip-10-32-49-185.eu-west-1.compute.internal:46479/5 completed (2012-11-05 13:56:23)
Registration for worker at rmi://ip-10-32-49-228.eu-west-1.compute.internal:47448/1 completed (2012-11-05 13:56:23)
Registration for worker at rmi://ip-10-32-49-228.eu-west-1.compute.internal:47448/3 completed (2012-11-05 13:56:23)
Registration for worker at rmi://ip-10-32-49-185.eu-west-1.compute.internal:46479/6 completed (2012-11-05 13:56:23)
Registration for worker at rmi://ip-10-32-49-228.eu-west-1.compute.internal:47448/4 completed (2012-11-05 13:56:23)
Registration for worker at rmi://ip-10-32-49-228.eu-west-1.compute.internal:47448/6 completed (2012-11-05 13:56:23)
Registration for worker at rmi://ip-10-32-49-228.eu-west-1.compute.internal:47448/5 completed (2012-11-05 13:56:23)
Registration for worker at rmi://ip-10-32-49-228.eu-west-1.compute.internal:47448/2 completed (2012-11-05 13:56:23)
Registration for worker at rmi://ip-10-32-49-228.eu-west-1.compute.internal:47448/7 completed (2012-11-05 13:56:23)
Registration for worker at rmi://ip-10-32-49-185.eu-west-1.compute.internal:46479/2 completed (2012-11-05 13:56:23)
Registration for worker at rmi://ip-10-33-145-9.eu-west-1.compute.internal:52153/3 completed (2012-11-05 13:56:23)
Registration for worker at rmi://ip-10-32-49-185.eu-west-1.compute.internal:46479/3 completed (2012-11-05 13:56:23)
Registration for worker at rmi://ip-10-33-145-9.eu-west-1.compute.internal:52153/1 completed (2012-11-05 13:56:23)
Registration for worker at rmi://ip-10-32-49-185.eu-west-1.compute.internal:46479/1 completed (2012-11-05 13:56:23)
Registration for worker at rmi://ip-10-32-41-154.eu-west-1.compute.internal:47664/7 completed (2012-11-05 13:56:23)
Registration for worker at rmi://ip-10-32-41-154.eu-west-1.compute.internal:47664/4 completed (2012-11-05 13:56:23)
Registration for worker at rmi://ip-10-32-49-228.eu-west-1.compute.internal:47448/0 completed (2012-11-05 13:56:23)
Registration for worker at rmi://ip-10-32-41-154.eu-west-1.compute.internal:47664/3 completed (2012-11-05 13:56:23)
Registration for worker at rmi://ip-10-32-50-215.eu-west-1.compute.internal:57699/4 completed (2012-11-05 13:56:23)
Registration for worker at rmi://ip-10-32-50-215.eu-west-1.compute.internal:57699/2 completed (2012-11-05 13:56:23)
Registration for worker at rmi://ip-10-32-50-215.eu-west-1.compute.internal:57699/7 completed (2012-11-05 13:56:23)
Registration for worker at rmi://ip-10-32-50-215.eu-west-1.compute.internal:57699/6 completed (2012-11-05 13:56:23)
Registration for worker at rmi://ip-10-32-50-215.eu-west-1.compute.internal:57699/3 completed (2012-11-05 13:56:23)
Registration for worker at rmi://ip-10-32-50-215.eu-west-1.compute.internal:57699/5 completed (2012-11-05 13:56:23)
Registration for worker at rmi://ip-10-32-50-138.eu-west-1.compute.internal:50873/0 completed (2012-11-05 13:56:23)
Registration for worker at rmi://ip-10-32-49-207.eu-west-1.compute.internal:59456/7 completed (2012-11-05 13:56:23)
Registration for worker at rmi://ip-10-32-49-167.eu-west-1.compute.internal:34239/5 completed (2012-11-05 13:56:24)
Registration for worker at rmi://ip-10-32-49-207.eu-west-1.compute.internal:59456/1 completed (2012-11-05 13:56:24)
Registration for worker at rmi://ip-10-32-49-167.eu-west-1.compute.internal:34239/0 completed (2012-11-05 13:56:24)
Registration for worker at rmi://ip-10-32-50-248.eu-west-1.compute.internal:42824/1 completed (2012-11-05 13:56:24)
Registration for worker at rmi://ip-10-32-49-167.eu-west-1.compute.internal:34239/6 completed (2012-11-05 13:56:24)
Registration for worker at rmi://ip-10-33-145-9.eu-west-1.compute.internal:52153/6 completed (2012-11-05 13:56:24)
Registration for worker at rmi://ip-10-33-145-20.eu-west-1.compute.internal:51163/0 completed (2012-11-05 13:56:24)
Registration for worker at rmi://ip-10-32-49-207.eu-west-1.compute.internal:59456/2 completed (2012-11-05 13:56:24)
Registration for worker at rmi://ip-10-32-49-207.eu-west-1.compute.internal:59456/0 completed (2012-11-05 13:56:24)
Registration for worker at rmi://ip-10-32-49-167.eu-west-1.compute.internal:34239/7 completed (2012-11-05 13:56:24)
Registration for worker at rmi://ip-10-32-49-207.eu-west-1.compute.internal:59456/3 completed (2012-11-05 13:56:24)
Registration for worker at rmi://ip-10-32-49-167.eu-west-1.compute.internal:34239/4 completed (2012-11-05 13:56:24)
Registration for worker at rmi://ip-10-32-49-167.eu-west-1.compute.internal:34239/3 completed (2012-11-05 13:56:24)
Registration for worker at rmi://ip-10-32-49-167.eu-west-1.compute.internal:34239/2 completed (2012-11-05 13:56:24)
Registration for worker at rmi://ip-10-32-49-167.eu-west-1.compute.internal:34239/1 completed (2012-11-05 13:56:24)
Registration for worker at rmi://ip-10-32-49-169.eu-west-1.compute.internal:33155/6 completed (2012-11-05 13:56:24)
Registration for worker at rmi://ip-10-32-49-231.eu-west-1.compute.internal:48081/7 completed (2012-11-05 13:56:24)
Registration for worker at rmi://ip-10-32-50-248.eu-west-1.compute.internal:42824/3 completed (2012-11-05 13:56:24)
Registration for worker at rmi://ip-10-32-50-138.eu-west-1.compute.internal:50873/2 completed (2012-11-05 13:56:24)
Registration for worker at rmi://ip-10-33-145-20.eu-west-1.compute.internal:51163/3 completed (2012-11-05 13:56:24)
Registration for worker at rmi://ip-10-32-50-136.eu-west-1.compute.internal:44433/5 completed (2012-11-05 13:56:24)
Registration for worker at rmi://ip-10-32-50-248.eu-west-1.compute.internal:42824/5 completed (2012-11-05 13:56:24)
Registration for worker at rmi://ip-10-32-54-16.eu-west-1.compute.internal:39150/1 completed (2012-11-05 13:56:24)
Registration for worker at rmi://ip-10-33-145-9.eu-west-1.compute.internal:52153/0 completed (2012-11-05 13:56:24)
Registration for worker at rmi://ip-10-32-54-16.eu-west-1.compute.internal:39150/7 completed (2012-11-05 13:56:24)
Registration for worker at rmi://ip-10-32-50-136.eu-west-1.compute.internal:44433/7 completed (2012-11-05 13:56:24)
Registration for worker at rmi://ip-10-32-50-206.eu-west-1.compute.internal:37580/3 completed (2012-11-05 13:56:24)
Registration for worker at rmi://ip-10-33-145-9.eu-west-1.compute.internal:52153/4 completed (2012-11-05 13:56:24)
Registration for worker at rmi://ip-10-33-145-9.eu-west-1.compute.internal:52153/7 completed (2012-11-05 13:56:24)
Registration for worker at rmi://ip-10-32-41-198.eu-west-1.compute.internal:38017/7 completed (2012-11-05 13:56:24)
Registration for worker at rmi://ip-10-32-50-206.eu-west-1.compute.internal:37580/7 completed (2012-11-05 13:56:24)
Registration for worker at rmi://ip-10-33-145-20.eu-west-1.compute.internal:51163/4 completed (2012-11-05 13:56:24)
Registration for worker at rmi://ip-10-32-50-206.eu-west-1.compute.internal:37580/1 completed (2012-11-05 13:56:24)
Registration for worker at rmi://ip-10-32-50-136.eu-west-1.compute.internal:44433/4 completed (2012-11-05 13:56:24)
Registration for worker at rmi://ip-10-32-41-198.eu-west-1.compute.internal:38017/5 completed (2012-11-05 13:56:24)
Registration for worker at rmi://ip-10-32-50-206.eu-west-1.compute.internal:37580/4 completed (2012-11-05 13:56:24)
Registration for worker at rmi://ip-10-33-145-20.eu-west-1.compute.internal:51163/5 completed (2012-11-05 13:56:24)
Registration for worker at rmi://ip-10-32-41-154.eu-west-1.compute.internal:47664/5 completed (2012-11-05 13:56:24)
Registration for worker at rmi://ip-10-32-53-250.eu-west-1.compute.internal:35776/1 completed (2012-11-05 13:56:24)
Registration for worker at rmi://ip-10-32-49-231.eu-west-1.compute.internal:48081/5 completed (2012-11-05 13:56:24)
Registration for worker at rmi://ip-10-32-49-231.eu-west-1.compute.internal:48081/6 completed (2012-11-05 13:56:24)
Registration for worker at rmi://ip-10-32-50-248.eu-west-1.compute.internal:42824/4 completed (2012-11-05 13:56:24)
Registration for worker at rmi://ip-10-32-49-169.eu-west-1.compute.internal:33155/7 completed (2012-11-05 13:56:24)
Registration for worker at rmi://ip-10-32-53-250.eu-west-1.compute.internal:35776/6 completed (2012-11-05 13:56:24)
Registration for worker at rmi://ip-10-32-50-138.eu-west-1.compute.internal:50873/6 completed (2012-11-05 13:56:24)
Registration for worker at rmi://ip-10-32-49-169.eu-west-1.compute.internal:33155/1 completed (2012-11-05 13:56:24)
Registration for worker at rmi://ip-10-32-49-169.eu-west-1.compute.internal:33155/0 completed (2012-11-05 13:56:24)
Registration for worker at rmi://ip-10-32-50-138.eu-west-1.compute.internal:50873/7 completed (2012-11-05 13:56:24)
Registration for worker at rmi://ip-10-32-49-169.eu-west-1.compute.internal:33155/2 completed (2012-11-05 13:56:24)
Registration for worker at rmi://ip-10-32-53-250.eu-west-1.compute.internal:35776/2 completed (2012-11-05 13:56:24)
Registration for worker at rmi://ip-10-32-49-231.eu-west-1.compute.internal:48081/2 completed (2012-11-05 13:56:24)
Registration for worker at rmi://ip-10-32-49-207.eu-west-1.compute.internal:59456/6 completed (2012-11-05 13:56:24)
Registration for worker at rmi://ip-10-32-53-250.eu-west-1.compute.internal:35776/5 completed (2012-11-05 13:56:24)
Registration for worker at rmi://ip-10-32-49-169.eu-west-1.compute.internal:33155/4 completed (2012-11-05 13:56:24)
Registration for worker at rmi://ip-10-32-41-154.eu-west-1.compute.internal:47664/2 completed (2012-11-05 13:56:24)
Registration for worker at rmi://ip-10-32-49-207.eu-west-1.compute.internal:59456/5 completed (2012-11-05 13:56:24)
Registration for worker at rmi://ip-10-33-145-20.eu-west-1.compute.internal:51163/2 completed (2012-11-05 13:56:24)
Registration for worker at rmi://ip-10-32-49-169.eu-west-1.compute.internal:33155/5 completed (2012-11-05 13:56:24)
Registration for worker at rmi://ip-10-32-50-248.eu-west-1.compute.internal:42824/0 completed (2012-11-05 13:56:24)
Registration for worker at rmi://ip-10-32-50-248.eu-west-1.compute.internal:42824/6 completed (2012-11-05 13:56:24)
Registration for worker at rmi://ip-10-32-54-16.eu-west-1.compute.internal:39150/3 completed (2012-11-05 13:56:24)
Registration for worker at rmi://ip-10-32-41-198.eu-west-1.compute.internal:38017/1 completed (2012-11-05 13:56:24)
Registration for worker at rmi://ip-10-32-41-198.eu-west-1.compute.internal:38017/0 completed (2012-11-05 13:56:24)
Registration for worker at rmi://ip-10-32-54-16.eu-west-1.compute.internal:39150/0 completed (2012-11-05 13:56:24)
Registration for worker at rmi://ip-10-32-41-198.eu-west-1.compute.internal:38017/2 completed (2012-11-05 13:56:24)
Registration for worker at rmi://ip-10-32-41-198.eu-west-1.compute.internal:38017/6 completed (2012-11-05 13:56:24)
Registration for worker at rmi://ip-10-32-54-16.eu-west-1.compute.internal:39150/2 completed (2012-11-05 13:56:24)
Registration for worker at rmi://ip-10-32-54-16.eu-west-1.compute.internal:39150/5 completed (2012-11-05 13:56:24)
Registration for worker at rmi://ip-10-32-50-136.eu-west-1.compute.internal:44433/0 completed (2012-11-05 13:56:24)
Registration for worker at rmi://ip-10-32-50-138.eu-west-1.compute.internal:50873/5 completed (2012-11-05 13:56:24)
Registration for worker at rmi://ip-10-32-50-138.eu-west-1.compute.internal:50873/1 completed (2012-11-05 13:56:24)
Registration for worker at rmi://ip-10-32-50-138.eu-west-1.compute.internal:50873/3 completed (2012-11-05 13:56:24)
Registration for worker at rmi://ip-10-32-50-136.eu-west-1.compute.internal:44433/2 completed (2012-11-05 13:56:24)
Registration for worker at rmi://ip-10-32-50-138.eu-west-1.compute.internal:50873/4 completed (2012-11-05 13:56:24)
Registration for worker at rmi://ip-10-32-53-250.eu-west-1.compute.internal:35776/0 completed (2012-11-05 13:56:24)
Registration for worker at rmi://ip-10-32-41-154.eu-west-1.compute.internal:47664/6 completed (2012-11-05 13:56:24)
Registration for worker at rmi://ip-10-32-41-154.eu-west-1.compute.internal:47664/1 completed (2012-11-05 13:56:24)
Registration for worker at rmi://ip-10-33-145-20.eu-west-1.compute.internal:51163/6 completed (2012-11-05 13:56:24)
Registration for worker at rmi://ip-10-32-53-250.eu-west-1.compute.internal:35776/4 completed (2012-11-05 13:56:24)
Registration for worker at rmi://ip-10-33-145-20.eu-west-1.compute.internal:51163/1 completed (2012-11-05 13:56:24)
Registration for worker at rmi://ip-10-32-53-250.eu-west-1.compute.internal:35776/3 completed (2012-11-05 13:56:24)
Registration for worker at rmi://ip-10-32-49-169.eu-west-1.compute.internal:33155/3 completed (2012-11-05 13:56:24)
Registration for worker at rmi://ip-10-32-41-198.eu-west-1.compute.internal:38017/4 completed (2012-11-05 13:56:24)
Registration for worker at rmi://ip-10-32-49-207.eu-west-1.compute.internal:59456/4 completed (2012-11-05 13:56:24)
Registration for worker at rmi://ip-10-32-53-250.eu-west-1.compute.internal:35776/7 completed (2012-11-05 13:56:24)
Registration for worker at rmi://ip-10-32-50-248.eu-west-1.compute.internal:42824/7 completed (2012-11-05 13:56:24)
Registration for worker at rmi://ip-10-32-50-248.eu-west-1.compute.internal:42824/2 completed (2012-11-05 13:56:24)
Registration for worker at rmi://ip-10-32-54-16.eu-west-1.compute.internal:39150/6 completed (2012-11-05 13:56:24)
Registration for worker at rmi://ip-10-32-54-16.eu-west-1.compute.internal:39150/4 completed (2012-11-05 13:56:24)
Registration for worker at rmi://ip-10-33-145-20.eu-west-1.compute.internal:51163/7 completed (2012-11-05 13:56:24)
Registration for worker at rmi://ip-10-32-49-231.eu-west-1.compute.internal:48081/3 completed (2012-11-05 13:56:24)
Registration for worker at rmi://ip-10-33-145-9.eu-west-1.compute.internal:52153/5 completed (2012-11-05 13:56:24)
Registration for worker at rmi://ip-10-32-49-231.eu-west-1.compute.internal:48081/4 completed (2012-11-05 13:56:24)
Registration for worker at rmi://ip-10-32-50-206.eu-west-1.compute.internal:37580/6 completed (2012-11-05 13:56:24)
Registration for worker at rmi://ip-10-32-50-206.eu-west-1.compute.internal:37580/2 completed (2012-11-05 13:56:24)
Progress(25) at 2012-11-05 13:57:15: 32645551 states generated (32,645,551 s/min), 4865215 distinct states found (4,865,215 ds/min), 1392338 states left on queue.
Progress(32) at 2012-11-05 13:58:15: 85760566 states generated (53,115,015 s/min), 10935672 distinct states found (6,070,457 ds/min), 1582046 states left on queue.
Progress(45) at 2012-11-05 13:59:15: 140174850 states generated (54,414,284 s/min), 16157749 distinct states found (5,222,077 ds/min), 654867 states left on queue.
Worker: rmi://ip-10-32-50-215.eu-west-1.compute.internal:57699/4 Sent: 129111 Rcvd: 194099 CacheRatio: 0.02 (2012-11-05 13:59:29)
Worker: rmi://ip-10-32-41-198.eu-west-1.compute.internal:38017/3 Sent: 128730 Rcvd: 157866 CacheRatio: 0.02 (2012-11-05 13:59:29)
Worker: rmi://ip-10-32-49-228.eu-west-1.compute.internal:47448/7 Sent: 123869 Rcvd: 111902 CacheRatio: 0.02 (2012-11-05 13:59:29)
Worker: rmi://ip-10-32-53-250.eu-west-1.compute.internal:35776/1 Sent: 122603 Rcvd: 111331 CacheRatio: 0.02 (2012-11-05 13:59:29)
Worker: rmi://ip-10-33-145-9.eu-west-1.compute.internal:52153/7 Sent: 126892 Rcvd: 129231 CacheRatio: 0.02 (2012-11-05 13:59:29)
Worker: rmi://ip-10-32-50-248.eu-west-1.compute.internal:42824/4 Sent: 119267 Rcvd: 71097 CacheRatio: 0.02 (2012-11-05 13:59:29)
Worker: rmi://ip-10-32-49-169.eu-west-1.compute.internal:33155/4 Sent: 129349 Rcvd: 120346 CacheRatio: 0.02 (2012-11-05 13:59:29)
Worker: rmi://ip-10-32-50-136.eu-west-1.compute.internal:44433/3 Sent: 122443 Rcvd: 92891 CacheRatio: 0.02 (2012-11-05 13:59:29)
Worker: rmi://ip-10-32-50-248.eu-west-1.compute.internal:42824/7 Sent: 118711 Rcvd: 70156 CacheRatio: 0.02 (2012-11-05 13:59:29)
Worker: rmi://ip-10-32-49-207.eu-west-1.compute.internal:59456/4 Sent: 124321 Rcvd: 130332 CacheRatio: 0.02 (2012-11-05 13:59:29)
Worker: rmi://ip-10-32-49-231.eu-west-1.compute.internal:48081/7 Sent: 125979 Rcvd: 149872 CacheRatio: 0.02 (2012-11-05 13:59:29)
Worker: rmi://ip-10-32-49-228.eu-west-1.compute.internal:47448/6 Sent: 123336 Rcvd: 134923 CacheRatio: 0.02 (2012-11-05 13:59:29)
Worker: rmi://ip-10-32-54-16.eu-west-1.compute.internal:39150/3 Sent: 123663 Rcvd: 120233 CacheRatio: 0.02 (2012-11-05 13:59:29)
Worker: rmi://ip-10-32-49-185.eu-west-1.compute.internal:46479/5 Sent: 127222 Rcvd: 148320 CacheRatio: 0.02 (2012-11-05 13:59:29)
Worker: rmi://ip-10-32-49-228.eu-west-1.compute.internal:47448/1 Sent: 124272 Rcvd: 110897 CacheRatio: 0.02 (2012-11-05 13:59:30)
Worker: rmi://ip-10-32-49-207.eu-west-1.compute.internal:59456/0 Sent: 124855 Rcvd: 119656 CacheRatio: 0.02 (2012-11-05 13:59:30)
Worker: rmi://ip-10-32-49-185.eu-west-1.compute.internal:46479/3 Sent: 127275 Rcvd: 170982 CacheRatio: 0.02 (2012-11-05 13:59:30)
Worker: rmi://ip-10-32-54-16.eu-west-1.compute.internal:39150/2 Sent: 123284 Rcvd: 168996 CacheRatio: 0.02 (2012-11-05 13:59:30)
Worker: rmi://ip-10-32-41-198.eu-west-1.compute.internal:38017/5 Sent: 130608 Rcvd: 161297 CacheRatio: 0.02 (2012-11-05 13:59:30)
Worker: rmi://ip-10-32-50-136.eu-west-1.compute.internal:44433/6 Sent: 121393 Rcvd: 97596 CacheRatio: 0.02 (2012-11-05 13:59:30)
Worker: rmi://ip-10-32-50-248.eu-west-1.compute.internal:42824/5 Sent: 120091 Rcvd: 62833 CacheRatio: 0.03 (2012-11-05 13:59:30)
Worker: rmi://ip-10-32-50-206.eu-west-1.compute.internal:37580/4 Sent: 127266 Rcvd: 196472 CacheRatio: 0.02 (2012-11-05 13:59:30)
Worker: rmi://ip-10-32-54-16.eu-west-1.compute.internal:39150/4 Sent: 126966 Rcvd: 132633 CacheRatio: 0.03 (2012-11-05 13:59:30)
Worker: rmi://ip-10-32-49-185.eu-west-1.compute.internal:46479/0 Sent: 123603 Rcvd: 123580 CacheRatio: 0.02 (2012-11-05 13:59:30)
Worker: rmi://ip-10-32-50-138.eu-west-1.compute.internal:50873/2 Sent: 130552 Rcvd: 212131 CacheRatio: 0.02 (2012-11-05 13:59:30)
Worker: rmi://ip-10-32-49-228.eu-west-1.compute.internal:47448/3 Sent: 118257 Rcvd: 107241 CacheRatio: 0.02 (2012-11-05 13:59:30)
Worker: rmi://ip-10-32-49-169.eu-west-1.compute.internal:33155/2 Sent: 122771 Rcvd: 100635 CacheRatio: 0.03 (2012-11-05 13:59:30)
Worker: rmi://ip-10-33-145-9.eu-west-1.compute.internal:52153/2 Sent: 123299 Rcvd: 161640 CacheRatio: 0.02 (2012-11-05 13:59:30)
Worker: rmi://ip-10-32-50-248.eu-west-1.compute.internal:42824/0 Sent: 120517 Rcvd: 80608 CacheRatio: 0.02 (2012-11-05 13:59:30)
Worker: rmi://ip-10-32-49-167.eu-west-1.compute.internal:34239/5 Sent: 125437 Rcvd: 108825 CacheRatio: 0.02 (2012-11-05 13:59:30)
Worker: rmi://ip-10-32-49-207.eu-west-1.compute.internal:59456/3 Sent: 124475 Rcvd: 151072 CacheRatio: 0.02 (2012-11-05 13:59:30)
Worker: rmi://ip-10-32-54-16.eu-west-1.compute.internal:39150/5 Sent: 125518 Rcvd: 138310 CacheRatio: 0.02 (2012-11-05 13:59:30)
Worker: rmi://ip-10-32-54-16.eu-west-1.compute.internal:39150/1 Sent: 124537 Rcvd: 147878 CacheRatio: 0.02 (2012-11-05 13:59:30)
Worker: rmi://ip-10-32-50-215.eu-west-1.compute.internal:57699/5 Sent: 127089 Rcvd: 183041 CacheRatio: 0.02 (2012-11-05 13:59:30)
Worker: rmi://ip-10-32-50-138.eu-west-1.compute.internal:50873/5 Sent: 132490 Rcvd: 199510 CacheRatio: 0.03 (2012-11-05 13:59:30)
Worker: rmi://ip-10-32-49-228.eu-west-1.compute.internal:47448/0 Sent: 123570 Rcvd: 111079 CacheRatio: 0.02 (2012-11-05 13:59:30)
Worker: rmi://ip-10-32-49-228.eu-west-1.compute.internal:47448/2 Sent: 123758 Rcvd: 121700 CacheRatio: 0.03 (2012-11-05 13:59:30)
Worker: rmi://ip-10-32-50-215.eu-west-1.compute.internal:57699/1 Sent: 129017 Rcvd: 217423 CacheRatio: 0.02 (2012-11-05 13:59:30)
Worker: rmi://ip-10-32-49-231.eu-west-1.compute.internal:48081/0 Sent: 124730 Rcvd: 146450 CacheRatio: 0.03 (2012-11-05 13:59:30)
Worker: rmi://ip-10-32-49-169.eu-west-1.compute.internal:33155/6 Sent: 123512 Rcvd: 106304 CacheRatio: 0.02 (2012-11-05 13:59:30)
Worker: rmi://ip-10-32-53-250.eu-west-1.compute.internal:35776/3 Sent: 116274 Rcvd: 76916 CacheRatio: 0.02 (2012-11-05 13:59:30)
Worker: rmi://ip-10-32-50-138.eu-west-1.compute.internal:50873/6 Sent: 130895 Rcvd: 195188 CacheRatio: 0.02 (2012-11-05 13:59:30)
Worker: rmi://ip-10-32-49-185.eu-west-1.compute.internal:46479/6 Sent: 128866 Rcvd: 178131 CacheRatio: 0.03 (2012-11-05 13:59:30)
Worker: rmi://ip-10-33-145-9.eu-west-1.compute.internal:52153/4 Sent: 123457 Rcvd: 149180 CacheRatio: 0.02 (2012-11-05 13:59:30)
Worker: rmi://ip-10-32-50-138.eu-west-1.compute.internal:50873/7 Sent: 129491 Rcvd: 211974 CacheRatio: 0.02 (2012-11-05 13:59:30)
Worker: rmi://ip-10-32-49-207.eu-west-1.compute.internal:59456/7 Sent: 120466 Rcvd: 70270 CacheRatio: 0.02 (2012-11-05 13:59:30)
Worker: rmi://ip-10-32-50-215.eu-west-1.compute.internal:57699/7 Sent: 125436 Rcvd: 180770 CacheRatio: 0.02 (2012-11-05 13:59:30)
Worker: rmi://ip-10-32-41-198.eu-west-1.compute.internal:38017/6 Sent: 128228 Rcvd: 159704 CacheRatio: 0.02 (2012-11-05 13:59:30)
Worker: rmi://ip-10-33-145-20.eu-west-1.compute.internal:51163/5 Sent: 124330 Rcvd: 147974 CacheRatio: 0.02 (2012-11-05 13:59:30)
Worker: rmi://ip-10-32-49-167.eu-west-1.compute.internal:34239/4 Sent: 124056 Rcvd: 114822 CacheRatio: 0.02 (2012-11-05 13:59:30)
Worker: rmi://ip-10-32-50-206.eu-west-1.compute.internal:37580/1 Sent: 128978 Rcvd: 194141 CacheRatio: 0.02 (2012-11-05 13:59:30)
Worker: rmi://ip-10-32-49-231.eu-west-1.compute.internal:48081/3 Sent: 124325 Rcvd: 132032 CacheRatio: 0.02 (2012-11-05 13:59:30)
Worker: rmi://ip-10-33-145-20.eu-west-1.compute.internal:51163/2 Sent: 122050 Rcvd: 100239 CacheRatio: 0.03 (2012-11-05 13:59:30)
Worker: rmi://ip-10-32-49-207.eu-west-1.compute.internal:59456/6 Sent: 125938 Rcvd: 163471 CacheRatio: 0.03 (2012-11-05 13:59:30)
Worker: rmi://ip-10-32-50-136.eu-west-1.compute.internal:44433/2 Sent: 121700 Rcvd: 83321 CacheRatio: 0.02 (2012-11-05 13:59:30)
Worker: rmi://ip-10-32-50-206.eu-west-1.compute.internal:37580/7 Sent: 130597 Rcvd: 154802 CacheRatio: 0.02 (2012-11-05 13:59:30)
Worker: rmi://ip-10-33-145-20.eu-west-1.compute.internal:51163/0 Sent: 122479 Rcvd: 124283 CacheRatio: 0.03 (2012-11-05 13:59:30)
Worker: rmi://ip-10-32-41-154.eu-west-1.compute.internal:47664/7 Sent: 126244 Rcvd: 203050 CacheRatio: 0.02 (2012-11-05 13:59:30)
Worker: rmi://ip-10-32-41-198.eu-west-1.compute.internal:38017/1 Sent: 130837 Rcvd: 176261 CacheRatio: 0.02 (2012-11-05 13:59:30)
Worker: rmi://ip-10-33-145-9.eu-west-1.compute.internal:52153/5 Sent: 123733 Rcvd: 141168 CacheRatio: 0.02 (2012-11-05 13:59:30)
Worker: rmi://ip-10-33-145-20.eu-west-1.compute.internal:51163/7 Sent: 124241 Rcvd: 116323 CacheRatio: 0.02 (2012-11-05 13:59:30)
Worker: rmi://ip-10-32-41-154.eu-west-1.compute.internal:47664/4 Sent: 127598 Rcvd: 170846 CacheRatio: 0.02 (2012-11-05 13:59:30)
Worker: rmi://ip-10-32-49-185.eu-west-1.compute.internal:46479/4 Sent: 127684 Rcvd: 167903 CacheRatio: 0.02 (2012-11-05 13:59:30)
Worker: rmi://ip-10-32-49-167.eu-west-1.compute.internal:34239/6 Sent: 123128 Rcvd: 109379 CacheRatio: 0.02 (2012-11-05 13:59:30)
Worker: rmi://ip-10-32-53-250.eu-west-1.compute.internal:35776/5 Sent: 126133 Rcvd: 105730 CacheRatio: 0.02 (2012-11-05 13:59:30)
Worker: rmi://ip-10-32-49-231.eu-west-1.compute.internal:48081/5 Sent: 127795 Rcvd: 154489 CacheRatio: 0.03 (2012-11-05 13:59:30)
Worker: rmi://ip-10-32-49-207.eu-west-1.compute.internal:59456/5 Sent: 125054 Rcvd: 130066 CacheRatio: 0.02 (2012-11-05 13:59:30)
Worker: rmi://ip-10-32-50-136.eu-west-1.compute.internal:44433/7 Sent: 120428 Rcvd: 97550 CacheRatio: 0.02 (2012-11-05 13:59:30)
Worker: rmi://ip-10-32-50-136.eu-west-1.compute.internal:44433/0 Sent: 122811 Rcvd: 85068 CacheRatio: 0.02 (2012-11-05 13:59:30)
Worker: rmi://ip-10-32-41-198.eu-west-1.compute.internal:38017/0 Sent: 127476 Rcvd: 203870 CacheRatio: 0.02 (2012-11-05 13:59:30)
Worker: rmi://ip-10-32-41-154.eu-west-1.compute.internal:47664/3 Sent: 126929 Rcvd: 160606 CacheRatio: 0.02 (2012-11-05 13:59:30)
Worker: rmi://ip-10-32-49-231.eu-west-1.compute.internal:48081/2 Sent: 125426 Rcvd: 130795 CacheRatio: 0.02 (2012-11-05 13:59:30)
Worker: rmi://ip-10-32-49-167.eu-west-1.compute.internal:34239/3 Sent: 121800 Rcvd: 83520 CacheRatio: 0.02 (2012-11-05 13:59:30)
Worker: rmi://ip-10-33-145-9.eu-west-1.compute.internal:52153/6 Sent: 124745 Rcvd: 145903 CacheRatio: 0.02 (2012-11-05 13:59:30)
Worker: rmi://ip-10-33-145-20.eu-west-1.compute.internal:51163/6 Sent: 124647 Rcvd: 97794 CacheRatio: 0.02 (2012-11-05 13:59:30)
Worker: rmi://ip-10-33-145-9.eu-west-1.compute.internal:52153/0 Sent: 126445 Rcvd: 119132 CacheRatio: 0.02 (2012-11-05 13:59:30)
Worker: rmi://ip-10-32-50-206.eu-west-1.compute.internal:37580/6 Sent: 129336 Rcvd: 159567 CacheRatio: 0.02 (2012-11-05 13:59:30)
Worker: rmi://ip-10-32-50-248.eu-west-1.compute.internal:42824/6 Sent: 124666 Rcvd: 58425 CacheRatio: 0.02 (2012-11-05 13:59:30)
Worker: rmi://ip-10-32-49-185.eu-west-1.compute.internal:46479/7 Sent: 127692 Rcvd: 178904 CacheRatio: 0.02 (2012-11-05 13:59:30)
Worker: rmi://ip-10-32-50-215.eu-west-1.compute.internal:57699/0 Sent: 128711 Rcvd: 210720 CacheRatio: 0.02 (2012-11-05 13:59:30)
Worker: rmi://ip-10-33-145-9.eu-west-1.compute.internal:52153/3 Sent: 123228 Rcvd: 149657 CacheRatio: 0.02 (2012-11-05 13:59:30)
Worker: rmi://ip-10-32-50-215.eu-west-1.compute.internal:57699/3 Sent: 127035 Rcvd: 226848 CacheRatio: 0.02 (2012-11-05 13:59:30)
Worker: rmi://ip-10-32-41-154.eu-west-1.compute.internal:47664/5 Sent: 128425 Rcvd: 180960 CacheRatio: 0.02 (2012-11-05 13:59:30)
Worker: rmi://ip-10-32-49-231.eu-west-1.compute.internal:48081/6 Sent: 123299 Rcvd: 123346 CacheRatio: 0.02 (2012-11-05 13:59:30)
Worker: rmi://ip-10-32-49-167.eu-west-1.compute.internal:34239/7 Sent: 125269 Rcvd: 91664 CacheRatio: 0.02 (2012-11-05 13:59:30)
Worker: rmi://ip-10-32-50-136.eu-west-1.compute.internal:44433/4 Sent: 125802 Rcvd: 67622 CacheRatio: 0.03 (2012-11-05 13:59:30)
Worker: rmi://ip-10-32-53-250.eu-west-1.compute.internal:35776/4 Sent: 122339 Rcvd: 93029 CacheRatio: 0.02 (2012-11-05 13:59:30)
Worker: rmi://ip-10-33-145-9.eu-west-1.compute.internal:52153/1 Sent: 126580 Rcvd: 110234 CacheRatio: 0.02 (2012-11-05 13:59:30)
Worker: rmi://ip-10-32-50-138.eu-west-1.compute.internal:50873/4 Sent: 132663 Rcvd: 198464 CacheRatio: 0.02 (2012-11-05 13:59:30)
Worker: rmi://ip-10-32-49-169.eu-west-1.compute.internal:33155/1 Sent: 124882 Rcvd: 95308 CacheRatio: 0.02 (2012-11-05 13:59:30)
Worker: rmi://ip-10-32-50-248.eu-west-1.compute.internal:42824/3 Sent: 121395 Rcvd: 62197 CacheRatio: 0.02 (2012-11-05 13:59:30)
Worker: rmi://ip-10-32-50-215.eu-west-1.compute.internal:57699/6 Sent: 128283 Rcvd: 172523 CacheRatio: 0.02 (2012-11-05 13:59:30)
Worker: rmi://ip-10-33-145-20.eu-west-1.compute.internal:51163/1 Sent: 124343 Rcvd: 113274 CacheRatio: 0.02 (2012-11-05 13:59:30)
Worker: rmi://ip-10-32-49-169.eu-west-1.compute.internal:33155/0 Sent: 127560 Rcvd: 120753 CacheRatio: 0.02 (2012-11-05 13:59:30)
Worker: rmi://ip-10-33-145-20.eu-west-1.compute.internal:51163/3 Sent: 124760 Rcvd: 111852 CacheRatio: 0.02 (2012-11-05 13:59:30)
Worker: rmi://ip-10-32-41-154.eu-west-1.compute.internal:47664/2 Sent: 120561 Rcvd: 94507 CacheRatio: 0.02 (2012-11-05 13:59:30)
Worker: rmi://ip-10-32-49-167.eu-west-1.compute.internal:34239/2 Sent: 122207 Rcvd: 101467 CacheRatio: 0.02 (2012-11-05 13:59:30)
Worker: rmi://ip-10-32-49-167.eu-west-1.compute.internal:34239/0 Sent: 121431 Rcvd: 93072 CacheRatio: 0.02 (2012-11-05 13:59:30)
Worker: rmi://ip-10-32-49-207.eu-west-1.compute.internal:59456/1 Sent: 124497 Rcvd: 138043 CacheRatio: 0.02 (2012-11-05 13:59:30)
Worker: rmi://ip-10-32-49-185.eu-west-1.compute.internal:46479/1 Sent: 124796 Rcvd: 127181 CacheRatio: 0.02 (2012-11-05 13:59:30)
Worker: rmi://ip-10-32-50-138.eu-west-1.compute.internal:50873/1 Sent: 129060 Rcvd: 212704 CacheRatio: 0.02 (2012-11-05 13:59:30)
Worker: rmi://ip-10-32-50-248.eu-west-1.compute.internal:42824/2 Sent: 118976 Rcvd: 84242 CacheRatio: 0.02 (2012-11-05 13:59:30)
Worker: rmi://ip-10-32-49-185.eu-west-1.compute.internal:46479/2 Sent: 125774 Rcvd: 136225 CacheRatio: 0.03 (2012-11-05 13:59:30)
Worker: rmi://ip-10-32-49-228.eu-west-1.compute.internal:47448/5 Sent: 122860 Rcvd: 127534 CacheRatio: 0.02 (2012-11-05 13:59:30)
Worker: rmi://ip-10-32-50-138.eu-west-1.compute.internal:50873/3 Sent: 129653 Rcvd: 219539 CacheRatio: 0.02 (2012-11-05 13:59:30)
Worker: rmi://ip-10-32-50-206.eu-west-1.compute.internal:37580/3 Sent: 127941 Rcvd: 159701 CacheRatio: 0.02 (2012-11-05 13:59:30)
Worker: rmi://ip-10-32-50-215.eu-west-1.compute.internal:57699/2 Sent: 128595 Rcvd: 177019 CacheRatio: 0.02 (2012-11-05 13:59:30)
Worker: rmi://ip-10-32-50-206.eu-west-1.compute.internal:37580/5 Sent: 126862 Rcvd: 166181 CacheRatio: 0.02 (2012-11-05 13:59:30)
Worker: rmi://ip-10-32-41-154.eu-west-1.compute.internal:47664/0 Sent: 127097 Rcvd: 158281 CacheRatio: 0.02 (2012-11-05 13:59:30)
Worker: rmi://ip-10-32-41-198.eu-west-1.compute.internal:38017/4 Sent: 132955 Rcvd: 176651 CacheRatio: 0.03 (2012-11-05 13:59:30)
Worker: rmi://ip-10-32-50-206.eu-west-1.compute.internal:37580/2 Sent: 129681 Rcvd: 169720 CacheRatio: 0.02 (2012-11-05 13:59:30)
Worker: rmi://ip-10-32-53-250.eu-west-1.compute.internal:35776/6 Sent: 122539 Rcvd: 103544 CacheRatio: 0.02 (2012-11-05 13:59:30)
Worker: rmi://ip-10-32-53-250.eu-west-1.compute.internal:35776/0 Sent: 123592 Rcvd: 133532 CacheRatio: 0.02 (2012-11-05 13:59:30)
Worker: rmi://ip-10-32-54-16.eu-west-1.compute.internal:39150/0 Sent: 123585 Rcvd: 176446 CacheRatio: 0.02 (2012-11-05 13:59:30)
Worker: rmi://ip-10-32-53-250.eu-west-1.compute.internal:35776/2 Sent: 122021 Rcvd: 111869 CacheRatio: 0.02 (2012-11-05 13:59:30)
Worker: rmi://ip-10-32-50-138.eu-west-1.compute.internal:50873/0 Sent: 129345 Rcvd: 211050 CacheRatio: 0.02 (2012-11-05 13:59:30)
Worker: rmi://ip-10-32-53-250.eu-west-1.compute.internal:35776/7 Sent: 121889 Rcvd: 150656 CacheRatio: 0.03 (2012-11-05 13:59:30)
Worker: rmi://ip-10-32-41-198.eu-west-1.compute.internal:38017/2 Sent: 131651 Rcvd: 171525 CacheRatio: 0.02 (2012-11-05 13:59:30)
Worker: rmi://ip-10-32-50-136.eu-west-1.compute.internal:44433/1 Sent: 122115 Rcvd: 109511 CacheRatio: 0.02 (2012-11-05 13:59:30)
Worker: rmi://ip-10-32-49-231.eu-west-1.compute.internal:48081/4 Sent: 123615 Rcvd: 172233 CacheRatio: 0.02 (2012-11-05 13:59:30)
Worker: rmi://ip-10-32-49-169.eu-west-1.compute.internal:33155/3 Sent: 124537 Rcvd: 100653 CacheRatio: 0.02 (2012-11-05 13:59:30)
Worker: rmi://ip-10-32-50-248.eu-west-1.compute.internal:42824/1 Sent: 118775 Rcvd: 84491 CacheRatio: 0.02 (2012-11-05 13:59:30)
Worker: rmi://ip-10-32-49-228.eu-west-1.compute.internal:47448/4 Sent: 124197 Rcvd: 105611 CacheRatio: 0.02 (2012-11-05 13:59:30)
Worker: rmi://ip-10-32-49-207.eu-west-1.compute.internal:59456/2 Sent: 124178 Rcvd: 143254 CacheRatio: 0.02 (2012-11-05 13:59:30)
Worker: rmi://ip-10-32-49-169.eu-west-1.compute.internal:33155/5 Sent: 123548 Rcvd: 134428 CacheRatio: 0.02 (2012-11-05 13:59:30)
Worker: rmi://ip-10-32-54-16.eu-west-1.compute.internal:39150/6 Sent: 122867 Rcvd: 130871 CacheRatio: 0.02 (2012-11-05 13:59:30)
Worker: rmi://ip-10-32-49-169.eu-west-1.compute.internal:33155/7 Sent: 122618 Rcvd: 126684 CacheRatio: 0.02 (2012-11-05 13:59:30)
Worker: rmi://ip-10-32-41-198.eu-west-1.compute.internal:38017/7 Sent: 131005 Rcvd: 192650 CacheRatio: 0.02 (2012-11-05 13:59:30)
Worker: rmi://ip-10-32-50-136.eu-west-1.compute.internal:44433/5 Sent: 121929 Rcvd: 88127 CacheRatio: 0.02 (2012-11-05 13:59:30)
Worker: rmi://ip-10-33-145-20.eu-west-1.compute.internal:51163/4 Sent: 123480 Rcvd: 110675 CacheRatio: 0.02 (2012-11-05 13:59:30)
Worker: rmi://ip-10-32-54-16.eu-west-1.compute.internal:39150/7 Sent: 127047 Rcvd: 119573 CacheRatio: 0.02 (2012-11-05 13:59:30)
Worker: rmi://ip-10-32-41-154.eu-west-1.compute.internal:47664/1 Sent: 127057 Rcvd: 180130 CacheRatio: 0.02 (2012-11-05 13:59:30)
Worker: rmi://ip-10-32-41-154.eu-west-1.compute.internal:47664/6 Sent: 126829 Rcvd: 140495 CacheRatio: 0.02 (2012-11-05 13:59:30)
Worker: rmi://ip-10-32-49-167.eu-west-1.compute.internal:34239/1 Sent: 124225 Rcvd: 101843 CacheRatio: 0.03 (2012-11-05 13:59:30)
Model checking completed. No error has been found.
  Estimates of the probability that TLC did not check all reachable states
  because two distinct states had the same fingerprint:
  calculated (optimistic):  val = 0.0
  based on the actual fingerprints:  val = 7.9E-11
150981755 states generated, 16777216 distinct states found, 0 states left on queue.
The depth of the complete state graph search is 45.
Finished. (2012-11-05 13:59:45)
ip-10-32-42-250, work completed. Thank you!
