TLC Server Version 2.05 of 18 May 2012
Parsing file /tmp/20011/spec/l10_n6.tla
Parsing file /tmp/20011/spec/GridPerformanceTest.tla
Parsing file /tmp/20011/tla/tla2sany/StandardModules/TLC.tla
Parsing file /tmp/20011/tla/tla2sany/StandardModules/Integers.tla
Parsing file /tmp/20011/tla/tla2sany/StandardModules/FiniteSets.tla
Parsing file /tmp/20011/tla/tla2sany/StandardModules/Naturals.tla
Parsing file /tmp/20011/tla/tla2sany/StandardModules/Sequences.tla
Semantic processing of module Naturals
Semantic processing of module Integers
Semantic processing of module Sequences
Semantic processing of module FiniteSets
Semantic processing of module GridPerformanceTest
Semantic processing of module TLC
Semantic processing of module l10_n6
Starting... (2012-06-21 08:37:42)
Computing initial states...
Finished computing initial states: 1 distinct state(s) generated.
TLC server at borderline-9.bordeaux.grid5000.fr is ready (2012-06-21 08:37:42)
Registration for worker at rmi://borderline-5.bordeaux.grid5000.fr:54496 completed (2012-06-21 08:37:44)
Registration for worker at rmi://borderline-6.bordeaux.grid5000.fr:37744 completed (2012-06-21 08:37:44)
Progress(22) at 2012-06-21 08:38:42: 508615 states generated (508615 s/min), 102967 distinct states found (102967 ds/min), 18198 states left on queue.
Progress(26) at 2012-06-21 08:39:42: 1098565 states generated (589950 s/min), 198440 distinct states found (95473 ds/min), 17668 states left on queue.
Worker: rmi://borderline-6.bordeaux.grid5000.fr:37744 Sent: 128152 Rcvd: 559310 (2012-06-21 08:40:27)
Worker: rmi://borderline-5.bordeaux.grid5000.fr:54496 Sent: 133992 Rcvd: 607974 (2012-06-21 08:40:27)
Model checking completed. No error has been found.
  Estimates of the probability that TLC did not check all reachable states
  because two distinct states had the same fingerprint:
  calculated (optimistic):  val = 0.0
  based on the actual fingerprints:  val = 9.8E-13
1572865 states generated, 262144 distinct states found, 0 states left on queue.
The depth of the complete state graph search is 43.
Finished. (2012-06-21 08:40:28)
