TLC Server Version 2.05 of 18 May 2012
Parsing file /tmp/10824/spec/l10_n6.tla
Parsing file /tmp/10824/spec/GridPerformanceTest.tla
Parsing file /tmp/10824/tla/tla2sany/StandardModules/TLC.tla
Parsing file /tmp/10824/tla/tla2sany/StandardModules/Integers.tla
Parsing file /tmp/10824/tla/tla2sany/StandardModules/FiniteSets.tla
Parsing file /tmp/10824/tla/tla2sany/StandardModules/Naturals.tla
Parsing file /tmp/10824/tla/tla2sany/StandardModules/Sequences.tla
Semantic processing of module Naturals
Semantic processing of module Integers
Semantic processing of module Sequences
Semantic processing of module FiniteSets
Semantic processing of module GridPerformanceTest
Semantic processing of module TLC
Semantic processing of module l10_n6
Starting... (2012-08-06 08:10:38)
Computing initial states...
Finished computing initial states: 1 distinct state(s) generated.
TLC server at griffon-82.nancy.grid5000.fr is ready (2012-08-06 08:10:39)
Registration for worker at rmi://griffon-81.nancy.grid5000.fr:60090 completed (2012-08-06 08:10:41)
Registration for worker at rmi://griffon-78.nancy.grid5000.fr:34844 completed (2012-08-06 08:10:41)
Progress(22) at 2012-08-06 08:11:41: 595171 states generated (595171 s/min), 119798 distinct states found (119798 ds/min), 20603 states left on queue.
Progress(28) at 2012-08-06 08:12:41: 1281883 states generated (686712 s/min), 226732 distinct states found (106934 ds/min), 13085 states left on queue.
Worker: rmi://griffon-81.nancy.grid5000.fr:60090 Sent: 131926 Rcvd: 266534 (2012-08-06 08:13:06)
Worker: rmi://griffon-78.nancy.grid5000.fr:34844 Sent: 130218 Rcvd: 237923 (2012-08-06 08:13:06)
Model checking completed. No error has been found.
  Estimates of the probability that TLC did not check all reachable states
  because two distinct states had the same fingerprint:
  calculated (optimistic):  val = 1.9E-8
  based on the actual fingerprints:  val = 2.8E-13
1572865 states generated, 262144 distinct states found, 0 states left on queue.
The depth of the complete state graph search is 38.
Finished. (2012-08-06 08:13:07)
Warning: Failed to connect from griffon-82.nancy.grid5000.fr to the fp server at griffon-81.nancy.grid5000.fr.
Connection refused to host: 172.16.65.81; nested exception is: 
	java.net.ConnectException: Connection refused
Warning: Failed to connect from griffon-82.nancy.grid5000.fr to the fp server at griffon-81.nancy.grid5000.fr.
Connection refused to host: 172.16.65.81; nested exception is: 
	java.net.ConnectException: Connection refused
