Listening for transport dt_socket at address: 1044
TLC Server Version 2.05 of 7 November 2012
Parsing file /mnt/tlc/11217/spec/l12_n8.tla
Parsing file /mnt/tlc/11217/spec/GridPerformanceTest.tla
Parsing file /mnt/tlc/11217/tla/tla2sany/StandardModules/TLC.tla
Parsing file /mnt/tlc/11217/tla/tla2sany/StandardModules/Integers.tla
Parsing file /mnt/tlc/11217/tla/tla2sany/StandardModules/FiniteSets.tla
Parsing file /mnt/tlc/11217/tla/tla2sany/StandardModules/Naturals.tla
Parsing file /mnt/tlc/11217/tla/tla2sany/StandardModules/Sequences.tla
Semantic processing of module Naturals
Semantic processing of module Integers
Semantic processing of module Sequences
Semantic processing of module FiniteSets
Semantic processing of module GridPerformanceTest
Semantic processing of module TLC
Semantic processing of module l12_n8
Starting... (2012-11-23 17:37:57)
Computing initial states...
Finished computing initial states: 1 distinct state(s) generated.
TLC server at ip-10-33-3-32 is ready (2012-11-23 17:37:57)
Waiting for 9 FPSet server(s) to register (2012-11-23 17:37:57)
1 out of 9 FPSet server(s) registered (2012-11-23 17:38:08)
2 out of 9 FPSet server(s) registered (2012-11-23 17:38:08)
3 out of 9 FPSet server(s) registered (2012-11-23 17:38:08)
4 out of 9 FPSet server(s) registered (2012-11-23 17:38:08)
5 out of 9 FPSet server(s) registered (2012-11-23 17:38:08)
6 out of 9 FPSet server(s) registered (2012-11-23 17:38:08)
7 out of 9 FPSet server(s) registered (2012-11-23 17:38:08)
8 out of 9 FPSet server(s) registered (2012-11-23 17:38:08)
9 out of 9 FPSet server(s) registered (2012-11-23 17:38:09)
Registration for worker at rmi://ip-10-33-3-10.eu-west-1.compute.internal:48042/7 completed (2012-11-23 17:38:10)
Registration for worker at rmi://ip-10-33-3-10.eu-west-1.compute.internal:48042/14 completed (2012-11-23 17:38:10)
Registration for worker at rmi://ip-10-33-3-10.eu-west-1.compute.internal:48042/23 completed (2012-11-23 17:38:10)
Registration for worker at rmi://ip-10-33-3-10.eu-west-1.compute.internal:48042/1 completed (2012-11-23 17:38:10)
Registration for worker at rmi://ip-10-33-3-10.eu-west-1.compute.internal:48042/9 completed (2012-11-23 17:38:10)
Registration for worker at rmi://ip-10-33-3-10.eu-west-1.compute.internal:48042/4 completed (2012-11-23 17:38:10)
Registration for worker at rmi://ip-10-33-3-10.eu-west-1.compute.internal:48042/16 completed (2012-11-23 17:38:10)
Registration for worker at rmi://ip-10-33-3-10.eu-west-1.compute.internal:48042/3 completed (2012-11-23 17:38:10)
Registration for worker at rmi://ip-10-33-3-10.eu-west-1.compute.internal:48042/17 completed (2012-11-23 17:38:10)
Registration for worker at rmi://ip-10-33-3-10.eu-west-1.compute.internal:48042/31 completed (2012-11-23 17:38:10)
Registration for worker at rmi://ip-10-33-3-10.eu-west-1.compute.internal:48042/26 completed (2012-11-23 17:38:10)
Registration for worker at rmi://ip-10-33-3-10.eu-west-1.compute.internal:48042/19 completed (2012-11-23 17:38:10)
Registration for worker at rmi://ip-10-33-3-10.eu-west-1.compute.internal:48042/6 completed (2012-11-23 17:38:10)
Registration for worker at rmi://ip-10-33-3-10.eu-west-1.compute.internal:48042/30 completed (2012-11-23 17:38:10)
Registration for worker at rmi://ip-10-33-3-10.eu-west-1.compute.internal:48042/20 completed (2012-11-23 17:38:10)
Registration for worker at rmi://ip-10-33-3-10.eu-west-1.compute.internal:48042/27 completed (2012-11-23 17:38:10)
Registration for worker at rmi://ip-10-33-0-156.eu-west-1.compute.internal:41014/18 completed (2012-11-23 17:38:10)
Registration for worker at rmi://ip-10-33-3-10.eu-west-1.compute.internal:48042/29 completed (2012-11-23 17:38:10)
Registration for worker at rmi://ip-10-33-3-10.eu-west-1.compute.internal:48042/8 completed (2012-11-23 17:38:10)
Registration for worker at rmi://ip-10-33-3-10.eu-west-1.compute.internal:48042/12 completed (2012-11-23 17:38:10)
Registration for worker at rmi://ip-10-33-3-10.eu-west-1.compute.internal:48042/22 completed (2012-11-23 17:38:10)
Registration for worker at rmi://ip-10-33-3-10.eu-west-1.compute.internal:48042/18 completed (2012-11-23 17:38:10)
Registration for worker at rmi://ip-10-33-3-10.eu-west-1.compute.internal:48042/5 completed (2012-11-23 17:38:10)
Registration for worker at rmi://ip-10-33-1-167.eu-west-1.compute.internal:44115/17 completed (2012-11-23 17:38:10)
Registration for worker at rmi://ip-10-33-3-10.eu-west-1.compute.internal:48042/15 completed (2012-11-23 17:38:10)
Registration for worker at rmi://ip-10-33-3-10.eu-west-1.compute.internal:48042/28 completed (2012-11-23 17:38:10)
Registration for worker at rmi://ip-10-33-3-10.eu-west-1.compute.internal:48042/0 completed (2012-11-23 17:38:10)
Registration for worker at rmi://ip-10-33-3-10.eu-west-1.compute.internal:48042/11 completed (2012-11-23 17:38:10)
Registration for worker at rmi://ip-10-33-3-10.eu-west-1.compute.internal:48042/21 completed (2012-11-23 17:38:10)
Registration for worker at rmi://ip-10-33-3-10.eu-west-1.compute.internal:48042/10 completed (2012-11-23 17:38:10)
Registration for worker at rmi://ip-10-33-3-10.eu-west-1.compute.internal:48042/25 completed (2012-11-23 17:38:10)
Registration for worker at rmi://ip-10-33-3-10.eu-west-1.compute.internal:48042/13 completed (2012-11-23 17:38:10)
Registration for worker at rmi://ip-10-33-3-10.eu-west-1.compute.internal:48042/2 completed (2012-11-23 17:38:10)
Registration for worker at rmi://ip-10-33-3-251.eu-west-1.compute.internal:58309/27 completed (2012-11-23 17:38:10)
Registration for worker at rmi://ip-10-33-3-251.eu-west-1.compute.internal:58309/31 completed (2012-11-23 17:38:10)
Registration for worker at rmi://ip-10-33-3-251.eu-west-1.compute.internal:58309/29 completed (2012-11-23 17:38:10)
Registration for worker at rmi://ip-10-33-3-251.eu-west-1.compute.internal:58309/30 completed (2012-11-23 17:38:10)
Registration for worker at rmi://ip-10-33-3-251.eu-west-1.compute.internal:58309/26 completed (2012-11-23 17:38:10)
Registration for worker at rmi://ip-10-33-3-251.eu-west-1.compute.internal:58309/15 completed (2012-11-23 17:38:10)
Registration for worker at rmi://ip-10-33-3-251.eu-west-1.compute.internal:58309/10 completed (2012-11-23 17:38:10)
Registration for worker at rmi://ip-10-33-1-80.eu-west-1.compute.internal:33601/25 completed (2012-11-23 17:38:10)
Registration for worker at rmi://ip-10-33-1-80.eu-west-1.compute.internal:33601/27 completed (2012-11-23 17:38:10)
Registration for worker at rmi://ip-10-33-1-80.eu-west-1.compute.internal:33601/26 completed (2012-11-23 17:38:10)
Registration for worker at rmi://ip-10-33-1-80.eu-west-1.compute.internal:33601/23 completed (2012-11-23 17:38:10)
Registration for worker at rmi://ip-10-33-1-80.eu-west-1.compute.internal:33601/22 completed (2012-11-23 17:38:10)
Registration for worker at rmi://ip-10-33-0-224.eu-west-1.compute.internal:37494/23 completed (2012-11-23 17:38:10)
Registration for worker at rmi://ip-10-33-1-167.eu-west-1.compute.internal:44115/31 completed (2012-11-23 17:38:10)
Registration for worker at rmi://ip-10-33-1-167.eu-west-1.compute.internal:44115/30 completed (2012-11-23 17:38:10)
Registration for worker at rmi://ip-10-33-1-98.eu-west-1.compute.internal:51932/27 completed (2012-11-23 17:38:10)
Registration for worker at rmi://ip-10-33-1-167.eu-west-1.compute.internal:44115/12 completed (2012-11-23 17:38:10)
Registration for worker at rmi://ip-10-33-1-98.eu-west-1.compute.internal:51932/14 completed (2012-11-23 17:38:10)
Registration for worker at rmi://ip-10-33-1-167.eu-west-1.compute.internal:44115/16 completed (2012-11-23 17:38:10)
Registration for worker at rmi://ip-10-33-1-98.eu-west-1.compute.internal:51932/8 completed (2012-11-23 17:38:10)
Registration for worker at rmi://ip-10-33-1-167.eu-west-1.compute.internal:44115/2 completed (2012-11-23 17:38:10)
Registration for worker at rmi://ip-10-33-3-165.eu-west-1.compute.internal:57273/30 completed (2012-11-23 17:38:10)
Registration for worker at rmi://ip-10-33-1-98.eu-west-1.compute.internal:51932/25 completed (2012-11-23 17:38:10)
Registration for worker at rmi://ip-10-33-3-165.eu-west-1.compute.internal:57273/31 completed (2012-11-23 17:38:10)
Registration for worker at rmi://ip-10-33-1-167.eu-west-1.compute.internal:44115/0 completed (2012-11-23 17:38:10)
Registration for worker at rmi://ip-10-33-1-167.eu-west-1.compute.internal:44115/13 completed (2012-11-23 17:38:10)
Registration for worker at rmi://ip-10-33-1-98.eu-west-1.compute.internal:51932/19 completed (2012-11-23 17:38:10)
Registration for worker at rmi://ip-10-33-1-98.eu-west-1.compute.internal:51932/10 completed (2012-11-23 17:38:10)
Registration for worker at rmi://ip-10-33-1-167.eu-west-1.compute.internal:44115/19 completed (2012-11-23 17:38:10)
Registration for worker at rmi://ip-10-33-1-167.eu-west-1.compute.internal:44115/1 completed (2012-11-23 17:38:10)
Registration for worker at rmi://ip-10-33-1-167.eu-west-1.compute.internal:44115/8 completed (2012-11-23 17:38:10)
Registration for worker at rmi://ip-10-33-1-98.eu-west-1.compute.internal:51932/3 completed (2012-11-23 17:38:10)
Registration for worker at rmi://ip-10-33-1-167.eu-west-1.compute.internal:44115/9 completed (2012-11-23 17:38:10)
Registration for worker at rmi://ip-10-33-1-167.eu-west-1.compute.internal:44115/4 completed (2012-11-23 17:38:10)
Registration for worker at rmi://ip-10-33-1-98.eu-west-1.compute.internal:51932/11 completed (2012-11-23 17:38:10)
Registration for worker at rmi://ip-10-33-1-98.eu-west-1.compute.internal:51932/1 completed (2012-11-23 17:38:10)
Registration for worker at rmi://ip-10-33-1-98.eu-west-1.compute.internal:51932/15 completed (2012-11-23 17:38:10)
Registration for worker at rmi://ip-10-33-1-98.eu-west-1.compute.internal:51932/7 completed (2012-11-23 17:38:10)
Registration for worker at rmi://ip-10-33-1-98.eu-west-1.compute.internal:51932/2 completed (2012-11-23 17:38:10)
Registration for worker at rmi://ip-10-33-1-98.eu-west-1.compute.internal:51932/5 completed (2012-11-23 17:38:10)
Registration for worker at rmi://ip-10-33-1-98.eu-west-1.compute.internal:51932/12 completed (2012-11-23 17:38:10)
Registration for worker at rmi://ip-10-33-1-98.eu-west-1.compute.internal:51932/6 completed (2012-11-23 17:38:10)
Registration for worker at rmi://ip-10-33-1-98.eu-west-1.compute.internal:51932/20 completed (2012-11-23 17:38:10)
Registration for worker at rmi://ip-10-33-1-98.eu-west-1.compute.internal:51932/16 completed (2012-11-23 17:38:10)
Registration for worker at rmi://ip-10-33-1-98.eu-west-1.compute.internal:51932/13 completed (2012-11-23 17:38:10)
Registration for worker at rmi://ip-10-33-1-98.eu-west-1.compute.internal:51932/21 completed (2012-11-23 17:38:10)
Registration for worker at rmi://ip-10-33-1-167.eu-west-1.compute.internal:44115/18 completed (2012-11-23 17:38:10)
Registration for worker at rmi://ip-10-33-1-167.eu-west-1.compute.internal:44115/15 completed (2012-11-23 17:38:10)
Registration for worker at rmi://ip-10-33-3-165.eu-west-1.compute.internal:57273/26 completed (2012-11-23 17:38:10)
Registration for worker at rmi://ip-10-33-1-98.eu-west-1.compute.internal:51932/18 completed (2012-11-23 17:38:10)
Registration for worker at rmi://ip-10-33-1-167.eu-west-1.compute.internal:44115/6 completed (2012-11-23 17:38:10)
Registration for worker at rmi://ip-10-33-1-167.eu-west-1.compute.internal:44115/7 completed (2012-11-23 17:38:10)
Registration for worker at rmi://ip-10-33-3-165.eu-west-1.compute.internal:57273/19 completed (2012-11-23 17:38:10)
Registration for worker at rmi://ip-10-33-3-251.eu-west-1.compute.internal:58309/3 completed (2012-11-23 17:38:10)
Registration for worker at rmi://ip-10-33-3-165.eu-west-1.compute.internal:57273/29 completed (2012-11-23 17:38:10)
Registration for worker at rmi://ip-10-33-3-165.eu-west-1.compute.internal:57273/28 completed (2012-11-23 17:38:10)
Registration for worker at rmi://ip-10-33-3-165.eu-west-1.compute.internal:57273/25 completed (2012-11-23 17:38:10)
Registration for worker at rmi://ip-10-33-3-165.eu-west-1.compute.internal:57273/13 completed (2012-11-23 17:38:10)
Registration for worker at rmi://ip-10-33-1-167.eu-west-1.compute.internal:44115/5 completed (2012-11-23 17:38:10)
Registration for worker at rmi://ip-10-33-3-165.eu-west-1.compute.internal:57273/24 completed (2012-11-23 17:38:10)
Registration for worker at rmi://ip-10-33-3-251.eu-west-1.compute.internal:58309/1 completed (2012-11-23 17:38:10)
Registration for worker at rmi://ip-10-33-3-165.eu-west-1.compute.internal:57273/23 completed (2012-11-23 17:38:10)
Registration for worker at rmi://ip-10-33-3-165.eu-west-1.compute.internal:57273/12 completed (2012-11-23 17:38:10)
Registration for worker at rmi://ip-10-33-0-224.eu-west-1.compute.internal:37494/7 completed (2012-11-23 17:38:10)
Registration for worker at rmi://ip-10-33-1-80.eu-west-1.compute.internal:33601/16 completed (2012-11-23 17:38:10)
Registration for worker at rmi://ip-10-33-3-165.eu-west-1.compute.internal:57273/17 completed (2012-11-23 17:38:10)
Registration for worker at rmi://ip-10-33-3-165.eu-west-1.compute.internal:57273/22 completed (2012-11-23 17:38:10)
Registration for worker at rmi://ip-10-33-3-165.eu-west-1.compute.internal:57273/9 completed (2012-11-23 17:38:10)
Registration for worker at rmi://ip-10-33-1-167.eu-west-1.compute.internal:44115/14 completed (2012-11-23 17:38:10)
Registration for worker at rmi://ip-10-33-1-80.eu-west-1.compute.internal:33601/9 completed (2012-11-23 17:38:10)
Registration for worker at rmi://ip-10-33-0-224.eu-west-1.compute.internal:37494/16 completed (2012-11-23 17:38:10)
Registration for worker at rmi://ip-10-33-3-165.eu-west-1.compute.internal:57273/16 completed (2012-11-23 17:38:10)
Registration for worker at rmi://ip-10-33-3-165.eu-west-1.compute.internal:57273/7 completed (2012-11-23 17:38:10)
Registration for worker at rmi://ip-10-33-3-165.eu-west-1.compute.internal:57273/14 completed (2012-11-23 17:38:10)
Registration for worker at rmi://ip-10-33-3-165.eu-west-1.compute.internal:57273/6 completed (2012-11-23 17:38:10)
Registration for worker at rmi://ip-10-33-3-165.eu-west-1.compute.internal:57273/10 completed (2012-11-23 17:38:10)
Registration for worker at rmi://ip-10-33-3-165.eu-west-1.compute.internal:57273/21 completed (2012-11-23 17:38:10)
Registration for worker at rmi://ip-10-33-1-98.eu-west-1.compute.internal:51932/9 completed (2012-11-23 17:38:10)
Registration for worker at rmi://ip-10-33-3-165.eu-west-1.compute.internal:57273/18 completed (2012-11-23 17:38:10)
Registration for worker at rmi://ip-10-33-3-165.eu-west-1.compute.internal:57273/3 completed (2012-11-23 17:38:10)
Registration for worker at rmi://ip-10-33-3-165.eu-west-1.compute.internal:57273/4 completed (2012-11-23 17:38:10)
Registration for worker at rmi://ip-10-33-3-165.eu-west-1.compute.internal:57273/2 completed (2012-11-23 17:38:10)
Registration for worker at rmi://ip-10-33-3-165.eu-west-1.compute.internal:57273/0 completed (2012-11-23 17:38:10)
Registration for worker at rmi://ip-10-33-3-165.eu-west-1.compute.internal:57273/8 completed (2012-11-23 17:38:10)
Registration for worker at rmi://ip-10-33-3-165.eu-west-1.compute.internal:57273/11 completed (2012-11-23 17:38:10)
Registration for worker at rmi://ip-10-33-1-98.eu-west-1.compute.internal:51932/17 completed (2012-11-23 17:38:10)
Registration for worker at rmi://ip-10-33-3-165.eu-west-1.compute.internal:57273/5 completed (2012-11-23 17:38:10)
Registration for worker at rmi://ip-10-33-3-165.eu-west-1.compute.internal:57273/20 completed (2012-11-23 17:38:10)
Registration for worker at rmi://ip-10-33-1-167.eu-west-1.compute.internal:44115/11 completed (2012-11-23 17:38:10)
Registration for worker at rmi://ip-10-33-3-165.eu-west-1.compute.internal:57273/15 completed (2012-11-23 17:38:11)
Registration for worker at rmi://ip-10-33-3-165.eu-west-1.compute.internal:57273/1 completed (2012-11-23 17:38:11)
Registration for worker at rmi://ip-10-33-0-156.eu-west-1.compute.internal:41014/29 completed (2012-11-23 17:38:11)
Registration for worker at rmi://ip-10-33-0-156.eu-west-1.compute.internal:41014/31 completed (2012-11-23 17:38:11)
Registration for worker at rmi://ip-10-33-0-156.eu-west-1.compute.internal:41014/30 completed (2012-11-23 17:38:11)
Registration for worker at rmi://ip-10-33-0-156.eu-west-1.compute.internal:41014/28 completed (2012-11-23 17:38:11)
Registration for worker at rmi://ip-10-33-0-156.eu-west-1.compute.internal:41014/27 completed (2012-11-23 17:38:11)
Registration for worker at rmi://ip-10-33-0-156.eu-west-1.compute.internal:41014/26 completed (2012-11-23 17:38:11)
Registration for worker at rmi://ip-10-33-0-156.eu-west-1.compute.internal:41014/25 completed (2012-11-23 17:38:11)
Registration for worker at rmi://ip-10-33-0-156.eu-west-1.compute.internal:41014/20 completed (2012-11-23 17:38:11)
Registration for worker at rmi://ip-10-33-0-156.eu-west-1.compute.internal:41014/10 completed (2012-11-23 17:38:11)
Registration for worker at rmi://ip-10-33-0-156.eu-west-1.compute.internal:41014/22 completed (2012-11-23 17:38:11)
Registration for worker at rmi://ip-10-33-0-156.eu-west-1.compute.internal:41014/19 completed (2012-11-23 17:38:11)
Registration for worker at rmi://ip-10-33-0-156.eu-west-1.compute.internal:41014/1 completed (2012-11-23 17:38:11)
Registration for worker at rmi://ip-10-33-0-156.eu-west-1.compute.internal:41014/24 completed (2012-11-23 17:38:11)
Registration for worker at rmi://ip-10-33-0-156.eu-west-1.compute.internal:41014/6 completed (2012-11-23 17:38:11)
Registration for worker at rmi://ip-10-33-0-156.eu-west-1.compute.internal:41014/13 completed (2012-11-23 17:38:11)
Registration for worker at rmi://ip-10-33-0-156.eu-west-1.compute.internal:41014/21 completed (2012-11-23 17:38:11)
Registration for worker at rmi://ip-10-33-0-156.eu-west-1.compute.internal:41014/2 completed (2012-11-23 17:38:11)
Registration for worker at rmi://ip-10-33-0-156.eu-west-1.compute.internal:41014/9 completed (2012-11-23 17:38:11)
Registration for worker at rmi://ip-10-33-0-156.eu-west-1.compute.internal:41014/0 completed (2012-11-23 17:38:11)
Registration for worker at rmi://ip-10-33-0-156.eu-west-1.compute.internal:41014/11 completed (2012-11-23 17:38:11)
Registration for worker at rmi://ip-10-33-0-156.eu-west-1.compute.internal:41014/8 completed (2012-11-23 17:38:11)
Registration for worker at rmi://ip-10-33-0-156.eu-west-1.compute.internal:41014/16 completed (2012-11-23 17:38:11)
Registration for worker at rmi://ip-10-33-0-156.eu-west-1.compute.internal:41014/5 completed (2012-11-23 17:38:11)
Registration for worker at rmi://ip-10-33-0-156.eu-west-1.compute.internal:41014/14 completed (2012-11-23 17:38:11)
Registration for worker at rmi://ip-10-33-0-156.eu-west-1.compute.internal:41014/4 completed (2012-11-23 17:38:11)
Registration for worker at rmi://ip-10-33-0-156.eu-west-1.compute.internal:41014/17 completed (2012-11-23 17:38:11)
Registration for worker at rmi://ip-10-33-0-156.eu-west-1.compute.internal:41014/15 completed (2012-11-23 17:38:11)
Registration for worker at rmi://ip-10-33-0-156.eu-west-1.compute.internal:41014/3 completed (2012-11-23 17:38:11)
Registration for worker at rmi://ip-10-33-0-156.eu-west-1.compute.internal:41014/23 completed (2012-11-23 17:38:11)
Registration for worker at rmi://ip-10-33-0-156.eu-west-1.compute.internal:41014/7 completed (2012-11-23 17:38:11)
Registration for worker at rmi://ip-10-33-0-156.eu-west-1.compute.internal:41014/12 completed (2012-11-23 17:38:11)
Registration for worker at rmi://ip-10-33-2-208.eu-west-1.compute.internal:40881/30 completed (2012-11-23 17:38:11)
Registration for worker at rmi://ip-10-33-2-208.eu-west-1.compute.internal:40881/31 completed (2012-11-23 17:38:11)
Registration for worker at rmi://ip-10-33-2-208.eu-west-1.compute.internal:40881/26 completed (2012-11-23 17:38:11)
Registration for worker at rmi://ip-10-33-2-208.eu-west-1.compute.internal:40881/29 completed (2012-11-23 17:38:11)
Registration for worker at rmi://ip-10-33-2-208.eu-west-1.compute.internal:40881/20 completed (2012-11-23 17:38:11)
Registration for worker at rmi://ip-10-33-2-208.eu-west-1.compute.internal:40881/28 completed (2012-11-23 17:38:11)
Registration for worker at rmi://ip-10-33-2-208.eu-west-1.compute.internal:40881/24 completed (2012-11-23 17:38:11)
Registration for worker at rmi://ip-10-33-2-208.eu-west-1.compute.internal:40881/5 completed (2012-11-23 17:38:11)
Registration for worker at rmi://ip-10-33-2-208.eu-west-1.compute.internal:40881/27 completed (2012-11-23 17:38:11)
Registration for worker at rmi://ip-10-33-2-208.eu-west-1.compute.internal:40881/21 completed (2012-11-23 17:38:11)
Registration for worker at rmi://ip-10-33-2-208.eu-west-1.compute.internal:40881/22 completed (2012-11-23 17:38:11)
Registration for worker at rmi://ip-10-33-2-208.eu-west-1.compute.internal:40881/23 completed (2012-11-23 17:38:11)
Registration for worker at rmi://ip-10-33-2-208.eu-west-1.compute.internal:40881/25 completed (2012-11-23 17:38:11)
Registration for worker at rmi://ip-10-33-2-208.eu-west-1.compute.internal:40881/19 completed (2012-11-23 17:38:11)
Registration for worker at rmi://ip-10-33-2-208.eu-west-1.compute.internal:40881/4 completed (2012-11-23 17:38:11)
Registration for worker at rmi://ip-10-33-2-208.eu-west-1.compute.internal:40881/16 completed (2012-11-23 17:38:11)
Registration for worker at rmi://ip-10-33-2-208.eu-west-1.compute.internal:40881/17 completed (2012-11-23 17:38:11)
Registration for worker at rmi://ip-10-33-2-208.eu-west-1.compute.internal:40881/2 completed (2012-11-23 17:38:11)
Registration for worker at rmi://ip-10-33-2-208.eu-west-1.compute.internal:40881/12 completed (2012-11-23 17:38:11)
Registration for worker at rmi://ip-10-33-2-208.eu-west-1.compute.internal:40881/6 completed (2012-11-23 17:38:11)
Registration for worker at rmi://ip-10-33-2-208.eu-west-1.compute.internal:40881/10 completed (2012-11-23 17:38:11)
Registration for worker at rmi://ip-10-33-2-208.eu-west-1.compute.internal:40881/1 completed (2012-11-23 17:38:11)
Registration for worker at rmi://ip-10-33-2-208.eu-west-1.compute.internal:40881/11 completed (2012-11-23 17:38:11)
Registration for worker at rmi://ip-10-33-2-208.eu-west-1.compute.internal:40881/14 completed (2012-11-23 17:38:11)
Registration for worker at rmi://ip-10-33-2-208.eu-west-1.compute.internal:40881/3 completed (2012-11-23 17:38:11)
Registration for worker at rmi://ip-10-33-2-208.eu-west-1.compute.internal:40881/18 completed (2012-11-23 17:38:11)
Registration for worker at rmi://ip-10-33-2-208.eu-west-1.compute.internal:40881/7 completed (2012-11-23 17:38:11)
Registration for worker at rmi://ip-10-33-2-208.eu-west-1.compute.internal:40881/13 completed (2012-11-23 17:38:11)
Registration for worker at rmi://ip-10-33-2-208.eu-west-1.compute.internal:40881/8 completed (2012-11-23 17:38:11)
Registration for worker at rmi://ip-10-33-2-208.eu-west-1.compute.internal:40881/9 completed (2012-11-23 17:38:11)
Registration for worker at rmi://ip-10-33-2-208.eu-west-1.compute.internal:40881/0 completed (2012-11-23 17:38:11)
Registration for worker at rmi://ip-10-33-2-208.eu-west-1.compute.internal:40881/15 completed (2012-11-23 17:38:11)
Registration for worker at rmi://ip-10-33-3-10.eu-west-1.compute.internal:48042/24 completed (2012-11-23 17:38:11)
Registration for worker at rmi://ip-10-33-3-251.eu-west-1.compute.internal:58309/24 completed (2012-11-23 17:38:11)
Registration for worker at rmi://ip-10-33-3-251.eu-west-1.compute.internal:58309/28 completed (2012-11-23 17:38:11)
Registration for worker at rmi://ip-10-33-3-251.eu-west-1.compute.internal:58309/21 completed (2012-11-23 17:38:11)
Registration for worker at rmi://ip-10-33-3-251.eu-west-1.compute.internal:58309/12 completed (2012-11-23 17:38:11)
Registration for worker at rmi://ip-10-33-3-251.eu-west-1.compute.internal:58309/22 completed (2012-11-23 17:38:11)
Registration for worker at rmi://ip-10-33-3-251.eu-west-1.compute.internal:58309/7 completed (2012-11-23 17:38:11)
Registration for worker at rmi://ip-10-33-3-251.eu-west-1.compute.internal:58309/8 completed (2012-11-23 17:38:11)
Registration for worker at rmi://ip-10-33-3-251.eu-west-1.compute.internal:58309/25 completed (2012-11-23 17:38:11)
Registration for worker at rmi://ip-10-33-3-251.eu-west-1.compute.internal:58309/20 completed (2012-11-23 17:38:11)
Registration for worker at rmi://ip-10-33-3-251.eu-west-1.compute.internal:58309/4 completed (2012-11-23 17:38:11)
Registration for worker at rmi://ip-10-33-3-251.eu-west-1.compute.internal:58309/23 completed (2012-11-23 17:38:11)
Registration for worker at rmi://ip-10-33-1-80.eu-west-1.compute.internal:33601/31 completed (2012-11-23 17:38:11)
Registration for worker at rmi://ip-10-33-3-251.eu-west-1.compute.internal:58309/18 completed (2012-11-23 17:38:11)
Registration for worker at rmi://ip-10-33-3-251.eu-west-1.compute.internal:58309/9 completed (2012-11-23 17:38:11)
Registration for worker at rmi://ip-10-33-3-251.eu-west-1.compute.internal:58309/5 completed (2012-11-23 17:38:11)
Registration for worker at rmi://ip-10-33-1-80.eu-west-1.compute.internal:33601/29 completed (2012-11-23 17:38:11)
Registration for worker at rmi://ip-10-33-1-80.eu-west-1.compute.internal:33601/28 completed (2012-11-23 17:38:11)
Registration for worker at rmi://ip-10-33-0-224.eu-west-1.compute.internal:37494/30 completed (2012-11-23 17:38:11)
Registration for worker at rmi://ip-10-33-1-80.eu-west-1.compute.internal:33601/30 completed (2012-11-23 17:38:11)
Registration for worker at rmi://ip-10-33-1-167.eu-west-1.compute.internal:44115/28 completed (2012-11-23 17:38:11)
Registration for worker at rmi://ip-10-33-1-167.eu-west-1.compute.internal:44115/27 completed (2012-11-23 17:38:11)
Registration for worker at rmi://ip-10-33-1-167.eu-west-1.compute.internal:44115/29 completed (2012-11-23 17:38:11)
Registration for worker at rmi://ip-10-33-1-80.eu-west-1.compute.internal:33601/17 completed (2012-11-23 17:38:11)
Registration for worker at rmi://ip-10-33-1-80.eu-west-1.compute.internal:33601/4 completed (2012-11-23 17:38:11)
Registration for worker at rmi://ip-10-33-1-80.eu-west-1.compute.internal:33601/7 completed (2012-11-23 17:38:11)
Registration for worker at rmi://ip-10-33-0-224.eu-west-1.compute.internal:37494/29 completed (2012-11-23 17:38:11)
Registration for worker at rmi://ip-10-33-0-224.eu-west-1.compute.internal:37494/27 completed (2012-11-23 17:38:11)
Registration for worker at rmi://ip-10-33-1-80.eu-west-1.compute.internal:33601/18 completed (2012-11-23 17:38:12)
Registration for worker at rmi://ip-10-33-1-80.eu-west-1.compute.internal:33601/5 completed (2012-11-23 17:38:12)
Registration for worker at rmi://ip-10-33-0-224.eu-west-1.compute.internal:37494/28 completed (2012-11-23 17:38:12)
Registration for worker at rmi://ip-10-33-0-224.eu-west-1.compute.internal:37494/2 completed (2012-11-23 17:38:12)
Registration for worker at rmi://ip-10-33-1-80.eu-west-1.compute.internal:33601/1 completed (2012-11-23 17:38:12)
Registration for worker at rmi://ip-10-33-0-224.eu-west-1.compute.internal:37494/25 completed (2012-11-23 17:38:12)
Registration for worker at rmi://ip-10-33-1-80.eu-west-1.compute.internal:33601/11 completed (2012-11-23 17:38:12)
Registration for worker at rmi://ip-10-33-0-224.eu-west-1.compute.internal:37494/24 completed (2012-11-23 17:38:12)
Registration for worker at rmi://ip-10-33-0-224.eu-west-1.compute.internal:37494/15 completed (2012-11-23 17:38:12)
Registration for worker at rmi://ip-10-33-1-80.eu-west-1.compute.internal:33601/15 completed (2012-11-23 17:38:12)
Registration for worker at rmi://ip-10-33-1-80.eu-west-1.compute.internal:33601/0 completed (2012-11-23 17:38:12)
Registration for worker at rmi://ip-10-33-0-224.eu-west-1.compute.internal:37494/8 completed (2012-11-23 17:38:12)
Registration for worker at rmi://ip-10-33-1-80.eu-west-1.compute.internal:33601/21 completed (2012-11-23 17:38:12)
Registration for worker at rmi://ip-10-33-0-224.eu-west-1.compute.internal:37494/14 completed (2012-11-23 17:38:12)
Registration for worker at rmi://ip-10-33-1-80.eu-west-1.compute.internal:33601/10 completed (2012-11-23 17:38:12)
Registration for worker at rmi://ip-10-33-1-80.eu-west-1.compute.internal:33601/6 completed (2012-11-23 17:38:12)
Registration for worker at rmi://ip-10-33-1-80.eu-west-1.compute.internal:33601/12 completed (2012-11-23 17:38:12)
Registration for worker at rmi://ip-10-33-1-80.eu-west-1.compute.internal:33601/14 completed (2012-11-23 17:38:12)
Registration for worker at rmi://ip-10-33-1-80.eu-west-1.compute.internal:33601/8 completed (2012-11-23 17:38:12)
Registration for worker at rmi://ip-10-33-1-80.eu-west-1.compute.internal:33601/2 completed (2012-11-23 17:38:12)
Registration for worker at rmi://ip-10-33-1-80.eu-west-1.compute.internal:33601/13 completed (2012-11-23 17:38:12)
Registration for worker at rmi://ip-10-33-1-80.eu-west-1.compute.internal:33601/3 completed (2012-11-23 17:38:12)
Registration for worker at rmi://ip-10-33-1-80.eu-west-1.compute.internal:33601/20 completed (2012-11-23 17:38:12)
Registration for worker at rmi://ip-10-33-1-80.eu-west-1.compute.internal:33601/19 completed (2012-11-23 17:38:12)
Registration for worker at rmi://ip-10-33-0-224.eu-west-1.compute.internal:37494/3 completed (2012-11-23 17:38:12)
Registration for worker at rmi://ip-10-33-0-224.eu-west-1.compute.internal:37494/9 completed (2012-11-23 17:38:12)
Registration for worker at rmi://ip-10-33-0-224.eu-west-1.compute.internal:37494/4 completed (2012-11-23 17:38:12)
Registration for worker at rmi://ip-10-33-1-98.eu-west-1.compute.internal:51932/31 completed (2012-11-23 17:38:12)
Registration for worker at rmi://ip-10-33-1-98.eu-west-1.compute.internal:51932/29 completed (2012-11-23 17:38:12)
Registration for worker at rmi://ip-10-33-1-98.eu-west-1.compute.internal:51932/30 completed (2012-11-23 17:38:12)
Registration for worker at rmi://ip-10-33-0-224.eu-west-1.compute.internal:37494/11 completed (2012-11-23 17:38:12)
Registration for worker at rmi://ip-10-33-1-98.eu-west-1.compute.internal:51932/28 completed (2012-11-23 17:38:12)
Registration for worker at rmi://ip-10-33-0-224.eu-west-1.compute.internal:37494/1 completed (2012-11-23 17:38:12)
Registration for worker at rmi://ip-10-33-0-224.eu-west-1.compute.internal:37494/26 completed (2012-11-23 17:38:12)
Registration for worker at rmi://ip-10-33-0-224.eu-west-1.compute.internal:37494/19 completed (2012-11-23 17:38:12)
Registration for worker at rmi://ip-10-33-0-224.eu-west-1.compute.internal:37494/17 completed (2012-11-23 17:38:12)
Registration for worker at rmi://ip-10-33-0-224.eu-west-1.compute.internal:37494/10 completed (2012-11-23 17:38:12)
Registration for worker at rmi://ip-10-33-0-224.eu-west-1.compute.internal:37494/12 completed (2012-11-23 17:38:12)
Registration for worker at rmi://ip-10-33-0-224.eu-west-1.compute.internal:37494/18 completed (2012-11-23 17:38:12)
Registration for worker at rmi://ip-10-33-0-224.eu-west-1.compute.internal:37494/0 completed (2012-11-23 17:38:12)
Registration for worker at rmi://ip-10-33-0-224.eu-west-1.compute.internal:37494/5 completed (2012-11-23 17:38:12)
Registration for worker at rmi://ip-10-33-1-167.eu-west-1.compute.internal:44115/3 completed (2012-11-23 17:38:12)
Registration for worker at rmi://ip-10-33-1-167.eu-west-1.compute.internal:44115/25 completed (2012-11-23 17:38:12)
Registration for worker at rmi://ip-10-33-1-167.eu-west-1.compute.internal:44115/10 completed (2012-11-23 17:38:12)
Registration for worker at rmi://ip-10-33-0-224.eu-west-1.compute.internal:37494/6 completed (2012-11-23 17:38:12)
Registration for worker at rmi://ip-10-33-0-224.eu-west-1.compute.internal:37494/13 completed (2012-11-23 17:38:12)
Registration for worker at rmi://ip-10-33-1-98.eu-west-1.compute.internal:51932/23 completed (2012-11-23 17:38:12)
Registration for worker at rmi://ip-10-33-1-98.eu-west-1.compute.internal:51932/26 completed (2012-11-23 17:38:12)
Registration for worker at rmi://ip-10-33-1-98.eu-west-1.compute.internal:51932/24 completed (2012-11-23 17:38:12)
Registration for worker at rmi://ip-10-33-1-98.eu-west-1.compute.internal:51932/22 completed (2012-11-23 17:38:12)
Registration for worker at rmi://ip-10-33-3-251.eu-west-1.compute.internal:58309/2 completed (2012-11-23 17:38:12)
Registration for worker at rmi://ip-10-33-3-251.eu-west-1.compute.internal:58309/14 completed (2012-11-23 17:38:12)
Registration for worker at rmi://ip-10-33-3-251.eu-west-1.compute.internal:58309/6 completed (2012-11-23 17:38:12)
Registration for worker at rmi://ip-10-33-3-251.eu-west-1.compute.internal:58309/11 completed (2012-11-23 17:38:12)
Registration for worker at rmi://ip-10-33-3-251.eu-west-1.compute.internal:58309/13 completed (2012-11-23 17:38:12)
Registration for worker at rmi://ip-10-33-3-251.eu-west-1.compute.internal:58309/17 completed (2012-11-23 17:38:12)
Registration for worker at rmi://ip-10-33-3-251.eu-west-1.compute.internal:58309/0 completed (2012-11-23 17:38:12)
Registration for worker at rmi://ip-10-33-3-251.eu-west-1.compute.internal:58309/19 completed (2012-11-23 17:38:12)
Registration for worker at rmi://ip-10-33-3-251.eu-west-1.compute.internal:58309/16 completed (2012-11-23 17:38:12)
Registration for worker at rmi://ip-10-33-1-80.eu-west-1.compute.internal:33601/24 completed (2012-11-23 17:38:12)
Registration for worker at rmi://ip-10-33-0-224.eu-west-1.compute.internal:37494/31 completed (2012-11-23 17:38:12)
Registration for worker at rmi://ip-10-33-0-224.eu-west-1.compute.internal:37494/22 completed (2012-11-23 17:38:12)
Registration for worker at rmi://ip-10-33-0-224.eu-west-1.compute.internal:37494/21 completed (2012-11-23 17:38:12)
Registration for worker at rmi://ip-10-33-1-167.eu-west-1.compute.internal:44115/20 completed (2012-11-23 17:38:12)
Registration for worker at rmi://ip-10-33-0-224.eu-west-1.compute.internal:37494/20 completed (2012-11-23 17:38:12)
Registration for worker at rmi://ip-10-33-1-167.eu-west-1.compute.internal:44115/26 completed (2012-11-23 17:38:12)
Registration for worker at rmi://ip-10-33-1-167.eu-west-1.compute.internal:44115/23 completed (2012-11-23 17:38:12)
Registration for worker at rmi://ip-10-33-1-167.eu-west-1.compute.internal:44115/21 completed (2012-11-23 17:38:12)
Registration for worker at rmi://ip-10-33-1-167.eu-west-1.compute.internal:44115/22 completed (2012-11-23 17:38:12)
Registration for worker at rmi://ip-10-33-1-167.eu-west-1.compute.internal:44115/24 completed (2012-11-23 17:38:12)
Registration for worker at rmi://ip-10-33-1-98.eu-west-1.compute.internal:51932/0 completed (2012-11-23 17:38:12)
Registration for worker at rmi://ip-10-33-3-165.eu-west-1.compute.internal:57273/27 completed (2012-11-23 17:38:12)
Registration for worker at rmi://ip-10-33-1-98.eu-west-1.compute.internal:51932/4 completed (2012-11-23 17:38:12)
Progress(23) at 2012-11-23 17:39:09: 16284911 states generated (16,284,911 s/min), 2748405 distinct states found (2,748,405 ds/min), 1497631 states left on queue.
Progress(29) at 2012-11-23 17:40:09: 35710022 states generated (19,425,111 s/min), 4927283 distinct states found (2,178,878 ds/min), 2138586 states left on queue.
Progress(29) at 2012-11-23 17:41:09: 57880529 states generated (22,170,507 s/min), 6978961 distinct states found (2,051,678 ds/min), 2466514 states left on queue.
Progress(40) at 2012-11-23 17:42:09: 84568832 states generated (26,688,303 s/min), 9062326 distinct states found (2,083,365 ds/min), 2580658 states left on queue.
Progress(40) at 2012-11-23 17:43:09: 112224837 states generated (27,656,005 s/min), 10940734 distinct states found (1,878,408 ds/min), 2484269 states left on queue.
Progress(40) at 2012-11-23 17:44:09: 141697589 states generated (29,472,752 s/min), 12759866 distinct states found (1,819,132 ds/min), 2236140 states left on queue.
Progress(40) at 2012-11-23 17:45:09: 170329221 states generated (28,631,632 s/min), 14525913 distinct states found (1,766,047 ds/min), 2004747 states left on queue.
Progress(40) at 2012-11-23 17:46:09: 199395029 states generated (29,065,808 s/min), 16038705 distinct states found (1,512,792 ds/min), 1478076 states left on queue.
Progress(45) at 2012-11-23 17:47:09: 230432869 states generated (31,037,840 s/min), 16777200 distinct states found (738,495 ds/min), 23370 states left on queue.
Worker: rmi://ip-10-33-1-80.eu-west-1.compute.internal:33601/8 Sent: 58325 Rcvd: 9831 CacheRatio: 0.04 (2012-11-23 17:47:17)
Worker: rmi://ip-10-33-0-156.eu-west-1.compute.internal:41014/7 Sent: 59218 Rcvd: 7864 CacheRatio: 0.03 (2012-11-23 17:47:17)
Worker: rmi://ip-10-33-1-167.eu-west-1.compute.internal:44115/10 Sent: 58512 Rcvd: 7946 CacheRatio: 0.03 (2012-11-23 17:47:17)
Worker: rmi://ip-10-33-1-80.eu-west-1.compute.internal:33601/26 Sent: 59760 Rcvd: 6972 CacheRatio: 0.03 (2012-11-23 17:47:17)
Worker: rmi://ip-10-33-0-156.eu-west-1.compute.internal:41014/28 Sent: 57916 Rcvd: 5931 CacheRatio: 0.03 (2012-11-23 17:47:17)
Worker: rmi://ip-10-33-3-165.eu-west-1.compute.internal:57273/14 Sent: 58754 Rcvd: 9179 CacheRatio: 0.03 (2012-11-23 17:47:17)
Worker: rmi://ip-10-33-1-167.eu-west-1.compute.internal:44115/17 Sent: 58121 Rcvd: 8866 CacheRatio: 0.03 (2012-11-23 17:47:17)
Worker: rmi://ip-10-33-3-10.eu-west-1.compute.internal:48042/16 Sent: 57941 Rcvd: 6344 CacheRatio: 0.03 (2012-11-23 17:47:17)
Worker: rmi://ip-10-33-0-156.eu-west-1.compute.internal:41014/23 Sent: 58123 Rcvd: 6449 CacheRatio: 0.03 (2012-11-23 17:47:17)
Worker: rmi://ip-10-33-3-251.eu-west-1.compute.internal:58309/20 Sent: 58246 Rcvd: 4684 CacheRatio: 0.03 (2012-11-23 17:47:17)
Worker: rmi://ip-10-33-3-10.eu-west-1.compute.internal:48042/5 Sent: 56720 Rcvd: 4622 CacheRatio: 0.03 (2012-11-23 17:47:17)
Worker: rmi://ip-10-33-1-80.eu-west-1.compute.internal:33601/11 Sent: 57556 Rcvd: 7353 CacheRatio: 0.03 (2012-11-23 17:47:17)
Worker: rmi://ip-10-33-3-251.eu-west-1.compute.internal:58309/10 Sent: 56394 Rcvd: 5330 CacheRatio: 0.03 (2012-11-23 17:47:17)
Worker: rmi://ip-10-33-1-98.eu-west-1.compute.internal:51932/30 Sent: 58968 Rcvd: 5679 CacheRatio: 0.02 (2012-11-23 17:47:17)
Worker: rmi://ip-10-33-0-224.eu-west-1.compute.internal:37494/14 Sent: 57421 Rcvd: 3873 CacheRatio: 0.03 (2012-11-23 17:47:17)
Worker: rmi://ip-10-33-2-208.eu-west-1.compute.internal:40881/6 Sent: 60676 Rcvd: 8859 CacheRatio: 0.03 (2012-11-23 17:47:17)
Worker: rmi://ip-10-33-1-80.eu-west-1.compute.internal:33601/16 Sent: 58137 Rcvd: 6377 CacheRatio: 0.02 (2012-11-23 17:47:17)
Worker: rmi://ip-10-33-1-167.eu-west-1.compute.internal:44115/28 Sent: 58328 Rcvd: 7570 CacheRatio: 0.03 (2012-11-23 17:47:17)
Worker: rmi://ip-10-33-1-80.eu-west-1.compute.internal:33601/7 Sent: 58138 Rcvd: 10607 CacheRatio: 0.02 (2012-11-23 17:47:17)
Worker: rmi://ip-10-33-0-224.eu-west-1.compute.internal:37494/25 Sent: 56049 Rcvd: 4424 CacheRatio: 0.04 (2012-11-23 17:47:17)
Worker: rmi://ip-10-33-3-251.eu-west-1.compute.internal:58309/9 Sent: 56378 Rcvd: 7315 CacheRatio: 0.03 (2012-11-23 17:47:17)
Worker: rmi://ip-10-33-2-208.eu-west-1.compute.internal:40881/18 Sent: 62718 Rcvd: 9014 CacheRatio: 0.03 (2012-11-23 17:47:17)
Worker: rmi://ip-10-33-2-208.eu-west-1.compute.internal:40881/29 Sent: 63249 Rcvd: 12252 CacheRatio: 0.03 (2012-11-23 17:47:17)
Worker: rmi://ip-10-33-0-224.eu-west-1.compute.internal:37494/1 Sent: 56041 Rcvd: 3296 CacheRatio: 0.03 (2012-11-23 17:47:17)
Worker: rmi://ip-10-33-3-165.eu-west-1.compute.internal:57273/16 Sent: 59500 Rcvd: 5758 CacheRatio: 0.02 (2012-11-23 17:47:17)
Worker: rmi://ip-10-33-3-10.eu-west-1.compute.internal:48042/17 Sent: 58224 Rcvd: 4206 CacheRatio: 0.03 (2012-11-23 17:47:17)
Worker: rmi://ip-10-33-3-10.eu-west-1.compute.internal:48042/29 Sent: 57113 Rcvd: 6952 CacheRatio: 0.03 (2012-11-23 17:47:17)
Worker: rmi://ip-10-33-1-167.eu-west-1.compute.internal:44115/27 Sent: 58652 Rcvd: 5085 CacheRatio: 0.02 (2012-11-23 17:47:17)
Worker: rmi://ip-10-33-1-80.eu-west-1.compute.internal:33601/13 Sent: 58043 Rcvd: 6266 CacheRatio: 0.03 (2012-11-23 17:47:17)
Worker: rmi://ip-10-33-3-251.eu-west-1.compute.internal:58309/2 Sent: 55621 Rcvd: 6032 CacheRatio: 0.03 (2012-11-23 17:47:17)
Worker: rmi://ip-10-33-3-10.eu-west-1.compute.internal:48042/18 Sent: 57453 Rcvd: 5100 CacheRatio: 0.03 (2012-11-23 17:47:17)
Worker: rmi://ip-10-33-0-224.eu-west-1.compute.internal:37494/30 Sent: 55038 Rcvd: 5832 CacheRatio: 0.03 (2012-11-23 17:47:17)
Worker: rmi://ip-10-33-3-165.eu-west-1.compute.internal:57273/11 Sent: 58508 Rcvd: 5798 CacheRatio: 0.03 (2012-11-23 17:47:17)
Worker: rmi://ip-10-33-3-251.eu-west-1.compute.internal:58309/17 Sent: 57239 Rcvd: 5114 CacheRatio: 0.02 (2012-11-23 17:47:17)
Worker: rmi://ip-10-33-2-208.eu-west-1.compute.internal:40881/15 Sent: 61075 Rcvd: 10846 CacheRatio: 0.02 (2012-11-23 17:47:17)
Worker: rmi://ip-10-33-0-156.eu-west-1.compute.internal:41014/25 Sent: 58446 Rcvd: 8003 CacheRatio: 0.02 (2012-11-23 17:47:17)
Worker: rmi://ip-10-33-1-167.eu-west-1.compute.internal:44115/19 Sent: 58447 Rcvd: 9549 CacheRatio: 0.03 (2012-11-23 17:47:17)
Worker: rmi://ip-10-33-2-208.eu-west-1.compute.internal:40881/11 Sent: 61309 Rcvd: 14555 CacheRatio: 0.02 (2012-11-23 17:47:17)
Worker: rmi://ip-10-33-0-224.eu-west-1.compute.internal:37494/2 Sent: 56119 Rcvd: 3424 CacheRatio: 0.02 (2012-11-23 17:47:17)
Worker: rmi://ip-10-33-1-167.eu-west-1.compute.internal:44115/22 Sent: 58007 Rcvd: 10273 CacheRatio: 0.03 (2012-11-23 17:47:17)
Worker: rmi://ip-10-33-1-167.eu-west-1.compute.internal:44115/25 Sent: 58362 Rcvd: 7856 CacheRatio: 0.02 (2012-11-23 17:47:17)
Worker: rmi://ip-10-33-0-224.eu-west-1.compute.internal:37494/4 Sent: 55500 Rcvd: 7886 CacheRatio: 0.03 (2012-11-23 17:47:17)
Worker: rmi://ip-10-33-1-98.eu-west-1.compute.internal:51932/4 Sent: 58488 Rcvd: 6922 CacheRatio: 0.02 (2012-11-23 17:47:17)
Worker: rmi://ip-10-33-1-98.eu-west-1.compute.internal:51932/7 Sent: 57969 Rcvd: 8090 CacheRatio: 0.03 (2012-11-23 17:47:17)
Worker: rmi://ip-10-33-3-165.eu-west-1.compute.internal:57273/13 Sent: 58347 Rcvd: 7857 CacheRatio: 0.02 (2012-11-23 17:47:17)
Worker: rmi://ip-10-33-0-224.eu-west-1.compute.internal:37494/16 Sent: 56402 Rcvd: 5165 CacheRatio: 0.02 (2012-11-23 17:47:17)
Worker: rmi://ip-10-33-3-251.eu-west-1.compute.internal:58309/27 Sent: 59328 Rcvd: 4467 CacheRatio: 0.03 (2012-11-23 17:47:17)
Worker: rmi://ip-10-33-1-98.eu-west-1.compute.internal:51932/9 Sent: 58180 Rcvd: 5491 CacheRatio: 0.02 (2012-11-23 17:47:17)
Worker: rmi://ip-10-33-3-165.eu-west-1.compute.internal:57273/0 Sent: 61904 Rcvd: 9800 CacheRatio: 0.02 (2012-11-23 17:47:17)
Worker: rmi://ip-10-33-2-208.eu-west-1.compute.internal:40881/27 Sent: 60754 Rcvd: 8188 CacheRatio: 0.03 (2012-11-23 17:47:17)
Worker: rmi://ip-10-33-2-208.eu-west-1.compute.internal:40881/5 Sent: 60983 Rcvd: 10583 CacheRatio: 0.02 (2012-11-23 17:47:17)
Worker: rmi://ip-10-33-1-98.eu-west-1.compute.internal:51932/22 Sent: 63207 Rcvd: 8152 CacheRatio: 0.02 (2012-11-23 17:47:17)
Worker: rmi://ip-10-33-3-165.eu-west-1.compute.internal:57273/23 Sent: 58221 Rcvd: 7793 CacheRatio: 0.03 (2012-11-23 17:47:17)
Worker: rmi://ip-10-33-2-208.eu-west-1.compute.internal:40881/14 Sent: 60202 Rcvd: 12531 CacheRatio: 0.03 (2012-11-23 17:47:17)
Worker: rmi://ip-10-33-0-224.eu-west-1.compute.internal:37494/10 Sent: 55753 Rcvd: 6199 CacheRatio: 0.03 (2012-11-23 17:47:17)
Worker: rmi://ip-10-33-0-224.eu-west-1.compute.internal:37494/9 Sent: 55847 Rcvd: 5599 CacheRatio: 0.02 (2012-11-23 17:47:17)
Worker: rmi://ip-10-33-3-165.eu-west-1.compute.internal:57273/4 Sent: 58236 Rcvd: 6854 CacheRatio: 0.03 (2012-11-23 17:47:17)
Worker: rmi://ip-10-33-1-167.eu-west-1.compute.internal:44115/21 Sent: 58459 Rcvd: 8983 CacheRatio: 0.03 (2012-11-23 17:47:17)
Worker: rmi://ip-10-33-3-251.eu-west-1.compute.internal:58309/12 Sent: 56199 Rcvd: 7172 CacheRatio: 0.03 (2012-11-23 17:47:17)
Worker: rmi://ip-10-33-1-80.eu-west-1.compute.internal:33601/22 Sent: 59112 Rcvd: 8846 CacheRatio: 0.03 (2012-11-23 17:47:17)
Worker: rmi://ip-10-33-2-208.eu-west-1.compute.internal:40881/9 Sent: 64373 Rcvd: 8985 CacheRatio: 0.03 (2012-11-23 17:47:17)
Worker: rmi://ip-10-33-0-224.eu-west-1.compute.internal:37494/13 Sent: 55787 Rcvd: 4892 CacheRatio: 0.03 (2012-11-23 17:47:17)
Worker: rmi://ip-10-33-3-165.eu-west-1.compute.internal:57273/6 Sent: 58606 Rcvd: 7115 CacheRatio: 0.03 (2012-11-23 17:47:17)
Worker: rmi://ip-10-33-1-167.eu-west-1.compute.internal:44115/16 Sent: 58743 Rcvd: 8085 CacheRatio: 0.02 (2012-11-23 17:47:17)
Worker: rmi://ip-10-33-3-165.eu-west-1.compute.internal:57273/25 Sent: 60454 Rcvd: 9065 CacheRatio: 0.03 (2012-11-23 17:47:17)
Worker: rmi://ip-10-33-1-98.eu-west-1.compute.internal:51932/13 Sent: 58700 Rcvd: 7533 CacheRatio: 0.03 (2012-11-23 17:47:17)
Worker: rmi://ip-10-33-3-251.eu-west-1.compute.internal:58309/5 Sent: 57490 Rcvd: 4503 CacheRatio: 0.03 (2012-11-23 17:47:17)
Worker: rmi://ip-10-33-2-208.eu-west-1.compute.internal:40881/17 Sent: 62068 Rcvd: 9868 CacheRatio: 0.02 (2012-11-23 17:47:17)
Worker: rmi://ip-10-33-1-167.eu-west-1.compute.internal:44115/23 Sent: 58992 Rcvd: 5505 CacheRatio: 0.03 (2012-11-23 17:47:17)
Worker: rmi://ip-10-33-1-80.eu-west-1.compute.internal:33601/20 Sent: 58072 Rcvd: 5415 CacheRatio: 0.03 (2012-11-23 17:47:17)
Worker: rmi://ip-10-33-3-251.eu-west-1.compute.internal:58309/7 Sent: 56906 Rcvd: 5707 CacheRatio: 0.03 (2012-11-23 17:47:17)
Worker: rmi://ip-10-33-1-98.eu-west-1.compute.internal:51932/15 Sent: 59291 Rcvd: 11566 CacheRatio: 0.02 (2012-11-23 17:47:17)
Worker: rmi://ip-10-33-3-10.eu-west-1.compute.internal:48042/15 Sent: 56862 Rcvd: 4695 CacheRatio: 0.03 (2012-11-23 17:47:17)
Worker: rmi://ip-10-33-0-224.eu-west-1.compute.internal:37494/21 Sent: 56888 Rcvd: 6938 CacheRatio: 0.03 (2012-11-23 17:47:17)
Worker: rmi://ip-10-33-2-208.eu-west-1.compute.internal:40881/8 Sent: 60970 Rcvd: 10777 CacheRatio: 0.02 (2012-11-23 17:47:17)
Worker: rmi://ip-10-33-1-98.eu-west-1.compute.internal:51932/17 Sent: 58256 Rcvd: 6003 CacheRatio: 0.03 (2012-11-23 17:47:17)
Worker: rmi://ip-10-33-3-10.eu-west-1.compute.internal:48042/23 Sent: 56598 Rcvd: 4955 CacheRatio: 0.02 (2012-11-23 17:47:17)
Worker: rmi://ip-10-33-0-156.eu-west-1.compute.internal:41014/19 Sent: 57846 Rcvd: 6136 CacheRatio: 0.02 (2012-11-23 17:47:17)
Worker: rmi://ip-10-33-1-80.eu-west-1.compute.internal:33601/21 Sent: 58406 Rcvd: 8880 CacheRatio: 0.02 (2012-11-23 17:47:17)
Worker: rmi://ip-10-33-0-156.eu-west-1.compute.internal:41014/29 Sent: 57879 Rcvd: 6780 CacheRatio: 0.03 (2012-11-23 17:47:17)
Worker: rmi://ip-10-33-0-224.eu-west-1.compute.internal:37494/20 Sent: 55673 Rcvd: 5801 CacheRatio: 0.02 (2012-11-23 17:47:17)
Worker: rmi://ip-10-33-1-80.eu-west-1.compute.internal:33601/25 Sent: 58008 Rcvd: 6797 CacheRatio: 0.03 (2012-11-23 17:47:17)
Worker: rmi://ip-10-33-1-98.eu-west-1.compute.internal:51932/24 Sent: 58830 Rcvd: 6732 CacheRatio: 0.03 (2012-11-23 17:47:17)
Worker: rmi://ip-10-33-1-98.eu-west-1.compute.internal:51932/16 Sent: 59476 Rcvd: 7087 CacheRatio: 0.03 (2012-11-23 17:47:17)
Worker: rmi://ip-10-33-1-167.eu-west-1.compute.internal:44115/12 Sent: 58553 Rcvd: 6917 CacheRatio: 0.02 (2012-11-23 17:47:17)
Worker: rmi://ip-10-33-1-80.eu-west-1.compute.internal:33601/6 Sent: 58042 Rcvd: 9175 CacheRatio: 0.03 (2012-11-23 17:47:17)
Worker: rmi://ip-10-33-1-98.eu-west-1.compute.internal:51932/23 Sent: 58432 Rcvd: 9036 CacheRatio: 0.02 (2012-11-23 17:47:17)
Worker: rmi://ip-10-33-1-80.eu-west-1.compute.internal:33601/14 Sent: 59651 Rcvd: 5333 CacheRatio: 0.02 (2012-11-23 17:47:17)
Worker: rmi://ip-10-33-0-156.eu-west-1.compute.internal:41014/18 Sent: 57345 Rcvd: 6944 CacheRatio: 0.02 (2012-11-23 17:47:17)
Worker: rmi://ip-10-33-1-80.eu-west-1.compute.internal:33601/18 Sent: 58623 Rcvd: 5733 CacheRatio: 0.03 (2012-11-23 17:47:17)
Worker: rmi://ip-10-33-3-165.eu-west-1.compute.internal:57273/17 Sent: 57931 Rcvd: 5135 CacheRatio: 0.02 (2012-11-23 17:47:17)
Worker: rmi://ip-10-33-1-80.eu-west-1.compute.internal:33601/9 Sent: 57878 Rcvd: 7526 CacheRatio: 0.02 (2012-11-23 17:47:17)
Worker: rmi://ip-10-33-1-167.eu-west-1.compute.internal:44115/20 Sent: 58353 Rcvd: 6969 CacheRatio: 0.03 (2012-11-23 17:47:17)
Worker: rmi://ip-10-33-0-156.eu-west-1.compute.internal:41014/6 Sent: 58941 Rcvd: 7967 CacheRatio: 0.02 (2012-11-23 17:47:17)
Worker: rmi://ip-10-33-3-165.eu-west-1.compute.internal:57273/2 Sent: 58260 Rcvd: 10296 CacheRatio: 0.03 (2012-11-23 17:47:17)
Worker: rmi://ip-10-33-0-224.eu-west-1.compute.internal:37494/5 Sent: 55921 Rcvd: 4780 CacheRatio: 0.03 (2012-11-23 17:47:17)
Worker: rmi://ip-10-33-3-165.eu-west-1.compute.internal:57273/15 Sent: 58371 Rcvd: 7863 CacheRatio: 0.03 (2012-11-23 17:47:17)
Worker: rmi://ip-10-33-0-224.eu-west-1.compute.internal:37494/27 Sent: 55094 Rcvd: 8307 CacheRatio: 0.02 (2012-11-23 17:47:17)
Worker: rmi://ip-10-33-3-10.eu-west-1.compute.internal:48042/13 Sent: 57486 Rcvd: 4364 CacheRatio: 0.03 (2012-11-23 17:47:17)
Worker: rmi://ip-10-33-3-165.eu-west-1.compute.internal:57273/27 Sent: 58534 Rcvd: 8685 CacheRatio: 0.03 (2012-11-23 17:47:17)
Worker: rmi://ip-10-33-1-98.eu-west-1.compute.internal:51932/14 Sent: 58571 Rcvd: 5611 CacheRatio: 0.02 (2012-11-23 17:47:17)
Worker: rmi://ip-10-33-1-80.eu-west-1.compute.internal:33601/5 Sent: 58115 Rcvd: 7531 CacheRatio: 0.02 (2012-11-23 17:47:17)
Worker: rmi://ip-10-33-3-10.eu-west-1.compute.internal:48042/9 Sent: 56911 Rcvd: 7419 CacheRatio: 0.03 (2012-11-23 17:47:17)
Worker: rmi://ip-10-33-2-208.eu-west-1.compute.internal:40881/7 Sent: 60621 Rcvd: 8155 CacheRatio: 0.03 (2012-11-23 17:47:17)
Worker: rmi://ip-10-33-0-156.eu-west-1.compute.internal:41014/17 Sent: 58784 Rcvd: 5662 CacheRatio: 0.02 (2012-11-23 17:47:17)
Worker: rmi://ip-10-33-3-165.eu-west-1.compute.internal:57273/19 Sent: 58158 Rcvd: 6684 CacheRatio: 0.03 (2012-11-23 17:47:17)
Worker: rmi://ip-10-33-0-224.eu-west-1.compute.internal:37494/11 Sent: 55543 Rcvd: 4950 CacheRatio: 0.03 (2012-11-23 17:47:17)
Worker: rmi://ip-10-33-0-156.eu-west-1.compute.internal:41014/11 Sent: 57880 Rcvd: 8708 CacheRatio: 0.03 (2012-11-23 17:47:17)
Worker: rmi://ip-10-33-1-98.eu-west-1.compute.internal:51932/1 Sent: 58485 Rcvd: 7246 CacheRatio: 0.03 (2012-11-23 17:47:17)
Worker: rmi://ip-10-33-3-251.eu-west-1.compute.internal:58309/19 Sent: 56764 Rcvd: 8468 CacheRatio: 0.02 (2012-11-23 17:47:17)
Worker: rmi://ip-10-33-0-224.eu-west-1.compute.internal:37494/19 Sent: 56107 Rcvd: 5043 CacheRatio: 0.02 (2012-11-23 17:47:17)
Worker: rmi://ip-10-33-1-98.eu-west-1.compute.internal:51932/3 Sent: 58797 Rcvd: 7291 CacheRatio: 0.03 (2012-11-23 17:47:17)
Worker: rmi://ip-10-33-3-251.eu-west-1.compute.internal:58309/6 Sent: 56778 Rcvd: 6414 CacheRatio: 0.02 (2012-11-23 17:47:17)
Worker: rmi://ip-10-33-3-165.eu-west-1.compute.internal:57273/30 Sent: 58444 Rcvd: 6483 CacheRatio: 0.02 (2012-11-23 17:47:17)
Worker: rmi://ip-10-33-3-251.eu-west-1.compute.internal:58309/25 Sent: 56937 Rcvd: 9088 CacheRatio: 0.03 (2012-11-23 17:47:17)
Worker: rmi://ip-10-33-2-208.eu-west-1.compute.internal:40881/16 Sent: 61533 Rcvd: 8342 CacheRatio: 0.02 (2012-11-23 17:47:17)
Worker: rmi://ip-10-33-0-224.eu-west-1.compute.internal:37494/26 Sent: 54926 Rcvd: 6161 CacheRatio: 0.03 (2012-11-23 17:47:17)
Worker: rmi://ip-10-33-0-156.eu-west-1.compute.internal:41014/16 Sent: 57688 Rcvd: 7257 CacheRatio: 0.03 (2012-11-23 17:47:17)
Worker: rmi://ip-10-33-1-167.eu-west-1.compute.internal:44115/31 Sent: 58613 Rcvd: 7268 CacheRatio: 0.03 (2012-11-23 17:47:17)
Worker: rmi://ip-10-33-3-10.eu-west-1.compute.internal:48042/31 Sent: 56863 Rcvd: 6393 CacheRatio: 0.02 (2012-11-23 17:47:17)
Worker: rmi://ip-10-33-3-165.eu-west-1.compute.internal:57273/5 Sent: 58350 Rcvd: 7375 CacheRatio: 0.02 (2012-11-23 17:47:17)
Worker: rmi://ip-10-33-1-98.eu-west-1.compute.internal:51932/10 Sent: 58520 Rcvd: 7634 CacheRatio: 0.02 (2012-11-23 17:47:17)
Worker: rmi://ip-10-33-0-224.eu-west-1.compute.internal:37494/22 Sent: 57198 Rcvd: 5234 CacheRatio: 0.02 (2012-11-23 17:47:17)
Worker: rmi://ip-10-33-3-251.eu-west-1.compute.internal:58309/16 Sent: 55668 Rcvd: 6362 CacheRatio: 0.03 (2012-11-23 17:47:17)
Worker: rmi://ip-10-33-0-156.eu-west-1.compute.internal:41014/20 Sent: 58438 Rcvd: 8013 CacheRatio: 0.04 (2012-11-23 17:47:17)
Worker: rmi://ip-10-33-1-80.eu-west-1.compute.internal:33601/2 Sent: 58021 Rcvd: 7699 CacheRatio: 0.02 (2012-11-23 17:47:17)
Worker: rmi://ip-10-33-0-224.eu-west-1.compute.internal:37494/15 Sent: 55965 Rcvd: 4624 CacheRatio: 0.04 (2012-11-23 17:47:17)
Worker: rmi://ip-10-33-1-80.eu-west-1.compute.internal:33601/10 Sent: 61166 Rcvd: 5670 CacheRatio: 0.02 (2012-11-23 17:47:17)
Worker: rmi://ip-10-33-0-224.eu-west-1.compute.internal:37494/31 Sent: 55731 Rcvd: 4268 CacheRatio: 0.03 (2012-11-23 17:47:17)
Worker: rmi://ip-10-33-1-80.eu-west-1.compute.internal:33601/29 Sent: 59667 Rcvd: 8052 CacheRatio: 0.02 (2012-11-23 17:47:17)
Worker: rmi://ip-10-33-0-156.eu-west-1.compute.internal:41014/30 Sent: 58798 Rcvd: 7546 CacheRatio: 0.02 (2012-11-23 17:47:17)
Worker: rmi://ip-10-33-3-251.eu-west-1.compute.internal:58309/13 Sent: 56615 Rcvd: 5638 CacheRatio: 0.03 (2012-11-23 17:47:17)
Worker: rmi://ip-10-33-1-98.eu-west-1.compute.internal:51932/0 Sent: 59067 Rcvd: 7129 CacheRatio: 0.02 (2012-11-23 17:47:17)
Worker: rmi://ip-10-33-3-251.eu-west-1.compute.internal:58309/15 Sent: 57010 Rcvd: 4468 CacheRatio: 0.03 (2012-11-23 17:47:17)
Worker: rmi://ip-10-33-2-208.eu-west-1.compute.internal:40881/26 Sent: 60732 Rcvd: 9383 CacheRatio: 0.03 (2012-11-23 17:47:17)
Worker: rmi://ip-10-33-1-80.eu-west-1.compute.internal:33601/30 Sent: 57942 Rcvd: 8205 CacheRatio: 0.03 (2012-11-23 17:47:17)
Worker: rmi://ip-10-33-1-80.eu-west-1.compute.internal:33601/28 Sent: 58584 Rcvd: 8223 CacheRatio: 0.02 (2012-11-23 17:47:17)
Worker: rmi://ip-10-33-2-208.eu-west-1.compute.internal:40881/22 Sent: 60407 Rcvd: 8041 CacheRatio: 0.02 (2012-11-23 17:47:17)
Worker: rmi://ip-10-33-1-167.eu-west-1.compute.internal:44115/2 Sent: 59473 Rcvd: 7580 CacheRatio: 0.02 (2012-11-23 17:47:17)
Worker: rmi://ip-10-33-1-80.eu-west-1.compute.internal:33601/23 Sent: 57816 Rcvd: 9567 CacheRatio: 0.03 (2012-11-23 17:47:17)
Worker: rmi://ip-10-33-3-251.eu-west-1.compute.internal:58309/4 Sent: 56825 Rcvd: 6058 CacheRatio: 0.03 (2012-11-23 17:47:17)
Worker: rmi://ip-10-33-0-156.eu-west-1.compute.internal:41014/31 Sent: 61683 Rcvd: 6213 CacheRatio: 0.02 (2012-11-23 17:47:17)
Worker: rmi://ip-10-33-1-80.eu-west-1.compute.internal:33601/15 Sent: 57785 Rcvd: 8557 CacheRatio: 0.03 (2012-11-23 17:47:17)
Worker: rmi://ip-10-33-0-224.eu-west-1.compute.internal:37494/24 Sent: 55394 Rcvd: 6681 CacheRatio: 0.03 (2012-11-23 17:47:17)
Worker: rmi://ip-10-33-3-165.eu-west-1.compute.internal:57273/18 Sent: 58679 Rcvd: 7915 CacheRatio: 0.02 (2012-11-23 17:47:17)
Worker: rmi://ip-10-33-1-98.eu-west-1.compute.internal:51932/6 Sent: 58247 Rcvd: 8454 CacheRatio: 0.03 (2012-11-23 17:47:17)
Worker: rmi://ip-10-33-3-10.eu-west-1.compute.internal:48042/2 Sent: 58795 Rcvd: 5837 CacheRatio: 0.02 (2012-11-23 17:47:17)
Worker: rmi://ip-10-33-1-98.eu-west-1.compute.internal:51932/31 Sent: 58680 Rcvd: 9781 CacheRatio: 0.03 (2012-11-23 17:47:17)
Worker: rmi://ip-10-33-1-98.eu-west-1.compute.internal:51932/11 Sent: 58133 Rcvd: 7168 CacheRatio: 0.03 (2012-11-23 17:47:17)
Worker: rmi://ip-10-33-1-167.eu-west-1.compute.internal:44115/8 Sent: 58959 Rcvd: 6611 CacheRatio: 0.02 (2012-11-23 17:47:17)
Worker: rmi://ip-10-33-3-10.eu-west-1.compute.internal:48042/30 Sent: 56969 Rcvd: 5119 CacheRatio: 0.03 (2012-11-23 17:47:17)
Worker: rmi://ip-10-33-3-251.eu-west-1.compute.internal:58309/29 Sent: 57792 Rcvd: 7550 CacheRatio: 0.03 (2012-11-23 17:47:17)
Worker: rmi://ip-10-33-1-80.eu-west-1.compute.internal:33601/27 Sent: 58232 Rcvd: 9364 CacheRatio: 0.02 (2012-11-23 17:47:17)
Worker: rmi://ip-10-33-2-208.eu-west-1.compute.internal:40881/2 Sent: 60542 Rcvd: 11140 CacheRatio: 0.02 (2012-11-23 17:47:17)
Worker: rmi://ip-10-33-1-167.eu-west-1.compute.internal:44115/3 Sent: 58385 Rcvd: 9055 CacheRatio: 0.03 (2012-11-23 17:47:17)
Worker: rmi://ip-10-33-3-251.eu-west-1.compute.internal:58309/0 Sent: 55784 Rcvd: 6023 CacheRatio: 0.03 (2012-11-23 17:47:17)
Worker: rmi://ip-10-33-1-167.eu-west-1.compute.internal:44115/9 Sent: 58855 Rcvd: 6048 CacheRatio: 0.03 (2012-11-23 17:47:17)
Worker: rmi://ip-10-33-2-208.eu-west-1.compute.internal:40881/1 Sent: 61157 Rcvd: 8508 CacheRatio: 0.02 (2012-11-23 17:47:17)
Worker: rmi://ip-10-33-3-165.eu-west-1.compute.internal:57273/20 Sent: 58703 Rcvd: 7838 CacheRatio: 0.02 (2012-11-23 17:47:17)
Worker: rmi://ip-10-33-3-10.eu-west-1.compute.internal:48042/4 Sent: 57039 Rcvd: 7932 CacheRatio: 0.03 (2012-11-23 17:47:17)
Worker: rmi://ip-10-33-3-10.eu-west-1.compute.internal:48042/12 Sent: 59837 Rcvd: 5557 CacheRatio: 0.03 (2012-11-23 17:47:17)
Worker: rmi://ip-10-33-1-80.eu-west-1.compute.internal:33601/31 Sent: 57883 Rcvd: 5533 CacheRatio: 0.03 (2012-11-23 17:47:17)
Worker: rmi://ip-10-33-3-165.eu-west-1.compute.internal:57273/21 Sent: 58656 Rcvd: 5845 CacheRatio: 0.02 (2012-11-23 17:47:17)
Worker: rmi://ip-10-33-1-80.eu-west-1.compute.internal:33601/3 Sent: 58850 Rcvd: 5731 CacheRatio: 0.03 (2012-11-23 17:47:17)
Worker: rmi://ip-10-33-1-98.eu-west-1.compute.internal:51932/21 Sent: 58181 Rcvd: 8725 CacheRatio: 0.02 (2012-11-23 17:47:17)
Worker: rmi://ip-10-33-1-167.eu-west-1.compute.internal:44115/11 Sent: 58780 Rcvd: 6361 CacheRatio: 0.02 (2012-11-23 17:47:17)
Worker: rmi://ip-10-33-3-251.eu-west-1.compute.internal:58309/14 Sent: 56362 Rcvd: 8355 CacheRatio: 0.03 (2012-11-23 17:47:17)
Worker: rmi://ip-10-33-3-10.eu-west-1.compute.internal:48042/1 Sent: 56221 Rcvd: 4633 CacheRatio: 0.02 (2012-11-23 17:47:17)
Worker: rmi://ip-10-33-3-165.eu-west-1.compute.internal:57273/24 Sent: 58030 Rcvd: 5833 CacheRatio: 0.03 (2012-11-23 17:47:17)
Worker: rmi://ip-10-33-0-156.eu-west-1.compute.internal:41014/13 Sent: 58203 Rcvd: 8538 CacheRatio: 0.02 (2012-11-23 17:47:17)
Worker: rmi://ip-10-33-1-80.eu-west-1.compute.internal:33601/1 Sent: 60634 Rcvd: 8116 CacheRatio: 0.02 (2012-11-23 17:47:17)
Worker: rmi://ip-10-33-3-10.eu-west-1.compute.internal:48042/25 Sent: 56716 Rcvd: 7026 CacheRatio: 0.03 (2012-11-23 17:47:17)
Worker: rmi://ip-10-33-3-10.eu-west-1.compute.internal:48042/26 Sent: 56874 Rcvd: 5051 CacheRatio: 0.03 (2012-11-23 17:47:17)
Worker: rmi://ip-10-33-3-251.eu-west-1.compute.internal:58309/22 Sent: 57270 Rcvd: 5633 CacheRatio: 0.03 (2012-11-23 17:47:17)
Worker: rmi://ip-10-33-3-10.eu-west-1.compute.internal:48042/24 Sent: 56563 Rcvd: 6774 CacheRatio: 0.03 (2012-11-23 17:47:17)
Worker: rmi://ip-10-33-0-156.eu-west-1.compute.internal:41014/10 Sent: 57217 Rcvd: 8131 CacheRatio: 0.02 (2012-11-23 17:47:17)
Worker: rmi://ip-10-33-3-10.eu-west-1.compute.internal:48042/14 Sent: 56858 Rcvd: 4790 CacheRatio: 0.03 (2012-11-23 17:47:17)
Worker: rmi://ip-10-33-3-10.eu-west-1.compute.internal:48042/19 Sent: 57124 Rcvd: 6698 CacheRatio: 0.03 (2012-11-23 17:47:17)
Worker: rmi://ip-10-33-0-156.eu-west-1.compute.internal:41014/21 Sent: 58986 Rcvd: 7116 CacheRatio: 0.02 (2012-11-23 17:47:17)
Worker: rmi://ip-10-33-1-167.eu-west-1.compute.internal:44115/4 Sent: 58590 Rcvd: 7222 CacheRatio: 0.03 (2012-11-23 17:47:17)
Worker: rmi://ip-10-33-1-167.eu-west-1.compute.internal:44115/7 Sent: 58977 Rcvd: 11288 CacheRatio: 0.03 (2012-11-23 17:47:17)
Worker: rmi://ip-10-33-3-10.eu-west-1.compute.internal:48042/10 Sent: 56339 Rcvd: 6481 CacheRatio: 0.03 (2012-11-23 17:47:17)
Worker: rmi://ip-10-33-0-156.eu-west-1.compute.internal:41014/22 Sent: 57649 Rcvd: 9257 CacheRatio: 0.03 (2012-11-23 17:47:17)
Worker: rmi://ip-10-33-2-208.eu-west-1.compute.internal:40881/20 Sent: 60658 Rcvd: 7426 CacheRatio: 0.02 (2012-11-23 17:47:17)
Worker: rmi://ip-10-33-1-167.eu-west-1.compute.internal:44115/18 Sent: 57646 Rcvd: 6505 CacheRatio: 0.03 (2012-11-23 17:47:17)
Worker: rmi://ip-10-33-3-251.eu-west-1.compute.internal:58309/21 Sent: 56420 Rcvd: 6770 CacheRatio: 0.03 (2012-11-23 17:47:17)
Worker: rmi://ip-10-33-1-98.eu-west-1.compute.internal:51932/5 Sent: 58053 Rcvd: 8091 CacheRatio: 0.02 (2012-11-23 17:47:17)
Worker: rmi://ip-10-33-1-98.eu-west-1.compute.internal:51932/12 Sent: 60023 Rcvd: 9862 CacheRatio: 0.03 (2012-11-23 17:47:17)
Worker: rmi://ip-10-33-0-156.eu-west-1.compute.internal:41014/3 Sent: 58192 Rcvd: 10974 CacheRatio: 0.02 (2012-11-23 17:47:17)
Worker: rmi://ip-10-33-2-208.eu-west-1.compute.internal:40881/25 Sent: 61093 Rcvd: 8383 CacheRatio: 0.02 (2012-11-23 17:47:17)
Worker: rmi://ip-10-33-2-208.eu-west-1.compute.internal:40881/0 Sent: 61072 Rcvd: 10348 CacheRatio: 0.02 (2012-11-23 17:47:17)
Worker: rmi://ip-10-33-0-224.eu-west-1.compute.internal:37494/0 Sent: 55748 Rcvd: 5959 CacheRatio: 0.03 (2012-11-23 17:47:17)
Worker: rmi://ip-10-33-2-208.eu-west-1.compute.internal:40881/23 Sent: 62936 Rcvd: 10861 CacheRatio: 0.02 (2012-11-23 17:47:17)
Worker: rmi://ip-10-33-3-251.eu-west-1.compute.internal:58309/8 Sent: 56672 Rcvd: 5588 CacheRatio: 0.03 (2012-11-23 17:47:17)
Worker: rmi://ip-10-33-0-156.eu-west-1.compute.internal:41014/26 Sent: 58171 Rcvd: 7874 CacheRatio: 0.03 (2012-11-23 17:47:17)
Worker: rmi://ip-10-33-3-251.eu-west-1.compute.internal:58309/26 Sent: 56346 Rcvd: 4310 CacheRatio: 0.03 (2012-11-23 17:47:17)
Worker: rmi://ip-10-33-1-80.eu-west-1.compute.internal:33601/24 Sent: 59058 Rcvd: 7805 CacheRatio: 0.03 (2012-11-23 17:47:17)
Worker: rmi://ip-10-33-2-208.eu-west-1.compute.internal:40881/4 Sent: 61417 Rcvd: 13767 CacheRatio: 0.02 (2012-11-23 17:47:17)
Worker: rmi://ip-10-33-1-98.eu-west-1.compute.internal:51932/19 Sent: 57602 Rcvd: 7408 CacheRatio: 0.03 (2012-11-23 17:47:17)
Worker: rmi://ip-10-33-0-156.eu-west-1.compute.internal:41014/2 Sent: 59410 Rcvd: 9186 CacheRatio: 0.03 (2012-11-23 17:47:17)
Worker: rmi://ip-10-33-3-165.eu-west-1.compute.internal:57273/28 Sent: 58351 Rcvd: 7389 CacheRatio: 0.04 (2012-11-23 17:47:17)
Worker: rmi://ip-10-33-0-156.eu-west-1.compute.internal:41014/9 Sent: 58516 Rcvd: 10608 CacheRatio: 0.04 (2012-11-23 17:47:17)
Worker: rmi://ip-10-33-3-10.eu-west-1.compute.internal:48042/0 Sent: 58653 Rcvd: 6073 CacheRatio: 0.03 (2012-11-23 17:47:17)
Worker: rmi://ip-10-33-0-224.eu-west-1.compute.internal:37494/3 Sent: 55257 Rcvd: 4733 CacheRatio: 0.03 (2012-11-23 17:47:17)
Worker: rmi://ip-10-33-3-165.eu-west-1.compute.internal:57273/31 Sent: 58605 Rcvd: 7582 CacheRatio: 0.03 (2012-11-23 17:47:17)
Worker: rmi://ip-10-33-3-10.eu-west-1.compute.internal:48042/28 Sent: 58254 Rcvd: 6024 CacheRatio: 0.02 (2012-11-23 17:47:17)
Worker: rmi://ip-10-33-1-98.eu-west-1.compute.internal:51932/2 Sent: 58446 Rcvd: 8840 CacheRatio: 0.02 (2012-11-23 17:47:17)
Worker: rmi://ip-10-33-0-224.eu-west-1.compute.internal:37494/6 Sent: 56142 Rcvd: 4660 CacheRatio: 0.03 (2012-11-23 17:47:17)
Worker: rmi://ip-10-33-1-167.eu-west-1.compute.internal:44115/14 Sent: 59204 Rcvd: 10845 CacheRatio: 0.02 (2012-11-23 17:47:17)
Worker: rmi://ip-10-33-0-156.eu-west-1.compute.internal:41014/14 Sent: 57725 Rcvd: 8264 CacheRatio: 0.02 (2012-11-23 17:47:17)
Worker: rmi://ip-10-33-0-224.eu-west-1.compute.internal:37494/12 Sent: 55196 Rcvd: 4785 CacheRatio: 0.03 (2012-11-23 17:47:17)
Worker: rmi://ip-10-33-3-251.eu-west-1.compute.internal:58309/24 Sent: 56186 Rcvd: 5052 CacheRatio: 0.03 (2012-11-23 17:47:17)
Worker: rmi://ip-10-33-1-98.eu-west-1.compute.internal:51932/20 Sent: 57817 Rcvd: 6849 CacheRatio: 0.02 (2012-11-23 17:47:17)
Worker: rmi://ip-10-33-1-98.eu-west-1.compute.internal:51932/26 Sent: 58829 Rcvd: 8640 CacheRatio: 0.02 (2012-11-23 17:47:17)
Worker: rmi://ip-10-33-2-208.eu-west-1.compute.internal:40881/28 Sent: 60261 Rcvd: 11770 CacheRatio: 0.02 (2012-11-23 17:47:17)
Worker: rmi://ip-10-33-1-167.eu-west-1.compute.internal:44115/24 Sent: 57906 Rcvd: 9218 CacheRatio: 0.03 (2012-11-23 17:47:17)
Worker: rmi://ip-10-33-0-224.eu-west-1.compute.internal:37494/7 Sent: 57129 Rcvd: 6489 CacheRatio: 0.02 (2012-11-23 17:47:17)
Worker: rmi://ip-10-33-1-98.eu-west-1.compute.internal:51932/8 Sent: 58089 Rcvd: 10645 CacheRatio: 0.03 (2012-11-23 17:47:17)
Worker: rmi://ip-10-33-3-10.eu-west-1.compute.internal:48042/21 Sent: 56891 Rcvd: 5250 CacheRatio: 0.03 (2012-11-23 17:47:17)
Worker: rmi://ip-10-33-3-251.eu-west-1.compute.internal:58309/1 Sent: 59061 Rcvd: 5812 CacheRatio: 0.03 (2012-11-23 17:47:17)
Worker: rmi://ip-10-33-1-167.eu-west-1.compute.internal:44115/15 Sent: 58481 Rcvd: 5165 CacheRatio: 0.03 (2012-11-23 17:47:17)
Worker: rmi://ip-10-33-2-208.eu-west-1.compute.internal:40881/10 Sent: 61039 Rcvd: 12638 CacheRatio: 0.02 (2012-11-23 17:47:17)
Worker: rmi://ip-10-33-3-165.eu-west-1.compute.internal:57273/7 Sent: 58668 Rcvd: 8729 CacheRatio: 0.02 (2012-11-23 17:47:17)
Worker: rmi://ip-10-33-1-167.eu-west-1.compute.internal:44115/29 Sent: 58103 Rcvd: 7557 CacheRatio: 0.03 (2012-11-23 17:47:17)
Worker: rmi://ip-10-33-2-208.eu-west-1.compute.internal:40881/31 Sent: 61701 Rcvd: 11897 CacheRatio: 0.03 (2012-11-23 17:47:17)
Worker: rmi://ip-10-33-1-167.eu-west-1.compute.internal:44115/26 Sent: 59954 Rcvd: 7367 CacheRatio: 0.02 (2012-11-23 17:47:17)
Worker: rmi://ip-10-33-0-156.eu-west-1.compute.internal:41014/15 Sent: 58359 Rcvd: 6348 CacheRatio: 0.02 (2012-11-23 17:47:17)
Worker: rmi://ip-10-33-1-167.eu-west-1.compute.internal:44115/0 Sent: 59725 Rcvd: 6667 CacheRatio: 0.02 (2012-11-23 17:47:17)
Worker: rmi://ip-10-33-3-251.eu-west-1.compute.internal:58309/23 Sent: 56090 Rcvd: 7151 CacheRatio: 0.02 (2012-11-23 17:47:17)
Worker: rmi://ip-10-33-0-156.eu-west-1.compute.internal:41014/8 Sent: 57623 Rcvd: 7690 CacheRatio: 0.03 (2012-11-23 17:47:17)
Worker: rmi://ip-10-33-3-165.eu-west-1.compute.internal:57273/10 Sent: 58554 Rcvd: 6683 CacheRatio: 0.03 (2012-11-23 17:47:17)
Worker: rmi://ip-10-33-0-156.eu-west-1.compute.internal:41014/27 Sent: 57637 Rcvd: 5711 CacheRatio: 0.02 (2012-11-23 17:47:17)
Worker: rmi://ip-10-33-1-167.eu-west-1.compute.internal:44115/30 Sent: 58513 Rcvd: 6983 CacheRatio: 0.03 (2012-11-23 17:47:17)
Worker: rmi://ip-10-33-0-156.eu-west-1.compute.internal:41014/24 Sent: 57608 Rcvd: 7209 CacheRatio: 0.03 (2012-11-23 17:47:17)
Worker: rmi://ip-10-33-1-98.eu-west-1.compute.internal:51932/18 Sent: 59269 Rcvd: 8123 CacheRatio: 0.02 (2012-11-23 17:47:17)
Worker: rmi://ip-10-33-3-165.eu-west-1.compute.internal:57273/22 Sent: 59891 Rcvd: 7310 CacheRatio: 0.02 (2012-11-23 17:47:17)
Worker: rmi://ip-10-33-3-251.eu-west-1.compute.internal:58309/31 Sent: 56942 Rcvd: 4976 CacheRatio: 0.02 (2012-11-23 17:47:17)
Worker: rmi://ip-10-33-2-208.eu-west-1.compute.internal:40881/3 Sent: 62578 Rcvd: 9397 CacheRatio: 0.03 (2012-11-23 17:47:17)
Worker: rmi://ip-10-33-2-208.eu-west-1.compute.internal:40881/21 Sent: 61273 Rcvd: 10274 CacheRatio: 0.03 (2012-11-23 17:47:17)
Worker: rmi://ip-10-33-3-165.eu-west-1.compute.internal:57273/9 Sent: 58592 Rcvd: 6321 CacheRatio: 0.03 (2012-11-23 17:47:17)
Worker: rmi://ip-10-33-0-224.eu-west-1.compute.internal:37494/29 Sent: 55389 Rcvd: 4453 CacheRatio: 0.03 (2012-11-23 17:47:17)
Worker: rmi://ip-10-33-3-10.eu-west-1.compute.internal:48042/22 Sent: 56326 Rcvd: 6233 CacheRatio: 0.02 (2012-11-23 17:47:17)
Worker: rmi://ip-10-33-0-224.eu-west-1.compute.internal:37494/18 Sent: 55588 Rcvd: 4750 CacheRatio: 0.03 (2012-11-23 17:47:17)
Worker: rmi://ip-10-33-3-10.eu-west-1.compute.internal:48042/7 Sent: 56059 Rcvd: 5204 CacheRatio: 0.02 (2012-11-23 17:47:17)
Worker: rmi://ip-10-33-3-10.eu-west-1.compute.internal:48042/20 Sent: 56673 Rcvd: 10867 CacheRatio: 0.03 (2012-11-23 17:47:17)
Worker: rmi://ip-10-33-1-98.eu-west-1.compute.internal:51932/25 Sent: 57752 Rcvd: 6649 CacheRatio: 0.03 (2012-11-23 17:47:17)
Worker: rmi://ip-10-33-0-224.eu-west-1.compute.internal:37494/17 Sent: 55333 Rcvd: 5888 CacheRatio: 0.03 (2012-11-23 17:47:17)
Worker: rmi://ip-10-33-0-224.eu-west-1.compute.internal:37494/8 Sent: 55413 Rcvd: 6238 CacheRatio: 0.03 (2012-11-23 17:47:17)
Worker: rmi://ip-10-33-0-156.eu-west-1.compute.internal:41014/4 Sent: 59751 Rcvd: 6981 CacheRatio: 0.03 (2012-11-23 17:47:17)
Worker: rmi://ip-10-33-0-224.eu-west-1.compute.internal:37494/28 Sent: 56065 Rcvd: 5241 CacheRatio: 0.03 (2012-11-23 17:47:17)
Worker: rmi://ip-10-33-0-156.eu-west-1.compute.internal:41014/12 Sent: 61988 Rcvd: 6366 CacheRatio: 0.03 (2012-11-23 17:47:17)
Worker: rmi://ip-10-33-3-165.eu-west-1.compute.internal:57273/12 Sent: 57736 Rcvd: 8762 CacheRatio: 0.03 (2012-11-23 17:47:17)
Worker: rmi://ip-10-33-1-80.eu-west-1.compute.internal:33601/12 Sent: 57837 Rcvd: 8909 CacheRatio: 0.03 (2012-11-23 17:47:17)
Worker: rmi://ip-10-33-3-10.eu-west-1.compute.internal:48042/8 Sent: 56837 Rcvd: 5549 CacheRatio: 0.02 (2012-11-23 17:47:17)
Worker: rmi://ip-10-33-3-165.eu-west-1.compute.internal:57273/8 Sent: 59154 Rcvd: 8130 CacheRatio: 0.03 (2012-11-23 17:47:17)
Worker: rmi://ip-10-33-2-208.eu-west-1.compute.internal:40881/30 Sent: 61158 Rcvd: 14322 CacheRatio: 0.02 (2012-11-23 17:47:17)
Worker: rmi://ip-10-33-3-165.eu-west-1.compute.internal:57273/1 Sent: 58730 Rcvd: 9178 CacheRatio: 0.03 (2012-11-23 17:47:17)
Worker: rmi://ip-10-33-0-224.eu-west-1.compute.internal:37494/23 Sent: 56126 Rcvd: 4105 CacheRatio: 0.03 (2012-11-23 17:47:17)
Worker: rmi://ip-10-33-3-251.eu-west-1.compute.internal:58309/11 Sent: 56054 Rcvd: 8020 CacheRatio: 0.02 (2012-11-23 17:47:17)
Worker: rmi://ip-10-33-1-98.eu-west-1.compute.internal:51932/29 Sent: 58015 Rcvd: 5514 CacheRatio: 0.03 (2012-11-23 17:47:17)
Worker: rmi://ip-10-33-3-10.eu-west-1.compute.internal:48042/11 Sent: 56405 Rcvd: 7674 CacheRatio: 0.03 (2012-11-23 17:47:17)
Worker: rmi://ip-10-33-1-80.eu-west-1.compute.internal:33601/17 Sent: 57719 Rcvd: 7234 CacheRatio: 0.03 (2012-11-23 17:47:17)
Worker: rmi://ip-10-33-0-156.eu-west-1.compute.internal:41014/5 Sent: 59029 Rcvd: 7733 CacheRatio: 0.02 (2012-11-23 17:47:17)
Worker: rmi://ip-10-33-3-10.eu-west-1.compute.internal:48042/6 Sent: 57085 Rcvd: 7698 CacheRatio: 0.03 (2012-11-23 17:47:17)
Worker: rmi://ip-10-33-3-165.eu-west-1.compute.internal:57273/3 Sent: 58439 Rcvd: 8859 CacheRatio: 0.02 (2012-11-23 17:47:17)
Worker: rmi://ip-10-33-2-208.eu-west-1.compute.internal:40881/19 Sent: 61037 Rcvd: 11763 CacheRatio: 0.03 (2012-11-23 17:47:17)
Worker: rmi://ip-10-33-1-167.eu-west-1.compute.internal:44115/5 Sent: 58485 Rcvd: 9391 CacheRatio: 0.03 (2012-11-23 17:47:17)
Worker: rmi://ip-10-33-1-80.eu-west-1.compute.internal:33601/0 Sent: 58099 Rcvd: 8789 CacheRatio: 0.02 (2012-11-23 17:47:17)
Worker: rmi://ip-10-33-3-10.eu-west-1.compute.internal:48042/3 Sent: 57361 Rcvd: 5049 CacheRatio: 0.03 (2012-11-23 17:47:17)
Worker: rmi://ip-10-33-1-80.eu-west-1.compute.internal:33601/19 Sent: 63349 Rcvd: 7949 CacheRatio: 0.02 (2012-11-23 17:47:17)
Worker: rmi://ip-10-33-3-165.eu-west-1.compute.internal:57273/26 Sent: 57944 Rcvd: 6669 CacheRatio: 0.03 (2012-11-23 17:47:17)
Worker: rmi://ip-10-33-1-167.eu-west-1.compute.internal:44115/13 Sent: 58462 Rcvd: 7286 CacheRatio: 0.03 (2012-11-23 17:47:17)
Worker: rmi://ip-10-33-3-10.eu-west-1.compute.internal:48042/27 Sent: 56926 Rcvd: 6743 CacheRatio: 0.03 (2012-11-23 17:47:17)
Worker: rmi://ip-10-33-1-98.eu-west-1.compute.internal:51932/28 Sent: 59254 Rcvd: 9596 CacheRatio: 0.02 (2012-11-23 17:47:17)
Worker: rmi://ip-10-33-3-251.eu-west-1.compute.internal:58309/30 Sent: 56612 Rcvd: 5526 CacheRatio: 0.02 (2012-11-23 17:47:17)
Worker: rmi://ip-10-33-2-208.eu-west-1.compute.internal:40881/12 Sent: 60927 Rcvd: 10431 CacheRatio: 0.02 (2012-11-23 17:47:17)
Worker: rmi://ip-10-33-3-165.eu-west-1.compute.internal:57273/29 Sent: 58356 Rcvd: 7523 CacheRatio: 0.03 (2012-11-23 17:47:17)
Worker: rmi://ip-10-33-2-208.eu-west-1.compute.internal:40881/13 Sent: 60655 Rcvd: 11630 CacheRatio: 0.02 (2012-11-23 17:47:17)
Worker: rmi://ip-10-33-1-167.eu-west-1.compute.internal:44115/6 Sent: 58307 Rcvd: 9795 CacheRatio: 0.03 (2012-11-23 17:47:17)
Worker: rmi://ip-10-33-0-156.eu-west-1.compute.internal:41014/1 Sent: 58109 Rcvd: 7989 CacheRatio: 0.02 (2012-11-23 17:47:17)
Worker: rmi://ip-10-33-1-80.eu-west-1.compute.internal:33601/4 Sent: 58176 Rcvd: 7007 CacheRatio: 0.03 (2012-11-23 17:47:17)
Worker: rmi://ip-10-33-1-98.eu-west-1.compute.internal:51932/27 Sent: 60720 Rcvd: 6961 CacheRatio: 0.02 (2012-11-23 17:47:17)
Worker: rmi://ip-10-33-0-156.eu-west-1.compute.internal:41014/0 Sent: 58994 Rcvd: 8007 CacheRatio: 0.03 (2012-11-23 17:47:17)
Worker: rmi://ip-10-33-3-251.eu-west-1.compute.internal:58309/3 Sent: 56345 Rcvd: 7336 CacheRatio: 0.02 (2012-11-23 17:47:17)
Worker: rmi://ip-10-33-3-251.eu-west-1.compute.internal:58309/18 Sent: 56615 Rcvd: 7765 CacheRatio: 0.04 (2012-11-23 17:47:17)
Worker: rmi://ip-10-33-2-208.eu-west-1.compute.internal:40881/24 Sent: 60133 Rcvd: 10699 CacheRatio: 0.03 (2012-11-23 17:47:17)
Worker: rmi://ip-10-33-3-251.eu-west-1.compute.internal:58309/28 Sent: 56322 Rcvd: 5180 CacheRatio: 0.03 (2012-11-23 17:47:17)
Worker: rmi://ip-10-33-1-167.eu-west-1.compute.internal:44115/1 Sent: 58083 Rcvd: 5866 CacheRatio: 0.02 (2012-11-23 17:47:17)
Model checking completed. No error has been found.
  Estimates of the probability that TLC did not check all reachable states
  because two distinct states had the same fingerprint:
  calculated (optimistic):  val = 7.3E-5
  based on the actual fingerprints:  val = 4.3E-12
230762377 states generated, 16777216 distinct states found, 0 states left on queue.
The depth of the complete state graph search is 51.
Finished. (2012-11-23 17:47:23)
