Listening for transport dt_socket at address: 1044
TLC Server Version 2.05 of 24 October 2012
Parsing file /mnt/tlc/8879/spec/l10_n8.tla
Parsing file /mnt/tlc/8879/spec/GridPerformanceTest.tla
Parsing file /mnt/tlc/8879/tla/tla2sany/StandardModules/TLC.tla
Parsing file /mnt/tlc/8879/tla/tla2sany/StandardModules/Integers.tla
Parsing file /mnt/tlc/8879/tla/tla2sany/StandardModules/FiniteSets.tla
Parsing file /mnt/tlc/8879/tla/tla2sany/StandardModules/Naturals.tla
Parsing file /mnt/tlc/8879/tla/tla2sany/StandardModules/Sequences.tla
Semantic processing of module Naturals
Semantic processing of module Integers
Semantic processing of module Sequences
Semantic processing of module FiniteSets
Semantic processing of module GridPerformanceTest
Semantic processing of module TLC
Semantic processing of module l10_n8
Starting... (2012-11-05 14:16:31)
Computing initial states...
Finished computing initial states: 1 distinct state(s) generated.
TLC server at ip-10-32-50-206 is ready (2012-11-05 14:17:10)
Done waiting for FPSet server(s) (2012-11-05 14:17:10)
Registration for worker at rmi://ip-10-32-50-136.eu-west-1.compute.internal:35537/0 completed (2012-11-05 14:17:15)
Registration for worker at rmi://ip-10-32-50-136.eu-west-1.compute.internal:35537/3 completed (2012-11-05 14:17:15)
Registration for worker at rmi://ip-10-32-50-136.eu-west-1.compute.internal:35537/4 completed (2012-11-05 14:17:15)
Registration for worker at rmi://ip-10-32-50-136.eu-west-1.compute.internal:35537/1 completed (2012-11-05 14:17:15)
Registration for worker at rmi://ip-10-32-50-136.eu-west-1.compute.internal:35537/2 completed (2012-11-05 14:17:15)
Registration for worker at rmi://ip-10-32-50-136.eu-west-1.compute.internal:35537/6 completed (2012-11-05 14:17:15)
Registration for worker at rmi://ip-10-32-50-136.eu-west-1.compute.internal:35537/7 completed (2012-11-05 14:17:15)
Registration for worker at rmi://ip-10-32-50-136.eu-west-1.compute.internal:35537/5 completed (2012-11-05 14:17:15)
Registration for worker at rmi://ip-10-32-50-187.eu-west-1.compute.internal:54008/4 completed (2012-11-05 14:17:23)
Registration for worker at rmi://ip-10-32-50-187.eu-west-1.compute.internal:54008/2 completed (2012-11-05 14:17:23)
Registration for worker at rmi://ip-10-32-50-187.eu-west-1.compute.internal:54008/7 completed (2012-11-05 14:17:23)
Registration for worker at rmi://ip-10-32-50-187.eu-west-1.compute.internal:54008/6 completed (2012-11-05 14:17:23)
Registration for worker at rmi://ip-10-32-50-187.eu-west-1.compute.internal:54008/3 completed (2012-11-05 14:17:23)
Registration for worker at rmi://ip-10-32-50-187.eu-west-1.compute.internal:54008/1 completed (2012-11-05 14:17:23)
Registration for worker at rmi://ip-10-32-50-187.eu-west-1.compute.internal:54008/5 completed (2012-11-05 14:17:23)
Registration for worker at rmi://ip-10-32-50-187.eu-west-1.compute.internal:54008/0 completed (2012-11-05 14:17:23)
Registration for worker at rmi://ip-10-32-53-220.eu-west-1.compute.internal:33762/5 completed (2012-11-05 14:17:23)
Registration for worker at rmi://ip-10-32-53-220.eu-west-1.compute.internal:33762/0 completed (2012-11-05 14:17:23)
Registration for worker at rmi://ip-10-32-53-220.eu-west-1.compute.internal:33762/4 completed (2012-11-05 14:17:23)
Registration for worker at rmi://ip-10-32-53-220.eu-west-1.compute.internal:33762/3 completed (2012-11-05 14:17:23)
Registration for worker at rmi://ip-10-32-53-220.eu-west-1.compute.internal:33762/6 completed (2012-11-05 14:17:23)
Registration for worker at rmi://ip-10-32-53-220.eu-west-1.compute.internal:33762/1 completed (2012-11-05 14:17:23)
Registration for worker at rmi://ip-10-32-53-220.eu-west-1.compute.internal:33762/7 completed (2012-11-05 14:17:23)
Registration for worker at rmi://ip-10-32-53-220.eu-west-1.compute.internal:33762/2 completed (2012-11-05 14:17:23)
Registration for worker at rmi://ip-10-32-54-88.eu-west-1.compute.internal:53437/2 completed (2012-11-05 14:17:23)
Registration for worker at rmi://ip-10-32-54-88.eu-west-1.compute.internal:53437/3 completed (2012-11-05 14:17:23)
Registration for worker at rmi://ip-10-32-54-88.eu-west-1.compute.internal:53437/1 completed (2012-11-05 14:17:23)
Registration for worker at rmi://ip-10-32-54-88.eu-west-1.compute.internal:53437/0 completed (2012-11-05 14:17:23)
Registration for worker at rmi://ip-10-32-54-88.eu-west-1.compute.internal:53437/7 completed (2012-11-05 14:17:23)
Registration for worker at rmi://ip-10-32-54-88.eu-west-1.compute.internal:53437/5 completed (2012-11-05 14:17:23)
Registration for worker at rmi://ip-10-32-54-88.eu-west-1.compute.internal:53437/6 completed (2012-11-05 14:17:23)
Registration for worker at rmi://ip-10-32-54-88.eu-west-1.compute.internal:53437/4 completed (2012-11-05 14:17:23)
Registration for worker at rmi://ip-10-32-49-167.eu-west-1.compute.internal:45954/2 completed (2012-11-05 14:17:23)
Registration for worker at rmi://ip-10-32-49-167.eu-west-1.compute.internal:45954/0 completed (2012-11-05 14:17:23)
Registration for worker at rmi://ip-10-32-49-167.eu-west-1.compute.internal:45954/1 completed (2012-11-05 14:17:23)
Registration for worker at rmi://ip-10-32-49-167.eu-west-1.compute.internal:45954/5 completed (2012-11-05 14:17:23)
Registration for worker at rmi://ip-10-32-49-167.eu-west-1.compute.internal:45954/7 completed (2012-11-05 14:17:23)
Registration for worker at rmi://ip-10-32-49-167.eu-west-1.compute.internal:45954/4 completed (2012-11-05 14:17:23)
Registration for worker at rmi://ip-10-32-49-167.eu-west-1.compute.internal:45954/3 completed (2012-11-05 14:17:23)
Registration for worker at rmi://ip-10-32-49-167.eu-west-1.compute.internal:45954/6 completed (2012-11-05 14:17:23)
Registration for worker at rmi://ip-10-32-49-185.eu-west-1.compute.internal:59454/7 completed (2012-11-05 14:17:23)
Registration for worker at rmi://ip-10-32-49-185.eu-west-1.compute.internal:59454/3 completed (2012-11-05 14:17:23)
Registration for worker at rmi://ip-10-32-49-185.eu-west-1.compute.internal:59454/2 completed (2012-11-05 14:17:23)
Registration for worker at rmi://ip-10-32-49-185.eu-west-1.compute.internal:59454/1 completed (2012-11-05 14:17:23)
Registration for worker at rmi://ip-10-32-49-185.eu-west-1.compute.internal:59454/4 completed (2012-11-05 14:17:23)
Registration for worker at rmi://ip-10-32-49-185.eu-west-1.compute.internal:59454/5 completed (2012-11-05 14:17:23)
Registration for worker at rmi://ip-10-32-49-185.eu-west-1.compute.internal:59454/6 completed (2012-11-05 14:17:23)
Registration for worker at rmi://ip-10-32-49-185.eu-west-1.compute.internal:59454/0 completed (2012-11-05 14:17:23)
Registration for worker at rmi://ip-10-32-50-138.eu-west-1.compute.internal:37724/3 completed (2012-11-05 14:17:23)
Registration for worker at rmi://ip-10-32-50-138.eu-west-1.compute.internal:37724/6 completed (2012-11-05 14:17:23)
Registration for worker at rmi://ip-10-32-50-138.eu-west-1.compute.internal:37724/1 completed (2012-11-05 14:17:23)
Registration for worker at rmi://ip-10-32-50-138.eu-west-1.compute.internal:37724/7 completed (2012-11-05 14:17:23)
Registration for worker at rmi://ip-10-32-50-138.eu-west-1.compute.internal:37724/0 completed (2012-11-05 14:17:23)
Registration for worker at rmi://ip-10-32-50-138.eu-west-1.compute.internal:37724/2 completed (2012-11-05 14:17:23)
Registration for worker at rmi://ip-10-32-50-138.eu-west-1.compute.internal:37724/5 completed (2012-11-05 14:17:23)
Registration for worker at rmi://ip-10-32-50-138.eu-west-1.compute.internal:37724/4 completed (2012-11-05 14:17:23)
Registration for worker at rmi://ip-10-32-49-231.eu-west-1.compute.internal:56643/5 completed (2012-11-05 14:17:23)
Registration for worker at rmi://ip-10-32-49-231.eu-west-1.compute.internal:56643/0 completed (2012-11-05 14:17:23)
Registration for worker at rmi://ip-10-32-49-231.eu-west-1.compute.internal:56643/1 completed (2012-11-05 14:17:23)
Registration for worker at rmi://ip-10-32-49-231.eu-west-1.compute.internal:56643/6 completed (2012-11-05 14:17:23)
Registration for worker at rmi://ip-10-32-49-231.eu-west-1.compute.internal:56643/7 completed (2012-11-05 14:17:23)
Registration for worker at rmi://ip-10-32-49-231.eu-west-1.compute.internal:56643/3 completed (2012-11-05 14:17:23)
Registration for worker at rmi://ip-10-32-49-231.eu-west-1.compute.internal:56643/4 completed (2012-11-05 14:17:23)
Registration for worker at rmi://ip-10-32-49-231.eu-west-1.compute.internal:56643/2 completed (2012-11-05 14:17:23)
Registration for worker at rmi://ip-10-33-145-60.eu-west-1.compute.internal:48706/7 completed (2012-11-05 14:17:23)
Registration for worker at rmi://ip-10-33-145-60.eu-west-1.compute.internal:48706/4 completed (2012-11-05 14:17:23)
Registration for worker at rmi://ip-10-33-145-60.eu-west-1.compute.internal:48706/5 completed (2012-11-05 14:17:23)
Registration for worker at rmi://ip-10-33-145-60.eu-west-1.compute.internal:48706/3 completed (2012-11-05 14:17:23)
Registration for worker at rmi://ip-10-33-145-60.eu-west-1.compute.internal:48706/6 completed (2012-11-05 14:17:23)
Registration for worker at rmi://ip-10-33-145-60.eu-west-1.compute.internal:48706/0 completed (2012-11-05 14:17:23)
Registration for worker at rmi://ip-10-33-145-60.eu-west-1.compute.internal:48706/1 completed (2012-11-05 14:17:23)
Registration for worker at rmi://ip-10-33-145-60.eu-west-1.compute.internal:48706/2 completed (2012-11-05 14:17:23)
Registration for worker at rmi://ip-10-32-49-84.eu-west-1.compute.internal:44833/6 completed (2012-11-05 14:17:23)
Registration for worker at rmi://ip-10-32-49-84.eu-west-1.compute.internal:44833/2 completed (2012-11-05 14:17:23)
Registration for worker at rmi://ip-10-32-49-84.eu-west-1.compute.internal:44833/0 completed (2012-11-05 14:17:23)
Registration for worker at rmi://ip-10-32-49-84.eu-west-1.compute.internal:44833/4 completed (2012-11-05 14:17:23)
Registration for worker at rmi://ip-10-32-49-84.eu-west-1.compute.internal:44833/5 completed (2012-11-05 14:17:23)
Registration for worker at rmi://ip-10-32-49-84.eu-west-1.compute.internal:44833/1 completed (2012-11-05 14:17:23)
Registration for worker at rmi://ip-10-32-49-84.eu-west-1.compute.internal:44833/7 completed (2012-11-05 14:17:23)
Registration for worker at rmi://ip-10-32-49-84.eu-west-1.compute.internal:44833/3 completed (2012-11-05 14:17:23)
Registration for worker at rmi://ip-10-32-54-16.eu-west-1.compute.internal:32858/4 completed (2012-11-05 14:17:23)
Registration for worker at rmi://ip-10-32-54-16.eu-west-1.compute.internal:32858/2 completed (2012-11-05 14:17:23)
Registration for worker at rmi://ip-10-32-54-16.eu-west-1.compute.internal:32858/3 completed (2012-11-05 14:17:23)
Registration for worker at rmi://ip-10-32-54-16.eu-west-1.compute.internal:32858/5 completed (2012-11-05 14:17:23)
Registration for worker at rmi://ip-10-32-54-16.eu-west-1.compute.internal:32858/7 completed (2012-11-05 14:17:23)
Registration for worker at rmi://ip-10-32-54-16.eu-west-1.compute.internal:32858/0 completed (2012-11-05 14:17:23)
Registration for worker at rmi://ip-10-32-54-16.eu-west-1.compute.internal:32858/6 completed (2012-11-05 14:17:23)
Registration for worker at rmi://ip-10-32-54-16.eu-west-1.compute.internal:32858/1 completed (2012-11-05 14:17:23)
Registration for worker at rmi://ip-10-32-49-68.eu-west-1.compute.internal:43701/1 completed (2012-11-05 14:17:23)
Registration for worker at rmi://ip-10-32-49-68.eu-west-1.compute.internal:43701/7 completed (2012-11-05 14:17:23)
Registration for worker at rmi://ip-10-32-49-68.eu-west-1.compute.internal:43701/4 completed (2012-11-05 14:17:23)
Registration for worker at rmi://ip-10-32-49-68.eu-west-1.compute.internal:43701/6 completed (2012-11-05 14:17:23)
Registration for worker at rmi://ip-10-32-49-68.eu-west-1.compute.internal:43701/3 completed (2012-11-05 14:17:23)
Registration for worker at rmi://ip-10-32-49-68.eu-west-1.compute.internal:43701/2 completed (2012-11-05 14:17:23)
Registration for worker at rmi://ip-10-32-49-68.eu-west-1.compute.internal:43701/5 completed (2012-11-05 14:17:23)
Registration for worker at rmi://ip-10-32-49-68.eu-west-1.compute.internal:43701/0 completed (2012-11-05 14:17:23)
Registration for worker at rmi://ip-10-32-54-77.eu-west-1.compute.internal:47548/7 completed (2012-11-05 14:17:23)
Registration for worker at rmi://ip-10-32-54-77.eu-west-1.compute.internal:47548/0 completed (2012-11-05 14:17:23)
Registration for worker at rmi://ip-10-32-54-77.eu-west-1.compute.internal:47548/6 completed (2012-11-05 14:17:23)
Registration for worker at rmi://ip-10-32-54-77.eu-west-1.compute.internal:47548/1 completed (2012-11-05 14:17:23)
Registration for worker at rmi://ip-10-32-54-77.eu-west-1.compute.internal:47548/4 completed (2012-11-05 14:17:23)
Registration for worker at rmi://ip-10-32-54-77.eu-west-1.compute.internal:47548/3 completed (2012-11-05 14:17:23)
Registration for worker at rmi://ip-10-32-54-77.eu-west-1.compute.internal:47548/5 completed (2012-11-05 14:17:23)
Registration for worker at rmi://ip-10-32-54-77.eu-west-1.compute.internal:47548/2 completed (2012-11-05 14:17:23)
Registration for worker at rmi://ip-10-33-145-97.eu-west-1.compute.internal:53074/3 completed (2012-11-05 14:17:23)
Registration for worker at rmi://ip-10-33-145-97.eu-west-1.compute.internal:53074/5 completed (2012-11-05 14:17:23)
Registration for worker at rmi://ip-10-33-145-97.eu-west-1.compute.internal:53074/6 completed (2012-11-05 14:17:23)
Registration for worker at rmi://ip-10-33-145-97.eu-west-1.compute.internal:53074/2 completed (2012-11-05 14:17:23)
Registration for worker at rmi://ip-10-33-145-97.eu-west-1.compute.internal:53074/1 completed (2012-11-05 14:17:23)
Registration for worker at rmi://ip-10-33-145-97.eu-west-1.compute.internal:53074/7 completed (2012-11-05 14:17:23)
Registration for worker at rmi://ip-10-33-145-97.eu-west-1.compute.internal:53074/0 completed (2012-11-05 14:17:23)
Registration for worker at rmi://ip-10-33-145-97.eu-west-1.compute.internal:53074/4 completed (2012-11-05 14:17:23)
Registration for worker at rmi://ip-10-32-49-67.eu-west-1.compute.internal:50532/6 completed (2012-11-05 14:17:23)
Registration for worker at rmi://ip-10-32-49-67.eu-west-1.compute.internal:50532/4 completed (2012-11-05 14:17:23)
Registration for worker at rmi://ip-10-32-49-67.eu-west-1.compute.internal:50532/2 completed (2012-11-05 14:17:23)
Registration for worker at rmi://ip-10-32-49-67.eu-west-1.compute.internal:50532/7 completed (2012-11-05 14:17:23)
Registration for worker at rmi://ip-10-32-49-67.eu-west-1.compute.internal:50532/0 completed (2012-11-05 14:17:23)
Registration for worker at rmi://ip-10-32-49-67.eu-west-1.compute.internal:50532/1 completed (2012-11-05 14:17:23)
Registration for worker at rmi://ip-10-32-49-67.eu-west-1.compute.internal:50532/5 completed (2012-11-05 14:17:23)
Registration for worker at rmi://ip-10-32-49-67.eu-west-1.compute.internal:50532/3 completed (2012-11-05 14:17:23)
Registration for worker at rmi://ip-10-32-53-223.eu-west-1.compute.internal:40395/4 completed (2012-11-05 14:17:24)
Registration for worker at rmi://ip-10-32-53-223.eu-west-1.compute.internal:40395/3 completed (2012-11-05 14:17:24)
Registration for worker at rmi://ip-10-32-53-223.eu-west-1.compute.internal:40395/5 completed (2012-11-05 14:17:24)
Registration for worker at rmi://ip-10-32-53-223.eu-west-1.compute.internal:40395/0 completed (2012-11-05 14:17:24)
Registration for worker at rmi://ip-10-32-53-223.eu-west-1.compute.internal:40395/2 completed (2012-11-05 14:17:24)
Registration for worker at rmi://ip-10-32-53-223.eu-west-1.compute.internal:40395/6 completed (2012-11-05 14:17:24)
Registration for worker at rmi://ip-10-32-53-223.eu-west-1.compute.internal:40395/1 completed (2012-11-05 14:17:24)
Registration for worker at rmi://ip-10-32-53-223.eu-west-1.compute.internal:40395/7 completed (2012-11-05 14:17:24)
Registration for worker at rmi://ip-10-32-41-198.eu-west-1.compute.internal:48087/2 completed (2012-11-05 14:17:25)
Registration for worker at rmi://ip-10-32-41-198.eu-west-1.compute.internal:48087/3 completed (2012-11-05 14:17:25)
Registration for worker at rmi://ip-10-32-41-198.eu-west-1.compute.internal:48087/7 completed (2012-11-05 14:17:25)
Registration for worker at rmi://ip-10-32-41-198.eu-west-1.compute.internal:48087/1 completed (2012-11-05 14:17:25)
Registration for worker at rmi://ip-10-32-41-198.eu-west-1.compute.internal:48087/0 completed (2012-11-05 14:17:25)
Registration for worker at rmi://ip-10-32-41-198.eu-west-1.compute.internal:48087/4 completed (2012-11-05 14:17:25)
Registration for worker at rmi://ip-10-32-41-198.eu-west-1.compute.internal:48087/6 completed (2012-11-05 14:17:25)
Registration for worker at rmi://ip-10-32-41-198.eu-west-1.compute.internal:48087/5 completed (2012-11-05 14:17:25)
Registration for worker at rmi://ip-10-32-49-207.eu-west-1.compute.internal:58107/6 completed (2012-11-05 14:17:26)
Registration for worker at rmi://ip-10-32-49-207.eu-west-1.compute.internal:58107/7 completed (2012-11-05 14:17:26)
Registration for worker at rmi://ip-10-32-49-207.eu-west-1.compute.internal:58107/4 completed (2012-11-05 14:17:26)
Registration for worker at rmi://ip-10-32-49-207.eu-west-1.compute.internal:58107/1 completed (2012-11-05 14:17:26)
Registration for worker at rmi://ip-10-32-49-207.eu-west-1.compute.internal:58107/0 completed (2012-11-05 14:17:26)
Registration for worker at rmi://ip-10-32-49-207.eu-west-1.compute.internal:58107/5 completed (2012-11-05 14:17:26)
Registration for worker at rmi://ip-10-32-49-207.eu-west-1.compute.internal:58107/2 completed (2012-11-05 14:17:26)
Registration for worker at rmi://ip-10-32-49-207.eu-west-1.compute.internal:58107/3 completed (2012-11-05 14:17:26)
Progress(31) at 2012-11-05 14:18:10: 40529387 states generated (40,529,387 s/min), 6366922 distinct states found (6,366,922 ds/min), 2096233 states left on queue.
Progress(37) at 2012-11-05 14:19:10: 97436463 states generated (56,907,076 s/min), 12554270 distinct states found (6,187,348 ds/min), 1943422 states left on queue.
Worker: rmi://ip-10-32-53-223.eu-west-1.compute.internal:40395/3 Sent: 109813 Rcvd: 55545 CacheRatio: 0.03 (2012-11-05 14:20:07)
Worker: rmi://ip-10-32-49-167.eu-west-1.compute.internal:45954/1 Sent: 141983 Rcvd: 286373 CacheRatio: 0.03 (2012-11-05 14:20:07)
Worker: rmi://ip-10-33-145-60.eu-west-1.compute.internal:48706/7 Sent: 108758 Rcvd: 83379 CacheRatio: 0.03 (2012-11-05 14:20:07)
Worker: rmi://ip-10-32-53-220.eu-west-1.compute.internal:33762/3 Sent: 111044 Rcvd: 82135 CacheRatio: 0.03 (2012-11-05 14:20:07)
Worker: rmi://ip-10-32-49-84.eu-west-1.compute.internal:44833/2 Sent: 113951 Rcvd: 105944 CacheRatio: 0.03 (2012-11-05 14:20:07)
Worker: rmi://ip-10-32-49-185.eu-west-1.compute.internal:59454/0 Sent: 115787 Rcvd: 110936 CacheRatio: 0.03 (2012-11-05 14:20:07)
Worker: rmi://ip-10-32-53-223.eu-west-1.compute.internal:40395/7 Sent: 111803 Rcvd: 77354 CacheRatio: 0.03 (2012-11-05 14:20:07)
Worker: rmi://ip-10-32-53-223.eu-west-1.compute.internal:40395/2 Sent: 109249 Rcvd: 56268 CacheRatio: 0.02 (2012-11-05 14:20:07)
Worker: rmi://ip-10-32-54-88.eu-west-1.compute.internal:53437/5 Sent: 119450 Rcvd: 165488 CacheRatio: 0.03 (2012-11-05 14:20:07)
Worker: rmi://ip-10-32-49-167.eu-west-1.compute.internal:45954/6 Sent: 139428 Rcvd: 310069 CacheRatio: 0.03 (2012-11-05 14:20:07)
Worker: rmi://ip-10-32-41-198.eu-west-1.compute.internal:48087/5 Sent: 118789 Rcvd: 166040 CacheRatio: 0.03 (2012-11-05 14:20:07)
Worker: rmi://ip-10-32-49-207.eu-west-1.compute.internal:58107/7 Sent: 111976 Rcvd: 103893 CacheRatio: 0.03 (2012-11-05 14:20:07)
Worker: rmi://ip-10-32-54-16.eu-west-1.compute.internal:32858/3 Sent: 115578 Rcvd: 137437 CacheRatio: 0.03 (2012-11-05 14:20:07)
Worker: rmi://ip-10-32-49-207.eu-west-1.compute.internal:58107/0 Sent: 112352 Rcvd: 93839 CacheRatio: 0.03 (2012-11-05 14:20:07)
Worker: rmi://ip-10-32-49-67.eu-west-1.compute.internal:50532/7 Sent: 118998 Rcvd: 169001 CacheRatio: 0.03 (2012-11-05 14:20:07)
Worker: rmi://ip-10-33-145-60.eu-west-1.compute.internal:48706/1 Sent: 107698 Rcvd: 55658 CacheRatio: 0.03 (2012-11-05 14:20:07)
Worker: rmi://ip-10-32-49-67.eu-west-1.compute.internal:50532/0 Sent: 119134 Rcvd: 161895 CacheRatio: 0.03 (2012-11-05 14:20:07)
Worker: rmi://ip-10-32-53-220.eu-west-1.compute.internal:33762/2 Sent: 113215 Rcvd: 67895 CacheRatio: 0.03 (2012-11-05 14:20:07)
Worker: rmi://ip-10-32-53-220.eu-west-1.compute.internal:33762/7 Sent: 110784 Rcvd: 72027 CacheRatio: 0.03 (2012-11-05 14:20:07)
Worker: rmi://ip-10-33-145-97.eu-west-1.compute.internal:53074/5 Sent: 117729 Rcvd: 139534 CacheRatio: 0.03 (2012-11-05 14:20:07)
Worker: rmi://ip-10-33-145-97.eu-west-1.compute.internal:53074/2 Sent: 116402 Rcvd: 145518 CacheRatio: 0.03 (2012-11-05 14:20:07)
Worker: rmi://ip-10-32-41-198.eu-west-1.compute.internal:48087/7 Sent: 120856 Rcvd: 172849 CacheRatio: 0.03 (2012-11-05 14:20:07)
Worker: rmi://ip-10-33-145-60.eu-west-1.compute.internal:48706/3 Sent: 104654 Rcvd: 45687 CacheRatio: 0.03 (2012-11-05 14:20:07)
Worker: rmi://ip-10-32-41-198.eu-west-1.compute.internal:48087/6 Sent: 120705 Rcvd: 173863 CacheRatio: 0.02 (2012-11-05 14:20:07)
Worker: rmi://ip-10-32-49-68.eu-west-1.compute.internal:43701/4 Sent: 120421 Rcvd: 175373 CacheRatio: 0.03 (2012-11-05 14:20:07)
Worker: rmi://ip-10-32-54-88.eu-west-1.compute.internal:53437/4 Sent: 118966 Rcvd: 171981 CacheRatio: 0.02 (2012-11-05 14:20:07)
Worker: rmi://ip-10-32-49-185.eu-west-1.compute.internal:59454/6 Sent: 115772 Rcvd: 126020 CacheRatio: 0.03 (2012-11-05 14:20:07)
Worker: rmi://ip-10-32-49-84.eu-west-1.compute.internal:44833/4 Sent: 114854 Rcvd: 124828 CacheRatio: 0.02 (2012-11-05 14:20:07)
Worker: rmi://ip-10-32-41-198.eu-west-1.compute.internal:48087/1 Sent: 120514 Rcvd: 173888 CacheRatio: 0.03 (2012-11-05 14:20:07)
Worker: rmi://ip-10-32-54-88.eu-west-1.compute.internal:53437/6 Sent: 119874 Rcvd: 167273 CacheRatio: 0.03 (2012-11-05 14:20:07)
Worker: rmi://ip-10-33-145-97.eu-west-1.compute.internal:53074/7 Sent: 116848 Rcvd: 131183 CacheRatio: 0.02 (2012-11-05 14:20:07)
Worker: rmi://ip-10-32-49-185.eu-west-1.compute.internal:59454/1 Sent: 115744 Rcvd: 160461 CacheRatio: 0.03 (2012-11-05 14:20:07)
Worker: rmi://ip-10-32-49-207.eu-west-1.compute.internal:58107/2 Sent: 112241 Rcvd: 97389 CacheRatio: 0.03 (2012-11-05 14:20:07)
Worker: rmi://ip-10-32-54-77.eu-west-1.compute.internal:47548/4 Sent: 120078 Rcvd: 138142 CacheRatio: 0.03 (2012-11-05 14:20:07)
Worker: rmi://ip-10-33-145-97.eu-west-1.compute.internal:53074/3 Sent: 114854 Rcvd: 149226 CacheRatio: 0.03 (2012-11-05 14:20:07)
Worker: rmi://ip-10-32-54-77.eu-west-1.compute.internal:47548/5 Sent: 118836 Rcvd: 154524 CacheRatio: 0.02 (2012-11-05 14:20:07)
Worker: rmi://ip-10-32-49-67.eu-west-1.compute.internal:50532/6 Sent: 119208 Rcvd: 176067 CacheRatio: 0.03 (2012-11-05 14:20:07)
Worker: rmi://ip-10-32-54-16.eu-west-1.compute.internal:32858/5 Sent: 115928 Rcvd: 136979 CacheRatio: 0.03 (2012-11-05 14:20:07)
Worker: rmi://ip-10-32-49-185.eu-west-1.compute.internal:59454/3 Sent: 116694 Rcvd: 133251 CacheRatio: 0.03 (2012-11-05 14:20:07)
Worker: rmi://ip-10-32-54-16.eu-west-1.compute.internal:32858/0 Sent: 115590 Rcvd: 149573 CacheRatio: 0.03 (2012-11-05 14:20:07)
Worker: rmi://ip-10-32-49-231.eu-west-1.compute.internal:56643/1 Sent: 115702 Rcvd: 102849 CacheRatio: 0.03 (2012-11-05 14:20:07)
Worker: rmi://ip-10-32-49-207.eu-west-1.compute.internal:58107/4 Sent: 110729 Rcvd: 79043 CacheRatio: 0.03 (2012-11-05 14:20:07)
Worker: rmi://ip-10-32-54-77.eu-west-1.compute.internal:47548/3 Sent: 119411 Rcvd: 151312 CacheRatio: 0.03 (2012-11-05 14:20:07)
Worker: rmi://ip-10-32-49-231.eu-west-1.compute.internal:56643/0 Sent: 115278 Rcvd: 118133 CacheRatio: 0.03 (2012-11-05 14:20:07)
Worker: rmi://ip-10-32-54-88.eu-west-1.compute.internal:53437/3 Sent: 120345 Rcvd: 167398 CacheRatio: 0.03 (2012-11-05 14:20:07)
Worker: rmi://ip-10-32-53-220.eu-west-1.compute.internal:33762/0 Sent: 110706 Rcvd: 62174 CacheRatio: 0.03 (2012-11-05 14:20:07)
Worker: rmi://ip-10-33-145-97.eu-west-1.compute.internal:53074/1 Sent: 116225 Rcvd: 124156 CacheRatio: 0.03 (2012-11-05 14:20:07)
Worker: rmi://ip-10-32-54-77.eu-west-1.compute.internal:47548/0 Sent: 119983 Rcvd: 148078 CacheRatio: 0.03 (2012-11-05 14:20:07)
Worker: rmi://ip-10-32-49-68.eu-west-1.compute.internal:43701/6 Sent: 119199 Rcvd: 207245 CacheRatio: 0.03 (2012-11-05 14:20:07)
Worker: rmi://ip-10-32-54-16.eu-west-1.compute.internal:32858/6 Sent: 115527 Rcvd: 134745 CacheRatio: 0.03 (2012-11-05 14:20:07)
Worker: rmi://ip-10-32-50-136.eu-west-1.compute.internal:35537/2 Sent: 119247 Rcvd: 84364 CacheRatio: 0.03 (2012-11-05 14:20:07)
Worker: rmi://ip-10-32-54-77.eu-west-1.compute.internal:47548/1 Sent: 120934 Rcvd: 146709 CacheRatio: 0.02 (2012-11-05 14:20:07)
Worker: rmi://ip-10-32-49-231.eu-west-1.compute.internal:56643/4 Sent: 114681 Rcvd: 112455 CacheRatio: 0.03 (2012-11-05 14:20:07)
Worker: rmi://ip-10-32-54-16.eu-west-1.compute.internal:32858/1 Sent: 115804 Rcvd: 107068 CacheRatio: 0.03 (2012-11-05 14:20:07)
Worker: rmi://ip-10-32-49-167.eu-west-1.compute.internal:45954/2 Sent: 140839 Rcvd: 288075 CacheRatio: 0.03 (2012-11-05 14:20:07)
Worker: rmi://ip-10-32-50-136.eu-west-1.compute.internal:35537/7 Sent: 119308 Rcvd: 90939 CacheRatio: 0.03 (2012-11-05 14:20:07)
Worker: rmi://ip-10-32-53-220.eu-west-1.compute.internal:33762/5 Sent: 110118 Rcvd: 63892 CacheRatio: 0.03 (2012-11-05 14:20:07)
Worker: rmi://ip-10-32-49-67.eu-west-1.compute.internal:50532/3 Sent: 118355 Rcvd: 151606 CacheRatio: 0.02 (2012-11-05 14:20:07)
Worker: rmi://ip-10-32-50-187.eu-west-1.compute.internal:54008/0 Sent: 110342 Rcvd: 68741 CacheRatio: 0.03 (2012-11-05 14:20:07)
Worker: rmi://ip-10-33-145-60.eu-west-1.compute.internal:48706/6 Sent: 109907 Rcvd: 70527 CacheRatio: 0.03 (2012-11-05 14:20:07)
Worker: rmi://ip-10-33-145-60.eu-west-1.compute.internal:48706/2 Sent: 109219 Rcvd: 60226 CacheRatio: 0.03 (2012-11-05 14:20:07)
Worker: rmi://ip-10-32-49-68.eu-west-1.compute.internal:43701/7 Sent: 121556 Rcvd: 130373 CacheRatio: 0.03 (2012-11-05 14:20:07)
Worker: rmi://ip-10-32-50-136.eu-west-1.compute.internal:35537/3 Sent: 119528 Rcvd: 72332 CacheRatio: 0.03 (2012-11-05 14:20:07)
Worker: rmi://ip-10-32-54-16.eu-west-1.compute.internal:32858/4 Sent: 115745 Rcvd: 167974 CacheRatio: 0.03 (2012-11-05 14:20:07)
Worker: rmi://ip-10-32-50-136.eu-west-1.compute.internal:35537/6 Sent: 118696 Rcvd: 95263 CacheRatio: 0.02 (2012-11-05 14:20:07)
Worker: rmi://ip-10-32-49-185.eu-west-1.compute.internal:59454/4 Sent: 115288 Rcvd: 113417 CacheRatio: 0.03 (2012-11-05 14:20:07)
Worker: rmi://ip-10-32-49-185.eu-west-1.compute.internal:59454/5 Sent: 115554 Rcvd: 86043 CacheRatio: 0.03 (2012-11-05 14:20:07)
Worker: rmi://ip-10-32-54-88.eu-west-1.compute.internal:53437/0 Sent: 120155 Rcvd: 159732 CacheRatio: 0.03 (2012-11-05 14:20:07)
Worker: rmi://ip-10-32-49-84.eu-west-1.compute.internal:44833/1 Sent: 114408 Rcvd: 89735 CacheRatio: 0.03 (2012-11-05 14:20:07)
Worker: rmi://ip-10-32-41-198.eu-west-1.compute.internal:48087/3 Sent: 121784 Rcvd: 143387 CacheRatio: 0.03 (2012-11-05 14:20:07)
Worker: rmi://ip-10-32-54-88.eu-west-1.compute.internal:53437/2 Sent: 119251 Rcvd: 137883 CacheRatio: 0.03 (2012-11-05 14:20:07)
Worker: rmi://ip-10-32-54-88.eu-west-1.compute.internal:53437/7 Sent: 122509 Rcvd: 196741 CacheRatio: 0.02 (2012-11-05 14:20:07)
Worker: rmi://ip-10-32-49-207.eu-west-1.compute.internal:58107/6 Sent: 110843 Rcvd: 75911 CacheRatio: 0.02 (2012-11-05 14:20:07)
Worker: rmi://ip-10-32-49-67.eu-west-1.compute.internal:50532/1 Sent: 118004 Rcvd: 165708 CacheRatio: 0.03 (2012-11-05 14:20:07)
Worker: rmi://ip-10-33-145-97.eu-west-1.compute.internal:53074/0 Sent: 117570 Rcvd: 151024 CacheRatio: 0.03 (2012-11-05 14:20:07)
Worker: rmi://ip-10-32-53-223.eu-west-1.compute.internal:40395/4 Sent: 109504 Rcvd: 54699 CacheRatio: 0.04 (2012-11-05 14:20:07)
Worker: rmi://ip-10-32-49-167.eu-west-1.compute.internal:45954/7 Sent: 141000 Rcvd: 293296 CacheRatio: 0.03 (2012-11-05 14:20:07)
Worker: rmi://ip-10-32-49-84.eu-west-1.compute.internal:44833/0 Sent: 116747 Rcvd: 109142 CacheRatio: 0.03 (2012-11-05 14:20:07)
Worker: rmi://ip-10-32-41-198.eu-west-1.compute.internal:48087/0 Sent: 119101 Rcvd: 188607 CacheRatio: 0.03 (2012-11-05 14:20:07)
Worker: rmi://ip-10-32-49-231.eu-west-1.compute.internal:56643/2 Sent: 115999 Rcvd: 103542 CacheRatio: 0.03 (2012-11-05 14:20:07)
Worker: rmi://ip-10-32-50-187.eu-west-1.compute.internal:54008/1 Sent: 111336 Rcvd: 66647 CacheRatio: 0.03 (2012-11-05 14:20:07)
Worker: rmi://ip-10-32-49-231.eu-west-1.compute.internal:56643/3 Sent: 113769 Rcvd: 110911 CacheRatio: 0.03 (2012-11-05 14:20:07)
Worker: rmi://ip-10-32-50-138.eu-west-1.compute.internal:37724/4 Sent: 109099 Rcvd: 62813 CacheRatio: 0.03 (2012-11-05 14:20:07)
Worker: rmi://ip-10-32-54-16.eu-west-1.compute.internal:32858/7 Sent: 114595 Rcvd: 112984 CacheRatio: 0.03 (2012-11-05 14:20:07)
Worker: rmi://ip-10-32-50-136.eu-west-1.compute.internal:35537/0 Sent: 118005 Rcvd: 85085 CacheRatio: 0.03 (2012-11-05 14:20:07)
Worker: rmi://ip-10-32-49-67.eu-west-1.compute.internal:50532/2 Sent: 117880 Rcvd: 116001 CacheRatio: 0.02 (2012-11-05 14:20:07)
Worker: rmi://ip-10-32-54-77.eu-west-1.compute.internal:47548/7 Sent: 118943 Rcvd: 142175 CacheRatio: 0.03 (2012-11-05 14:20:07)
Worker: rmi://ip-10-33-145-60.eu-west-1.compute.internal:48706/0 Sent: 108510 Rcvd: 44957 CacheRatio: 0.03 (2012-11-05 14:20:07)
Worker: rmi://ip-10-32-54-88.eu-west-1.compute.internal:53437/1 Sent: 118934 Rcvd: 187330 CacheRatio: 0.03 (2012-11-05 14:20:07)
Worker: rmi://ip-10-32-50-138.eu-west-1.compute.internal:37724/2 Sent: 110062 Rcvd: 59498 CacheRatio: 0.03 (2012-11-05 14:20:07)
Worker: rmi://ip-10-32-41-198.eu-west-1.compute.internal:48087/2 Sent: 119323 Rcvd: 156154 CacheRatio: 0.03 (2012-11-05 14:20:07)
Worker: rmi://ip-10-32-49-68.eu-west-1.compute.internal:43701/5 Sent: 119934 Rcvd: 170546 CacheRatio: 0.03 (2012-11-05 14:20:07)
Worker: rmi://ip-10-32-50-138.eu-west-1.compute.internal:37724/5 Sent: 110326 Rcvd: 81544 CacheRatio: 0.03 (2012-11-05 14:20:07)
Worker: rmi://ip-10-32-53-220.eu-west-1.compute.internal:33762/1 Sent: 108764 Rcvd: 73693 CacheRatio: 0.03 (2012-11-05 14:20:07)
Worker: rmi://ip-10-32-41-198.eu-west-1.compute.internal:48087/4 Sent: 119221 Rcvd: 175250 CacheRatio: 0.02 (2012-11-05 14:20:07)
Worker: rmi://ip-10-32-50-138.eu-west-1.compute.internal:37724/7 Sent: 108561 Rcvd: 52475 CacheRatio: 0.03 (2012-11-05 14:20:07)
Worker: rmi://ip-10-32-49-67.eu-west-1.compute.internal:50532/4 Sent: 118029 Rcvd: 136513 CacheRatio: 0.02 (2012-11-05 14:20:07)
Worker: rmi://ip-10-32-49-84.eu-west-1.compute.internal:44833/3 Sent: 113648 Rcvd: 97784 CacheRatio: 0.03 (2012-11-05 14:20:07)
Worker: rmi://ip-10-32-49-84.eu-west-1.compute.internal:44833/7 Sent: 113090 Rcvd: 80929 CacheRatio: 0.02 (2012-11-05 14:20:07)
Worker: rmi://ip-10-32-50-138.eu-west-1.compute.internal:37724/1 Sent: 109230 Rcvd: 64064 CacheRatio: 0.03 (2012-11-05 14:20:07)
Worker: rmi://ip-10-32-49-185.eu-west-1.compute.internal:59454/2 Sent: 115383 Rcvd: 120501 CacheRatio: 0.03 (2012-11-05 14:20:07)
Worker: rmi://ip-10-32-49-68.eu-west-1.compute.internal:43701/0 Sent: 120402 Rcvd: 187221 CacheRatio: 0.02 (2012-11-05 14:20:07)
Worker: rmi://ip-10-32-49-185.eu-west-1.compute.internal:59454/7 Sent: 115807 Rcvd: 105946 CacheRatio: 0.03 (2012-11-05 14:20:07)
Worker: rmi://ip-10-32-49-207.eu-west-1.compute.internal:58107/5 Sent: 111724 Rcvd: 99699 CacheRatio: 0.03 (2012-11-05 14:20:07)
Worker: rmi://ip-10-32-49-231.eu-west-1.compute.internal:56643/6 Sent: 115569 Rcvd: 121419 CacheRatio: 0.03 (2012-11-05 14:20:07)
Worker: rmi://ip-10-33-145-60.eu-west-1.compute.internal:48706/4 Sent: 108378 Rcvd: 60659 CacheRatio: 0.03 (2012-11-05 14:20:07)
Worker: rmi://ip-10-32-53-223.eu-west-1.compute.internal:40395/5 Sent: 109214 Rcvd: 62486 CacheRatio: 0.03 (2012-11-05 14:20:07)
Worker: rmi://ip-10-32-49-207.eu-west-1.compute.internal:58107/3 Sent: 111665 Rcvd: 108118 CacheRatio: 0.03 (2012-11-05 14:20:07)
Worker: rmi://ip-10-32-53-223.eu-west-1.compute.internal:40395/1 Sent: 108688 Rcvd: 59750 CacheRatio: 0.03 (2012-11-05 14:20:07)
Worker: rmi://ip-10-32-50-187.eu-west-1.compute.internal:54008/6 Sent: 111649 Rcvd: 75772 CacheRatio: 0.03 (2012-11-05 14:20:07)
Worker: rmi://ip-10-32-49-68.eu-west-1.compute.internal:43701/2 Sent: 120929 Rcvd: 178859 CacheRatio: 0.03 (2012-11-05 14:20:07)
Worker: rmi://ip-10-32-49-68.eu-west-1.compute.internal:43701/1 Sent: 115733 Rcvd: 136913 CacheRatio: 0.03 (2012-11-05 14:20:07)
Worker: rmi://ip-10-32-49-231.eu-west-1.compute.internal:56643/5 Sent: 115399 Rcvd: 105763 CacheRatio: 0.03 (2012-11-05 14:20:07)
Worker: rmi://ip-10-32-49-231.eu-west-1.compute.internal:56643/7 Sent: 115293 Rcvd: 75980 CacheRatio: 0.03 (2012-11-05 14:20:07)
Worker: rmi://ip-10-32-49-207.eu-west-1.compute.internal:58107/1 Sent: 115198 Rcvd: 97304 CacheRatio: 0.02 (2012-11-05 14:20:07)
Worker: rmi://ip-10-32-54-16.eu-west-1.compute.internal:32858/2 Sent: 115413 Rcvd: 100416 CacheRatio: 0.02 (2012-11-05 14:20:07)
Worker: rmi://ip-10-32-49-167.eu-west-1.compute.internal:45954/5 Sent: 140796 Rcvd: 306918 CacheRatio: 0.03 (2012-11-05 14:20:07)
Worker: rmi://ip-10-32-54-77.eu-west-1.compute.internal:47548/2 Sent: 119061 Rcvd: 154581 CacheRatio: 0.02 (2012-11-05 14:20:07)
Worker: rmi://ip-10-32-50-138.eu-west-1.compute.internal:37724/0 Sent: 109199 Rcvd: 75836 CacheRatio: 0.03 (2012-11-05 14:20:07)
Worker: rmi://ip-10-32-50-138.eu-west-1.compute.internal:37724/3 Sent: 108738 Rcvd: 76093 CacheRatio: 0.03 (2012-11-05 14:20:07)
Worker: rmi://ip-10-32-50-138.eu-west-1.compute.internal:37724/6 Sent: 110718 Rcvd: 58588 CacheRatio: 0.03 (2012-11-05 14:20:07)
Worker: rmi://ip-10-32-50-187.eu-west-1.compute.internal:54008/4 Sent: 110291 Rcvd: 84899 CacheRatio: 0.03 (2012-11-05 14:20:07)
Worker: rmi://ip-10-32-50-187.eu-west-1.compute.internal:54008/7 Sent: 111081 Rcvd: 64967 CacheRatio: 0.03 (2012-11-05 14:20:07)
Worker: rmi://ip-10-33-145-97.eu-west-1.compute.internal:53074/4 Sent: 117030 Rcvd: 100611 CacheRatio: 0.03 (2012-11-05 14:20:07)
Worker: rmi://ip-10-32-49-167.eu-west-1.compute.internal:45954/4 Sent: 139784 Rcvd: 293310 CacheRatio: 0.03 (2012-11-05 14:20:07)
Worker: rmi://ip-10-32-50-187.eu-west-1.compute.internal:54008/3 Sent: 111235 Rcvd: 88061 CacheRatio: 0.03 (2012-11-05 14:20:07)
Worker: rmi://ip-10-32-49-167.eu-west-1.compute.internal:45954/0 Sent: 140564 Rcvd: 274033 CacheRatio: 0.03 (2012-11-05 14:20:07)
Worker: rmi://ip-10-33-145-97.eu-west-1.compute.internal:53074/6 Sent: 117267 Rcvd: 101654 CacheRatio: 0.03 (2012-11-05 14:20:07)
Worker: rmi://ip-10-32-50-136.eu-west-1.compute.internal:35537/5 Sent: 120822 Rcvd: 110903 CacheRatio: 0.03 (2012-11-05 14:20:07)
Worker: rmi://ip-10-32-50-136.eu-west-1.compute.internal:35537/1 Sent: 120031 Rcvd: 92380 CacheRatio: 0.03 (2012-11-05 14:20:07)
Worker: rmi://ip-10-32-49-84.eu-west-1.compute.internal:44833/6 Sent: 114240 Rcvd: 93736 CacheRatio: 0.03 (2012-11-05 14:20:07)
Worker: rmi://ip-10-32-49-68.eu-west-1.compute.internal:43701/3 Sent: 124119 Rcvd: 170384 CacheRatio: 0.03 (2012-11-05 14:20:07)
Worker: rmi://ip-10-32-53-220.eu-west-1.compute.internal:33762/6 Sent: 109529 Rcvd: 69088 CacheRatio: 0.03 (2012-11-05 14:20:07)
Worker: rmi://ip-10-32-49-167.eu-west-1.compute.internal:45954/3 Sent: 140715 Rcvd: 307911 CacheRatio: 0.03 (2012-11-05 14:20:07)
Worker: rmi://ip-10-32-53-223.eu-west-1.compute.internal:40395/0 Sent: 108202 Rcvd: 67158 CacheRatio: 0.02 (2012-11-05 14:20:07)
Worker: rmi://ip-10-32-53-223.eu-west-1.compute.internal:40395/6 Sent: 110423 Rcvd: 98179 CacheRatio: 0.03 (2012-11-05 14:20:07)
Worker: rmi://ip-10-32-50-187.eu-west-1.compute.internal:54008/2 Sent: 110817 Rcvd: 94799 CacheRatio: 0.04 (2012-11-05 14:20:07)
Worker: rmi://ip-10-33-145-60.eu-west-1.compute.internal:48706/5 Sent: 109049 Rcvd: 52313 CacheRatio: 0.03 (2012-11-05 14:20:07)
Worker: rmi://ip-10-32-49-84.eu-west-1.compute.internal:44833/5 Sent: 115783 Rcvd: 143074 CacheRatio: 0.03 (2012-11-05 14:20:07)
Worker: rmi://ip-10-32-50-187.eu-west-1.compute.internal:54008/5 Sent: 110822 Rcvd: 68183 CacheRatio: 0.03 (2012-11-05 14:20:07)
Worker: rmi://ip-10-32-49-67.eu-west-1.compute.internal:50532/5 Sent: 118588 Rcvd: 116236 CacheRatio: 0.03 (2012-11-05 14:20:07)
Worker: rmi://ip-10-32-53-220.eu-west-1.compute.internal:33762/4 Sent: 110939 Rcvd: 88747 CacheRatio: 0.02 (2012-11-05 14:20:07)
Worker: rmi://ip-10-32-50-136.eu-west-1.compute.internal:35537/4 Sent: 119294 Rcvd: 116238 CacheRatio: 0.03 (2012-11-05 14:20:07)
Worker: rmi://ip-10-32-54-77.eu-west-1.compute.internal:47548/6 Sent: 118717 Rcvd: 153310 CacheRatio: 0.03 (2012-11-05 14:20:07)
Model checking completed. No error has been found.
  Estimates of the probability that TLC did not check all reachable states
  because two distinct states had the same fingerprint:
  calculated (optimistic):  val = 0.0
  based on the actual fingerprints:  val = 7.9E-11
150983149 states generated, 16777216 distinct states found, 0 states left on queue.
The depth of the complete state graph search is 50.
Finished. (2012-11-05 14:20:25)
ip-10-32-50-206, work completed. Thank you!
