Listening for transport dt_socket at address: 1044
TLC2 Version 2.05 of 7 November 2012
Running in Model-Checking mode.
Parsing file l10_n8.tla
Parsing file GridPerformanceTest.tla
Parsing file /mnt/tlc/20580/tla/tla2sany/StandardModules/TLC.tla
Parsing file /mnt/tlc/20580/tla/tla2sany/StandardModules/Integers.tla
Parsing file /mnt/tlc/20580/tla/tla2sany/StandardModules/FiniteSets.tla
Parsing file /mnt/tlc/20580/tla/tla2sany/StandardModules/Naturals.tla
Parsing file /mnt/tlc/20580/tla/tla2sany/StandardModules/Sequences.tla
Semantic processing of module Naturals
Semantic processing of module Integers
Semantic processing of module Sequences
Semantic processing of module FiniteSets
Semantic processing of module GridPerformanceTest
Semantic processing of module TLC
Semantic processing of module l10_n8
Starting... (2012-12-07 14:10:39)
Computing initial states...
Finished computing initial states: 1 distinct state generated.
Progress(8) at 2012-12-07 14:11:01: 11260 states generated (11,260 s/min), 3335 distinct states found (3,335 ds/min), 1927 states left on queue.
Progress(13) at 2012-12-07 14:12:01: 352793 states generated (341,533 s/min), 75738 distinct states found (72,403 ds/min), 31638 states left on queue.
Progress(14) at 2012-12-07 14:13:01: 708881 states generated (356,088 s/min), 145879 distinct states found (70,141 ds/min), 57268 states left on queue.
Progress(15) at 2012-12-07 14:14:01: 1068050 states generated (359,169 s/min), 212335 distinct states found (66,456 ds/min), 78828 states left on queue.
Progress(15) at 2012-12-07 14:15:01: 1427632 states generated (359,582 s/min), 277024 distinct states found (64,689 ds/min), 98569 states left on queue.
Progress(16) at 2012-12-07 14:16:01: 1774559 states generated (346,927 s/min), 339673 distinct states found (62,649 ds/min), 117853 states left on queue.
Progress(16) at 2012-12-07 14:17:01: 2133978 states generated (359,419 s/min), 401721 distinct states found (62,048 ds/min), 134973 states left on queue.
Progress(17) at 2012-12-07 14:18:01: 2493130 states generated (359,151 s/min), 463662 distinct states found (61,941 ds/min), 152020 states left on queue.
Progress(17) at 2012-12-07 14:19:01: 2852758 states generated (359,628 s/min), 527128 distinct states found (63,466 ds/min), 170533 states left on queue.
Progress(17) at 2012-12-07 14:20:01: 3212221 states generated (359,463 s/min), 586313 distinct states found (59,185 ds/min), 184785 states left on queue.
Progress(18) at 2012-12-07 14:21:01: 3569327 states generated (357,106 s/min), 644408 distinct states found (58,095 ds/min), 198242 states left on queue.
Progress(18) at 2012-12-07 14:22:01: 3928849 states generated (359,523 s/min), 708609 distinct states found (64,201 ds/min), 217502 states left on queue.
Progress(18) at 2012-12-07 14:23:01: 4288427 states generated (359,578 s/min), 767069 distinct states found (58,460 ds/min), 231015 states left on queue.
Progress(18) at 2012-12-07 14:24:01: 4648045 states generated (359,618 s/min), 824385 distinct states found (57,316 ds/min), 243379 states left on queue.
Progress(18) at 2012-12-07 14:25:01: 5007577 states generated (359,532 s/min), 880323 distinct states found (55,938 ds/min), 254375 states left on queue.
Progress(19) at 2012-12-07 14:26:01: 5364107 states generated (356,529 s/min), 942269 distinct states found (61,946 ds/min), 271755 states left on queue.
Progress(19) at 2012-12-07 14:27:01: 5723679 states generated (359,572 s/min), 1002739 distinct states found (60,470 ds/min), 287279 states left on queue.
Progress(19) at 2012-12-07 14:28:01: 6083448 states generated (359,770 s/min), 1060227 distinct states found (57,488 ds/min), 299795 states left on queue.
Progress(19) at 2012-12-07 14:29:01: 6442955 states generated (359,507 s/min), 1116483 distinct states found (56,256 ds/min), 311113 states left on queue.
Progress(19) at 2012-12-07 14:30:01: 6802760 states generated (359,804 s/min), 1171626 distinct states found (55,143 ds/min), 321281 states left on queue.
Progress(20) at 2012-12-07 14:31:01: 7158354 states generated (355,595 s/min), 1224786 distinct states found (53,160 ds/min), 329991 states left on queue.
Progress(20) at 2012-12-07 14:32:01: 7518255 states generated (359,901 s/min), 1286404 distinct states found (61,618 ds/min), 346622 states left on queue.
Progress(20) at 2012-12-07 14:33:01: 7878119 states generated (359,864 s/min), 1346461 distinct states found (60,057 ds/min), 361696 states left on queue.
Progress(20) at 2012-12-07 14:34:01: 8237909 states generated (359,789 s/min), 1403184 distinct states found (56,723 ds/min), 373445 states left on queue.
Progress(20) at 2012-12-07 14:35:01: 8597537 states generated (359,629 s/min), 1457588 distinct states found (54,404 ds/min), 382895 states left on queue.
Progress(20) at 2012-12-07 14:36:01: 8949900 states generated (352,363 s/min), 1510742 distinct states found (53,154 ds/min), 392004 states left on queue.
Progress(20) at 2012-12-07 14:37:01: 9309407 states generated (359,507 s/min), 1565045 distinct states found (54,303 ds/min), 401369 states left on queue.
Progress(20) at 2012-12-07 14:38:01: 9668713 states generated (359,305 s/min), 1615253 distinct states found (50,208 ds/min), 406664 states left on queue.
Progress(21) at 2012-12-07 14:39:01: 10028266 states generated (359,554 s/min), 1675243 distinct states found (59,990 ds/min), 421709 states left on queue.
Progress(21) at 2012-12-07 14:40:01: 10387502 states generated (359,236 s/min), 1735053 distinct states found (59,810 ds/min), 436615 states left on queue.
Progress(21) at 2012-12-07 14:41:01: 10733533 states generated (346,031 s/min), 1789590 distinct states found (54,537 ds/min), 447898 states left on queue.
Progress(21) at 2012-12-07 14:42:01: 11091150 states generated (357,617 s/min), 1843602 distinct states found (54,012 ds/min), 457208 states left on queue.
Progress(21) at 2012-12-07 14:43:01: 11447603 states generated (356,453 s/min), 1897978 distinct states found (54,376 ds/min), 467027 states left on queue.
Progress(21) at 2012-12-07 14:44:01: 11805524 states generated (357,920 s/min), 1951634 distinct states found (53,656 ds/min), 475943 states left on queue.
Progress(21) at 2012-12-07 14:45:01: 12161645 states generated (356,121 s/min), 2001938 distinct states found (50,304 ds/min), 481732 states left on queue.
Progress(21) at 2012-12-07 14:46:01: 12504930 states generated (343,286 s/min), 2052962 distinct states found (51,024 ds/min), 489845 states left on queue.
Progress(21) at 2012-12-07 14:47:01: 12862457 states generated (357,526 s/min), 2101986 distinct states found (49,024 ds/min), 494179 states left on queue.
Progress(22) at 2012-12-07 14:48:01: 13219398 states generated (356,942 s/min), 2159009 distinct states found (57,023 ds/min), 506584 states left on queue.
Progress(22) at 2012-12-07 14:49:01: 13577652 states generated (358,253 s/min), 2217077 distinct states found (58,068 ds/min), 519870 states left on queue.
Progress(22) at 2012-12-07 14:50:01: 13935410 states generated (357,759 s/min), 2273513 distinct states found (56,436 ds/min), 531586 states left on queue.
Progress(22) at 2012-12-07 14:51:01: 14284328 states generated (348,917 s/min), 2326583 distinct states found (53,070 ds/min), 541043 states left on queue.
Progress(22) at 2012-12-07 14:52:01: 14640903 states generated (356,575 s/min), 2379260 distinct states found (52,677 ds/min), 549147 states left on queue.
Progress(22) at 2012-12-07 14:53:01: 14996561 states generated (355,658 s/min), 2432720 distinct states found (53,460 ds/min), 558150 states left on queue.
Progress(22) at 2012-12-07 14:54:01: 15353093 states generated (356,532 s/min), 2482446 distinct states found (49,726 ds/min), 563309 states left on queue.
Progress(22) at 2012-12-07 14:55:01: 15708044 states generated (354,952 s/min), 2535455 distinct states found (53,009 ds/min), 571949 states left on queue.
Progress(22) at 2012-12-07 14:56:01: 16057755 states generated (349,710 s/min), 2582355 distinct states found (46,900 ds/min), 575135 states left on queue.
Progress(22) at 2012-12-07 14:57:01: 16415483 states generated (357,729 s/min), 2635056 distinct states found (52,701 ds/min), 583120 states left on queue.
Progress(22) at 2012-12-07 14:58:01: 16772713 states generated (357,229 s/min), 2682493 distinct states found (47,437 ds/min), 585904 states left on queue.
Progress(23) at 2012-12-07 14:59:01: 17129183 states generated (356,471 s/min), 2736412 distinct states found (53,919 ds/min), 595264 states left on queue.
Progress(23) at 2012-12-07 15:00:01: 17486509 states generated (357,326 s/min), 2793042 distinct states found (56,630 ds/min), 607228 states left on queue.
Progress(23) at 2012-12-07 15:01:01: 17832358 states generated (345,848 s/min), 2847129 distinct states found (54,087 ds/min), 618084 states left on queue.
Progress(23) at 2012-12-07 15:02:01: 18189280 states generated (356,922 s/min), 2902319 distinct states found (55,190 ds/min), 628659 states left on queue.
Progress(23) at 2012-12-07 15:03:01: 18545443 states generated (356,163 s/min), 2954285 distinct states found (51,966 ds/min), 636104 states left on queue.
Progress(23) at 2012-12-07 15:04:01: 18902370 states generated (356,928 s/min), 3007238 distinct states found (52,953 ds/min), 644441 states left on queue.
Progress(23) at 2012-12-07 15:05:01: 19259017 states generated (356,647 s/min), 3058608 distinct states found (51,370 ds/min), 651230 states left on queue.
Progress(23) at 2012-12-07 15:06:01: 19606638 states generated (347,620 s/min), 3108166 distinct states found (49,558 ds/min), 657336 states left on queue.
Progress(23) at 2012-12-07 15:07:01: 19964792 states generated (358,154 s/min), 3157768 distinct states found (49,602 ds/min), 662169 states left on queue.
Progress(23) at 2012-12-07 15:08:01: 20320949 states generated (356,158 s/min), 3208563 distinct states found (50,795 ds/min), 668444 states left on queue.
Progress(23) at 2012-12-07 15:09:01: 20677915 states generated (356,965 s/min), 3254437 distinct states found (45,874 ds/min), 669697 states left on queue.
Progress(23) at 2012-12-07 15:10:01: 21036143 states generated (358,229 s/min), 3306250 distinct states found (51,813 ds/min), 676732 states left on queue.
Progress(23) at 2012-12-07 15:11:01: 21378661 states generated (342,517 s/min), 3351667 distinct states found (45,417 ds/min), 679334 states left on queue.
Progress(24) at 2012-12-07 15:12:01: 21738200 states generated (359,539 s/min), 3402299 distinct states found (50,632 ds/min), 685025 states left on queue.
Progress(24) at 2012-12-07 15:13:01: 22097537 states generated (359,337 s/min), 3458803 distinct states found (56,504 ds/min), 696611 states left on queue.
Progress(24) at 2012-12-07 15:14:01: 22457062 states generated (359,526 s/min), 3513490 distinct states found (54,687 ds/min), 706357 states left on queue.
Progress(24) at 2012-12-07 15:15:01: 22816017 states generated (358,955 s/min), 3566944 distinct states found (53,454 ds/min), 714941 states left on queue.
Progress(24) at 2012-12-07 15:16:01: 23165817 states generated (349,799 s/min), 3619659 distinct states found (52,715 ds/min), 723932 states left on queue.
Progress(24) at 2012-12-07 15:17:01: 23524945 states generated (359,129 s/min), 3669299 distinct states found (49,640 ds/min), 728680 states left on queue.
Progress(24) at 2012-12-07 15:18:01: 23883593 states generated (358,648 s/min), 3723055 distinct states found (53,756 ds/min), 737605 states left on queue.
Progress(24) at 2012-12-07 15:19:01: 24241284 states generated (357,691 s/min), 3771480 distinct states found (48,425 ds/min), 741319 states left on queue.
Progress(24) at 2012-12-07 15:20:01: 24596900 states generated (355,615 s/min), 3823512 distinct states found (52,032 ds/min), 748899 states left on queue.
Progress(24) at 2012-12-07 15:21:01: 24942265 states generated (345,365 s/min), 3869842 distinct states found (46,330 ds/min), 752059 states left on queue.
Progress(24) at 2012-12-07 15:22:01: 25300085 states generated (357,821 s/min), 3919614 distinct states found (49,772 ds/min), 757103 states left on queue.
Progress(24) at 2012-12-07 15:23:01: 25657830 states generated (357,745 s/min), 3968570 distinct states found (48,956 ds/min), 761341 states left on queue.
Progress(24) at 2012-12-07 15:24:01: 26015568 states generated (357,737 s/min), 4013390 distinct states found (44,820 ds/min), 761444 states left on queue.
Progress(24) at 2012-12-07 15:25:01: 26373303 states generated (357,736 s/min), 4063962 distinct states found (50,572 ds/min), 767299 states left on queue.
Progress(24) at 2012-12-07 15:26:01: 26722645 states generated (349,341 s/min), 4109164 distinct states found (45,202 ds/min), 768833 states left on queue.
Progress(25) at 2012-12-07 15:27:01: 27082367 states generated (359,723 s/min), 4155701 distinct states found (46,537 ds/min), 770405 states left on queue.
Progress(25) at 2012-12-07 15:28:01: 27441955 states generated (359,588 s/min), 4210196 distinct states found (54,495 ds/min), 779951 states left on queue.
Progress(25) at 2012-12-07 15:29:01: 27801954 states generated (359,999 s/min), 4266034 distinct states found (55,838 ds/min), 790789 states left on queue.
Progress(25) at 2012-12-07 15:30:01: 28161613 states generated (359,659 s/min), 4319537 distinct states found (53,503 ds/min), 799335 states left on queue.
Progress(25) at 2012-12-07 15:31:01: 28509144 states generated (347,530 s/min), 4369121 distinct states found (49,584 ds/min), 805479 states left on queue.
Progress(25) at 2012-12-07 15:32:01: 28868771 states generated (359,627 s/min), 4421998 distinct states found (52,877 ds/min), 813401 states left on queue.
Progress(25) at 2012-12-07 15:33:01: 29228217 states generated (359,446 s/min), 4471621 distinct states found (49,623 ds/min), 818094 states left on queue.
Progress(25) at 2012-12-07 15:34:01: 29588055 states generated (359,838 s/min), 4523366 distinct states found (51,745 ds/min), 824859 states left on queue.
Progress(25) at 2012-12-07 15:35:01: 29947857 states generated (359,803 s/min), 4572892 distinct states found (49,526 ds/min), 829409 states left on queue.
Progress(25) at 2012-12-07 15:36:01: 30291712 states generated (343,855 s/min), 4619038 distinct states found (46,146 ds/min), 832574 states left on queue.
Progress(25) at 2012-12-07 15:37:01: 30650902 states generated (359,190 s/min), 4669515 distinct states found (50,477 ds/min), 838152 states left on queue.
Progress(25) at 2012-12-07 15:38:01: 31010293 states generated (359,391 s/min), 4715698 distinct states found (46,183 ds/min), 839411 states left on queue.
Progress(25) at 2012-12-07 15:39:01: 31369197 states generated (358,903 s/min), 4764888 distinct states found (49,190 ds/min), 843738 states left on queue.
Progress(25) at 2012-12-07 15:40:01: 31728622 states generated (359,425 s/min), 4812629 distinct states found (47,741 ds/min), 846551 states left on queue.
Progress(25) at 2012-12-07 15:41:01: 32073435 states generated (344,813 s/min), 4855084 distinct states found (42,455 ds/min), 845904 states left on queue.
Progress(25) at 2012-12-07 15:42:01: 32433118 states generated (359,683 s/min), 4903951 distinct states found (48,867 ds/min), 849811 states left on queue.
Progress(25) at 2012-12-07 15:43:01: 32793036 states generated (359,919 s/min), 4950292 distinct states found (46,341 ds/min), 851162 states left on queue.
Progress(25) at 2012-12-07 15:44:01: 33152385 states generated (359,348 s/min), 4992978 distinct states found (42,686 ds/min), 848930 states left on queue.
Progress(26) at 2012-12-07 15:45:01: 33511857 states generated (359,473 s/min), 5048197 distinct states found (55,219 ds/min), 859214 states left on queue.
Progress(26) at 2012-12-07 15:46:01: 33859396 states generated (347,538 s/min), 5099900 distinct states found (51,703 ds/min), 867475 states left on queue.
Progress(26) at 2012-12-07 15:47:01: 34218992 states generated (359,596 s/min), 5151267 distinct states found (51,367 ds/min), 873893 states left on queue.
Progress(26) at 2012-12-07 15:48:01: 34578128 states generated (359,137 s/min), 5204097 distinct states found (52,830 ds/min), 881831 states left on queue.
Progress(26) at 2012-12-07 15:49:01: 34938026 states generated (359,898 s/min), 5253762 distinct states found (49,665 ds/min), 886508 states left on queue.
Progress(26) at 2012-12-07 15:50:01: 35297645 states generated (359,619 s/min), 5305434 distinct states found (51,672 ds/min), 893228 states left on queue.
Progress(26) at 2012-12-07 15:51:01: 35643061 states generated (345,415 s/min), 5352967 distinct states found (47,533 ds/min), 897584 states left on queue.
Progress(26) at 2012-12-07 15:52:01: 36002571 states generated (359,510 s/min), 5401339 distinct states found (48,372 ds/min), 901017 states left on queue.
Progress(26) at 2012-12-07 15:53:01: 36362105 states generated (359,534 s/min), 5451866 distinct states found (50,527 ds/min), 906603 states left on queue.
Progress(26) at 2012-12-07 15:54:01: 36721525 states generated (359,420 s/min), 5498058 distinct states found (46,192 ds/min), 907867 states left on queue.
Progress(26) at 2012-12-07 15:55:01: 37081024 states generated (359,499 s/min), 5547333 distinct states found (49,275 ds/min), 912205 states left on queue.
Progress(26) at 2012-12-07 15:56:01: 37424899 states generated (343,876 s/min), 5592943 distinct states found (45,610 ds/min), 914830 states left on queue.
Progress(26) at 2012-12-07 15:57:01: 37784418 states generated (359,519 s/min), 5637425 distinct states found (44,482 ds/min), 914372 states left on queue.
Progress(26) at 2012-12-07 15:58:01: 38143881 states generated (359,463 s/min), 5686248 distinct states found (48,823 ds/min), 918262 states left on queue.
Progress(26) at 2012-12-07 15:59:01: 38503405 states generated (359,524 s/min), 5732552 distinct states found (46,304 ds/min), 919626 states left on queue.
Progress(26) at 2012-12-07 16:00:01: 38863152 states generated (359,746 s/min), 5775293 distinct states found (42,741 ds/min), 917399 states left on queue.
Progress(26) at 2012-12-07 16:01:01: 39205145 states generated (341,994 s/min), 5821290 distinct states found (45,997 ds/min), 920646 states left on queue.
Progress(26) at 2012-12-07 16:02:01: 39563889 states generated (358,744 s/min), 5866055 distinct states found (44,765 ds/min), 920568 states left on queue.
Progress(26) at 2012-12-07 16:03:01: 39921790 states generated (357,900 s/min), 5908006 distinct states found (41,951 ds/min), 917782 states left on queue.
Progress(27) at 2012-12-07 16:04:01: 40279971 states generated (358,182 s/min), 5961563 distinct states found (53,557 ds/min), 926566 states left on queue.
Progress(27) at 2012-12-07 16:05:01: 40636617 states generated (356,646 s/min), 6011313 distinct states found (49,750 ds/min), 931735 states left on queue.
Progress(27) at 2012-12-07 16:06:01: 40979917 states generated (343,299 s/min), 6062371 distinct states found (51,058 ds/min), 939881 states left on queue.
Progress(27) at 2012-12-07 16:07:01: 41339409 states generated (359,493 s/min), 6110476 distinct states found (48,105 ds/min), 943049 states left on queue.
Progress(27) at 2012-12-07 16:08:01: 41698417 states generated (359,008 s/min), 6163441 distinct states found (52,965 ds/min), 951138 states left on queue.
Progress(27) at 2012-12-07 16:09:01: 42057799 states generated (359,381 s/min), 6211114 distinct states found (47,673 ds/min), 953889 states left on queue.
Progress(27) at 2012-12-07 16:10:01: 42417005 states generated (359,206 s/min), 6261302 distinct states found (50,188 ds/min), 959176 states left on queue.
Progress(27) at 2012-12-07 16:11:01: 42757932 states generated (340,928 s/min), 6307677 distinct states found (46,375 ds/min), 962935 states left on queue.
Progress(27) at 2012-12-07 16:12:01: 43117480 states generated (359,547 s/min), 6353226 distinct states found (45,549 ds/min), 963541 states left on queue.
Progress(27) at 2012-12-07 16:13:01: 43477167 states generated (359,688 s/min), 6403775 distinct states found (50,549 ds/min), 969129 states left on queue.
Progress(27) at 2012-12-07 16:14:01: 43836643 states generated (359,476 s/min), 6449965 distinct states found (46,190 ds/min), 970384 states left on queue.
Progress(27) at 2012-12-07 16:15:01: 44195804 states generated (359,161 s/min), 6495374 distinct states found (45,409 ds/min), 970898 states left on queue.
Progress(27) at 2012-12-07 16:16:01: 44547737 states generated (351,933 s/min), 6542963 distinct states found (47,589 ds/min), 974495 states left on queue.
Progress(27) at 2012-12-07 16:17:01: 44906985 states generated (359,248 s/min), 6587943 distinct states found (44,980 ds/min), 974569 states left on queue.
Progress(27) at 2012-12-07 16:18:01: 45266366 states generated (359,380 s/min), 6632392 distinct states found (44,449 ds/min), 974096 states left on queue.
Progress(27) at 2012-12-07 16:19:01: 45625781 states generated (359,415 s/min), 6679662 distinct states found (47,270 ds/min), 976439 states left on queue.
Progress(27) at 2012-12-07 16:20:01: 45985523 states generated (359,743 s/min), 6723372 distinct states found (43,710 ds/min), 975181 states left on queue.
Progress(27) at 2012-12-07 16:21:01: 46331684 states generated (346,160 s/min), 6765083 distinct states found (41,711 ds/min), 973622 states left on queue.
Progress(27) at 2012-12-07 16:22:01: 46689609 states generated (357,925 s/min), 6811247 distinct states found (46,164 ds/min), 975046 states left on queue.
Progress(27) at 2012-12-07 16:23:01: 47047673 states generated (358,065 s/min), 6853366 distinct states found (42,119 ds/min), 972406 states left on queue.
Progress(28) at 2012-12-07 16:24:01: 47405294 states generated (357,620 s/min), 6898656 distinct states found (45,290 ds/min), 972994 states left on queue.
Progress(28) at 2012-12-07 16:25:01: 47763226 states generated (357,932 s/min), 6949966 distinct states found (51,310 ds/min), 979562 states left on queue.
Progress(28) at 2012-12-07 16:26:01: 48111308 states generated (348,082 s/min), 6998180 distinct states found (48,214 ds/min), 984266 states left on queue.
Progress(28) at 2012-12-07 16:27:01: 48470877 states generated (359,570 s/min), 7049468 distinct states found (51,288 ds/min), 990608 states left on queue.
Progress(28) at 2012-12-07 16:28:01: 48830271 states generated (359,393 s/min), 7096735 distinct states found (47,267 ds/min), 992951 states left on queue.
Progress(28) at 2012-12-07 16:29:01: 49190273 states generated (360,003 s/min), 7148297 distinct states found (51,562 ds/min), 999512 states left on queue.
Progress(28) at 2012-12-07 16:30:01: 49549892 states generated (359,618 s/min), 7195970 distinct states found (47,673 ds/min), 1002233 states left on queue.
Progress(28) at 2012-12-07 16:31:01: 49906972 states generated (357,081 s/min), 7242754 distinct states found (46,784 ds/min), 1004382 states left on queue.
Progress(28) at 2012-12-07 16:32:01: 50266731 states generated (359,758 s/min), 7292065 distinct states found (49,311 ds/min), 1008723 states left on queue.
Progress(28) at 2012-12-07 16:33:01: 50626730 states generated (359,991 s/min), 7337501 distinct states found (45,436 ds/min), 1009159 states left on queue.
Progress(28) at 2012-12-07 16:34:01: 50986368 states generated (359,646 s/min), 7384610 distinct states found (47,109 ds/min), 1011314 states left on queue.
Progress(28) at 2012-12-07 16:35:01: 51346185 states generated (359,817 s/min), 7432258 distinct states found (47,648 ds/min), 1013985 states left on queue.
Progress(28) at 2012-12-07 16:36:01: 51702769 states generated (356,584 s/min), 7475433 distinct states found (43,175 ds/min), 1012587 states left on queue.
Progress(28) at 2012-12-07 16:37:01: 52062553 states generated (359,785 s/min), 7521951 distinct states found (46,518 ds/min), 1014131 states left on queue.
Progress(28) at 2012-12-07 16:38:01: 52422606 states generated (360,052 s/min), 7568337 distinct states found (46,386 ds/min), 1015511 states left on queue.
Progress(28) at 2012-12-07 16:39:01: 52782249 states generated (359,644 s/min), 7610847 distinct states found (42,510 ds/min), 1013065 states left on queue.
Progress(28) at 2012-12-07 16:40:01: 53142197 states generated (359,947 s/min), 7656280 distinct states found (45,433 ds/min), 1013505 states left on queue.
Progress(28) at 2012-12-07 16:41:01: 53497833 states generated (355,637 s/min), 7700726 distinct states found (44,446 ds/min), 1013496 states left on queue.
Progress(28) at 2012-12-07 16:42:01: 53857596 states generated (359,762 s/min), 7742541 distinct states found (41,815 ds/min), 1010341 states left on queue.
Progress(28) at 2012-12-07 16:43:01: 54216640 states generated (359,044 s/min), 7786560 distinct states found (44,019 ds/min), 1009480 states left on queue.
Progress(28) at 2012-12-07 16:44:01: 54576297 states generated (359,658 s/min), 7830140 distinct states found (43,580 ds/min), 1008102 states left on queue.
Progress(28) at 2012-12-07 16:45:01: 54935753 states generated (359,456 s/min), 7870727 distinct states found (40,587 ds/min), 1003757 states left on queue.
Progress(29) at 2012-12-07 16:46:01: 55288125 states generated (352,371 s/min), 7919180 distinct states found (48,453 ds/min), 1008164 states left on queue.
Progress(29) at 2012-12-07 16:47:01: 55647238 states generated (359,114 s/min), 7968393 distinct states found (49,213 ds/min), 1012488 states left on queue.
Progress(29) at 2012-12-07 16:48:01: 56006665 states generated (359,427 s/min), 8016944 distinct states found (48,551 ds/min), 1016110 states left on queue.
Progress(29) at 2012-12-07 16:49:01: 56366025 states generated (359,359 s/min), 8066813 distinct states found (49,869 ds/min), 1021060 states left on queue.
Progress(29) at 2012-12-07 16:50:01: 56725243 states generated (359,218 s/min), 8113177 distinct states found (46,364 ds/min), 1022521 states left on queue.
Progress(29) at 2012-12-07 16:51:01: 57075605 states generated (350,363 s/min), 8161338 distinct states found (48,161 ds/min), 1026887 states left on queue.
Progress(29) at 2012-12-07 16:52:01: 57434583 states generated (358,977 s/min), 8208946 distinct states found (47,608 ds/min), 1029623 states left on queue.
Progress(29) at 2012-12-07 16:53:01: 57794023 states generated (359,441 s/min), 8252622 distinct states found (43,676 ds/min), 1028369 states left on queue.
Progress(29) at 2012-12-07 16:54:01: 58153189 states generated (359,165 s/min), 8301790 distinct states found (49,168 ds/min), 1032641 states left on queue.
Progress(29) at 2012-12-07 16:55:01: 58512850 states generated (359,662 s/min), 8348221 distinct states found (46,431 ds/min), 1034114 states left on queue.
Progress(29) at 2012-12-07 16:56:01: 58866126 states generated (353,275 s/min), 8389986 distinct states found (41,765 ds/min), 1031720 states left on queue.
Progress(29) at 2012-12-07 16:57:01: 59225507 states generated (359,382 s/min), 8438253 distinct states found (48,267 ds/min), 1035064 states left on queue.
Progress(29) at 2012-12-07 16:58:01: 59584540 states generated (359,032 s/min), 8483204 distinct states found (44,951 ds/min), 1035136 states left on queue.
Progress(29) at 2012-12-07 16:59:01: 59943088 states generated (358,548 s/min), 8524557 distinct states found (41,353 ds/min), 1031671 states left on queue.
Progress(29) at 2012-12-07 17:00:01: 60302701 states generated (359,613 s/min), 8571850 distinct states found (47,293 ds/min), 1034012 states left on queue.
Progress(29) at 2012-12-07 17:01:01: 60648769 states generated (346,069 s/min), 8613765 distinct states found (41,915 ds/min), 1032668 states left on queue.
Progress(29) at 2012-12-07 17:02:01: 61008169 states generated (359,400 s/min), 8654193 distinct states found (40,428 ds/min), 1028171 states left on queue.
Progress(29) at 2012-12-07 17:03:01: 61367497 states generated (359,328 s/min), 8700542 distinct states found (46,349 ds/min), 1029604 states left on queue.
Progress(29) at 2012-12-07 17:04:01: 61727192 states generated (359,695 s/min), 8742897 distinct states found (42,355 ds/min), 1026998 states left on queue.
Progress(29) at 2012-12-07 17:05:01: 62086257 states generated (359,065 s/min), 8782977 distinct states found (40,080 ds/min), 1022194 states left on queue.
Progress(29) at 2012-12-07 17:06:01: 62432529 states generated (346,272 s/min), 8825947 distinct states found (42,970 ds/min), 1021880 states left on queue.
Progress(29) at 2012-12-07 17:07:01: 62791891 states generated (359,361 s/min), 8867049 distinct states found (41,102 ds/min), 1018062 states left on queue.
Progress(30) at 2012-12-07 17:08:01: 63151537 states generated (359,647 s/min), 8909431 distinct states found (42,382 ds/min), 1015488 states left on queue.
Progress(30) at 2012-12-07 17:09:01: 63511037 states generated (359,499 s/min), 8959974 distinct states found (50,543 ds/min), 1021094 states left on queue.
Progress(30) at 2012-12-07 17:10:01: 63870535 states generated (359,498 s/min), 9006169 distinct states found (46,195 ds/min), 1022352 states left on queue.
Progress(30) at 2012-12-07 17:11:01: 64210800 states generated (340,266 s/min), 9052794 distinct states found (46,625 ds/min), 1026444 states left on queue.
Progress(30) at 2012-12-07 17:12:01: 64569227 states generated (358,426 s/min), 9100380 distinct states found (47,586 ds/min), 1029226 states left on queue.
Progress(30) at 2012-12-07 17:13:01: 64927943 states generated (358,716 s/min), 9144987 distinct states found (44,607 ds/min), 1028994 states left on queue.
Progress(30) at 2012-12-07 17:14:01: 65286687 states generated (358,744 s/min), 9193522 distinct states found (48,535 ds/min), 1032686 states left on queue.
Progress(30) at 2012-12-07 17:15:01: 65645447 states generated (358,760 s/min), 9239750 distinct states found (46,228 ds/min), 1034069 states left on queue.
Progress(30) at 2012-12-07 17:16:01: 65998498 states generated (353,051 s/min), 9281973 distinct states found (42,223 ds/min), 1032160 states left on queue.
Progress(30) at 2012-12-07 17:17:01: 66357481 states generated (358,983 s/min), 9329857 distinct states found (47,884 ds/min), 1035172 states left on queue.
Progress(30) at 2012-12-07 17:18:01: 66716308 states generated (358,827 s/min), 9374585 distinct states found (44,728 ds/min), 1035046 states left on queue.
Progress(30) at 2012-12-07 17:19:01: 67075160 states generated (358,853 s/min), 9416612 distinct states found (42,027 ds/min), 1032217 states left on queue.
Progress(30) at 2012-12-07 17:20:01: 67433600 states generated (358,440 s/min), 9463318 distinct states found (46,706 ds/min), 1034118 states left on queue.
Progress(30) at 2012-12-07 17:21:01: 67779491 states generated (345,890 s/min), 9505548 distinct states found (42,230 ds/min), 1033111 states left on queue.
Progress(30) at 2012-12-07 17:22:01: 68136715 states generated (357,224 s/min), 9546396 distinct states found (40,848 ds/min), 1029306 states left on queue.
Progress(30) at 2012-12-07 17:23:01: 68494119 states generated (357,404 s/min), 9591275 distinct states found (44,879 ds/min), 1029510 states left on queue.
Progress(30) at 2012-12-07 17:24:01: 68851357 states generated (357,238 s/min), 9634132 distinct states found (42,857 ds/min), 1027712 states left on queue.
Progress(30) at 2012-12-07 17:25:01: 69207670 states generated (356,313 s/min), 9673523 distinct states found (39,391 ds/min), 1022564 states left on queue.
Progress(30) at 2012-12-07 17:26:01: 69554051 states generated (346,382 s/min), 9716257 distinct states found (42,734 ds/min), 1022000 states left on queue.
Progress(30) at 2012-12-07 17:27:01: 69912405 states generated (358,354 s/min), 9757784 distinct states found (41,527 ds/min), 1018733 states left on queue.
Progress(30) at 2012-12-07 17:28:01: 70271272 states generated (358,867 s/min), 9797047 distinct states found (39,263 ds/min), 1013137 states left on queue.
Progress(30) at 2012-12-07 17:29:01: 70629888 states generated (358,616 s/min), 9839861 distinct states found (42,814 ds/min), 1011125 states left on queue.
Progress(30) at 2012-12-07 17:30:01: 70988372 states generated (358,483 s/min), 9879310 distinct states found (39,449 ds/min), 1005763 states left on queue.
Progress(31) at 2012-12-07 17:31:01: 71336021 states generated (347,649 s/min), 9922283 distinct states found (42,973 ds/min), 1005280 states left on queue.
Progress(31) at 2012-12-07 17:32:01: 71694651 states generated (358,630 s/min), 9970844 distinct states found (48,561 ds/min), 1009012 states left on queue.
Progress(31) at 2012-12-07 17:33:01: 72052988 states generated (358,338 s/min), 10015602 distinct states found (44,758 ds/min), 1008978 states left on queue.
Progress(31) at 2012-12-07 17:34:01: 72411336 states generated (358,348 s/min), 10063564 distinct states found (47,962 ds/min), 1012147 states left on queue.
Progress(31) at 2012-12-07 17:35:01: 72769766 states generated (358,430 s/min), 10109905 distinct states found (46,341 ds/min), 1013684 states left on queue.
Progress(31) at 2012-12-07 17:36:01: 73115767 states generated (346,000 s/min), 10152069 distinct states found (42,164 ds/min), 1012598 states left on queue.
Progress(31) at 2012-12-07 17:37:01: 73474520 states generated (358,754 s/min), 10198845 distinct states found (46,776 ds/min), 1014530 states left on queue.
Progress(31) at 2012-12-07 17:38:01: 73832785 states generated (358,265 s/min), 10244490 distinct states found (45,645 ds/min), 1015391 states left on queue.
Progress(31) at 2012-12-07 17:39:01: 74191217 states generated (358,432 s/min), 10286701 distinct states found (42,211 ds/min), 1012798 states left on queue.
Progress(31) at 2012-12-07 17:40:01: 74549547 states generated (358,329 s/min), 10331956 distinct states found (45,255 ds/min), 1013262 states left on queue.
Progress(31) at 2012-12-07 17:41:01: 74895309 states generated (345,763 s/min), 10375383 distinct states found (43,427 ds/min), 1013469 states left on queue.
Progress(31) at 2012-12-07 17:42:01: 75253654 states generated (358,344 s/min), 10416503 distinct states found (41,120 ds/min), 1009796 states left on queue.
Progress(31) at 2012-12-07 17:43:01: 75612208 states generated (358,554 s/min), 10460894 distinct states found (44,391 ds/min), 1009368 states left on queue.
Progress(31) at 2012-12-07 17:44:01: 75970800 states generated (358,592 s/min), 10504442 distinct states found (43,548 ds/min), 1008092 states left on queue.
Progress(31) at 2012-12-07 17:45:01: 76329391 states generated (358,592 s/min), 10544499 distinct states found (40,057 ds/min), 1003325 states left on queue.
Progress(31) at 2012-12-07 17:46:01: 76673992 states generated (344,600 s/min), 10586265 distinct states found (41,766 ds/min), 1002016 states left on queue.
Progress(31) at 2012-12-07 17:47:01: 77032613 states generated (358,621 s/min), 10628565 distinct states found (42,300 ds/min), 999488 states left on queue.
Progress(31) at 2012-12-07 17:48:01: 77391166 states generated (358,554 s/min), 10667037 distinct states found (38,472 ds/min), 993141 states left on queue.
Progress(31) at 2012-12-07 17:49:01: 77748855 states generated (357,688 s/min), 10710238 distinct states found (43,201 ds/min), 991631 states left on queue.
Progress(31) at 2012-12-07 17:50:01: 78103516 states generated (354,662 s/min), 10749793 distinct states found (39,555 ds/min), 986853 states left on queue.
Progress(31) at 2012-12-07 17:51:01: 78447168 states generated (343,652 s/min), 10787135 distinct states found (37,342 ds/min), 981239 states left on queue.
Progress(31) at 2012-12-07 17:52:01: 78802351 states generated (355,182 s/min), 10827799 distinct states found (40,664 ds/min), 977505 states left on queue.
Progress(31) at 2012-12-07 17:53:01: 79158888 states generated (356,537 s/min), 10864395 distinct states found (36,596 ds/min), 969534 states left on queue.
Progress(32) at 2012-12-07 17:54:01: 79515471 states generated (356,583 s/min), 10912926 distinct states found (48,531 ds/min), 973492 states left on queue.
Progress(32) at 2012-12-07 17:55:01: 79870794 states generated (355,324 s/min), 10958819 distinct states found (45,893 ds/min), 974969 states left on queue.
Progress(32) at 2012-12-07 17:56:01: 80217822 states generated (347,028 s/min), 10999657 distinct states found (40,838 ds/min), 972429 states left on queue.
Progress(32) at 2012-12-07 17:57:01: 80574817 states generated (356,995 s/min), 11047904 distinct states found (48,247 ds/min), 976051 states left on queue.
Progress(32) at 2012-12-07 17:58:01: 80932158 states generated (357,340 s/min), 11092608 distinct states found (44,704 ds/min), 976088 states left on queue.
Progress(32) at 2012-12-07 17:59:01: 81288837 states generated (356,680 s/min), 11133651 distinct states found (41,043 ds/min), 972546 states left on queue.
Progress(32) at 2012-12-07 18:00:01: 81643006 states generated (354,169 s/min), 11180408 distinct states found (46,757 ds/min), 975032 states left on queue.
Progress(32) at 2012-12-07 18:01:01: 81990125 states generated (347,118 s/min), 11222373 distinct states found (41,965 ds/min), 973607 states left on queue.
Progress(32) at 2012-12-07 18:02:01: 82346287 states generated (356,162 s/min), 11263044 distinct states found (40,671 ds/min), 969758 states left on queue.
Progress(32) at 2012-12-07 18:03:01: 82701589 states generated (355,303 s/min), 11308200 distinct states found (45,156 ds/min), 970501 states left on queue.
Progress(32) at 2012-12-07 18:04:01: 83057571 states generated (355,982 s/min), 11350524 distinct states found (42,324 ds/min), 968327 states left on queue.
Progress(32) at 2012-12-07 18:05:01: 83413619 states generated (356,047 s/min), 11389670 distinct states found (39,146 ds/min), 962967 states left on queue.
Progress(32) at 2012-12-07 18:06:01: 83767710 states generated (354,091 s/min), 11433815 distinct states found (44,145 ds/min), 962851 states left on queue.
Progress(32) at 2012-12-07 18:07:01: 84126652 states generated (358,943 s/min), 11475015 distinct states found (41,200 ds/min), 959183 states left on queue.
Progress(32) at 2012-12-07 18:08:01: 84485299 states generated (358,647 s/min), 11514780 distinct states found (39,765 ds/min), 954117 states left on queue.
Progress(32) at 2012-12-07 18:09:01: 84843982 states generated (358,682 s/min), 11556987 distinct states found (42,207 ds/min), 951489 states left on queue.
Progress(32) at 2012-12-07 18:10:01: 85202801 states generated (358,819 s/min), 11596456 distinct states found (39,469 ds/min), 946106 states left on queue.
Progress(32) at 2012-12-07 18:11:01: 85553349 states generated (350,549 s/min), 11635912 distinct states found (39,456 ds/min), 941743 states left on queue.
Progress(32) at 2012-12-07 18:12:01: 85912360 states generated (359,010 s/min), 11675885 distinct states found (39,973 ds/min), 936840 states left on queue.
Progress(32) at 2012-12-07 18:13:01: 86270866 states generated (358,507 s/min), 11713704 distinct states found (37,819 ds/min), 929845 states left on queue.
Progress(32) at 2012-12-07 18:14:01: 86629523 states generated (358,657 s/min), 11753412 distinct states found (39,708 ds/min), 924721 states left on queue.
Progress(33) at 2012-12-07 18:15:01: 86988161 states generated (358,636 s/min), 11791864 distinct states found (38,452 ds/min), 918344 states left on queue.
Progress(33) at 2012-12-07 18:16:01: 87342649 states generated (354,490 s/min), 11838868 distinct states found (47,004 ds/min), 921036 states left on queue.
Progress(33) at 2012-12-07 18:17:01: 87700979 states generated (358,329 s/min), 11882906 distinct states found (44,038 ds/min), 920283 states left on queue.
Progress(33) at 2012-12-07 18:18:01: 88059612 states generated (358,633 s/min), 11925566 distinct states found (42,660 ds/min), 918114 states left on queue.
Progress(33) at 2012-12-07 18:19:01: 88418085 states generated (358,474 s/min), 11971583 distinct states found (46,017 ds/min), 919322 states left on queue.
Progress(33) at 2012-12-07 18:20:01: 88776590 states generated (358,504 s/min), 12015022 distinct states found (43,439 ds/min), 917948 states left on queue.
Progress(33) at 2012-12-07 18:21:01: 89125437 states generated (348,847 s/min), 12055196 distinct states found (40,174 ds/min), 914516 states left on queue.
Progress(33) at 2012-12-07 18:22:01: 89483945 states generated (358,508 s/min), 12100152 distinct states found (44,956 ds/min), 914659 states left on queue.
Progress(33) at 2012-12-07 18:23:01: 89842436 states generated (358,492 s/min), 12142488 distinct states found (42,336 ds/min), 912183 states left on queue.
Progress(33) at 2012-12-07 18:24:01: 90201074 states generated (358,638 s/min), 12183164 distinct states found (40,676 ds/min), 908029 states left on queue.
Progress(33) at 2012-12-07 18:25:01: 90559612 states generated (358,537 s/min), 12226477 distinct states found (43,313 ds/min), 906525 states left on queue.
Progress(33) at 2012-12-07 18:26:01: 90909348 states generated (349,736 s/min), 12266411 distinct states found (39,934 ds/min), 902742 states left on queue.
Progress(33) at 2012-12-07 18:27:01: 91267998 states generated (358,651 s/min), 12306473 distinct states found (40,062 ds/min), 897973 states left on queue.
Progress(33) at 2012-12-07 18:28:01: 91625995 states generated (357,997 s/min), 12348767 distinct states found (42,294 ds/min), 895517 states left on queue.
Progress(33) at 2012-12-07 18:29:01: 91983111 states generated (357,116 s/min), 12386765 distinct states found (37,998 ds/min), 888876 states left on queue.
Progress(33) at 2012-12-07 18:30:01: 92338269 states generated (355,157 s/min), 12427522 distinct states found (40,757 ds/min), 885238 states left on queue.
Progress(33) at 2012-12-07 18:31:01: 92682739 states generated (344,471 s/min), 12465266 distinct states found (37,744 ds/min), 879923 states left on queue.
Progress(33) at 2012-12-07 18:32:01: 93039027 states generated (356,288 s/min), 12503400 distinct states found (38,134 ds/min), 873521 states left on queue.
Progress(33) at 2012-12-07 18:33:01: 93396355 states generated (357,328 s/min), 12542493 distinct states found (39,093 ds/min), 867948 states left on queue.
Progress(33) at 2012-12-07 18:34:01: 93753084 states generated (356,729 s/min), 12579142 distinct states found (36,649 ds/min), 860006 states left on queue.
Progress(33) at 2012-12-07 18:35:01: 94110970 states generated (357,885 s/min), 12617126 distinct states found (37,984 ds/min), 853254 states left on queue.
Progress(34) at 2012-12-07 18:36:01: 94457140 states generated (346,170 s/min), 12657831 distinct states found (40,705 ds/min), 850688 states left on queue.
Progress(34) at 2012-12-07 18:37:01: 94815585 states generated (358,445 s/min), 12702449 distinct states found (44,618 ds/min), 850501 states left on queue.
Progress(34) at 2012-12-07 18:38:01: 95174141 states generated (358,557 s/min), 12744736 distinct states found (42,287 ds/min), 847968 states left on queue.
Progress(34) at 2012-12-07 18:39:01: 95530326 states generated (356,184 s/min), 12787969 distinct states found (43,233 ds/min), 846678 states left on queue.
Progress(34) at 2012-12-07 18:40:01: 95886515 states generated (356,189 s/min), 12831345 distinct states found (43,376 ds/min), 845530 states left on queue.
Progress(34) at 2012-12-07 18:41:01: 96228125 states generated (341,611 s/min), 12870480 distinct states found (39,135 ds/min), 841964 states left on queue.
Progress(34) at 2012-12-07 18:42:01: 96582969 states generated (354,844 s/min), 12912383 distinct states found (41,903 ds/min), 839511 states left on queue.
Progress(34) at 2012-12-07 18:43:01: 96938500 states generated (355,530 s/min), 12954517 distinct states found (42,134 ds/min), 837204 states left on queue.
Progress(34) at 2012-12-07 18:44:01: 97294972 states generated (356,473 s/min), 12993599 distinct states found (39,082 ds/min), 831727 states left on queue.
Progress(34) at 2012-12-07 18:45:01: 97651478 states generated (356,505 s/min), 13035596 distinct states found (41,997 ds/min), 829161 states left on queue.
Progress(34) at 2012-12-07 18:46:01: 98001337 states generated (349,860 s/min), 13075638 distinct states found (40,042 ds/min), 825470 states left on queue.
Progress(34) at 2012-12-07 18:47:01: 98360009 states generated (358,672 s/min), 13113957 distinct states found (38,319 ds/min), 818955 states left on queue.
Progress(34) at 2012-12-07 18:48:01: 98718392 states generated (358,383 s/min), 13154972 distinct states found (41,015 ds/min), 815173 states left on queue.
Progress(34) at 2012-12-07 18:49:01: 99077238 states generated (358,845 s/min), 13192994 distinct states found (38,022 ds/min), 808339 states left on queue.
Progress(34) at 2012-12-07 18:50:01: 99435849 states generated (358,611 s/min), 13232883 distinct states found (39,889 ds/min), 803402 states left on queue.
Progress(34) at 2012-12-07 18:51:01: 99781201 states generated (345,352 s/min), 13268926 distinct states found (36,043 ds/min), 796276 states left on queue.
Progress(34) at 2012-12-07 18:52:01: 100139462 states generated (358,261 s/min), 13307192 distinct states found (38,266 ds/min), 789759 states left on queue.
Progress(34) at 2012-12-07 18:53:01: 100497833 states generated (358,371 s/min), 13343064 distinct states found (35,872 ds/min), 780834 states left on queue.
Progress(34) at 2012-12-07 18:54:01: 100855791 states generated (357,958 s/min), 13380797 distinct states found (37,733 ds/min), 773823 states left on queue.
Progress(35) at 2012-12-07 18:55:01: 101213921 states generated (358,130 s/min), 13420530 distinct states found (39,733 ds/min), 768790 states left on queue.
Progress(35) at 2012-12-07 18:56:01: 101558921 states generated (345,001 s/min), 13463321 distinct states found (42,791 ds/min), 768455 states left on queue.
Progress(35) at 2012-12-07 18:57:01: 101917224 states generated (358,302 s/min), 13504279 distinct states found (40,958 ds/min), 764626 states left on queue.
Progress(35) at 2012-12-07 18:58:01: 102275473 states generated (358,249 s/min), 13546291 distinct states found (42,012 ds/min), 761857 states left on queue.
Progress(35) at 2012-12-07 18:59:01: 102633628 states generated (358,156 s/min), 13589138 distinct states found (42,847 ds/min), 759934 states left on queue.
Progress(35) at 2012-12-07 19:00:01: 102992333 states generated (358,704 s/min), 13628639 distinct states found (39,501 ds/min), 754597 states left on queue.
Progress(35) at 2012-12-07 19:01:01: 103336961 states generated (344,629 s/min), 13669006 distinct states found (40,367 ds/min), 751885 states left on queue.
Progress(35) at 2012-12-07 19:02:01: 103695185 states generated (358,224 s/min), 13710032 distinct states found (41,026 ds/min), 748133 states left on queue.
Progress(35) at 2012-12-07 19:03:01: 104053205 states generated (358,019 s/min), 13747971 distinct states found (37,939 ds/min), 741320 states left on queue.
Progress(35) at 2012-12-07 19:04:01: 104411532 states generated (358,327 s/min), 13789495 distinct states found (41,524 ds/min), 738053 states left on queue.
Progress(35) at 2012-12-07 19:05:01: 104769633 states generated (358,101 s/min), 13827513 distinct states found (38,018 ds/min), 731309 states left on queue.
Progress(35) at 2012-12-07 19:06:01: 105115788 states generated (346,156 s/min), 13865556 distinct states found (38,043 ds/min), 726082 states left on queue.
Progress(35) at 2012-12-07 19:07:01: 105474188 states generated (358,400 s/min), 13903603 distinct states found (38,047 ds/min), 719329 states left on queue.
Progress(35) at 2012-12-07 19:08:01: 105832572 states generated (358,384 s/min), 13941466 distinct states found (37,863 ds/min), 712394 states left on queue.
Progress(35) at 2012-12-07 19:09:01: 106191103 states generated (358,531 s/min), 13977749 distinct states found (36,283 ds/min), 703861 states left on queue.
Progress(35) at 2012-12-07 19:10:01: 106549302 states generated (358,197 s/min), 14015250 distinct states found (37,501 ds/min), 696587 states left on queue.
Progress(35) at 2012-12-07 19:11:01: 106891105 states generated (341,805 s/min), 14049044 distinct states found (33,794 ds/min), 687655 states left on queue.
Progress(36) at 2012-12-07 19:12:01: 107246888 states generated (355,783 s/min), 14085231 distinct states found (36,187 ds/min), 679370 states left on queue.
Progress(36) at 2012-12-07 19:13:01: 107604601 states generated (357,713 s/min), 14128693 distinct states found (43,462 ds/min), 678117 states left on queue.
Progress(36) at 2012-12-07 19:14:01: 107963168 states generated (358,566 s/min), 14169704 distinct states found (41,011 ds/min), 674308 states left on queue.
Progress(36) at 2012-12-07 19:15:01: 108321805 states generated (358,638 s/min), 14209743 distinct states found (40,039 ds/min), 669517 states left on queue.
Progress(36) at 2012-12-07 19:16:01: 108676067 states generated (354,261 s/min), 14251629 distinct states found (41,886 ds/min), 667120 states left on queue.
Progress(36) at 2012-12-07 19:17:01: 109034535 states generated (358,469 s/min), 14289847 distinct states found (38,218 ds/min), 660530 states left on queue.
Progress(36) at 2012-12-07 19:18:01: 109392911 states generated (358,375 s/min), 14330656 distinct states found (40,809 ds/min), 656542 states left on queue.
Progress(36) at 2012-12-07 19:19:01: 109751331 states generated (358,420 s/min), 14370097 distinct states found (39,441 ds/min), 651180 states left on queue.
Progress(36) at 2012-12-07 19:20:01: 110110070 states generated (358,739 s/min), 14408625 distinct states found (38,528 ds/min), 644866 states left on queue.
Progress(36) at 2012-12-07 19:21:01: 110465758 states generated (355,689 s/min), 14447361 distinct states found (38,736 ds/min), 639141 states left on queue.
Progress(36) at 2012-12-07 19:22:01: 110824847 states generated (359,089 s/min), 14484522 distinct states found (37,161 ds/min), 631416 states left on queue.
Progress(36) at 2012-12-07 19:23:01: 111183707 states generated (358,859 s/min), 14522174 distinct states found (37,652 ds/min), 624210 states left on queue.
Progress(36) at 2012-12-07 19:24:01: 111542737 states generated (359,031 s/min), 14559013 distinct states found (36,839 ds/min), 616170 states left on queue.
Progress(36) at 2012-12-07 19:25:01: 111901617 states generated (358,879 s/min), 14594452 distinct states found (35,439 ds/min), 606749 states left on queue.
Progress(36) at 2012-12-07 19:26:01: 112255947 states generated (354,330 s/min), 14629005 distinct states found (34,553 ds/min), 597011 states left on queue.
Progress(36) at 2012-12-07 19:27:01: 112614510 states generated (358,563 s/min), 14662950 distinct states found (33,945 ds/min), 586136 states left on queue.
Progress(37) at 2012-12-07 19:28:01: 112973425 states generated (358,916 s/min), 14706721 distinct states found (43,771 ds/min), 585042 states left on queue.
Progress(37) at 2012-12-07 19:29:01: 113331833 states generated (358,407 s/min), 14746551 distinct states found (39,830 ds/min), 580072 states left on queue.
Progress(37) at 2012-12-07 19:30:01: 113690121 states generated (358,289 s/min), 14785584 distinct states found (39,033 ds/min), 574318 states left on queue.
Progress(37) at 2012-12-07 19:31:01: 114043320 states generated (353,198 s/min), 14825794 distinct states found (40,210 ds/min), 570379 states left on queue.
Progress(37) at 2012-12-07 19:32:01: 114399725 states generated (356,405 s/min), 14862582 distinct states found (36,788 ds/min), 562616 states left on queue.
Progress(37) at 2012-12-07 19:33:01: 114755766 states generated (356,041 s/min), 14902627 distinct states found (40,045 ds/min), 558156 states left on queue.
Progress(37) at 2012-12-07 19:34:01: 115113041 states generated (357,275 s/min), 14938748 distinct states found (36,121 ds/min), 549618 states left on queue.
Progress(37) at 2012-12-07 19:35:01: 115470223 states generated (357,182 s/min), 14977960 distinct states found (39,212 ds/min), 544182 states left on queue.
Progress(37) at 2012-12-07 19:36:01: 115822608 states generated (352,386 s/min), 15013462 distinct states found (35,502 ds/min), 535636 states left on queue.
Progress(37) at 2012-12-07 19:37:01: 116178202 states generated (355,593 s/min), 15049724 distinct states found (36,262 ds/min), 527448 states left on queue.
Progress(37) at 2012-12-07 19:38:01: 116535013 states generated (356,811 s/min), 15085265 distinct states found (35,541 ds/min), 518388 states left on queue.
Progress(37) at 2012-12-07 19:39:01: 116891707 states generated (356,695 s/min), 15119720 distinct states found (34,455 ds/min), 508256 states left on queue.
Progress(37) at 2012-12-07 19:40:01: 117248923 states generated (357,215 s/min), 15152699 distinct states found (32,979 ds/min), 496583 states left on queue.
Progress(38) at 2012-12-07 19:41:01: 117603704 states generated (354,781 s/min), 15192694 distinct states found (39,995 ds/min), 492231 states left on queue.
Progress(38) at 2012-12-07 19:42:01: 117961200 states generated (357,496 s/min), 15231739 distinct states found (39,045 ds/min), 486589 states left on queue.
Progress(38) at 2012-12-07 19:43:01: 118317367 states generated (356,167 s/min), 15270133 distinct states found (38,394 ds/min), 480462 states left on queue.
Progress(38) at 2012-12-07 19:44:01: 118673808 states generated (356,442 s/min), 15308761 distinct states found (38,628 ds/min), 474535 states left on queue.
Progress(38) at 2012-12-07 19:45:01: 119030861 states generated (357,053 s/min), 15345887 distinct states found (37,126 ds/min), 467029 states left on queue.
Progress(38) at 2012-12-07 19:46:01: 119383803 states generated (352,941 s/min), 15382669 distinct states found (36,782 ds/min), 459693 states left on queue.
Progress(38) at 2012-12-07 19:47:01: 119740041 states generated (356,239 s/min), 15419328 distinct states found (36,659 ds/min), 451822 states left on queue.
Progress(38) at 2012-12-07 19:48:01: 120096577 states generated (356,536 s/min), 15454510 distinct states found (35,182 ds/min), 442437 states left on queue.
Progress(38) at 2012-12-07 19:49:01: 120453196 states generated (356,618 s/min), 15489125 distinct states found (34,615 ds/min), 432475 states left on queue.
Progress(38) at 2012-12-07 19:50:01: 120810382 states generated (357,186 s/min), 15523063 distinct states found (33,938 ds/min), 421765 states left on queue.
Progress(38) at 2012-12-07 19:51:01: 121146692 states generated (336,311 s/min), 15554488 distinct states found (31,425 ds/min), 411151 states left on queue.
Progress(39) at 2012-12-07 19:52:01: 121501352 states generated (354,659 s/min), 15592062 distinct states found (37,574 ds/min), 404393 states left on queue.
Progress(39) at 2012-12-07 19:53:01: 121855183 states generated (353,831 s/min), 15629651 distinct states found (37,589 ds/min), 397753 states left on queue.
Progress(39) at 2012-12-07 19:54:01: 122208835 states generated (353,652 s/min), 15667071 distinct states found (37,420 ds/min), 390966 states left on queue.
Progress(39) at 2012-12-07 19:55:01: 122562472 states generated (353,638 s/min), 15703060 distinct states found (35,989 ds/min), 382751 states left on queue.
Progress(39) at 2012-12-07 19:56:01: 122913168 states generated (350,695 s/min), 15739617 distinct states found (36,557 ds/min), 375471 states left on queue.
Progress(39) at 2012-12-07 19:57:01: 123272051 states generated (358,883 s/min), 15774961 distinct states found (35,344 ds/min), 365954 states left on queue.
Progress(39) at 2012-12-07 19:58:01: 123630740 states generated (358,690 s/min), 15809780 distinct states found (34,819 ds/min), 355937 states left on queue.
Progress(39) at 2012-12-07 19:59:01: 123989656 states generated (358,915 s/min), 15843764 distinct states found (33,984 ds/min), 345057 states left on queue.
Progress(39) at 2012-12-07 20:00:01: 124348511 states generated (358,855 s/min), 15876276 distinct states found (32,512 ds/min), 332712 states left on queue.
Progress(40) at 2012-12-07 20:01:01: 124695484 states generated (346,973 s/min), 15911089 distinct states found (34,813 ds/min), 324153 states left on queue.
Progress(40) at 2012-12-07 20:02:01: 125054243 states generated (358,760 s/min), 15947944 distinct states found (36,855 ds/min), 316163 states left on queue.
Progress(40) at 2012-12-07 20:03:01: 125412983 states generated (358,739 s/min), 15985186 distinct states found (37,242 ds/min), 308563 states left on queue.
Progress(40) at 2012-12-07 20:04:01: 125771540 states generated (358,557 s/min), 16020220 distinct states found (35,034 ds/min), 298777 states left on queue.
Progress(40) at 2012-12-07 20:05:01: 126130279 states generated (358,738 s/min), 16055182 distinct states found (34,962 ds/min), 288897 states left on queue.
Progress(40) at 2012-12-07 20:06:01: 126476168 states generated (345,890 s/min), 16088142 distinct states found (32,960 ds/min), 278621 states left on queue.
Progress(40) at 2012-12-07 20:07:01: 126834686 states generated (358,519 s/min), 16120892 distinct states found (32,750 ds/min), 266556 states left on queue.
Progress(41) at 2012-12-07 20:08:01: 127193268 states generated (358,581 s/min), 16153260 distinct states found (32,368 ds/min), 254101 states left on queue.
Progress(41) at 2012-12-07 20:09:01: 127552145 states generated (358,878 s/min), 16189815 distinct states found (36,555 ds/min), 245796 states left on queue.
Progress(41) at 2012-12-07 20:10:01: 127911056 states generated (358,910 s/min), 16225606 distinct states found (35,791 ds/min), 236724 states left on queue.
Progress(41) at 2012-12-07 20:11:01: 128253054 states generated (341,999 s/min), 16258577 distinct states found (32,971 ds/min), 226945 states left on queue.
Progress(41) at 2012-12-07 20:12:01: 128611785 states generated (358,730 s/min), 16291821 distinct states found (33,244 ds/min), 215348 states left on queue.
Progress(41) at 2012-12-07 20:13:01: 128970327 states generated (358,542 s/min), 16323394 distinct states found (31,573 ds/min), 202103 states left on queue.
Progress(42) at 2012-12-07 20:14:01: 129329232 states generated (358,905 s/min), 16356646 distinct states found (33,252 ds/min), 190492 states left on queue.
Progress(42) at 2012-12-07 20:15:01: 129687718 states generated (358,486 s/min), 16391183 distinct states found (34,537 ds/min), 180218 states left on queue.
Progress(42) at 2012-12-07 20:16:01: 130042475 states generated (354,757 s/min), 16424684 distinct states found (33,501 ds/min), 169374 states left on queue.
Progress(42) at 2012-12-07 20:17:01: 130400992 states generated (358,517 s/min), 16456603 distinct states found (31,919 ds/min), 156479 states left on queue.
Progress(43) at 2012-12-07 20:18:01: 130760033 states generated (359,042 s/min), 16487268 distinct states found (30,665 ds/min), 142263 states left on queue.
Progress(43) at 2012-12-07 20:19:01: 131118668 states generated (358,634 s/min), 16521142 distinct states found (33,874 ds/min), 131308 states left on queue.
Progress(43) at 2012-12-07 20:20:01: 131477726 states generated (359,058 s/min), 16553547 distinct states found (32,405 ds/min), 118831 states left on queue.
Progress(43) at 2012-12-07 20:21:01: 131831340 states generated (353,614 s/min), 16582616 distinct states found (29,069 ds/min), 103698 states left on queue.
Progress(44) at 2012-12-07 20:22:01: 132190297 states generated (358,958 s/min), 16615731 distinct states found (33,115 ds/min), 91943 states left on queue.
Progress(44) at 2012-12-07 20:23:01: 132549157 states generated (358,859 s/min), 16646123 distinct states found (30,392 ds/min), 77478 states left on queue.
Progress(45) at 2012-12-07 20:24:01: 132908102 states generated (358,945 s/min), 16676486 distinct states found (30,363 ds/min), 62973 states left on queue.
Progress(46) at 2012-12-07 20:25:01: 133266881 states generated (358,780 s/min), 16705473 distinct states found (28,987 ds/min), 47112 states left on queue.
Progress(46) at 2012-12-07 20:26:01: 133614981 states generated (348,099 s/min), 16733330 distinct states found (27,857 ds/min), 31457 states left on queue.
Progress(48) at 2012-12-07 20:27:01: 133973689 states generated (358,708 s/min), 16761029 distinct states found (27,699 ds/min), 14318 states left on queue.
Model checking completed. No error has been found.
  Estimates of the probability that TLC did not check all reachable states
  because two distinct states had the same fingerprint:
  calculated (optimistic):  val = 1.1E-4
  based on the actual fingerprints:  val = 7.9E-11
134217729 states generated, 16777216 distinct states found, 0 states left on queue.
The depth of the complete state graph search is 57.
Finished. (2012-12-07 20:27:55)
