Listening for transport dt_socket at address: 1044
TLC Server Version 2.05 of 18 May 2012
Parsing file /mnt/tlc/5151/spec/l10_n8.tla
Parsing file /mnt/tlc/5151/spec/GridPerformanceTest.tla
Parsing file /mnt/tlc/5151/tla/tla2sany/StandardModules/TLC.tla
Parsing file /mnt/tlc/5151/tla/tla2sany/StandardModules/Integers.tla
Parsing file /mnt/tlc/5151/tla/tla2sany/StandardModules/FiniteSets.tla
Parsing file /mnt/tlc/5151/tla/tla2sany/StandardModules/Naturals.tla
Parsing file /mnt/tlc/5151/tla/tla2sany/StandardModules/Sequences.tla
Semantic processing of module Naturals
Semantic processing of module Integers
Semantic processing of module Sequences
Semantic processing of module FiniteSets
Semantic processing of module GridPerformanceTest
Semantic processing of module TLC
Semantic processing of module l10_n8
Starting... (2012-09-10 08:52:01)
Computing initial states...
Finished computing initial states: 1 distinct state(s) generated.
TLC server at ip-10-32-49-138 is ready (2012-09-10 08:52:01)
Registration for worker at rmi://ip-10-32-54-236.eu-west-1.compute.internal:53544/3 completed (2012-09-10 08:52:04)
Registration for worker at rmi://ip-10-32-54-236.eu-west-1.compute.internal:53544/7 completed (2012-09-10 08:52:04)
Registration for worker at rmi://ip-10-32-54-236.eu-west-1.compute.internal:53544/5 completed (2012-09-10 08:52:04)
Registration for worker at rmi://ip-10-32-54-236.eu-west-1.compute.internal:53544/1 completed (2012-09-10 08:52:04)
Registration for worker at rmi://ip-10-32-54-236.eu-west-1.compute.internal:53544/0 completed (2012-09-10 08:52:04)
Registration for worker at rmi://ip-10-32-54-236.eu-west-1.compute.internal:53544/6 completed (2012-09-10 08:52:04)
Registration for worker at rmi://ip-10-32-54-236.eu-west-1.compute.internal:53544/4 completed (2012-09-10 08:52:04)
Registration for worker at rmi://ip-10-32-54-236.eu-west-1.compute.internal:53544/2 completed (2012-09-10 08:52:04)
Registration for worker at rmi://ip-10-32-50-151.eu-west-1.compute.internal:33706/2 completed (2012-09-10 08:52:04)
Registration for worker at rmi://ip-10-32-50-151.eu-west-1.compute.internal:33706/7 completed (2012-09-10 08:52:04)
Registration for worker at rmi://ip-10-32-50-151.eu-west-1.compute.internal:33706/1 completed (2012-09-10 08:52:04)
Registration for worker at rmi://ip-10-32-50-151.eu-west-1.compute.internal:33706/4 completed (2012-09-10 08:52:04)
Registration for worker at rmi://ip-10-32-50-151.eu-west-1.compute.internal:33706/6 completed (2012-09-10 08:52:04)
Registration for worker at rmi://ip-10-32-50-151.eu-west-1.compute.internal:33706/5 completed (2012-09-10 08:52:04)
Registration for worker at rmi://ip-10-32-50-151.eu-west-1.compute.internal:33706/3 completed (2012-09-10 08:52:04)
Registration for worker at rmi://ip-10-32-50-151.eu-west-1.compute.internal:33706/0 completed (2012-09-10 08:52:04)
Error: TLC threw an unexpected exception.
This was probably caused by an error in the spec or model.
See the TLC Console for clues to what happened.
The exception was a tlc2.tool.WorkerExceptiontlc2.tool.WorkerException
	at tlc2.tool.distributed.TLCWorker.getNextStates(TLCWorker.java:183)
	at sun.reflect.GeneratedMethodAccessor23.invoke(Unknown Source)
	at sun.reflect.DelegatingMethodAccessorImpl.invoke(Unknown Source)
	at java.lang.reflect.Method.invoke(Unknown Source)
	at sun.rmi.server.UnicastServerRef.dispatch(Unknown Source)
	at sun.rmi.transport.Transport$1.run(Unknown Source)
	at java.security.AccessController.doPrivileged(Native Method)
	at sun.rmi.transport.Transport.serviceCall(Unknown Source)
	at sun.rmi.transport.tcp.TCPTransport.handleMessages(Unknown Source)
	at sun.rmi.transport.tcp.TCPTransport$ConnectionHandler.run0(Unknown Source)
	at sun.rmi.transport.tcp.TCPTransport$ConnectionHandler.run(Unknown Source)
	at java.util.concurrent.ThreadPoolExecutor$Worker.runTask(Unknown Source)
	at java.util.concurrent.ThreadPoolExecutor$Worker.run(Unknown Source)
	at java.lang.Thread.run(Unknown Source)
	at sun.rmi.transport.StreamRemoteCall.exceptionReceivedFromServer(Unknown Source)
	at sun.rmi.transport.StreamRemoteCall.executeCall(Unknown Source)
	at sun.rmi.server.UnicastRef.invoke(Unknown Source)
	at java.rmi.server.RemoteObjectInvocationHandler.invokeRemoteMethod(Unknown Source)
	at java.rmi.server.RemoteObjectInvocationHandler.invoke(Unknown Source)
	at $Proxy2.getNextStates(Unknown Source)
	at tlc2.tool.distributed.TLCWorkerSmartProxy.getNextStates(TLCWorkerSmartProxy.java:35)
	at tlc2.tool.distributed.TLCServerThread.run(TLCServerThread.java:188)
Caused by: java.util.concurrent.RejectedExecutionException
	at java.util.concurrent.ThreadPoolExecutor$AbortPolicy.rejectedExecution(Unknown Source)
	at java.util.concurrent.ThreadPoolExecutor.reject(Unknown Source)
	at java.util.concurrent.ThreadPoolExecutor.execute(Unknown Source)
	at java.util.concurrent.ExecutorCompletionService.submit(Unknown Source)
	at tlc2.tool.distributed.fp.FPSetManager.executeCallablesAndCollect(FPSetManager.java:334)
	at tlc2.tool.distributed.fp.FPSetManager.containsBlock(FPSetManager.java:322)
	at tlc2.tool.distributed.TLCWorker.getNextStates(TLCWorker.java:148)
	at sun.reflect.GeneratedMethodAccessor23.invoke(Unknown Source)
	at sun.reflect.DelegatingMethodAccessorImpl.invoke(Unknown Source)
	at java.lang.reflect.Method.invoke(Unknown Source)
	at sun.rmi.server.UnicastServerRef.dispatch(Unknown Source)
	at sun.rmi.transport.Transport$1.run(Unknown Source)
	at java.security.AccessController.doPrivileged(Native Method)
	at sun.rmi.transport.Transport.serviceCall(Unknown Source)
	at sun.rmi.transport.tcp.TCPTransport.handleMessages(Unknown Source)
	at sun.rmi.transport.tcp.TCPTransport$ConnectionHandler.run0(Unknown Source)
	at sun.rmi.transport.tcp.TCPTransport$ConnectionHandler.run(Unknown Source)
	at java.util.concurrent.ThreadPoolExecutor$Worker.runTask(Unknown Source)
	at java.util.concurrent.ThreadPoolExecutor$Worker.run(Unknown Source)
	at java.lang.Thread.run(Unknown Source)

Error: The behavior up to this point is:
State 1: <Initial predicate>
x = <<0, 0, 0, 0, 0, 0, 0, 0>>

State 2: <Action line 24, col 19 to line 25, col 58 of module GridPerformanceTest>
x = <<0, 0, 0, 0, 0, 0, 1, 0>>

State 3: <Action line 24, col 19 to line 25, col 58 of module GridPerformanceTest>
x = <<0, 0, 0, 0, 0, 0, 2, 0>>

State 4: <Action line 24, col 19 to line 25, col 58 of module GridPerformanceTest>
x = <<0, 0, 0, 0, 0, 1, 2, 0>>

State 5: <Action line 24, col 19 to line 25, col 58 of module GridPerformanceTest>
x = <<0, 1, 0, 0, 0, 1, 2, 0>>

State 6: <Action line 24, col 19 to line 25, col 58 of module GridPerformanceTest>
x = <<0, 2, 0, 0, 0, 1, 2, 0>>

State 7: <Action line 24, col 19 to line 25, col 58 of module GridPerformanceTest>
x = <<0, 3, 0, 0, 0, 1, 2, 0>>

State 8: <Action line 24, col 19 to line 25, col 58 of module GridPerformanceTest>
x = <<1, 3, 0, 0, 0, 1, 2, 0>>

State 9: <Action line 24, col 19 to line 25, col 58 of module GridPerformanceTest>
x = <<1, 3, 0, 1, 0, 1, 2, 0>>

State 10: <Action line 24, col 19 to line 25, col 58 of module GridPerformanceTest>
x = <<2, 3, 0, 1, 0, 1, 2, 0>>

State 11: <Action line 24, col 19 to line 25, col 58 of module GridPerformanceTest>
x = <<2, 3, 0, 1, 1, 1, 2, 0>>

State 12: <Action line 24, col 19 to line 25, col 58 of module GridPerformanceTest>
x = <<2, 3, 0, 1, 2, 1, 2, 0>>

State 13: <Action line 24, col 19 to line 25, col 58 of module GridPerformanceTest>
x = <<2, 4, 0, 1, 2, 1, 2, 0>>

State 14: <Action line 24, col 19 to line 25, col 58 of module GridPerformanceTest>
x = <<3, 4, 0, 1, 2, 1, 2, 0>>

State 15: <Action line 24, col 19 to line 25, col 58 of module GridPerformanceTest>
x = <<4, 4, 0, 1, 2, 1, 2, 0>>

State 16: <Action line 24, col 19 to line 25, col 58 of module GridPerformanceTest>
x = <<4, 4, 0, 1, 3, 1, 2, 0>>

State 17: <Action line 24, col 19 to line 25, col 58 of module GridPerformanceTest>
x = <<4, 4, 0, 1, 3, 1, 2, 1>>

Warning: Failed to read remote worker cache statistic (Expect to see a negative chache hit rate. Does not invalid model checking results)
(Use the -nowarning option to disable this warning.)
Worker: rmi://ip-10-32-50-151.eu-west-1.compute.internal:33706/6 Sent: 27823 Rcvd: 32672 CacheRatio: 0.05 (2012-09-10 08:52:45)
Worker: rmi://ip-10-32-50-151.eu-west-1.compute.internal:33706/4 Sent: 28630 Rcvd: 14691 CacheRatio: 0.04 (2012-09-10 08:52:47)
Worker: rmi://ip-10-32-50-151.eu-west-1.compute.internal:33706/3 Sent: 33239 Rcvd: 24951 CacheRatio: 0.04 (2012-09-10 08:52:52)
Worker: rmi://ip-10-32-50-151.eu-west-1.compute.internal:33706/1 Sent: 28182 Rcvd: 18702 CacheRatio: 0.07 (2012-09-10 08:52:52)
Worker: rmi://ip-10-32-54-236.eu-west-1.compute.internal:53544/7 Sent: 27279 Rcvd: 13855 CacheRatio: n/a (2012-09-10 08:52:52)
Warning: Ignoring attempt to exit dead worker
(Use the -nowarning option to disable this warning.)
Worker: rmi://ip-10-32-54-236.eu-west-1.compute.internal:53544/4 Sent: 28575 Rcvd: 16689 CacheRatio: n/a (2012-09-10 08:52:52)
Worker: rmi://ip-10-32-50-151.eu-west-1.compute.internal:33706/5 Sent: 28752 Rcvd: 13265 CacheRatio: 0.04 (2012-09-10 08:52:52)
Worker: rmi://ip-10-32-50-151.eu-west-1.compute.internal:33706/7 Sent: 29192 Rcvd: 14323 CacheRatio: 0.05 (2012-09-10 08:52:52)
Worker: rmi://ip-10-32-50-151.eu-west-1.compute.internal:33706/2 Sent: 34005 Rcvd: 22703 CacheRatio: 0.03 (2012-09-10 08:52:54)
Worker: rmi://ip-10-32-54-236.eu-west-1.compute.internal:53544/1 Sent: 33933 Rcvd: 15698 CacheRatio: n/a (2012-09-10 08:52:54)
Worker: rmi://ip-10-32-54-236.eu-west-1.compute.internal:53544/3 Sent: 34283 Rcvd: 16879 CacheRatio: n/a (2012-09-10 08:52:54)
Worker: rmi://ip-10-32-50-151.eu-west-1.compute.internal:33706/0 Sent: 32854 Rcvd: 22309 CacheRatio: 0.05 (2012-09-10 08:52:54)
Worker: rmi://ip-10-32-54-236.eu-west-1.compute.internal:53544/2 Sent: 28902 Rcvd: 16791 CacheRatio: n/a (2012-09-10 08:52:54)
Worker: rmi://ip-10-32-54-236.eu-west-1.compute.internal:53544/5 Sent: 27461 Rcvd: 16417 CacheRatio: n/a (2012-09-10 08:52:54)
Worker: rmi://ip-10-32-54-236.eu-west-1.compute.internal:53544/6 Sent: 26871 Rcvd: 28717 CacheRatio: n/a (2012-09-10 08:52:54)
Worker: rmi://ip-10-32-54-236.eu-west-1.compute.internal:53544/0 Sent: 28375 Rcvd: 25971 CacheRatio: n/a (2012-09-10 08:52:54)
4302869 states generated, 619167 distinct states found, 140811 states left on queue.
Finished. (2012-09-10 08:52:54)
