Listening for transport dt_socket at address: 1044
TLC Server Version 2.05 of 7 November 2012
Parsing file /mnt/tlc/3189/spec/l10_n6.tla
Parsing file /mnt/tlc/3189/spec/GridPerformanceTest.tla
Parsing file /mnt/tlc/3189/tla/tla2sany/StandardModules/TLC.tla
Parsing file /mnt/tlc/3189/tla/tla2sany/StandardModules/Integers.tla
Parsing file /mnt/tlc/3189/tla/tla2sany/StandardModules/FiniteSets.tla
Parsing file /mnt/tlc/3189/tla/tla2sany/StandardModules/Naturals.tla
Parsing file /mnt/tlc/3189/tla/tla2sany/StandardModules/Sequences.tla
Semantic processing of module Naturals
Semantic processing of module Integers
Semantic processing of module Sequences
Semantic processing of module FiniteSets
Semantic processing of module GridPerformanceTest
Semantic processing of module TLC
Semantic processing of module l10_n6
Starting... (2012-11-07 09:28:19)
Computing initial states...
Finished computing initial states: 1 distinct state(s) generated.
TLC server at ip-10-32-43-72 is ready (2012-11-07 09:28:58)
Done waiting for FPSet server(s) (2012-11-07 09:28:58)
Registration for worker at rmi://ip-10-32-54-126.eu-west-1.compute.internal:40220/5 completed (2012-11-07 09:29:00)
Registration for worker at rmi://ip-10-32-54-126.eu-west-1.compute.internal:40220/7 completed (2012-11-07 09:29:00)
Registration for worker at rmi://ip-10-32-54-126.eu-west-1.compute.internal:40220/2 completed (2012-11-07 09:29:00)
Registration for worker at rmi://ip-10-32-54-126.eu-west-1.compute.internal:40220/1 completed (2012-11-07 09:29:00)
Registration for worker at rmi://ip-10-32-54-126.eu-west-1.compute.internal:40220/6 completed (2012-11-07 09:29:00)
Registration for worker at rmi://ip-10-32-54-126.eu-west-1.compute.internal:40220/0 completed (2012-11-07 09:29:00)
Registration for worker at rmi://ip-10-32-54-126.eu-west-1.compute.internal:40220/4 completed (2012-11-07 09:29:00)
Registration for worker at rmi://ip-10-32-54-126.eu-west-1.compute.internal:40220/3 completed (2012-11-07 09:29:00)
Registration for worker at rmi://ip-10-32-41-233.eu-west-1.compute.internal:47088/2 completed (2012-11-07 09:29:01)
Registration for worker at rmi://ip-10-32-41-233.eu-west-1.compute.internal:47088/7 completed (2012-11-07 09:29:01)
Registration for worker at rmi://ip-10-32-41-233.eu-west-1.compute.internal:47088/6 completed (2012-11-07 09:29:01)
Registration for worker at rmi://ip-10-32-41-233.eu-west-1.compute.internal:47088/4 completed (2012-11-07 09:29:01)
Registration for worker at rmi://ip-10-32-41-233.eu-west-1.compute.internal:47088/3 completed (2012-11-07 09:29:01)
Registration for worker at rmi://ip-10-32-41-233.eu-west-1.compute.internal:47088/1 completed (2012-11-07 09:29:01)
Registration for worker at rmi://ip-10-32-41-233.eu-west-1.compute.internal:47088/0 completed (2012-11-07 09:29:01)
Registration for worker at rmi://ip-10-32-41-233.eu-west-1.compute.internal:47088/5 completed (2012-11-07 09:29:01)
Worker: rmi://ip-10-32-41-233.eu-west-1.compute.internal:47088/3 Sent: 16384 Rcvd: 15879 CacheRatio: 0.19 (2012-11-07 09:29:21)
Worker: rmi://ip-10-32-41-233.eu-west-1.compute.internal:47088/1 Sent: 16568 Rcvd: 15600 CacheRatio: 0.18 (2012-11-07 09:29:21)
Worker: rmi://ip-10-32-41-233.eu-west-1.compute.internal:47088/7 Sent: 16536 Rcvd: 17616 CacheRatio: 0.26 (2012-11-07 09:29:21)
Worker: rmi://ip-10-32-41-233.eu-west-1.compute.internal:47088/5 Sent: 16470 Rcvd: 13656 CacheRatio: 0.16 (2012-11-07 09:29:21)
Worker: rmi://ip-10-32-54-126.eu-west-1.compute.internal:40220/4 Sent: 16452 Rcvd: 13201 CacheRatio: 0.20 (2012-11-07 09:29:21)
Worker: rmi://ip-10-32-54-126.eu-west-1.compute.internal:40220/5 Sent: 16193 Rcvd: 16251 CacheRatio: 0.20 (2012-11-07 09:29:21)
Worker: rmi://ip-10-32-54-126.eu-west-1.compute.internal:40220/3 Sent: 16504 Rcvd: 18234 CacheRatio: 0.22 (2012-11-07 09:29:21)
Worker: rmi://ip-10-32-41-233.eu-west-1.compute.internal:47088/6 Sent: 16308 Rcvd: 17651 CacheRatio: 0.22 (2012-11-07 09:29:21)
Worker: rmi://ip-10-32-41-233.eu-west-1.compute.internal:47088/0 Sent: 16286 Rcvd: 19295 CacheRatio: 0.27 (2012-11-07 09:29:21)
Worker: rmi://ip-10-32-54-126.eu-west-1.compute.internal:40220/7 Sent: 16413 Rcvd: 16061 CacheRatio: 0.18 (2012-11-07 09:29:21)
Worker: rmi://ip-10-32-54-126.eu-west-1.compute.internal:40220/1 Sent: 16389 Rcvd: 16175 CacheRatio: 0.18 (2012-11-07 09:29:21)
Worker: rmi://ip-10-32-54-126.eu-west-1.compute.internal:40220/0 Sent: 16135 Rcvd: 16865 CacheRatio: 0.16 (2012-11-07 09:29:21)
Worker: rmi://ip-10-32-41-233.eu-west-1.compute.internal:47088/2 Sent: 16338 Rcvd: 16435 CacheRatio: 0.18 (2012-11-07 09:29:21)
Worker: rmi://ip-10-32-54-126.eu-west-1.compute.internal:40220/2 Sent: 16630 Rcvd: 16878 CacheRatio: 0.19 (2012-11-07 09:29:21)
Worker: rmi://ip-10-32-54-126.eu-west-1.compute.internal:40220/6 Sent: 16135 Rcvd: 18704 CacheRatio: 0.26 (2012-11-07 09:29:21)
Worker: rmi://ip-10-32-41-233.eu-west-1.compute.internal:47088/4 Sent: 16403 Rcvd: 15238 CacheRatio: 0.20 (2012-11-07 09:29:21)
Model checking completed. No error has been found.
  Estimates of the probability that TLC did not check all reachable states
  because two distinct states had the same fingerprint:
  calculated (optimistic):  val = 0.0
  based on the actual fingerprints:  val = 2.0E-12
1834106 states generated, 262144 distinct states found, 0 states left on queue.
The depth of the complete state graph search is 48.
Finished. (2012-11-07 09:29:42)
ip-10-32-43-72, work completed. Thank you!
