Listening for transport dt_socket at address: 1044
TLC2 Version 2.05 of 7 November 2012
Running in Model-Checking mode.
Parsing file l10_n8.tla
Parsing file GridPerformanceTest.tla
Parsing file /mnt/tlc/5365/tla/tla2sany/StandardModules/TLC.tla
Parsing file /mnt/tlc/5365/tla/tla2sany/StandardModules/Integers.tla
Parsing file /mnt/tlc/5365/tla/tla2sany/StandardModules/FiniteSets.tla
Parsing file /mnt/tlc/5365/tla/tla2sany/StandardModules/Naturals.tla
Parsing file /mnt/tlc/5365/tla/tla2sany/StandardModules/Sequences.tla
Semantic processing of module Naturals
Semantic processing of module Integers
Semantic processing of module Sequences
Semantic processing of module FiniteSets
Semantic processing of module GridPerformanceTest
Semantic processing of module TLC
Semantic processing of module l10_n8
Starting... (2012-12-17 11:31:05)
Computing initial states...
Finished computing initial states: 1 distinct state generated.
Progress(7) at 2012-12-17 11:31:47: 7666 states generated (7,666 s/min), 2406 distinct states found (2,406 ds/min), 1447 states left on queue.
Progress(12) at 2012-12-17 11:32:47: 294760 states generated (287,094 s/min), 64758 distinct states found (62,352 ds/min), 27913 states left on queue.
Progress(14) at 2012-12-17 11:33:47: 609965 states generated (315,204 s/min), 125850 distinct states found (61,092 ds/min), 49604 states left on queue.
Progress(14) at 2012-12-17 11:34:47: 934831 states generated (324,867 s/min), 186599 distinct states found (60,749 ds/min), 69745 states left on queue.
Progress(15) at 2012-12-17 11:35:47: 1253131 states generated (318,299 s/min), 246560 distinct states found (59,961 ds/min), 89918 states left on queue.
Progress(16) at 2012-12-17 11:36:47: 1578116 states generated (324,985 s/min), 302807 distinct states found (56,247 ds/min), 105542 states left on queue.
Progress(16) at 2012-12-17 11:37:47: 1903550 states generated (325,434 s/min), 362398 distinct states found (59,591 ds/min), 124454 states left on queue.
Progress(16) at 2012-12-17 11:38:47: 2228637 states generated (325,088 s/min), 417789 distinct states found (55,391 ds/min), 139209 states left on queue.
Progress(17) at 2012-12-17 11:39:47: 2553333 states generated (324,695 s/min), 474951 distinct states found (57,162 ds/min), 155784 states left on queue.
Progress(17) at 2012-12-17 11:40:47: 2874279 states generated (320,946 s/min), 530736 distinct states found (55,785 ds/min), 171451 states left on queue.
Progress(17) at 2012-12-17 11:41:47: 3199095 states generated (324,816 s/min), 583890 distinct states found (53,154 ds/min), 184003 states left on queue.
Progress(18) at 2012-12-17 11:42:47: 3522513 states generated (323,419 s/min), 635195 distinct states found (51,305 ds/min), 194880 states left on queue.
Progress(18) at 2012-12-17 11:43:47: 3843748 states generated (321,235 s/min), 693119 distinct states found (57,924 ds/min), 212650 states left on queue.
Progress(18) at 2012-12-17 11:44:47: 4167367 states generated (323,619 s/min), 748330 distinct states found (55,211 ds/min), 227409 states left on queue.
Progress(18) at 2012-12-17 11:45:47: 4474595 states generated (307,228 s/min), 797912 distinct states found (49,582 ds/min), 238587 states left on queue.
Progress(18) at 2012-12-17 11:46:47: 4798090 states generated (323,495 s/min), 849010 distinct states found (51,098 ds/min), 249248 states left on queue.
Progress(19) at 2012-12-17 11:47:47: 5121167 states generated (323,076 s/min), 898908 distinct states found (49,898 ds/min), 258762 states left on queue.
Progress(19) at 2012-12-17 11:48:47: 5444407 states generated (323,241 s/min), 956417 distinct states found (57,509 ds/min), 275866 states left on queue.
Progress(19) at 2012-12-17 11:49:47: 5769149 states generated (324,742 s/min), 1009889 distinct states found (53,472 ds/min), 288745 states left on queue.
Progress(19) at 2012-12-17 11:50:47: 6070584 states generated (301,434 s/min), 1058220 distinct states found (48,331 ds/min), 299397 states left on queue.
Progress(19) at 2012-12-17 11:51:47: 6395601 states generated (325,018 s/min), 1109451 distinct states found (51,231 ds/min), 310000 states left on queue.
Progress(19) at 2012-12-17 11:52:47: 6720761 states generated (325,160 s/min), 1159120 distinct states found (49,669 ds/min), 319024 states left on queue.
Progress(19) at 2012-12-17 11:53:47: 7045888 states generated (325,127 s/min), 1206742 distinct states found (47,622 ds/min), 326006 states left on queue.
Progress(20) at 2012-12-17 11:54:47: 7371160 states generated (325,271 s/min), 1262469 distinct states found (55,727 ds/min), 341075 states left on queue.
Progress(20) at 2012-12-17 11:55:47: 7680525 states generated (309,365 s/min), 1314190 distinct states found (51,721 ds/min), 354124 states left on queue.
Progress(20) at 2012-12-17 11:56:47: 8005503 states generated (324,978 s/min), 1366432 distinct states found (52,242 ds/min), 365744 states left on queue.
Progress(20) at 2012-12-17 11:57:47: 8329813 states generated (324,311 s/min), 1417533 distinct states found (51,101 ds/min), 376306 states left on queue.
Progress(20) at 2012-12-17 11:58:47: 8654137 states generated (324,324 s/min), 1466893 distinct states found (49,360 ds/min), 385126 states left on queue.
Progress(20) at 2012-12-17 11:59:47: 8976679 states generated (322,542 s/min), 1514582 distinct states found (47,689 ds/min), 392497 states left on queue.
Progress(20) at 2012-12-17 12:00:47: 9269859 states generated (293,180 s/min), 1558900 distinct states found (44,318 ds/min), 400167 states left on queue.
Progress(20) at 2012-12-17 12:01:47: 9593631 states generated (323,772 s/min), 1605037 distinct states found (46,137 ds/min), 405833 states left on queue.
Progress(21) at 2012-12-17 12:02:47: 9918047 states generated (324,416 s/min), 1657547 distinct states found (52,510 ds/min), 417791 states left on queue.
Progress(21) at 2012-12-17 12:03:47: 10242588 states generated (324,540 s/min), 1711016 distinct states found (53,469 ds/min), 430692 states left on queue.
Progress(21) at 2012-12-17 12:04:47: 10567351 states generated (324,764 s/min), 1763020 distinct states found (52,004 ds/min), 442101 states left on queue.
Progress(21) at 2012-12-17 12:05:47: 10864078 states generated (296,726 s/min), 1809851 distinct states found (46,831 ds/min), 451841 states left on queue.
Progress(21) at 2012-12-17 12:06:47: 11188483 states generated (324,405 s/min), 1859520 distinct states found (49,669 ds/min), 460959 states left on queue.
Progress(21) at 2012-12-17 12:07:47: 11512855 states generated (324,373 s/min), 1907259 distinct states found (47,739 ds/min), 468152 states left on queue.
Progress(21) at 2012-12-17 12:08:47: 11837209 states generated (324,353 s/min), 1956438 distinct states found (49,179 ds/min), 476787 states left on queue.
Progress(21) at 2012-12-17 12:09:47: 12161767 states generated (324,558 s/min), 2001953 distinct states found (45,515 ds/min), 481732 states left on queue.
Progress(21) at 2012-12-17 12:10:47: 12458326 states generated (296,559 s/min), 2046067 distinct states found (44,114 ds/min), 488776 states left on queue.
Progress(21) at 2012-12-17 12:11:47: 12780829 states generated (322,503 s/min), 2091140 distinct states found (45,073 ds/min), 493536 states left on queue.
Progress(22) at 2012-12-17 12:12:47: 13104172 states generated (323,343 s/min), 2139333 distinct states found (48,193 ds/min), 501311 states left on queue.
Progress(22) at 2012-12-17 12:13:47: 13427705 states generated (323,534 s/min), 2192249 distinct states found (52,916 ds/min), 513785 states left on queue.
Progress(22) at 2012-12-17 12:14:47: 13751598 states generated (323,892 s/min), 2243163 distinct states found (50,914 ds/min), 524213 states left on queue.
Progress(22) at 2012-12-17 12:15:47: 14061339 states generated (309,741 s/min), 2292183 distinct states found (49,020 ds/min), 534515 states left on queue.
Progress(22) at 2012-12-17 12:16:47: 14386084 states generated (324,745 s/min), 2342258 distinct states found (50,075 ds/min), 543997 states left on queue.
Progress(22) at 2012-12-17 12:17:47: 14710956 states generated (324,872 s/min), 2388685 distinct states found (46,427 ds/min), 549815 states left on queue.
Progress(22) at 2012-12-17 12:18:47: 15034716 states generated (323,760 s/min), 2438608 distinct states found (49,923 ds/min), 559268 states left on queue.
Progress(22) at 2012-12-17 12:19:47: 15359176 states generated (324,461 s/min), 2483454 distinct states found (44,846 ds/min), 563557 states left on queue.
Progress(22) at 2012-12-17 12:20:47: 15660070 states generated (300,894 s/min), 2528792 distinct states found (45,338 ds/min), 571283 states left on queue.
Progress(22) at 2012-12-17 12:21:47: 15983801 states generated (323,730 s/min), 2573022 distinct states found (44,230 ds/min), 575047 states left on queue.
Progress(22) at 2012-12-17 12:22:47: 16308371 states generated (324,570 s/min), 2619835 distinct states found (46,813 ds/min), 581288 states left on queue.
Progress(22) at 2012-12-17 12:23:47: 16632113 states generated (323,743 s/min), 2664093 distinct states found (44,258 ds/min), 585078 states left on queue.
Progress(23) at 2012-12-17 12:24:47: 16956383 states generated (324,270 s/min), 2708381 distinct states found (44,288 ds/min), 588833 states left on queue.
Progress(23) at 2012-12-17 12:25:47: 17249305 states generated (292,921 s/min), 2756277 distinct states found (47,896 ds/min), 600114 states left on queue.
Progress(23) at 2012-12-17 12:26:47: 17573441 states generated (324,136 s/min), 2807360 distinct states found (51,083 ds/min), 610680 states left on queue.
Progress(23) at 2012-12-17 12:27:47: 17898385 states generated (324,945 s/min), 2856909 distinct states found (49,549 ds/min), 619611 states left on queue.
Progress(23) at 2012-12-17 12:28:47: 18223349 states generated (324,963 s/min), 2907320 distinct states found (50,411 ds/min), 629401 states left on queue.
Progress(23) at 2012-12-17 12:29:47: 18547920 states generated (324,572 s/min), 2954737 distinct states found (47,417 ds/min), 636247 states left on queue.
Progress(23) at 2012-12-17 12:30:47: 18855111 states generated (307,190 s/min), 3000194 distinct states found (45,457 ds/min), 643305 states left on queue.
Progress(23) at 2012-12-17 12:31:47: 19176739 states generated (321,629 s/min), 3046088 distinct states found (45,894 ds/min), 648995 states left on queue.
Progress(23) at 2012-12-17 12:32:47: 19501305 states generated (324,565 s/min), 3093746 distinct states found (47,658 ds/min), 656083 states left on queue.
Progress(23) at 2012-12-17 12:33:47: 19825357 states generated (324,052 s/min), 3136822 distinct states found (43,076 ds/min), 658652 states left on queue.
Progress(23) at 2012-12-17 12:34:47: 20149464 states generated (324,107 s/min), 3184546 distinct states found (47,724 ds/min), 665863 states left on queue.
Progress(23) at 2012-12-17 12:35:47: 20471207 states generated (321,743 s/min), 3228473 distinct states found (43,927 ds/min), 669572 states left on queue.
Progress(23) at 2012-12-17 12:36:47: 20794399 states generated (323,192 s/min), 3272264 distinct states found (43,791 ds/min), 672964 states left on queue.
Progress(23) at 2012-12-17 12:37:47: 21118337 states generated (323,939 s/min), 3317632 distinct states found (45,368 ds/min), 677839 states left on queue.
Progress(23) at 2012-12-17 12:38:47: 21442385 states generated (324,048 s/min), 3359381 distinct states found (41,749 ds/min), 679082 states left on queue.
Progress(24) at 2012-12-17 12:39:47: 21766231 states generated (323,845 s/min), 3406665 distinct states found (47,284 ds/min), 685886 states left on queue.
Progress(24) at 2012-12-17 12:40:47: 22083340 states generated (317,109 s/min), 3456703 distinct states found (50,038 ds/min), 696285 states left on queue.
Progress(24) at 2012-12-17 12:41:47: 22405899 states generated (322,559 s/min), 3505114 distinct states found (48,411 ds/min), 704376 states left on queue.
Progress(24) at 2012-12-17 12:42:47: 22727635 states generated (321,736 s/min), 3554449 distinct states found (49,335 ds/min), 713494 states left on queue.
Progress(24) at 2012-12-17 12:43:47: 23052052 states generated (324,417 s/min), 3602811 distinct states found (48,362 ds/min), 721304 states left on queue.
Progress(24) at 2012-12-17 12:44:47: 23376071 states generated (324,019 s/min), 3649460 distinct states found (46,649 ds/min), 727451 states left on queue.
Progress(24) at 2012-12-17 12:45:47: 23675280 states generated (299,209 s/min), 3692983 distinct states found (43,523 ds/min), 733573 states left on queue.
Progress(24) at 2012-12-17 12:46:47: 23998983 states generated (323,704 s/min), 3739026 distinct states found (46,043 ds/min), 739153 states left on queue.
Progress(24) at 2012-12-17 12:47:47: 24323261 states generated (324,277 s/min), 3783249 distinct states found (44,223 ds/min), 742841 states left on queue.
Progress(24) at 2012-12-17 12:48:47: 24647711 states generated (324,451 s/min), 3830805 distinct states found (47,556 ds/min), 749841 states left on queue.
Progress(24) at 2012-12-17 12:49:47: 24972070 states generated (324,358 s/min), 3873623 distinct states found (42,818 ds/min), 752114 states left on queue.
Progress(24) at 2012-12-17 12:50:47: 25282797 states generated (310,728 s/min), 3917011 distinct states found (43,388 ds/min), 756661 states left on queue.
Progress(24) at 2012-12-17 12:51:47: 25607937 states generated (325,139 s/min), 3961467 distinct states found (44,456 ds/min), 760475 states left on queue.
Progress(24) at 2012-12-17 12:52:47: 25932716 states generated (324,779 s/min), 4003533 distinct states found (42,066 ds/min), 761943 states left on queue.
Progress(24) at 2012-12-17 12:53:47: 26257302 states generated (324,587 s/min), 4048056 distinct states found (44,523 ds/min), 765893 states left on queue.
Progress(24) at 2012-12-17 12:54:47: 26581513 states generated (324,210 s/min), 4091172 distinct states found (43,116 ds/min), 768483 states left on queue.
Progress(24) at 2012-12-17 12:55:47: 26871600 states generated (290,088 s/min), 4127511 distinct states found (36,339 ds/min), 768561 states left on queue.
Progress(25) at 2012-12-17 12:56:47: 27194504 states generated (322,903 s/min), 4173699 distinct states found (46,188 ds/min), 774386 states left on queue.
Progress(25) at 2012-12-17 12:57:47: 27517840 states generated (323,337 s/min), 4222507 distinct states found (48,808 ds/min), 782777 states left on queue.
Progress(25) at 2012-12-17 12:58:47: 27840508 states generated (322,667 s/min), 4271478 distinct states found (48,971 ds/min), 791414 states left on queue.
Progress(25) at 2012-12-17 12:59:47: 28163789 states generated (323,281 s/min), 4319896 distinct states found (48,418 ds/min), 799422 states left on queue.
Progress(25) at 2012-12-17 13:00:47: 28473653 states generated (309,864 s/min), 4364191 distinct states found (44,295 ds/min), 804984 states left on queue.
Progress(25) at 2012-12-17 13:01:47: 28797143 states generated (323,490 s/min), 4411423 distinct states found (47,232 ds/min), 811780 states left on queue.
Progress(25) at 2012-12-17 13:02:47: 29120373 states generated (323,230 s/min), 4457455 distinct states found (46,032 ds/min), 817408 states left on queue.
Progress(25) at 2012-12-17 13:03:47: 29443360 states generated (322,987 s/min), 4501983 distinct states found (44,528 ds/min), 821563 states left on queue.
Progress(25) at 2012-12-17 13:04:47: 29768134 states generated (324,774 s/min), 4548557 distinct states found (46,574 ds/min), 827540 states left on queue.
Progress(25) at 2012-12-17 13:05:47: 30075220 states generated (307,086 s/min), 4589319 distinct states found (40,762 ds/min), 829916 states left on queue.
Progress(25) at 2012-12-17 13:06:47: 30399415 states generated (324,195 s/min), 4634758 distinct states found (45,439 ds/min), 834831 states left on queue.
Progress(25) at 2012-12-17 13:07:47: 30724443 states generated (325,028 s/min), 4679153 distinct states found (44,395 ds/min), 838597 states left on queue.
Progress(25) at 2012-12-17 13:08:47: 31049395 states generated (324,952 s/min), 4720669 distinct states found (41,516 ds/min), 839494 states left on queue.
Progress(25) at 2012-12-17 13:09:47: 31374264 states generated (324,870 s/min), 4765645 distinct states found (44,976 ds/min), 843862 states left on queue.
Progress(25) at 2012-12-17 13:10:48: 31696313 states generated (322,048 s/min), 4808137 distinct states found (42,492 ds/min), 846098 states left on queue.
Progress(25) at 2012-12-17 13:11:48: 32021024 states generated (324,711 s/min), 4848856 distinct states found (40,719 ds/min), 846228 states left on queue.
Progress(25) at 2012-12-17 13:12:48: 32344617 states generated (323,594 s/min), 4891772 distinct states found (42,916 ds/min), 848694 states left on queue.
Progress(25) at 2012-12-17 13:13:48: 32668734 states generated (324,116 s/min), 4934715 distinct states found (42,943 ds/min), 851123 states left on queue.
Progress(25) at 2012-12-17 13:14:48: 32992895 states generated (324,161 s/min), 4974509 distinct states found (39,794 ds/min), 850397 states left on queue.
Progress(26) at 2012-12-17 13:15:48: 33299370 states generated (306,475 s/min), 5016304 distinct states found (41,795 ds/min), 853882 states left on queue.
Progress(26) at 2012-12-17 13:16:48: 33622100 states generated (322,730 s/min), 5063809 distinct states found (47,505 ds/min), 861046 states left on queue.
Progress(26) at 2012-12-17 13:17:48: 33944551 states generated (322,452 s/min), 5112717 distinct states found (48,908 ds/min), 869648 states left on queue.
Progress(26) at 2012-12-17 13:18:48: 34266420 states generated (321,868 s/min), 5157951 distinct states found (45,234 ds/min), 874648 states left on queue.
Progress(26) at 2012-12-17 13:19:48: 34589243 states generated (322,823 s/min), 5205487 distinct states found (47,536 ds/min), 881831 states left on queue.
Progress(26) at 2012-12-17 13:20:48: 34894912 states generated (305,669 s/min), 5248296 distinct states found (42,809 ds/min), 886432 states left on queue.
Progress(26) at 2012-12-17 13:21:48: 35217512 states generated (322,600 s/min), 5293816 distinct states found (45,520 ds/min), 891627 states left on queue.
Progress(26) at 2012-12-17 13:22:48: 35541406 states generated (323,894 s/min), 5339629 distinct states found (45,813 ds/min), 896953 states left on queue.
Progress(26) at 2012-12-17 13:23:48: 35864016 states generated (322,610 s/min), 5381668 distinct states found (42,039 ds/min), 898666 states left on queue.
Progress(26) at 2012-12-17 13:24:48: 36186937 states generated (322,922 s/min), 5427817 distinct states found (46,149 ds/min), 904449 states left on queue.
Progress(26) at 2012-12-17 13:25:48: 36489903 states generated (302,965 s/min), 5468735 distinct states found (40,918 ds/min), 907497 states left on queue.
Progress(26) at 2012-12-17 13:26:48: 36812472 states generated (322,569 s/min), 5509182 distinct states found (40,447 ds/min), 907623 states left on queue.
Progress(26) at 2012-12-17 13:27:48: 37137121 states generated (324,650 s/min), 5554572 distinct states found (45,390 ds/min), 912431 states left on queue.
Progress(26) at 2012-12-17 13:28:48: 37462173 states generated (325,052 s/min), 5597899 distinct states found (43,327 ds/min), 915127 states left on queue.
Progress(26) at 2012-12-17 13:29:48: 37787257 states generated (325,083 s/min), 5637772 distinct states found (39,873 ds/min), 914365 states left on queue.
Progress(26) at 2012-12-17 13:30:48: 38084059 states generated (296,802 s/min), 5678235 distinct states found (40,463 ds/min), 917727 states left on queue.
Progress(26) at 2012-12-17 13:31:48: 38404737 states generated (320,678 s/min), 5720203 distinct states found (41,968 ds/min), 919611 states left on queue.
Progress(26) at 2012-12-17 13:32:48: 38728465 states generated (323,728 s/min), 5759531 distinct states found (39,328 ds/min), 918473 states left on queue.
Progress(26) at 2012-12-17 13:33:48: 39052581 states generated (324,116 s/min), 5801145 distinct states found (41,614 ds/min), 919572 states left on queue.
Progress(26) at 2012-12-17 13:34:48: 39375708 states generated (323,128 s/min), 5843011 distinct states found (41,866 ds/min), 921047 states left on queue.
Progress(26) at 2012-12-17 13:35:48: 39669061 states generated (293,352 s/min), 5878775 distinct states found (35,764 ds/min), 920142 states left on queue.
Progress(27) at 2012-12-17 13:36:48: 39992115 states generated (323,055 s/min), 5917422 distinct states found (38,647 ds/min), 918407 states left on queue.
Progress(27) at 2012-12-17 13:37:48: 40316144 states generated (324,029 s/min), 5966681 distinct states found (49,259 ds/min), 927163 states left on queue.
Progress(27) at 2012-12-17 13:38:48: 40640680 states generated (324,536 s/min), 6012087 distinct states found (45,406 ds/min), 932002 states left on queue.
Progress(27) at 2012-12-17 13:39:48: 40965209 states generated (324,529 s/min), 6060176 distinct states found (48,089 ds/min), 939524 states left on queue.
Progress(27) at 2012-12-17 13:40:48: 41262836 states generated (297,626 s/min), 6100616 distinct states found (40,440 ds/min), 942761 states left on queue.
Progress(27) at 2012-12-17 13:41:48: 41586613 states generated (323,778 s/min), 6147687 distinct states found (47,071 ds/min), 949360 states left on queue.
Progress(27) at 2012-12-17 13:42:48: 41910712 states generated (324,098 s/min), 6191930 distinct states found (44,243 ds/min), 953091 states left on queue.
Progress(27) at 2012-12-17 13:43:48: 42234145 states generated (323,433 s/min), 6234740 distinct states found (42,810 ds/min), 955472 states left on queue.
Progress(27) at 2012-12-17 13:44:48: 42557519 states generated (323,374 s/min), 6280869 distinct states found (46,129 ds/min), 961179 states left on queue.
Progress(27) at 2012-12-17 13:45:48: 42853808 states generated (296,290 s/min), 6319984 distinct states found (39,115 ds/min), 963258 states left on queue.
Progress(27) at 2012-12-17 13:46:48: 43177843 states generated (324,035 s/min), 6361740 distinct states found (41,756 ds/min), 964509 states left on queue.
Progress(27) at 2012-12-17 13:47:48: 43502737 states generated (324,894 s/min), 6406930 distinct states found (45,190 ds/min), 969087 states left on queue.
Progress(27) at 2012-12-17 13:48:48: 43826703 states generated (323,966 s/min), 6448704 distinct states found (41,774 ds/min), 970366 states left on queue.
Progress(27) at 2012-12-17 13:49:48: 44152192 states generated (325,489 s/min), 6489559 distinct states found (40,855 ds/min), 970535 states left on queue.
Progress(27) at 2012-12-17 13:50:48: 44463083 states generated (310,890 s/min), 6531960 distinct states found (42,401 ds/min), 974074 states left on queue.
Progress(27) at 2012-12-17 13:51:48: 44786688 states generated (323,606 s/min), 6573313 distinct states found (41,353 ds/min), 974977 states left on queue.
Progress(27) at 2012-12-17 13:52:48: 45110255 states generated (323,566 s/min), 6611786 distinct states found (38,473 ds/min), 973004 states left on queue.
Progress(27) at 2012-12-17 13:53:48: 45434249 states generated (323,994 s/min), 6655217 distinct states found (43,431 ds/min), 975936 states left on queue.
Progress(27) at 2012-12-17 13:54:48: 45757581 states generated (323,332 s/min), 6696108 distinct states found (40,891 ds/min), 976410 states left on queue.
Progress(27) at 2012-12-17 13:55:48: 46063229 states generated (305,648 s/min), 6732327 distinct states found (36,219 ds/min), 974423 states left on queue.
Progress(27) at 2012-12-17 13:56:48: 46384173 states generated (320,944 s/min), 6772262 distinct states found (39,935 ds/min), 974240 states left on queue.
Progress(27) at 2012-12-17 13:57:48: 46707764 states generated (323,591 s/min), 6813473 distinct states found (41,211 ds/min), 975002 states left on queue.
Progress(27) at 2012-12-17 13:58:48: 47031837 states generated (324,073 s/min), 6851759 distinct states found (38,286 ds/min), 972779 states left on queue.
Progress(28) at 2012-12-17 13:59:48: 47356417 states generated (324,580 s/min), 6891095 distinct states found (39,336 ds/min), 971543 states left on queue.
Progress(28) at 2012-12-17 14:00:48: 47663161 states generated (306,744 s/min), 6936304 distinct states found (45,209 ds/min), 978409 states left on queue.
Progress(28) at 2012-12-17 14:01:48: 47986129 states generated (322,969 s/min), 6980034 distinct states found (43,730 ds/min), 981767 states left on queue.
Progress(28) at 2012-12-17 14:02:48: 48309569 states generated (323,440 s/min), 7027272 distinct states found (47,238 ds/min), 988575 states left on queue.
Progress(28) at 2012-12-17 14:03:48: 48634000 states generated (324,431 s/min), 7071620 distinct states found (44,348 ds/min), 992370 states left on queue.
Progress(28) at 2012-12-17 14:04:48: 48958332 states generated (324,332 s/min), 7115004 distinct states found (43,384 ds/min), 995212 states left on queue.
Progress(28) at 2012-12-17 14:05:48: 49277445 states generated (319,112 s/min), 7160130 distinct states found (45,126 ds/min), 1000449 states left on queue.
Progress(28) at 2012-12-17 14:06:48: 49600489 states generated (323,045 s/min), 7202412 distinct states found (42,282 ds/min), 1002350 states left on queue.
Progress(28) at 2012-12-17 14:07:48: 49924263 states generated (323,773 s/min), 7245285 distinct states found (42,873 ds/min), 1004752 states left on queue.
Progress(28) at 2012-12-17 14:08:48: 50247086 states generated (322,823 s/min), 7289374 distinct states found (44,089 ds/min), 1008488 states left on queue.
Progress(28) at 2012-12-17 14:09:48: 50570772 states generated (323,686 s/min), 7330860 distinct states found (41,486 ds/min), 1009513 states left on queue.
Progress(28) at 2012-12-17 14:10:48: 50879057 states generated (308,285 s/min), 7369602 distinct states found (38,742 ds/min), 1009720 states left on queue.
Progress(28) at 2012-12-17 14:11:48: 51200573 states generated (321,516 s/min), 7413507 distinct states found (43,905 ds/min), 1013435 states left on queue.
Progress(28) at 2012-12-17 14:12:48: 51523485 states generated (322,912 s/min), 7454249 distinct states found (40,742 ds/min), 1013813 states left on queue.
Progress(28) at 2012-12-17 14:13:48: 51847360 states generated (323,876 s/min), 7492359 distinct states found (38,110 ds/min), 1011439 states left on queue.
Progress(28) at 2012-12-17 14:14:48: 52170713 states generated (323,352 s/min), 7536405 distinct states found (44,046 ds/min), 1015066 states left on queue.
Progress(28) at 2012-12-17 14:15:48: 52482031 states generated (311,318 s/min), 7575488 distinct states found (39,083 ds/min), 1015234 states left on queue.
Progress(28) at 2012-12-17 14:16:48: 52806048 states generated (324,017 s/min), 7613640 distinct states found (38,152 ds/min), 1012884 states left on queue.
Progress(28) at 2012-12-17 14:17:48: 53129153 states generated (323,105 s/min), 7654650 distinct states found (41,010 ds/min), 1013506 states left on queue.
Progress(28) at 2012-12-17 14:18:48: 53452449 states generated (323,297 s/min), 7695144 distinct states found (40,494 ds/min), 1013587 states left on queue.
Progress(28) at 2012-12-17 14:19:48: 53774918 states generated (322,468 s/min), 7733155 distinct states found (38,011 ds/min), 1011290 states left on queue.
Progress(28) at 2012-12-17 14:20:48: 54069741 states generated (294,823 s/min), 7767717 distinct states found (34,562 ds/min), 1008999 states left on queue.
Progress(28) at 2012-12-17 14:21:48: 54394236 states generated (324,495 s/min), 7808472 distinct states found (40,755 ds/min), 1009192 states left on queue.
Progress(28) at 2012-12-17 14:22:48: 54719164 states generated (324,928 s/min), 7846698 distinct states found (38,226 ds/min), 1006802 states left on queue.
Progress(28) at 2012-12-17 14:23:48: 55042311 states generated (323,147 s/min), 7882004 distinct states found (35,306 ds/min), 1001715 states left on queue.
Progress(29) at 2012-12-17 14:24:48: 55365207 states generated (322,896 s/min), 7929799 distinct states found (47,795 ds/min), 1009148 states left on queue.
Progress(29) at 2012-12-17 14:25:48: 55675191 states generated (309,984 s/min), 7972111 distinct states found (42,312 ds/min), 1012712 states left on queue.
Progress(29) at 2012-12-17 14:26:48: 55999580 states generated (324,389 s/min), 8015998 distinct states found (43,887 ds/min), 1016050 states left on queue.
Progress(29) at 2012-12-17 14:27:48: 56323917 states generated (324,337 s/min), 8061464 distinct states found (45,466 ds/min), 1020974 states left on queue.
Progress(29) at 2012-12-17 14:28:48: 56648430 states generated (324,513 s/min), 8103249 distinct states found (41,785 ds/min), 1022195 states left on queue.
Progress(29) at 2012-12-17 14:29:48: 56972880 states generated (324,450 s/min), 8146931 distinct states found (43,682 ds/min), 1025321 states left on queue.
Progress(29) at 2012-12-17 14:30:48: 57279414 states generated (306,534 s/min), 8188789 distinct states found (41,858 ds/min), 1028862 states left on queue.
Progress(29) at 2012-12-17 14:31:48: 57600781 states generated (321,368 s/min), 8229720 distinct states found (40,931 ds/min), 1029622 states left on queue.
Progress(29) at 2012-12-17 14:32:48: 57924928 states generated (324,146 s/min), 8271015 distinct states found (41,295 ds/min), 1030399 states left on queue.
Progress(29) at 2012-12-17 14:33:48: 58249377 states generated (324,450 s/min), 8314773 distinct states found (43,758 ds/min), 1033600 states left on queue.
Progress(29) at 2012-12-17 14:34:48: 58571014 states generated (321,636 s/min), 8354896 distinct states found (40,123 ds/min), 1033519 states left on queue.
Progress(29) at 2012-12-17 14:35:48: 58877256 states generated (306,242 s/min), 8391722 distinct states found (36,826 ds/min), 1032065 states left on queue.
Progress(29) at 2012-12-17 14:36:48: 59200489 states generated (323,233 s/min), 8435196 distinct states found (43,474 ds/min), 1035135 states left on queue.
Progress(29) at 2012-12-17 14:37:48: 59523361 states generated (322,873 s/min), 8475386 distinct states found (40,190 ds/min), 1034965 states left on queue.
Progress(29) at 2012-12-17 14:38:48: 59847079 states generated (323,718 s/min), 8513755 distinct states found (38,369 ds/min), 1032870 states left on queue.
Progress(29) at 2012-12-17 14:39:48: 60171203 states generated (324,124 s/min), 8555028 distinct states found (41,273 ds/min), 1033627 states left on queue.
Progress(29) at 2012-12-17 14:40:48: 60479522 states generated (308,318 s/min), 8593473 distinct states found (38,445 ds/min), 1033532 states left on queue.
Progress(29) at 2012-12-17 14:41:48: 60802859 states generated (323,337 s/min), 8631746 distinct states found (38,273 ds/min), 1031388 states left on queue.
Progress(29) at 2012-12-17 14:42:48: 61126363 states generated (323,504 s/min), 8669831 distinct states found (38,085 ds/min), 1029035 states left on queue.
Progress(29) at 2012-12-17 14:43:48: 61449632 states generated (323,270 s/min), 8710238 distinct states found (40,407 ds/min), 1029034 states left on queue.
Progress(29) at 2012-12-17 14:44:48: 61773955 states generated (324,323 s/min), 8748409 distinct states found (38,171 ds/min), 1026664 states left on queue.
Progress(29) at 2012-12-17 14:45:48: 62080525 states generated (306,569 s/min), 8782222 distinct states found (33,813 ds/min), 1022156 states left on queue.
Progress(29) at 2012-12-17 14:46:48: 62405249 states generated (324,725 s/min), 8822618 distinct states found (40,396 ds/min), 1021961 states left on queue.
Progress(29) at 2012-12-17 14:47:48: 62728992 states generated (323,742 s/min), 8860068 distinct states found (37,450 ds/min), 1018944 states left on queue.
Progress(29) at 2012-12-17 14:48:48: 63053493 states generated (324,501 s/min), 8894556 distinct states found (34,488 ds/min), 1012869 states left on queue.
Progress(30) at 2012-12-17 14:49:48: 63378487 states generated (324,994 s/min), 8941941 distinct states found (47,385 ds/min), 1019630 states left on queue.
Progress(30) at 2012-12-17 14:50:48: 63700193 states generated (321,707 s/min), 8984386 distinct states found (42,445 ds/min), 1021861 states left on queue.
Progress(30) at 2012-12-17 14:51:48: 64024505 states generated (324,312 s/min), 9026117 distinct states found (41,731 ds/min), 1023053 states left on queue.
Progress(30) at 2012-12-17 14:52:48: 64348286 states generated (323,780 s/min), 9071652 distinct states found (45,535 ds/min), 1028116 states left on queue.
Progress(30) at 2012-12-17 14:53:48: 64672584 states generated (324,298 s/min), 9113499 distinct states found (41,847 ds/min), 1029426 states left on queue.
Progress(30) at 2012-12-17 14:54:48: 64997095 states generated (324,511 s/min), 9153294 distinct states found (39,795 ds/min), 1028657 states left on queue.
Progress(30) at 2012-12-17 14:55:48: 65295931 states generated (298,836 s/min), 9194763 distinct states found (41,469 ds/min), 1032771 states left on queue.
Progress(30) at 2012-12-17 14:56:48: 65620823 states generated (324,892 s/min), 9236426 distinct states found (41,663 ds/min), 1033823 states left on queue.
Progress(30) at 2012-12-17 14:57:48: 65945388 states generated (324,565 s/min), 9275891 distinct states found (39,465 ds/min), 1032717 states left on queue.
Progress(30) at 2012-12-17 14:58:48: 66270269 states generated (324,881 s/min), 9318006 distinct states found (42,115 ds/min), 1034222 states left on queue.
Progress(30) at 2012-12-17 14:59:48: 66594799 states generated (324,530 s/min), 9359962 distinct states found (41,956 ds/min), 1035612 states left on queue.
Progress(30) at 2012-12-17 15:00:48: 66901861 states generated (307,063 s/min), 9396872 distinct states found (36,910 ds/min), 1034139 states left on queue.
Progress(30) at 2012-12-17 15:01:48: 67225352 states generated (323,491 s/min), 9435902 distinct states found (39,030 ds/min), 1032733 states left on queue.
Progress(30) at 2012-12-17 15:02:48: 67549001 states generated (323,649 s/min), 9477618 distinct states found (41,716 ds/min), 1033992 states left on queue.
Progress(30) at 2012-12-17 15:03:48: 67872271 states generated (323,269 s/min), 9516642 distinct states found (39,024 ds/min), 1032608 states left on queue.
Progress(30) at 2012-12-17 15:04:48: 68195047 states generated (322,776 s/min), 9552749 distinct states found (36,107 ds/min), 1028368 states left on queue.
Progress(30) at 2012-12-17 15:05:48: 68487541 states generated (292,494 s/min), 9590417 distinct states found (37,668 ds/min), 1029474 states left on queue.
Progress(30) at 2012-12-17 15:06:48: 68812228 states generated (324,687 s/min), 9629625 distinct states found (39,208 ds/min), 1028096 states left on queue.
Progress(30) at 2012-12-17 15:07:48: 69136073 states generated (323,846 s/min), 9665625 distinct states found (36,000 ds/min), 1023615 states left on queue.
Progress(30) at 2012-12-17 15:08:48: 69461270 states generated (325,196 s/min), 9705127 distinct states found (39,502 ds/min), 1022468 states left on queue.
Progress(30) at 2012-12-17 15:09:48: 69785341 states generated (324,072 s/min), 9743390 distinct states found (38,263 ds/min), 1020222 states left on queue.
Progress(30) at 2012-12-17 15:10:48: 70077822 states generated (292,480 s/min), 9775943 distinct states found (32,553 ds/min), 1016215 states left on queue.
Progress(30) at 2012-12-17 15:11:48: 70402446 states generated (324,624 s/min), 9812988 distinct states found (37,045 ds/min), 1012682 states left on queue.
Progress(30) at 2012-12-17 15:12:48: 70726280 states generated (323,834 s/min), 9850989 distinct states found (38,001 ds/min), 1010204 states left on queue.
Progress(30) at 2012-12-17 15:13:48: 71051092 states generated (324,812 s/min), 9885900 distinct states found (34,911 ds/min), 1004513 states left on queue.
Progress(31) at 2012-12-17 15:14:48: 71376417 states generated (325,326 s/min), 9928166 distinct states found (42,266 ds/min), 1006113 states left on queue.
Progress(31) at 2012-12-17 15:15:48: 71672183 states generated (295,765 s/min), 9968038 distinct states found (39,872 ds/min), 1009015 states left on queue.
Progress(31) at 2012-12-17 15:16:48: 71994889 states generated (322,707 s/min), 10008449 distinct states found (40,411 ds/min), 1009087 states left on queue.
Progress(31) at 2012-12-17 15:17:48: 72318496 states generated (323,606 s/min), 10050862 distinct states found (42,413 ds/min), 1011050 states left on queue.
Progress(31) at 2012-12-17 15:18:48: 72638711 states generated (320,215 s/min), 10093062 distinct states found (42,200 ds/min), 1013223 states left on queue.
Progress(31) at 2012-12-17 15:19:48: 72962247 states generated (323,536 s/min), 10133750 distinct states found (40,688 ds/min), 1013469 states left on queue.
Progress(31) at 2012-12-17 15:20:48: 73269425 states generated (307,178 s/min), 10171319 distinct states found (37,569 ds/min), 1012641 states left on queue.
Progress(31) at 2012-12-17 15:21:48: 73592640 states generated (323,215 s/min), 10213995 distinct states found (42,676 ds/min), 1014915 states left on queue.
Progress(31) at 2012-12-17 15:22:48: 73914875 states generated (322,235 s/min), 10254368 distinct states found (40,373 ds/min), 1015008 states left on queue.
Progress(31) at 2012-12-17 15:23:48: 74235664 states generated (320,789 s/min), 10291795 distinct states found (37,427 ds/min), 1012338 states left on queue.
Progress(31) at 2012-12-17 15:24:48: 74559757 states generated (324,093 s/min), 10333426 distinct states found (41,631 ds/min), 1013456 states left on queue.
Progress(31) at 2012-12-17 15:25:48: 74854582 states generated (294,821 s/min), 10370183 distinct states found (36,757 ds/min), 1013360 states left on queue.
Progress(31) at 2012-12-17 15:26:48: 75178588 states generated (324,010 s/min), 10408363 distinct states found (38,180 ds/min), 1011039 states left on queue.
Progress(31) at 2012-12-17 15:27:48: 75501993 states generated (323,406 s/min), 10446640 distinct states found (38,277 ds/min), 1008890 states left on queue.
Progress(31) at 2012-12-17 15:28:48: 75824144 states generated (322,150 s/min), 10486999 distinct states found (40,359 ds/min), 1008981 states left on queue.
Progress(31) at 2012-12-17 15:29:48: 76148444 states generated (324,300 s/min), 10524839 distinct states found (37,840 ds/min), 1006283 states left on queue.
Progress(31) at 2012-12-17 15:30:48: 76457078 states generated (308,634 s/min), 10559346 distinct states found (34,507 ds/min), 1002211 states left on queue.
Progress(31) at 2012-12-17 15:31:48: 76777643 states generated (320,565 s/min), 10598969 distinct states found (39,623 ds/min), 1001763 states left on queue.
Progress(31) at 2012-12-17 15:32:48: 77100419 states generated (322,776 s/min), 10635828 distinct states found (36,859 ds/min), 998275 states left on queue.
Progress(31) at 2012-12-17 15:33:48: 77423765 states generated (323,346 s/min), 10670733 distinct states found (34,905 ds/min), 992762 states left on queue.
Progress(31) at 2012-12-17 15:34:48: 77746289 states generated (322,524 s/min), 10709941 distinct states found (39,208 ds/min), 991655 states left on queue.
Progress(31) at 2012-12-17 15:35:48: 78043718 states generated (297,429 s/min), 10743411 distinct states found (33,470 ds/min), 987946 states left on queue.
Progress(31) at 2012-12-17 15:36:48: 78367909 states generated (324,191 s/min), 10777714 distinct states found (34,303 ds/min), 981725 states left on queue.
Progress(31) at 2012-12-17 15:37:48: 78692430 states generated (324,521 s/min), 10815607 distinct states found (37,893 ds/min), 979053 states left on queue.
Progress(31) at 2012-12-17 15:38:48: 79017065 states generated (324,636 s/min), 10850456 distinct states found (34,849 ds/min), 973322 states left on queue.
Progress(32) at 2012-12-17 15:39:48: 79341478 states generated (324,412 s/min), 10889910 distinct states found (39,454 ds/min), 972225 states left on queue.
Progress(32) at 2012-12-17 15:40:48: 79649893 states generated (308,416 s/min), 10930547 distinct states found (40,637 ds/min), 974310 states left on queue.
Progress(32) at 2012-12-17 15:41:48: 79974493 states generated (324,599 s/min), 10971331 distinct states found (40,784 ds/min), 974519 states left on queue.
Progress(32) at 2012-12-17 15:42:48: 80298808 states generated (324,316 s/min), 11011112 distinct states found (39,781 ds/min), 973761 states left on queue.
Progress(32) at 2012-12-17 15:43:48: 80622734 states generated (323,925 s/min), 11054059 distinct states found (42,947 ds/min), 976217 states left on queue.
Progress(32) at 2012-12-17 15:44:48: 80947521 states generated (324,787 s/min), 11094465 distinct states found (40,406 ds/min), 976025 states left on queue.
Progress(32) at 2012-12-17 15:45:48: 81267750 states generated (320,229 s/min), 11131521 distinct states found (37,056 ds/min), 973052 states left on queue.
Progress(32) at 2012-12-17 15:46:48: 81592518 states generated (324,767 s/min), 11173769 distinct states found (42,248 ds/min), 974704 states left on queue.
Progress(32) at 2012-12-17 15:47:48: 81916998 states generated (324,481 s/min), 11214151 distinct states found (40,382 ds/min), 974526 states left on queue.
Progress(32) at 2012-12-17 15:48:48: 82239589 states generated (322,591 s/min), 11251218 distinct states found (37,067 ds/min), 971269 states left on queue.
Progress(32) at 2012-12-17 15:49:48: 82563977 states generated (324,388 s/min), 11290972 distinct states found (39,754 ds/min), 970475 states left on queue.
Progress(32) at 2012-12-17 15:50:48: 82877895 states generated (313,918 s/min), 11329648 distinct states found (38,676 ds/min), 969911 states left on queue.
Progress(32) at 2012-12-17 15:51:48: 83203255 states generated (325,360 s/min), 11366812 distinct states found (37,164 ds/min), 966405 states left on queue.
Progress(32) at 2012-12-17 15:52:48: 83525905 states generated (322,651 s/min), 11404043 distinct states found (37,231 ds/min), 963304 states left on queue.
Progress(32) at 2012-12-17 15:53:48: 83851392 states generated (325,486 s/min), 11443395 distinct states found (39,352 ds/min), 961971 states left on queue.
Progress(32) at 2012-12-17 15:54:48: 84174953 states generated (323,562 s/min), 11480574 distinct states found (37,179 ds/min), 958704 states left on queue.
Progress(32) at 2012-12-17 15:55:48: 84468135 states generated (293,181 s/min), 11512595 distinct states found (32,021 ds/min), 954078 states left on queue.
Progress(32) at 2012-12-17 15:56:48: 84792437 states generated (324,302 s/min), 11551459 distinct states found (38,864 ds/min), 952404 states left on queue.
Progress(32) at 2012-12-17 15:57:48: 85116988 states generated (324,552 s/min), 11587514 distinct states found (36,055 ds/min), 947890 states left on queue.
Progress(32) at 2012-12-17 15:58:48: 85441553 states generated (324,565 s/min), 11622719 distinct states found (35,205 ds/min), 942524 states left on queue.
Progress(32) at 2012-12-17 15:59:48: 85766079 states generated (324,520 s/min), 11659804 distinct states found (37,085 ds/min), 939044 states left on queue.
Progress(32) at 2012-12-17 16:00:48: 86061831 states generated (295,757 s/min), 11691149 distinct states found (31,345 ds/min), 933420 states left on queue.
Progress(32) at 2012-12-17 16:01:48: 86386638 states generated (324,808 s/min), 11726915 distinct states found (35,766 ds/min), 928585 states left on queue.
Progress(32) at 2012-12-17 16:02:48: 86711742 states generated (325,103 s/min), 11761949 distinct states found (35,034 ds/min), 922981 states left on queue.
Progress(33) at 2012-12-17 16:03:48: 87035812 states generated (324,069 s/min), 11797974 distinct states found (36,025 ds/min), 918497 states left on queue.
Progress(33) at 2012-12-17 16:04:48: 87361000 states generated (325,190 s/min), 11841282 distinct states found (43,308 ds/min), 921157 states left on queue.
Progress(33) at 2012-12-17 16:05:48: 87670662 states generated (309,661 s/min), 11879389 distinct states found (38,107 ds/min), 920556 states left on queue.
Progress(33) at 2012-12-17 16:06:48: 87995609 states generated (324,948 s/min), 11916517 distinct states found (37,128 ds/min), 917065 states left on queue.
Progress(33) at 2012-12-17 16:07:48: 88320286 states generated (324,676 s/min), 11959648 distinct states found (43,131 ds/min), 919612 states left on queue.
Progress(33) at 2012-12-17 16:08:48: 88644958 states generated (324,672 s/min), 11999546 distinct states found (39,898 ds/min), 918926 states left on queue.
Progress(33) at 2012-12-17 16:09:48: 88969917 states generated (324,959 s/min), 12036674 distinct states found (37,128 ds/min), 915434 states left on queue.
Progress(33) at 2012-12-17 16:10:48: 89274893 states generated (304,977 s/min), 12074472 distinct states found (37,798 ds/min), 915110 states left on queue.
Progress(33) at 2012-12-17 16:11:48: 89600121 states generated (325,227 s/min), 12114382 distinct states found (39,910 ds/min), 914367 states left on queue.
Progress(33) at 2012-12-17 16:12:48: 89925209 states generated (325,089 s/min), 12151521 distinct states found (37,139 ds/min), 910869 states left on queue.
Progress(33) at 2012-12-17 16:13:48: 90249385 states generated (324,175 s/min), 12188902 distinct states found (37,381 ds/min), 907729 states left on queue.
Progress(33) at 2012-12-17 16:14:48: 90572385 states generated (323,001 s/min), 12228140 distinct states found (39,238 ds/min), 906591 states left on queue.
Progress(33) at 2012-12-17 16:15:48: 90889537 states generated (317,152 s/min), 12264366 distinct states found (36,226 ds/min), 903173 states left on queue.
Progress(33) at 2012-12-17 16:16:48: 91214647 states generated (325,108 s/min), 12300414 distinct states found (36,048 ds/min), 898583 states left on queue.
Progress(33) at 2012-12-17 16:17:48: 91539439 states generated (324,793 s/min), 12338674 distinct states found (38,260 ds/min), 896244 states left on queue.
Progress(33) at 2012-12-17 16:18:48: 91864146 states generated (324,707 s/min), 12374710 distinct states found (36,036 ds/min), 891691 states left on queue.
Progress(33) at 2012-12-17 16:19:48: 92189064 states generated (324,918 s/min), 12410108 distinct states found (35,398 ds/min), 886475 states left on queue.
Progress(33) at 2012-12-17 16:20:48: 92501255 states generated (312,191 s/min), 12446040 distinct states found (35,932 ds/min), 883383 states left on queue.
Progress(33) at 2012-12-17 16:21:48: 92825281 states generated (324,027 s/min), 12479680 distinct states found (33,640 ds/min), 876519 states left on queue.
Progress(33) at 2012-12-17 16:22:48: 93150376 states generated (325,094 s/min), 12515795 distinct states found (36,115 ds/min), 871998 states left on queue.
Progress(33) at 2012-12-17 16:23:48: 93475208 states generated (324,832 s/min), 12550456 distinct states found (34,661 ds/min), 866055 states left on queue.
Progress(33) at 2012-12-17 16:24:48: 93800033 states generated (324,826 s/min), 12584741 distinct states found (34,285 ds/min), 859736 states left on queue.
Progress(33) at 2012-12-17 16:25:48: 94108422 states generated (308,388 s/min), 12616881 distinct states found (32,140 ds/min), 853328 states left on queue.
Progress(34) at 2012-12-17 16:26:48: 94433488 states generated (325,067 s/min), 12654707 distinct states found (37,826 ds/min), 850521 states left on queue.
Progress(34) at 2012-12-17 16:27:48: 94757997 states generated (324,508 s/min), 12695805 distinct states found (41,098 ds/min), 851055 states left on queue.
Progress(34) at 2012-12-17 16:28:48: 95082206 states generated (324,210 s/min), 12733993 distinct states found (38,188 ds/min), 848717 states left on queue.
Progress(34) at 2012-12-17 16:29:48: 95406953 states generated (324,747 s/min), 12772073 distinct states found (38,080 ds/min), 846203 states left on queue.
Progress(34) at 2012-12-17 16:30:48: 95725852 states generated (318,899 s/min), 12812134 distinct states found (40,061 ds/min), 846402 states left on queue.
Progress(34) at 2012-12-17 16:31:48: 96047674 states generated (321,821 s/min), 12850004 distinct states found (37,870 ds/min), 844044 states left on queue.
Progress(34) at 2012-12-17 16:32:48: 96372199 states generated (324,525 s/min), 12885715 distinct states found (35,711 ds/min), 839190 states left on queue.
Progress(34) at 2012-12-17 16:33:48: 96695022 states generated (322,823 s/min), 12925886 distinct states found (40,171 ds/min), 839008 states left on queue.
Progress(34) at 2012-12-17 16:34:48: 97018392 states generated (323,370 s/min), 12963881 distinct states found (37,995 ds/min), 836582 states left on queue.
Progress(34) at 2012-12-17 16:35:48: 97316591 states generated (298,199 s/min), 12995985 distinct states found (32,104 ds/min), 831411 states left on queue.
Progress(34) at 2012-12-17 16:36:48: 97640527 states generated (323,936 s/min), 13034349 distinct states found (38,364 ds/min), 829283 states left on queue.
Progress(34) at 2012-12-17 16:37:48: 97965461 states generated (324,934 s/min), 13071608 distinct states found (37,259 ds/min), 825925 states left on queue.
Progress(34) at 2012-12-17 16:38:48: 98288021 states generated (322,560 s/min), 13105438 distinct states found (33,830 ds/min), 819435 states left on queue.
Progress(34) at 2012-12-17 16:39:48: 98610465 states generated (322,444 s/min), 13143014 distinct states found (37,576 ds/min), 816706 states left on queue.
Progress(34) at 2012-12-17 16:40:48: 98920963 states generated (310,498 s/min), 13177042 distinct states found (34,028 ds/min), 811921 states left on queue.
Progress(34) at 2012-12-17 16:41:48: 99244985 states generated (324,023 s/min), 13211416 distinct states found (34,374 ds/min), 805792 states left on queue.
Progress(34) at 2012-12-17 16:42:48: 99569296 states generated (324,310 s/min), 13247438 distinct states found (36,022 ds/min), 801276 states left on queue.
Progress(34) at 2012-12-17 16:43:48: 99892977 states generated (323,681 s/min), 13279792 distinct states found (32,354 ds/min), 793170 states left on queue.
Progress(34) at 2012-12-17 16:44:48: 100216956 states generated (323,979 s/min), 13315415 distinct states found (35,623 ds/min), 788295 states left on queue.
Progress(34) at 2012-12-17 16:45:48: 100522164 states generated (305,208 s/min), 13345319 distinct states found (29,904 ds/min), 780048 states left on queue.
Progress(34) at 2012-12-17 16:46:48: 100845793 states generated (323,629 s/min), 13379779 distinct states found (34,460 ds/min), 774055 states left on queue.
Progress(35) at 2012-12-17 16:47:48: 101169649 states generated (323,856 s/min), 13414694 distinct states found (34,915 ds/min), 768488 states left on queue.
Progress(35) at 2012-12-17 16:48:48: 101493117 states generated (323,468 s/min), 13455175 distinct states found (40,481 ds/min), 768535 states left on queue.
Progress(35) at 2012-12-17 16:49:48: 101813946 states generated (320,829 s/min), 13492882 distinct states found (37,707 ds/min), 766138 states left on queue.
Progress(35) at 2012-12-17 16:50:48: 102121397 states generated (307,451 s/min), 13526825 distinct states found (33,943 ds/min), 761650 states left on queue.
Progress(35) at 2012-12-17 16:51:48: 102445766 states generated (324,369 s/min), 13567171 distinct states found (40,346 ds/min), 761450 states left on queue.
Progress(35) at 2012-12-17 16:52:48: 102769048 states generated (323,282 s/min), 13604438 distinct states found (37,267 ds/min), 758307 states left on queue.
Progress(35) at 2012-12-17 16:53:48: 103093917 states generated (324,869 s/min), 13638917 distinct states found (34,479 ds/min), 752177 states left on queue.
Progress(35) at 2012-12-17 16:54:48: 103418251 states generated (324,335 s/min), 13678539 distinct states found (39,622 ds/min), 751257 states left on queue.
Progress(35) at 2012-12-17 16:55:48: 103723151 states generated (304,899 s/min), 13713046 distinct states found (34,507 ds/min), 747652 states left on queue.
Progress(35) at 2012-12-17 16:56:48: 104047833 states generated (324,683 s/min), 13747308 distinct states found (34,262 ds/min), 741328 states left on queue.
Progress(35) at 2012-12-17 16:57:48: 104372325 states generated (324,491 s/min), 13785313 distinct states found (38,005 ds/min), 738772 states left on queue.
Progress(35) at 2012-12-17 16:58:48: 104695201 states generated (322,876 s/min), 13820020 distinct states found (34,707 ds/min), 733120 states left on queue.
Progress(35) at 2012-12-17 16:59:48: 105019792 states generated (324,591 s/min), 13854910 distinct states found (34,890 ds/min), 727436 states left on queue.
Progress(35) at 2012-12-17 17:00:48: 105336179 states generated (316,386 s/min), 13889359 distinct states found (34,449 ds/min), 722336 states left on queue.
Progress(35) at 2012-12-17 17:01:48: 105661371 states generated (325,193 s/min), 13922910 distinct states found (33,551 ds/min), 715238 states left on queue.
Progress(35) at 2012-12-17 17:02:48: 105986332 states generated (324,962 s/min), 13957891 distinct states found (34,981 ds/min), 709599 states left on queue.
Progress(35) at 2012-12-17 17:03:48: 106310644 states generated (324,311 s/min), 13990417 distinct states found (32,526 ds/min), 701586 states left on queue.
Progress(35) at 2012-12-17 17:04:48: 106636046 states generated (325,402 s/min), 14023814 distinct states found (33,397 ds/min), 694308 states left on queue.
Progress(35) at 2012-12-17 17:05:48: 106950796 states generated (314,750 s/min), 14054988 distinct states found (31,174 ds/min), 686138 states left on queue.
Progress(36) at 2012-12-17 17:06:48: 107275344 states generated (324,548 s/min), 14088751 distinct states found (33,763 ds/min), 679333 states left on queue.
Progress(36) at 2012-12-17 17:07:48: 107599272 states generated (323,928 s/min), 14128179 distinct states found (39,428 ds/min), 678270 states left on queue.
Progress(36) at 2012-12-17 17:08:48: 107923087 states generated (323,815 s/min), 14165281 distinct states found (37,102 ds/min), 674895 states left on queue.
Progress(36) at 2012-12-17 17:09:48: 108247550 states generated (324,463 s/min), 14201050 distinct states found (35,769 ds/min), 670106 states left on queue.
Progress(36) at 2012-12-17 17:10:48: 108535806 states generated (288,256 s/min), 14235555 distinct states found (34,505 ds/min), 668579 states left on queue.
Progress(36) at 2012-12-17 17:11:48: 108860201 states generated (324,396 s/min), 14271612 distinct states found (36,057 ds/min), 664086 states left on queue.
Progress(36) at 2012-12-17 17:12:48: 109183836 states generated (323,634 s/min), 14306670 distinct states found (35,058 ds/min), 658690 states left on queue.
Progress(36) at 2012-12-17 17:13:48: 109508135 states generated (324,299 s/min), 14343840 distinct states found (37,170 ds/min), 655323 states left on queue.
Progress(36) at 2012-12-17 17:14:48: 109832964 states generated (324,829 s/min), 14378439 distinct states found (34,599 ds/min), 649318 states left on queue.
Progress(36) at 2012-12-17 17:15:48: 110128457 states generated (295,494 s/min), 14410810 distinct states found (32,371 ds/min), 644752 states left on queue.
Progress(36) at 2012-12-17 17:16:48: 110452614 states generated (324,156 s/min), 14445970 distinct states found (35,160 ds/min), 639393 states left on queue.
Progress(36) at 2012-12-17 17:17:48: 110776887 states generated (324,274 s/min), 14479387 distinct states found (33,417 ds/min), 632276 states left on queue.
Progress(36) at 2012-12-17 17:18:48: 111101561 states generated (324,673 s/min), 14514079 distinct states found (34,692 ds/min), 626384 states left on queue.
Progress(36) at 2012-12-17 17:19:48: 111426009 states generated (324,449 s/min), 14546636 distinct states found (32,557 ds/min), 618384 states left on queue.
Progress(36) at 2012-12-17 17:20:48: 111736345 states generated (310,336 s/min), 14578452 distinct states found (31,816 ds/min), 611408 states left on queue.
Progress(36) at 2012-12-17 17:21:48: 112060185 states generated (323,839 s/min), 14610758 distinct states found (32,306 ds/min), 603234 states left on queue.
Progress(36) at 2012-12-17 17:22:48: 112384114 states generated (323,929 s/min), 14641848 distinct states found (31,090 ds/min), 593833 states left on queue.
Progress(37) at 2012-12-17 17:23:48: 112708098 states generated (323,984 s/min), 14674945 distinct states found (33,097 ds/min), 586432 states left on queue.
Progress(37) at 2012-12-17 17:24:48: 113032434 states generated (324,336 s/min), 14713155 distinct states found (38,210 ds/min), 584100 states left on queue.
Progress(37) at 2012-12-17 17:25:48: 113322606 states generated (290,172 s/min), 14745512 distinct states found (32,357 ds/min), 580186 states left on queue.
Progress(37) at 2012-12-17 17:26:48: 113646380 states generated (323,774 s/min), 14780739 distinct states found (35,227 ds/min), 574941 states left on queue.
Progress(37) at 2012-12-17 17:27:48: 113971017 states generated (324,637 s/min), 14817807 distinct states found (37,068 ds/min), 571430 states left on queue.
Progress(37) at 2012-12-17 17:28:48: 114295328 states generated (324,311 s/min), 14852013 distinct states found (34,206 ds/min), 565097 states left on queue.
Progress(37) at 2012-12-17 17:29:48: 114619849 states generated (324,521 s/min), 14887911 distinct states found (35,898 ds/min), 560430 states left on queue.
Progress(37) at 2012-12-17 17:30:48: 114916876 states generated (297,027 s/min), 14919816 distinct states found (31,905 ds/min), 555206 states left on queue.
Progress(37) at 2012-12-17 17:31:48: 115238358 states generated (321,482 s/min), 14952878 distinct states found (33,062 ds/min), 548083 states left on queue.
Progress(37) at 2012-12-17 17:32:48: 115563346 states generated (324,988 s/min), 14987471 distinct states found (34,593 ds/min), 542052 states left on queue.
Progress(37) at 2012-12-17 17:33:48: 115887730 states generated (324,384 s/min), 15020386 distinct states found (32,915 ds/min), 534419 states left on queue.
Progress(37) at 2012-12-17 17:34:48: 116212638 states generated (324,908 s/min), 15053030 distinct states found (32,644 ds/min), 526450 states left on queue.
Progress(37) at 2012-12-17 17:35:48: 116522674 states generated (310,036 s/min), 15084208 distinct states found (31,178 ds/min), 518873 states left on queue.
Progress(37) at 2012-12-17 17:36:48: 116847276 states generated (324,601 s/min), 15115408 distinct states found (31,200 ds/min), 509498 states left on queue.
Progress(37) at 2012-12-17 17:37:48: 117171593 states generated (324,318 s/min), 15145662 distinct states found (30,254 ds/min), 499212 states left on queue.
Progress(38) at 2012-12-17 17:38:48: 117495896 states generated (324,303 s/min), 15180536 distinct states found (34,874 ds/min), 493549 states left on queue.
Progress(38) at 2012-12-17 17:39:48: 117820070 states generated (324,174 s/min), 15216661 distinct states found (36,125 ds/min), 489152 states left on queue.
Progress(38) at 2012-12-17 17:40:48: 118109780 states generated (289,710 s/min), 15246545 distinct states found (29,884 ds/min), 482822 states left on queue.
Progress(38) at 2012-12-17 17:41:48: 118434420 states generated (324,640 s/min), 15283234 distinct states found (36,689 ds/min), 478931 states left on queue.
Progress(38) at 2012-12-17 17:42:48: 118759411 states generated (324,991 s/min), 15317303 distinct states found (34,069 ds/min), 472376 states left on queue.
Progress(38) at 2012-12-17 17:43:48: 119083901 states generated (324,490 s/min), 15351821 distinct states found (34,518 ds/min), 466333 states left on queue.
Progress(38) at 2012-12-17 17:44:48: 119408914 states generated (325,013 s/min), 15385228 distinct states found (33,407 ds/min), 459113 states left on queue.
Progress(38) at 2012-12-17 17:45:48: 119718097 states generated (309,183 s/min), 15417030 distinct states found (31,802 ds/min), 452268 states left on queue.
Progress(38) at 2012-12-17 17:46:48: 120042024 states generated (323,927 s/min), 15448365 distinct states found (31,335 ds/min), 443113 states left on queue.
Progress(38) at 2012-12-17 17:47:48: 120365510 states generated (323,486 s/min), 15481360 distinct states found (32,995 ds/min), 435671 states left on queue.
Progress(38) at 2012-12-17 17:48:48: 120689885 states generated (324,375 s/min), 15512534 distinct states found (31,174 ds/min), 426298 states left on queue.
Progress(38) at 2012-12-17 17:49:48: 121014362 states generated (324,477 s/min), 15542506 distinct states found (29,972 ds/min), 415710 states left on queue.
Progress(39) at 2012-12-17 17:50:48: 121334250 states generated (319,888 s/min), 15573220 distinct states found (30,714 ds/min), 406438 states left on queue.
Progress(39) at 2012-12-17 17:51:48: 121658684 states generated (324,434 s/min), 15609272 distinct states found (36,052 ds/min), 401936 states left on queue.
Progress(39) at 2012-12-17 17:52:48: 121983532 states generated (324,848 s/min), 15641940 distinct states found (32,668 ds/min), 393998 states left on queue.
Progress(39) at 2012-12-17 17:53:48: 122307911 states generated (324,379 s/min), 15677709 distinct states found (35,769 ds/min), 389220 states left on queue.
Progress(39) at 2012-12-17 17:54:48: 122632666 states generated (324,755 s/min), 15709535 distinct states found (31,826 ds/min), 380452 states left on queue.
Progress(39) at 2012-12-17 17:55:48: 122944934 states generated (312,268 s/min), 15742766 distinct states found (33,231 ds/min), 374649 states left on queue.
Progress(39) at 2012-12-17 17:56:48: 123269114 states generated (324,180 s/min), 15774649 distinct states found (31,883 ds/min), 366009 states left on queue.
Progress(39) at 2012-12-17 17:57:48: 123592605 states generated (323,491 s/min), 15805668 distinct states found (31,019 ds/min), 356592 states left on queue.
Progress(39) at 2012-12-17 17:58:48: 123917389 states generated (324,784 s/min), 15836630 distinct states found (30,962 ds/min), 346956 states left on queue.
Progress(39) at 2012-12-17 17:59:48: 124241784 states generated (324,395 s/min), 15866800 distinct states found (30,170 ds/min), 336577 states left on queue.
Progress(40) at 2012-12-17 18:00:48: 124563394 states generated (321,610 s/min), 15896437 distinct states found (29,637 ds/min), 326012 states left on queue.
Progress(40) at 2012-12-17 18:01:48: 124887423 states generated (324,029 s/min), 15931402 distinct states found (34,965 ds/min), 320474 states left on queue.
Progress(40) at 2012-12-17 18:02:48: 125212297 states generated (324,873 s/min), 15963996 distinct states found (32,594 ds/min), 312459 states left on queue.
Progress(40) at 2012-12-17 18:03:48: 125535606 states generated (323,310 s/min), 15997300 distinct states found (33,304 ds/min), 305349 states left on queue.
Progress(40) at 2012-12-17 18:04:48: 125860063 states generated (324,457 s/min), 16029344 distinct states found (32,044 ds/min), 296836 states left on queue.
Progress(40) at 2012-12-17 18:05:48: 126169220 states generated (309,157 s/min), 16059118 distinct states found (29,774 ds/min), 287965 states left on queue.
Progress(40) at 2012-12-17 18:06:48: 126494218 states generated (324,998 s/min), 16089875 distinct states found (30,757 ds/min), 278097 states left on queue.
Progress(40) at 2012-12-17 18:07:48: 126818898 states generated (324,680 s/min), 16119545 distinct states found (29,670 ds/min), 267182 states left on queue.
Progress(41) at 2012-12-17 18:08:48: 127143535 states generated (324,637 s/min), 16147705 distinct states found (28,160 ds/min), 254763 states left on queue.
Progress(41) at 2012-12-17 18:09:48: 127467967 states generated (324,432 s/min), 16181844 distinct states found (34,139 ds/min), 248348 states left on queue.
Progress(41) at 2012-12-17 18:10:48: 127778345 states generated (310,378 s/min), 16212420 distinct states found (30,576 ds/min), 240126 states left on queue.
Progress(41) at 2012-12-17 18:11:48: 128102631 states generated (324,285 s/min), 16243556 distinct states found (31,136 ds/min), 230727 states left on queue.
Progress(41) at 2012-12-17 18:12:48: 128427290 states generated (324,660 s/min), 16274302 distinct states found (30,746 ds/min), 220890 states left on queue.
Progress(41) at 2012-12-17 18:13:48: 128751825 states generated (324,535 s/min), 16304436 distinct states found (30,134 ds/min), 210458 states left on queue.
Progress(41) at 2012-12-17 18:14:48: 129076402 states generated (324,577 s/min), 16332148 distinct states found (27,712 ds/min), 197597 states left on queue.
Progress(42) at 2012-12-17 18:15:48: 129368343 states generated (291,941 s/min), 16360613 distinct states found (28,465 ds/min), 189570 states left on queue.
Progress(42) at 2012-12-17 18:16:48: 129693344 states generated (325,001 s/min), 16391814 distinct states found (31,201 ds/min), 180146 states left on queue.
Progress(42) at 2012-12-17 18:17:48: 130018082 states generated (324,738 s/min), 16422401 distinct states found (30,587 ds/min), 170140 states left on queue.
Progress(42) at 2012-12-17 18:18:48: 130342805 states generated (324,723 s/min), 16451586 distinct states found (29,185 ds/min), 158735 states left on queue.
Progress(42) at 2012-12-17 18:19:48: 130667138 states generated (324,333 s/min), 16478465 distinct states found (26,879 ds/min), 145072 states left on queue.
Progress(43) at 2012-12-17 18:20:48: 130963852 states generated (296,714 s/min), 16506850 distinct states found (28,385 ds/min), 136368 states left on queue.
Progress(43) at 2012-12-17 18:21:48: 131288482 states generated (324,630 s/min), 16536563 distinct states found (29,713 ds/min), 125502 states left on queue.
Progress(43) at 2012-12-17 18:22:48: 131612606 states generated (324,124 s/min), 16565221 distinct states found (28,658 ds/min), 113645 states left on queue.
Progress(44) at 2012-12-17 18:23:48: 131937020 states generated (324,414 s/min), 16592603 distinct states found (27,382 ds/min), 100475 states left on queue.
Progress(44) at 2012-12-17 18:24:48: 132262245 states generated (325,225 s/min), 16622027 distinct states found (29,424 ds/min), 89246 states left on queue.
Progress(44) at 2012-12-17 18:25:48: 132572351 states generated (310,106 s/min), 16647980 distinct states found (25,953 ds/min), 76436 states left on queue.
Progress(45) at 2012-12-17 18:26:48: 132897585 states generated (325,234 s/min), 16675598 distinct states found (27,618 ds/min), 63400 states left on queue.
Progress(45) at 2012-12-17 18:27:48: 133221208 states generated (323,623 s/min), 16701632 distinct states found (26,034 ds/min), 48981 states left on queue.
Progress(46) at 2012-12-17 18:28:48: 133546422 states generated (325,213 s/min), 16728484 distinct states found (26,852 ds/min), 35181 states left on queue.
Progress(48) at 2012-12-17 18:29:48: 133871077 states generated (324,655 s/min), 16753044 distinct states found (24,560 ds/min), 19159 states left on queue.
Progress(51) at 2012-12-17 18:30:48: 134190200 states generated (319,124 s/min), 16775775 distinct states found (22,731 ds/min), 2000 states left on queue.
Model checking completed. No error has been found.
  Estimates of the probability that TLC did not check all reachable states
  because two distinct states had the same fingerprint:
  calculated (optimistic):  val = 1.1E-4
  based on the actual fingerprints:  val = 1.9E-12
134217729 states generated, 16777216 distinct states found, 0 states left on queue.
The depth of the complete state graph search is 57.
Finished. (2012-12-17 18:31:21)
