Listening for transport dt_socket at address: 1044
TLC Server Version 2.05 of 23 July 2013
Parsing file /mnt/tlc/7961/spec/l10_n8.tla
Parsing file /mnt/tlc/7961/spec/GridPerformanceTest.tla
Parsing file /mnt/tlc/7961/tla/tla2sany/StandardModules/TLC.tla
Parsing file /mnt/tlc/7961/tla/tla2sany/StandardModules/Integers.tla
Parsing file /mnt/tlc/7961/tla/tla2sany/StandardModules/FiniteSets.tla
Parsing file /mnt/tlc/7961/tla/tla2sany/StandardModules/Naturals.tla
Parsing file /mnt/tlc/7961/tla/tla2sany/StandardModules/Sequences.tla
Semantic processing of module Naturals
Semantic processing of module Integers
Semantic processing of module Sequences
Semantic processing of module FiniteSets
Semantic processing of module GridPerformanceTest
Semantic processing of module TLC
Semantic processing of module l10_n8
Starting... (2013-07-30 20:19:54)
Computing initial states...
Finished computing initial states: 1 distinct state(s) generated.
TLC server at ip-10-33-48-150 is ready (2013-07-30 20:19:54)
Waiting for 8 FPSet server(s) to register (2013-07-30 20:19:54)
1 out of 8 FPSet server(s) registered (2013-07-30 20:20:04)
2 out of 8 FPSet server(s) registered (2013-07-30 20:20:04)
3 out of 8 FPSet server(s) registered (2013-07-30 20:20:04)
4 out of 8 FPSet server(s) registered (2013-07-30 20:20:04)
5 out of 8 FPSet server(s) registered (2013-07-30 20:20:04)
6 out of 8 FPSet server(s) registered (2013-07-30 20:20:05)
7 out of 8 FPSet server(s) registered (2013-07-30 20:20:05)
8 out of 8 FPSet server(s) registered (2013-07-30 20:20:05)
Registration for worker at rmi://ip-10-33-34-136.eu-west-1.compute.internal:59072/26 completed (2013-07-30 20:20:05)
Registration for worker at rmi://ip-10-33-34-136.eu-west-1.compute.internal:59072/12 completed (2013-07-30 20:20:05)
Registration for worker at rmi://ip-10-33-34-136.eu-west-1.compute.internal:59072/23 completed (2013-07-30 20:20:05)
Registration for worker at rmi://ip-10-33-34-136.eu-west-1.compute.internal:59072/14 completed (2013-07-30 20:20:05)
Registration for worker at rmi://ip-10-33-34-136.eu-west-1.compute.internal:59072/27 completed (2013-07-30 20:20:05)
Registration for worker at rmi://ip-10-33-34-136.eu-west-1.compute.internal:59072/31 completed (2013-07-30 20:20:05)
Registration for worker at rmi://ip-10-33-34-136.eu-west-1.compute.internal:59072/28 completed (2013-07-30 20:20:05)
Registration for worker at rmi://ip-10-33-34-136.eu-west-1.compute.internal:59072/2 completed (2013-07-30 20:20:05)
Registration for worker at rmi://ip-10-33-34-136.eu-west-1.compute.internal:59072/18 completed (2013-07-30 20:20:05)
Registration for worker at rmi://ip-10-33-34-136.eu-west-1.compute.internal:59072/30 completed (2013-07-30 20:20:05)
Registration for worker at rmi://ip-10-33-34-136.eu-west-1.compute.internal:59072/0 completed (2013-07-30 20:20:05)
Registration for worker at rmi://ip-10-33-34-137.eu-west-1.compute.internal:39977/20 completed (2013-07-30 20:20:05)
Registration for worker at rmi://ip-10-33-34-136.eu-west-1.compute.internal:59072/15 completed (2013-07-30 20:20:05)
Registration for worker at rmi://ip-10-33-34-136.eu-west-1.compute.internal:59072/6 completed (2013-07-30 20:20:05)
Registration for worker at rmi://ip-10-33-34-136.eu-west-1.compute.internal:59072/19 completed (2013-07-30 20:20:05)
Registration for worker at rmi://ip-10-33-34-136.eu-west-1.compute.internal:59072/24 completed (2013-07-30 20:20:05)
Registration for worker at rmi://ip-10-33-34-136.eu-west-1.compute.internal:59072/21 completed (2013-07-30 20:20:05)
Registration for worker at rmi://ip-10-33-34-136.eu-west-1.compute.internal:59072/22 completed (2013-07-30 20:20:05)
Registration for worker at rmi://ip-10-33-34-136.eu-west-1.compute.internal:59072/1 completed (2013-07-30 20:20:05)
Registration for worker at rmi://ip-10-33-34-136.eu-west-1.compute.internal:59072/17 completed (2013-07-30 20:20:05)
Registration for worker at rmi://ip-10-33-34-136.eu-west-1.compute.internal:59072/10 completed (2013-07-30 20:20:05)
Registration for worker at rmi://ip-10-33-34-136.eu-west-1.compute.internal:59072/8 completed (2013-07-30 20:20:06)
Registration for worker at rmi://ip-10-33-17-244.eu-west-1.compute.internal:39193/18 completed (2013-07-30 20:20:06)
Registration for worker at rmi://ip-10-33-34-136.eu-west-1.compute.internal:59072/5 completed (2013-07-30 20:20:06)
Registration for worker at rmi://ip-10-33-34-136.eu-west-1.compute.internal:59072/16 completed (2013-07-30 20:20:06)
Registration for worker at rmi://ip-10-33-34-136.eu-west-1.compute.internal:59072/11 completed (2013-07-30 20:20:06)
Registration for worker at rmi://ip-10-33-34-136.eu-west-1.compute.internal:59072/9 completed (2013-07-30 20:20:06)
Registration for worker at rmi://ip-10-33-34-136.eu-west-1.compute.internal:59072/13 completed (2013-07-30 20:20:06)
Registration for worker at rmi://ip-10-33-34-136.eu-west-1.compute.internal:59072/4 completed (2013-07-30 20:20:06)
Registration for worker at rmi://ip-10-33-34-136.eu-west-1.compute.internal:59072/3 completed (2013-07-30 20:20:06)
Registration for worker at rmi://ip-10-33-34-136.eu-west-1.compute.internal:59072/25 completed (2013-07-30 20:20:06)
Registration for worker at rmi://ip-10-33-34-136.eu-west-1.compute.internal:59072/20 completed (2013-07-30 20:20:06)
Registration for worker at rmi://ip-10-33-34-136.eu-west-1.compute.internal:59072/29 completed (2013-07-30 20:20:06)
Registration for worker at rmi://ip-10-33-34-136.eu-west-1.compute.internal:59072/7 completed (2013-07-30 20:20:06)
Registration for worker at rmi://ip-10-33-48-130.eu-west-1.compute.internal:47480/29 completed (2013-07-30 20:20:06)
Registration for worker at rmi://ip-10-33-48-130.eu-west-1.compute.internal:47480/31 completed (2013-07-30 20:20:06)
Registration for worker at rmi://ip-10-33-48-130.eu-west-1.compute.internal:47480/28 completed (2013-07-30 20:20:06)
Registration for worker at rmi://ip-10-33-48-130.eu-west-1.compute.internal:47480/30 completed (2013-07-30 20:20:06)
Registration for worker at rmi://ip-10-33-48-130.eu-west-1.compute.internal:47480/25 completed (2013-07-30 20:20:06)
Registration for worker at rmi://ip-10-33-48-130.eu-west-1.compute.internal:47480/27 completed (2013-07-30 20:20:06)
Registration for worker at rmi://ip-10-33-48-130.eu-west-1.compute.internal:47480/18 completed (2013-07-30 20:20:06)
Registration for worker at rmi://ip-10-33-48-130.eu-west-1.compute.internal:47480/24 completed (2013-07-30 20:20:06)
Registration for worker at rmi://ip-10-33-48-130.eu-west-1.compute.internal:47480/26 completed (2013-07-30 20:20:06)
Registration for worker at rmi://ip-10-33-48-130.eu-west-1.compute.internal:47480/22 completed (2013-07-30 20:20:06)
Registration for worker at rmi://ip-10-33-48-130.eu-west-1.compute.internal:47480/21 completed (2013-07-30 20:20:06)
Registration for worker at rmi://ip-10-33-48-130.eu-west-1.compute.internal:47480/23 completed (2013-07-30 20:20:06)
Registration for worker at rmi://ip-10-33-48-130.eu-west-1.compute.internal:47480/7 completed (2013-07-30 20:20:06)
Registration for worker at rmi://ip-10-33-48-130.eu-west-1.compute.internal:47480/12 completed (2013-07-30 20:20:06)
Registration for worker at rmi://ip-10-33-48-130.eu-west-1.compute.internal:47480/17 completed (2013-07-30 20:20:06)
Registration for worker at rmi://ip-10-33-48-130.eu-west-1.compute.internal:47480/9 completed (2013-07-30 20:20:06)
Registration for worker at rmi://ip-10-33-48-130.eu-west-1.compute.internal:47480/14 completed (2013-07-30 20:20:06)
Registration for worker at rmi://ip-10-33-48-130.eu-west-1.compute.internal:47480/13 completed (2013-07-30 20:20:06)
Registration for worker at rmi://ip-10-33-48-130.eu-west-1.compute.internal:47480/20 completed (2013-07-30 20:20:06)
Registration for worker at rmi://ip-10-33-48-130.eu-west-1.compute.internal:47480/8 completed (2013-07-30 20:20:06)
Registration for worker at rmi://ip-10-33-48-130.eu-west-1.compute.internal:47480/15 completed (2013-07-30 20:20:06)
Registration for worker at rmi://ip-10-33-48-130.eu-west-1.compute.internal:47480/16 completed (2013-07-30 20:20:06)
Registration for worker at rmi://ip-10-33-48-130.eu-west-1.compute.internal:47480/4 completed (2013-07-30 20:20:06)
Registration for worker at rmi://ip-10-33-48-130.eu-west-1.compute.internal:47480/0 completed (2013-07-30 20:20:06)
Registration for worker at rmi://ip-10-33-48-130.eu-west-1.compute.internal:47480/6 completed (2013-07-30 20:20:06)
Registration for worker at rmi://ip-10-33-48-130.eu-west-1.compute.internal:47480/2 completed (2013-07-30 20:20:06)
Registration for worker at rmi://ip-10-33-48-130.eu-west-1.compute.internal:47480/3 completed (2013-07-30 20:20:06)
Registration for worker at rmi://ip-10-33-48-130.eu-west-1.compute.internal:47480/19 completed (2013-07-30 20:20:06)
Registration for worker at rmi://ip-10-33-48-130.eu-west-1.compute.internal:47480/10 completed (2013-07-30 20:20:06)
Registration for worker at rmi://ip-10-33-48-130.eu-west-1.compute.internal:47480/1 completed (2013-07-30 20:20:06)
Registration for worker at rmi://ip-10-33-17-212.eu-west-1.compute.internal:41030/31 completed (2013-07-30 20:20:06)
Registration for worker at rmi://ip-10-33-48-10.eu-west-1.compute.internal:54962/28 completed (2013-07-30 20:20:06)
Registration for worker at rmi://ip-10-33-48-10.eu-west-1.compute.internal:54962/26 completed (2013-07-30 20:20:06)
Registration for worker at rmi://ip-10-33-17-212.eu-west-1.compute.internal:41030/23 completed (2013-07-30 20:20:06)
Registration for worker at rmi://ip-10-33-17-244.eu-west-1.compute.internal:39193/24 completed (2013-07-30 20:20:06)
Registration for worker at rmi://ip-10-33-17-244.eu-west-1.compute.internal:39193/29 completed (2013-07-30 20:20:06)
Registration for worker at rmi://ip-10-33-17-212.eu-west-1.compute.internal:41030/16 completed (2013-07-30 20:20:06)
Registration for worker at rmi://ip-10-33-17-244.eu-west-1.compute.internal:39193/25 completed (2013-07-30 20:20:06)
Registration for worker at rmi://ip-10-33-17-212.eu-west-1.compute.internal:41030/5 completed (2013-07-30 20:20:06)
Registration for worker at rmi://ip-10-33-48-10.eu-west-1.compute.internal:54962/6 completed (2013-07-30 20:20:06)
Registration for worker at rmi://ip-10-33-17-212.eu-west-1.compute.internal:41030/9 completed (2013-07-30 20:20:06)
Registration for worker at rmi://ip-10-33-17-244.eu-west-1.compute.internal:39193/23 completed (2013-07-30 20:20:06)
Registration for worker at rmi://ip-10-33-17-244.eu-west-1.compute.internal:39193/22 completed (2013-07-30 20:20:06)
Registration for worker at rmi://ip-10-33-17-212.eu-west-1.compute.internal:41030/14 completed (2013-07-30 20:20:06)
Registration for worker at rmi://ip-10-33-17-212.eu-west-1.compute.internal:41030/7 completed (2013-07-30 20:20:06)
Registration for worker at rmi://ip-10-33-17-244.eu-west-1.compute.internal:39193/21 completed (2013-07-30 20:20:06)
Registration for worker at rmi://ip-10-33-17-212.eu-west-1.compute.internal:41030/8 completed (2013-07-30 20:20:06)
Registration for worker at rmi://ip-10-33-17-212.eu-west-1.compute.internal:41030/2 completed (2013-07-30 20:20:06)
Registration for worker at rmi://ip-10-33-17-212.eu-west-1.compute.internal:41030/19 completed (2013-07-30 20:20:06)
Registration for worker at rmi://ip-10-33-17-212.eu-west-1.compute.internal:41030/15 completed (2013-07-30 20:20:06)
Registration for worker at rmi://ip-10-33-17-212.eu-west-1.compute.internal:41030/21 completed (2013-07-30 20:20:06)
Registration for worker at rmi://ip-10-33-17-212.eu-west-1.compute.internal:41030/12 completed (2013-07-30 20:20:06)
Registration for worker at rmi://ip-10-33-48-130.eu-west-1.compute.internal:47480/11 completed (2013-07-30 20:20:06)
Registration for worker at rmi://ip-10-33-48-130.eu-west-1.compute.internal:47480/5 completed (2013-07-30 20:20:06)
Registration for worker at rmi://ip-10-33-17-212.eu-west-1.compute.internal:41030/13 completed (2013-07-30 20:20:06)
Registration for worker at rmi://ip-10-33-17-212.eu-west-1.compute.internal:41030/3 completed (2013-07-30 20:20:06)
Registration for worker at rmi://ip-10-33-17-212.eu-west-1.compute.internal:41030/10 completed (2013-07-30 20:20:06)
Registration for worker at rmi://ip-10-33-17-244.eu-west-1.compute.internal:39193/12 completed (2013-07-30 20:20:06)
Registration for worker at rmi://ip-10-33-17-244.eu-west-1.compute.internal:39193/0 completed (2013-07-30 20:20:06)
Registration for worker at rmi://ip-10-33-17-244.eu-west-1.compute.internal:39193/10 completed (2013-07-30 20:20:06)
Registration for worker at rmi://ip-10-33-17-244.eu-west-1.compute.internal:39193/4 completed (2013-07-30 20:20:06)
Registration for worker at rmi://ip-10-33-17-244.eu-west-1.compute.internal:39193/19 completed (2013-07-30 20:20:06)
Registration for worker at rmi://ip-10-33-17-244.eu-west-1.compute.internal:39193/9 completed (2013-07-30 20:20:06)
Registration for worker at rmi://ip-10-33-17-212.eu-west-1.compute.internal:41030/17 completed (2013-07-30 20:20:06)
Registration for worker at rmi://ip-10-33-17-244.eu-west-1.compute.internal:39193/13 completed (2013-07-30 20:20:06)
Registration for worker at rmi://ip-10-33-17-244.eu-west-1.compute.internal:39193/15 completed (2013-07-30 20:20:06)
Registration for worker at rmi://ip-10-33-17-244.eu-west-1.compute.internal:39193/11 completed (2013-07-30 20:20:06)
Registration for worker at rmi://ip-10-33-17-244.eu-west-1.compute.internal:39193/7 completed (2013-07-30 20:20:06)
Registration for worker at rmi://ip-10-33-17-244.eu-west-1.compute.internal:39193/5 completed (2013-07-30 20:20:06)
Registration for worker at rmi://ip-10-33-17-244.eu-west-1.compute.internal:39193/8 completed (2013-07-30 20:20:06)
Registration for worker at rmi://ip-10-33-17-244.eu-west-1.compute.internal:39193/2 completed (2013-07-30 20:20:06)
Registration for worker at rmi://ip-10-33-17-244.eu-west-1.compute.internal:39193/6 completed (2013-07-30 20:20:06)
Registration for worker at rmi://ip-10-33-17-244.eu-west-1.compute.internal:39193/1 completed (2013-07-30 20:20:06)
Registration for worker at rmi://ip-10-33-17-244.eu-west-1.compute.internal:39193/20 completed (2013-07-30 20:20:06)
Registration for worker at rmi://ip-10-33-17-244.eu-west-1.compute.internal:39193/3 completed (2013-07-30 20:20:06)
Registration for worker at rmi://ip-10-33-17-244.eu-west-1.compute.internal:39193/17 completed (2013-07-30 20:20:06)
Registration for worker at rmi://ip-10-33-20-134.eu-west-1.compute.internal:42112/31 completed (2013-07-30 20:20:06)
Registration for worker at rmi://ip-10-33-20-134.eu-west-1.compute.internal:42112/28 completed (2013-07-30 20:20:06)
Registration for worker at rmi://ip-10-33-20-134.eu-west-1.compute.internal:42112/29 completed (2013-07-30 20:20:06)
Registration for worker at rmi://ip-10-33-20-134.eu-west-1.compute.internal:42112/30 completed (2013-07-30 20:20:06)
Registration for worker at rmi://ip-10-33-20-134.eu-west-1.compute.internal:42112/26 completed (2013-07-30 20:20:06)
Registration for worker at rmi://ip-10-33-20-134.eu-west-1.compute.internal:42112/27 completed (2013-07-30 20:20:06)
Registration for worker at rmi://ip-10-33-20-134.eu-west-1.compute.internal:42112/25 completed (2013-07-30 20:20:06)
Registration for worker at rmi://ip-10-33-20-134.eu-west-1.compute.internal:42112/24 completed (2013-07-30 20:20:06)
Registration for worker at rmi://ip-10-33-48-10.eu-west-1.compute.internal:54962/1 completed (2013-07-30 20:20:06)
Registration for worker at rmi://ip-10-33-20-134.eu-west-1.compute.internal:42112/5 completed (2013-07-30 20:20:06)
Registration for worker at rmi://ip-10-33-20-134.eu-west-1.compute.internal:42112/23 completed (2013-07-30 20:20:06)
Registration for worker at rmi://ip-10-33-20-134.eu-west-1.compute.internal:42112/22 completed (2013-07-30 20:20:06)
Registration for worker at rmi://ip-10-33-48-10.eu-west-1.compute.internal:54962/3 completed (2013-07-30 20:20:06)
Registration for worker at rmi://ip-10-33-17-212.eu-west-1.compute.internal:41030/20 completed (2013-07-30 20:20:06)
Registration for worker at rmi://ip-10-33-20-134.eu-west-1.compute.internal:42112/21 completed (2013-07-30 20:20:06)
Registration for worker at rmi://ip-10-33-17-244.eu-west-1.compute.internal:39193/16 completed (2013-07-30 20:20:06)
Registration for worker at rmi://ip-10-33-17-212.eu-west-1.compute.internal:41030/4 completed (2013-07-30 20:20:06)
Registration for worker at rmi://ip-10-33-20-134.eu-west-1.compute.internal:42112/19 completed (2013-07-30 20:20:06)
Registration for worker at rmi://ip-10-33-20-134.eu-west-1.compute.internal:42112/18 completed (2013-07-30 20:20:06)
Registration for worker at rmi://ip-10-33-20-134.eu-west-1.compute.internal:42112/15 completed (2013-07-30 20:20:06)
Registration for worker at rmi://ip-10-33-20-134.eu-west-1.compute.internal:42112/11 completed (2013-07-30 20:20:06)
Registration for worker at rmi://ip-10-33-17-244.eu-west-1.compute.internal:39193/14 completed (2013-07-30 20:20:06)
Registration for worker at rmi://ip-10-33-20-134.eu-west-1.compute.internal:42112/20 completed (2013-07-30 20:20:06)
Registration for worker at rmi://ip-10-33-20-134.eu-west-1.compute.internal:42112/17 completed (2013-07-30 20:20:06)
Registration for worker at rmi://ip-10-33-20-134.eu-west-1.compute.internal:42112/6 completed (2013-07-30 20:20:06)
Registration for worker at rmi://ip-10-33-20-134.eu-west-1.compute.internal:42112/16 completed (2013-07-30 20:20:06)
Registration for worker at rmi://ip-10-33-20-134.eu-west-1.compute.internal:42112/3 completed (2013-07-30 20:20:06)
Registration for worker at rmi://ip-10-33-20-134.eu-west-1.compute.internal:42112/13 completed (2013-07-30 20:20:06)
Registration for worker at rmi://ip-10-33-20-134.eu-west-1.compute.internal:42112/8 completed (2013-07-30 20:20:06)
Registration for worker at rmi://ip-10-33-20-134.eu-west-1.compute.internal:42112/10 completed (2013-07-30 20:20:06)
Registration for worker at rmi://ip-10-33-20-134.eu-west-1.compute.internal:42112/7 completed (2013-07-30 20:20:06)
Registration for worker at rmi://ip-10-33-20-134.eu-west-1.compute.internal:42112/14 completed (2013-07-30 20:20:06)
Registration for worker at rmi://ip-10-33-20-134.eu-west-1.compute.internal:42112/12 completed (2013-07-30 20:20:06)
Registration for worker at rmi://ip-10-33-20-134.eu-west-1.compute.internal:42112/4 completed (2013-07-30 20:20:06)
Registration for worker at rmi://ip-10-33-20-134.eu-west-1.compute.internal:42112/0 completed (2013-07-30 20:20:06)
Registration for worker at rmi://ip-10-33-20-134.eu-west-1.compute.internal:42112/2 completed (2013-07-30 20:20:06)
Registration for worker at rmi://ip-10-33-18-95.eu-west-1.compute.internal:41861/28 completed (2013-07-30 20:20:06)
Registration for worker at rmi://ip-10-33-18-95.eu-west-1.compute.internal:41861/29 completed (2013-07-30 20:20:06)
Registration for worker at rmi://ip-10-33-18-95.eu-west-1.compute.internal:41861/31 completed (2013-07-30 20:20:06)
Registration for worker at rmi://ip-10-33-18-95.eu-west-1.compute.internal:41861/30 completed (2013-07-30 20:20:06)
Registration for worker at rmi://ip-10-33-18-95.eu-west-1.compute.internal:41861/27 completed (2013-07-30 20:20:06)
Registration for worker at rmi://ip-10-33-18-95.eu-west-1.compute.internal:41861/25 completed (2013-07-30 20:20:06)
Registration for worker at rmi://ip-10-33-18-95.eu-west-1.compute.internal:41861/24 completed (2013-07-30 20:20:06)
Registration for worker at rmi://ip-10-33-18-95.eu-west-1.compute.internal:41861/20 completed (2013-07-30 20:20:06)
Registration for worker at rmi://ip-10-33-18-95.eu-west-1.compute.internal:41861/26 completed (2013-07-30 20:20:06)
Registration for worker at rmi://ip-10-33-18-95.eu-west-1.compute.internal:41861/10 completed (2013-07-30 20:20:06)
Registration for worker at rmi://ip-10-33-34-137.eu-west-1.compute.internal:39977/30 completed (2013-07-30 20:20:06)
Registration for worker at rmi://ip-10-33-34-137.eu-west-1.compute.internal:39977/31 completed (2013-07-30 20:20:06)
Registration for worker at rmi://ip-10-33-48-10.eu-west-1.compute.internal:54962/8 completed (2013-07-30 20:20:06)
Registration for worker at rmi://ip-10-33-18-95.eu-west-1.compute.internal:41861/22 completed (2013-07-30 20:20:07)
Registration for worker at rmi://ip-10-33-18-95.eu-west-1.compute.internal:41861/19 completed (2013-07-30 20:20:07)
Registration for worker at rmi://ip-10-33-18-95.eu-west-1.compute.internal:41861/23 completed (2013-07-30 20:20:07)
Registration for worker at rmi://ip-10-33-18-95.eu-west-1.compute.internal:41861/5 completed (2013-07-30 20:20:07)
Registration for worker at rmi://ip-10-33-34-137.eu-west-1.compute.internal:39977/29 completed (2013-07-30 20:20:07)
Registration for worker at rmi://ip-10-33-20-134.eu-west-1.compute.internal:42112/1 completed (2013-07-30 20:20:07)
Registration for worker at rmi://ip-10-33-18-95.eu-west-1.compute.internal:41861/11 completed (2013-07-30 20:20:07)
Registration for worker at rmi://ip-10-33-18-95.eu-west-1.compute.internal:41861/0 completed (2013-07-30 20:20:07)
Registration for worker at rmi://ip-10-33-20-134.eu-west-1.compute.internal:42112/9 completed (2013-07-30 20:20:07)
Registration for worker at rmi://ip-10-33-18-95.eu-west-1.compute.internal:41861/1 completed (2013-07-30 20:20:07)
Registration for worker at rmi://ip-10-33-18-95.eu-west-1.compute.internal:41861/16 completed (2013-07-30 20:20:07)
Registration for worker at rmi://ip-10-33-18-95.eu-west-1.compute.internal:41861/21 completed (2013-07-30 20:20:07)
Registration for worker at rmi://ip-10-33-18-95.eu-west-1.compute.internal:41861/6 completed (2013-07-30 20:20:07)
Registration for worker at rmi://ip-10-33-18-95.eu-west-1.compute.internal:41861/4 completed (2013-07-30 20:20:07)
Registration for worker at rmi://ip-10-33-18-95.eu-west-1.compute.internal:41861/3 completed (2013-07-30 20:20:07)
Registration for worker at rmi://ip-10-33-18-95.eu-west-1.compute.internal:41861/17 completed (2013-07-30 20:20:07)
Registration for worker at rmi://ip-10-33-18-95.eu-west-1.compute.internal:41861/2 completed (2013-07-30 20:20:07)
Registration for worker at rmi://ip-10-33-18-95.eu-west-1.compute.internal:41861/14 completed (2013-07-30 20:20:07)
Registration for worker at rmi://ip-10-33-18-95.eu-west-1.compute.internal:41861/18 completed (2013-07-30 20:20:07)
Registration for worker at rmi://ip-10-33-18-95.eu-west-1.compute.internal:41861/8 completed (2013-07-30 20:20:07)
Registration for worker at rmi://ip-10-33-18-95.eu-west-1.compute.internal:41861/15 completed (2013-07-30 20:20:07)
Registration for worker at rmi://ip-10-33-18-95.eu-west-1.compute.internal:41861/7 completed (2013-07-30 20:20:07)
Registration for worker at rmi://ip-10-33-18-95.eu-west-1.compute.internal:41861/9 completed (2013-07-30 20:20:07)
Registration for worker at rmi://ip-10-33-34-137.eu-west-1.compute.internal:39977/27 completed (2013-07-30 20:20:07)
Registration for worker at rmi://ip-10-33-34-137.eu-west-1.compute.internal:39977/23 completed (2013-07-30 20:20:07)
Registration for worker at rmi://ip-10-33-34-137.eu-west-1.compute.internal:39977/28 completed (2013-07-30 20:20:07)
Registration for worker at rmi://ip-10-33-34-137.eu-west-1.compute.internal:39977/18 completed (2013-07-30 20:20:07)
Registration for worker at rmi://ip-10-33-34-137.eu-west-1.compute.internal:39977/25 completed (2013-07-30 20:20:07)
Registration for worker at rmi://ip-10-33-34-137.eu-west-1.compute.internal:39977/26 completed (2013-07-30 20:20:07)
Registration for worker at rmi://ip-10-33-34-137.eu-west-1.compute.internal:39977/22 completed (2013-07-30 20:20:07)
Registration for worker at rmi://ip-10-33-34-137.eu-west-1.compute.internal:39977/10 completed (2013-07-30 20:20:07)
Registration for worker at rmi://ip-10-33-34-137.eu-west-1.compute.internal:39977/24 completed (2013-07-30 20:20:07)
Registration for worker at rmi://ip-10-33-34-137.eu-west-1.compute.internal:39977/19 completed (2013-07-30 20:20:07)
Registration for worker at rmi://ip-10-33-34-137.eu-west-1.compute.internal:39977/11 completed (2013-07-30 20:20:07)
Registration for worker at rmi://ip-10-33-34-137.eu-west-1.compute.internal:39977/6 completed (2013-07-30 20:20:07)
Registration for worker at rmi://ip-10-33-34-137.eu-west-1.compute.internal:39977/17 completed (2013-07-30 20:20:07)
Registration for worker at rmi://ip-10-33-34-137.eu-west-1.compute.internal:39977/21 completed (2013-07-30 20:20:07)
Registration for worker at rmi://ip-10-33-18-95.eu-west-1.compute.internal:41861/12 completed (2013-07-30 20:20:07)
Registration for worker at rmi://ip-10-33-34-137.eu-west-1.compute.internal:39977/1 completed (2013-07-30 20:20:07)
Registration for worker at rmi://ip-10-33-34-137.eu-west-1.compute.internal:39977/8 completed (2013-07-30 20:20:07)
Registration for worker at rmi://ip-10-33-34-137.eu-west-1.compute.internal:39977/9 completed (2013-07-30 20:20:07)
Registration for worker at rmi://ip-10-33-34-137.eu-west-1.compute.internal:39977/3 completed (2013-07-30 20:20:07)
Registration for worker at rmi://ip-10-33-34-137.eu-west-1.compute.internal:39977/15 completed (2013-07-30 20:20:07)
Registration for worker at rmi://ip-10-33-34-137.eu-west-1.compute.internal:39977/16 completed (2013-07-30 20:20:07)
Registration for worker at rmi://ip-10-33-34-137.eu-west-1.compute.internal:39977/12 completed (2013-07-30 20:20:07)
Registration for worker at rmi://ip-10-33-18-95.eu-west-1.compute.internal:41861/13 completed (2013-07-30 20:20:07)
Registration for worker at rmi://ip-10-33-34-137.eu-west-1.compute.internal:39977/14 completed (2013-07-30 20:20:07)
Registration for worker at rmi://ip-10-33-34-137.eu-west-1.compute.internal:39977/0 completed (2013-07-30 20:20:07)
Registration for worker at rmi://ip-10-33-34-137.eu-west-1.compute.internal:39977/7 completed (2013-07-30 20:20:07)
Registration for worker at rmi://ip-10-33-34-137.eu-west-1.compute.internal:39977/2 completed (2013-07-30 20:20:07)
Registration for worker at rmi://ip-10-33-34-137.eu-west-1.compute.internal:39977/5 completed (2013-07-30 20:20:07)
Registration for worker at rmi://ip-10-33-34-137.eu-west-1.compute.internal:39977/4 completed (2013-07-30 20:20:07)
Registration for worker at rmi://ip-10-33-34-137.eu-west-1.compute.internal:39977/13 completed (2013-07-30 20:20:07)
Registration for worker at rmi://ip-10-33-48-10.eu-west-1.compute.internal:54962/30 completed (2013-07-30 20:20:07)
Registration for worker at rmi://ip-10-33-17-244.eu-west-1.compute.internal:39193/31 completed (2013-07-30 20:20:07)
Registration for worker at rmi://ip-10-33-17-244.eu-west-1.compute.internal:39193/30 completed (2013-07-30 20:20:07)
Registration for worker at rmi://ip-10-33-48-10.eu-west-1.compute.internal:54962/29 completed (2013-07-30 20:20:07)
Registration for worker at rmi://ip-10-33-48-10.eu-west-1.compute.internal:54962/27 completed (2013-07-30 20:20:07)
Registration for worker at rmi://ip-10-33-48-10.eu-west-1.compute.internal:54962/23 completed (2013-07-30 20:20:07)
Registration for worker at rmi://ip-10-33-48-10.eu-west-1.compute.internal:54962/12 completed (2013-07-30 20:20:07)
Registration for worker at rmi://ip-10-33-48-10.eu-west-1.compute.internal:54962/21 completed (2013-07-30 20:20:07)
Registration for worker at rmi://ip-10-33-48-10.eu-west-1.compute.internal:54962/4 completed (2013-07-30 20:20:07)
Registration for worker at rmi://ip-10-33-48-10.eu-west-1.compute.internal:54962/22 completed (2013-07-30 20:20:07)
Registration for worker at rmi://ip-10-33-48-10.eu-west-1.compute.internal:54962/18 completed (2013-07-30 20:20:07)
Registration for worker at rmi://ip-10-33-17-244.eu-west-1.compute.internal:39193/26 completed (2013-07-30 20:20:07)
Registration for worker at rmi://ip-10-33-48-10.eu-west-1.compute.internal:54962/25 completed (2013-07-30 20:20:07)
Registration for worker at rmi://ip-10-33-48-10.eu-west-1.compute.internal:54962/24 completed (2013-07-30 20:20:07)
Registration for worker at rmi://ip-10-33-17-244.eu-west-1.compute.internal:39193/27 completed (2013-07-30 20:20:07)
Registration for worker at rmi://ip-10-33-17-212.eu-west-1.compute.internal:41030/18 completed (2013-07-30 20:20:07)
Registration for worker at rmi://ip-10-33-17-212.eu-west-1.compute.internal:41030/26 completed (2013-07-30 20:20:07)
Registration for worker at rmi://ip-10-33-17-212.eu-west-1.compute.internal:41030/25 completed (2013-07-30 20:20:07)
Registration for worker at rmi://ip-10-33-17-212.eu-west-1.compute.internal:41030/28 completed (2013-07-30 20:20:07)
Registration for worker at rmi://ip-10-33-17-212.eu-west-1.compute.internal:41030/27 completed (2013-07-30 20:20:07)
Registration for worker at rmi://ip-10-33-17-212.eu-west-1.compute.internal:41030/22 completed (2013-07-30 20:20:07)
Registration for worker at rmi://ip-10-33-48-10.eu-west-1.compute.internal:54962/5 completed (2013-07-30 20:20:07)
Registration for worker at rmi://ip-10-33-48-10.eu-west-1.compute.internal:54962/11 completed (2013-07-30 20:20:07)
Registration for worker at rmi://ip-10-33-48-10.eu-west-1.compute.internal:54962/2 completed (2013-07-30 20:20:07)
Registration for worker at rmi://ip-10-33-48-10.eu-west-1.compute.internal:54962/13 completed (2013-07-30 20:20:07)
Registration for worker at rmi://ip-10-33-48-10.eu-west-1.compute.internal:54962/20 completed (2013-07-30 20:20:07)
Registration for worker at rmi://ip-10-33-48-10.eu-west-1.compute.internal:54962/19 completed (2013-07-30 20:20:07)
Registration for worker at rmi://ip-10-33-48-10.eu-west-1.compute.internal:54962/7 completed (2013-07-30 20:20:07)
Registration for worker at rmi://ip-10-33-48-10.eu-west-1.compute.internal:54962/9 completed (2013-07-30 20:20:07)
Registration for worker at rmi://ip-10-33-48-10.eu-west-1.compute.internal:54962/14 completed (2013-07-30 20:20:07)
Registration for worker at rmi://ip-10-33-48-10.eu-west-1.compute.internal:54962/0 completed (2013-07-30 20:20:07)
Registration for worker at rmi://ip-10-33-48-10.eu-west-1.compute.internal:54962/10 completed (2013-07-30 20:20:07)
Registration for worker at rmi://ip-10-33-17-212.eu-west-1.compute.internal:41030/0 completed (2013-07-30 20:20:07)
Registration for worker at rmi://ip-10-33-17-212.eu-west-1.compute.internal:41030/29 completed (2013-07-30 20:20:07)
Registration for worker at rmi://ip-10-33-48-10.eu-west-1.compute.internal:54962/31 completed (2013-07-30 20:20:07)
Registration for worker at rmi://ip-10-33-17-212.eu-west-1.compute.internal:41030/30 completed (2013-07-30 20:20:07)
Registration for worker at rmi://ip-10-33-17-212.eu-west-1.compute.internal:41030/24 completed (2013-07-30 20:20:07)
Registration for worker at rmi://ip-10-33-48-10.eu-west-1.compute.internal:54962/17 completed (2013-07-30 20:20:07)
Registration for worker at rmi://ip-10-33-17-244.eu-west-1.compute.internal:39193/28 completed (2013-07-30 20:20:07)
Registration for worker at rmi://ip-10-33-17-212.eu-west-1.compute.internal:41030/11 completed (2013-07-30 20:20:07)
Registration for worker at rmi://ip-10-33-48-10.eu-west-1.compute.internal:54962/15 completed (2013-07-30 20:20:07)
Registration for worker at rmi://ip-10-33-48-10.eu-west-1.compute.internal:54962/16 completed (2013-07-30 20:20:07)
Registration for worker at rmi://ip-10-33-17-212.eu-west-1.compute.internal:41030/1 completed (2013-07-30 20:20:07)
Registration for worker at rmi://ip-10-33-17-212.eu-west-1.compute.internal:41030/6 completed (2013-07-30 20:20:07)
Progress(32) at 2013-07-30 20:21:05: 80577547 states generated (80,577,547 s/min), 8226282 distinct states found (8,226,282 ds/min), 2409154 states left on queue.
Progress(33) at 2013-07-30 20:22:05: 195980290 states generated (115,402,743 s/min), 15233017 distinct states found (7,006,735 ds/min), 1612475 states left on queue.
Worker: rmi://ip-10-33-20-134.eu-west-1.compute.internal:42112/6 Sent: 64310 Rcvd: 6130 CacheRatio: 0.02 (2013-07-30 20:22:30)
Worker: rmi://ip-10-33-34-137.eu-west-1.compute.internal:39977/20 Sent: 69095 Rcvd: 8625 CacheRatio: 0.02 (2013-07-30 20:22:30)
Worker: rmi://ip-10-33-17-212.eu-west-1.compute.internal:41030/28 Sent: 64589 Rcvd: 7279 CacheRatio: 0.02 (2013-07-30 20:22:30)
Worker: rmi://ip-10-33-34-137.eu-west-1.compute.internal:39977/23 Sent: 66360 Rcvd: 10272 CacheRatio: 0.03 (2013-07-30 20:22:30)
Worker: rmi://ip-10-33-18-95.eu-west-1.compute.internal:41861/30 Sent: 67887 Rcvd: 7249 CacheRatio: 0.02 (2013-07-30 20:22:30)
Worker: rmi://ip-10-33-20-134.eu-west-1.compute.internal:42112/20 Sent: 64108 Rcvd: 8221 CacheRatio: 0.02 (2013-07-30 20:22:30)
Worker: rmi://ip-10-33-48-130.eu-west-1.compute.internal:47480/19 Sent: 67443 Rcvd: 12483 CacheRatio: 0.02 (2013-07-30 20:22:30)
Worker: rmi://ip-10-33-34-137.eu-west-1.compute.internal:39977/11 Sent: 67484 Rcvd: 9885 CacheRatio: 0.02 (2013-07-30 20:22:30)
Worker: rmi://ip-10-33-17-244.eu-west-1.compute.internal:39193/30 Sent: 67604 Rcvd: 5930 CacheRatio: 0.02 (2013-07-30 20:22:30)
Worker: rmi://ip-10-33-17-212.eu-west-1.compute.internal:41030/25 Sent: 64685 Rcvd: 7499 CacheRatio: 0.02 (2013-07-30 20:22:30)
Worker: rmi://ip-10-33-17-212.eu-west-1.compute.internal:41030/26 Sent: 63886 Rcvd: 8107 CacheRatio: 0.02 (2013-07-30 20:22:30)
Worker: rmi://ip-10-33-48-10.eu-west-1.compute.internal:54962/27 Sent: 64518 Rcvd: 5566 CacheRatio: 0.02 (2013-07-30 20:22:30)
Worker: rmi://ip-10-33-18-95.eu-west-1.compute.internal:41861/24 Sent: 65942 Rcvd: 10753 CacheRatio: 0.02 (2013-07-30 20:22:30)
Worker: rmi://ip-10-33-48-130.eu-west-1.compute.internal:47480/22 Sent: 70445 Rcvd: 9592 CacheRatio: 0.02 (2013-07-30 20:22:30)
Worker: rmi://ip-10-33-20-134.eu-west-1.compute.internal:42112/12 Sent: 63708 Rcvd: 8374 CacheRatio: 0.02 (2013-07-30 20:22:30)
Worker: rmi://ip-10-33-48-10.eu-west-1.compute.internal:54962/13 Sent: 65997 Rcvd: 7741 CacheRatio: 0.02 (2013-07-30 20:22:30)
Worker: rmi://ip-10-33-48-10.eu-west-1.compute.internal:54962/24 Sent: 63795 Rcvd: 6955 CacheRatio: 0.02 (2013-07-30 20:22:30)
Worker: rmi://ip-10-33-48-130.eu-west-1.compute.internal:47480/21 Sent: 68566 Rcvd: 10909 CacheRatio: 0.02 (2013-07-30 20:22:30)
Worker: rmi://ip-10-33-48-10.eu-west-1.compute.internal:54962/6 Sent: 65210 Rcvd: 9805 CacheRatio: 0.02 (2013-07-30 20:22:30)
Worker: rmi://ip-10-33-34-137.eu-west-1.compute.internal:39977/25 Sent: 68444 Rcvd: 7579 CacheRatio: 0.02 (2013-07-30 20:22:30)
Worker: rmi://ip-10-33-48-10.eu-west-1.compute.internal:54962/23 Sent: 64268 Rcvd: 8671 CacheRatio: 0.02 (2013-07-30 20:22:30)
Worker: rmi://ip-10-33-20-134.eu-west-1.compute.internal:42112/14 Sent: 63208 Rcvd: 8701 CacheRatio: 0.02 (2013-07-30 20:22:30)
Worker: rmi://ip-10-33-20-134.eu-west-1.compute.internal:42112/15 Sent: 63851 Rcvd: 7267 CacheRatio: 0.02 (2013-07-30 20:22:30)
Worker: rmi://ip-10-33-48-130.eu-west-1.compute.internal:47480/4 Sent: 67492 Rcvd: 11785 CacheRatio: 0.02 (2013-07-30 20:22:30)
Worker: rmi://ip-10-33-48-130.eu-west-1.compute.internal:47480/17 Sent: 69676 Rcvd: 11612 CacheRatio: 0.02 (2013-07-30 20:22:30)
Worker: rmi://ip-10-33-34-136.eu-west-1.compute.internal:59072/22 Sent: 63261 Rcvd: 6108 CacheRatio: 0.02 (2013-07-30 20:22:30)
Worker: rmi://ip-10-33-34-137.eu-west-1.compute.internal:39977/15 Sent: 67979 Rcvd: 13928 CacheRatio: 0.02 (2013-07-30 20:22:30)
Worker: rmi://ip-10-33-34-136.eu-west-1.compute.internal:59072/26 Sent: 61380 Rcvd: 4600 CacheRatio: 0.02 (2013-07-30 20:22:30)
Worker: rmi://ip-10-33-48-10.eu-west-1.compute.internal:54962/11 Sent: 64872 Rcvd: 6189 CacheRatio: 0.02 (2013-07-30 20:22:30)
Worker: rmi://ip-10-33-20-134.eu-west-1.compute.internal:42112/3 Sent: 63802 Rcvd: 6308 CacheRatio: 0.02 (2013-07-30 20:22:30)
Worker: rmi://ip-10-33-18-95.eu-west-1.compute.internal:41861/23 Sent: 66683 Rcvd: 11144 CacheRatio: 0.02 (2013-07-30 20:22:30)
Worker: rmi://ip-10-33-18-95.eu-west-1.compute.internal:41861/7 Sent: 66963 Rcvd: 7960 CacheRatio: 0.02 (2013-07-30 20:22:30)
Worker: rmi://ip-10-33-20-134.eu-west-1.compute.internal:42112/31 Sent: 65271 Rcvd: 7462 CacheRatio: 0.02 (2013-07-30 20:22:30)
Worker: rmi://ip-10-33-17-244.eu-west-1.compute.internal:39193/19 Sent: 65905 Rcvd: 9055 CacheRatio: 0.02 (2013-07-30 20:22:30)
Worker: rmi://ip-10-33-17-212.eu-west-1.compute.internal:41030/31 Sent: 65326 Rcvd: 9088 CacheRatio: 0.02 (2013-07-30 20:22:30)
Worker: rmi://ip-10-33-34-136.eu-west-1.compute.internal:59072/8 Sent: 61317 Rcvd: 6612 CacheRatio: 0.02 (2013-07-30 20:22:30)
Worker: rmi://ip-10-33-17-244.eu-west-1.compute.internal:39193/23 Sent: 64325 Rcvd: 8579 CacheRatio: 0.02 (2013-07-30 20:22:30)
Worker: rmi://ip-10-33-34-137.eu-west-1.compute.internal:39977/21 Sent: 66047 Rcvd: 7704 CacheRatio: 0.02 (2013-07-30 20:22:30)
Worker: rmi://ip-10-33-48-130.eu-west-1.compute.internal:47480/31 Sent: 69822 Rcvd: 12790 CacheRatio: 0.02 (2013-07-30 20:22:30)
Worker: rmi://ip-10-33-17-244.eu-west-1.compute.internal:39193/27 Sent: 64433 Rcvd: 5483 CacheRatio: 0.02 (2013-07-30 20:22:30)
Worker: rmi://ip-10-33-34-136.eu-west-1.compute.internal:59072/28 Sent: 64537 Rcvd: 5993 CacheRatio: 0.02 (2013-07-30 20:22:30)
Worker: rmi://ip-10-33-34-136.eu-west-1.compute.internal:59072/21 Sent: 62578 Rcvd: 4428 CacheRatio: 0.02 (2013-07-30 20:22:30)
Worker: rmi://ip-10-33-18-95.eu-west-1.compute.internal:41861/31 Sent: 66199 Rcvd: 8108 CacheRatio: 0.01 (2013-07-30 20:22:30)
Worker: rmi://ip-10-33-17-244.eu-west-1.compute.internal:39193/3 Sent: 64638 Rcvd: 8036 CacheRatio: 0.02 (2013-07-30 20:22:30)
Worker: rmi://ip-10-33-48-10.eu-west-1.compute.internal:54962/16 Sent: 65638 Rcvd: 8516 CacheRatio: 0.02 (2013-07-30 20:22:30)
Worker: rmi://ip-10-33-17-244.eu-west-1.compute.internal:39193/14 Sent: 66163 Rcvd: 6326 CacheRatio: 0.02 (2013-07-30 20:22:30)
Worker: rmi://ip-10-33-48-10.eu-west-1.compute.internal:54962/30 Sent: 66117 Rcvd: 9527 CacheRatio: 0.03 (2013-07-30 20:22:30)
Worker: rmi://ip-10-33-34-136.eu-west-1.compute.internal:59072/31 Sent: 63411 Rcvd: 4018 CacheRatio: 0.02 (2013-07-30 20:22:30)
Worker: rmi://ip-10-33-17-212.eu-west-1.compute.internal:41030/17 Sent: 66956 Rcvd: 9026 CacheRatio: 0.02 (2013-07-30 20:22:30)
Worker: rmi://ip-10-33-48-10.eu-west-1.compute.internal:54962/26 Sent: 66293 Rcvd: 5523 CacheRatio: 0.02 (2013-07-30 20:22:30)
Worker: rmi://ip-10-33-17-244.eu-west-1.compute.internal:39193/12 Sent: 64916 Rcvd: 5981 CacheRatio: 0.02 (2013-07-30 20:22:30)
Worker: rmi://ip-10-33-34-137.eu-west-1.compute.internal:39977/9 Sent: 67548 Rcvd: 12095 CacheRatio: 0.02 (2013-07-30 20:22:30)
Worker: rmi://ip-10-33-17-212.eu-west-1.compute.internal:41030/13 Sent: 63810 Rcvd: 8725 CacheRatio: 0.02 (2013-07-30 20:22:30)
Worker: rmi://ip-10-33-34-136.eu-west-1.compute.internal:59072/27 Sent: 61090 Rcvd: 3682 CacheRatio: 0.02 (2013-07-30 20:22:30)
Worker: rmi://ip-10-33-48-10.eu-west-1.compute.internal:54962/7 Sent: 62906 Rcvd: 7577 CacheRatio: 0.02 (2013-07-30 20:22:30)
Worker: rmi://ip-10-33-34-137.eu-west-1.compute.internal:39977/22 Sent: 67536 Rcvd: 9033 CacheRatio: 0.02 (2013-07-30 20:22:30)
Worker: rmi://ip-10-33-17-244.eu-west-1.compute.internal:39193/20 Sent: 65739 Rcvd: 7879 CacheRatio: 0.02 (2013-07-30 20:22:30)
Worker: rmi://ip-10-33-48-130.eu-west-1.compute.internal:47480/28 Sent: 65890 Rcvd: 13833 CacheRatio: 0.02 (2013-07-30 20:22:30)
Worker: rmi://ip-10-33-34-136.eu-west-1.compute.internal:59072/20 Sent: 61174 Rcvd: 4940 CacheRatio: 0.02 (2013-07-30 20:22:30)
Worker: rmi://ip-10-33-18-95.eu-west-1.compute.internal:41861/18 Sent: 66956 Rcvd: 9897 CacheRatio: 0.02 (2013-07-30 20:22:30)
Worker: rmi://ip-10-33-34-137.eu-west-1.compute.internal:39977/19 Sent: 70701 Rcvd: 11360 CacheRatio: 0.02 (2013-07-30 20:22:30)
Worker: rmi://ip-10-33-48-130.eu-west-1.compute.internal:47480/26 Sent: 67676 Rcvd: 12110 CacheRatio: 0.02 (2013-07-30 20:22:30)
Worker: rmi://ip-10-33-34-137.eu-west-1.compute.internal:39977/1 Sent: 67415 Rcvd: 11238 CacheRatio: 0.01 (2013-07-30 20:22:30)
Worker: rmi://ip-10-33-17-212.eu-west-1.compute.internal:41030/7 Sent: 64345 Rcvd: 6257 CacheRatio: 0.02 (2013-07-30 20:22:30)
Worker: rmi://ip-10-33-48-10.eu-west-1.compute.internal:54962/22 Sent: 65150 Rcvd: 6961 CacheRatio: 0.02 (2013-07-30 20:22:30)
Worker: rmi://ip-10-33-34-137.eu-west-1.compute.internal:39977/7 Sent: 66850 Rcvd: 10124 CacheRatio: 0.02 (2013-07-30 20:22:30)
Worker: rmi://ip-10-33-34-137.eu-west-1.compute.internal:39977/17 Sent: 67340 Rcvd: 9376 CacheRatio: 0.02 (2013-07-30 20:22:30)
Worker: rmi://ip-10-33-34-137.eu-west-1.compute.internal:39977/16 Sent: 68826 Rcvd: 9278 CacheRatio: 0.02 (2013-07-30 20:22:30)
Worker: rmi://ip-10-33-48-130.eu-west-1.compute.internal:47480/24 Sent: 66452 Rcvd: 10497 CacheRatio: 0.02 (2013-07-30 20:22:30)
Worker: rmi://ip-10-33-34-137.eu-west-1.compute.internal:39977/0 Sent: 67391 Rcvd: 11490 CacheRatio: 0.02 (2013-07-30 20:22:30)
Worker: rmi://ip-10-33-18-95.eu-west-1.compute.internal:41861/3 Sent: 66042 Rcvd: 11903 CacheRatio: 0.02 (2013-07-30 20:22:30)
Worker: rmi://ip-10-33-20-134.eu-west-1.compute.internal:42112/13 Sent: 64321 Rcvd: 7032 CacheRatio: 0.02 (2013-07-30 20:22:30)
Worker: rmi://ip-10-33-17-244.eu-west-1.compute.internal:39193/28 Sent: 64746 Rcvd: 5463 CacheRatio: 0.02 (2013-07-30 20:22:30)
Worker: rmi://ip-10-33-34-137.eu-west-1.compute.internal:39977/6 Sent: 67617 Rcvd: 10889 CacheRatio: 0.02 (2013-07-30 20:22:30)
Worker: rmi://ip-10-33-17-212.eu-west-1.compute.internal:41030/12 Sent: 65071 Rcvd: 8647 CacheRatio: 0.02 (2013-07-30 20:22:30)
Worker: rmi://ip-10-33-48-130.eu-west-1.compute.internal:47480/13 Sent: 67805 Rcvd: 8983 CacheRatio: 0.02 (2013-07-30 20:22:30)
Worker: rmi://ip-10-33-17-244.eu-west-1.compute.internal:39193/21 Sent: 67774 Rcvd: 8829 CacheRatio: 0.02 (2013-07-30 20:22:30)
Worker: rmi://ip-10-33-17-244.eu-west-1.compute.internal:39193/7 Sent: 67363 Rcvd: 7934 CacheRatio: 0.02 (2013-07-30 20:22:30)
Worker: rmi://ip-10-33-18-95.eu-west-1.compute.internal:41861/10 Sent: 65458 Rcvd: 11227 CacheRatio: 0.02 (2013-07-30 20:22:30)
Worker: rmi://ip-10-33-34-137.eu-west-1.compute.internal:39977/24 Sent: 68205 Rcvd: 14178 CacheRatio: 0.02 (2013-07-30 20:22:30)
Worker: rmi://ip-10-33-20-134.eu-west-1.compute.internal:42112/29 Sent: 66133 Rcvd: 14411 CacheRatio: 0.02 (2013-07-30 20:22:30)
Worker: rmi://ip-10-33-17-212.eu-west-1.compute.internal:41030/20 Sent: 64632 Rcvd: 9078 CacheRatio: 0.02 (2013-07-30 20:22:30)
Worker: rmi://ip-10-33-20-134.eu-west-1.compute.internal:42112/18 Sent: 64470 Rcvd: 7784 CacheRatio: 0.01 (2013-07-30 20:22:30)
Worker: rmi://ip-10-33-48-10.eu-west-1.compute.internal:54962/29 Sent: 64231 Rcvd: 7347 CacheRatio: 0.02 (2013-07-30 20:22:30)
Worker: rmi://ip-10-33-18-95.eu-west-1.compute.internal:41861/0 Sent: 66074 Rcvd: 13552 CacheRatio: 0.02 (2013-07-30 20:22:30)
Worker: rmi://ip-10-33-20-134.eu-west-1.compute.internal:42112/1 Sent: 63474 Rcvd: 6189 CacheRatio: 0.02 (2013-07-30 20:22:30)
Worker: rmi://ip-10-33-34-136.eu-west-1.compute.internal:59072/0 Sent: 60983 Rcvd: 6560 CacheRatio: 0.02 (2013-07-30 20:22:30)
Worker: rmi://ip-10-33-17-212.eu-west-1.compute.internal:41030/21 Sent: 66970 Rcvd: 6043 CacheRatio: 0.02 (2013-07-30 20:22:30)
Worker: rmi://ip-10-33-34-137.eu-west-1.compute.internal:39977/8 Sent: 67975 Rcvd: 11228 CacheRatio: 0.02 (2013-07-30 20:22:30)
Worker: rmi://ip-10-33-34-137.eu-west-1.compute.internal:39977/10 Sent: 68474 Rcvd: 9200 CacheRatio: 0.02 (2013-07-30 20:22:30)
Worker: rmi://ip-10-33-18-95.eu-west-1.compute.internal:41861/13 Sent: 66428 Rcvd: 10122 CacheRatio: 0.02 (2013-07-30 20:22:30)
Worker: rmi://ip-10-33-34-136.eu-west-1.compute.internal:59072/23 Sent: 64567 Rcvd: 6065 CacheRatio: 0.02 (2013-07-30 20:22:30)
Worker: rmi://ip-10-33-20-134.eu-west-1.compute.internal:42112/5 Sent: 63488 Rcvd: 6720 CacheRatio: 0.02 (2013-07-30 20:22:30)
Worker: rmi://ip-10-33-34-136.eu-west-1.compute.internal:59072/1 Sent: 62349 Rcvd: 4485 CacheRatio: 0.02 (2013-07-30 20:22:30)
Worker: rmi://ip-10-33-17-244.eu-west-1.compute.internal:39193/13 Sent: 66806 Rcvd: 6046 CacheRatio: 0.02 (2013-07-30 20:22:30)
Worker: rmi://ip-10-33-48-10.eu-west-1.compute.internal:54962/2 Sent: 63421 Rcvd: 10596 CacheRatio: 0.02 (2013-07-30 20:22:30)
Worker: rmi://ip-10-33-48-130.eu-west-1.compute.internal:47480/2 Sent: 67023 Rcvd: 12316 CacheRatio: 0.02 (2013-07-30 20:22:30)
Worker: rmi://ip-10-33-18-95.eu-west-1.compute.internal:41861/6 Sent: 66086 Rcvd: 11201 CacheRatio: 0.03 (2013-07-30 20:22:30)
Worker: rmi://ip-10-33-34-136.eu-west-1.compute.internal:59072/5 Sent: 61335 Rcvd: 4760 CacheRatio: 0.02 (2013-07-30 20:22:30)
Worker: rmi://ip-10-33-17-212.eu-west-1.compute.internal:41030/1 Sent: 66276 Rcvd: 7899 CacheRatio: 0.02 (2013-07-30 20:22:30)
Worker: rmi://ip-10-33-20-134.eu-west-1.compute.internal:42112/28 Sent: 64534 Rcvd: 7150 CacheRatio: 0.02 (2013-07-30 20:22:30)
Worker: rmi://ip-10-33-48-10.eu-west-1.compute.internal:54962/10 Sent: 64325 Rcvd: 10064 CacheRatio: 0.02 (2013-07-30 20:22:30)
Worker: rmi://ip-10-33-48-10.eu-west-1.compute.internal:54962/0 Sent: 64218 Rcvd: 9125 CacheRatio: 0.02 (2013-07-30 20:22:30)
Worker: rmi://ip-10-33-48-10.eu-west-1.compute.internal:54962/14 Sent: 66668 Rcvd: 9873 CacheRatio: 0.02 (2013-07-30 20:22:30)
Worker: rmi://ip-10-33-17-212.eu-west-1.compute.internal:41030/23 Sent: 64253 Rcvd: 7874 CacheRatio: 0.02 (2013-07-30 20:22:30)
Worker: rmi://ip-10-33-17-244.eu-west-1.compute.internal:39193/8 Sent: 66608 Rcvd: 9122 CacheRatio: 0.02 (2013-07-30 20:22:30)
Worker: rmi://ip-10-33-20-134.eu-west-1.compute.internal:42112/30 Sent: 65076 Rcvd: 6634 CacheRatio: 0.02 (2013-07-30 20:22:30)
Worker: rmi://ip-10-33-17-244.eu-west-1.compute.internal:39193/6 Sent: 65676 Rcvd: 7148 CacheRatio: 0.02 (2013-07-30 20:22:30)
Worker: rmi://ip-10-33-17-212.eu-west-1.compute.internal:41030/24 Sent: 64789 Rcvd: 6313 CacheRatio: 0.03 (2013-07-30 20:22:30)
Worker: rmi://ip-10-33-17-212.eu-west-1.compute.internal:41030/10 Sent: 66622 Rcvd: 10432 CacheRatio: 0.02 (2013-07-30 20:22:30)
Worker: rmi://ip-10-33-17-212.eu-west-1.compute.internal:41030/18 Sent: 64236 Rcvd: 9899 CacheRatio: 0.03 (2013-07-30 20:22:30)
Worker: rmi://ip-10-33-34-137.eu-west-1.compute.internal:39977/26 Sent: 67946 Rcvd: 10279 CacheRatio: 0.02 (2013-07-30 20:22:30)
Worker: rmi://ip-10-33-48-130.eu-west-1.compute.internal:47480/11 Sent: 68696 Rcvd: 12755 CacheRatio: 0.02 (2013-07-30 20:22:30)
Worker: rmi://ip-10-33-48-130.eu-west-1.compute.internal:47480/16 Sent: 67445 Rcvd: 12760 CacheRatio: 0.02 (2013-07-30 20:22:30)
Worker: rmi://ip-10-33-18-95.eu-west-1.compute.internal:41861/5 Sent: 65214 Rcvd: 8263 CacheRatio: 0.02 (2013-07-30 20:22:30)
Worker: rmi://ip-10-33-17-244.eu-west-1.compute.internal:39193/15 Sent: 64876 Rcvd: 7868 CacheRatio: 0.02 (2013-07-30 20:22:30)
Worker: rmi://ip-10-33-34-137.eu-west-1.compute.internal:39977/29 Sent: 67782 Rcvd: 12192 CacheRatio: 0.02 (2013-07-30 20:22:30)
Worker: rmi://ip-10-33-34-136.eu-west-1.compute.internal:59072/29 Sent: 61103 Rcvd: 6840 CacheRatio: 0.02 (2013-07-30 20:22:30)
Worker: rmi://ip-10-33-17-244.eu-west-1.compute.internal:39193/9 Sent: 64748 Rcvd: 8940 CacheRatio: 0.02 (2013-07-30 20:22:30)
Worker: rmi://ip-10-33-48-130.eu-west-1.compute.internal:47480/8 Sent: 66721 Rcvd: 13665 CacheRatio: 0.02 (2013-07-30 20:22:30)
Worker: rmi://ip-10-33-34-136.eu-west-1.compute.internal:59072/3 Sent: 61980 Rcvd: 5098 CacheRatio: 0.02 (2013-07-30 20:22:30)
Worker: rmi://ip-10-33-48-130.eu-west-1.compute.internal:47480/15 Sent: 68246 Rcvd: 9896 CacheRatio: 0.02 (2013-07-30 20:22:30)
Worker: rmi://ip-10-33-34-137.eu-west-1.compute.internal:39977/31 Sent: 68860 Rcvd: 11201 CacheRatio: 0.02 (2013-07-30 20:22:30)
Worker: rmi://ip-10-33-17-212.eu-west-1.compute.internal:41030/2 Sent: 64693 Rcvd: 9983 CacheRatio: 0.02 (2013-07-30 20:22:30)
Worker: rmi://ip-10-33-17-212.eu-west-1.compute.internal:41030/11 Sent: 63852 Rcvd: 10186 CacheRatio: 0.02 (2013-07-30 20:22:30)
Worker: rmi://ip-10-33-17-244.eu-west-1.compute.internal:39193/18 Sent: 66163 Rcvd: 5782 CacheRatio: 0.02 (2013-07-30 20:22:30)
Worker: rmi://ip-10-33-48-130.eu-west-1.compute.internal:47480/5 Sent: 66936 Rcvd: 12376 CacheRatio: 0.02 (2013-07-30 20:22:30)
Worker: rmi://ip-10-33-34-136.eu-west-1.compute.internal:59072/2 Sent: 60296 Rcvd: 9751 CacheRatio: 0.02 (2013-07-30 20:22:30)
Worker: rmi://ip-10-33-18-95.eu-west-1.compute.internal:41861/27 Sent: 66756 Rcvd: 11429 CacheRatio: 0.02 (2013-07-30 20:22:30)
Worker: rmi://ip-10-33-17-212.eu-west-1.compute.internal:41030/30 Sent: 64553 Rcvd: 7223 CacheRatio: 0.02 (2013-07-30 20:22:30)
Worker: rmi://ip-10-33-48-130.eu-west-1.compute.internal:47480/10 Sent: 66532 Rcvd: 14385 CacheRatio: 0.02 (2013-07-30 20:22:30)
Worker: rmi://ip-10-33-48-10.eu-west-1.compute.internal:54962/18 Sent: 67989 Rcvd: 7762 CacheRatio: 0.03 (2013-07-30 20:22:30)
Worker: rmi://ip-10-33-20-134.eu-west-1.compute.internal:42112/27 Sent: 64683 Rcvd: 7960 CacheRatio: 0.02 (2013-07-30 20:22:30)
Worker: rmi://ip-10-33-20-134.eu-west-1.compute.internal:42112/16 Sent: 64122 Rcvd: 6649 CacheRatio: 0.01 (2013-07-30 20:22:30)
Worker: rmi://ip-10-33-17-212.eu-west-1.compute.internal:41030/22 Sent: 64804 Rcvd: 10784 CacheRatio: 0.02 (2013-07-30 20:22:30)
Worker: rmi://ip-10-33-17-244.eu-west-1.compute.internal:39193/5 Sent: 65033 Rcvd: 8009 CacheRatio: 0.02 (2013-07-30 20:22:30)
Worker: rmi://ip-10-33-48-10.eu-west-1.compute.internal:54962/21 Sent: 68172 Rcvd: 7528 CacheRatio: 0.02 (2013-07-30 20:22:30)
Worker: rmi://ip-10-33-34-137.eu-west-1.compute.internal:39977/18 Sent: 69345 Rcvd: 10982 CacheRatio: 0.02 (2013-07-30 20:22:30)
Worker: rmi://ip-10-33-18-95.eu-west-1.compute.internal:41861/22 Sent: 68785 Rcvd: 9469 CacheRatio: 0.02 (2013-07-30 20:22:30)
Worker: rmi://ip-10-33-18-95.eu-west-1.compute.internal:41861/28 Sent: 69044 Rcvd: 10497 CacheRatio: 0.02 (2013-07-30 20:22:30)
Worker: rmi://ip-10-33-17-244.eu-west-1.compute.internal:39193/4 Sent: 66230 Rcvd: 10017 CacheRatio: 0.02 (2013-07-30 20:22:30)
Worker: rmi://ip-10-33-18-95.eu-west-1.compute.internal:41861/14 Sent: 66139 Rcvd: 12248 CacheRatio: 0.02 (2013-07-30 20:22:30)
Worker: rmi://ip-10-33-34-136.eu-west-1.compute.internal:59072/19 Sent: 62037 Rcvd: 5668 CacheRatio: 0.02 (2013-07-30 20:22:30)
Worker: rmi://ip-10-33-48-130.eu-west-1.compute.internal:47480/1 Sent: 68908 Rcvd: 12222 CacheRatio: 0.03 (2013-07-30 20:22:30)
Worker: rmi://ip-10-33-48-130.eu-west-1.compute.internal:47480/20 Sent: 67395 Rcvd: 8800 CacheRatio: 0.02 (2013-07-30 20:22:30)
Worker: rmi://ip-10-33-18-95.eu-west-1.compute.internal:41861/15 Sent: 65284 Rcvd: 8663 CacheRatio: 0.02 (2013-07-30 20:22:30)
Worker: rmi://ip-10-33-34-137.eu-west-1.compute.internal:39977/30 Sent: 68495 Rcvd: 8982 CacheRatio: 0.02 (2013-07-30 20:22:30)
Worker: rmi://ip-10-33-17-244.eu-west-1.compute.internal:39193/1 Sent: 66216 Rcvd: 8332 CacheRatio: 0.02 (2013-07-30 20:22:30)
Worker: rmi://ip-10-33-17-212.eu-west-1.compute.internal:41030/5 Sent: 63998 Rcvd: 7123 CacheRatio: 0.03 (2013-07-30 20:22:30)
Worker: rmi://ip-10-33-48-130.eu-west-1.compute.internal:47480/6 Sent: 67387 Rcvd: 12627 CacheRatio: 0.02 (2013-07-30 20:22:30)
Worker: rmi://ip-10-33-17-212.eu-west-1.compute.internal:41030/0 Sent: 64883 Rcvd: 7360 CacheRatio: 0.02 (2013-07-30 20:22:30)
Worker: rmi://ip-10-33-48-130.eu-west-1.compute.internal:47480/29 Sent: 66919 Rcvd: 10103 CacheRatio: 0.02 (2013-07-30 20:22:30)
Worker: rmi://ip-10-33-34-136.eu-west-1.compute.internal:59072/11 Sent: 62967 Rcvd: 6038 CacheRatio: 0.02 (2013-07-30 20:22:30)
Worker: rmi://ip-10-33-20-134.eu-west-1.compute.internal:42112/22 Sent: 65496 Rcvd: 6830 CacheRatio: 0.03 (2013-07-30 20:22:30)
Worker: rmi://ip-10-33-18-95.eu-west-1.compute.internal:41861/11 Sent: 66308 Rcvd: 10466 CacheRatio: 0.02 (2013-07-30 20:22:30)
Worker: rmi://ip-10-33-48-10.eu-west-1.compute.internal:54962/19 Sent: 66599 Rcvd: 6662 CacheRatio: 0.02 (2013-07-30 20:22:30)
Worker: rmi://ip-10-33-48-10.eu-west-1.compute.internal:54962/12 Sent: 64934 Rcvd: 10028 CacheRatio: 0.02 (2013-07-30 20:22:30)
Worker: rmi://ip-10-33-17-244.eu-west-1.compute.internal:39193/17 Sent: 65029 Rcvd: 4536 CacheRatio: 0.02 (2013-07-30 20:22:30)
Worker: rmi://ip-10-33-17-212.eu-west-1.compute.internal:41030/4 Sent: 63851 Rcvd: 5351 CacheRatio: 0.02 (2013-07-30 20:22:30)
Worker: rmi://ip-10-33-48-10.eu-west-1.compute.internal:54962/20 Sent: 64681 Rcvd: 6821 CacheRatio: 0.02 (2013-07-30 20:22:30)
Worker: rmi://ip-10-33-48-10.eu-west-1.compute.internal:54962/5 Sent: 65503 Rcvd: 8065 CacheRatio: 0.02 (2013-07-30 20:22:30)
Worker: rmi://ip-10-33-17-212.eu-west-1.compute.internal:41030/27 Sent: 65572 Rcvd: 4803 CacheRatio: 0.02 (2013-07-30 20:22:30)
Worker: rmi://ip-10-33-17-212.eu-west-1.compute.internal:41030/15 Sent: 66177 Rcvd: 5238 CacheRatio: 0.02 (2013-07-30 20:22:30)
Worker: rmi://ip-10-33-48-130.eu-west-1.compute.internal:47480/14 Sent: 67855 Rcvd: 9532 CacheRatio: 0.02 (2013-07-30 20:22:30)
Worker: rmi://ip-10-33-34-136.eu-west-1.compute.internal:59072/4 Sent: 60968 Rcvd: 5532 CacheRatio: 0.02 (2013-07-30 20:22:30)
Worker: rmi://ip-10-33-20-134.eu-west-1.compute.internal:42112/9 Sent: 63771 Rcvd: 7886 CacheRatio: 0.02 (2013-07-30 20:22:30)
Worker: rmi://ip-10-33-17-244.eu-west-1.compute.internal:39193/22 Sent: 66748 Rcvd: 8283 CacheRatio: 0.02 (2013-07-30 20:22:30)
Worker: rmi://ip-10-33-20-134.eu-west-1.compute.internal:42112/19 Sent: 65782 Rcvd: 4913 CacheRatio: 0.02 (2013-07-30 20:22:30)
Worker: rmi://ip-10-33-34-136.eu-west-1.compute.internal:59072/15 Sent: 63621 Rcvd: 5215 CacheRatio: 0.02 (2013-07-30 20:22:30)
Worker: rmi://ip-10-33-48-10.eu-west-1.compute.internal:54962/17 Sent: 64503 Rcvd: 6419 CacheRatio: 0.02 (2013-07-30 20:22:30)
Worker: rmi://ip-10-33-48-130.eu-west-1.compute.internal:47480/3 Sent: 66488 Rcvd: 9977 CacheRatio: 0.02 (2013-07-30 20:22:30)
Worker: rmi://ip-10-33-17-244.eu-west-1.compute.internal:39193/10 Sent: 65292 Rcvd: 7576 CacheRatio: 0.02 (2013-07-30 20:22:30)
Worker: rmi://ip-10-33-48-130.eu-west-1.compute.internal:47480/0 Sent: 67538 Rcvd: 10238 CacheRatio: 0.02 (2013-07-30 20:22:30)
Worker: rmi://ip-10-33-34-137.eu-west-1.compute.internal:39977/3 Sent: 66816 Rcvd: 12698 CacheRatio: 0.02 (2013-07-30 20:22:30)
Worker: rmi://ip-10-33-48-130.eu-west-1.compute.internal:47480/23 Sent: 67993 Rcvd: 11309 CacheRatio: 0.02 (2013-07-30 20:22:30)
Worker: rmi://ip-10-33-34-136.eu-west-1.compute.internal:59072/6 Sent: 61299 Rcvd: 6418 CacheRatio: 0.02 (2013-07-30 20:22:30)
Worker: rmi://ip-10-33-48-10.eu-west-1.compute.internal:54962/25 Sent: 63988 Rcvd: 8906 CacheRatio: 0.02 (2013-07-30 20:22:30)
Worker: rmi://ip-10-33-34-137.eu-west-1.compute.internal:39977/28 Sent: 67086 Rcvd: 9794 CacheRatio: 0.02 (2013-07-30 20:22:30)
Worker: rmi://ip-10-33-17-244.eu-west-1.compute.internal:39193/26 Sent: 65272 Rcvd: 6757 CacheRatio: 0.03 (2013-07-30 20:22:30)
Worker: rmi://ip-10-33-34-137.eu-west-1.compute.internal:39977/12 Sent: 66457 Rcvd: 8621 CacheRatio: 0.02 (2013-07-30 20:22:30)
Worker: rmi://ip-10-33-34-136.eu-west-1.compute.internal:59072/7 Sent: 61107 Rcvd: 5316 CacheRatio: 0.02 (2013-07-30 20:22:30)
Worker: rmi://ip-10-33-48-130.eu-west-1.compute.internal:47480/12 Sent: 68277 Rcvd: 11878 CacheRatio: 0.01 (2013-07-30 20:22:30)
Worker: rmi://ip-10-33-18-95.eu-west-1.compute.internal:41861/19 Sent: 66681 Rcvd: 10402 CacheRatio: 0.02 (2013-07-30 20:22:30)
Worker: rmi://ip-10-33-48-10.eu-west-1.compute.internal:54962/4 Sent: 64663 Rcvd: 5603 CacheRatio: 0.02 (2013-07-30 20:22:30)
Worker: rmi://ip-10-33-17-212.eu-west-1.compute.internal:41030/6 Sent: 64418 Rcvd: 6262 CacheRatio: 0.02 (2013-07-30 20:22:30)
Worker: rmi://ip-10-33-48-130.eu-west-1.compute.internal:47480/9 Sent: 69265 Rcvd: 11502 CacheRatio: 0.02 (2013-07-30 20:22:30)
Worker: rmi://ip-10-33-34-137.eu-west-1.compute.internal:39977/4 Sent: 70160 Rcvd: 7215 CacheRatio: 0.02 (2013-07-30 20:22:30)
Worker: rmi://ip-10-33-20-134.eu-west-1.compute.internal:42112/2 Sent: 66419 Rcvd: 5481 CacheRatio: 0.03 (2013-07-30 20:22:30)
Worker: rmi://ip-10-33-34-136.eu-west-1.compute.internal:59072/30 Sent: 61306 Rcvd: 5749 CacheRatio: 0.02 (2013-07-30 20:22:30)
Worker: rmi://ip-10-33-20-134.eu-west-1.compute.internal:42112/10 Sent: 64303 Rcvd: 7567 CacheRatio: 0.02 (2013-07-30 20:22:30)
Worker: rmi://ip-10-33-34-136.eu-west-1.compute.internal:59072/17 Sent: 64786 Rcvd: 4926 CacheRatio: 0.02 (2013-07-30 20:22:30)
Worker: rmi://ip-10-33-20-134.eu-west-1.compute.internal:42112/26 Sent: 63227 Rcvd: 6360 CacheRatio: 0.02 (2013-07-30 20:22:30)
Worker: rmi://ip-10-33-17-212.eu-west-1.compute.internal:41030/9 Sent: 65309 Rcvd: 9120 CacheRatio: 0.02 (2013-07-30 20:22:30)
Worker: rmi://ip-10-33-17-244.eu-west-1.compute.internal:39193/29 Sent: 67090 Rcvd: 10948 CacheRatio: 0.02 (2013-07-30 20:22:30)
Worker: rmi://ip-10-33-48-10.eu-west-1.compute.internal:54962/8 Sent: 65557 Rcvd: 8406 CacheRatio: 0.02 (2013-07-30 20:22:30)
Worker: rmi://ip-10-33-34-136.eu-west-1.compute.internal:59072/24 Sent: 61087 Rcvd: 4485 CacheRatio: 0.02 (2013-07-30 20:22:30)
Worker: rmi://ip-10-33-18-95.eu-west-1.compute.internal:41861/21 Sent: 65573 Rcvd: 12564 CacheRatio: 0.02 (2013-07-30 20:22:30)
Worker: rmi://ip-10-33-48-10.eu-west-1.compute.internal:54962/15 Sent: 64137 Rcvd: 10543 CacheRatio: 0.02 (2013-07-30 20:22:30)
Worker: rmi://ip-10-33-17-212.eu-west-1.compute.internal:41030/3 Sent: 64700 Rcvd: 8009 CacheRatio: 0.02 (2013-07-30 20:22:30)
Worker: rmi://ip-10-33-18-95.eu-west-1.compute.internal:41861/9 Sent: 66835 Rcvd: 9556 CacheRatio: 0.02 (2013-07-30 20:22:30)
Worker: rmi://ip-10-33-34-136.eu-west-1.compute.internal:59072/14 Sent: 60751 Rcvd: 6859 CacheRatio: 0.02 (2013-07-30 20:22:30)
Worker: rmi://ip-10-33-34-137.eu-west-1.compute.internal:39977/27 Sent: 68395 Rcvd: 9489 CacheRatio: 0.02 (2013-07-30 20:22:30)
Worker: rmi://ip-10-33-20-134.eu-west-1.compute.internal:42112/0 Sent: 65248 Rcvd: 5765 CacheRatio: 0.02 (2013-07-30 20:22:30)
Worker: rmi://ip-10-33-17-212.eu-west-1.compute.internal:41030/16 Sent: 64360 Rcvd: 4753 CacheRatio: 0.02 (2013-07-30 20:22:30)
Worker: rmi://ip-10-33-18-95.eu-west-1.compute.internal:41861/2 Sent: 66485 Rcvd: 9400 CacheRatio: 0.02 (2013-07-30 20:22:30)
Worker: rmi://ip-10-33-48-130.eu-west-1.compute.internal:47480/30 Sent: 66165 Rcvd: 13826 CacheRatio: 0.02 (2013-07-30 20:22:30)
Worker: rmi://ip-10-33-17-244.eu-west-1.compute.internal:39193/31 Sent: 65685 Rcvd: 6244 CacheRatio: 0.02 (2013-07-30 20:22:30)
Worker: rmi://ip-10-33-48-130.eu-west-1.compute.internal:47480/27 Sent: 66539 Rcvd: 12774 CacheRatio: 0.02 (2013-07-30 20:22:30)
Worker: rmi://ip-10-33-34-136.eu-west-1.compute.internal:59072/10 Sent: 61733 Rcvd: 4101 CacheRatio: 0.02 (2013-07-30 20:22:30)
Worker: rmi://ip-10-33-34-137.eu-west-1.compute.internal:39977/13 Sent: 67447 Rcvd: 12375 CacheRatio: 0.02 (2013-07-30 20:22:30)
Worker: rmi://ip-10-33-17-244.eu-west-1.compute.internal:39193/11 Sent: 64346 Rcvd: 7252 CacheRatio: 0.03 (2013-07-30 20:22:30)
Worker: rmi://ip-10-33-20-134.eu-west-1.compute.internal:42112/7 Sent: 63336 Rcvd: 10901 CacheRatio: 0.02 (2013-07-30 20:22:30)
Worker: rmi://ip-10-33-17-244.eu-west-1.compute.internal:39193/0 Sent: 65253 Rcvd: 9433 CacheRatio: 0.02 (2013-07-30 20:22:30)
Worker: rmi://ip-10-33-34-136.eu-west-1.compute.internal:59072/25 Sent: 61239 Rcvd: 5093 CacheRatio: 0.02 (2013-07-30 20:22:30)
Worker: rmi://ip-10-33-18-95.eu-west-1.compute.internal:41861/8 Sent: 66292 Rcvd: 11239 CacheRatio: 0.02 (2013-07-30 20:22:30)
Worker: rmi://ip-10-33-34-136.eu-west-1.compute.internal:59072/12 Sent: 61485 Rcvd: 4271 CacheRatio: 0.02 (2013-07-30 20:22:30)
Worker: rmi://ip-10-33-34-137.eu-west-1.compute.internal:39977/5 Sent: 66986 Rcvd: 13528 CacheRatio: 0.02 (2013-07-30 20:22:30)
Worker: rmi://ip-10-33-18-95.eu-west-1.compute.internal:41861/17 Sent: 68645 Rcvd: 8582 CacheRatio: 0.02 (2013-07-30 20:22:30)
Worker: rmi://ip-10-33-18-95.eu-west-1.compute.internal:41861/26 Sent: 67218 Rcvd: 9208 CacheRatio: 0.02 (2013-07-30 20:22:30)
Worker: rmi://ip-10-33-20-134.eu-west-1.compute.internal:42112/11 Sent: 66084 Rcvd: 8333 CacheRatio: 0.02 (2013-07-30 20:22:30)
Worker: rmi://ip-10-33-20-134.eu-west-1.compute.internal:42112/21 Sent: 64156 Rcvd: 8312 CacheRatio: 0.02 (2013-07-30 20:22:30)
Worker: rmi://ip-10-33-20-134.eu-west-1.compute.internal:42112/8 Sent: 65098 Rcvd: 7056 CacheRatio: 0.02 (2013-07-30 20:22:30)
Worker: rmi://ip-10-33-20-134.eu-west-1.compute.internal:42112/24 Sent: 63954 Rcvd: 4829 CacheRatio: 0.02 (2013-07-30 20:22:30)
Worker: rmi://ip-10-33-18-95.eu-west-1.compute.internal:41861/1 Sent: 65181 Rcvd: 6646 CacheRatio: 0.02 (2013-07-30 20:22:30)
Worker: rmi://ip-10-33-48-10.eu-west-1.compute.internal:54962/28 Sent: 63904 Rcvd: 9963 CacheRatio: 0.02 (2013-07-30 20:22:30)
Worker: rmi://ip-10-33-20-134.eu-west-1.compute.internal:42112/4 Sent: 65509 Rcvd: 7828 CacheRatio: 0.02 (2013-07-30 20:22:30)
Worker: rmi://ip-10-33-18-95.eu-west-1.compute.internal:41861/20 Sent: 69601 Rcvd: 11068 CacheRatio: 0.02 (2013-07-30 20:22:30)
Worker: rmi://ip-10-33-20-134.eu-west-1.compute.internal:42112/23 Sent: 64361 Rcvd: 8992 CacheRatio: 0.02 (2013-07-30 20:22:30)
Worker: rmi://ip-10-33-17-244.eu-west-1.compute.internal:39193/25 Sent: 64681 Rcvd: 7219 CacheRatio: 0.02 (2013-07-30 20:22:30)
Worker: rmi://ip-10-33-48-10.eu-west-1.compute.internal:54962/3 Sent: 65078 Rcvd: 11397 CacheRatio: 0.02 (2013-07-30 20:22:30)
Worker: rmi://ip-10-33-48-130.eu-west-1.compute.internal:47480/7 Sent: 66837 Rcvd: 10607 CacheRatio: 0.02 (2013-07-30 20:22:30)
Worker: rmi://ip-10-33-48-10.eu-west-1.compute.internal:54962/9 Sent: 66013 Rcvd: 9250 CacheRatio: 0.02 (2013-07-30 20:22:30)
Worker: rmi://ip-10-33-20-134.eu-west-1.compute.internal:42112/17 Sent: 63317 Rcvd: 10303 CacheRatio: 0.02 (2013-07-30 20:22:30)
Worker: rmi://ip-10-33-18-95.eu-west-1.compute.internal:41861/12 Sent: 65769 Rcvd: 10617 CacheRatio: 0.02 (2013-07-30 20:22:30)
Worker: rmi://ip-10-33-17-212.eu-west-1.compute.internal:41030/29 Sent: 64248 Rcvd: 8080 CacheRatio: 0.02 (2013-07-30 20:22:30)
Worker: rmi://ip-10-33-18-95.eu-west-1.compute.internal:41861/29 Sent: 65868 Rcvd: 11266 CacheRatio: 0.02 (2013-07-30 20:22:30)
Worker: rmi://ip-10-33-17-244.eu-west-1.compute.internal:39193/24 Sent: 65293 Rcvd: 10222 CacheRatio: 0.02 (2013-07-30 20:22:30)
Worker: rmi://ip-10-33-34-137.eu-west-1.compute.internal:39977/14 Sent: 68109 Rcvd: 9762 CacheRatio: 0.03 (2013-07-30 20:22:30)
Worker: rmi://ip-10-33-48-10.eu-west-1.compute.internal:54962/1 Sent: 63656 Rcvd: 7408 CacheRatio: 0.02 (2013-07-30 20:22:30)
Worker: rmi://ip-10-33-48-130.eu-west-1.compute.internal:47480/25 Sent: 67147 Rcvd: 12498 CacheRatio: 0.02 (2013-07-30 20:22:30)
Worker: rmi://ip-10-33-34-136.eu-west-1.compute.internal:59072/16 Sent: 60547 Rcvd: 5735 CacheRatio: 0.02 (2013-07-30 20:22:30)
Worker: rmi://ip-10-33-20-134.eu-west-1.compute.internal:42112/25 Sent: 63273 Rcvd: 8680 CacheRatio: 0.02 (2013-07-30 20:22:30)
Worker: rmi://ip-10-33-17-212.eu-west-1.compute.internal:41030/8 Sent: 64775 Rcvd: 7014 CacheRatio: 0.02 (2013-07-30 20:22:30)
Worker: rmi://ip-10-33-18-95.eu-west-1.compute.internal:41861/16 Sent: 72654 Rcvd: 9917 CacheRatio: 0.02 (2013-07-30 20:22:30)
Worker: rmi://ip-10-33-18-95.eu-west-1.compute.internal:41861/25 Sent: 66380 Rcvd: 10625 CacheRatio: 0.02 (2013-07-30 20:22:30)
Worker: rmi://ip-10-33-34-136.eu-west-1.compute.internal:59072/13 Sent: 60530 Rcvd: 5759 CacheRatio: 0.02 (2013-07-30 20:22:30)
Worker: rmi://ip-10-33-48-130.eu-west-1.compute.internal:47480/18 Sent: 69120 Rcvd: 12253 CacheRatio: 0.02 (2013-07-30 20:22:30)
Worker: rmi://ip-10-33-34-137.eu-west-1.compute.internal:39977/2 Sent: 66932 Rcvd: 8145 CacheRatio: 0.02 (2013-07-30 20:22:30)
Worker: rmi://ip-10-33-18-95.eu-west-1.compute.internal:41861/4 Sent: 67276 Rcvd: 8659 CacheRatio: 0.03 (2013-07-30 20:22:30)
Worker: rmi://ip-10-33-34-136.eu-west-1.compute.internal:59072/18 Sent: 61247 Rcvd: 5588 CacheRatio: 0.03 (2013-07-30 20:22:30)
Worker: rmi://ip-10-33-48-10.eu-west-1.compute.internal:54962/31 Sent: 64319 Rcvd: 7275 CacheRatio: 0.02 (2013-07-30 20:22:30)
Worker: rmi://ip-10-33-34-136.eu-west-1.compute.internal:59072/9 Sent: 61496 Rcvd: 6793 CacheRatio: 0.02 (2013-07-30 20:22:30)
Worker: rmi://ip-10-33-17-244.eu-west-1.compute.internal:39193/2 Sent: 65187 Rcvd: 10943 CacheRatio: 0.02 (2013-07-30 20:22:30)
Worker: rmi://ip-10-33-17-212.eu-west-1.compute.internal:41030/14 Sent: 64845 Rcvd: 6059 CacheRatio: 0.03 (2013-07-30 20:22:30)
Worker: rmi://ip-10-33-17-212.eu-west-1.compute.internal:41030/19 Sent: 64188 Rcvd: 7260 CacheRatio: 0.02 (2013-07-30 20:22:30)
Worker: rmi://ip-10-33-17-244.eu-west-1.compute.internal:39193/16 Sent: 65415 Rcvd: 7329 CacheRatio: 0.02 (2013-07-30 20:22:30)
Model checking completed. No error has been found.
  Estimates of the probability that TLC did not check all reachable states
  because two distinct states had the same fingerprint:
  calculated (optimistic):  val = 8.3E-5
  based on the actual fingerprints:  val = 3.0E-11
241663117 states generated, 16777216 distinct states found, 0 states left on queue.
The depth of the complete state graph search is 47.
Finished. (2013-07-30 20:22:36)
