Listening for transport dt_socket at address: 1044
TLC Server Version 2.05 of 7 November 2012
Parsing file /mnt/tlc/21997/spec/l4_n10.tla
Parsing file /mnt/tlc/21997/spec/GridPerformanceTest.tla
Parsing file /mnt/tlc/21997/tla/tla2sany/StandardModules/TLC.tla
Parsing file /mnt/tlc/21997/tla/tla2sany/StandardModules/Integers.tla
Parsing file /mnt/tlc/21997/tla/tla2sany/StandardModules/FiniteSets.tla
Parsing file /mnt/tlc/21997/tla/tla2sany/StandardModules/Naturals.tla
Parsing file /mnt/tlc/21997/tla/tla2sany/StandardModules/Sequences.tla
Semantic processing of module Naturals
Semantic processing of module Integers
Semantic processing of module Sequences
Semantic processing of module FiniteSets
Semantic processing of module GridPerformanceTest
Semantic processing of module TLC
Semantic processing of module l4_n10
Starting... (2012-12-16 12:09:05)
Computing initial states...
Finished computing initial states: 1 distinct state(s) generated.
TLC server at ip-10-33-3-99 is ready (2012-12-16 12:09:05)
Waiting for 8 FPSet server(s) to register (2012-12-16 12:09:05)
1 out of 8 FPSet server(s) registered (2012-12-16 12:09:15)
2 out of 8 FPSet server(s) registered (2012-12-16 12:09:15)
3 out of 8 FPSet server(s) registered (2012-12-16 12:09:16)
4 out of 8 FPSet server(s) registered (2012-12-16 12:09:16)
5 out of 8 FPSet server(s) registered (2012-12-16 12:09:16)
6 out of 8 FPSet server(s) registered (2012-12-16 12:09:16)
7 out of 8 FPSet server(s) registered (2012-12-16 12:09:16)
8 out of 8 FPSet server(s) registered (2012-12-16 12:09:22)
Registration for worker at rmi://ip-10-33-2-249.eu-west-1.compute.internal:40320/11 completed (2012-12-16 12:09:23)
Registration for worker at rmi://ip-10-33-2-249.eu-west-1.compute.internal:40320/30 completed (2012-12-16 12:09:23)
Registration for worker at rmi://ip-10-33-2-249.eu-west-1.compute.internal:40320/15 completed (2012-12-16 12:09:23)
Registration for worker at rmi://ip-10-33-2-249.eu-west-1.compute.internal:40320/29 completed (2012-12-16 12:09:23)
Registration for worker at rmi://ip-10-33-2-249.eu-west-1.compute.internal:40320/2 completed (2012-12-16 12:09:23)
Registration for worker at rmi://ip-10-33-2-249.eu-west-1.compute.internal:40320/8 completed (2012-12-16 12:09:23)
Registration for worker at rmi://ip-10-33-2-249.eu-west-1.compute.internal:40320/22 completed (2012-12-16 12:09:23)
Registration for worker at rmi://ip-10-33-2-249.eu-west-1.compute.internal:40320/16 completed (2012-12-16 12:09:23)
Registration for worker at rmi://ip-10-33-2-249.eu-west-1.compute.internal:40320/12 completed (2012-12-16 12:09:23)
Registration for worker at rmi://ip-10-33-2-249.eu-west-1.compute.internal:40320/14 completed (2012-12-16 12:09:23)
Registration for worker at rmi://ip-10-33-2-249.eu-west-1.compute.internal:40320/0 completed (2012-12-16 12:09:23)
Registration for worker at rmi://ip-10-33-2-249.eu-west-1.compute.internal:40320/19 completed (2012-12-16 12:09:23)
Registration for worker at rmi://ip-10-33-2-249.eu-west-1.compute.internal:40320/20 completed (2012-12-16 12:09:23)
Registration for worker at rmi://ip-10-33-2-249.eu-west-1.compute.internal:40320/18 completed (2012-12-16 12:09:23)
Registration for worker at rmi://ip-10-33-2-249.eu-west-1.compute.internal:40320/26 completed (2012-12-16 12:09:23)
Registration for worker at rmi://ip-10-33-2-249.eu-west-1.compute.internal:40320/24 completed (2012-12-16 12:09:23)
Registration for worker at rmi://ip-10-33-2-249.eu-west-1.compute.internal:40320/6 completed (2012-12-16 12:09:23)
Registration for worker at rmi://ip-10-33-2-249.eu-west-1.compute.internal:40320/28 completed (2012-12-16 12:09:23)
Registration for worker at rmi://ip-10-33-2-249.eu-west-1.compute.internal:40320/1 completed (2012-12-16 12:09:23)
Registration for worker at rmi://ip-10-33-2-249.eu-west-1.compute.internal:40320/21 completed (2012-12-16 12:09:23)
Registration for worker at rmi://ip-10-33-2-249.eu-west-1.compute.internal:40320/7 completed (2012-12-16 12:09:23)
Registration for worker at rmi://ip-10-33-2-249.eu-west-1.compute.internal:40320/4 completed (2012-12-16 12:09:23)
Registration for worker at rmi://ip-10-33-2-249.eu-west-1.compute.internal:40320/17 completed (2012-12-16 12:09:23)
Registration for worker at rmi://ip-10-33-2-249.eu-west-1.compute.internal:40320/27 completed (2012-12-16 12:09:23)
Registration for worker at rmi://ip-10-33-2-249.eu-west-1.compute.internal:40320/3 completed (2012-12-16 12:09:24)
Registration for worker at rmi://ip-10-33-2-249.eu-west-1.compute.internal:40320/31 completed (2012-12-16 12:09:24)
Registration for worker at rmi://ip-10-33-2-249.eu-west-1.compute.internal:40320/10 completed (2012-12-16 12:09:24)
Registration for worker at rmi://ip-10-33-2-249.eu-west-1.compute.internal:40320/13 completed (2012-12-16 12:09:24)
Registration for worker at rmi://ip-10-33-2-249.eu-west-1.compute.internal:40320/9 completed (2012-12-16 12:09:24)
Registration for worker at rmi://ip-10-33-2-249.eu-west-1.compute.internal:40320/23 completed (2012-12-16 12:09:24)
Registration for worker at rmi://ip-10-33-2-249.eu-west-1.compute.internal:40320/25 completed (2012-12-16 12:09:24)
Registration for worker at rmi://ip-10-33-2-249.eu-west-1.compute.internal:40320/5 completed (2012-12-16 12:09:24)
Registration for worker at rmi://ip-10-33-3-96.eu-west-1.compute.internal:43122/16 completed (2012-12-16 12:09:24)
Registration for worker at rmi://ip-10-33-3-96.eu-west-1.compute.internal:43122/30 completed (2012-12-16 12:09:24)
Registration for worker at rmi://ip-10-33-3-96.eu-west-1.compute.internal:43122/8 completed (2012-12-16 12:09:24)
Registration for worker at rmi://ip-10-33-3-96.eu-west-1.compute.internal:43122/2 completed (2012-12-16 12:09:24)
Registration for worker at rmi://ip-10-33-3-96.eu-west-1.compute.internal:43122/1 completed (2012-12-16 12:09:24)
Registration for worker at rmi://ip-10-33-3-96.eu-west-1.compute.internal:43122/4 completed (2012-12-16 12:09:24)
Registration for worker at rmi://ip-10-33-3-96.eu-west-1.compute.internal:43122/21 completed (2012-12-16 12:09:24)
Registration for worker at rmi://ip-10-33-3-96.eu-west-1.compute.internal:43122/20 completed (2012-12-16 12:09:24)
Registration for worker at rmi://ip-10-33-3-96.eu-west-1.compute.internal:43122/13 completed (2012-12-16 12:09:24)
Registration for worker at rmi://ip-10-33-0-202.eu-west-1.compute.internal:33126/5 completed (2012-12-16 12:09:24)
Registration for worker at rmi://ip-10-33-0-202.eu-west-1.compute.internal:33126/30 completed (2012-12-16 12:09:24)
Registration for worker at rmi://ip-10-33-3-96.eu-west-1.compute.internal:43122/14 completed (2012-12-16 12:09:24)
Registration for worker at rmi://ip-10-33-0-202.eu-west-1.compute.internal:33126/29 completed (2012-12-16 12:09:24)
Registration for worker at rmi://ip-10-33-0-202.eu-west-1.compute.internal:33126/23 completed (2012-12-16 12:09:24)
Registration for worker at rmi://ip-10-33-0-202.eu-west-1.compute.internal:33126/9 completed (2012-12-16 12:09:24)
Registration for worker at rmi://ip-10-33-0-202.eu-west-1.compute.internal:33126/1 completed (2012-12-16 12:09:24)
Registration for worker at rmi://ip-10-33-0-202.eu-west-1.compute.internal:33126/13 completed (2012-12-16 12:09:24)
Registration for worker at rmi://ip-10-33-0-202.eu-west-1.compute.internal:33126/8 completed (2012-12-16 12:09:24)
Registration for worker at rmi://ip-10-33-0-202.eu-west-1.compute.internal:33126/15 completed (2012-12-16 12:09:24)
Registration for worker at rmi://ip-10-33-1-195.eu-west-1.compute.internal:48295/30 completed (2012-12-16 12:09:24)
Registration for worker at rmi://ip-10-33-1-195.eu-west-1.compute.internal:48295/26 completed (2012-12-16 12:09:24)
Registration for worker at rmi://ip-10-33-1-195.eu-west-1.compute.internal:48295/10 completed (2012-12-16 12:09:24)
Registration for worker at rmi://ip-10-33-1-195.eu-west-1.compute.internal:48295/25 completed (2012-12-16 12:09:24)
Registration for worker at rmi://ip-10-33-1-195.eu-west-1.compute.internal:48295/28 completed (2012-12-16 12:09:24)
Registration for worker at rmi://ip-10-33-1-195.eu-west-1.compute.internal:48295/27 completed (2012-12-16 12:09:24)
Registration for worker at rmi://ip-10-33-1-195.eu-west-1.compute.internal:48295/6 completed (2012-12-16 12:09:24)
Registration for worker at rmi://ip-10-33-1-195.eu-west-1.compute.internal:48295/29 completed (2012-12-16 12:09:24)
Registration for worker at rmi://ip-10-33-1-195.eu-west-1.compute.internal:48295/13 completed (2012-12-16 12:09:24)
Registration for worker at rmi://ip-10-33-1-195.eu-west-1.compute.internal:48295/18 completed (2012-12-16 12:09:24)
Registration for worker at rmi://ip-10-33-1-195.eu-west-1.compute.internal:48295/3 completed (2012-12-16 12:09:24)
Registration for worker at rmi://ip-10-33-1-195.eu-west-1.compute.internal:48295/8 completed (2012-12-16 12:09:24)
Registration for worker at rmi://ip-10-33-3-39.eu-west-1.compute.internal:44016/31 completed (2012-12-16 12:09:24)
Registration for worker at rmi://ip-10-33-3-39.eu-west-1.compute.internal:44016/29 completed (2012-12-16 12:09:24)
Registration for worker at rmi://ip-10-33-1-195.eu-west-1.compute.internal:48295/4 completed (2012-12-16 12:09:24)
Registration for worker at rmi://ip-10-33-3-35.eu-west-1.compute.internal:33207/30 completed (2012-12-16 12:09:24)
Registration for worker at rmi://ip-10-33-3-35.eu-west-1.compute.internal:33207/31 completed (2012-12-16 12:09:24)
Registration for worker at rmi://ip-10-33-3-93.eu-west-1.compute.internal:40323/31 completed (2012-12-16 12:09:24)
Registration for worker at rmi://ip-10-33-3-93.eu-west-1.compute.internal:40323/30 completed (2012-12-16 12:09:24)
Registration for worker at rmi://ip-10-33-3-93.eu-west-1.compute.internal:40323/29 completed (2012-12-16 12:09:24)
Registration for worker at rmi://ip-10-33-3-35.eu-west-1.compute.internal:33207/29 completed (2012-12-16 12:09:24)
Registration for worker at rmi://ip-10-33-3-35.eu-west-1.compute.internal:33207/26 completed (2012-12-16 12:09:24)
Registration for worker at rmi://ip-10-33-3-35.eu-west-1.compute.internal:33207/27 completed (2012-12-16 12:09:24)
Registration for worker at rmi://ip-10-33-3-35.eu-west-1.compute.internal:33207/28 completed (2012-12-16 12:09:24)
Registration for worker at rmi://ip-10-33-3-35.eu-west-1.compute.internal:33207/22 completed (2012-12-16 12:09:24)
Registration for worker at rmi://ip-10-33-3-35.eu-west-1.compute.internal:33207/16 completed (2012-12-16 12:09:24)
Registration for worker at rmi://ip-10-33-3-35.eu-west-1.compute.internal:33207/25 completed (2012-12-16 12:09:24)
Registration for worker at rmi://ip-10-33-3-35.eu-west-1.compute.internal:33207/6 completed (2012-12-16 12:09:24)
Registration for worker at rmi://ip-10-33-3-35.eu-west-1.compute.internal:33207/17 completed (2012-12-16 12:09:24)
Registration for worker at rmi://ip-10-33-3-35.eu-west-1.compute.internal:33207/13 completed (2012-12-16 12:09:24)
Registration for worker at rmi://ip-10-33-3-35.eu-west-1.compute.internal:33207/1 completed (2012-12-16 12:09:24)
Registration for worker at rmi://ip-10-33-3-35.eu-west-1.compute.internal:33207/23 completed (2012-12-16 12:09:24)
Registration for worker at rmi://ip-10-33-3-35.eu-west-1.compute.internal:33207/15 completed (2012-12-16 12:09:24)
Registration for worker at rmi://ip-10-33-3-96.eu-west-1.compute.internal:43122/6 completed (2012-12-16 12:09:24)
Registration for worker at rmi://ip-10-33-3-35.eu-west-1.compute.internal:33207/14 completed (2012-12-16 12:09:24)
Registration for worker at rmi://ip-10-33-3-35.eu-west-1.compute.internal:33207/2 completed (2012-12-16 12:09:24)
Registration for worker at rmi://ip-10-33-3-96.eu-west-1.compute.internal:43122/12 completed (2012-12-16 12:09:24)
Registration for worker at rmi://ip-10-33-3-35.eu-west-1.compute.internal:33207/4 completed (2012-12-16 12:09:24)
Registration for worker at rmi://ip-10-33-3-93.eu-west-1.compute.internal:40323/27 completed (2012-12-16 12:09:24)
Registration for worker at rmi://ip-10-33-3-35.eu-west-1.compute.internal:33207/7 completed (2012-12-16 12:09:24)
Registration for worker at rmi://ip-10-33-3-35.eu-west-1.compute.internal:33207/3 completed (2012-12-16 12:09:24)
Registration for worker at rmi://ip-10-33-3-35.eu-west-1.compute.internal:33207/9 completed (2012-12-16 12:09:24)
Registration for worker at rmi://ip-10-33-3-93.eu-west-1.compute.internal:40323/28 completed (2012-12-16 12:09:24)
Registration for worker at rmi://ip-10-33-3-35.eu-west-1.compute.internal:33207/18 completed (2012-12-16 12:09:24)
Registration for worker at rmi://ip-10-33-3-35.eu-west-1.compute.internal:33207/24 completed (2012-12-16 12:09:24)
Registration for worker at rmi://ip-10-33-3-35.eu-west-1.compute.internal:33207/0 completed (2012-12-16 12:09:24)
Registration for worker at rmi://ip-10-33-0-202.eu-west-1.compute.internal:33126/0 completed (2012-12-16 12:09:24)
Registration for worker at rmi://ip-10-33-3-93.eu-west-1.compute.internal:40323/25 completed (2012-12-16 12:09:24)
Registration for worker at rmi://ip-10-33-3-93.eu-west-1.compute.internal:40323/19 completed (2012-12-16 12:09:24)
Registration for worker at rmi://ip-10-33-3-35.eu-west-1.compute.internal:33207/20 completed (2012-12-16 12:09:24)
Registration for worker at rmi://ip-10-33-3-35.eu-west-1.compute.internal:33207/21 completed (2012-12-16 12:09:24)
Registration for worker at rmi://ip-10-33-3-35.eu-west-1.compute.internal:33207/12 completed (2012-12-16 12:09:24)
Registration for worker at rmi://ip-10-33-3-93.eu-west-1.compute.internal:40323/21 completed (2012-12-16 12:09:24)
Registration for worker at rmi://ip-10-33-3-93.eu-west-1.compute.internal:40323/22 completed (2012-12-16 12:09:24)
Registration for worker at rmi://ip-10-33-3-93.eu-west-1.compute.internal:40323/23 completed (2012-12-16 12:09:24)
Registration for worker at rmi://ip-10-33-3-93.eu-west-1.compute.internal:40323/24 completed (2012-12-16 12:09:24)
Registration for worker at rmi://ip-10-33-3-35.eu-west-1.compute.internal:33207/5 completed (2012-12-16 12:09:24)
Registration for worker at rmi://ip-10-33-0-202.eu-west-1.compute.internal:33126/20 completed (2012-12-16 12:09:24)
Registration for worker at rmi://ip-10-33-3-93.eu-west-1.compute.internal:40323/26 completed (2012-12-16 12:09:24)
Registration for worker at rmi://ip-10-33-3-93.eu-west-1.compute.internal:40323/14 completed (2012-12-16 12:09:24)
Registration for worker at rmi://ip-10-33-3-93.eu-west-1.compute.internal:40323/2 completed (2012-12-16 12:09:24)
Registration for worker at rmi://ip-10-33-3-93.eu-west-1.compute.internal:40323/18 completed (2012-12-16 12:09:24)
Registration for worker at rmi://ip-10-33-3-93.eu-west-1.compute.internal:40323/0 completed (2012-12-16 12:09:24)
Registration for worker at rmi://ip-10-33-3-35.eu-west-1.compute.internal:33207/10 completed (2012-12-16 12:09:24)
Registration for worker at rmi://ip-10-33-3-93.eu-west-1.compute.internal:40323/6 completed (2012-12-16 12:09:24)
Registration for worker at rmi://ip-10-33-3-35.eu-west-1.compute.internal:33207/11 completed (2012-12-16 12:09:24)
Registration for worker at rmi://ip-10-33-3-93.eu-west-1.compute.internal:40323/20 completed (2012-12-16 12:09:24)
Registration for worker at rmi://ip-10-33-3-93.eu-west-1.compute.internal:40323/13 completed (2012-12-16 12:09:24)
Registration for worker at rmi://ip-10-33-3-93.eu-west-1.compute.internal:40323/8 completed (2012-12-16 12:09:24)
Registration for worker at rmi://ip-10-33-3-93.eu-west-1.compute.internal:40323/3 completed (2012-12-16 12:09:24)
Registration for worker at rmi://ip-10-33-3-39.eu-west-1.compute.internal:44016/9 completed (2012-12-16 12:09:24)
Registration for worker at rmi://ip-10-33-3-93.eu-west-1.compute.internal:40323/12 completed (2012-12-16 12:09:25)
Registration for worker at rmi://ip-10-33-3-93.eu-west-1.compute.internal:40323/5 completed (2012-12-16 12:09:25)
Registration for worker at rmi://ip-10-33-3-39.eu-west-1.compute.internal:44016/0 completed (2012-12-16 12:09:25)
Registration for worker at rmi://ip-10-33-3-39.eu-west-1.compute.internal:44016/10 completed (2012-12-16 12:09:25)
Registration for worker at rmi://ip-10-33-3-93.eu-west-1.compute.internal:40323/15 completed (2012-12-16 12:09:25)
Registration for worker at rmi://ip-10-33-1-195.eu-west-1.compute.internal:48295/5 completed (2012-12-16 12:09:25)
Registration for worker at rmi://ip-10-33-1-195.eu-west-1.compute.internal:48295/17 completed (2012-12-16 12:09:25)
Registration for worker at rmi://ip-10-33-3-39.eu-west-1.compute.internal:44016/22 completed (2012-12-16 12:09:25)
Registration for worker at rmi://ip-10-33-3-39.eu-west-1.compute.internal:44016/13 completed (2012-12-16 12:09:25)
Registration for worker at rmi://ip-10-33-3-39.eu-west-1.compute.internal:44016/30 completed (2012-12-16 12:09:25)
Registration for worker at rmi://ip-10-33-3-93.eu-west-1.compute.internal:40323/9 completed (2012-12-16 12:09:25)
Registration for worker at rmi://ip-10-33-3-39.eu-west-1.compute.internal:44016/15 completed (2012-12-16 12:09:25)
Registration for worker at rmi://ip-10-33-3-39.eu-west-1.compute.internal:44016/28 completed (2012-12-16 12:09:25)
Registration for worker at rmi://ip-10-33-3-39.eu-west-1.compute.internal:44016/17 completed (2012-12-16 12:09:25)
Registration for worker at rmi://ip-10-33-3-93.eu-west-1.compute.internal:40323/10 completed (2012-12-16 12:09:25)
Registration for worker at rmi://ip-10-33-3-93.eu-west-1.compute.internal:40323/4 completed (2012-12-16 12:09:25)
Registration for worker at rmi://ip-10-33-3-39.eu-west-1.compute.internal:44016/24 completed (2012-12-16 12:09:25)
Registration for worker at rmi://ip-10-33-3-39.eu-west-1.compute.internal:44016/14 completed (2012-12-16 12:09:25)
Registration for worker at rmi://ip-10-33-3-39.eu-west-1.compute.internal:44016/7 completed (2012-12-16 12:09:25)
Registration for worker at rmi://ip-10-33-3-39.eu-west-1.compute.internal:44016/4 completed (2012-12-16 12:09:25)
Registration for worker at rmi://ip-10-33-3-39.eu-west-1.compute.internal:44016/18 completed (2012-12-16 12:09:25)
Registration for worker at rmi://ip-10-33-3-39.eu-west-1.compute.internal:44016/11 completed (2012-12-16 12:09:25)
Registration for worker at rmi://ip-10-33-3-39.eu-west-1.compute.internal:44016/2 completed (2012-12-16 12:09:25)
Registration for worker at rmi://ip-10-33-3-35.eu-west-1.compute.internal:33207/19 completed (2012-12-16 12:09:25)
Registration for worker at rmi://ip-10-33-3-93.eu-west-1.compute.internal:40323/1 completed (2012-12-16 12:09:25)
Registration for worker at rmi://ip-10-33-3-39.eu-west-1.compute.internal:44016/16 completed (2012-12-16 12:09:25)
Registration for worker at rmi://ip-10-33-3-39.eu-west-1.compute.internal:44016/3 completed (2012-12-16 12:09:25)
Registration for worker at rmi://ip-10-33-3-39.eu-west-1.compute.internal:44016/20 completed (2012-12-16 12:09:25)
Registration for worker at rmi://ip-10-33-3-39.eu-west-1.compute.internal:44016/26 completed (2012-12-16 12:09:25)
Registration for worker at rmi://ip-10-33-3-93.eu-west-1.compute.internal:40323/16 completed (2012-12-16 12:09:25)
Registration for worker at rmi://ip-10-33-3-93.eu-west-1.compute.internal:40323/11 completed (2012-12-16 12:09:25)
Registration for worker at rmi://ip-10-33-3-93.eu-west-1.compute.internal:40323/17 completed (2012-12-16 12:09:25)
Registration for worker at rmi://ip-10-33-3-93.eu-west-1.compute.internal:40323/7 completed (2012-12-16 12:09:25)
Registration for worker at rmi://ip-10-33-3-35.eu-west-1.compute.internal:33207/8 completed (2012-12-16 12:09:25)
Registration for worker at rmi://ip-10-33-3-39.eu-west-1.compute.internal:44016/1 completed (2012-12-16 12:09:25)
Registration for worker at rmi://ip-10-33-3-39.eu-west-1.compute.internal:44016/12 completed (2012-12-16 12:09:25)
Registration for worker at rmi://ip-10-33-0-202.eu-west-1.compute.internal:33126/27 completed (2012-12-16 12:09:25)
Registration for worker at rmi://ip-10-33-0-202.eu-west-1.compute.internal:33126/28 completed (2012-12-16 12:09:25)
Registration for worker at rmi://ip-10-33-0-202.eu-west-1.compute.internal:33126/10 completed (2012-12-16 12:09:25)
Registration for worker at rmi://ip-10-33-0-202.eu-west-1.compute.internal:33126/6 completed (2012-12-16 12:09:25)
Registration for worker at rmi://ip-10-33-1-195.eu-west-1.compute.internal:48295/31 completed (2012-12-16 12:09:25)
Registration for worker at rmi://ip-10-33-1-195.eu-west-1.compute.internal:48295/11 completed (2012-12-16 12:09:25)
Registration for worker at rmi://ip-10-33-1-195.eu-west-1.compute.internal:48295/0 completed (2012-12-16 12:09:25)
Registration for worker at rmi://ip-10-33-1-195.eu-west-1.compute.internal:48295/2 completed (2012-12-16 12:09:25)
Registration for worker at rmi://ip-10-33-3-96.eu-west-1.compute.internal:43122/29 completed (2012-12-16 12:09:25)
Registration for worker at rmi://ip-10-33-3-96.eu-west-1.compute.internal:43122/31 completed (2012-12-16 12:09:25)
Registration for worker at rmi://ip-10-33-3-96.eu-west-1.compute.internal:43122/28 completed (2012-12-16 12:09:25)
Registration for worker at rmi://ip-10-33-3-96.eu-west-1.compute.internal:43122/27 completed (2012-12-16 12:09:25)
Registration for worker at rmi://ip-10-33-3-96.eu-west-1.compute.internal:43122/11 completed (2012-12-16 12:09:25)
Registration for worker at rmi://ip-10-33-3-96.eu-west-1.compute.internal:43122/26 completed (2012-12-16 12:09:25)
Registration for worker at rmi://ip-10-33-0-202.eu-west-1.compute.internal:33126/31 completed (2012-12-16 12:09:25)
Registration for worker at rmi://ip-10-33-0-202.eu-west-1.compute.internal:33126/3 completed (2012-12-16 12:09:25)
Registration for worker at rmi://ip-10-33-0-202.eu-west-1.compute.internal:33126/22 completed (2012-12-16 12:09:25)
Registration for worker at rmi://ip-10-33-0-202.eu-west-1.compute.internal:33126/24 completed (2012-12-16 12:09:25)
Registration for worker at rmi://ip-10-33-0-202.eu-west-1.compute.internal:33126/14 completed (2012-12-16 12:09:25)
Registration for worker at rmi://ip-10-33-0-202.eu-west-1.compute.internal:33126/26 completed (2012-12-16 12:09:25)
Registration for worker at rmi://ip-10-33-3-96.eu-west-1.compute.internal:43122/22 completed (2012-12-16 12:09:25)
Registration for worker at rmi://ip-10-33-3-96.eu-west-1.compute.internal:43122/19 completed (2012-12-16 12:09:25)
Registration for worker at rmi://ip-10-33-3-96.eu-west-1.compute.internal:43122/23 completed (2012-12-16 12:09:25)
Registration for worker at rmi://ip-10-33-3-96.eu-west-1.compute.internal:43122/15 completed (2012-12-16 12:09:25)
Registration for worker at rmi://ip-10-33-3-96.eu-west-1.compute.internal:43122/17 completed (2012-12-16 12:09:25)
Registration for worker at rmi://ip-10-33-3-96.eu-west-1.compute.internal:43122/3 completed (2012-12-16 12:09:25)
Registration for worker at rmi://ip-10-33-3-96.eu-west-1.compute.internal:43122/0 completed (2012-12-16 12:09:25)
Registration for worker at rmi://ip-10-33-1-195.eu-west-1.compute.internal:48295/24 completed (2012-12-16 12:09:25)
Registration for worker at rmi://ip-10-33-3-96.eu-west-1.compute.internal:43122/18 completed (2012-12-16 12:09:25)
Registration for worker at rmi://ip-10-33-3-96.eu-west-1.compute.internal:43122/24 completed (2012-12-16 12:09:25)
Registration for worker at rmi://ip-10-33-3-96.eu-west-1.compute.internal:43122/10 completed (2012-12-16 12:09:25)
Registration for worker at rmi://ip-10-33-0-202.eu-west-1.compute.internal:33126/21 completed (2012-12-16 12:09:25)
Registration for worker at rmi://ip-10-33-0-202.eu-west-1.compute.internal:33126/25 completed (2012-12-16 12:09:25)
Registration for worker at rmi://ip-10-33-0-202.eu-west-1.compute.internal:33126/18 completed (2012-12-16 12:09:26)
Registration for worker at rmi://ip-10-33-0-202.eu-west-1.compute.internal:33126/11 completed (2012-12-16 12:09:26)
Registration for worker at rmi://ip-10-33-0-202.eu-west-1.compute.internal:33126/17 completed (2012-12-16 12:09:26)
Registration for worker at rmi://ip-10-33-0-202.eu-west-1.compute.internal:33126/2 completed (2012-12-16 12:09:26)
Registration for worker at rmi://ip-10-33-0-202.eu-west-1.compute.internal:33126/19 completed (2012-12-16 12:09:26)
Registration for worker at rmi://ip-10-33-0-202.eu-west-1.compute.internal:33126/4 completed (2012-12-16 12:09:26)
Registration for worker at rmi://ip-10-33-0-202.eu-west-1.compute.internal:33126/16 completed (2012-12-16 12:09:26)
Registration for worker at rmi://ip-10-33-0-202.eu-west-1.compute.internal:33126/7 completed (2012-12-16 12:09:26)
Registration for worker at rmi://ip-10-33-0-202.eu-west-1.compute.internal:33126/12 completed (2012-12-16 12:09:26)
Registration for worker at rmi://ip-10-33-1-195.eu-west-1.compute.internal:48295/15 completed (2012-12-16 12:09:26)
Registration for worker at rmi://ip-10-33-3-96.eu-west-1.compute.internal:43122/25 completed (2012-12-16 12:09:26)
Registration for worker at rmi://ip-10-33-3-96.eu-west-1.compute.internal:43122/5 completed (2012-12-16 12:09:26)
Registration for worker at rmi://ip-10-33-1-195.eu-west-1.compute.internal:48295/16 completed (2012-12-16 12:09:26)
Registration for worker at rmi://ip-10-33-3-96.eu-west-1.compute.internal:43122/7 completed (2012-12-16 12:09:26)
Registration for worker at rmi://ip-10-33-3-96.eu-west-1.compute.internal:43122/9 completed (2012-12-16 12:09:26)
Registration for worker at rmi://ip-10-33-1-195.eu-west-1.compute.internal:48295/21 completed (2012-12-16 12:09:26)
Registration for worker at rmi://ip-10-33-1-195.eu-west-1.compute.internal:48295/19 completed (2012-12-16 12:09:26)
Registration for worker at rmi://ip-10-33-1-195.eu-west-1.compute.internal:48295/20 completed (2012-12-16 12:09:26)
Registration for worker at rmi://ip-10-33-1-195.eu-west-1.compute.internal:48295/22 completed (2012-12-16 12:09:26)
Registration for worker at rmi://ip-10-33-1-195.eu-west-1.compute.internal:48295/14 completed (2012-12-16 12:09:26)
Registration for worker at rmi://ip-10-33-1-195.eu-west-1.compute.internal:48295/23 completed (2012-12-16 12:09:26)
Registration for worker at rmi://ip-10-33-1-195.eu-west-1.compute.internal:48295/12 completed (2012-12-16 12:09:26)
Registration for worker at rmi://ip-10-33-1-195.eu-west-1.compute.internal:48295/9 completed (2012-12-16 12:09:26)
Registration for worker at rmi://ip-10-33-1-195.eu-west-1.compute.internal:48295/7 completed (2012-12-16 12:09:26)
Registration for worker at rmi://ip-10-33-1-195.eu-west-1.compute.internal:48295/1 completed (2012-12-16 12:09:26)
Registration for worker at rmi://ip-10-33-3-39.eu-west-1.compute.internal:44016/6 completed (2012-12-16 12:09:26)
Registration for worker at rmi://ip-10-33-3-39.eu-west-1.compute.internal:44016/21 completed (2012-12-16 12:09:26)
Registration for worker at rmi://ip-10-33-3-39.eu-west-1.compute.internal:44016/5 completed (2012-12-16 12:09:26)
Registration for worker at rmi://ip-10-33-3-39.eu-west-1.compute.internal:44016/8 completed (2012-12-16 12:09:26)
Registration for worker at rmi://ip-10-33-3-39.eu-west-1.compute.internal:44016/25 completed (2012-12-16 12:09:26)
Registration for worker at rmi://ip-10-33-3-39.eu-west-1.compute.internal:44016/27 completed (2012-12-16 12:09:26)
Registration for worker at rmi://ip-10-33-3-39.eu-west-1.compute.internal:44016/19 completed (2012-12-16 12:09:26)
Registration for worker at rmi://ip-10-33-3-39.eu-west-1.compute.internal:44016/23 completed (2012-12-16 12:09:26)
Registration for worker at rmi://ip-10-33-1-149.eu-west-1.compute.internal:36705/6 completed (2012-12-16 12:09:26)
Registration for worker at rmi://ip-10-33-1-149.eu-west-1.compute.internal:36705/30 completed (2012-12-16 12:09:26)
Registration for worker at rmi://ip-10-33-1-149.eu-west-1.compute.internal:36705/31 completed (2012-12-16 12:09:26)
Registration for worker at rmi://ip-10-33-1-149.eu-west-1.compute.internal:36705/3 completed (2012-12-16 12:09:26)
Registration for worker at rmi://ip-10-33-1-149.eu-west-1.compute.internal:36705/27 completed (2012-12-16 12:09:26)
Registration for worker at rmi://ip-10-33-1-149.eu-west-1.compute.internal:36705/4 completed (2012-12-16 12:09:26)
Registration for worker at rmi://ip-10-33-1-149.eu-west-1.compute.internal:36705/29 completed (2012-12-16 12:09:26)
Registration for worker at rmi://ip-10-33-1-149.eu-west-1.compute.internal:36705/12 completed (2012-12-16 12:09:26)
Registration for worker at rmi://ip-10-33-1-149.eu-west-1.compute.internal:36705/11 completed (2012-12-16 12:09:26)
Registration for worker at rmi://ip-10-33-1-149.eu-west-1.compute.internal:36705/5 completed (2012-12-16 12:09:26)
Registration for worker at rmi://ip-10-33-1-149.eu-west-1.compute.internal:36705/16 completed (2012-12-16 12:09:26)
Registration for worker at rmi://ip-10-33-1-149.eu-west-1.compute.internal:36705/26 completed (2012-12-16 12:09:26)
Registration for worker at rmi://ip-10-33-1-149.eu-west-1.compute.internal:36705/28 completed (2012-12-16 12:09:26)
Registration for worker at rmi://ip-10-33-1-149.eu-west-1.compute.internal:36705/25 completed (2012-12-16 12:09:26)
Registration for worker at rmi://ip-10-33-1-149.eu-west-1.compute.internal:36705/15 completed (2012-12-16 12:09:26)
Registration for worker at rmi://ip-10-33-1-149.eu-west-1.compute.internal:36705/24 completed (2012-12-16 12:09:26)
Registration for worker at rmi://ip-10-33-1-149.eu-west-1.compute.internal:36705/9 completed (2012-12-16 12:09:26)
Registration for worker at rmi://ip-10-33-1-149.eu-west-1.compute.internal:36705/23 completed (2012-12-16 12:09:26)
Registration for worker at rmi://ip-10-33-1-149.eu-west-1.compute.internal:36705/19 completed (2012-12-16 12:09:26)
Registration for worker at rmi://ip-10-33-1-149.eu-west-1.compute.internal:36705/1 completed (2012-12-16 12:09:26)
Registration for worker at rmi://ip-10-33-1-149.eu-west-1.compute.internal:36705/17 completed (2012-12-16 12:09:26)
Registration for worker at rmi://ip-10-33-1-149.eu-west-1.compute.internal:36705/21 completed (2012-12-16 12:09:26)
Registration for worker at rmi://ip-10-33-1-149.eu-west-1.compute.internal:36705/22 completed (2012-12-16 12:09:26)
Registration for worker at rmi://ip-10-33-1-149.eu-west-1.compute.internal:36705/7 completed (2012-12-16 12:09:26)
Registration for worker at rmi://ip-10-33-1-149.eu-west-1.compute.internal:36705/20 completed (2012-12-16 12:09:26)
Registration for worker at rmi://ip-10-33-1-149.eu-west-1.compute.internal:36705/10 completed (2012-12-16 12:09:26)
Registration for worker at rmi://ip-10-33-1-149.eu-west-1.compute.internal:36705/0 completed (2012-12-16 12:09:26)
Registration for worker at rmi://ip-10-33-1-149.eu-west-1.compute.internal:36705/2 completed (2012-12-16 12:09:26)
Registration for worker at rmi://ip-10-33-1-149.eu-west-1.compute.internal:36705/8 completed (2012-12-16 12:09:26)
Registration for worker at rmi://ip-10-33-1-149.eu-west-1.compute.internal:36705/18 completed (2012-12-16 12:09:26)
Registration for worker at rmi://ip-10-33-1-149.eu-west-1.compute.internal:36705/13 completed (2012-12-16 12:09:26)
Registration for worker at rmi://ip-10-33-1-149.eu-west-1.compute.internal:36705/14 completed (2012-12-16 12:09:26)
Progress(18) at 2012-12-16 12:10:22: 66668132 states generated (66,668,132 s/min), 10821921 distinct states found (10,821,921 ds/min), 6519945 states left on queue.
Progress(18) at 2012-12-16 12:11:22: 133683888 states generated (67,015,756 s/min), 17953726 distinct states found (7,131,805 ds/min), 11224233 states left on queue.
Progress(23) at 2012-12-16 12:12:22: 231713491 states generated (98,029,603 s/min), 25647672 distinct states found (7,693,946 ds/min), 14387908 states left on queue.
Progress(23) at 2012-12-16 12:13:22: 346541175 states generated (114,827,684 s/min), 33943931 distinct states found (8,296,259 ds/min), 16976580 states left on queue.
Progress(23) at 2012-12-16 12:14:22: 461493696 states generated (114,952,521 s/min), 42798492 distinct states found (8,854,561 ds/min), 19958468 states left on queue.
Progress(28) at 2012-12-16 12:15:22: 577343801 states generated (115,850,105 s/min), 51078556 distinct states found (8,280,064 ds/min), 22481604 states left on queue.
Progress(29) at 2012-12-16 12:16:22: 691977981 states generated (114,634,180 s/min), 59165033 distinct states found (8,086,477 ds/min), 24686823 states left on queue.
Progress(31) at 2012-12-16 12:17:22: 813535638 states generated (121,557,657 s/min), 67987588 distinct states found (8,822,555 ds/min), 27414759 states left on queue.
Progress(31) at 2012-12-16 12:18:22: 942232101 states generated (128,696,463 s/min), 76761803 distinct states found (8,774,215 ds/min), 29798631 states left on queue.
Progress(31) at 2012-12-16 12:19:22: 1071171676 states generated (128,939,575 s/min), 85250143 distinct states found (8,488,340 ds/min), 32067815 states left on queue.
Progress(32) at 2012-12-16 12:20:22: 1198656808 states generated (127,485,132 s/min), 93882544 distinct states found (8,632,401 ds/min), 34066663 states left on queue.
Progress(32) at 2012-12-16 12:21:22: 1308690228 states generated (110,033,420 s/min), 101298292 distinct states found (7,415,748 ds/min), 36216748 states left on queue.
Progress(32) at 2012-12-16 12:22:22: 1445265728 states generated (136,575,500 s/min), 110057311 distinct states found (8,759,019 ds/min), 38043564 states left on queue.
Progress(32) at 2012-12-16 12:23:22: 1578422133 states generated (133,156,405 s/min), 118587441 distinct states found (8,530,130 ds/min), 39960492 states left on queue.
Progress(32) at 2012-12-16 12:24:22: 1719723129 states generated (141,300,996 s/min), 127479350 distinct states found (8,891,909 ds/min), 41623468 states left on queue.
Progress(32) at 2012-12-16 12:25:22: 1849252675 states generated (129,529,546 s/min), 135795900 distinct states found (8,316,550 ds/min), 43515820 states left on queue.
Progress(32) at 2012-12-16 12:26:22: 1975653348 states generated (126,400,673 s/min), 143875268 distinct states found (8,079,368 ds/min), 45088684 states left on queue.
Progress(32) at 2012-12-16 12:27:22: 2116386169 states generated (140,732,821 s/min), 152348935 distinct states found (8,473,667 ds/min), 46718892 states left on queue.
Progress(32) at 2012-12-16 12:28:22: 2259228232 states generated (142,842,063 s/min), 161339533 distinct states found (8,990,598 ds/min), 48375127 states left on queue.
Progress(32) at 2012-12-16 12:29:22: 2403449858 states generated (144,221,626 s/min), 169885849 distinct states found (8,546,316 ds/min), 49897388 states left on queue.
Progress(35) at 2012-12-16 12:30:22: 2542136259 states generated (138,686,401 s/min), 178412474 distinct states found (8,526,625 ds/min), 51281836 states left on queue.
Progress(35) at 2012-12-16 12:31:23: 2662219742 states generated (120,083,483 s/min), 185743153 distinct states found (7,330,679 ds/min), 52608940 states left on queue.
Progress(35) at 2012-12-16 12:32:23: 2803684595 states generated (141,464,853 s/min), 194204192 distinct states found (8,461,039 ds/min), 53968812 states left on queue.
Progress(35) at 2012-12-16 12:33:23: 2949756352 states generated (146,071,757 s/min), 202748180 distinct states found (8,543,988 ds/min), 55271340 states left on queue.
Progress(35) at 2012-12-16 12:34:23: 3094797948 states generated (145,041,596 s/min), 211395906 distinct states found (8,647,726 ds/min), 56557484 states left on queue.
Progress(35) at 2012-12-16 12:35:23: 3235408802 states generated (140,610,854 s/min), 219718975 distinct states found (8,323,069 ds/min), 57769900 states left on queue.
Progress(35) at 2012-12-16 12:36:23: 3367254212 states generated (131,845,410 s/min), 227156884 distinct states found (7,437,909 ds/min), 58769324 states left on queue.
Progress(35) at 2012-12-16 12:37:23: 3514351330 states generated (147,097,118 s/min), 235852485 distinct states found (8,695,601 ds/min), 59916204 states left on queue.
Progress(35) at 2012-12-16 12:38:23: 3654575966 states generated (140,224,636 s/min), 243997247 distinct states found (8,144,762 ds/min), 61079468 states left on queue.
Progress(35) at 2012-12-16 12:39:23: 3785340666 states generated (130,764,700 s/min), 251530752 distinct states found (7,533,505 ds/min), 62201772 states left on queue.
Progress(35) at 2012-12-16 12:40:23: 3908624141 states generated (123,283,475 s/min), 258651091 distinct states found (7,120,339 ds/min), 63012780 states left on queue.
Progress(35) at 2012-12-16 12:41:23: 4035386641 states generated (126,762,500 s/min), 265748565 distinct states found (7,097,474 ds/min), 63643564 states left on queue.
Progress(35) at 2012-12-16 12:42:23: 4165251384 states generated (129,864,743 s/min), 273137233 distinct states found (7,388,668 ds/min), 64724908 states left on queue.
Progress(35) at 2012-12-16 12:43:23: 4299813344 states generated (134,561,960 s/min), 280890574 distinct states found (7,753,341 ds/min), 65699756 states left on queue.
Progress(35) at 2012-12-16 12:44:23: 4442564568 states generated (142,751,224 s/min), 288707707 distinct states found (7,817,133 ds/min), 66150316 states left on queue.
Progress(35) at 2012-12-16 12:45:23: 4569459997 states generated (126,895,429 s/min), 295815926 distinct states found (7,108,219 ds/min), 67077135 states left on queue.
Progress(35) at 2012-12-16 12:46:23: 4691491518 states generated (122,031,521 s/min), 302686451 distinct states found (6,870,525 ds/min), 67788716 states left on queue.
Progress(35) at 2012-12-16 12:47:23: 4832374772 states generated (140,883,254 s/min), 310552879 distinct states found (7,866,428 ds/min), 68452268 states left on queue.
Progress(36) at 2012-12-16 12:48:23: 4966971915 states generated (134,597,143 s/min), 318113625 distinct states found (7,560,746 ds/min), 69345196 states left on queue.
Progress(36) at 2012-12-16 12:49:23: 5105010010 states generated (138,038,095 s/min), 325680228 distinct states found (7,566,603 ds/min), 69984172 states left on queue.
Progress(36) at 2012-12-16 12:50:23: 5238282537 states generated (133,272,527 s/min), 332802019 distinct states found (7,121,791 ds/min), 70541228 states left on queue.
Progress(36) at 2012-12-16 12:51:23: 5368135063 states generated (129,852,526 s/min), 339994141 distinct states found (7,192,122 ds/min), 71101908 states left on queue.
Progress(36) at 2012-12-16 12:52:23: 5504818226 states generated (136,683,163 s/min), 347648465 distinct states found (7,654,324 ds/min), 71852182 states left on queue.
Progress(36) at 2012-12-16 12:53:23: 5644627535 states generated (139,809,309 s/min), 355196171 distinct states found (7,547,706 ds/min), 72450198 states left on queue.
Progress(36) at 2012-12-16 12:54:23: 5789834679 states generated (145,207,144 s/min), 362833518 distinct states found (7,637,347 ds/min), 72769686 states left on queue.
Progress(36) at 2012-12-16 12:55:23: 5924842843 states generated (135,008,164 s/min), 370154683 distinct states found (7,321,165 ds/min), 73236630 states left on queue.
Progress(36) at 2012-12-16 12:56:23: 6053541242 states generated (128,698,399 s/min), 377136230 distinct states found (6,981,547 ds/min), 73867414 states left on queue.
Progress(36) at 2012-12-16 12:57:23: 6192029080 states generated (138,487,838 s/min), 384751480 distinct states found (7,615,250 ds/min), 74530966 states left on queue.
Progress(36) at 2012-12-16 12:58:23: 6333768311 states generated (141,739,231 s/min), 392240227 distinct states found (7,488,747 ds/min), 74948758 states left on queue.
Progress(36) at 2012-12-16 12:59:23: 6475197660 states generated (141,429,349 s/min), 399904129 distinct states found (7,663,902 ds/min), 75399318 states left on queue.
Progress(36) at 2012-12-16 13:00:23: 6612718475 states generated (137,520,815 s/min), 406914762 distinct states found (7,010,633 ds/min), 75686038 states left on queue.
Progress(36) at 2012-12-16 13:01:23: 6742857269 states generated (130,138,794 s/min), 413903254 distinct states found (6,988,492 ds/min), 75980950 states left on queue.
Progress(36) at 2012-12-16 13:02:23: 6879854863 states generated (136,997,594 s/min), 421238073 distinct states found (7,334,819 ds/min), 76488854 states left on queue.
Progress(36) at 2012-12-16 13:03:23: 7028630909 states generated (148,776,046 s/min), 429003610 distinct states found (7,765,537 ds/min), 76726422 states left on queue.
Progress(36) at 2012-12-16 13:04:23: 7172647851 states generated (144,016,942 s/min), 436418986 distinct states found (7,415,376 ds/min), 77070486 states left on queue.
Progress(36) at 2012-12-16 13:05:23: 7309464437 states generated (136,816,586 s/min), 443386290 distinct states found (6,967,304 ds/min), 77275286 states left on queue.
Progress(36) at 2012-12-16 13:06:23: 7442665484 states generated (133,201,047 s/min), 450641090 distinct states found (7,254,800 ds/min), 77684886 states left on queue.
Progress(36) at 2012-12-16 13:07:23: 7586527077 states generated (143,861,593 s/min), 458149777 distinct states found (7,508,687 ds/min), 78020758 states left on queue.
Progress(36) at 2012-12-16 13:08:23: 7737329355 states generated (150,802,278 s/min), 466050040 distinct states found (7,900,263 ds/min), 78094486 states left on queue.
Progress(37) at 2012-12-16 13:09:23: 7868619724 states generated (131,290,369 s/min), 472767991 distinct states found (6,717,951 ds/min), 78381206 states left on queue.
Progress(37) at 2012-12-16 13:10:23: 8010515000 states generated (141,895,276 s/min), 480066045 distinct states found (7,298,054 ds/min), 78594198 states left on queue.
Progress(37) at 2012-12-16 13:11:23: 8139675160 states generated (129,160,160 s/min), 486583093 distinct states found (6,517,048 ds/min), 78710159 states left on queue.
Progress(37) at 2012-12-16 13:12:23: 8289808554 states generated (150,133,394 s/min), 494291357 distinct states found (7,708,264 ds/min), 78766230 states left on queue.
Progress(37) at 2012-12-16 13:13:23: 8436901813 states generated (147,093,259 s/min), 502013603 distinct states found (7,722,246 ds/min), 78995606 states left on queue.
Progress(37) at 2012-12-16 13:14:24: 8589555313 states generated (152,653,500 s/min), 509492921 distinct states found (7,479,318 ds/min), 78946454 states left on queue.
Progress(39) at 2012-12-16 13:15:24: 8732402773 states generated (142,847,460 s/min), 516705129 distinct states found (7,212,208 ds/min), 79061142 states left on queue.
Progress(40) at 2012-12-16 13:16:24: 8867245482 states generated (134,842,709 s/min), 523721753 distinct states found (7,016,624 ds/min), 79249558 states left on queue.
Progress(40) at 2012-12-16 13:17:24: 9019149394 states generated (151,903,912 s/min), 531368633 distinct states found (7,646,880 ds/min), 79118486 states left on queue.
Progress(40) at 2012-12-16 13:18:24: 9165744284 states generated (146,594,890 s/min), 538870476 distinct states found (7,501,843 ds/min), 79405206 states left on queue.
Progress(40) at 2012-12-16 13:19:24: 9317202380 states generated (151,458,096 s/min), 546342273 distinct states found (7,471,797 ds/min), 79364246 states left on queue.
Progress(40) at 2012-12-16 13:20:24: 9466552351 states generated (149,349,971 s/min), 553887884 distinct states found (7,545,611 ds/min), 79110294 states left on queue.
Progress(40) at 2012-12-16 13:21:24: 9602044734 states generated (135,492,383 s/min), 560503152 distinct states found (6,615,268 ds/min), 78905494 states left on queue.
Progress(40) at 2012-12-16 13:22:24: 9753133710 states generated (151,088,976 s/min), 568031704 distinct states found (7,528,552 ds/min), 78971030 states left on queue.
Progress(40) at 2012-12-16 13:23:24: 9902234970 states generated (149,101,260 s/min), 575539043 distinct states found (7,507,339 ds/min), 79011990 states left on queue.
Progress(40) at 2012-12-16 13:24:24: 10058345547 states generated (156,110,577 s/min), 583212245 distinct states found (7,673,202 ds/min), 78737165 states left on queue.
Progress(40) at 2012-12-16 13:25:24: 10195604805 states generated (137,259,258 s/min), 589837224 distinct states found (6,624,979 ds/min), 78700694 states left on queue.
Progress(40) at 2012-12-16 13:26:24: 10333625968 states generated (138,021,163 s/min), 596642421 distinct states found (6,805,197 ds/min), 78512278 states left on queue.
Progress(40) at 2012-12-16 13:27:24: 10487189818 states generated (153,563,850 s/min), 604450311 distinct states found (7,807,890 ds/min), 78446742 states left on queue.
Progress(40) at 2012-12-16 13:28:24: 10639195862 states generated (152,006,044 s/min), 611828949 distinct states found (7,378,638 ds/min), 78291094 states left on queue.
Progress(40) at 2012-12-16 13:29:24: 10796673454 states generated (157,477,592 s/min), 619505562 distinct states found (7,676,613 ds/min), 77987990 states left on queue.
Progress(40) at 2012-12-16 13:30:24: 10947584704 states generated (150,911,250 s/min), 626771821 distinct states found (7,266,259 ds/min), 77684886 states left on queue.
Progress(41) at 2012-12-16 13:31:24: 11089736874 states generated (142,152,170 s/min), 633559516 distinct states found (6,787,695 ds/min), 77250710 states left on queue.
Progress(41) at 2012-12-16 13:32:24: 11251275641 states generated (161,538,767 s/min), 641383564 distinct states found (7,824,048 ds/min), 76718230 states left on queue.
Progress(41) at 2012-12-16 13:33:24: 11400748050 states generated (149,472,409 s/min), 648761432 distinct states found (7,377,868 ds/min), 76701846 states left on queue.
Progress(41) at 2012-12-16 13:34:24: 11558206293 states generated (157,458,243 s/min), 656188783 distinct states found (7,427,351 ds/min), 76505238 states left on queue.
Progress(41) at 2012-12-16 13:35:24: 11711044100 states generated (152,837,807 s/min), 663496140 distinct states found (7,307,357 ds/min), 76128406 states left on queue.
Progress(41) at 2012-12-16 13:36:24: 11855340413 states generated (144,296,313 s/min), 670298051 distinct states found (6,801,911 ds/min), 75825302 states left on queue.
Progress(41) at 2012-12-16 13:37:24: 12016528932 states generated (161,188,519 s/min), 678206580 distinct states found (7,908,529 ds/min), 75317398 states left on queue.
Progress(41) at 2012-12-16 13:38:24: 12173118811 states generated (156,589,879 s/min), 685701448 distinct states found (7,494,868 ds/min), 75088022 states left on queue.
Progress(41) at 2012-12-16 13:39:24: 12334484979 states generated (161,366,168 s/min), 693270861 distinct states found (7,569,413 ds/min), 74580118 states left on queue.
Progress(41) at 2012-12-16 13:40:24: 12484266736 states generated (149,781,757 s/min), 700178033 distinct states found (6,907,172 ds/min), 73842838 states left on queue.
Progress(42) at 2012-12-16 13:41:24: 12632542114 states generated (148,275,378 s/min), 707063840 distinct states found (6,885,807 ds/min), 73195670 states left on queue.
Progress(42) at 2012-12-16 13:42:24: 12790758910 states generated (158,216,796 s/min), 714602698 distinct states found (7,538,858 ds/min), 72835222 states left on queue.
Progress(42) at 2012-12-16 13:43:24: 12952545371 states generated (161,786,461 s/min), 722286878 distinct states found (7,684,180 ds/min), 72327318 states left on queue.
Progress(42) at 2012-12-16 13:44:24: 13110061090 states generated (157,515,719 s/min), 729495389 distinct states found (7,208,511 ds/min), 71958678 states left on queue.
Progress(42) at 2012-12-16 13:45:24: 13269351056 states generated (159,289,966 s/min), 736899824 distinct states found (7,404,435 ds/min), 71164054 states left on queue.
Progress(42) at 2012-12-16 13:46:24: 13403822790 states generated (134,471,734 s/min), 743264682 distinct states found (6,364,858 ds/min), 70926486 states left on queue.
Progress(42) at 2012-12-16 13:47:24: 13570877767 states generated (167,054,977 s/min), 751174735 distinct states found (7,910,053 ds/min), 70115478 states left on queue.
Progress(42) at 2012-12-16 13:48:24: 13737547380 states generated (166,669,613 s/min), 758610113 distinct states found (7,435,378 ds/min), 69333724 states left on queue.
Progress(42) at 2012-12-16 13:49:24: 13904685600 states generated (167,138,220 s/min), 766256937 distinct states found (7,646,824 ds/min), 68518038 states left on queue.
Progress(43) at 2012-12-16 13:50:24: 14075180195 states generated (170,494,595 s/min), 773927196 distinct states found (7,670,259 ds/min), 67477654 states left on queue.
Progress(43) at 2012-12-16 13:51:24: 14224527634 states generated (149,347,439 s/min), 780947428 distinct states found (7,020,232 ds/min), 66930386 states left on queue.
Progress(43) at 2012-12-16 13:52:24: 14383410281 states generated (158,882,647 s/min), 788223863 distinct states found (7,276,435 ds/min), 66553554 states left on queue.
Progress(43) at 2012-12-16 13:53:24: 14555126863 states generated (171,716,582 s/min), 795994261 distinct states found (7,770,398 ds/min), 65488594 states left on queue.
Progress(43) at 2012-12-16 13:54:25: 14724515712 states generated (169,388,849 s/min), 803474336 distinct states found (7,480,075 ds/min), 64489170 states left on queue.
Progress(43) at 2012-12-16 13:55:25: 14879699293 states generated (155,183,581 s/min), 810617484 distinct states found (7,143,148 ds/min), 63809234 states left on queue.
Progress(43) at 2012-12-16 13:56:25: 15025689404 states generated (145,990,111 s/min), 817210605 distinct states found (6,593,121 ds/min), 63276754 states left on queue.
Progress(44) at 2012-12-16 13:57:25: 15200624403 states generated (174,934,999 s/min), 824967358 distinct states found (7,756,753 ds/min), 62097106 states left on queue.
Progress(44) at 2012-12-16 13:58:25: 15378254307 states generated (177,629,904 s/min), 832795949 distinct states found (7,828,591 ds/min), 60827346 states left on queue.
Progress(44) at 2012-12-16 13:59:25: 15542871128 states generated (164,616,821 s/min), 840088358 distinct states found (7,292,409 ds/min), 60147410 states left on queue.
Progress(45) at 2012-12-16 14:00:25: 15704649312 states generated (161,778,184 s/min), 847386932 distinct states found (7,298,574 ds/min), 59213522 states left on queue.
Progress(45) at 2012-12-16 14:01:25: 15863060937 states generated (158,411,625 s/min), 854211080 distinct states found (6,824,148 ds/min), 58181330 states left on queue.
Progress(45) at 2012-12-16 14:02:25: 16032023620 states generated (168,962,683 s/min), 861676703 distinct states found (7,465,623 ds/min), 57165522 states left on queue.
Progress(45) at 2012-12-16 14:03:25: 16205737455 states generated (173,713,835 s/min), 869370928 distinct states found (7,694,225 ds/min), 56125138 states left on queue.
Progress(45) at 2012-12-16 14:04:25: 16385456232 states generated (179,718,777 s/min), 877171302 distinct states found (7,800,374 ds/min), 54691538 states left on queue.
Progress(45) at 2012-12-16 14:05:25: 16557383616 states generated (171,927,384 s/min), 884525059 distinct states found (7,353,757 ds/min), 53257938 states left on queue.
Progress(45) at 2012-12-16 14:06:25: 16704499485 states generated (147,115,869 s/min), 890938236 distinct states found (6,413,177 ds/min), 52578002 states left on queue.
Progress(45) at 2012-12-16 14:07:25: 16883542228 states generated (179,042,743 s/min), 898761534 distinct states found (7,823,298 ds/min), 51185362 states left on queue.
Progress(45) at 2012-12-16 14:08:25: 17062392867 states generated (178,850,639 s/min), 906281686 distinct states found (7,520,152 ds/min), 49792722 states left on queue.
Progress(46) at 2012-12-16 14:09:25: 17224045623 states generated (161,652,756 s/min), 913410443 distinct states found (7,128,757 ds/min), 48703186 states left on queue.
Progress(46) at 2012-12-16 14:10:25: 17398593400 states generated (174,547,777 s/min), 920647080 distinct states found (7,236,637 ds/min), 47210306 states left on queue.
Progress(46) at 2012-12-16 14:11:25: 17564109724 states generated (165,516,324 s/min), 927483506 distinct states found (6,836,426 ds/min), 45675272 states left on queue.
Progress(46) at 2012-12-16 14:12:25: 17742379022 states generated (178,269,298 s/min), 935370899 distinct states found (7,887,393 ds/min), 44364552 states left on queue.
Progress(46) at 2012-12-16 14:13:25: 17926266317 states generated (183,887,295 s/min), 942921079 distinct states found (7,550,180 ds/min), 42859723 states left on queue.
Progress(47) at 2012-12-16 14:14:25: 18111493561 states generated (185,227,244 s/min), 950545703 distinct states found (7,624,624 ds/min), 41194248 states left on queue.
Progress(47) at 2012-12-16 14:15:25: 18288447447 states generated (176,953,886 s/min), 958088637 distinct states found (7,542,934 ds/min), 39449466 states left on queue.
Progress(47) at 2012-12-16 14:16:25: 18453870337 states generated (165,422,890 s/min), 964555547 distinct states found (6,466,910 ds/min), 37904680 states left on queue.
Progress(47) at 2012-12-16 14:17:25: 18636082534 states generated (182,212,197 s/min), 972287587 distinct states found (7,732,040 ds/min), 36389160 states left on queue.
Progress(48) at 2012-12-16 14:18:25: 18830386448 states generated (194,303,914 s/min), 980077222 distinct states found (7,789,635 ds/min), 34349352 states left on queue.
Progress(48) at 2012-12-16 14:19:25: 19021146837 states generated (190,760,389 s/min), 987927348 distinct states found (7,850,126 ds/min), 32407848 states left on queue.
Progress(48) at 2012-12-16 14:20:25: 19207595593 states generated (186,448,756 s/min), 995154851 distinct states found (7,227,503 ds/min), 30548264 states left on queue.
Progress(48) at 2012-12-16 14:21:25: 19383354077 states generated (175,758,484 s/min), 1002148156 distinct states found (6,993,305 ds/min), 28829277 states left on queue.
Progress(48) at 2012-12-16 14:22:25: 19575849533 states generated (192,495,456 s/min), 1009774949 distinct states found (7,626,793 ds/min), 26773085 states left on queue.
Progress(48) at 2012-12-16 14:23:25: 19777122032 states generated (201,272,499 s/min), 1017595272 distinct states found (7,820,323 ds/min), 24381021 states left on queue.
Progress(48) at 2012-12-16 14:24:25: 19977404063 states generated (200,282,031 s/min), 1025263976 distinct states found (7,668,704 ds/min), 21956189 states left on queue.
Progress(50) at 2012-12-16 14:25:25: 20169347613 states generated (191,943,550 s/min), 1032604023 distinct states found (7,340,047 ds/min), 19516748 states left on queue.
Progress(51) at 2012-12-16 14:26:25: 20348610330 states generated (179,262,717 s/min), 1039421191 distinct states found (6,817,168 ds/min), 17412650 states left on queue.
Progress(51) at 2012-12-16 14:27:25: 20563628782 states generated (215,018,452 s/min), 1047367983 distinct states found (7,946,792 ds/min), 14357034 states left on queue.
Progress(51) at 2012-12-16 14:28:25: 20777002322 states generated (213,373,540 s/min), 1055112078 distinct states found (7,744,095 ds/min), 11449581 states left on queue.
Progress(51) at 2012-12-16 14:29:25: 21000498157 states generated (223,495,835 s/min), 1063004610 distinct states found (7,892,532 ds/min), 7963177 states left on queue.
Progress(54) at 2012-12-16 14:30:25: 21231432571 states generated (230,934,414 s/min), 1070571196 distinct states found (7,566,586 ds/min), 3618164 states left on queue.
Worker: rmi://ip-10-33-3-39.eu-west-1.compute.internal:44016/28 Sent: 4095370 Rcvd: 556912 CacheRatio: 0.00 (2012-12-16 14:30:55)
Worker: rmi://ip-10-33-0-202.eu-west-1.compute.internal:33126/28 Sent: 4364195 Rcvd: 587349 CacheRatio: 0.00 (2012-12-16 14:30:55)
Worker: rmi://ip-10-33-3-39.eu-west-1.compute.internal:44016/17 Sent: 4119796 Rcvd: 565022 CacheRatio: 0.00 (2012-12-16 14:30:55)
Worker: rmi://ip-10-33-3-35.eu-west-1.compute.internal:33207/1 Sent: 4138559 Rcvd: 553874 CacheRatio: 0.00 (2012-12-16 14:30:55)
Worker: rmi://ip-10-33-1-149.eu-west-1.compute.internal:36705/18 Sent: 4441364 Rcvd: 583155 CacheRatio: 0.00 (2012-12-16 14:30:55)
Worker: rmi://ip-10-33-3-35.eu-west-1.compute.internal:33207/9 Sent: 4200950 Rcvd: 564284 CacheRatio: 0.00 (2012-12-16 14:30:55)
Worker: rmi://ip-10-33-2-249.eu-west-1.compute.internal:40320/16 Sent: 4127284 Rcvd: 553066 CacheRatio: 0.00 (2012-12-16 14:30:55)
Worker: rmi://ip-10-33-0-202.eu-west-1.compute.internal:33126/16 Sent: 4177502 Rcvd: 557778 CacheRatio: 0.00 (2012-12-16 14:30:55)
Worker: rmi://ip-10-33-3-39.eu-west-1.compute.internal:44016/0 Sent: 4221125 Rcvd: 566366 CacheRatio: 0.00 (2012-12-16 14:30:55)
Worker: rmi://ip-10-33-3-93.eu-west-1.compute.internal:40323/22 Sent: 4130727 Rcvd: 560458 CacheRatio: 0.00 (2012-12-16 14:30:55)
Worker: rmi://ip-10-33-3-96.eu-west-1.compute.internal:43122/16 Sent: 4154839 Rcvd: 551623 CacheRatio: 0.00 (2012-12-16 14:30:55)
Worker: rmi://ip-10-33-3-96.eu-west-1.compute.internal:43122/31 Sent: 4102543 Rcvd: 552255 CacheRatio: 0.00 (2012-12-16 14:30:55)
Worker: rmi://ip-10-33-3-39.eu-west-1.compute.internal:44016/31 Sent: 4053339 Rcvd: 559523 CacheRatio: 0.00 (2012-12-16 14:30:55)
Worker: rmi://ip-10-33-1-195.eu-west-1.compute.internal:48295/19 Sent: 4073353 Rcvd: 557143 CacheRatio: 0.00 (2012-12-16 14:30:55)
Worker: rmi://ip-10-33-3-93.eu-west-1.compute.internal:40323/18 Sent: 4270070 Rcvd: 573416 CacheRatio: 0.00 (2012-12-16 14:30:55)
Worker: rmi://ip-10-33-3-35.eu-west-1.compute.internal:33207/23 Sent: 4234122 Rcvd: 562835 CacheRatio: 0.00 (2012-12-16 14:30:55)
Worker: rmi://ip-10-33-2-249.eu-west-1.compute.internal:40320/29 Sent: 4161262 Rcvd: 559136 CacheRatio: 0.00 (2012-12-16 14:30:55)
Worker: rmi://ip-10-33-3-96.eu-west-1.compute.internal:43122/18 Sent: 4089434 Rcvd: 556240 CacheRatio: 0.00 (2012-12-16 14:30:55)
Worker: rmi://ip-10-33-0-202.eu-west-1.compute.internal:33126/21 Sent: 4279673 Rcvd: 577647 CacheRatio: 0.00 (2012-12-16 14:30:55)
Worker: rmi://ip-10-33-1-195.eu-west-1.compute.internal:48295/25 Sent: 3986993 Rcvd: 544765 CacheRatio: 0.00 (2012-12-16 14:30:55)
Worker: rmi://ip-10-33-3-93.eu-west-1.compute.internal:40323/31 Sent: 4067201 Rcvd: 548793 CacheRatio: 0.00 (2012-12-16 14:30:55)
Worker: rmi://ip-10-33-0-202.eu-west-1.compute.internal:33126/11 Sent: 4207028 Rcvd: 573703 CacheRatio: 0.00 (2012-12-16 14:30:55)
Worker: rmi://ip-10-33-0-202.eu-west-1.compute.internal:33126/8 Sent: 4053595 Rcvd: 550879 CacheRatio: 0.00 (2012-12-16 14:30:55)
Worker: rmi://ip-10-33-2-249.eu-west-1.compute.internal:40320/1 Sent: 3847642 Rcvd: 548480 CacheRatio: 0.00 (2012-12-16 14:30:55)
Worker: rmi://ip-10-33-3-35.eu-west-1.compute.internal:33207/5 Sent: 4285959 Rcvd: 573970 CacheRatio: 0.00 (2012-12-16 14:30:55)
Worker: rmi://ip-10-33-3-93.eu-west-1.compute.internal:40323/19 Sent: 3949029 Rcvd: 530780 CacheRatio: 0.00 (2012-12-16 14:30:55)
Worker: rmi://ip-10-33-0-202.eu-west-1.compute.internal:33126/17 Sent: 4151706 Rcvd: 553035 CacheRatio: 0.00 (2012-12-16 14:30:55)
Worker: rmi://ip-10-33-3-93.eu-west-1.compute.internal:40323/29 Sent: 4121957 Rcvd: 554267 CacheRatio: 0.00 (2012-12-16 14:30:55)
Worker: rmi://ip-10-33-1-149.eu-west-1.compute.internal:36705/8 Sent: 4190380 Rcvd: 556005 CacheRatio: 0.00 (2012-12-16 14:30:55)
Worker: rmi://ip-10-33-3-35.eu-west-1.compute.internal:33207/20 Sent: 4122208 Rcvd: 561747 CacheRatio: 0.00 (2012-12-16 14:30:55)
Worker: rmi://ip-10-33-1-195.eu-west-1.compute.internal:48295/12 Sent: 4175264 Rcvd: 572924 CacheRatio: 0.00 (2012-12-16 14:30:55)
Worker: rmi://ip-10-33-3-96.eu-west-1.compute.internal:43122/14 Sent: 4194941 Rcvd: 569729 CacheRatio: 0.00 (2012-12-16 14:30:55)
Worker: rmi://ip-10-33-0-202.eu-west-1.compute.internal:33126/1 Sent: 4326949 Rcvd: 567668 CacheRatio: 0.00 (2012-12-16 14:30:55)
Worker: rmi://ip-10-33-3-96.eu-west-1.compute.internal:43122/11 Sent: 4196651 Rcvd: 564481 CacheRatio: 0.00 (2012-12-16 14:30:55)
Worker: rmi://ip-10-33-3-93.eu-west-1.compute.internal:40323/30 Sent: 4011329 Rcvd: 537943 CacheRatio: 0.00 (2012-12-16 14:30:55)
Worker: rmi://ip-10-33-3-96.eu-west-1.compute.internal:43122/5 Sent: 4055831 Rcvd: 553723 CacheRatio: 0.00 (2012-12-16 14:30:55)
Worker: rmi://ip-10-33-0-202.eu-west-1.compute.internal:33126/7 Sent: 4169173 Rcvd: 563259 CacheRatio: 0.00 (2012-12-16 14:30:55)
Worker: rmi://ip-10-33-3-96.eu-west-1.compute.internal:43122/28 Sent: 4275922 Rcvd: 575624 CacheRatio: 0.00 (2012-12-16 14:30:55)
Worker: rmi://ip-10-33-3-96.eu-west-1.compute.internal:43122/24 Sent: 4310534 Rcvd: 581450 CacheRatio: 0.00 (2012-12-16 14:30:55)
Worker: rmi://ip-10-33-1-195.eu-west-1.compute.internal:48295/13 Sent: 4204444 Rcvd: 558423 CacheRatio: 0.00 (2012-12-16 14:30:55)
Worker: rmi://ip-10-33-2-249.eu-west-1.compute.internal:40320/22 Sent: 4108825 Rcvd: 552883 CacheRatio: 0.00 (2012-12-16 14:30:55)
Worker: rmi://ip-10-33-2-249.eu-west-1.compute.internal:40320/0 Sent: 4109200 Rcvd: 555225 CacheRatio: 0.00 (2012-12-16 14:30:55)
Worker: rmi://ip-10-33-1-149.eu-west-1.compute.internal:36705/4 Sent: 4304966 Rcvd: 571226 CacheRatio: 0.00 (2012-12-16 14:30:55)
Worker: rmi://ip-10-33-3-39.eu-west-1.compute.internal:44016/21 Sent: 4241741 Rcvd: 564244 CacheRatio: 0.00 (2012-12-16 14:30:55)
Worker: rmi://ip-10-33-2-249.eu-west-1.compute.internal:40320/12 Sent: 4061620 Rcvd: 543543 CacheRatio: 0.00 (2012-12-16 14:30:55)
Worker: rmi://ip-10-33-3-93.eu-west-1.compute.internal:40323/9 Sent: 4276862 Rcvd: 574277 CacheRatio: 0.00 (2012-12-16 14:30:55)
Worker: rmi://ip-10-33-3-93.eu-west-1.compute.internal:40323/12 Sent: 4261500 Rcvd: 589996 CacheRatio: 0.00 (2012-12-16 14:30:55)
Worker: rmi://ip-10-33-0-202.eu-west-1.compute.internal:33126/4 Sent: 4202393 Rcvd: 567916 CacheRatio: 0.00 (2012-12-16 14:30:55)
Worker: rmi://ip-10-33-1-149.eu-west-1.compute.internal:36705/5 Sent: 4308737 Rcvd: 568625 CacheRatio: 0.00 (2012-12-16 14:30:55)
Worker: rmi://ip-10-33-3-96.eu-west-1.compute.internal:43122/10 Sent: 4101774 Rcvd: 560708 CacheRatio: 0.00 (2012-12-16 14:30:55)
Worker: rmi://ip-10-33-3-93.eu-west-1.compute.internal:40323/11 Sent: 4275024 Rcvd: 582541 CacheRatio: 0.00 (2012-12-16 14:30:55)
Worker: rmi://ip-10-33-2-249.eu-west-1.compute.internal:40320/15 Sent: 4022875 Rcvd: 546229 CacheRatio: 0.00 (2012-12-16 14:30:55)
Worker: rmi://ip-10-33-3-39.eu-west-1.compute.internal:44016/6 Sent: 4280881 Rcvd: 573448 CacheRatio: 0.00 (2012-12-16 14:30:55)
Worker: rmi://ip-10-33-1-149.eu-west-1.compute.internal:36705/13 Sent: 4065665 Rcvd: 536645 CacheRatio: 0.00 (2012-12-16 14:30:55)
Worker: rmi://ip-10-33-0-202.eu-west-1.compute.internal:33126/23 Sent: 4176367 Rcvd: 572840 CacheRatio: 0.00 (2012-12-16 14:30:55)
Worker: rmi://ip-10-33-0-202.eu-west-1.compute.internal:33126/25 Sent: 4235086 Rcvd: 578912 CacheRatio: 0.00 (2012-12-16 14:30:55)
Worker: rmi://ip-10-33-3-96.eu-west-1.compute.internal:43122/19 Sent: 4228232 Rcvd: 569096 CacheRatio: 0.00 (2012-12-16 14:30:55)
Worker: rmi://ip-10-33-3-93.eu-west-1.compute.internal:40323/26 Sent: 4308907 Rcvd: 573624 CacheRatio: 0.00 (2012-12-16 14:30:55)
Worker: rmi://ip-10-33-3-35.eu-west-1.compute.internal:33207/27 Sent: 4010108 Rcvd: 540690 CacheRatio: 0.00 (2012-12-16 14:30:55)
Worker: rmi://ip-10-33-1-195.eu-west-1.compute.internal:48295/11 Sent: 4109158 Rcvd: 560347 CacheRatio: 0.00 (2012-12-16 14:30:55)
Worker: rmi://ip-10-33-3-93.eu-west-1.compute.internal:40323/21 Sent: 4322295 Rcvd: 571277 CacheRatio: 0.00 (2012-12-16 14:30:55)
Worker: rmi://ip-10-33-3-96.eu-west-1.compute.internal:43122/15 Sent: 4268330 Rcvd: 575839 CacheRatio: 0.00 (2012-12-16 14:30:55)
Worker: rmi://ip-10-33-3-96.eu-west-1.compute.internal:43122/26 Sent: 4206780 Rcvd: 564840 CacheRatio: 0.00 (2012-12-16 14:30:55)
Worker: rmi://ip-10-33-3-93.eu-west-1.compute.internal:40323/24 Sent: 4113092 Rcvd: 562287 CacheRatio: 0.00 (2012-12-16 14:30:55)
Worker: rmi://ip-10-33-3-93.eu-west-1.compute.internal:40323/28 Sent: 4128287 Rcvd: 558011 CacheRatio: 0.00 (2012-12-16 14:30:55)
Worker: rmi://ip-10-33-3-93.eu-west-1.compute.internal:40323/15 Sent: 4336207 Rcvd: 565366 CacheRatio: 0.00 (2012-12-16 14:30:55)
Worker: rmi://ip-10-33-1-195.eu-west-1.compute.internal:48295/20 Sent: 4332156 Rcvd: 573188 CacheRatio: 0.00 (2012-12-16 14:30:55)
Worker: rmi://ip-10-33-3-35.eu-west-1.compute.internal:33207/22 Sent: 4161667 Rcvd: 565276 CacheRatio: 0.00 (2012-12-16 14:30:55)
Worker: rmi://ip-10-33-0-202.eu-west-1.compute.internal:33126/15 Sent: 4229432 Rcvd: 574945 CacheRatio: 0.00 (2012-12-16 14:30:55)
Worker: rmi://ip-10-33-1-195.eu-west-1.compute.internal:48295/4 Sent: 4014482 Rcvd: 545239 CacheRatio: 0.00 (2012-12-16 14:30:55)
Worker: rmi://ip-10-33-3-39.eu-west-1.compute.internal:44016/19 Sent: 4244809 Rcvd: 566869 CacheRatio: 0.00 (2012-12-16 14:30:55)
Worker: rmi://ip-10-33-3-93.eu-west-1.compute.internal:40323/13 Sent: 4241971 Rcvd: 571136 CacheRatio: 0.00 (2012-12-16 14:30:55)
Worker: rmi://ip-10-33-3-39.eu-west-1.compute.internal:44016/27 Sent: 4278666 Rcvd: 558768 CacheRatio: 0.00 (2012-12-16 14:30:55)
Worker: rmi://ip-10-33-3-96.eu-west-1.compute.internal:43122/23 Sent: 4172006 Rcvd: 574837 CacheRatio: 0.00 (2012-12-16 14:30:55)
Worker: rmi://ip-10-33-2-249.eu-west-1.compute.internal:40320/23 Sent: 4148255 Rcvd: 562737 CacheRatio: 0.00 (2012-12-16 14:30:55)
Worker: rmi://ip-10-33-1-149.eu-west-1.compute.internal:36705/7 Sent: 4407965 Rcvd: 590840 CacheRatio: 0.00 (2012-12-16 14:30:55)
Worker: rmi://ip-10-33-3-93.eu-west-1.compute.internal:40323/8 Sent: 4250268 Rcvd: 573901 CacheRatio: 0.00 (2012-12-16 14:30:55)
Worker: rmi://ip-10-33-1-195.eu-west-1.compute.internal:48295/16 Sent: 4341239 Rcvd: 583458 CacheRatio: 0.00 (2012-12-16 14:30:55)
Worker: rmi://ip-10-33-3-93.eu-west-1.compute.internal:40323/27 Sent: 4099311 Rcvd: 547814 CacheRatio: 0.00 (2012-12-16 14:30:55)
Worker: rmi://ip-10-33-0-202.eu-west-1.compute.internal:33126/13 Sent: 4159537 Rcvd: 563143 CacheRatio: 0.00 (2012-12-16 14:30:55)
Worker: rmi://ip-10-33-3-35.eu-west-1.compute.internal:33207/10 Sent: 4116191 Rcvd: 555899 CacheRatio: 0.00 (2012-12-16 14:30:55)
Worker: rmi://ip-10-33-1-195.eu-west-1.compute.internal:48295/8 Sent: 4069405 Rcvd: 559189 CacheRatio: 0.00 (2012-12-16 14:30:55)
Worker: rmi://ip-10-33-1-149.eu-west-1.compute.internal:36705/31 Sent: 4306416 Rcvd: 574891 CacheRatio: 0.00 (2012-12-16 14:30:55)
Worker: rmi://ip-10-33-3-93.eu-west-1.compute.internal:40323/1 Sent: 4163038 Rcvd: 556588 CacheRatio: 0.00 (2012-12-16 14:30:55)
Worker: rmi://ip-10-33-3-39.eu-west-1.compute.internal:44016/16 Sent: 4226629 Rcvd: 568118 CacheRatio: 0.00 (2012-12-16 14:30:55)
Worker: rmi://ip-10-33-3-96.eu-west-1.compute.internal:43122/17 Sent: 4123875 Rcvd: 553264 CacheRatio: 0.00 (2012-12-16 14:30:55)
Worker: rmi://ip-10-33-3-96.eu-west-1.compute.internal:43122/22 Sent: 4125419 Rcvd: 559400 CacheRatio: 0.00 (2012-12-16 14:30:55)
Worker: rmi://ip-10-33-3-39.eu-west-1.compute.internal:44016/18 Sent: 4289173 Rcvd: 584030 CacheRatio: 0.00 (2012-12-16 14:30:55)
Worker: rmi://ip-10-33-3-39.eu-west-1.compute.internal:44016/9 Sent: 4265810 Rcvd: 578839 CacheRatio: 0.00 (2012-12-16 14:30:55)
Worker: rmi://ip-10-33-3-39.eu-west-1.compute.internal:44016/14 Sent: 4148323 Rcvd: 563775 CacheRatio: 0.00 (2012-12-16 14:30:55)
Worker: rmi://ip-10-33-2-249.eu-west-1.compute.internal:40320/10 Sent: 4195620 Rcvd: 565173 CacheRatio: 0.00 (2012-12-16 14:30:55)
Worker: rmi://ip-10-33-3-93.eu-west-1.compute.internal:40323/23 Sent: 4230072 Rcvd: 579224 CacheRatio: 0.00 (2012-12-16 14:30:55)
Worker: rmi://ip-10-33-0-202.eu-west-1.compute.internal:33126/26 Sent: 4203606 Rcvd: 560257 CacheRatio: 0.00 (2012-12-16 14:30:55)
Worker: rmi://ip-10-33-3-93.eu-west-1.compute.internal:40323/4 Sent: 4123088 Rcvd: 571360 CacheRatio: 0.00 (2012-12-16 14:30:55)
Worker: rmi://ip-10-33-0-202.eu-west-1.compute.internal:33126/14 Sent: 4359998 Rcvd: 573867 CacheRatio: 0.00 (2012-12-16 14:30:55)
Worker: rmi://ip-10-33-1-149.eu-west-1.compute.internal:36705/12 Sent: 4287429 Rcvd: 579692 CacheRatio: 0.00 (2012-12-16 14:30:55)
Worker: rmi://ip-10-33-3-93.eu-west-1.compute.internal:40323/7 Sent: 4307711 Rcvd: 570412 CacheRatio: 0.00 (2012-12-16 14:30:55)
Worker: rmi://ip-10-33-3-35.eu-west-1.compute.internal:33207/6 Sent: 4071410 Rcvd: 552230 CacheRatio: 0.00 (2012-12-16 14:30:55)
Worker: rmi://ip-10-33-3-93.eu-west-1.compute.internal:40323/16 Sent: 4177635 Rcvd: 556444 CacheRatio: 0.00 (2012-12-16 14:30:55)
Worker: rmi://ip-10-33-3-35.eu-west-1.compute.internal:33207/12 Sent: 4079922 Rcvd: 547879 CacheRatio: 0.00 (2012-12-16 14:30:55)
Worker: rmi://ip-10-33-3-96.eu-west-1.compute.internal:43122/20 Sent: 4191782 Rcvd: 561533 CacheRatio: 0.00 (2012-12-16 14:30:55)
Worker: rmi://ip-10-33-3-93.eu-west-1.compute.internal:40323/0 Sent: 4275707 Rcvd: 573361 CacheRatio: 0.00 (2012-12-16 14:30:55)
Worker: rmi://ip-10-33-0-202.eu-west-1.compute.internal:33126/12 Sent: 4105568 Rcvd: 558168 CacheRatio: 0.00 (2012-12-16 14:30:55)
Worker: rmi://ip-10-33-1-195.eu-west-1.compute.internal:48295/21 Sent: 4267906 Rcvd: 570769 CacheRatio: 0.00 (2012-12-16 14:30:55)
Worker: rmi://ip-10-33-2-249.eu-west-1.compute.internal:40320/25 Sent: 3997191 Rcvd: 551156 CacheRatio: 0.00 (2012-12-16 14:30:55)
Worker: rmi://ip-10-33-3-35.eu-west-1.compute.internal:33207/11 Sent: 4220926 Rcvd: 560469 CacheRatio: 0.00 (2012-12-16 14:30:55)
Worker: rmi://ip-10-33-1-195.eu-west-1.compute.internal:48295/9 Sent: 4124999 Rcvd: 562675 CacheRatio: 0.00 (2012-12-16 14:30:55)
Worker: rmi://ip-10-33-3-93.eu-west-1.compute.internal:40323/5 Sent: 4219519 Rcvd: 568018 CacheRatio: 0.00 (2012-12-16 14:30:55)
Worker: rmi://ip-10-33-3-39.eu-west-1.compute.internal:44016/30 Sent: 4284773 Rcvd: 575521 CacheRatio: 0.00 (2012-12-16 14:30:55)
Worker: rmi://ip-10-33-3-39.eu-west-1.compute.internal:44016/3 Sent: 4166640 Rcvd: 556096 CacheRatio: 0.00 (2012-12-16 14:30:55)
Worker: rmi://ip-10-33-1-195.eu-west-1.compute.internal:48295/18 Sent: 4229692 Rcvd: 554810 CacheRatio: 0.00 (2012-12-16 14:30:55)
Worker: rmi://ip-10-33-3-35.eu-west-1.compute.internal:33207/3 Sent: 4049814 Rcvd: 551167 CacheRatio: 0.00 (2012-12-16 14:30:55)
Worker: rmi://ip-10-33-2-249.eu-west-1.compute.internal:40320/13 Sent: 4288722 Rcvd: 568930 CacheRatio: 0.00 (2012-12-16 14:30:55)
Worker: rmi://ip-10-33-1-149.eu-west-1.compute.internal:36705/14 Sent: 4272573 Rcvd: 562583 CacheRatio: 0.00 (2012-12-16 14:30:55)
Worker: rmi://ip-10-33-3-35.eu-west-1.compute.internal:33207/31 Sent: 4051872 Rcvd: 545345 CacheRatio: 0.00 (2012-12-16 14:30:55)
Worker: rmi://ip-10-33-3-35.eu-west-1.compute.internal:33207/0 Sent: 4024650 Rcvd: 546053 CacheRatio: 0.00 (2012-12-16 14:30:55)
Worker: rmi://ip-10-33-3-96.eu-west-1.compute.internal:43122/12 Sent: 3999508 Rcvd: 536204 CacheRatio: 0.00 (2012-12-16 14:30:55)
Worker: rmi://ip-10-33-3-39.eu-west-1.compute.internal:44016/11 Sent: 4240914 Rcvd: 573232 CacheRatio: 0.00 (2012-12-16 14:30:55)
Worker: rmi://ip-10-33-3-35.eu-west-1.compute.internal:33207/7 Sent: 4069404 Rcvd: 547628 CacheRatio: 0.00 (2012-12-16 14:30:55)
Worker: rmi://ip-10-33-1-149.eu-west-1.compute.internal:36705/27 Sent: 4318449 Rcvd: 570310 CacheRatio: 0.00 (2012-12-16 14:30:55)
Worker: rmi://ip-10-33-3-39.eu-west-1.compute.internal:44016/1 Sent: 4346896 Rcvd: 561463 CacheRatio: 0.00 (2012-12-16 14:30:55)
Worker: rmi://ip-10-33-1-149.eu-west-1.compute.internal:36705/30 Sent: 4417934 Rcvd: 592000 CacheRatio: 0.00 (2012-12-16 14:30:55)
Worker: rmi://ip-10-33-3-39.eu-west-1.compute.internal:44016/7 Sent: 4268857 Rcvd: 578764 CacheRatio: 0.00 (2012-12-16 14:30:55)
Worker: rmi://ip-10-33-3-96.eu-west-1.compute.internal:43122/0 Sent: 4079833 Rcvd: 557894 CacheRatio: 0.00 (2012-12-16 14:30:55)
Worker: rmi://ip-10-33-0-202.eu-west-1.compute.internal:33126/5 Sent: 4210525 Rcvd: 571407 CacheRatio: 0.00 (2012-12-16 14:30:55)
Worker: rmi://ip-10-33-3-96.eu-west-1.compute.internal:43122/9 Sent: 4156714 Rcvd: 569621 CacheRatio: 0.00 (2012-12-16 14:30:55)
Worker: rmi://ip-10-33-3-35.eu-west-1.compute.internal:33207/24 Sent: 3921783 Rcvd: 525038 CacheRatio: 0.00 (2012-12-16 14:30:55)
Worker: rmi://ip-10-33-1-195.eu-west-1.compute.internal:48295/3 Sent: 4071096 Rcvd: 560443 CacheRatio: 0.00 (2012-12-16 14:30:55)
Worker: rmi://ip-10-33-3-39.eu-west-1.compute.internal:44016/23 Sent: 4293570 Rcvd: 579768 CacheRatio: 0.00 (2012-12-16 14:30:55)
Worker: rmi://ip-10-33-3-39.eu-west-1.compute.internal:44016/20 Sent: 4225283 Rcvd: 562529 CacheRatio: 0.00 (2012-12-16 14:30:55)
Worker: rmi://ip-10-33-0-202.eu-west-1.compute.internal:33126/27 Sent: 4269742 Rcvd: 567219 CacheRatio: 0.00 (2012-12-16 14:30:55)
Worker: rmi://ip-10-33-1-149.eu-west-1.compute.internal:36705/29 Sent: 4422170 Rcvd: 582349 CacheRatio: 0.00 (2012-12-16 14:30:55)
Worker: rmi://ip-10-33-2-249.eu-west-1.compute.internal:40320/5 Sent: 4012710 Rcvd: 551860 CacheRatio: 0.00 (2012-12-16 14:30:55)
Worker: rmi://ip-10-33-1-195.eu-west-1.compute.internal:48295/10 Sent: 4096881 Rcvd: 560901 CacheRatio: 0.00 (2012-12-16 14:30:55)
Worker: rmi://ip-10-33-3-35.eu-west-1.compute.internal:33207/18 Sent: 4106204 Rcvd: 552161 CacheRatio: 0.00 (2012-12-16 14:30:55)
Worker: rmi://ip-10-33-3-96.eu-west-1.compute.internal:43122/6 Sent: 4177177 Rcvd: 563157 CacheRatio: 0.00 (2012-12-16 14:30:55)
Worker: rmi://ip-10-33-3-39.eu-west-1.compute.internal:44016/2 Sent: 4202563 Rcvd: 568114 CacheRatio: 0.00 (2012-12-16 14:30:55)
Worker: rmi://ip-10-33-3-35.eu-west-1.compute.internal:33207/26 Sent: 4034116 Rcvd: 549316 CacheRatio: 0.00 (2012-12-16 14:30:55)
Worker: rmi://ip-10-33-1-149.eu-west-1.compute.internal:36705/6 Sent: 4526536 Rcvd: 590210 CacheRatio: 0.00 (2012-12-16 14:30:55)
Worker: rmi://ip-10-33-3-35.eu-west-1.compute.internal:33207/29 Sent: 4132540 Rcvd: 555690 CacheRatio: 0.00 (2012-12-16 14:30:55)
Worker: rmi://ip-10-33-3-39.eu-west-1.compute.internal:44016/4 Sent: 4260434 Rcvd: 574640 CacheRatio: 0.00 (2012-12-16 14:30:55)
Worker: rmi://ip-10-33-0-202.eu-west-1.compute.internal:33126/29 Sent: 4245595 Rcvd: 561365 CacheRatio: 0.00 (2012-12-16 14:30:55)
Worker: rmi://ip-10-33-1-149.eu-west-1.compute.internal:36705/10 Sent: 4153628 Rcvd: 557261 CacheRatio: 0.00 (2012-12-16 14:30:55)
Worker: rmi://ip-10-33-0-202.eu-west-1.compute.internal:33126/31 Sent: 4251885 Rcvd: 580114 CacheRatio: 0.00 (2012-12-16 14:30:55)
Worker: rmi://ip-10-33-3-35.eu-west-1.compute.internal:33207/2 Sent: 4230508 Rcvd: 560927 CacheRatio: 0.00 (2012-12-16 14:30:55)
Worker: rmi://ip-10-33-3-35.eu-west-1.compute.internal:33207/13 Sent: 4025627 Rcvd: 546701 CacheRatio: 0.00 (2012-12-16 14:30:55)
Worker: rmi://ip-10-33-1-195.eu-west-1.compute.internal:48295/30 Sent: 4233613 Rcvd: 565030 CacheRatio: 0.00 (2012-12-16 14:30:55)
Worker: rmi://ip-10-33-3-35.eu-west-1.compute.internal:33207/25 Sent: 3990644 Rcvd: 536100 CacheRatio: 0.00 (2012-12-16 14:30:55)
Worker: rmi://ip-10-33-1-149.eu-west-1.compute.internal:36705/24 Sent: 4236456 Rcvd: 567639 CacheRatio: 0.00 (2012-12-16 14:30:55)
Worker: rmi://ip-10-33-1-149.eu-west-1.compute.internal:36705/15 Sent: 4276294 Rcvd: 570924 CacheRatio: 0.00 (2012-12-16 14:30:55)
Worker: rmi://ip-10-33-2-249.eu-west-1.compute.internal:40320/2 Sent: 4039290 Rcvd: 548602 CacheRatio: 0.00 (2012-12-16 14:30:55)
Worker: rmi://ip-10-33-1-195.eu-west-1.compute.internal:48295/2 Sent: 4412504 Rcvd: 586523 CacheRatio: 0.00 (2012-12-16 14:30:55)
Worker: rmi://ip-10-33-2-249.eu-west-1.compute.internal:40320/11 Sent: 4107886 Rcvd: 541328 CacheRatio: 0.00 (2012-12-16 14:30:55)
Worker: rmi://ip-10-33-3-93.eu-west-1.compute.internal:40323/3 Sent: 4351538 Rcvd: 586705 CacheRatio: 0.00 (2012-12-16 14:30:55)
Worker: rmi://ip-10-33-1-149.eu-west-1.compute.internal:36705/25 Sent: 4306791 Rcvd: 570504 CacheRatio: 0.00 (2012-12-16 14:30:55)
Worker: rmi://ip-10-33-0-202.eu-west-1.compute.internal:33126/18 Sent: 4330833 Rcvd: 575406 CacheRatio: 0.00 (2012-12-16 14:30:55)
Worker: rmi://ip-10-33-1-149.eu-west-1.compute.internal:36705/21 Sent: 4341087 Rcvd: 571455 CacheRatio: 0.00 (2012-12-16 14:30:55)
Worker: rmi://ip-10-33-3-93.eu-west-1.compute.internal:40323/17 Sent: 4156849 Rcvd: 563289 CacheRatio: 0.00 (2012-12-16 14:30:55)
Worker: rmi://ip-10-33-3-93.eu-west-1.compute.internal:40323/10 Sent: 4041022 Rcvd: 561762 CacheRatio: 0.00 (2012-12-16 14:30:55)
Worker: rmi://ip-10-33-1-195.eu-west-1.compute.internal:48295/31 Sent: 4213120 Rcvd: 574224 CacheRatio: 0.00 (2012-12-16 14:30:55)
Worker: rmi://ip-10-33-3-39.eu-west-1.compute.internal:44016/29 Sent: 4332969 Rcvd: 580489 CacheRatio: 0.00 (2012-12-16 14:30:55)
Worker: rmi://ip-10-33-1-195.eu-west-1.compute.internal:48295/26 Sent: 4211574 Rcvd: 558722 CacheRatio: 0.00 (2012-12-16 14:30:55)
Worker: rmi://ip-10-33-1-149.eu-west-1.compute.internal:36705/3 Sent: 4532174 Rcvd: 590578 CacheRatio: 0.00 (2012-12-16 14:30:55)
Worker: rmi://ip-10-33-3-39.eu-west-1.compute.internal:44016/22 Sent: 4350687 Rcvd: 581318 CacheRatio: 0.00 (2012-12-16 14:30:55)
Worker: rmi://ip-10-33-2-249.eu-west-1.compute.internal:40320/27 Sent: 4125028 Rcvd: 565323 CacheRatio: 0.00 (2012-12-16 14:30:55)
Worker: rmi://ip-10-33-1-149.eu-west-1.compute.internal:36705/16 Sent: 4391584 Rcvd: 577667 CacheRatio: 0.00 (2012-12-16 14:30:55)
Worker: rmi://ip-10-33-2-249.eu-west-1.compute.internal:40320/24 Sent: 4025186 Rcvd: 538390 CacheRatio: 0.00 (2012-12-16 14:30:55)
Worker: rmi://ip-10-33-0-202.eu-west-1.compute.internal:33126/10 Sent: 4296803 Rcvd: 575773 CacheRatio: 0.00 (2012-12-16 14:30:55)
Worker: rmi://ip-10-33-2-249.eu-west-1.compute.internal:40320/7 Sent: 4203271 Rcvd: 557714 CacheRatio: 0.00 (2012-12-16 14:30:55)
Worker: rmi://ip-10-33-3-35.eu-west-1.compute.internal:33207/17 Sent: 4093729 Rcvd: 545513 CacheRatio: 0.00 (2012-12-16 14:30:55)
Worker: rmi://ip-10-33-3-35.eu-west-1.compute.internal:33207/4 Sent: 4277391 Rcvd: 567188 CacheRatio: 0.00 (2012-12-16 14:30:55)
Worker: rmi://ip-10-33-2-249.eu-west-1.compute.internal:40320/8 Sent: 4182849 Rcvd: 553141 CacheRatio: 0.00 (2012-12-16 14:30:55)
Worker: rmi://ip-10-33-2-249.eu-west-1.compute.internal:40320/31 Sent: 4175330 Rcvd: 558412 CacheRatio: 0.00 (2012-12-16 14:30:55)
Worker: rmi://ip-10-33-3-35.eu-west-1.compute.internal:33207/30 Sent: 4075752 Rcvd: 535972 CacheRatio: 0.00 (2012-12-16 14:30:55)
Worker: rmi://ip-10-33-1-195.eu-west-1.compute.internal:48295/15 Sent: 4340690 Rcvd: 579022 CacheRatio: 0.00 (2012-12-16 14:30:55)
Worker: rmi://ip-10-33-3-39.eu-west-1.compute.internal:44016/24 Sent: 4158274 Rcvd: 564159 CacheRatio: 0.00 (2012-12-16 14:30:55)
Worker: rmi://ip-10-33-1-195.eu-west-1.compute.internal:48295/6 Sent: 4187016 Rcvd: 563144 CacheRatio: 0.00 (2012-12-16 14:30:55)
Worker: rmi://ip-10-33-3-35.eu-west-1.compute.internal:33207/16 Sent: 4229005 Rcvd: 556726 CacheRatio: 0.00 (2012-12-16 14:30:55)
Worker: rmi://ip-10-33-1-195.eu-west-1.compute.internal:48295/28 Sent: 4100055 Rcvd: 558907 CacheRatio: 0.00 (2012-12-16 14:30:55)
Worker: rmi://ip-10-33-3-96.eu-west-1.compute.internal:43122/13 Sent: 3956280 Rcvd: 534793 CacheRatio: 0.00 (2012-12-16 14:30:55)
Worker: rmi://ip-10-33-3-35.eu-west-1.compute.internal:33207/8 Sent: 4198852 Rcvd: 559138 CacheRatio: 0.00 (2012-12-16 14:30:55)
Worker: rmi://ip-10-33-2-249.eu-west-1.compute.internal:40320/28 Sent: 4009524 Rcvd: 553508 CacheRatio: 0.00 (2012-12-16 14:30:55)
Worker: rmi://ip-10-33-1-195.eu-west-1.compute.internal:48295/17 Sent: 4048020 Rcvd: 543434 CacheRatio: 0.00 (2012-12-16 14:30:55)
Worker: rmi://ip-10-33-3-39.eu-west-1.compute.internal:44016/26 Sent: 4161538 Rcvd: 565870 CacheRatio: 0.00 (2012-12-16 14:30:55)
Worker: rmi://ip-10-33-3-93.eu-west-1.compute.internal:40323/25 Sent: 4160178 Rcvd: 556044 CacheRatio: 0.00 (2012-12-16 14:30:55)
Worker: rmi://ip-10-33-2-249.eu-west-1.compute.internal:40320/20 Sent: 3957926 Rcvd: 541339 CacheRatio: 0.00 (2012-12-16 14:30:55)
Worker: rmi://ip-10-33-2-249.eu-west-1.compute.internal:40320/19 Sent: 4107538 Rcvd: 545850 CacheRatio: 0.00 (2012-12-16 14:30:55)
Worker: rmi://ip-10-33-2-249.eu-west-1.compute.internal:40320/6 Sent: 4113803 Rcvd: 553813 CacheRatio: 0.00 (2012-12-16 14:30:55)
Worker: rmi://ip-10-33-1-149.eu-west-1.compute.internal:36705/11 Sent: 4379200 Rcvd: 580294 CacheRatio: 0.00 (2012-12-16 14:30:55)
Worker: rmi://ip-10-33-2-249.eu-west-1.compute.internal:40320/26 Sent: 4159474 Rcvd: 558595 CacheRatio: 0.00 (2012-12-16 14:30:55)
Worker: rmi://ip-10-33-1-149.eu-west-1.compute.internal:36705/0 Sent: 4320251 Rcvd: 570926 CacheRatio: 0.00 (2012-12-16 14:30:55)
Worker: rmi://ip-10-33-1-195.eu-west-1.compute.internal:48295/24 Sent: 4406005 Rcvd: 582862 CacheRatio: 0.00 (2012-12-16 14:30:55)
Worker: rmi://ip-10-33-0-202.eu-west-1.compute.internal:33126/20 Sent: 4176589 Rcvd: 563064 CacheRatio: 0.00 (2012-12-16 14:30:55)
Worker: rmi://ip-10-33-1-195.eu-west-1.compute.internal:48295/7 Sent: 4262776 Rcvd: 567082 CacheRatio: 0.00 (2012-12-16 14:30:55)
Worker: rmi://ip-10-33-1-195.eu-west-1.compute.internal:48295/22 Sent: 4213295 Rcvd: 567922 CacheRatio: 0.00 (2012-12-16 14:30:55)
Worker: rmi://ip-10-33-1-149.eu-west-1.compute.internal:36705/19 Sent: 4428209 Rcvd: 578749 CacheRatio: 0.00 (2012-12-16 14:30:55)
Worker: rmi://ip-10-33-1-149.eu-west-1.compute.internal:36705/26 Sent: 4167642 Rcvd: 548006 CacheRatio: 0.00 (2012-12-16 14:30:55)
Worker: rmi://ip-10-33-1-195.eu-west-1.compute.internal:48295/29 Sent: 3995402 Rcvd: 547411 CacheRatio: 0.00 (2012-12-16 14:30:55)
Worker: rmi://ip-10-33-2-249.eu-west-1.compute.internal:40320/4 Sent: 4117508 Rcvd: 555053 CacheRatio: 0.00 (2012-12-16 14:30:55)
Worker: rmi://ip-10-33-3-93.eu-west-1.compute.internal:40323/20 Sent: 4280398 Rcvd: 581801 CacheRatio: 0.00 (2012-12-16 14:30:55)
Worker: rmi://ip-10-33-2-249.eu-west-1.compute.internal:40320/21 Sent: 4073127 Rcvd: 559041 CacheRatio: 0.00 (2012-12-16 14:30:55)
Worker: rmi://ip-10-33-3-96.eu-west-1.compute.internal:43122/1 Sent: 4148362 Rcvd: 566087 CacheRatio: 0.00 (2012-12-16 14:30:55)
Worker: rmi://ip-10-33-3-96.eu-west-1.compute.internal:43122/30 Sent: 4028223 Rcvd: 550355 CacheRatio: 0.00 (2012-12-16 14:30:55)
Worker: rmi://ip-10-33-1-149.eu-west-1.compute.internal:36705/23 Sent: 4297500 Rcvd: 566409 CacheRatio: 0.00 (2012-12-16 14:30:55)
Worker: rmi://ip-10-33-1-149.eu-west-1.compute.internal:36705/9 Sent: 4408431 Rcvd: 578215 CacheRatio: 0.00 (2012-12-16 14:30:55)
Worker: rmi://ip-10-33-3-96.eu-west-1.compute.internal:43122/3 Sent: 4023431 Rcvd: 541688 CacheRatio: 0.00 (2012-12-16 14:30:55)
Worker: rmi://ip-10-33-3-39.eu-west-1.compute.internal:44016/12 Sent: 4320192 Rcvd: 577779 CacheRatio: 0.00 (2012-12-16 14:30:55)
Worker: rmi://ip-10-33-3-96.eu-west-1.compute.internal:43122/2 Sent: 4097073 Rcvd: 546297 CacheRatio: 0.00 (2012-12-16 14:30:55)
Worker: rmi://ip-10-33-3-39.eu-west-1.compute.internal:44016/13 Sent: 4238089 Rcvd: 588161 CacheRatio: 0.00 (2012-12-16 14:30:55)
Worker: rmi://ip-10-33-1-149.eu-west-1.compute.internal:36705/22 Sent: 4323956 Rcvd: 572398 CacheRatio: 0.00 (2012-12-16 14:30:55)
Worker: rmi://ip-10-33-0-202.eu-west-1.compute.internal:33126/0 Sent: 3898251 Rcvd: 530911 CacheRatio: 0.00 (2012-12-16 14:30:55)
Worker: rmi://ip-10-33-0-202.eu-west-1.compute.internal:33126/3 Sent: 4007677 Rcvd: 536312 CacheRatio: 0.00 (2012-12-16 14:30:55)
Worker: rmi://ip-10-33-0-202.eu-west-1.compute.internal:33126/2 Sent: 4229824 Rcvd: 566244 CacheRatio: 0.00 (2012-12-16 14:30:55)
Worker: rmi://ip-10-33-3-35.eu-west-1.compute.internal:33207/28 Sent: 4366285 Rcvd: 573884 CacheRatio: 0.00 (2012-12-16 14:30:55)
Worker: rmi://ip-10-33-3-96.eu-west-1.compute.internal:43122/29 Sent: 4128414 Rcvd: 555243 CacheRatio: 0.00 (2012-12-16 14:30:55)
Worker: rmi://ip-10-33-0-202.eu-west-1.compute.internal:33126/24 Sent: 4208055 Rcvd: 572451 CacheRatio: 0.00 (2012-12-16 14:30:55)
Worker: rmi://ip-10-33-1-149.eu-west-1.compute.internal:36705/28 Sent: 4472904 Rcvd: 585585 CacheRatio: 0.00 (2012-12-16 14:30:55)
Worker: rmi://ip-10-33-1-195.eu-west-1.compute.internal:48295/23 Sent: 4258324 Rcvd: 574979 CacheRatio: 0.00 (2012-12-16 14:30:55)
Worker: rmi://ip-10-33-3-35.eu-west-1.compute.internal:33207/21 Sent: 4167729 Rcvd: 568032 CacheRatio: 0.00 (2012-12-16 14:30:55)
Worker: rmi://ip-10-33-0-202.eu-west-1.compute.internal:33126/9 Sent: 4159245 Rcvd: 573433 CacheRatio: 0.00 (2012-12-16 14:30:55)
Worker: rmi://ip-10-33-3-35.eu-west-1.compute.internal:33207/19 Sent: 4305916 Rcvd: 574369 CacheRatio: 0.00 (2012-12-16 14:30:55)
Worker: rmi://ip-10-33-3-93.eu-west-1.compute.internal:40323/14 Sent: 4267787 Rcvd: 587687 CacheRatio: 0.00 (2012-12-16 14:30:55)
Worker: rmi://ip-10-33-2-249.eu-west-1.compute.internal:40320/17 Sent: 4147099 Rcvd: 563582 CacheRatio: 0.00 (2012-12-16 14:30:55)
Worker: rmi://ip-10-33-3-35.eu-west-1.compute.internal:33207/15 Sent: 4051555 Rcvd: 544415 CacheRatio: 0.00 (2012-12-16 14:30:55)
Worker: rmi://ip-10-33-0-202.eu-west-1.compute.internal:33126/19 Sent: 4229571 Rcvd: 564390 CacheRatio: 0.00 (2012-12-16 14:30:55)
Worker: rmi://ip-10-33-3-39.eu-west-1.compute.internal:44016/25 Sent: 4212633 Rcvd: 571587 CacheRatio: 0.00 (2012-12-16 14:30:55)
Worker: rmi://ip-10-33-0-202.eu-west-1.compute.internal:33126/30 Sent: 4059085 Rcvd: 551124 CacheRatio: 0.00 (2012-12-16 14:30:55)
Worker: rmi://ip-10-33-3-93.eu-west-1.compute.internal:40323/2 Sent: 4385882 Rcvd: 588794 CacheRatio: 0.00 (2012-12-16 14:30:55)
Worker: rmi://ip-10-33-0-202.eu-west-1.compute.internal:33126/22 Sent: 4258487 Rcvd: 571465 CacheRatio: 0.00 (2012-12-16 14:30:55)
Worker: rmi://ip-10-33-1-195.eu-west-1.compute.internal:48295/14 Sent: 4287703 Rcvd: 572736 CacheRatio: 0.00 (2012-12-16 14:30:55)
Worker: rmi://ip-10-33-1-195.eu-west-1.compute.internal:48295/0 Sent: 4238695 Rcvd: 581956 CacheRatio: 0.00 (2012-12-16 14:30:55)
Worker: rmi://ip-10-33-3-96.eu-west-1.compute.internal:43122/7 Sent: 4220861 Rcvd: 564327 CacheRatio: 0.00 (2012-12-16 14:30:55)
Worker: rmi://ip-10-33-3-39.eu-west-1.compute.internal:44016/5 Sent: 4271424 Rcvd: 568784 CacheRatio: 0.00 (2012-12-16 14:30:55)
Worker: rmi://ip-10-33-1-149.eu-west-1.compute.internal:36705/1 Sent: 4329459 Rcvd: 573992 CacheRatio: 0.00 (2012-12-16 14:30:55)
Worker: rmi://ip-10-33-2-249.eu-west-1.compute.internal:40320/30 Sent: 3841288 Rcvd: 521087 CacheRatio: 0.00 (2012-12-16 14:30:55)
Worker: rmi://ip-10-33-3-96.eu-west-1.compute.internal:43122/25 Sent: 4316717 Rcvd: 579802 CacheRatio: 0.00 (2012-12-16 14:30:55)
Worker: rmi://ip-10-33-3-96.eu-west-1.compute.internal:43122/27 Sent: 4157567 Rcvd: 554648 CacheRatio: 0.00 (2012-12-16 14:30:55)
Worker: rmi://ip-10-33-1-195.eu-west-1.compute.internal:48295/27 Sent: 4137129 Rcvd: 559372 CacheRatio: 0.00 (2012-12-16 14:30:55)
Worker: rmi://ip-10-33-3-93.eu-west-1.compute.internal:40323/6 Sent: 4218089 Rcvd: 557362 CacheRatio: 0.00 (2012-12-16 14:30:55)
Worker: rmi://ip-10-33-3-39.eu-west-1.compute.internal:44016/15 Sent: 4290865 Rcvd: 575198 CacheRatio: 0.00 (2012-12-16 14:30:55)
Worker: rmi://ip-10-33-3-35.eu-west-1.compute.internal:33207/14 Sent: 4235385 Rcvd: 564847 CacheRatio: 0.00 (2012-12-16 14:30:55)
Worker: rmi://ip-10-33-3-96.eu-west-1.compute.internal:43122/21 Sent: 4243732 Rcvd: 564203 CacheRatio: 0.00 (2012-12-16 14:30:55)
Worker: rmi://ip-10-33-1-149.eu-west-1.compute.internal:36705/17 Sent: 4230816 Rcvd: 556953 CacheRatio: 0.00 (2012-12-16 14:30:55)
Worker: rmi://ip-10-33-3-39.eu-west-1.compute.internal:44016/10 Sent: 4194569 Rcvd: 561473 CacheRatio: 0.00 (2012-12-16 14:30:55)
Worker: rmi://ip-10-33-1-149.eu-west-1.compute.internal:36705/2 Sent: 4342581 Rcvd: 575038 CacheRatio: 0.00 (2012-12-16 14:30:55)
Worker: rmi://ip-10-33-3-96.eu-west-1.compute.internal:43122/4 Sent: 4130064 Rcvd: 560800 CacheRatio: 0.00 (2012-12-16 14:30:55)
Worker: rmi://ip-10-33-3-39.eu-west-1.compute.internal:44016/8 Sent: 4216358 Rcvd: 573285 CacheRatio: 0.00 (2012-12-16 14:30:55)
Worker: rmi://ip-10-33-2-249.eu-west-1.compute.internal:40320/3 Sent: 4218416 Rcvd: 563027 CacheRatio: 0.00 (2012-12-16 14:30:55)
Worker: rmi://ip-10-33-2-249.eu-west-1.compute.internal:40320/18 Sent: 4243792 Rcvd: 563375 CacheRatio: 0.00 (2012-12-16 14:30:55)
Worker: rmi://ip-10-33-1-149.eu-west-1.compute.internal:36705/20 Sent: 4350895 Rcvd: 578113 CacheRatio: 0.00 (2012-12-16 14:30:55)
Worker: rmi://ip-10-33-3-96.eu-west-1.compute.internal:43122/8 Sent: 4112536 Rcvd: 565245 CacheRatio: 0.00 (2012-12-16 14:30:55)
Worker: rmi://ip-10-33-0-202.eu-west-1.compute.internal:33126/6 Sent: 4217675 Rcvd: 560642 CacheRatio: 0.00 (2012-12-16 14:30:55)
Worker: rmi://ip-10-33-1-195.eu-west-1.compute.internal:48295/1 Sent: 4271384 Rcvd: 587260 CacheRatio: 0.00 (2012-12-16 14:30:55)
Worker: rmi://ip-10-33-2-249.eu-west-1.compute.internal:40320/14 Sent: 4283162 Rcvd: 584622 CacheRatio: 0.00 (2012-12-16 14:30:55)
Worker: rmi://ip-10-33-1-195.eu-west-1.compute.internal:48295/5 Sent: 4304191 Rcvd: 578894 CacheRatio: 0.00 (2012-12-16 14:30:55)
Worker: rmi://ip-10-33-2-249.eu-west-1.compute.internal:40320/9 Sent: 4216557 Rcvd: 550387 CacheRatio: 0.00 (2012-12-16 14:30:55)
Model checking completed. No error has been found.
  Estimates of the probability that TLC did not check all reachable states
  because two distinct states had the same fingerprint:
  calculated (optimistic):  val = .56
  based on the actual fingerprints:  val = 3.9E-10
21348767194 states generated, 1073741824 distinct states found, 0 states left on queue.
The depth of the complete state graph search is 67.
Finished. (2012-12-16 14:31:31)
