Listening for transport dt_socket at address: 1044
TLC Server Version 2.05 of 24 October 2012
Parsing file /mnt/tlc/8007/spec/l10_n8.tla
Parsing file /mnt/tlc/8007/spec/GridPerformanceTest.tla
Parsing file /mnt/tlc/8007/tla/tla2sany/StandardModules/TLC.tla
Parsing file /mnt/tlc/8007/tla/tla2sany/StandardModules/Integers.tla
Parsing file /mnt/tlc/8007/tla/tla2sany/StandardModules/FiniteSets.tla
Parsing file /mnt/tlc/8007/tla/tla2sany/StandardModules/Naturals.tla
Parsing file /mnt/tlc/8007/tla/tla2sany/StandardModules/Sequences.tla
Semantic processing of module Naturals
Semantic processing of module Integers
Semantic processing of module Sequences
Semantic processing of module FiniteSets
Semantic processing of module GridPerformanceTest
Semantic processing of module TLC
Semantic processing of module l10_n8
Starting... (2012-11-05 15:42:35)
Computing initial states...
Finished computing initial states: 1 distinct state(s) generated.
TLC server at ip-10-33-145-29 is ready (2012-11-05 15:43:15)
Done waiting for FPSet server(s) (2012-11-05 15:43:15)
Registration for worker at rmi://ip-10-32-49-239.eu-west-1.compute.internal:40948/0 completed (2012-11-05 15:43:16)
Registration for worker at rmi://ip-10-32-49-239.eu-west-1.compute.internal:40948/3 completed (2012-11-05 15:43:16)
Registration for worker at rmi://ip-10-32-49-239.eu-west-1.compute.internal:40948/2 completed (2012-11-05 15:43:16)
Registration for worker at rmi://ip-10-32-49-239.eu-west-1.compute.internal:40948/7 completed (2012-11-05 15:43:17)
Registration for worker at rmi://ip-10-32-49-239.eu-west-1.compute.internal:40948/4 completed (2012-11-05 15:43:17)
Registration for worker at rmi://ip-10-32-49-239.eu-west-1.compute.internal:40948/1 completed (2012-11-05 15:43:17)
Registration for worker at rmi://ip-10-32-49-239.eu-west-1.compute.internal:40948/5 completed (2012-11-05 15:43:17)
Registration for worker at rmi://ip-10-32-49-239.eu-west-1.compute.internal:40948/6 completed (2012-11-05 15:43:17)
Registration for worker at rmi://ip-10-33-145-10.eu-west-1.compute.internal:36310/3 completed (2012-11-05 15:43:30)
Registration for worker at rmi://ip-10-33-145-10.eu-west-1.compute.internal:36310/7 completed (2012-11-05 15:43:30)
Registration for worker at rmi://ip-10-33-145-10.eu-west-1.compute.internal:36310/6 completed (2012-11-05 15:43:30)
Registration for worker at rmi://ip-10-33-145-10.eu-west-1.compute.internal:36310/4 completed (2012-11-05 15:43:30)
Registration for worker at rmi://ip-10-33-145-10.eu-west-1.compute.internal:36310/0 completed (2012-11-05 15:43:30)
Registration for worker at rmi://ip-10-33-145-10.eu-west-1.compute.internal:36310/2 completed (2012-11-05 15:43:30)
Registration for worker at rmi://ip-10-33-145-10.eu-west-1.compute.internal:36310/5 completed (2012-11-05 15:43:30)
Registration for worker at rmi://ip-10-33-145-10.eu-west-1.compute.internal:36310/1 completed (2012-11-05 15:43:30)
Registration for worker at rmi://ip-10-32-53-155.eu-west-1.compute.internal:57715/3 completed (2012-11-05 15:43:30)
Registration for worker at rmi://ip-10-32-53-155.eu-west-1.compute.internal:57715/2 completed (2012-11-05 15:43:30)
Registration for worker at rmi://ip-10-32-53-155.eu-west-1.compute.internal:57715/4 completed (2012-11-05 15:43:30)
Registration for worker at rmi://ip-10-32-53-155.eu-west-1.compute.internal:57715/0 completed (2012-11-05 15:43:30)
Registration for worker at rmi://ip-10-32-53-155.eu-west-1.compute.internal:57715/6 completed (2012-11-05 15:43:30)
Registration for worker at rmi://ip-10-32-53-155.eu-west-1.compute.internal:57715/5 completed (2012-11-05 15:43:30)
Registration for worker at rmi://ip-10-32-53-155.eu-west-1.compute.internal:57715/1 completed (2012-11-05 15:43:30)
Registration for worker at rmi://ip-10-32-53-155.eu-west-1.compute.internal:57715/7 completed (2012-11-05 15:43:30)
Registration for worker at rmi://ip-10-32-49-226.eu-west-1.compute.internal:35371/4 completed (2012-11-05 15:43:30)
Registration for worker at rmi://ip-10-32-53-223.eu-west-1.compute.internal:53001/5 completed (2012-11-05 15:43:30)
Registration for worker at rmi://ip-10-32-49-207.eu-west-1.compute.internal:54405/2 completed (2012-11-05 15:43:30)
Registration for worker at rmi://ip-10-32-49-207.eu-west-1.compute.internal:54405/6 completed (2012-11-05 15:43:30)
Registration for worker at rmi://ip-10-32-49-207.eu-west-1.compute.internal:54405/5 completed (2012-11-05 15:43:30)
Registration for worker at rmi://ip-10-32-49-207.eu-west-1.compute.internal:54405/3 completed (2012-11-05 15:43:30)
Registration for worker at rmi://ip-10-32-49-207.eu-west-1.compute.internal:54405/1 completed (2012-11-05 15:43:30)
Registration for worker at rmi://ip-10-32-49-207.eu-west-1.compute.internal:54405/7 completed (2012-11-05 15:43:30)
Registration for worker at rmi://ip-10-32-49-207.eu-west-1.compute.internal:54405/0 completed (2012-11-05 15:43:30)
Registration for worker at rmi://ip-10-32-53-223.eu-west-1.compute.internal:53001/6 completed (2012-11-05 15:43:30)
Registration for worker at rmi://ip-10-32-53-223.eu-west-1.compute.internal:53001/0 completed (2012-11-05 15:43:30)
Registration for worker at rmi://ip-10-32-49-226.eu-west-1.compute.internal:35371/1 completed (2012-11-05 15:43:30)
Registration for worker at rmi://ip-10-32-53-223.eu-west-1.compute.internal:53001/4 completed (2012-11-05 15:43:30)
Registration for worker at rmi://ip-10-32-49-226.eu-west-1.compute.internal:35371/5 completed (2012-11-05 15:43:30)
Registration for worker at rmi://ip-10-32-49-226.eu-west-1.compute.internal:35371/7 completed (2012-11-05 15:43:30)
Registration for worker at rmi://ip-10-32-53-223.eu-west-1.compute.internal:53001/7 completed (2012-11-05 15:43:30)
Registration for worker at rmi://ip-10-32-49-226.eu-west-1.compute.internal:35371/2 completed (2012-11-05 15:43:30)
Registration for worker at rmi://ip-10-32-49-226.eu-west-1.compute.internal:35371/6 completed (2012-11-05 15:43:30)
Registration for worker at rmi://ip-10-32-49-226.eu-west-1.compute.internal:35371/3 completed (2012-11-05 15:43:30)
Registration for worker at rmi://ip-10-32-49-226.eu-west-1.compute.internal:35371/0 completed (2012-11-05 15:43:30)
Registration for worker at rmi://ip-10-32-53-223.eu-west-1.compute.internal:53001/3 completed (2012-11-05 15:43:30)
Registration for worker at rmi://ip-10-32-53-223.eu-west-1.compute.internal:53001/2 completed (2012-11-05 15:43:30)
Registration for worker at rmi://ip-10-32-53-223.eu-west-1.compute.internal:53001/1 completed (2012-11-05 15:43:30)
Registration for worker at rmi://ip-10-32-49-68.eu-west-1.compute.internal:41599/5 completed (2012-11-05 15:43:30)
Registration for worker at rmi://ip-10-32-49-68.eu-west-1.compute.internal:41599/7 completed (2012-11-05 15:43:30)
Registration for worker at rmi://ip-10-32-49-68.eu-west-1.compute.internal:41599/3 completed (2012-11-05 15:43:30)
Registration for worker at rmi://ip-10-32-49-68.eu-west-1.compute.internal:41599/0 completed (2012-11-05 15:43:30)
Registration for worker at rmi://ip-10-32-50-34.eu-west-1.compute.internal:42548/5 completed (2012-11-05 15:43:30)
Registration for worker at rmi://ip-10-32-50-34.eu-west-1.compute.internal:42548/0 completed (2012-11-05 15:43:30)
Registration for worker at rmi://ip-10-32-50-34.eu-west-1.compute.internal:42548/1 completed (2012-11-05 15:43:30)
Registration for worker at rmi://ip-10-32-50-34.eu-west-1.compute.internal:42548/6 completed (2012-11-05 15:43:30)
Registration for worker at rmi://ip-10-32-50-34.eu-west-1.compute.internal:42548/4 completed (2012-11-05 15:43:30)
Registration for worker at rmi://ip-10-32-50-34.eu-west-1.compute.internal:42548/2 completed (2012-11-05 15:43:30)
Registration for worker at rmi://ip-10-33-145-12.eu-west-1.compute.internal:40305/2 completed (2012-11-05 15:43:30)
Registration for worker at rmi://ip-10-32-50-34.eu-west-1.compute.internal:42548/7 completed (2012-11-05 15:43:30)
Registration for worker at rmi://ip-10-32-50-34.eu-west-1.compute.internal:42548/3 completed (2012-11-05 15:43:30)
Registration for worker at rmi://ip-10-32-49-207.eu-west-1.compute.internal:54405/4 completed (2012-11-05 15:43:30)
Registration for worker at rmi://ip-10-33-145-12.eu-west-1.compute.internal:40305/0 completed (2012-11-05 15:43:30)
Registration for worker at rmi://ip-10-33-145-12.eu-west-1.compute.internal:40305/5 completed (2012-11-05 15:43:30)
Registration for worker at rmi://ip-10-33-145-12.eu-west-1.compute.internal:40305/3 completed (2012-11-05 15:43:30)
Registration for worker at rmi://ip-10-33-145-12.eu-west-1.compute.internal:40305/6 completed (2012-11-05 15:43:30)
Registration for worker at rmi://ip-10-33-145-12.eu-west-1.compute.internal:40305/1 completed (2012-11-05 15:43:30)
Registration for worker at rmi://ip-10-33-145-12.eu-west-1.compute.internal:40305/7 completed (2012-11-05 15:43:30)
Registration for worker at rmi://ip-10-33-145-12.eu-west-1.compute.internal:40305/4 completed (2012-11-05 15:43:30)
Registration for worker at rmi://ip-10-32-42-250.eu-west-1.compute.internal:38335/7 completed (2012-11-05 15:43:30)
Registration for worker at rmi://ip-10-32-42-250.eu-west-1.compute.internal:38335/1 completed (2012-11-05 15:43:30)
Registration for worker at rmi://ip-10-32-42-250.eu-west-1.compute.internal:38335/3 completed (2012-11-05 15:43:30)
Registration for worker at rmi://ip-10-32-42-250.eu-west-1.compute.internal:38335/2 completed (2012-11-05 15:43:30)
Registration for worker at rmi://ip-10-32-42-250.eu-west-1.compute.internal:38335/6 completed (2012-11-05 15:43:30)
Registration for worker at rmi://ip-10-32-42-250.eu-west-1.compute.internal:38335/0 completed (2012-11-05 15:43:30)
Registration for worker at rmi://ip-10-32-42-250.eu-west-1.compute.internal:38335/4 completed (2012-11-05 15:43:30)
Registration for worker at rmi://ip-10-32-42-250.eu-west-1.compute.internal:38335/5 completed (2012-11-05 15:43:30)
Registration for worker at rmi://ip-10-32-49-68.eu-west-1.compute.internal:41599/4 completed (2012-11-05 15:43:30)
Registration for worker at rmi://ip-10-32-49-68.eu-west-1.compute.internal:41599/1 completed (2012-11-05 15:43:30)
Registration for worker at rmi://ip-10-32-49-68.eu-west-1.compute.internal:41599/2 completed (2012-11-05 15:43:30)
Registration for worker at rmi://ip-10-32-49-68.eu-west-1.compute.internal:41599/6 completed (2012-11-05 15:43:30)
Registration for worker at rmi://ip-10-33-145-75.eu-west-1.compute.internal:36532/3 completed (2012-11-05 15:43:30)
Registration for worker at rmi://ip-10-33-145-75.eu-west-1.compute.internal:36532/5 completed (2012-11-05 15:43:30)
Registration for worker at rmi://ip-10-33-145-75.eu-west-1.compute.internal:36532/4 completed (2012-11-05 15:43:30)
Registration for worker at rmi://ip-10-33-145-75.eu-west-1.compute.internal:36532/1 completed (2012-11-05 15:43:30)
Registration for worker at rmi://ip-10-33-145-75.eu-west-1.compute.internal:36532/0 completed (2012-11-05 15:43:30)
Registration for worker at rmi://ip-10-33-145-75.eu-west-1.compute.internal:36532/7 completed (2012-11-05 15:43:30)
Registration for worker at rmi://ip-10-33-145-75.eu-west-1.compute.internal:36532/2 completed (2012-11-05 15:43:30)
Registration for worker at rmi://ip-10-33-145-75.eu-west-1.compute.internal:36532/6 completed (2012-11-05 15:43:30)
Registration for worker at rmi://ip-10-32-42-119.eu-west-1.compute.internal:55247/2 completed (2012-11-05 15:43:30)
Registration for worker at rmi://ip-10-32-42-119.eu-west-1.compute.internal:55247/6 completed (2012-11-05 15:43:30)
Registration for worker at rmi://ip-10-32-42-119.eu-west-1.compute.internal:55247/0 completed (2012-11-05 15:43:30)
Registration for worker at rmi://ip-10-32-42-119.eu-west-1.compute.internal:55247/4 completed (2012-11-05 15:43:30)
Registration for worker at rmi://ip-10-32-42-119.eu-west-1.compute.internal:55247/5 completed (2012-11-05 15:43:30)
Registration for worker at rmi://ip-10-32-42-119.eu-west-1.compute.internal:55247/3 completed (2012-11-05 15:43:30)
Registration for worker at rmi://ip-10-32-42-119.eu-west-1.compute.internal:55247/1 completed (2012-11-05 15:43:30)
Registration for worker at rmi://ip-10-32-42-119.eu-west-1.compute.internal:55247/7 completed (2012-11-05 15:43:30)
Registration for worker at rmi://ip-10-32-53-174.eu-west-1.compute.internal:59288/2 completed (2012-11-05 15:43:30)
Registration for worker at rmi://ip-10-33-145-2.eu-west-1.compute.internal:43030/0 completed (2012-11-05 15:43:30)
Registration for worker at rmi://ip-10-33-145-2.eu-west-1.compute.internal:43030/1 completed (2012-11-05 15:43:30)
Registration for worker at rmi://ip-10-33-145-2.eu-west-1.compute.internal:43030/6 completed (2012-11-05 15:43:30)
Registration for worker at rmi://ip-10-33-145-2.eu-west-1.compute.internal:43030/4 completed (2012-11-05 15:43:30)
Registration for worker at rmi://ip-10-32-53-174.eu-west-1.compute.internal:59288/7 completed (2012-11-05 15:43:30)
Registration for worker at rmi://ip-10-32-53-174.eu-west-1.compute.internal:59288/6 completed (2012-11-05 15:43:30)
Registration for worker at rmi://ip-10-32-53-174.eu-west-1.compute.internal:59288/5 completed (2012-11-05 15:43:30)
Registration for worker at rmi://ip-10-32-53-174.eu-west-1.compute.internal:59288/1 completed (2012-11-05 15:43:30)
Registration for worker at rmi://ip-10-32-53-174.eu-west-1.compute.internal:59288/0 completed (2012-11-05 15:43:30)
Registration for worker at rmi://ip-10-32-53-174.eu-west-1.compute.internal:59288/4 completed (2012-11-05 15:43:30)
Registration for worker at rmi://ip-10-32-53-174.eu-west-1.compute.internal:59288/3 completed (2012-11-05 15:43:30)
Registration for worker at rmi://ip-10-33-145-2.eu-west-1.compute.internal:43030/7 completed (2012-11-05 15:43:30)
Registration for worker at rmi://ip-10-33-145-2.eu-west-1.compute.internal:43030/3 completed (2012-11-05 15:43:30)
Registration for worker at rmi://ip-10-33-145-2.eu-west-1.compute.internal:43030/5 completed (2012-11-05 15:43:30)
Registration for worker at rmi://ip-10-33-145-2.eu-west-1.compute.internal:43030/2 completed (2012-11-05 15:43:30)
Registration for worker at rmi://ip-10-33-145-62.eu-west-1.compute.internal:56683/7 completed (2012-11-05 15:43:30)
Registration for worker at rmi://ip-10-33-145-62.eu-west-1.compute.internal:56683/2 completed (2012-11-05 15:43:30)
Registration for worker at rmi://ip-10-33-145-62.eu-west-1.compute.internal:56683/0 completed (2012-11-05 15:43:30)
Registration for worker at rmi://ip-10-33-145-62.eu-west-1.compute.internal:56683/1 completed (2012-11-05 15:43:30)
Registration for worker at rmi://ip-10-33-145-62.eu-west-1.compute.internal:56683/5 completed (2012-11-05 15:43:30)
Registration for worker at rmi://ip-10-33-145-62.eu-west-1.compute.internal:56683/4 completed (2012-11-05 15:43:30)
Registration for worker at rmi://ip-10-33-145-62.eu-west-1.compute.internal:56683/6 completed (2012-11-05 15:43:30)
Registration for worker at rmi://ip-10-33-145-62.eu-west-1.compute.internal:56683/3 completed (2012-11-05 15:43:30)
Registration for worker at rmi://ip-10-32-53-161.eu-west-1.compute.internal:55364/0 completed (2012-11-05 15:43:31)
Registration for worker at rmi://ip-10-32-53-161.eu-west-1.compute.internal:55364/5 completed (2012-11-05 15:43:31)
Registration for worker at rmi://ip-10-32-53-161.eu-west-1.compute.internal:55364/1 completed (2012-11-05 15:43:31)
Registration for worker at rmi://ip-10-32-53-161.eu-west-1.compute.internal:55364/3 completed (2012-11-05 15:43:31)
Registration for worker at rmi://ip-10-32-53-161.eu-west-1.compute.internal:55364/7 completed (2012-11-05 15:43:31)
Registration for worker at rmi://ip-10-32-53-161.eu-west-1.compute.internal:55364/6 completed (2012-11-05 15:43:31)
Registration for worker at rmi://ip-10-32-53-161.eu-west-1.compute.internal:55364/2 completed (2012-11-05 15:43:31)
Registration for worker at rmi://ip-10-32-53-161.eu-west-1.compute.internal:55364/4 completed (2012-11-05 15:43:31)
Registration for worker at rmi://ip-10-32-53-220.eu-west-1.compute.internal:39449/1 completed (2012-11-05 15:43:31)
Registration for worker at rmi://ip-10-32-53-220.eu-west-1.compute.internal:39449/6 completed (2012-11-05 15:43:31)
Registration for worker at rmi://ip-10-32-53-220.eu-west-1.compute.internal:39449/0 completed (2012-11-05 15:43:31)
Registration for worker at rmi://ip-10-32-53-220.eu-west-1.compute.internal:39449/5 completed (2012-11-05 15:43:31)
Registration for worker at rmi://ip-10-32-53-220.eu-west-1.compute.internal:39449/3 completed (2012-11-05 15:43:32)
Registration for worker at rmi://ip-10-32-53-220.eu-west-1.compute.internal:39449/7 completed (2012-11-05 15:43:32)
Registration for worker at rmi://ip-10-32-53-220.eu-west-1.compute.internal:39449/2 completed (2012-11-05 15:43:32)
Registration for worker at rmi://ip-10-32-53-220.eu-west-1.compute.internal:39449/4 completed (2012-11-05 15:43:32)
Registration for worker at rmi://ip-10-33-145-4.eu-west-1.compute.internal:54218/6 completed (2012-11-05 15:43:32)
Registration for worker at rmi://ip-10-33-145-4.eu-west-1.compute.internal:54218/5 completed (2012-11-05 15:43:32)
Registration for worker at rmi://ip-10-33-145-4.eu-west-1.compute.internal:54218/0 completed (2012-11-05 15:43:32)
Registration for worker at rmi://ip-10-33-145-4.eu-west-1.compute.internal:54218/4 completed (2012-11-05 15:43:32)
Registration for worker at rmi://ip-10-33-145-4.eu-west-1.compute.internal:54218/1 completed (2012-11-05 15:43:32)
Registration for worker at rmi://ip-10-33-145-4.eu-west-1.compute.internal:54218/3 completed (2012-11-05 15:43:32)
Registration for worker at rmi://ip-10-33-145-4.eu-west-1.compute.internal:54218/7 completed (2012-11-05 15:43:32)
Registration for worker at rmi://ip-10-33-145-4.eu-west-1.compute.internal:54218/2 completed (2012-11-05 15:43:32)
Progress(25) at 2012-11-05 15:44:15: 38732930 states generated (38,732,930 s/min), 6203626 distinct states found (6,203,626 ds/min), 2137111 states left on queue.
Progress(38) at 2012-11-05 15:45:15: 94898146 states generated (56,165,216 s/min), 12539166 distinct states found (6,335,540 ds/min), 2328600 states left on queue.
Progress(42) at 2012-11-05 15:46:15: 149178583 states generated (54,280,437 s/min), 16776608 distinct states found (4,237,442 ds/min), 225257 states left on queue.
Worker: rmi://ip-10-32-53-174.eu-west-1.compute.internal:59288/0 Sent: 118787 Rcvd: 139926 CacheRatio: 0.03 (2012-11-05 15:46:18)
Worker: rmi://ip-10-33-145-12.eu-west-1.compute.internal:40305/4 Sent: 115555 Rcvd: 118205 CacheRatio: 0.03 (2012-11-05 15:46:18)
Worker: rmi://ip-10-32-49-226.eu-west-1.compute.internal:35371/7 Sent: 114273 Rcvd: 101858 CacheRatio: 0.03 (2012-11-05 15:46:18)
Worker: rmi://ip-10-32-53-220.eu-west-1.compute.internal:39449/3 Sent: 111609 Rcvd: 82006 CacheRatio: 0.02 (2012-11-05 15:46:18)
Worker: rmi://ip-10-32-49-226.eu-west-1.compute.internal:35371/3 Sent: 114610 Rcvd: 108463 CacheRatio: 0.02 (2012-11-05 15:46:18)
Worker: rmi://ip-10-32-50-34.eu-west-1.compute.internal:42548/0 Sent: 118109 Rcvd: 187908 CacheRatio: 0.03 (2012-11-05 15:46:18)
Worker: rmi://ip-10-33-145-4.eu-west-1.compute.internal:54218/6 Sent: 111158 Rcvd: 63760 CacheRatio: 0.02 (2012-11-05 15:46:18)
Worker: rmi://ip-10-32-49-226.eu-west-1.compute.internal:35371/0 Sent: 114953 Rcvd: 88236 CacheRatio: 0.03 (2012-11-05 15:46:18)
Worker: rmi://ip-10-32-53-220.eu-west-1.compute.internal:39449/6 Sent: 109106 Rcvd: 71625 CacheRatio: 0.02 (2012-11-05 15:46:18)
Worker: rmi://ip-10-33-145-62.eu-west-1.compute.internal:56683/3 Sent: 114293 Rcvd: 95573 CacheRatio: 0.02 (2012-11-05 15:46:18)
Worker: rmi://ip-10-32-53-161.eu-west-1.compute.internal:55364/4 Sent: 108906 Rcvd: 49430 CacheRatio: 0.02 (2012-11-05 15:46:18)
Worker: rmi://ip-10-32-53-161.eu-west-1.compute.internal:55364/3 Sent: 105420 Rcvd: 56188 CacheRatio: 0.03 (2012-11-05 15:46:18)
Worker: rmi://ip-10-33-145-2.eu-west-1.compute.internal:43030/0 Sent: 135586 Rcvd: 260413 CacheRatio: 0.02 (2012-11-05 15:46:18)
Worker: rmi://ip-10-33-145-10.eu-west-1.compute.internal:36310/4 Sent: 111505 Rcvd: 97796 CacheRatio: 0.03 (2012-11-05 15:46:18)
Worker: rmi://ip-10-33-145-4.eu-west-1.compute.internal:54218/1 Sent: 107919 Rcvd: 89888 CacheRatio: 0.03 (2012-11-05 15:46:18)
Worker: rmi://ip-10-33-145-62.eu-west-1.compute.internal:56683/5 Sent: 117064 Rcvd: 80697 CacheRatio: 0.03 (2012-11-05 15:46:18)
Worker: rmi://ip-10-33-145-2.eu-west-1.compute.internal:43030/2 Sent: 138798 Rcvd: 277956 CacheRatio: 0.02 (2012-11-05 15:46:18)
Worker: rmi://ip-10-32-49-68.eu-west-1.compute.internal:41599/1 Sent: 119520 Rcvd: 109455 CacheRatio: 0.02 (2012-11-05 15:46:18)
Worker: rmi://ip-10-33-145-2.eu-west-1.compute.internal:43030/7 Sent: 140459 Rcvd: 281990 CacheRatio: 0.02 (2012-11-05 15:46:18)
Worker: rmi://ip-10-33-145-75.eu-west-1.compute.internal:36532/4 Sent: 121441 Rcvd: 177320 CacheRatio: 0.03 (2012-11-05 15:46:18)
Worker: rmi://ip-10-32-50-34.eu-west-1.compute.internal:42548/2 Sent: 116733 Rcvd: 130192 CacheRatio: 0.03 (2012-11-05 15:46:18)
Worker: rmi://ip-10-32-50-34.eu-west-1.compute.internal:42548/4 Sent: 118832 Rcvd: 156021 CacheRatio: 0.03 (2012-11-05 15:46:18)
Worker: rmi://ip-10-32-53-155.eu-west-1.compute.internal:57715/4 Sent: 108254 Rcvd: 59192 CacheRatio: 0.03 (2012-11-05 15:46:18)
Worker: rmi://ip-10-32-53-220.eu-west-1.compute.internal:39449/0 Sent: 108686 Rcvd: 80645 CacheRatio: 0.03 (2012-11-05 15:46:18)
Worker: rmi://ip-10-33-145-2.eu-west-1.compute.internal:43030/4 Sent: 138380 Rcvd: 289999 CacheRatio: 0.02 (2012-11-05 15:46:18)
Worker: rmi://ip-10-32-53-161.eu-west-1.compute.internal:55364/5 Sent: 109821 Rcvd: 42227 CacheRatio: 0.03 (2012-11-05 15:46:18)
Worker: rmi://ip-10-33-145-75.eu-west-1.compute.internal:36532/7 Sent: 120734 Rcvd: 216447 CacheRatio: 0.02 (2012-11-05 15:46:18)
Worker: rmi://ip-10-33-145-75.eu-west-1.compute.internal:36532/5 Sent: 120433 Rcvd: 163194 CacheRatio: 0.03 (2012-11-05 15:46:18)
Worker: rmi://ip-10-32-53-174.eu-west-1.compute.internal:59288/5 Sent: 119424 Rcvd: 158589 CacheRatio: 0.03 (2012-11-05 15:46:18)
Worker: rmi://ip-10-32-53-161.eu-west-1.compute.internal:55364/6 Sent: 107866 Rcvd: 56545 CacheRatio: 0.02 (2012-11-05 15:46:18)
Worker: rmi://ip-10-32-49-226.eu-west-1.compute.internal:35371/5 Sent: 112883 Rcvd: 83765 CacheRatio: 0.03 (2012-11-05 15:46:18)
Worker: rmi://ip-10-32-53-220.eu-west-1.compute.internal:39449/7 Sent: 108510 Rcvd: 70094 CacheRatio: 0.03 (2012-11-05 15:46:18)
Worker: rmi://ip-10-32-49-68.eu-west-1.compute.internal:41599/6 Sent: 116621 Rcvd: 116118 CacheRatio: 0.02 (2012-11-05 15:46:18)
Worker: rmi://ip-10-32-53-223.eu-west-1.compute.internal:53001/2 Sent: 118756 Rcvd: 117382 CacheRatio: 0.03 (2012-11-05 15:46:18)
Worker: rmi://ip-10-32-49-68.eu-west-1.compute.internal:41599/2 Sent: 118356 Rcvd: 127663 CacheRatio: 0.02 (2012-11-05 15:46:18)
Worker: rmi://ip-10-32-50-34.eu-west-1.compute.internal:42548/7 Sent: 119337 Rcvd: 158020 CacheRatio: 0.03 (2012-11-05 15:46:18)
Worker: rmi://ip-10-32-49-68.eu-west-1.compute.internal:41599/3 Sent: 115530 Rcvd: 123149 CacheRatio: 0.03 (2012-11-05 15:46:18)
Worker: rmi://ip-10-32-49-239.eu-west-1.compute.internal:40948/3 Sent: 128930 Rcvd: 147281 CacheRatio: 0.04 (2012-11-05 15:46:18)
Worker: rmi://ip-10-32-53-220.eu-west-1.compute.internal:39449/5 Sent: 110096 Rcvd: 54321 CacheRatio: 0.03 (2012-11-05 15:46:18)
Worker: rmi://ip-10-32-49-226.eu-west-1.compute.internal:35371/1 Sent: 114600 Rcvd: 100024 CacheRatio: 0.03 (2012-11-05 15:46:18)
Worker: rmi://ip-10-32-49-207.eu-west-1.compute.internal:54405/5 Sent: 116274 Rcvd: 188746 CacheRatio: 0.03 (2012-11-05 15:46:18)
Worker: rmi://ip-10-32-53-155.eu-west-1.compute.internal:57715/2 Sent: 109159 Rcvd: 71260 CacheRatio: 0.03 (2012-11-05 15:46:18)
Worker: rmi://ip-10-33-145-62.eu-west-1.compute.internal:56683/2 Sent: 112677 Rcvd: 95534 CacheRatio: 0.03 (2012-11-05 15:46:18)
Worker: rmi://ip-10-32-49-207.eu-west-1.compute.internal:54405/3 Sent: 117346 Rcvd: 97623 CacheRatio: 0.03 (2012-11-05 15:46:18)
Worker: rmi://ip-10-33-145-4.eu-west-1.compute.internal:54218/0 Sent: 109194 Rcvd: 73231 CacheRatio: 0.03 (2012-11-05 15:46:18)
Worker: rmi://ip-10-32-53-220.eu-west-1.compute.internal:39449/4 Sent: 107640 Rcvd: 76361 CacheRatio: 0.03 (2012-11-05 15:46:18)
Worker: rmi://ip-10-32-49-226.eu-west-1.compute.internal:35371/2 Sent: 113501 Rcvd: 99352 CacheRatio: 0.03 (2012-11-05 15:46:18)
Worker: rmi://ip-10-32-49-207.eu-west-1.compute.internal:54405/7 Sent: 120628 Rcvd: 139348 CacheRatio: 0.02 (2012-11-05 15:46:18)
Worker: rmi://ip-10-32-42-119.eu-west-1.compute.internal:55247/2 Sent: 115624 Rcvd: 162945 CacheRatio: 0.03 (2012-11-05 15:46:18)
Worker: rmi://ip-10-33-145-10.eu-west-1.compute.internal:36310/2 Sent: 110784 Rcvd: 77546 CacheRatio: 0.03 (2012-11-05 15:46:18)
Worker: rmi://ip-10-32-42-119.eu-west-1.compute.internal:55247/3 Sent: 115109 Rcvd: 149456 CacheRatio: 0.03 (2012-11-05 15:46:18)
Worker: rmi://ip-10-33-145-12.eu-west-1.compute.internal:40305/3 Sent: 114658 Rcvd: 98257 CacheRatio: 0.03 (2012-11-05 15:46:18)
Worker: rmi://ip-10-32-49-68.eu-west-1.compute.internal:41599/7 Sent: 115879 Rcvd: 113371 CacheRatio: 0.02 (2012-11-05 15:46:18)
Worker: rmi://ip-10-32-53-155.eu-west-1.compute.internal:57715/1 Sent: 108894 Rcvd: 49780 CacheRatio: 0.03 (2012-11-05 15:46:18)
Worker: rmi://ip-10-32-49-68.eu-west-1.compute.internal:41599/4 Sent: 115876 Rcvd: 142959 CacheRatio: 0.03 (2012-11-05 15:46:18)
Worker: rmi://ip-10-32-42-119.eu-west-1.compute.internal:55247/6 Sent: 117975 Rcvd: 125567 CacheRatio: 0.03 (2012-11-05 15:46:18)
Worker: rmi://ip-10-32-50-34.eu-west-1.compute.internal:42548/6 Sent: 119332 Rcvd: 157208 CacheRatio: 0.03 (2012-11-05 15:46:18)
Worker: rmi://ip-10-33-145-12.eu-west-1.compute.internal:40305/1 Sent: 116964 Rcvd: 139308 CacheRatio: 0.03 (2012-11-05 15:46:18)
Worker: rmi://ip-10-32-49-239.eu-west-1.compute.internal:40948/7 Sent: 126878 Rcvd: 156635 CacheRatio: 0.03 (2012-11-05 15:46:18)
Worker: rmi://ip-10-32-53-155.eu-west-1.compute.internal:57715/6 Sent: 109808 Rcvd: 41460 CacheRatio: 0.02 (2012-11-05 15:46:18)
Worker: rmi://ip-10-32-53-155.eu-west-1.compute.internal:57715/7 Sent: 109302 Rcvd: 54627 CacheRatio: 0.03 (2012-11-05 15:46:18)
Worker: rmi://ip-10-33-145-10.eu-west-1.compute.internal:36310/1 Sent: 111963 Rcvd: 60769 CacheRatio: 0.03 (2012-11-05 15:46:18)
Worker: rmi://ip-10-32-50-34.eu-west-1.compute.internal:42548/5 Sent: 118588 Rcvd: 139297 CacheRatio: 0.03 (2012-11-05 15:46:18)
Worker: rmi://ip-10-32-49-68.eu-west-1.compute.internal:41599/5 Sent: 114555 Rcvd: 132545 CacheRatio: 0.03 (2012-11-05 15:46:18)
Worker: rmi://ip-10-32-42-119.eu-west-1.compute.internal:55247/7 Sent: 115895 Rcvd: 142467 CacheRatio: 0.03 (2012-11-05 15:46:18)
Worker: rmi://ip-10-33-145-75.eu-west-1.compute.internal:36532/2 Sent: 121281 Rcvd: 185548 CacheRatio: 0.03 (2012-11-05 15:46:18)
Worker: rmi://ip-10-32-42-250.eu-west-1.compute.internal:38335/6 Sent: 117373 Rcvd: 119123 CacheRatio: 0.02 (2012-11-05 15:46:18)
Worker: rmi://ip-10-32-49-239.eu-west-1.compute.internal:40948/1 Sent: 126061 Rcvd: 186378 CacheRatio: 0.03 (2012-11-05 15:46:18)
Worker: rmi://ip-10-33-145-12.eu-west-1.compute.internal:40305/2 Sent: 117215 Rcvd: 143739 CacheRatio: 0.03 (2012-11-05 15:46:18)
Worker: rmi://ip-10-32-53-155.eu-west-1.compute.internal:57715/3 Sent: 108085 Rcvd: 68328 CacheRatio: 0.03 (2012-11-05 15:46:18)
Worker: rmi://ip-10-33-145-4.eu-west-1.compute.internal:54218/7 Sent: 111936 Rcvd: 68783 CacheRatio: 0.02 (2012-11-05 15:46:18)
Worker: rmi://ip-10-33-145-4.eu-west-1.compute.internal:54218/5 Sent: 110328 Rcvd: 68558 CacheRatio: 0.03 (2012-11-05 15:46:18)
Worker: rmi://ip-10-32-53-174.eu-west-1.compute.internal:59288/6 Sent: 115890 Rcvd: 142959 CacheRatio: 0.03 (2012-11-05 15:46:18)
Worker: rmi://ip-10-33-145-4.eu-west-1.compute.internal:54218/3 Sent: 109576 Rcvd: 99356 CacheRatio: 0.02 (2012-11-05 15:46:18)
Worker: rmi://ip-10-32-53-174.eu-west-1.compute.internal:59288/2 Sent: 119590 Rcvd: 146506 CacheRatio: 0.03 (2012-11-05 15:46:18)
Worker: rmi://ip-10-33-145-2.eu-west-1.compute.internal:43030/3 Sent: 136652 Rcvd: 265986 CacheRatio: 0.03 (2012-11-05 15:46:18)
Worker: rmi://ip-10-33-145-4.eu-west-1.compute.internal:54218/2 Sent: 108936 Rcvd: 79639 CacheRatio: 0.03 (2012-11-05 15:46:18)
Worker: rmi://ip-10-33-145-2.eu-west-1.compute.internal:43030/5 Sent: 138219 Rcvd: 329071 CacheRatio: 0.02 (2012-11-05 15:46:18)
Worker: rmi://ip-10-32-49-239.eu-west-1.compute.internal:40948/6 Sent: 126424 Rcvd: 142821 CacheRatio: 0.04 (2012-11-05 15:46:18)
Worker: rmi://ip-10-33-145-62.eu-west-1.compute.internal:56683/0 Sent: 113846 Rcvd: 140114 CacheRatio: 0.02 (2012-11-05 15:46:18)
Worker: rmi://ip-10-32-49-239.eu-west-1.compute.internal:40948/4 Sent: 126198 Rcvd: 127760 CacheRatio: 0.03 (2012-11-05 15:46:18)
Worker: rmi://ip-10-32-42-119.eu-west-1.compute.internal:55247/1 Sent: 117583 Rcvd: 128475 CacheRatio: 0.02 (2012-11-05 15:46:18)
Worker: rmi://ip-10-32-49-207.eu-west-1.compute.internal:54405/6 Sent: 118019 Rcvd: 133653 CacheRatio: 0.02 (2012-11-05 15:46:18)
Worker: rmi://ip-10-33-145-75.eu-west-1.compute.internal:36532/1 Sent: 120662 Rcvd: 172236 CacheRatio: 0.03 (2012-11-05 15:46:18)
Worker: rmi://ip-10-32-49-207.eu-west-1.compute.internal:54405/1 Sent: 119459 Rcvd: 152205 CacheRatio: 0.03 (2012-11-05 15:46:18)
Worker: rmi://ip-10-32-42-119.eu-west-1.compute.internal:55247/4 Sent: 118596 Rcvd: 150522 CacheRatio: 0.03 (2012-11-05 15:46:18)
Worker: rmi://ip-10-32-50-34.eu-west-1.compute.internal:42548/1 Sent: 117890 Rcvd: 141764 CacheRatio: 0.03 (2012-11-05 15:46:18)
Worker: rmi://ip-10-32-53-220.eu-west-1.compute.internal:39449/1 Sent: 107942 Rcvd: 67488 CacheRatio: 0.03 (2012-11-05 15:46:18)
Worker: rmi://ip-10-32-53-223.eu-west-1.compute.internal:53001/6 Sent: 116206 Rcvd: 141844 CacheRatio: 0.03 (2012-11-05 15:46:18)
Worker: rmi://ip-10-33-145-10.eu-west-1.compute.internal:36310/7 Sent: 112159 Rcvd: 74646 CacheRatio: 0.03 (2012-11-05 15:46:18)
Worker: rmi://ip-10-32-53-161.eu-west-1.compute.internal:55364/2 Sent: 108201 Rcvd: 38267 CacheRatio: 0.02 (2012-11-05 15:46:18)
Worker: rmi://ip-10-32-53-220.eu-west-1.compute.internal:39449/2 Sent: 109394 Rcvd: 68825 CacheRatio: 0.02 (2012-11-05 15:46:18)
Worker: rmi://ip-10-32-50-34.eu-west-1.compute.internal:42548/3 Sent: 119563 Rcvd: 120320 CacheRatio: 0.03 (2012-11-05 15:46:18)
Worker: rmi://ip-10-33-145-10.eu-west-1.compute.internal:36310/3 Sent: 112951 Rcvd: 87346 CacheRatio: 0.03 (2012-11-05 15:46:18)
Worker: rmi://ip-10-32-49-207.eu-west-1.compute.internal:54405/2 Sent: 115781 Rcvd: 161613 CacheRatio: 0.02 (2012-11-05 15:46:18)
Worker: rmi://ip-10-33-145-12.eu-west-1.compute.internal:40305/5 Sent: 110879 Rcvd: 63748 CacheRatio: 0.03 (2012-11-05 15:46:18)
Worker: rmi://ip-10-33-145-10.eu-west-1.compute.internal:36310/6 Sent: 113346 Rcvd: 69576 CacheRatio: 0.02 (2012-11-05 15:46:18)
Worker: rmi://ip-10-33-145-62.eu-west-1.compute.internal:56683/6 Sent: 114464 Rcvd: 74161 CacheRatio: 0.03 (2012-11-05 15:46:18)
Worker: rmi://ip-10-32-53-223.eu-west-1.compute.internal:53001/7 Sent: 114889 Rcvd: 129166 CacheRatio: 0.03 (2012-11-05 15:46:18)
Worker: rmi://ip-10-33-145-2.eu-west-1.compute.internal:43030/6 Sent: 135148 Rcvd: 266943 CacheRatio: 0.03 (2012-11-05 15:46:18)
Worker: rmi://ip-10-33-145-75.eu-west-1.compute.internal:36532/0 Sent: 120156 Rcvd: 182772 CacheRatio: 0.03 (2012-11-05 15:46:18)
Worker: rmi://ip-10-32-53-174.eu-west-1.compute.internal:59288/1 Sent: 117917 Rcvd: 152555 CacheRatio: 0.02 (2012-11-05 15:46:18)
Worker: rmi://ip-10-32-42-250.eu-west-1.compute.internal:38335/5 Sent: 115814 Rcvd: 95795 CacheRatio: 0.03 (2012-11-05 15:46:18)
Worker: rmi://ip-10-32-53-161.eu-west-1.compute.internal:55364/1 Sent: 106233 Rcvd: 33160 CacheRatio: 0.03 (2012-11-05 15:46:18)
Worker: rmi://ip-10-33-145-10.eu-west-1.compute.internal:36310/0 Sent: 111922 Rcvd: 78802 CacheRatio: 0.03 (2012-11-05 15:46:18)
Worker: rmi://ip-10-32-42-250.eu-west-1.compute.internal:38335/7 Sent: 114580 Rcvd: 104268 CacheRatio: 0.03 (2012-11-05 15:46:18)
Worker: rmi://ip-10-32-53-223.eu-west-1.compute.internal:53001/0 Sent: 115275 Rcvd: 105138 CacheRatio: 0.03 (2012-11-05 15:46:18)
Worker: rmi://ip-10-32-42-119.eu-west-1.compute.internal:55247/0 Sent: 118338 Rcvd: 121526 CacheRatio: 0.02 (2012-11-05 15:46:18)
Worker: rmi://ip-10-32-42-250.eu-west-1.compute.internal:38335/2 Sent: 112477 Rcvd: 113062 CacheRatio: 0.02 (2012-11-05 15:46:18)
Worker: rmi://ip-10-32-49-226.eu-west-1.compute.internal:35371/4 Sent: 114820 Rcvd: 98017 CacheRatio: 0.02 (2012-11-05 15:46:18)
Worker: rmi://ip-10-33-145-2.eu-west-1.compute.internal:43030/1 Sent: 139160 Rcvd: 298056 CacheRatio: 0.03 (2012-11-05 15:46:18)
Worker: rmi://ip-10-32-42-250.eu-west-1.compute.internal:38335/4 Sent: 114629 Rcvd: 100898 CacheRatio: 0.02 (2012-11-05 15:46:18)
Worker: rmi://ip-10-33-145-62.eu-west-1.compute.internal:56683/7 Sent: 112113 Rcvd: 83409 CacheRatio: 0.02 (2012-11-05 15:46:18)
Worker: rmi://ip-10-32-49-226.eu-west-1.compute.internal:35371/6 Sent: 115200 Rcvd: 76855 CacheRatio: 0.02 (2012-11-05 15:46:18)
Worker: rmi://ip-10-32-49-239.eu-west-1.compute.internal:40948/2 Sent: 127861 Rcvd: 176578 CacheRatio: 0.03 (2012-11-05 15:46:18)
Worker: rmi://ip-10-33-145-62.eu-west-1.compute.internal:56683/4 Sent: 110984 Rcvd: 72713 CacheRatio: 0.02 (2012-11-05 15:46:18)
Worker: rmi://ip-10-32-53-174.eu-west-1.compute.internal:59288/3 Sent: 117587 Rcvd: 155046 CacheRatio: 0.03 (2012-11-05 15:46:18)
Worker: rmi://ip-10-32-49-239.eu-west-1.compute.internal:40948/5 Sent: 127781 Rcvd: 185565 CacheRatio: 0.02 (2012-11-05 15:46:19)
Worker: rmi://ip-10-33-145-62.eu-west-1.compute.internal:56683/1 Sent: 112881 Rcvd: 91764 CacheRatio: 0.02 (2012-11-05 15:46:19)
Worker: rmi://ip-10-32-42-250.eu-west-1.compute.internal:38335/3 Sent: 117336 Rcvd: 135053 CacheRatio: 0.03 (2012-11-05 15:46:19)
Worker: rmi://ip-10-32-53-161.eu-west-1.compute.internal:55364/0 Sent: 105719 Rcvd: 43886 CacheRatio: 0.03 (2012-11-05 15:46:19)
Worker: rmi://ip-10-32-53-174.eu-west-1.compute.internal:59288/4 Sent: 116498 Rcvd: 113460 CacheRatio: 0.02 (2012-11-05 15:46:19)
Worker: rmi://ip-10-32-49-207.eu-west-1.compute.internal:54405/4 Sent: 116068 Rcvd: 118323 CacheRatio: 0.03 (2012-11-05 15:46:19)
Worker: rmi://ip-10-32-42-250.eu-west-1.compute.internal:38335/0 Sent: 115484 Rcvd: 91715 CacheRatio: 0.02 (2012-11-05 15:46:19)
Worker: rmi://ip-10-33-145-10.eu-west-1.compute.internal:36310/5 Sent: 110837 Rcvd: 79218 CacheRatio: 0.02 (2012-11-05 15:46:19)
Worker: rmi://ip-10-33-145-75.eu-west-1.compute.internal:36532/6 Sent: 122067 Rcvd: 200451 CacheRatio: 0.03 (2012-11-05 15:46:19)
Worker: rmi://ip-10-32-53-223.eu-west-1.compute.internal:53001/3 Sent: 119949 Rcvd: 173716 CacheRatio: 0.03 (2012-11-05 15:46:19)
Worker: rmi://ip-10-33-145-12.eu-west-1.compute.internal:40305/6 Sent: 117069 Rcvd: 149968 CacheRatio: 0.03 (2012-11-05 15:46:19)
Worker: rmi://ip-10-32-53-155.eu-west-1.compute.internal:57715/0 Sent: 107868 Rcvd: 72716 CacheRatio: 0.03 (2012-11-05 15:46:19)
Worker: rmi://ip-10-32-53-223.eu-west-1.compute.internal:53001/5 Sent: 118259 Rcvd: 164359 CacheRatio: 0.02 (2012-11-05 15:46:19)
Worker: rmi://ip-10-32-49-68.eu-west-1.compute.internal:41599/0 Sent: 117239 Rcvd: 116459 CacheRatio: 0.02 (2012-11-05 15:46:19)
Worker: rmi://ip-10-32-53-174.eu-west-1.compute.internal:59288/7 Sent: 115715 Rcvd: 159100 CacheRatio: 0.03 (2012-11-05 15:46:19)
Worker: rmi://ip-10-32-53-223.eu-west-1.compute.internal:53001/1 Sent: 114985 Rcvd: 123519 CacheRatio: 0.02 (2012-11-05 15:46:19)
Worker: rmi://ip-10-33-145-4.eu-west-1.compute.internal:54218/4 Sent: 112817 Rcvd: 69230 CacheRatio: 0.02 (2012-11-05 15:46:19)
Worker: rmi://ip-10-32-42-119.eu-west-1.compute.internal:55247/5 Sent: 118470 Rcvd: 168982 CacheRatio: 0.03 (2012-11-05 15:46:19)
Worker: rmi://ip-10-32-49-207.eu-west-1.compute.internal:54405/0 Sent: 118665 Rcvd: 144658 CacheRatio: 0.02 (2012-11-05 15:46:19)
Worker: rmi://ip-10-33-145-12.eu-west-1.compute.internal:40305/0 Sent: 116541 Rcvd: 104752 CacheRatio: 0.03 (2012-11-05 15:46:19)
Worker: rmi://ip-10-32-53-161.eu-west-1.compute.internal:55364/7 Sent: 106704 Rcvd: 72513 CacheRatio: 0.03 (2012-11-05 15:46:19)
Worker: rmi://ip-10-32-53-223.eu-west-1.compute.internal:53001/4 Sent: 117750 Rcvd: 131764 CacheRatio: 0.03 (2012-11-05 15:46:19)
Worker: rmi://ip-10-33-145-75.eu-west-1.compute.internal:36532/3 Sent: 120574 Rcvd: 192491 CacheRatio: 0.02 (2012-11-05 15:46:19)
Worker: rmi://ip-10-33-145-12.eu-west-1.compute.internal:40305/7 Sent: 114691 Rcvd: 128669 CacheRatio: 0.02 (2012-11-05 15:46:19)
Worker: rmi://ip-10-32-53-155.eu-west-1.compute.internal:57715/5 Sent: 107795 Rcvd: 48214 CacheRatio: 0.03 (2012-11-05 15:46:19)
Worker: rmi://ip-10-32-42-250.eu-west-1.compute.internal:38335/1 Sent: 116779 Rcvd: 110703 CacheRatio: 0.03 (2012-11-05 15:46:19)
Worker: rmi://ip-10-32-49-239.eu-west-1.compute.internal:40948/0 Sent: 128511 Rcvd: 143097 CacheRatio: 0.04 (2012-11-05 15:46:19)
Model checking completed. No error has been found.
  Estimates of the probability that TLC did not check all reachable states
  because two distinct states had the same fingerprint:
  calculated (optimistic):  val = 0.0
  based on the actual fingerprints:  val = 7.9E-11
150984784 states generated, 16777216 distinct states found, 0 states left on queue.
The depth of the complete state graph search is 63.
Finished. (2012-11-05 15:46:35)
ip-10-33-145-29, work completed. Thank you!
