TLC Server Version 2.05 of 18 May 2012
Parsing file /mnt/tlc/30789/spec/l14_n6.tla
Parsing file /mnt/tlc/30789/spec/GridPerformanceTest.tla
Parsing file /mnt/tlc/30789/tla/tla2sany/StandardModules/TLC.tla
Parsing file /mnt/tlc/30789/tla/tla2sany/StandardModules/Integers.tla
Parsing file /mnt/tlc/30789/tla/tla2sany/StandardModules/FiniteSets.tla
Parsing file /mnt/tlc/30789/tla/tla2sany/StandardModules/Naturals.tla
Parsing file /mnt/tlc/30789/tla/tla2sany/StandardModules/Sequences.tla
Semantic processing of module Naturals
Semantic processing of module Integers
Semantic processing of module Sequences
Semantic processing of module FiniteSets
Semantic processing of module GridPerformanceTest
Semantic processing of module TLC
Semantic processing of module l14_n6
Starting... (2012-08-09 09:45:57)
Computing initial states...
Finished computing initial states: 1 distinct state(s) generated.
TLC server at ip-10-157-6-92 is ready (2012-08-09 09:46:42)
Registration for worker at rmi://ip-10-157-5-92.ec2.internal:56128 completed (2012-08-09 09:46:46)
Registration for worker at rmi://ip-10-29-139-12.ec2.internal:39617 completed (2012-08-09 09:46:46)
Progress(11) at 2012-08-09 09:47:42: 27832 states generated (27832 s/min), 6170 distinct states found (6170 ds/min), 2522 states left on queue.
Progress(13) at 2012-08-09 09:48:42: 63626 states generated (35794 s/min), 14989 distinct states found (8819 ds/min), 5126 states left on queue.
Progress(14) at 2012-08-09 09:49:42: 96741 states generated (33115 s/min), 21801 distinct states found (6812 ds/min), 6810 states left on queue.
Progress(15) at 2012-08-09 09:50:42: 123952 states generated (27211 s/min), 26339 distinct states found (4538 ds/min), 7977 states left on queue.
Progress(15) at 2012-08-09 09:51:42: 153499 states generated (29547 s/min), 30485 distinct states found (4146 ds/min), 8682 states left on queue.
Progress(16) at 2012-08-09 09:52:42: 195853 states generated (42354 s/min), 41159 distinct states found (10674 ds/min), 10672 states left on queue.
Progress(16) at 2012-08-09 09:53:42: 214239 states generated (18386 s/min), 41159 distinct states found (0 ds/min), 10672 states left on queue.
Progress(17) at 2012-08-09 09:54:42: 262997 states generated (48758 s/min), 53838 distinct states found (12679 ds/min), 12677 states left on queue.
Progress(18) at 2012-08-09 09:55:42: 293408 states generated (30411 s/min), 59960 distinct states found (6122 ds/min), 14259 states left on queue.
Progress(18) at 2012-08-09 09:56:42: 335695 states generated (42287 s/min), 68399 distinct states found (8439 ds/min), 14559 states left on queue.
Progress(19) at 2012-08-09 09:57:42: 370321 states generated (34626 s/min), 76163 distinct states found (7764 ds/min), 16201 states left on queue.
Progress(19) at 2012-08-09 09:58:42: 389126 states generated (18805 s/min), 76163 distinct states found (0 ds/min), 16201 states left on queue.
Progress(19) at 2012-08-09 09:59:42: 431375 states generated (42249 s/min), 84324 distinct states found (8161 ds/min), 16169 states left on queue.
Progress(20) at 2012-08-09 10:00:42: 470713 states generated (39338 s/min), 93951 distinct states found (9627 ds/min), 17786 states left on queue.
Progress(20) at 2012-08-09 10:01:42: 489343 states generated (18630 s/min), 93951 distinct states found (0 ds/min), 17786 states left on queue.
Progress(21) at 2012-08-09 10:02:42: 531751 states generated (42408 s/min), 101764 distinct states found (7813 ds/min), 17438 states left on queue.
Progress(21) at 2012-08-09 10:03:42: 571641 states generated (39890 s/min), 111387 distinct states found (9623 ds/min), 18868 states left on queue.
Progress(21) at 2012-08-09 10:04:42: 589736 states generated (18095 s/min), 111387 distinct states found (0 ds/min), 18868 states left on queue.
Progress(22) at 2012-08-09 10:05:42: 632824 states generated (43088 s/min), 118992 distinct states found (7605 ds/min), 18280 states left on queue.
Progress(22) at 2012-08-09 10:06:42: 672821 states generated (39997 s/min), 128174 distinct states found (9182 ds/min), 19269 states left on queue.
Progress(22) at 2012-08-09 10:07:42: 690178 states generated (17357 s/min), 128174 distinct states found (0 ds/min), 19269 states left on queue.
Progress(23) at 2012-08-09 10:08:42: 733426 states generated (43248 s/min), 136080 distinct states found (7906 ds/min), 18982 states left on queue.
Progress(23) at 2012-08-09 10:09:42: 774655 states generated (41229 s/min), 144593 distinct states found (8513 ds/min), 19302 states left on queue.
Progress(23) at 2012-08-09 10:10:42: 790421 states generated (15766 s/min), 144593 distinct states found (0 ds/min), 19302 states left on queue.
Progress(24) at 2012-08-09 10:11:42: 859413 states generated (68992 s/min), 160400 distinct states found (15807 ds/min), 18723 states left on queue.
Progress(24) at 2012-08-09 10:12:42: 876035 states generated (16622 s/min), 160400 distinct states found (0 ds/min), 18723 states left on queue.
Progress(25) at 2012-08-09 10:13:42: 917484 states generated (41449 s/min), 168655 distinct states found (8255 ds/min), 18785 states left on queue.
Progress(25) at 2012-08-09 10:14:42: 961832 states generated (44348 s/min), 175706 distinct states found (7051 ds/min), 17643 states left on queue.
Progress(25) at 2012-08-09 10:15:42: 978662 states generated (16830 s/min), 175706 distinct states found (0 ds/min), 17643 states left on queue.
Progress(26) at 2012-08-09 10:16:42: 1019601 states generated (40939 s/min), 183863 distinct states found (8157 ds/min), 17607 states left on queue.
Progress(26) at 2012-08-09 10:17:42: 1063458 states generated (43857 s/min), 190839 distinct states found (6976 ds/min), 16390 states left on queue.
Progress(26) at 2012-08-09 10:18:42: 1080320 states generated (16862 s/min), 190839 distinct states found (0 ds/min), 16390 states left on queue.
Progress(27) at 2012-08-09 10:19:42: 1121506 states generated (41186 s/min), 198894 distinct states found (8055 ds/min), 16252 states left on queue.
Progress(27) at 2012-08-09 10:20:42: 1165107 states generated (43601 s/min), 205680 distinct states found (6786 ds/min), 14845 states left on queue.
Progress(28) at 2012-08-09 10:21:42: 1206223 states generated (41116 s/min), 213261 distinct states found (7581 ds/min), 14365 states left on queue.
Progress(28) at 2012-08-09 10:22:42: 1245266 states generated (39043 s/min), 218733 distinct states found (5472 ds/min), 13051 states left on queue.
Progress(28) at 2012-08-09 10:23:42: 1261419 states generated (16153 s/min), 218733 distinct states found (0 ds/min), 13051 states left on queue.
Progress(29) at 2012-08-09 10:24:42: 1319718 states generated (58299 s/min), 229847 distinct states found (11114 ds/min), 11112 states left on queue.
Progress(29) at 2012-08-09 10:25:42: 1336114 states generated (16396 s/min), 229847 distinct states found (0 ds/min), 11112 states left on queue.
Progress(30) at 2012-08-09 10:26:42: 1388225 states generated (52111 s/min), 238992 distinct states found (9145 ds/min), 9143 states left on queue.
Progress(31) at 2012-08-09 10:27:42: 1422539 states generated (34314 s/min), 244527 distinct states found (5535 ds/min), 9247 states left on queue.
Progress(32) at 2012-08-09 10:28:42: 1455806 states generated (33267 s/min), 247710 distinct states found (3183 ds/min), 7006 states left on queue.
Progress(32) at 2012-08-09 10:29:42: 1500887 states generated (45081 s/min), 254561 distinct states found (6851 ds/min), 5020 states left on queue.
Progress(35) at 2012-08-09 10:30:42: 1537782 states generated (36895 s/min), 258916 distinct states found (4355 ds/min), 2985 states left on queue.
Progress(35) at 2012-08-09 10:31:42: 1571016 states generated (33234 s/min), 262108 distinct states found (3192 ds/min), 308 states left on queue.
Worker: rmi://ip-10-157-5-92.ec2.internal:56128 Sent: 130624 Rcvd: 227894 (2012-08-09 10:31:48)
Worker: rmi://ip-10-29-139-12.ec2.internal:39617 Sent: 131520 Rcvd: 246326 (2012-08-09 10:31:48)
Model checking completed. No error has been found.
  Estimates of the probability that TLC did not check all reachable states
  because two distinct states had the same fingerprint:
  calculated (optimistic):  val = 0.0
  based on the actual fingerprints:  val = 2.0E-12
1181667 states generated, 262144 distinct states found, 0 states left on queue.
The depth of the complete state graph search is 36.
Finished. (2012-08-09 10:31:58)
