Listening for transport dt_socket at address: 1044
TLC2 Version 2.05 of 17 April 2013
Running in Model-Checking mode.
Parsing file l10_n6.tla
Parsing file GridPerformanceTest.tla
Parsing file /mnt/tlc/5813/tla/tla2sany/StandardModules/TLC.tla
Parsing file /mnt/tlc/5813/tla/tla2sany/StandardModules/Integers.tla
Parsing file /mnt/tlc/5813/tla/tla2sany/StandardModules/FiniteSets.tla
Parsing file /mnt/tlc/5813/tla/tla2sany/StandardModules/Naturals.tla
Parsing file /mnt/tlc/5813/tla/tla2sany/StandardModules/Sequences.tla
Semantic processing of module Naturals
Semantic processing of module Integers
Semantic processing of module Sequences
Semantic processing of module FiniteSets
Semantic processing of module GridPerformanceTest
Semantic processing of module TLC
Semantic processing of module l10_n6
Starting... (2013-05-20 20:44:55)
Computing initial states...
Finished computing initial states: 1 distinct state generated.
Progress(10) at 2013-05-20 20:45:18: 10873 states generated (10,873 s/min), 3202 distinct states found (3,202 ds/min), 1389 states left on queue.
Progress(19) at 2013-05-20 20:46:18: 348860 states generated (337,987 s/min), 73029 distinct states found (69,827 ds/min), 14885 states left on queue.
Progress(22) at 2013-05-20 20:47:18: 703729 states generated (354,867 s/min), 135839 distinct states found (62,810 ds/min), 18550 states left on queue.
Progress(26) at 2013-05-20 20:48:18: 1061839 states generated (358,112 s/min), 193003 distinct states found (57,164 ds/min), 16029 states left on queue.
Progress(30) at 2013-05-20 20:49:18: 1420025 states generated (358,185 s/min), 244117 distinct states found (51,114 ds/min), 7446 states left on queue.
Model checking completed. No error has been found.
  Estimates of the probability that TLC did not check all reachable states
  because two distinct states had the same fingerprint:
  calculated (optimistic):  val = 1.9E-8
  based on the actual fingerprints:  val = 2.0E-12
1572865 states generated, 262144 distinct states found, 0 states left on queue.
The depth of the complete state graph search is 43.
Finished. (2013-05-20 20:49:54)
