Listening for transport dt_socket at address: 1044
TLC Server Version 2.05 of 7 November 2012
Parsing file /mnt/tlc/3190/spec/l10_n6.tla
Parsing file /mnt/tlc/3190/spec/GridPerformanceTest.tla
Parsing file /mnt/tlc/3190/tla/tla2sany/StandardModules/TLC.tla
Parsing file /mnt/tlc/3190/tla/tla2sany/StandardModules/Integers.tla
Parsing file /mnt/tlc/3190/tla/tla2sany/StandardModules/FiniteSets.tla
Parsing file /mnt/tlc/3190/tla/tla2sany/StandardModules/Naturals.tla
Parsing file /mnt/tlc/3190/tla/tla2sany/StandardModules/Sequences.tla
Semantic processing of module Naturals
Semantic processing of module Integers
Semantic processing of module Sequences
Semantic processing of module FiniteSets
Semantic processing of module GridPerformanceTest
Semantic processing of module TLC
Semantic processing of module l10_n6
Starting... (2012-12-16 07:53:02)
Computing initial states...
Finished computing initial states: 1 distinct state(s) generated.
TLC server at ip-10-32-54-190 is ready (2012-12-16 07:53:02)
Waiting for 2 FPSet server(s) to register (2012-12-16 07:53:02)
1 out of 2 FPSet server(s) registered (2012-12-16 07:53:26)
2 out of 2 FPSet server(s) registered (2012-12-16 07:53:26)
Progress(1) at 2012-12-16 07:54:26: 1 states generated (1 s/min), 1 distinct states found (1 ds/min), 1 states left on queue.
Progress(1) at 2012-12-16 07:55:26: 1 states generated (0 s/min), 1 distinct states found (0 ds/min), 1 states left on queue.
Progress(1) at 2012-12-16 07:56:26: 1 states generated (0 s/min), 1 distinct states found (0 ds/min), 1 states left on queue.
Progress(1) at 2012-12-16 07:57:26: 1 states generated (0 s/min), 1 distinct states found (0 ds/min), 1 states left on queue.
Progress(1) at 2012-12-16 07:58:26: 1 states generated (0 s/min), 1 distinct states found (0 ds/min), 1 states left on queue.
Progress(1) at 2012-12-16 07:59:26: 1 states generated (0 s/min), 1 distinct states found (0 ds/min), 1 states left on queue.
Progress(1) at 2012-12-16 08:00:26: 1 states generated (0 s/min), 1 distinct states found (0 ds/min), 1 states left on queue.
Progress(1) at 2012-12-16 08:01:26: 1 states generated (0 s/min), 1 distinct states found (0 ds/min), 1 states left on queue.
Progress(1) at 2012-12-16 08:02:26: 1 states generated (0 s/min), 1 distinct states found (0 ds/min), 1 states left on queue.
Progress(1) at 2012-12-16 08:03:26: 1 states generated (0 s/min), 1 distinct states found (0 ds/min), 1 states left on queue.
Listening for transport dt_socket at address: 1044
Progress(1) at 2012-12-16 08:05:04: 1 states generated (0 s/min), 1 distinct states found (0 ds/min), 1 states left on queue.
Progress(1) at 2012-12-16 08:06:04: 1 states generated (0 s/min), 1 distinct states found (0 ds/min), 1 states left on queue.
Progress(1) at 2012-12-16 08:07:04: 1 states generated (0 s/min), 1 distinct states found (0 ds/min), 1 states left on queue.
Progress(1) at 2012-12-16 08:08:04: 1 states generated (0 s/min), 1 distinct states found (0 ds/min), 1 states left on queue.
Progress(1) at 2012-12-16 08:09:04: 1 states generated (0 s/min), 1 distinct states found (0 ds/min), 1 states left on queue.
Progress(1) at 2012-12-16 08:10:04: 1 states generated (0 s/min), 1 distinct states found (0 ds/min), 1 states left on queue.
Progress(1) at 2012-12-16 08:11:04: 1 states generated (0 s/min), 1 distinct states found (0 ds/min), 1 states left on queue.
Progress(1) at 2012-12-16 08:12:04: 1 states generated (0 s/min), 1 distinct states found (0 ds/min), 1 states left on queue.
Progress(1) at 2012-12-16 08:13:04: 1 states generated (0 s/min), 1 distinct states found (0 ds/min), 1 states left on queue.
Progress(1) at 2012-12-16 08:14:04: 1 states generated (0 s/min), 1 distinct states found (0 ds/min), 1 states left on queue.
Progress(1) at 2012-12-16 08:15:04: 1 states generated (0 s/min), 1 distinct states found (0 ds/min), 1 states left on queue.
Progress(1) at 2012-12-16 08:16:04: 1 states generated (0 s/min), 1 distinct states found (0 ds/min), 1 states left on queue.
Progress(1) at 2012-12-16 08:17:04: 1 states generated (0 s/min), 1 distinct states found (0 ds/min), 1 states left on queue.
Listening for transport dt_socket at address: 1044
Progress(1) at 2012-12-16 08:18:04: 1 states generated (0 s/min), 1 distinct states found (0 ds/min), 1 states left on queue.
Listening for transport dt_socket at address: 1044
Progress(1) at 2012-12-16 08:19:04: 1 states generated (0 s/min), 1 distinct states found (0 ds/min), 1 states left on queue.
Progress(1) at 2012-12-16 08:20:04: 1 states generated (0 s/min), 1 distinct states found (0 ds/min), 1 states left on queue.
Progress(1) at 2012-12-16 08:21:04: 1 states generated (0 s/min), 1 distinct states found (0 ds/min), 1 states left on queue.
Progress(1) at 2012-12-16 08:22:04: 1 states generated (0 s/min), 1 distinct states found (0 ds/min), 1 states left on queue.
Progress(1) at 2012-12-16 08:23:04: 1 states generated (0 s/min), 1 distinct states found (0 ds/min), 1 states left on queue.
Progress(1) at 2012-12-16 08:24:04: 1 states generated (0 s/min), 1 distinct states found (0 ds/min), 1 states left on queue.
