Listening for transport dt_socket at address: 1044
TLC Server Version 2.05 of 18 May 2012
Parsing file /mnt/tlc/27752/spec/l10_n8.tla
Parsing file /mnt/tlc/27752/spec/GridPerformanceTest.tla
Parsing file /mnt/tlc/27752/tla/tla2sany/StandardModules/TLC.tla
Parsing file /mnt/tlc/27752/tla/tla2sany/StandardModules/Integers.tla
Parsing file /mnt/tlc/27752/tla/tla2sany/StandardModules/FiniteSets.tla
Parsing file /mnt/tlc/27752/tla/tla2sany/StandardModules/Naturals.tla
Parsing file /mnt/tlc/27752/tla/tla2sany/StandardModules/Sequences.tla
Semantic processing of module Naturals
Semantic processing of module Integers
Semantic processing of module Sequences
Semantic processing of module FiniteSets
Semantic processing of module GridPerformanceTest
Semantic processing of module TLC
Semantic processing of module l10_n8
Starting... (2012-09-06 16:21:45)
Computing initial states...
Finished computing initial states: 1 distinct state(s) generated.
TLC server at ip-10-30-129-73 is ready (2012-09-06 16:22:27)
Registration for worker at rmi://ip-10-31-133-249.ec2.internal:56573 completed (2012-09-06 16:22:39)
Registration for worker at rmi://ip-10-31-133-249.ec2.internal:56573 completed (2012-09-06 16:22:39)
Registration for worker at rmi://ip-10-31-133-249.ec2.internal:56573 completed (2012-09-06 16:22:39)
Registration for worker at rmi://ip-10-31-133-249.ec2.internal:56573 completed (2012-09-06 16:22:39)
Registration for worker at rmi://ip-10-31-133-249.ec2.internal:56573 completed (2012-09-06 16:22:39)
Registration for worker at rmi://ip-10-31-133-249.ec2.internal:56573 completed (2012-09-06 16:22:39)
Registration for worker at rmi://ip-10-31-133-249.ec2.internal:56573 completed (2012-09-06 16:22:39)
Registration for worker at rmi://ip-10-31-133-249.ec2.internal:56573 completed (2012-09-06 16:22:39)
Registration for worker at rmi://ip-10-31-138-14.ec2.internal:33578 completed (2012-09-06 16:22:40)
Registration for worker at rmi://ip-10-31-138-14.ec2.internal:33578 completed (2012-09-06 16:22:40)
Registration for worker at rmi://ip-10-31-138-14.ec2.internal:33578 completed (2012-09-06 16:22:40)
Registration for worker at rmi://ip-10-31-138-14.ec2.internal:33578 completed (2012-09-06 16:22:40)
Registration for worker at rmi://ip-10-31-138-14.ec2.internal:33578 completed (2012-09-06 16:22:40)
Registration for worker at rmi://ip-10-31-138-14.ec2.internal:33578 completed (2012-09-06 16:22:40)
Registration for worker at rmi://ip-10-31-138-14.ec2.internal:33578 completed (2012-09-06 16:22:40)
Registration for worker at rmi://ip-10-31-138-14.ec2.internal:33578 completed (2012-09-06 16:22:40)
Progress(19) at 2012-09-06 16:23:27: 883595 states generated (883,595 s/min), 684052 distinct states found (684,052 ds/min), 271747 states left on queue.
Error: TLC threw an unexpected exception.
This was probably caused by an error in the spec or model.
See the TLC Console for clues to what happened.
The exception was a java.rmi.NoSuchObjectException: no such object in tablejava.rmi.NoSuchObjectException: no such object in table
	at sun.rmi.transport.StreamRemoteCall.exceptionReceivedFromServer(Unknown Source)
	at sun.rmi.transport.StreamRemoteCall.executeCall(Unknown Source)
	at sun.rmi.server.UnicastRef.invoke(Unknown Source)
	at java.rmi.server.RemoteObjectInvocationHandler.invokeRemoteMethod(Unknown Source)
	at java.rmi.server.RemoteObjectInvocationHandler.invoke(Unknown Source)
	at $Proxy2.getCacheRateRatio(Unknown Source)
	at tlc2.tool.distributed.TLCWorkerSmartProxy.getCacheRateRatio(TLCWorkerSmartProxy.java:104)
	at tlc2.tool.distributed.TLCServerThread.run(TLCServerThread.java:202)

Worker: rmi://ip-10-31-133-249.ec2.internal:56573 Sent: 54499 Rcvd: 84141 CacheRatio: 0.038 (2012-09-06 16:24:03)
Worker: rmi://ip-10-31-133-249.ec2.internal:56573 Sent: 60578 Rcvd: 128569 CacheRatio: 0.037 (2012-09-06 16:24:12)
Worker: rmi://ip-10-31-138-14.ec2.internal:33578 Sent: 52012 Rcvd: 72007 CacheRatio: 0.038 (2012-09-06 16:24:12)
Ignoring attempt to exit dead worker
Worker: rmi://ip-10-31-133-249.ec2.internal:56573 Sent: 57249 Rcvd: 93391 CacheRatio: 0.046 (2012-09-06 16:24:12)
Worker: rmi://ip-10-31-138-14.ec2.internal:33578 Sent: 55428 Rcvd: 104497 CacheRatio: 0.041 (2012-09-06 16:24:12)
Ignoring attempt to exit dead worker
Worker: rmi://ip-10-31-133-249.ec2.internal:56573 Sent: 57041 Rcvd: 70520 CacheRatio: 0.042 (2012-09-06 16:24:12)
Worker: rmi://ip-10-31-138-14.ec2.internal:33578 Sent: 54945 Rcvd: 77580 CacheRatio: 0.045 (2012-09-06 16:24:12)
Ignoring attempt to exit dead worker
Worker: rmi://ip-10-31-133-249.ec2.internal:56573 Sent: 55924 Rcvd: 104692 CacheRatio: 0.042 (2012-09-06 16:24:12)
Worker: rmi://ip-10-31-138-14.ec2.internal:33578 Sent: 56199 Rcvd: 60909 CacheRatio: 0.038 (2012-09-06 16:24:12)
Ignoring attempt to exit dead worker
Worker: rmi://ip-10-31-138-14.ec2.internal:33578 Sent: 53108 Rcvd: 95660 CacheRatio: 0.046 (2012-09-06 16:24:12)
Ignoring attempt to exit dead worker
Worker: rmi://ip-10-31-133-249.ec2.internal:56573 Sent: 54409 Rcvd: 89158 CacheRatio: 0.037 (2012-09-06 16:24:12)
Worker: rmi://ip-10-31-138-14.ec2.internal:33578 Sent: 58221 Rcvd: 84458 CacheRatio: 0.046 (2012-09-06 16:24:12)
Ignoring attempt to exit dead worker
Worker: rmi://ip-10-31-133-249.ec2.internal:56573 Sent: 61082 Rcvd: 75601 CacheRatio: 0.040 (2012-09-06 16:24:12)
Worker: rmi://ip-10-31-138-14.ec2.internal:33578 Sent: 56125 Rcvd: 112292 CacheRatio: 0.039 (2012-09-06 16:24:12)
Ignoring attempt to exit dead worker
Worker: rmi://ip-10-31-138-14.ec2.internal:33578 Sent: 51878 Rcvd: 65124 CacheRatio: 0.046 (2012-09-06 16:24:12)
Ignoring attempt to exit dead worker
Worker: rmi://ip-10-31-133-249.ec2.internal:56573 Sent: 57326 Rcvd: 98314 CacheRatio: 0.044 (2012-09-06 16:24:12)
Registration for worker at rmi://ip-10-31-138-14.ec2.internal:33578 completed (2012-09-06 16:24:23)
Registration for worker at rmi://ip-10-31-138-14.ec2.internal:33578 completed (2012-09-06 16:24:23)
Registration for worker at rmi://ip-10-31-138-14.ec2.internal:33578 completed (2012-09-06 16:24:23)
Registration for worker at rmi://ip-10-31-138-14.ec2.internal:33578 completed (2012-09-06 16:24:23)
Registration for worker at rmi://ip-10-31-138-14.ec2.internal:33578 completed (2012-09-06 16:24:23)
Registration for worker at rmi://ip-10-31-138-14.ec2.internal:33578 completed (2012-09-06 16:24:23)
Registration for worker at rmi://ip-10-31-138-14.ec2.internal:33578 completed (2012-09-06 16:24:23)
Registration for worker at rmi://ip-10-31-138-14.ec2.internal:33578 completed (2012-09-06 16:24:23)
Model checking completed. No error has been found.
  Estimates of the probability that TLC did not check all reachable states
  because two distinct states had the same fingerprint:
  calculated (optimistic):  val = 0.0
  based on the actual fingerprints:  val = 6.2E-11
ip-10-30-129-73, work completed. Thank you!
