Listening for transport dt_socket at address: 1044
TLC Server Version 2.05 of 24 October 2012
Parsing file /mnt/tlc/5891/spec/l10_n8.tla
Parsing file /mnt/tlc/5891/spec/GridPerformanceTest.tla
Parsing file /mnt/tlc/5891/tla/tla2sany/StandardModules/TLC.tla
Parsing file /mnt/tlc/5891/tla/tla2sany/StandardModules/Integers.tla
Parsing file /mnt/tlc/5891/tla/tla2sany/StandardModules/FiniteSets.tla
Parsing file /mnt/tlc/5891/tla/tla2sany/StandardModules/Naturals.tla
Parsing file /mnt/tlc/5891/tla/tla2sany/StandardModules/Sequences.tla
Semantic processing of module Naturals
Semantic processing of module Integers
Semantic processing of module Sequences
Semantic processing of module FiniteSets
Semantic processing of module GridPerformanceTest
Semantic processing of module TLC
Semantic processing of module l10_n8
Starting... (2012-11-05 14:47:09)
Computing initial states...
Finished computing initial states: 1 distinct state(s) generated.
TLC server at ip-10-32-50-194 is ready (2012-11-05 14:47:49)
Done waiting for FPSet server(s) (2012-11-05 14:47:49)
Registration for worker at rmi://ip-10-32-53-177.eu-west-1.compute.internal:46773/0 completed (2012-11-05 14:47:49)
Registration for worker at rmi://ip-10-32-53-177.eu-west-1.compute.internal:46773/3 completed (2012-11-05 14:47:49)
Registration for worker at rmi://ip-10-32-53-177.eu-west-1.compute.internal:46773/1 completed (2012-11-05 14:47:49)
Registration for worker at rmi://ip-10-32-53-177.eu-west-1.compute.internal:46773/5 completed (2012-11-05 14:47:49)
Registration for worker at rmi://ip-10-32-53-177.eu-west-1.compute.internal:46773/4 completed (2012-11-05 14:47:49)
Registration for worker at rmi://ip-10-32-53-177.eu-west-1.compute.internal:46773/2 completed (2012-11-05 14:47:49)
Registration for worker at rmi://ip-10-32-53-177.eu-west-1.compute.internal:46773/7 completed (2012-11-05 14:47:49)
Registration for worker at rmi://ip-10-32-53-177.eu-west-1.compute.internal:46773/6 completed (2012-11-05 14:47:49)
Registration for worker at rmi://ip-10-32-49-161.eu-west-1.compute.internal:33869/7 completed (2012-11-05 14:47:49)
Registration for worker at rmi://ip-10-32-49-161.eu-west-1.compute.internal:33869/1 completed (2012-11-05 14:47:49)
Registration for worker at rmi://ip-10-32-49-161.eu-west-1.compute.internal:33869/5 completed (2012-11-05 14:47:49)
Registration for worker at rmi://ip-10-32-49-161.eu-west-1.compute.internal:33869/4 completed (2012-11-05 14:47:49)
Registration for worker at rmi://ip-10-32-49-161.eu-west-1.compute.internal:33869/6 completed (2012-11-05 14:47:49)
Registration for worker at rmi://ip-10-32-49-161.eu-west-1.compute.internal:33869/2 completed (2012-11-05 14:47:49)
Registration for worker at rmi://ip-10-32-49-161.eu-west-1.compute.internal:33869/3 completed (2012-11-05 14:47:49)
Registration for worker at rmi://ip-10-32-49-161.eu-west-1.compute.internal:33869/0 completed (2012-11-05 14:47:49)
Registration for worker at rmi://ip-10-32-53-180.eu-west-1.compute.internal:40049/6 completed (2012-11-05 14:47:49)
Registration for worker at rmi://ip-10-32-53-180.eu-west-1.compute.internal:40049/7 completed (2012-11-05 14:47:49)
Registration for worker at rmi://ip-10-32-53-180.eu-west-1.compute.internal:40049/4 completed (2012-11-05 14:47:49)
Registration for worker at rmi://ip-10-32-53-180.eu-west-1.compute.internal:40049/0 completed (2012-11-05 14:47:49)
Registration for worker at rmi://ip-10-32-53-180.eu-west-1.compute.internal:40049/5 completed (2012-11-05 14:47:49)
Registration for worker at rmi://ip-10-32-53-180.eu-west-1.compute.internal:40049/3 completed (2012-11-05 14:47:49)
Registration for worker at rmi://ip-10-32-53-180.eu-west-1.compute.internal:40049/2 completed (2012-11-05 14:47:49)
Registration for worker at rmi://ip-10-32-53-180.eu-west-1.compute.internal:40049/1 completed (2012-11-05 14:47:49)
Registration for worker at rmi://ip-10-32-53-146.eu-west-1.compute.internal:59217/2 completed (2012-11-05 14:47:50)
Registration for worker at rmi://ip-10-32-53-146.eu-west-1.compute.internal:59217/0 completed (2012-11-05 14:47:50)
Registration for worker at rmi://ip-10-32-53-146.eu-west-1.compute.internal:59217/4 completed (2012-11-05 14:47:50)
Registration for worker at rmi://ip-10-32-53-146.eu-west-1.compute.internal:59217/6 completed (2012-11-05 14:47:50)
Registration for worker at rmi://ip-10-32-53-146.eu-west-1.compute.internal:59217/7 completed (2012-11-05 14:47:50)
Registration for worker at rmi://ip-10-32-53-146.eu-west-1.compute.internal:59217/1 completed (2012-11-05 14:47:50)
Registration for worker at rmi://ip-10-32-53-146.eu-west-1.compute.internal:59217/5 completed (2012-11-05 14:47:50)
Registration for worker at rmi://ip-10-32-53-146.eu-west-1.compute.internal:59217/3 completed (2012-11-05 14:47:50)
Registration for worker at rmi://ip-10-33-145-75.eu-west-1.compute.internal:49441/0 completed (2012-11-05 14:47:50)
Registration for worker at rmi://ip-10-33-145-75.eu-west-1.compute.internal:49441/3 completed (2012-11-05 14:47:50)
Registration for worker at rmi://ip-10-33-145-75.eu-west-1.compute.internal:49441/6 completed (2012-11-05 14:47:50)
Registration for worker at rmi://ip-10-33-145-75.eu-west-1.compute.internal:49441/2 completed (2012-11-05 14:47:50)
Registration for worker at rmi://ip-10-33-145-75.eu-west-1.compute.internal:49441/7 completed (2012-11-05 14:47:50)
Registration for worker at rmi://ip-10-33-145-75.eu-west-1.compute.internal:49441/1 completed (2012-11-05 14:47:50)
Registration for worker at rmi://ip-10-33-145-75.eu-west-1.compute.internal:49441/5 completed (2012-11-05 14:47:50)
Registration for worker at rmi://ip-10-33-145-75.eu-west-1.compute.internal:49441/4 completed (2012-11-05 14:47:50)
Registration for worker at rmi://ip-10-33-145-12.eu-west-1.compute.internal:52044/7 completed (2012-11-05 14:47:50)
Registration for worker at rmi://ip-10-33-145-12.eu-west-1.compute.internal:52044/1 completed (2012-11-05 14:47:50)
Registration for worker at rmi://ip-10-33-145-12.eu-west-1.compute.internal:52044/3 completed (2012-11-05 14:47:50)
Registration for worker at rmi://ip-10-33-145-12.eu-west-1.compute.internal:52044/6 completed (2012-11-05 14:47:50)
Registration for worker at rmi://ip-10-33-145-12.eu-west-1.compute.internal:52044/0 completed (2012-11-05 14:47:50)
Registration for worker at rmi://ip-10-33-145-62.eu-west-1.compute.internal:60601/5 completed (2012-11-05 14:47:51)
Registration for worker at rmi://ip-10-33-145-62.eu-west-1.compute.internal:60601/1 completed (2012-11-05 14:47:51)
Registration for worker at rmi://ip-10-33-145-62.eu-west-1.compute.internal:60601/3 completed (2012-11-05 14:47:51)
Registration for worker at rmi://ip-10-33-145-62.eu-west-1.compute.internal:60601/4 completed (2012-11-05 14:47:51)
Registration for worker at rmi://ip-10-33-145-62.eu-west-1.compute.internal:60601/6 completed (2012-11-05 14:47:51)
Registration for worker at rmi://ip-10-33-145-62.eu-west-1.compute.internal:60601/2 completed (2012-11-05 14:47:51)
Registration for worker at rmi://ip-10-33-145-62.eu-west-1.compute.internal:60601/0 completed (2012-11-05 14:47:51)
Registration for worker at rmi://ip-10-33-145-62.eu-west-1.compute.internal:60601/7 completed (2012-11-05 14:47:51)
Registration for worker at rmi://ip-10-32-49-76.eu-west-1.compute.internal:58424/0 completed (2012-11-05 14:47:53)
Registration for worker at rmi://ip-10-32-49-76.eu-west-1.compute.internal:58424/5 completed (2012-11-05 14:47:53)
Registration for worker at rmi://ip-10-32-49-76.eu-west-1.compute.internal:58424/2 completed (2012-11-05 14:47:53)
Registration for worker at rmi://ip-10-32-49-76.eu-west-1.compute.internal:58424/3 completed (2012-11-05 14:47:53)
Registration for worker at rmi://ip-10-32-49-76.eu-west-1.compute.internal:58424/6 completed (2012-11-05 14:47:53)
Registration for worker at rmi://ip-10-32-49-76.eu-west-1.compute.internal:58424/4 completed (2012-11-05 14:47:53)
Registration for worker at rmi://ip-10-32-49-76.eu-west-1.compute.internal:58424/1 completed (2012-11-05 14:47:53)
Registration for worker at rmi://ip-10-32-49-76.eu-west-1.compute.internal:58424/7 completed (2012-11-05 14:47:53)
Registration for worker at rmi://ip-10-32-50-34.eu-west-1.compute.internal:40882/0 completed (2012-11-05 14:47:54)
Registration for worker at rmi://ip-10-32-50-34.eu-west-1.compute.internal:40882/5 completed (2012-11-05 14:47:54)
Registration for worker at rmi://ip-10-32-50-34.eu-west-1.compute.internal:40882/1 completed (2012-11-05 14:47:54)
Registration for worker at rmi://ip-10-32-50-34.eu-west-1.compute.internal:40882/4 completed (2012-11-05 14:47:54)
Registration for worker at rmi://ip-10-32-50-34.eu-west-1.compute.internal:40882/3 completed (2012-11-05 14:47:54)
Registration for worker at rmi://ip-10-32-50-34.eu-west-1.compute.internal:40882/7 completed (2012-11-05 14:47:54)
Registration for worker at rmi://ip-10-32-50-34.eu-west-1.compute.internal:40882/6 completed (2012-11-05 14:47:54)
Registration for worker at rmi://ip-10-32-50-34.eu-west-1.compute.internal:40882/2 completed (2012-11-05 14:47:54)
Registration for worker at rmi://ip-10-32-42-250.eu-west-1.compute.internal:44716/0 completed (2012-11-05 14:48:04)
Registration for worker at rmi://ip-10-32-42-250.eu-west-1.compute.internal:44716/2 completed (2012-11-05 14:48:04)
Registration for worker at rmi://ip-10-32-42-250.eu-west-1.compute.internal:44716/6 completed (2012-11-05 14:48:04)
Registration for worker at rmi://ip-10-32-42-250.eu-west-1.compute.internal:44716/7 completed (2012-11-05 14:48:04)
Registration for worker at rmi://ip-10-32-42-250.eu-west-1.compute.internal:44716/1 completed (2012-11-05 14:48:04)
Registration for worker at rmi://ip-10-32-42-250.eu-west-1.compute.internal:44716/4 completed (2012-11-05 14:48:04)
Registration for worker at rmi://ip-10-32-42-250.eu-west-1.compute.internal:44716/3 completed (2012-11-05 14:48:04)
Registration for worker at rmi://ip-10-32-42-250.eu-west-1.compute.internal:44716/5 completed (2012-11-05 14:48:04)
Registration for worker at rmi://ip-10-32-49-77.eu-west-1.compute.internal:38649/3 completed (2012-11-05 14:48:05)
Registration for worker at rmi://ip-10-32-49-77.eu-west-1.compute.internal:38649/5 completed (2012-11-05 14:48:05)
Registration for worker at rmi://ip-10-32-49-77.eu-west-1.compute.internal:38649/0 completed (2012-11-05 14:48:05)
Registration for worker at rmi://ip-10-32-49-77.eu-west-1.compute.internal:38649/4 completed (2012-11-05 14:48:05)
Registration for worker at rmi://ip-10-32-49-77.eu-west-1.compute.internal:38649/1 completed (2012-11-05 14:48:05)
Registration for worker at rmi://ip-10-32-49-77.eu-west-1.compute.internal:38649/6 completed (2012-11-05 14:48:05)
Registration for worker at rmi://ip-10-32-49-77.eu-west-1.compute.internal:38649/2 completed (2012-11-05 14:48:05)
Registration for worker at rmi://ip-10-32-49-77.eu-west-1.compute.internal:38649/7 completed (2012-11-05 14:48:05)
Registration for worker at rmi://ip-10-32-44-186.eu-west-1.compute.internal:45005/6 completed (2012-11-05 14:48:05)
Registration for worker at rmi://ip-10-32-44-186.eu-west-1.compute.internal:45005/3 completed (2012-11-05 14:48:05)
Registration for worker at rmi://ip-10-32-44-186.eu-west-1.compute.internal:45005/0 completed (2012-11-05 14:48:05)
Registration for worker at rmi://ip-10-32-44-186.eu-west-1.compute.internal:45005/2 completed (2012-11-05 14:48:05)
Registration for worker at rmi://ip-10-32-44-186.eu-west-1.compute.internal:45005/1 completed (2012-11-05 14:48:05)
Registration for worker at rmi://ip-10-32-44-186.eu-west-1.compute.internal:45005/7 completed (2012-11-05 14:48:05)
Registration for worker at rmi://ip-10-32-44-186.eu-west-1.compute.internal:45005/4 completed (2012-11-05 14:48:05)
Registration for worker at rmi://ip-10-32-44-186.eu-west-1.compute.internal:45005/5 completed (2012-11-05 14:48:05)
Registration for worker at rmi://ip-10-32-56-251.eu-west-1.compute.internal:51803/5 completed (2012-11-05 14:48:05)
Registration for worker at rmi://ip-10-32-56-251.eu-west-1.compute.internal:51803/6 completed (2012-11-05 14:48:05)
Registration for worker at rmi://ip-10-32-56-251.eu-west-1.compute.internal:51803/7 completed (2012-11-05 14:48:05)
Registration for worker at rmi://ip-10-32-56-251.eu-west-1.compute.internal:51803/3 completed (2012-11-05 14:48:05)
Registration for worker at rmi://ip-10-32-56-251.eu-west-1.compute.internal:51803/2 completed (2012-11-05 14:48:05)
Registration for worker at rmi://ip-10-32-56-251.eu-west-1.compute.internal:51803/4 completed (2012-11-05 14:48:05)
Registration for worker at rmi://ip-10-32-56-251.eu-west-1.compute.internal:51803/0 completed (2012-11-05 14:48:05)
Registration for worker at rmi://ip-10-32-56-251.eu-west-1.compute.internal:51803/1 completed (2012-11-05 14:48:05)
Registration for worker at rmi://ip-10-32-49-156.eu-west-1.compute.internal:52776/4 completed (2012-11-05 14:48:05)
Registration for worker at rmi://ip-10-32-49-156.eu-west-1.compute.internal:52776/3 completed (2012-11-05 14:48:05)
Registration for worker at rmi://ip-10-32-49-156.eu-west-1.compute.internal:52776/5 completed (2012-11-05 14:48:05)
Registration for worker at rmi://ip-10-32-49-156.eu-west-1.compute.internal:52776/0 completed (2012-11-05 14:48:05)
Registration for worker at rmi://ip-10-32-49-156.eu-west-1.compute.internal:52776/7 completed (2012-11-05 14:48:05)
Registration for worker at rmi://ip-10-32-49-156.eu-west-1.compute.internal:52776/1 completed (2012-11-05 14:48:05)
Registration for worker at rmi://ip-10-32-49-156.eu-west-1.compute.internal:52776/6 completed (2012-11-05 14:48:05)
Registration for worker at rmi://ip-10-32-49-156.eu-west-1.compute.internal:52776/2 completed (2012-11-05 14:48:05)
Registration for worker at rmi://ip-10-32-53-171.eu-west-1.compute.internal:60757/1 completed (2012-11-05 14:48:05)
Registration for worker at rmi://ip-10-32-53-171.eu-west-1.compute.internal:60757/6 completed (2012-11-05 14:48:05)
Registration for worker at rmi://ip-10-32-53-171.eu-west-1.compute.internal:60757/3 completed (2012-11-05 14:48:05)
Registration for worker at rmi://ip-10-32-53-171.eu-west-1.compute.internal:60757/7 completed (2012-11-05 14:48:05)
Registration for worker at rmi://ip-10-32-53-171.eu-west-1.compute.internal:60757/4 completed (2012-11-05 14:48:05)
Registration for worker at rmi://ip-10-32-53-171.eu-west-1.compute.internal:60757/5 completed (2012-11-05 14:48:05)
Registration for worker at rmi://ip-10-32-53-171.eu-west-1.compute.internal:60757/2 completed (2012-11-05 14:48:05)
Registration for worker at rmi://ip-10-32-53-171.eu-west-1.compute.internal:60757/0 completed (2012-11-05 14:48:05)
Registration for worker at rmi://ip-10-32-49-68.eu-west-1.compute.internal:46745/7 completed (2012-11-05 14:48:05)
Registration for worker at rmi://ip-10-32-49-68.eu-west-1.compute.internal:46745/5 completed (2012-11-05 14:48:05)
Registration for worker at rmi://ip-10-32-49-68.eu-west-1.compute.internal:46745/6 completed (2012-11-05 14:48:05)
Registration for worker at rmi://ip-10-32-49-68.eu-west-1.compute.internal:46745/0 completed (2012-11-05 14:48:05)
Registration for worker at rmi://ip-10-32-49-68.eu-west-1.compute.internal:46745/4 completed (2012-11-05 14:48:05)
Registration for worker at rmi://ip-10-32-49-68.eu-west-1.compute.internal:46745/1 completed (2012-11-05 14:48:05)
Registration for worker at rmi://ip-10-32-49-68.eu-west-1.compute.internal:46745/2 completed (2012-11-05 14:48:05)
Registration for worker at rmi://ip-10-32-49-68.eu-west-1.compute.internal:46745/3 completed (2012-11-05 14:48:05)
Registration for worker at rmi://ip-10-32-50-71.eu-west-1.compute.internal:57235/6 completed (2012-11-05 14:48:05)
Registration for worker at rmi://ip-10-32-50-71.eu-west-1.compute.internal:57235/1 completed (2012-11-05 14:48:05)
Registration for worker at rmi://ip-10-32-50-71.eu-west-1.compute.internal:57235/3 completed (2012-11-05 14:48:05)
Registration for worker at rmi://ip-10-32-50-71.eu-west-1.compute.internal:57235/4 completed (2012-11-05 14:48:05)
Registration for worker at rmi://ip-10-32-50-71.eu-west-1.compute.internal:57235/7 completed (2012-11-05 14:48:05)
Registration for worker at rmi://ip-10-32-50-71.eu-west-1.compute.internal:57235/5 completed (2012-11-05 14:48:05)
Registration for worker at rmi://ip-10-32-50-71.eu-west-1.compute.internal:57235/2 completed (2012-11-05 14:48:05)
Registration for worker at rmi://ip-10-32-50-71.eu-west-1.compute.internal:57235/0 completed (2012-11-05 14:48:05)
Registration for worker at rmi://ip-10-32-50-253.eu-west-1.compute.internal:36125/1 completed (2012-11-05 14:48:06)
Registration for worker at rmi://ip-10-32-50-253.eu-west-1.compute.internal:36125/2 completed (2012-11-05 14:48:06)
Registration for worker at rmi://ip-10-32-50-253.eu-west-1.compute.internal:36125/4 completed (2012-11-05 14:48:06)
Registration for worker at rmi://ip-10-32-50-253.eu-west-1.compute.internal:36125/0 completed (2012-11-05 14:48:06)
Registration for worker at rmi://ip-10-32-50-253.eu-west-1.compute.internal:36125/5 completed (2012-11-05 14:48:06)
Registration for worker at rmi://ip-10-32-50-253.eu-west-1.compute.internal:36125/6 completed (2012-11-05 14:48:06)
Registration for worker at rmi://ip-10-32-50-253.eu-west-1.compute.internal:36125/3 completed (2012-11-05 14:48:06)
Registration for worker at rmi://ip-10-32-50-253.eu-west-1.compute.internal:36125/7 completed (2012-11-05 14:48:06)
Progress(24) at 2012-11-05 14:48:49: 41386185 states generated (41,386,185 s/min), 6447672 distinct states found (6,447,672 ds/min), 2082776 states left on queue.
Progress(33) at 2012-11-05 14:49:49: 96699409 states generated (55,313,224 s/min), 12617205 distinct states found (6,169,533 ds/min), 2106405 states left on queue.
Progress(58) at 2012-11-05 14:50:49: 148128332 states generated (51,428,923 s/min), 16763991 distinct states found (4,146,786 ds/min), 343777 states left on queue.
Worker: rmi://ip-10-32-49-76.eu-west-1.compute.internal:58424/5 Sent: 129375 Rcvd: 200602 CacheRatio: 0.03 (2012-11-05 14:50:54)
Worker: rmi://ip-10-33-145-75.eu-west-1.compute.internal:49441/0 Sent: 113251 Rcvd: 46485 CacheRatio: 0.03 (2012-11-05 14:50:54)
Worker: rmi://ip-10-32-42-250.eu-west-1.compute.internal:44716/5 Sent: 115959 Rcvd: 141019 CacheRatio: 0.03 (2012-11-05 14:50:54)
Worker: rmi://ip-10-32-50-253.eu-west-1.compute.internal:36125/4 Sent: 108098 Rcvd: 72892 CacheRatio: 0.03 (2012-11-05 14:50:54)
Worker: rmi://ip-10-32-50-34.eu-west-1.compute.internal:40882/3 Sent: 125217 Rcvd: 129103 CacheRatio: 0.03 (2012-11-05 14:50:54)
Worker: rmi://ip-10-32-53-171.eu-west-1.compute.internal:60757/0 Sent: 114929 Rcvd: 140264 CacheRatio: 0.02 (2012-11-05 14:50:54)
Worker: rmi://ip-10-32-53-180.eu-west-1.compute.internal:40049/6 Sent: 126438 Rcvd: 156537 CacheRatio: 0.04 (2012-11-05 14:50:54)
Worker: rmi://ip-10-32-53-171.eu-west-1.compute.internal:60757/1 Sent: 115851 Rcvd: 149317 CacheRatio: 0.03 (2012-11-05 14:50:54)
Worker: rmi://ip-10-32-42-250.eu-west-1.compute.internal:44716/1 Sent: 111874 Rcvd: 162457 CacheRatio: 0.02 (2012-11-05 14:50:54)
Worker: rmi://ip-10-32-49-161.eu-west-1.compute.internal:33869/4 Sent: 129165 Rcvd: 158717 CacheRatio: 0.03 (2012-11-05 14:50:54)
Worker: rmi://ip-10-32-49-68.eu-west-1.compute.internal:46745/5 Sent: 110871 Rcvd: 93238 CacheRatio: 0.02 (2012-11-05 14:50:54)
Worker: rmi://ip-10-32-49-77.eu-west-1.compute.internal:38649/5 Sent: 111619 Rcvd: 120602 CacheRatio: 0.03 (2012-11-05 14:50:54)
Worker: rmi://ip-10-32-44-186.eu-west-1.compute.internal:45005/5 Sent: 110202 Rcvd: 74815 CacheRatio: 0.02 (2012-11-05 14:50:54)
Worker: rmi://ip-10-32-50-34.eu-west-1.compute.internal:40882/4 Sent: 122328 Rcvd: 142952 CacheRatio: 0.03 (2012-11-05 14:50:54)
Worker: rmi://ip-10-32-44-186.eu-west-1.compute.internal:45005/4 Sent: 110151 Rcvd: 58171 CacheRatio: 0.02 (2012-11-05 14:50:54)
Worker: rmi://ip-10-33-145-62.eu-west-1.compute.internal:60601/2 Sent: 122926 Rcvd: 144894 CacheRatio: 0.03 (2012-11-05 14:50:54)
Worker: rmi://ip-10-32-44-186.eu-west-1.compute.internal:45005/6 Sent: 109288 Rcvd: 66540 CacheRatio: 0.03 (2012-11-05 14:50:54)
Worker: rmi://ip-10-32-53-177.eu-west-1.compute.internal:46773/4 Sent: 125201 Rcvd: 165944 CacheRatio: 0.02 (2012-11-05 14:50:54)
Worker: rmi://ip-10-32-53-180.eu-west-1.compute.internal:40049/7 Sent: 127629 Rcvd: 154928 CacheRatio: 0.03 (2012-11-05 14:50:54)
Worker: rmi://ip-10-32-50-253.eu-west-1.compute.internal:36125/6 Sent: 110690 Rcvd: 65738 CacheRatio: 0.02 (2012-11-05 14:50:54)
Worker: rmi://ip-10-32-49-77.eu-west-1.compute.internal:38649/1 Sent: 115480 Rcvd: 113077 CacheRatio: 0.02 (2012-11-05 14:50:54)
Worker: rmi://ip-10-32-56-251.eu-west-1.compute.internal:51803/3 Sent: 118969 Rcvd: 145044 CacheRatio: 0.02 (2012-11-05 14:50:54)
Worker: rmi://ip-10-32-49-156.eu-west-1.compute.internal:52776/1 Sent: 113726 Rcvd: 139288 CacheRatio: 0.02 (2012-11-05 14:50:54)
Worker: rmi://ip-10-32-50-71.eu-west-1.compute.internal:57235/0 Sent: 118912 Rcvd: 150570 CacheRatio: 0.03 (2012-11-05 14:50:54)
Worker: rmi://ip-10-32-53-171.eu-west-1.compute.internal:60757/3 Sent: 115971 Rcvd: 151158 CacheRatio: 0.03 (2012-11-05 14:50:54)
Worker: rmi://ip-10-33-145-62.eu-west-1.compute.internal:60601/5 Sent: 122137 Rcvd: 144023 CacheRatio: 0.03 (2012-11-05 14:50:54)
Worker: rmi://ip-10-32-50-71.eu-west-1.compute.internal:57235/3 Sent: 115588 Rcvd: 189415 CacheRatio: 0.03 (2012-11-05 14:50:54)
Worker: rmi://ip-10-32-49-68.eu-west-1.compute.internal:46745/2 Sent: 112353 Rcvd: 112093 CacheRatio: 0.03 (2012-11-05 14:50:54)
Worker: rmi://ip-10-33-145-12.eu-west-1.compute.internal:52044/0 Sent: 122463 Rcvd: 123007 CacheRatio: 0.02 (2012-11-05 14:50:54)
Worker: rmi://ip-10-32-53-171.eu-west-1.compute.internal:60757/6 Sent: 113183 Rcvd: 144793 CacheRatio: 0.02 (2012-11-05 14:50:54)
Worker: rmi://ip-10-33-145-62.eu-west-1.compute.internal:60601/6 Sent: 124571 Rcvd: 116331 CacheRatio: 0.03 (2012-11-05 14:50:54)
Worker: rmi://ip-10-32-53-146.eu-west-1.compute.internal:59217/5 Sent: 124001 Rcvd: 88690 CacheRatio: 0.03 (2012-11-05 14:50:54)
Worker: rmi://ip-10-32-49-161.eu-west-1.compute.internal:33869/1 Sent: 129750 Rcvd: 160762 CacheRatio: 0.03 (2012-11-05 14:50:54)
Worker: rmi://ip-10-32-53-177.eu-west-1.compute.internal:46773/7 Sent: 127553 Rcvd: 175149 CacheRatio: 0.04 (2012-11-05 14:50:54)
Worker: rmi://ip-10-32-44-186.eu-west-1.compute.internal:45005/2 Sent: 106419 Rcvd: 62499 CacheRatio: 0.03 (2012-11-05 14:50:54)
Worker: rmi://ip-10-32-50-34.eu-west-1.compute.internal:40882/0 Sent: 124307 Rcvd: 128854 CacheRatio: 0.03 (2012-11-05 14:50:54)
Worker: rmi://ip-10-32-49-77.eu-west-1.compute.internal:38649/2 Sent: 112581 Rcvd: 126243 CacheRatio: 0.02 (2012-11-05 14:50:54)
Worker: rmi://ip-10-32-49-161.eu-west-1.compute.internal:33869/0 Sent: 127381 Rcvd: 225744 CacheRatio: 0.03 (2012-11-05 14:50:54)
Worker: rmi://ip-10-32-50-253.eu-west-1.compute.internal:36125/5 Sent: 107666 Rcvd: 70949 CacheRatio: 0.03 (2012-11-05 14:50:54)
Worker: rmi://ip-10-32-53-180.eu-west-1.compute.internal:40049/1 Sent: 127798 Rcvd: 142614 CacheRatio: 0.03 (2012-11-05 14:50:54)
Worker: rmi://ip-10-32-49-76.eu-west-1.compute.internal:58424/1 Sent: 128352 Rcvd: 205087 CacheRatio: 0.03 (2012-11-05 14:50:54)
Worker: rmi://ip-10-32-42-250.eu-west-1.compute.internal:44716/0 Sent: 118444 Rcvd: 182133 CacheRatio: 0.02 (2012-11-05 14:50:54)
Worker: rmi://ip-10-32-56-251.eu-west-1.compute.internal:51803/0 Sent: 117764 Rcvd: 184009 CacheRatio: 0.03 (2012-11-05 14:50:54)
Worker: rmi://ip-10-33-145-62.eu-west-1.compute.internal:60601/3 Sent: 125070 Rcvd: 144385 CacheRatio: 0.03 (2012-11-05 14:50:54)
Worker: rmi://ip-10-33-145-12.eu-west-1.compute.internal:52044/1 Sent: 124392 Rcvd: 136066 CacheRatio: 0.03 (2012-11-05 14:50:54)
Worker: rmi://ip-10-32-53-177.eu-west-1.compute.internal:46773/2 Sent: 123615 Rcvd: 147810 CacheRatio: 0.03 (2012-11-05 14:50:54)
Worker: rmi://ip-10-33-145-75.eu-west-1.compute.internal:49441/1 Sent: 113907 Rcvd: 58648 CacheRatio: 0.03 (2012-11-05 14:50:54)
Worker: rmi://ip-10-33-145-12.eu-west-1.compute.internal:52044/6 Sent: 125171 Rcvd: 102549 CacheRatio: 0.03 (2012-11-05 14:50:54)
Worker: rmi://ip-10-32-53-180.eu-west-1.compute.internal:40049/2 Sent: 127345 Rcvd: 133600 CacheRatio: 0.03 (2012-11-05 14:50:54)
Worker: rmi://ip-10-32-53-177.eu-west-1.compute.internal:46773/6 Sent: 127089 Rcvd: 122386 CacheRatio: 0.03 (2012-11-05 14:50:54)
Worker: rmi://ip-10-32-49-68.eu-west-1.compute.internal:46745/7 Sent: 113926 Rcvd: 72112 CacheRatio: 0.02 (2012-11-05 14:50:54)
Worker: rmi://ip-10-32-53-146.eu-west-1.compute.internal:59217/2 Sent: 123872 Rcvd: 98732 CacheRatio: 0.03 (2012-11-05 14:50:54)
Worker: rmi://ip-10-33-145-75.eu-west-1.compute.internal:49441/4 Sent: 115796 Rcvd: 71212 CacheRatio: 0.04 (2012-11-05 14:50:54)
Worker: rmi://ip-10-32-49-156.eu-west-1.compute.internal:52776/2 Sent: 113773 Rcvd: 124330 CacheRatio: 0.02 (2012-11-05 14:50:54)
Worker: rmi://ip-10-32-42-250.eu-west-1.compute.internal:44716/6 Sent: 117182 Rcvd: 138974 CacheRatio: 0.02 (2012-11-05 14:50:54)
Worker: rmi://ip-10-32-49-76.eu-west-1.compute.internal:58424/2 Sent: 128639 Rcvd: 201641 CacheRatio: 0.03 (2012-11-05 14:50:54)
Worker: rmi://ip-10-32-56-251.eu-west-1.compute.internal:51803/1 Sent: 116887 Rcvd: 135437 CacheRatio: 0.03 (2012-11-05 14:50:54)
Worker: rmi://ip-10-32-56-251.eu-west-1.compute.internal:51803/5 Sent: 120689 Rcvd: 158935 CacheRatio: 0.02 (2012-11-05 14:50:54)
Worker: rmi://ip-10-32-53-171.eu-west-1.compute.internal:60757/5 Sent: 112929 Rcvd: 128961 CacheRatio: 0.03 (2012-11-05 14:50:54)
Worker: rmi://ip-10-32-49-76.eu-west-1.compute.internal:58424/3 Sent: 129713 Rcvd: 202390 CacheRatio: 0.03 (2012-11-05 14:50:54)
Worker: rmi://ip-10-33-145-62.eu-west-1.compute.internal:60601/1 Sent: 123871 Rcvd: 113872 CacheRatio: 0.03 (2012-11-05 14:50:54)
Worker: rmi://ip-10-32-44-186.eu-west-1.compute.internal:45005/3 Sent: 107860 Rcvd: 65003 CacheRatio: 0.02 (2012-11-05 14:50:54)
Worker: rmi://ip-10-32-53-177.eu-west-1.compute.internal:46773/5 Sent: 125734 Rcvd: 115279 CacheRatio: 0.03 (2012-11-05 14:50:54)
Worker: rmi://ip-10-32-42-250.eu-west-1.compute.internal:44716/4 Sent: 117235 Rcvd: 125092 CacheRatio: 0.03 (2012-11-05 14:50:54)
Worker: rmi://ip-10-32-50-71.eu-west-1.compute.internal:57235/2 Sent: 111619 Rcvd: 129280 CacheRatio: 0.02 (2012-11-05 14:50:54)
Worker: rmi://ip-10-32-42-250.eu-west-1.compute.internal:44716/7 Sent: 117549 Rcvd: 141492 CacheRatio: 0.03 (2012-11-05 14:50:54)
Worker: rmi://ip-10-32-53-146.eu-west-1.compute.internal:59217/0 Sent: 124219 Rcvd: 106909 CacheRatio: 0.03 (2012-11-05 14:50:54)
Worker: rmi://ip-10-32-49-68.eu-west-1.compute.internal:46745/6 Sent: 115589 Rcvd: 125483 CacheRatio: 0.03 (2012-11-05 14:50:54)
Worker: rmi://ip-10-32-49-68.eu-west-1.compute.internal:46745/0 Sent: 113856 Rcvd: 81254 CacheRatio: 0.03 (2012-11-05 14:50:54)
Worker: rmi://ip-10-32-56-251.eu-west-1.compute.internal:51803/4 Sent: 114653 Rcvd: 148057 CacheRatio: 0.02 (2012-11-05 14:50:54)
Worker: rmi://ip-10-32-49-76.eu-west-1.compute.internal:58424/4 Sent: 127514 Rcvd: 206551 CacheRatio: 0.03 (2012-11-05 14:50:54)
Worker: rmi://ip-10-32-53-180.eu-west-1.compute.internal:40049/3 Sent: 120823 Rcvd: 81047 CacheRatio: 0.03 (2012-11-05 14:50:54)
Worker: rmi://ip-10-32-50-71.eu-west-1.compute.internal:57235/5 Sent: 118580 Rcvd: 156461 CacheRatio: 0.02 (2012-11-05 14:50:54)
Worker: rmi://ip-10-33-145-75.eu-west-1.compute.internal:49441/5 Sent: 114351 Rcvd: 61587 CacheRatio: 0.03 (2012-11-05 14:50:54)
Worker: rmi://ip-10-32-53-146.eu-west-1.compute.internal:59217/3 Sent: 122645 Rcvd: 116218 CacheRatio: 0.03 (2012-11-05 14:50:54)
Worker: rmi://ip-10-32-49-68.eu-west-1.compute.internal:46745/1 Sent: 113914 Rcvd: 107062 CacheRatio: 0.02 (2012-11-05 14:50:54)
Worker: rmi://ip-10-32-53-177.eu-west-1.compute.internal:46773/3 Sent: 127525 Rcvd: 152203 CacheRatio: 0.03 (2012-11-05 14:50:54)
Worker: rmi://ip-10-32-49-77.eu-west-1.compute.internal:38649/6 Sent: 111710 Rcvd: 139387 CacheRatio: 0.02 (2012-11-05 14:50:54)
Worker: rmi://ip-10-32-56-251.eu-west-1.compute.internal:51803/6 Sent: 117295 Rcvd: 136552 CacheRatio: 0.02 (2012-11-05 14:50:54)
Worker: rmi://ip-10-33-145-75.eu-west-1.compute.internal:49441/6 Sent: 114088 Rcvd: 54700 CacheRatio: 0.04 (2012-11-05 14:50:54)
Worker: rmi://ip-10-33-145-12.eu-west-1.compute.internal:52044/7 Sent: 124893 Rcvd: 115490 CacheRatio: 0.03 (2012-11-05 14:50:54)
Worker: rmi://ip-10-33-145-75.eu-west-1.compute.internal:49441/2 Sent: 113105 Rcvd: 58315 CacheRatio: 0.03 (2012-11-05 14:50:54)
Worker: rmi://ip-10-32-49-68.eu-west-1.compute.internal:46745/3 Sent: 113377 Rcvd: 63363 CacheRatio: 0.02 (2012-11-05 14:50:54)
Worker: rmi://ip-10-33-145-62.eu-west-1.compute.internal:60601/7 Sent: 123029 Rcvd: 184757 CacheRatio: 0.03 (2012-11-05 14:50:54)
Worker: rmi://ip-10-32-50-253.eu-west-1.compute.internal:36125/7 Sent: 106166 Rcvd: 51308 CacheRatio: 0.03 (2012-11-05 14:50:54)
Worker: rmi://ip-10-32-50-34.eu-west-1.compute.internal:40882/1 Sent: 122694 Rcvd: 128892 CacheRatio: 0.03 (2012-11-05 14:50:54)
Worker: rmi://ip-10-32-49-156.eu-west-1.compute.internal:52776/4 Sent: 115943 Rcvd: 131091 CacheRatio: 0.02 (2012-11-05 14:50:54)
Worker: rmi://ip-10-32-50-71.eu-west-1.compute.internal:57235/7 Sent: 114137 Rcvd: 153814 CacheRatio: 0.03 (2012-11-05 14:50:54)
Worker: rmi://ip-10-32-44-186.eu-west-1.compute.internal:45005/1 Sent: 110567 Rcvd: 63236 CacheRatio: 0.02 (2012-11-05 14:50:54)
Worker: rmi://ip-10-32-49-76.eu-west-1.compute.internal:58424/0 Sent: 129422 Rcvd: 196910 CacheRatio: 0.03 (2012-11-05 14:50:54)
Worker: rmi://ip-10-32-49-156.eu-west-1.compute.internal:52776/6 Sent: 116408 Rcvd: 140257 CacheRatio: 0.02 (2012-11-05 14:50:54)
Worker: rmi://ip-10-32-53-180.eu-west-1.compute.internal:40049/5 Sent: 129346 Rcvd: 142390 CacheRatio: 0.03 (2012-11-05 14:50:54)
Worker: rmi://ip-10-32-50-34.eu-west-1.compute.internal:40882/2 Sent: 119949 Rcvd: 140678 CacheRatio: 0.03 (2012-11-05 14:50:54)
Worker: rmi://ip-10-32-53-171.eu-west-1.compute.internal:60757/4 Sent: 116400 Rcvd: 146063 CacheRatio: 0.02 (2012-11-05 14:50:54)
Worker: rmi://ip-10-32-49-161.eu-west-1.compute.internal:33869/3 Sent: 129651 Rcvd: 185419 CacheRatio: 0.03 (2012-11-05 14:50:54)
Worker: rmi://ip-10-32-56-251.eu-west-1.compute.internal:51803/2 Sent: 118786 Rcvd: 172815 CacheRatio: 0.03 (2012-11-05 14:50:54)
Worker: rmi://ip-10-32-53-146.eu-west-1.compute.internal:59217/1 Sent: 121416 Rcvd: 92681 CacheRatio: 0.03 (2012-11-05 14:50:54)
Worker: rmi://ip-10-32-49-161.eu-west-1.compute.internal:33869/5 Sent: 130190 Rcvd: 226228 CacheRatio: 0.03 (2012-11-05 14:50:54)
Worker: rmi://ip-10-33-145-62.eu-west-1.compute.internal:60601/4 Sent: 122808 Rcvd: 164212 CacheRatio: 0.04 (2012-11-05 14:50:54)
Worker: rmi://ip-10-32-50-34.eu-west-1.compute.internal:40882/5 Sent: 122522 Rcvd: 141581 CacheRatio: 0.02 (2012-11-05 14:50:54)
Worker: rmi://ip-10-32-49-77.eu-west-1.compute.internal:38649/0 Sent: 115422 Rcvd: 127278 CacheRatio: 0.02 (2012-11-05 14:50:54)
Worker: rmi://ip-10-32-49-156.eu-west-1.compute.internal:52776/7 Sent: 115880 Rcvd: 121230 CacheRatio: 0.02 (2012-11-05 14:50:54)
Worker: rmi://ip-10-32-50-253.eu-west-1.compute.internal:36125/2 Sent: 109011 Rcvd: 63412 CacheRatio: 0.03 (2012-11-05 14:50:54)
Worker: rmi://ip-10-32-53-146.eu-west-1.compute.internal:59217/7 Sent: 122337 Rcvd: 99823 CacheRatio: 0.03 (2012-11-05 14:50:54)
Worker: rmi://ip-10-32-42-250.eu-west-1.compute.internal:44716/2 Sent: 118129 Rcvd: 150572 CacheRatio: 0.02 (2012-11-05 14:50:54)
Worker: rmi://ip-10-32-50-253.eu-west-1.compute.internal:36125/0 Sent: 107646 Rcvd: 86126 CacheRatio: 0.03 (2012-11-05 14:50:54)
Worker: rmi://ip-10-32-49-77.eu-west-1.compute.internal:38649/4 Sent: 114890 Rcvd: 133789 CacheRatio: 0.03 (2012-11-05 14:50:54)
Worker: rmi://ip-10-32-42-250.eu-west-1.compute.internal:44716/3 Sent: 118736 Rcvd: 155977 CacheRatio: 0.02 (2012-11-05 14:50:54)
Worker: rmi://ip-10-32-49-76.eu-west-1.compute.internal:58424/7 Sent: 129321 Rcvd: 186489 CacheRatio: 0.03 (2012-11-05 14:50:54)
Worker: rmi://ip-10-32-53-180.eu-west-1.compute.internal:40049/0 Sent: 129037 Rcvd: 140258 CacheRatio: 0.03 (2012-11-05 14:50:54)
Worker: rmi://ip-10-32-50-34.eu-west-1.compute.internal:40882/7 Sent: 121047 Rcvd: 162680 CacheRatio: 0.03 (2012-11-05 14:50:54)
Worker: rmi://ip-10-32-53-146.eu-west-1.compute.internal:59217/6 Sent: 124336 Rcvd: 106665 CacheRatio: 0.03 (2012-11-05 14:50:54)
Worker: rmi://ip-10-32-49-161.eu-west-1.compute.internal:33869/2 Sent: 132123 Rcvd: 201661 CacheRatio: 0.03 (2012-11-05 14:50:54)
Worker: rmi://ip-10-32-49-77.eu-west-1.compute.internal:38649/7 Sent: 113895 Rcvd: 113741 CacheRatio: 0.02 (2012-11-05 14:50:54)
Worker: rmi://ip-10-32-53-177.eu-west-1.compute.internal:46773/1 Sent: 127639 Rcvd: 132363 CacheRatio: 0.03 (2012-11-05 14:50:54)
Worker: rmi://ip-10-32-53-171.eu-west-1.compute.internal:60757/2 Sent: 117442 Rcvd: 129302 CacheRatio: 0.03 (2012-11-05 14:50:54)
Worker: rmi://ip-10-32-44-186.eu-west-1.compute.internal:45005/7 Sent: 109666 Rcvd: 72977 CacheRatio: 0.03 (2012-11-05 14:50:54)
Worker: rmi://ip-10-32-50-71.eu-west-1.compute.internal:57235/6 Sent: 117094 Rcvd: 167802 CacheRatio: 0.02 (2012-11-05 14:50:54)
Worker: rmi://ip-10-32-49-156.eu-west-1.compute.internal:52776/0 Sent: 111229 Rcvd: 118993 CacheRatio: 0.02 (2012-11-05 14:50:54)
Worker: rmi://ip-10-33-145-12.eu-west-1.compute.internal:52044/3 Sent: 124905 Rcvd: 104555 CacheRatio: 0.03 (2012-11-05 14:50:54)
Worker: rmi://ip-10-33-145-75.eu-west-1.compute.internal:49441/3 Sent: 114263 Rcvd: 62806 CacheRatio: 0.03 (2012-11-05 14:50:54)
Worker: rmi://ip-10-32-53-180.eu-west-1.compute.internal:40049/4 Sent: 125629 Rcvd: 132515 CacheRatio: 0.03 (2012-11-05 14:50:54)
Worker: rmi://ip-10-32-49-77.eu-west-1.compute.internal:38649/3 Sent: 115890 Rcvd: 104675 CacheRatio: 0.03 (2012-11-05 14:50:54)
Worker: rmi://ip-10-32-53-146.eu-west-1.compute.internal:59217/4 Sent: 121123 Rcvd: 97869 CacheRatio: 0.03 (2012-11-05 14:50:54)
Worker: rmi://ip-10-32-49-161.eu-west-1.compute.internal:33869/7 Sent: 128500 Rcvd: 191150 CacheRatio: 0.03 (2012-11-05 14:50:54)
Worker: rmi://ip-10-33-145-75.eu-west-1.compute.internal:49441/7 Sent: 113334 Rcvd: 65346 CacheRatio: 0.03 (2012-11-05 14:50:54)
Worker: rmi://ip-10-32-50-253.eu-west-1.compute.internal:36125/3 Sent: 105889 Rcvd: 66972 CacheRatio: 0.03 (2012-11-05 14:50:54)
Worker: rmi://ip-10-32-53-177.eu-west-1.compute.internal:46773/0 Sent: 126866 Rcvd: 121912 CacheRatio: 0.03 (2012-11-05 14:50:54)
Worker: rmi://ip-10-32-49-156.eu-west-1.compute.internal:52776/5 Sent: 114058 Rcvd: 150904 CacheRatio: 0.02 (2012-11-05 14:50:54)
Worker: rmi://ip-10-33-145-62.eu-west-1.compute.internal:60601/0 Sent: 126185 Rcvd: 135502 CacheRatio: 0.03 (2012-11-05 14:50:54)
Worker: rmi://ip-10-32-50-253.eu-west-1.compute.internal:36125/1 Sent: 106826 Rcvd: 74474 CacheRatio: 0.03 (2012-11-05 14:50:54)
Worker: rmi://ip-10-32-50-71.eu-west-1.compute.internal:57235/4 Sent: 116840 Rcvd: 154997 CacheRatio: 0.02 (2012-11-05 14:50:54)
Worker: rmi://ip-10-32-49-76.eu-west-1.compute.internal:58424/6 Sent: 127594 Rcvd: 185158 CacheRatio: 0.03 (2012-11-05 14:50:54)
Worker: rmi://ip-10-32-50-71.eu-west-1.compute.internal:57235/1 Sent: 114672 Rcvd: 106440 CacheRatio: 0.03 (2012-11-05 14:50:54)
Worker: rmi://ip-10-32-49-156.eu-west-1.compute.internal:52776/3 Sent: 111476 Rcvd: 130069 CacheRatio: 0.02 (2012-11-05 14:50:54)
Worker: rmi://ip-10-32-53-171.eu-west-1.compute.internal:60757/7 Sent: 117080 Rcvd: 160565 CacheRatio: 0.02 (2012-11-05 14:50:54)
Worker: rmi://ip-10-32-50-34.eu-west-1.compute.internal:40882/6 Sent: 122704 Rcvd: 104459 CacheRatio: 0.02 (2012-11-05 14:50:54)
Worker: rmi://ip-10-32-49-68.eu-west-1.compute.internal:46745/4 Sent: 113594 Rcvd: 83231 CacheRatio: 0.03 (2012-11-05 14:50:54)
Worker: rmi://ip-10-32-49-161.eu-west-1.compute.internal:33869/6 Sent: 127288 Rcvd: 182418 CacheRatio: 0.03 (2012-11-05 14:50:54)
Worker: rmi://ip-10-32-56-251.eu-west-1.compute.internal:51803/7 Sent: 118308 Rcvd: 185667 CacheRatio: 0.02 (2012-11-05 14:50:54)
Worker: rmi://ip-10-32-44-186.eu-west-1.compute.internal:45005/0 Sent: 111447 Rcvd: 67635 CacheRatio: 0.03 (2012-11-05 14:50:54)
Model checking completed. No error has been found.
  Estimates of the probability that TLC did not check all reachable states
  because two distinct states had the same fingerprint:
  calculated (optimistic):  val = 0.0
  based on the actual fingerprints:  val = 7.9E-11
150983498 states generated, 16777216 distinct states found, 0 states left on queue.
The depth of the complete state graph search is 58.
Finished. (2012-11-05 14:51:10)
ip-10-32-50-194, work completed. Thank you!
