Listening for transport dt_socket at address: 1044
TLC Server Version 2.05 of 18 May 2012
Parsing file /mnt/tlc/4256/spec/l10_n8.tla
Parsing file /mnt/tlc/4256/spec/GridPerformanceTest.tla
Parsing file /mnt/tlc/4256/tla/tla2sany/StandardModules/TLC.tla
Parsing file /mnt/tlc/4256/tla/tla2sany/StandardModules/Integers.tla
Parsing file /mnt/tlc/4256/tla/tla2sany/StandardModules/FiniteSets.tla
Parsing file /mnt/tlc/4256/tla/tla2sany/StandardModules/Naturals.tla
Parsing file /mnt/tlc/4256/tla/tla2sany/StandardModules/Sequences.tla
Semantic processing of module Naturals
Semantic processing of module Integers
Semantic processing of module Sequences
Semantic processing of module FiniteSets
Semantic processing of module GridPerformanceTest
Semantic processing of module TLC
Semantic processing of module l10_n8
Starting... (2012-09-07 20:15:26)
Computing initial states...
Finished computing initial states: 1 distinct state(s) generated.
TLC server at ip-10-240-21-161 is ready (2012-09-07 20:16:07)
Registration for worker at rmi://ip-10-240-25-15.eu-west-1.compute.internal:51021/6 completed (2012-09-07 20:16:18)
Registration for worker at rmi://ip-10-240-23-50.eu-west-1.compute.internal:49702/4 completed (2012-09-07 20:16:18)
Registration for worker at rmi://ip-10-240-23-50.eu-west-1.compute.internal:49702/1 completed (2012-09-07 20:16:18)
Registration for worker at rmi://ip-10-240-23-50.eu-west-1.compute.internal:49702/2 completed (2012-09-07 20:16:18)
Registration for worker at rmi://ip-10-240-23-50.eu-west-1.compute.internal:49702/3 completed (2012-09-07 20:16:18)
Registration for worker at rmi://ip-10-240-23-50.eu-west-1.compute.internal:49702/7 completed (2012-09-07 20:16:18)
Registration for worker at rmi://ip-10-240-23-50.eu-west-1.compute.internal:49702/6 completed (2012-09-07 20:16:18)
Registration for worker at rmi://ip-10-240-23-50.eu-west-1.compute.internal:49702/0 completed (2012-09-07 20:16:18)
Registration for worker at rmi://ip-10-240-23-50.eu-west-1.compute.internal:49702/5 completed (2012-09-07 20:16:18)
Registration for worker at rmi://ip-10-240-25-15.eu-west-1.compute.internal:51021/4 completed (2012-09-07 20:16:18)
Registration for worker at rmi://ip-10-240-25-15.eu-west-1.compute.internal:51021/2 completed (2012-09-07 20:16:18)
Registration for worker at rmi://ip-10-240-25-15.eu-west-1.compute.internal:51021/7 completed (2012-09-07 20:16:18)
Registration for worker at rmi://ip-10-240-25-15.eu-west-1.compute.internal:51021/1 completed (2012-09-07 20:16:18)
Registration for worker at rmi://ip-10-240-25-15.eu-west-1.compute.internal:51021/3 completed (2012-09-07 20:16:18)
Registration for worker at rmi://ip-10-240-25-15.eu-west-1.compute.internal:51021/0 completed (2012-09-07 20:16:18)
Registration for worker at rmi://ip-10-240-25-15.eu-west-1.compute.internal:51021/5 completed (2012-09-07 20:16:18)
TLC worker rmi://ip-10-240-25-15.eu-west-1.compute.internal:51021/2 disconnected (2012-09-07 20:16:44)
TLC worker rmi://ip-10-240-25-15.eu-west-1.compute.internal:51021/2 disconnected (2012-09-07 20:16:44)
TLC worker rmi://ip-10-240-25-15.eu-west-1.compute.internal:51021/0 disconnected (2012-09-07 20:16:45)
TLC worker rmi://ip-10-240-25-15.eu-west-1.compute.internal:51021/0 disconnected (2012-09-07 20:16:45)
TLC worker rmi://ip-10-240-25-15.eu-west-1.compute.internal:51021/4 disconnected (2012-09-07 20:16:48)
TLC worker rmi://ip-10-240-25-15.eu-west-1.compute.internal:51021/4 disconnected (2012-09-07 20:16:48)
TLC worker rmi://ip-10-240-25-15.eu-west-1.compute.internal:51021/1 disconnected (2012-09-07 20:16:48)
TLC worker rmi://ip-10-240-25-15.eu-west-1.compute.internal:51021/1 disconnected (2012-09-07 20:16:48)
TLC worker rmi://ip-10-240-25-15.eu-west-1.compute.internal:51021/5 disconnected (2012-09-07 20:16:48)
TLC worker rmi://ip-10-240-25-15.eu-west-1.compute.internal:51021/5 disconnected (2012-09-07 20:16:48)
TLC worker rmi://ip-10-240-25-15.eu-west-1.compute.internal:51021/3 disconnected (2012-09-07 20:16:49)
TLC worker rmi://ip-10-240-25-15.eu-west-1.compute.internal:51021/3 disconnected (2012-09-07 20:16:49)
TLC worker rmi://ip-10-240-25-15.eu-west-1.compute.internal:51021/6 disconnected (2012-09-07 20:16:49)
TLC worker rmi://ip-10-240-25-15.eu-west-1.compute.internal:51021/6 disconnected (2012-09-07 20:16:49)
TLC worker rmi://ip-10-240-25-15.eu-west-1.compute.internal:51021/7 disconnected (2012-09-07 20:16:50)
TLC worker rmi://ip-10-240-25-15.eu-west-1.compute.internal:51021/7 disconnected (2012-09-07 20:16:50)
Progress(17) at 2012-09-07 20:17:07: 822444 states generated (822,444 s/min), 639467 distinct states found (639,467 ds/min), 259630 states left on queue.
TLC worker rmi://ip-10-240-23-50.eu-west-1.compute.internal:49702/4 disconnected (2012-09-07 20:17:11)
TLC worker rmi://ip-10-240-23-50.eu-west-1.compute.internal:49702/4 disconnected (2012-09-07 20:17:11)
TLC worker rmi://ip-10-240-23-50.eu-west-1.compute.internal:49702/7 disconnected (2012-09-07 20:17:13)
TLC worker rmi://ip-10-240-23-50.eu-west-1.compute.internal:49702/7 disconnected (2012-09-07 20:17:13)
TLC worker rmi://ip-10-240-23-50.eu-west-1.compute.internal:49702/5 disconnected (2012-09-07 20:17:15)
TLC worker rmi://ip-10-240-23-50.eu-west-1.compute.internal:49702/5 disconnected (2012-09-07 20:17:15)
TLC worker rmi://ip-10-240-23-50.eu-west-1.compute.internal:49702/0 disconnected (2012-09-07 20:17:15)
TLC worker rmi://ip-10-240-23-50.eu-west-1.compute.internal:49702/0 disconnected (2012-09-07 20:17:15)
TLC worker rmi://ip-10-240-23-50.eu-west-1.compute.internal:49702/6 disconnected (2012-09-07 20:17:15)
TLC worker rmi://ip-10-240-23-50.eu-west-1.compute.internal:49702/6 disconnected (2012-09-07 20:17:15)
TLC worker rmi://ip-10-240-23-50.eu-west-1.compute.internal:49702/2 disconnected (2012-09-07 20:17:16)
TLC worker rmi://ip-10-240-23-50.eu-west-1.compute.internal:49702/2 disconnected (2012-09-07 20:17:16)
TLC worker rmi://ip-10-240-23-50.eu-west-1.compute.internal:49702/1 disconnected (2012-09-07 20:17:18)
TLC worker rmi://ip-10-240-23-50.eu-west-1.compute.internal:49702/1 disconnected (2012-09-07 20:17:18)
TLC worker rmi://ip-10-240-23-50.eu-west-1.compute.internal:49702/3 disconnected (2012-09-07 20:17:19)
TLC worker rmi://ip-10-240-23-50.eu-west-1.compute.internal:49702/3 disconnected (2012-09-07 20:17:19)
Registration for worker at rmi://ip-10-240-23-50.eu-west-1.compute.internal:49702/0 completed (2012-09-07 20:17:34)
Registration for worker at rmi://ip-10-240-23-50.eu-west-1.compute.internal:49702/2 completed (2012-09-07 20:17:34)
Registration for worker at rmi://ip-10-240-23-50.eu-west-1.compute.internal:49702/1 completed (2012-09-07 20:17:34)
Registration for worker at rmi://ip-10-240-23-50.eu-west-1.compute.internal:49702/4 completed (2012-09-07 20:17:34)
Registration for worker at rmi://ip-10-240-23-50.eu-west-1.compute.internal:49702/3 completed (2012-09-07 20:17:34)
Registration for worker at rmi://ip-10-240-23-50.eu-west-1.compute.internal:49702/7 completed (2012-09-07 20:17:34)
Registration for worker at rmi://ip-10-240-23-50.eu-west-1.compute.internal:49702/6 completed (2012-09-07 20:17:34)
Registration for worker at rmi://ip-10-240-23-50.eu-west-1.compute.internal:49702/5 completed (2012-09-07 20:17:34)
Registration for worker at rmi://ip-10-240-25-15.eu-west-1.compute.internal:51021/2 completed (2012-09-07 20:18:07)
Registration for worker at rmi://ip-10-240-25-15.eu-west-1.compute.internal:51021/5 completed (2012-09-07 20:18:07)
Registration for worker at rmi://ip-10-240-25-15.eu-west-1.compute.internal:51021/4 completed (2012-09-07 20:18:07)
Registration for worker at rmi://ip-10-240-25-15.eu-west-1.compute.internal:51021/6 completed (2012-09-07 20:18:07)
Registration for worker at rmi://ip-10-240-25-15.eu-west-1.compute.internal:51021/7 completed (2012-09-07 20:18:07)
Registration for worker at rmi://ip-10-240-25-15.eu-west-1.compute.internal:51021/1 completed (2012-09-07 20:18:07)
Registration for worker at rmi://ip-10-240-25-15.eu-west-1.compute.internal:51021/0 completed (2012-09-07 20:18:07)
Registration for worker at rmi://ip-10-240-25-15.eu-west-1.compute.internal:51021/3 completed (2012-09-07 20:18:07)
Progress(20) at 2012-09-07 20:18:07: 1132249 states generated (309,805 s/min), 911847 distinct states found (272,380 ds/min), 335162 states left on queue.
TLC worker rmi://ip-10-240-23-50.eu-west-1.compute.internal:49702/0 disconnected (2012-09-07 20:18:25)
TLC worker rmi://ip-10-240-23-50.eu-west-1.compute.internal:49702/0 disconnected (2012-09-07 20:18:25)
TLC worker rmi://ip-10-240-23-50.eu-west-1.compute.internal:49702/4 disconnected (2012-09-07 20:18:25)
TLC worker rmi://ip-10-240-23-50.eu-west-1.compute.internal:49702/4 disconnected (2012-09-07 20:18:25)
TLC worker rmi://ip-10-240-23-50.eu-west-1.compute.internal:49702/2 disconnected (2012-09-07 20:18:25)
TLC worker rmi://ip-10-240-23-50.eu-west-1.compute.internal:49702/2 disconnected (2012-09-07 20:18:25)
TLC worker rmi://ip-10-240-23-50.eu-west-1.compute.internal:49702/1 disconnected (2012-09-07 20:18:25)
TLC worker rmi://ip-10-240-23-50.eu-west-1.compute.internal:49702/1 disconnected (2012-09-07 20:18:25)
TLC worker rmi://ip-10-240-23-50.eu-west-1.compute.internal:49702/6 disconnected (2012-09-07 20:18:25)
TLC worker rmi://ip-10-240-23-50.eu-west-1.compute.internal:49702/6 disconnected (2012-09-07 20:18:25)
TLC worker rmi://ip-10-240-23-50.eu-west-1.compute.internal:49702/7 disconnected (2012-09-07 20:18:25)
TLC worker rmi://ip-10-240-23-50.eu-west-1.compute.internal:49702/7 disconnected (2012-09-07 20:18:25)
TLC worker rmi://ip-10-240-23-50.eu-west-1.compute.internal:49702/3 disconnected (2012-09-07 20:18:25)
TLC worker rmi://ip-10-240-23-50.eu-west-1.compute.internal:49702/3 disconnected (2012-09-07 20:18:25)
TLC worker rmi://ip-10-240-23-50.eu-west-1.compute.internal:49702/5 disconnected (2012-09-07 20:18:25)
TLC worker rmi://ip-10-240-23-50.eu-west-1.compute.internal:49702/5 disconnected (2012-09-07 20:18:25)
Progress(20) at 2012-09-07 20:19:07: 1794441 states generated (662,192 s/min), 1496589 distinct states found (584,742 ds/min), 505606 states left on queue.
TLC worker rmi://ip-10-240-25-15.eu-west-1.compute.internal:51021/6 disconnected (2012-09-07 20:19:55)
TLC worker rmi://ip-10-240-25-15.eu-west-1.compute.internal:51021/6 disconnected (2012-09-07 20:19:55)
TLC worker rmi://ip-10-240-25-15.eu-west-1.compute.internal:51021/0 disconnected (2012-09-07 20:19:55)
TLC worker rmi://ip-10-240-25-15.eu-west-1.compute.internal:51021/0 disconnected (2012-09-07 20:19:55)
TLC worker rmi://ip-10-240-25-15.eu-west-1.compute.internal:51021/4 disconnected (2012-09-07 20:19:55)
TLC worker rmi://ip-10-240-25-15.eu-west-1.compute.internal:51021/4 disconnected (2012-09-07 20:19:55)
TLC worker rmi://ip-10-240-25-15.eu-west-1.compute.internal:51021/2 disconnected (2012-09-07 20:19:55)
TLC worker rmi://ip-10-240-25-15.eu-west-1.compute.internal:51021/2 disconnected (2012-09-07 20:19:55)
TLC worker rmi://ip-10-240-25-15.eu-west-1.compute.internal:51021/5 disconnected (2012-09-07 20:19:55)
TLC worker rmi://ip-10-240-25-15.eu-west-1.compute.internal:51021/5 disconnected (2012-09-07 20:19:55)
TLC worker rmi://ip-10-240-25-15.eu-west-1.compute.internal:51021/1 disconnected (2012-09-07 20:19:56)
TLC worker rmi://ip-10-240-25-15.eu-west-1.compute.internal:51021/1 disconnected (2012-09-07 20:19:56)
TLC worker rmi://ip-10-240-25-15.eu-west-1.compute.internal:51021/3 disconnected (2012-09-07 20:19:56)
TLC worker rmi://ip-10-240-25-15.eu-west-1.compute.internal:51021/3 disconnected (2012-09-07 20:19:56)
TLC worker rmi://ip-10-240-25-15.eu-west-1.compute.internal:51021/7 disconnected (2012-09-07 20:19:56)
TLC worker rmi://ip-10-240-25-15.eu-west-1.compute.internal:51021/7 disconnected (2012-09-07 20:19:56)
Progress(25) at 2012-09-07 20:20:07: 2243539 states generated (449,098 s/min), 1900728 distinct states found (404,139 ds/min), 601754 states left on queue.
Registration for worker at rmi://ip-10-240-23-50.eu-west-1.compute.internal:49702/0 completed (2012-09-07 20:20:27)
Registration for worker at rmi://ip-10-240-23-50.eu-west-1.compute.internal:49702/4 completed (2012-09-07 20:20:27)
Registration for worker at rmi://ip-10-240-23-50.eu-west-1.compute.internal:49702/7 completed (2012-09-07 20:20:27)
Registration for worker at rmi://ip-10-240-23-50.eu-west-1.compute.internal:49702/6 completed (2012-09-07 20:20:27)
Registration for worker at rmi://ip-10-240-23-50.eu-west-1.compute.internal:49702/2 completed (2012-09-07 20:20:27)
Registration for worker at rmi://ip-10-240-23-50.eu-west-1.compute.internal:49702/1 completed (2012-09-07 20:20:27)
Registration for worker at rmi://ip-10-240-23-50.eu-west-1.compute.internal:49702/5 completed (2012-09-07 20:20:27)
Registration for worker at rmi://ip-10-240-23-50.eu-west-1.compute.internal:49702/3 completed (2012-09-07 20:20:27)
Registration for worker at rmi://ip-10-240-25-15.eu-west-1.compute.internal:51021/5 completed (2012-09-07 20:20:59)
Registration for worker at rmi://ip-10-240-25-15.eu-west-1.compute.internal:51021/3 completed (2012-09-07 20:20:59)
Registration for worker at rmi://ip-10-240-25-15.eu-west-1.compute.internal:51021/6 completed (2012-09-07 20:20:59)
Registration for worker at rmi://ip-10-240-25-15.eu-west-1.compute.internal:51021/2 completed (2012-09-07 20:20:59)
Registration for worker at rmi://ip-10-240-25-15.eu-west-1.compute.internal:51021/4 completed (2012-09-07 20:20:59)
Registration for worker at rmi://ip-10-240-25-15.eu-west-1.compute.internal:51021/1 completed (2012-09-07 20:20:59)
Registration for worker at rmi://ip-10-240-25-15.eu-west-1.compute.internal:51021/0 completed (2012-09-07 20:20:59)
Registration for worker at rmi://ip-10-240-25-15.eu-west-1.compute.internal:51021/7 completed (2012-09-07 20:20:59)
Progress(25) at 2012-09-07 20:21:07: 2523215 states generated (279,676 s/min), 2146967 distinct states found (246,239 ds/min), 650865 states left on queue.
Progress(25) at 2012-09-07 20:22:07: 3369262 states generated (846,047 s/min), 2902022 distinct states found (755,055 ds/min), 814518 states left on queue.
TLC worker rmi://ip-10-240-23-50.eu-west-1.compute.internal:49702/7 disconnected (2012-09-07 20:23:00)
TLC worker rmi://ip-10-240-23-50.eu-west-1.compute.internal:49702/7 disconnected (2012-09-07 20:23:00)
TLC worker rmi://ip-10-240-23-50.eu-west-1.compute.internal:49702/5 disconnected (2012-09-07 20:23:00)
TLC worker rmi://ip-10-240-23-50.eu-west-1.compute.internal:49702/5 disconnected (2012-09-07 20:23:00)
TLC worker rmi://ip-10-240-23-50.eu-west-1.compute.internal:49702/4 disconnected (2012-09-07 20:23:00)
TLC worker rmi://ip-10-240-23-50.eu-west-1.compute.internal:49702/4 disconnected (2012-09-07 20:23:00)
TLC worker rmi://ip-10-240-23-50.eu-west-1.compute.internal:49702/6 disconnected (2012-09-07 20:23:00)
TLC worker rmi://ip-10-240-23-50.eu-west-1.compute.internal:49702/6 disconnected (2012-09-07 20:23:00)
TLC worker rmi://ip-10-240-23-50.eu-west-1.compute.internal:49702/3 disconnected (2012-09-07 20:23:00)
TLC worker rmi://ip-10-240-23-50.eu-west-1.compute.internal:49702/3 disconnected (2012-09-07 20:23:00)
TLC worker rmi://ip-10-240-23-50.eu-west-1.compute.internal:49702/2 disconnected (2012-09-07 20:23:00)
TLC worker rmi://ip-10-240-23-50.eu-west-1.compute.internal:49702/2 disconnected (2012-09-07 20:23:00)
TLC worker rmi://ip-10-240-23-50.eu-west-1.compute.internal:49702/1 disconnected (2012-09-07 20:23:00)
TLC worker rmi://ip-10-240-23-50.eu-west-1.compute.internal:49702/1 disconnected (2012-09-07 20:23:00)
Progress(28) at 2012-09-07 20:23:07: 4250534 states generated (881,272 s/min), 3674375 distinct states found (772,353 ds/min), 929527 states left on queue.
TLC worker rmi://ip-10-240-23-50.eu-west-1.compute.internal:49702/0 disconnected (2012-09-07 20:23:12)
TLC worker rmi://ip-10-240-23-50.eu-west-1.compute.internal:49702/0 disconnected (2012-09-07 20:23:12)
TLC worker rmi://ip-10-240-25-15.eu-west-1.compute.internal:51021/5 disconnected (2012-09-07 20:23:48)
TLC worker rmi://ip-10-240-25-15.eu-west-1.compute.internal:51021/5 disconnected (2012-09-07 20:23:48)
TLC worker rmi://ip-10-240-25-15.eu-west-1.compute.internal:51021/1 disconnected (2012-09-07 20:23:48)
TLC worker rmi://ip-10-240-25-15.eu-west-1.compute.internal:51021/1 disconnected (2012-09-07 20:23:48)
TLC worker rmi://ip-10-240-25-15.eu-west-1.compute.internal:51021/2 disconnected (2012-09-07 20:23:48)
TLC worker rmi://ip-10-240-25-15.eu-west-1.compute.internal:51021/2 disconnected (2012-09-07 20:23:48)
TLC worker rmi://ip-10-240-25-15.eu-west-1.compute.internal:51021/4 disconnected (2012-09-07 20:23:49)
TLC worker rmi://ip-10-240-25-15.eu-west-1.compute.internal:51021/4 disconnected (2012-09-07 20:23:49)
TLC worker rmi://ip-10-240-25-15.eu-west-1.compute.internal:51021/0 disconnected (2012-09-07 20:23:49)
TLC worker rmi://ip-10-240-25-15.eu-west-1.compute.internal:51021/0 disconnected (2012-09-07 20:23:49)
TLC worker rmi://ip-10-240-25-15.eu-west-1.compute.internal:51021/6 disconnected (2012-09-07 20:23:49)
TLC worker rmi://ip-10-240-25-15.eu-west-1.compute.internal:51021/6 disconnected (2012-09-07 20:23:49)
TLC worker rmi://ip-10-240-25-15.eu-west-1.compute.internal:51021/3 disconnected (2012-09-07 20:23:49)
TLC worker rmi://ip-10-240-25-15.eu-west-1.compute.internal:51021/3 disconnected (2012-09-07 20:23:49)
TLC worker rmi://ip-10-240-25-15.eu-west-1.compute.internal:51021/7 disconnected (2012-09-07 20:23:49)
TLC worker rmi://ip-10-240-25-15.eu-west-1.compute.internal:51021/7 disconnected (2012-09-07 20:23:49)
Registration for worker at rmi://ip-10-240-25-15.eu-west-1.compute.internal:51021/0 completed (2012-09-07 20:23:52)
Registration for worker at rmi://ip-10-240-25-15.eu-west-1.compute.internal:51021/1 completed (2012-09-07 20:23:52)
Registration for worker at rmi://ip-10-240-25-15.eu-west-1.compute.internal:51021/7 completed (2012-09-07 20:23:52)
Registration for worker at rmi://ip-10-240-25-15.eu-west-1.compute.internal:51021/6 completed (2012-09-07 20:23:52)
Registration for worker at rmi://ip-10-240-25-15.eu-west-1.compute.internal:51021/3 completed (2012-09-07 20:23:52)
Registration for worker at rmi://ip-10-240-25-15.eu-west-1.compute.internal:51021/2 completed (2012-09-07 20:23:52)
Registration for worker at rmi://ip-10-240-25-15.eu-west-1.compute.internal:51021/5 completed (2012-09-07 20:23:52)
Registration for worker at rmi://ip-10-240-25-15.eu-west-1.compute.internal:51021/4 completed (2012-09-07 20:23:52)
Progress(28) at 2012-09-07 20:24:07: 4711049 states generated (460,515 s/min), 4082223 distinct states found (407,848 ds/min), 1000442 states left on queue.
TLC worker rmi://ip-10-240-25-15.eu-west-1.compute.internal:51021/1 disconnected (2012-09-07 20:24:52)
TLC worker rmi://ip-10-240-25-15.eu-west-1.compute.internal:51021/1 disconnected (2012-09-07 20:24:52)
TLC worker rmi://ip-10-240-25-15.eu-west-1.compute.internal:51021/6 disconnected (2012-09-07 20:24:52)
TLC worker rmi://ip-10-240-25-15.eu-west-1.compute.internal:51021/6 disconnected (2012-09-07 20:24:52)
TLC worker rmi://ip-10-240-25-15.eu-west-1.compute.internal:51021/5 disconnected (2012-09-07 20:24:52)
TLC worker rmi://ip-10-240-25-15.eu-west-1.compute.internal:51021/5 disconnected (2012-09-07 20:24:52)
TLC worker rmi://ip-10-240-25-15.eu-west-1.compute.internal:51021/7 disconnected (2012-09-07 20:24:52)
TLC worker rmi://ip-10-240-25-15.eu-west-1.compute.internal:51021/7 disconnected (2012-09-07 20:24:52)
TLC worker rmi://ip-10-240-25-15.eu-west-1.compute.internal:51021/2 disconnected (2012-09-07 20:24:53)
TLC worker rmi://ip-10-240-25-15.eu-west-1.compute.internal:51021/2 disconnected (2012-09-07 20:24:53)
TLC worker rmi://ip-10-240-25-15.eu-west-1.compute.internal:51021/0 disconnected (2012-09-07 20:24:53)
TLC worker rmi://ip-10-240-25-15.eu-west-1.compute.internal:51021/0 disconnected (2012-09-07 20:24:53)
TLC worker rmi://ip-10-240-25-15.eu-west-1.compute.internal:51021/4 disconnected (2012-09-07 20:24:53)
TLC worker rmi://ip-10-240-25-15.eu-west-1.compute.internal:51021/4 disconnected (2012-09-07 20:24:53)
TLC worker rmi://ip-10-240-25-15.eu-west-1.compute.internal:51021/3 disconnected (2012-09-07 20:24:53)
TLC worker rmi://ip-10-240-25-15.eu-west-1.compute.internal:51021/3 disconnected (2012-09-07 20:24:53)
Progress(28) at 2012-09-07 20:25:07: 5021083 states generated (310,034 s/min), 4343792 distinct states found (261,569 ds/min), 999083 states left on queue.
Registration for worker at rmi://ip-10-240-23-50.eu-west-1.compute.internal:49702/4 completed (2012-09-07 20:25:31)
Registration for worker at rmi://ip-10-240-23-50.eu-west-1.compute.internal:49702/5 completed (2012-09-07 20:25:31)
Registration for worker at rmi://ip-10-240-23-50.eu-west-1.compute.internal:49702/0 completed (2012-09-07 20:25:31)
Registration for worker at rmi://ip-10-240-23-50.eu-west-1.compute.internal:49702/1 completed (2012-09-07 20:25:31)
Registration for worker at rmi://ip-10-240-23-50.eu-west-1.compute.internal:49702/2 completed (2012-09-07 20:25:31)
Registration for worker at rmi://ip-10-240-23-50.eu-west-1.compute.internal:49702/3 completed (2012-09-07 20:25:31)
Registration for worker at rmi://ip-10-240-23-50.eu-west-1.compute.internal:49702/6 completed (2012-09-07 20:25:31)
Registration for worker at rmi://ip-10-240-23-50.eu-west-1.compute.internal:49702/7 completed (2012-09-07 20:25:31)
TLC worker rmi://ip-10-240-23-50.eu-west-1.compute.internal:49702/1 disconnected (2012-09-07 20:25:56)
TLC worker rmi://ip-10-240-23-50.eu-west-1.compute.internal:49702/1 disconnected (2012-09-07 20:25:56)
TLC worker rmi://ip-10-240-23-50.eu-west-1.compute.internal:49702/4 disconnected (2012-09-07 20:25:56)
TLC worker rmi://ip-10-240-23-50.eu-west-1.compute.internal:49702/4 disconnected (2012-09-07 20:25:56)
TLC worker rmi://ip-10-240-23-50.eu-west-1.compute.internal:49702/5 disconnected (2012-09-07 20:25:57)
TLC worker rmi://ip-10-240-23-50.eu-west-1.compute.internal:49702/5 disconnected (2012-09-07 20:25:57)
TLC worker rmi://ip-10-240-23-50.eu-west-1.compute.internal:49702/0 disconnected (2012-09-07 20:25:57)
TLC worker rmi://ip-10-240-23-50.eu-west-1.compute.internal:49702/0 disconnected (2012-09-07 20:25:57)
TLC worker rmi://ip-10-240-23-50.eu-west-1.compute.internal:49702/3 disconnected (2012-09-07 20:25:57)
TLC worker rmi://ip-10-240-23-50.eu-west-1.compute.internal:49702/3 disconnected (2012-09-07 20:25:57)
TLC worker rmi://ip-10-240-23-50.eu-west-1.compute.internal:49702/2 disconnected (2012-09-07 20:25:57)
TLC worker rmi://ip-10-240-23-50.eu-west-1.compute.internal:49702/2 disconnected (2012-09-07 20:25:57)
TLC worker rmi://ip-10-240-23-50.eu-west-1.compute.internal:49702/7 disconnected (2012-09-07 20:25:57)
TLC worker rmi://ip-10-240-23-50.eu-west-1.compute.internal:49702/7 disconnected (2012-09-07 20:25:57)
TLC worker rmi://ip-10-240-23-50.eu-west-1.compute.internal:49702/6 disconnected (2012-09-07 20:25:57)
TLC worker rmi://ip-10-240-23-50.eu-west-1.compute.internal:49702/6 disconnected (2012-09-07 20:25:57)
Progress(28) at 2012-09-07 20:26:07: 5230793 states generated (209,710 s/min), 4535059 distinct states found (191,267 ds/min), 1058696 states left on queue.
Registration for worker at rmi://ip-10-240-25-15.eu-west-1.compute.internal:51021/0 completed (2012-09-07 20:26:28)
Registration for worker at rmi://ip-10-240-25-15.eu-west-1.compute.internal:51021/1 completed (2012-09-07 20:26:28)
Registration for worker at rmi://ip-10-240-25-15.eu-west-1.compute.internal:51021/3 completed (2012-09-07 20:26:28)
Registration for worker at rmi://ip-10-240-25-15.eu-west-1.compute.internal:51021/7 completed (2012-09-07 20:26:28)
Registration for worker at rmi://ip-10-240-25-15.eu-west-1.compute.internal:51021/2 completed (2012-09-07 20:26:28)
Registration for worker at rmi://ip-10-240-25-15.eu-west-1.compute.internal:51021/5 completed (2012-09-07 20:26:28)
Registration for worker at rmi://ip-10-240-25-15.eu-west-1.compute.internal:51021/4 completed (2012-09-07 20:26:28)
Registration for worker at rmi://ip-10-240-25-15.eu-west-1.compute.internal:51021/6 completed (2012-09-07 20:26:28)
Progress(28) at 2012-09-07 20:27:07: 5472885 states generated (242,092 s/min), 4748334 distinct states found (213,275 ds/min), 1074384 states left on queue.
Registration for worker at rmi://ip-10-240-23-50.eu-west-1.compute.internal:49702/0 completed (2012-09-07 20:27:17)
Registration for worker at rmi://ip-10-240-23-50.eu-west-1.compute.internal:49702/5 completed (2012-09-07 20:27:17)
Registration for worker at rmi://ip-10-240-23-50.eu-west-1.compute.internal:49702/2 completed (2012-09-07 20:27:17)
Registration for worker at rmi://ip-10-240-23-50.eu-west-1.compute.internal:49702/1 completed (2012-09-07 20:27:17)
Registration for worker at rmi://ip-10-240-23-50.eu-west-1.compute.internal:49702/4 completed (2012-09-07 20:27:17)
Registration for worker at rmi://ip-10-240-23-50.eu-west-1.compute.internal:49702/7 completed (2012-09-07 20:27:17)
Registration for worker at rmi://ip-10-240-23-50.eu-west-1.compute.internal:49702/3 completed (2012-09-07 20:27:17)
Registration for worker at rmi://ip-10-240-23-50.eu-west-1.compute.internal:49702/6 completed (2012-09-07 20:27:17)
Progress(28) at 2012-09-07 20:28:07: 6111307 states generated (638,422 s/min), 5308837 distinct states found (560,503 ds/min), 1108395 states left on queue.
TLC worker rmi://ip-10-240-25-15.eu-west-1.compute.internal:51021/1 disconnected (2012-09-07 20:28:41)
TLC worker rmi://ip-10-240-25-15.eu-west-1.compute.internal:51021/1 disconnected (2012-09-07 20:28:41)
TLC worker rmi://ip-10-240-25-15.eu-west-1.compute.internal:51021/2 disconnected (2012-09-07 20:28:42)
TLC worker rmi://ip-10-240-25-15.eu-west-1.compute.internal:51021/2 disconnected (2012-09-07 20:28:42)
TLC worker rmi://ip-10-240-25-15.eu-west-1.compute.internal:51021/4 disconnected (2012-09-07 20:28:42)
TLC worker rmi://ip-10-240-25-15.eu-west-1.compute.internal:51021/4 disconnected (2012-09-07 20:28:42)
TLC worker rmi://ip-10-240-25-15.eu-west-1.compute.internal:51021/0 disconnected (2012-09-07 20:28:42)
TLC worker rmi://ip-10-240-25-15.eu-west-1.compute.internal:51021/0 disconnected (2012-09-07 20:28:42)
TLC worker rmi://ip-10-240-25-15.eu-west-1.compute.internal:51021/3 disconnected (2012-09-07 20:28:42)
TLC worker rmi://ip-10-240-25-15.eu-west-1.compute.internal:51021/3 disconnected (2012-09-07 20:28:42)
TLC worker rmi://ip-10-240-25-15.eu-west-1.compute.internal:51021/5 disconnected (2012-09-07 20:28:42)
TLC worker rmi://ip-10-240-25-15.eu-west-1.compute.internal:51021/5 disconnected (2012-09-07 20:28:42)
TLC worker rmi://ip-10-240-25-15.eu-west-1.compute.internal:51021/6 disconnected (2012-09-07 20:28:42)
TLC worker rmi://ip-10-240-25-15.eu-west-1.compute.internal:51021/6 disconnected (2012-09-07 20:28:42)
TLC worker rmi://ip-10-240-25-15.eu-west-1.compute.internal:51021/7 disconnected (2012-09-07 20:28:42)
TLC worker rmi://ip-10-240-25-15.eu-west-1.compute.internal:51021/7 disconnected (2012-09-07 20:28:42)
Registration for worker at rmi://ip-10-240-25-15.eu-west-1.compute.internal:51021/3 completed (2012-09-07 20:28:42)
Registration for worker at rmi://ip-10-240-25-15.eu-west-1.compute.internal:51021/1 completed (2012-09-07 20:28:42)
Registration for worker at rmi://ip-10-240-25-15.eu-west-1.compute.internal:51021/2 completed (2012-09-07 20:28:42)
Registration for worker at rmi://ip-10-240-25-15.eu-west-1.compute.internal:51021/7 completed (2012-09-07 20:28:42)
Registration for worker at rmi://ip-10-240-25-15.eu-west-1.compute.internal:51021/4 completed (2012-09-07 20:28:42)
Registration for worker at rmi://ip-10-240-25-15.eu-west-1.compute.internal:51021/6 completed (2012-09-07 20:28:42)
Registration for worker at rmi://ip-10-240-25-15.eu-west-1.compute.internal:51021/5 completed (2012-09-07 20:28:42)
Registration for worker at rmi://ip-10-240-25-15.eu-west-1.compute.internal:51021/0 completed (2012-09-07 20:28:42)
Progress(28) at 2012-09-07 20:29:07: 6969660 states generated (858,353 s/min), 6069273 distinct states found (760,436 ds/min), 1210936 states left on queue.
TLC worker rmi://ip-10-240-23-50.eu-west-1.compute.internal:49702/5 disconnected (2012-09-07 20:29:50)
TLC worker rmi://ip-10-240-23-50.eu-west-1.compute.internal:49702/5 disconnected (2012-09-07 20:29:50)
TLC worker rmi://ip-10-240-23-50.eu-west-1.compute.internal:49702/2 disconnected (2012-09-07 20:29:50)
TLC worker rmi://ip-10-240-23-50.eu-west-1.compute.internal:49702/2 disconnected (2012-09-07 20:29:50)
TLC worker rmi://ip-10-240-23-50.eu-west-1.compute.internal:49702/6 disconnected (2012-09-07 20:29:50)
TLC worker rmi://ip-10-240-23-50.eu-west-1.compute.internal:49702/6 disconnected (2012-09-07 20:29:50)
TLC worker rmi://ip-10-240-23-50.eu-west-1.compute.internal:49702/0 disconnected (2012-09-07 20:29:51)
TLC worker rmi://ip-10-240-23-50.eu-west-1.compute.internal:49702/0 disconnected (2012-09-07 20:29:51)
TLC worker rmi://ip-10-240-23-50.eu-west-1.compute.internal:49702/4 disconnected (2012-09-07 20:29:51)
TLC worker rmi://ip-10-240-23-50.eu-west-1.compute.internal:49702/4 disconnected (2012-09-07 20:29:51)
TLC worker rmi://ip-10-240-23-50.eu-west-1.compute.internal:49702/1 disconnected (2012-09-07 20:29:51)
TLC worker rmi://ip-10-240-23-50.eu-west-1.compute.internal:49702/1 disconnected (2012-09-07 20:29:51)
TLC worker rmi://ip-10-240-23-50.eu-west-1.compute.internal:49702/3 disconnected (2012-09-07 20:29:51)
TLC worker rmi://ip-10-240-23-50.eu-west-1.compute.internal:49702/3 disconnected (2012-09-07 20:29:51)
TLC worker rmi://ip-10-240-23-50.eu-west-1.compute.internal:49702/7 disconnected (2012-09-07 20:29:51)
TLC worker rmi://ip-10-240-23-50.eu-west-1.compute.internal:49702/7 disconnected (2012-09-07 20:29:51)
Progress(30) at 2012-09-07 20:30:07: 7582461 states generated (612,801 s/min), 6598940 distinct states found (529,667 ds/min), 1214494 states left on queue.
Registration for worker at rmi://ip-10-240-23-50.eu-west-1.compute.internal:49702/5 completed (2012-09-07 20:30:07)
Registration for worker at rmi://ip-10-240-23-50.eu-west-1.compute.internal:49702/2 completed (2012-09-07 20:30:07)
Registration for worker at rmi://ip-10-240-23-50.eu-west-1.compute.internal:49702/3 completed (2012-09-07 20:30:07)
Registration for worker at rmi://ip-10-240-23-50.eu-west-1.compute.internal:49702/7 completed (2012-09-07 20:30:07)
Registration for worker at rmi://ip-10-240-23-50.eu-west-1.compute.internal:49702/4 completed (2012-09-07 20:30:07)
Registration for worker at rmi://ip-10-240-23-50.eu-west-1.compute.internal:49702/6 completed (2012-09-07 20:30:07)
Registration for worker at rmi://ip-10-240-23-50.eu-west-1.compute.internal:49702/0 completed (2012-09-07 20:30:07)
Registration for worker at rmi://ip-10-240-23-50.eu-west-1.compute.internal:49702/1 completed (2012-09-07 20:30:07)
TLC worker rmi://ip-10-240-23-50.eu-west-1.compute.internal:49702/5 disconnected (2012-09-07 20:30:17)
TLC worker rmi://ip-10-240-23-50.eu-west-1.compute.internal:49702/2 disconnected (2012-09-07 20:30:17)
TLC worker rmi://ip-10-240-23-50.eu-west-1.compute.internal:49702/3 disconnected (2012-09-07 20:30:17)
TLC worker rmi://ip-10-240-23-50.eu-west-1.compute.internal:49702/4 disconnected (2012-09-07 20:30:17)
TLC worker rmi://ip-10-240-23-50.eu-west-1.compute.internal:49702/7 disconnected (2012-09-07 20:30:17)
TLC worker rmi://ip-10-240-23-50.eu-west-1.compute.internal:49702/0 disconnected (2012-09-07 20:30:17)
TLC worker rmi://ip-10-240-23-50.eu-west-1.compute.internal:49702/6 disconnected (2012-09-07 20:30:17)
TLC worker rmi://ip-10-240-23-50.eu-west-1.compute.internal:49702/1 disconnected (2012-09-07 20:30:17)
TLC worker rmi://ip-10-240-23-50.eu-west-1.compute.internal:49702/4 disconnected (2012-09-07 20:30:23)
TLC worker rmi://ip-10-240-23-50.eu-west-1.compute.internal:49702/1 disconnected (2012-09-07 20:30:23)
TLC worker rmi://ip-10-240-23-50.eu-west-1.compute.internal:49702/6 disconnected (2012-09-07 20:30:23)
TLC worker rmi://ip-10-240-23-50.eu-west-1.compute.internal:49702/5 disconnected (2012-09-07 20:30:23)
TLC worker rmi://ip-10-240-23-50.eu-west-1.compute.internal:49702/0 disconnected (2012-09-07 20:30:23)
TLC worker rmi://ip-10-240-23-50.eu-west-1.compute.internal:49702/2 disconnected (2012-09-07 20:30:23)
TLC worker rmi://ip-10-240-23-50.eu-west-1.compute.internal:49702/7 disconnected (2012-09-07 20:30:23)
TLC worker rmi://ip-10-240-23-50.eu-west-1.compute.internal:49702/3 disconnected (2012-09-07 20:30:24)
TLC worker rmi://ip-10-240-25-15.eu-west-1.compute.internal:51021/2 disconnected (2012-09-07 20:30:49)
TLC worker rmi://ip-10-240-25-15.eu-west-1.compute.internal:51021/2 disconnected (2012-09-07 20:30:49)
TLC worker rmi://ip-10-240-25-15.eu-west-1.compute.internal:51021/6 disconnected (2012-09-07 20:30:49)
TLC worker rmi://ip-10-240-25-15.eu-west-1.compute.internal:51021/6 disconnected (2012-09-07 20:30:49)
TLC worker rmi://ip-10-240-25-15.eu-west-1.compute.internal:51021/1 disconnected (2012-09-07 20:30:50)
TLC worker rmi://ip-10-240-25-15.eu-west-1.compute.internal:51021/1 disconnected (2012-09-07 20:30:50)
TLC worker rmi://ip-10-240-25-15.eu-west-1.compute.internal:51021/4 disconnected (2012-09-07 20:30:50)
TLC worker rmi://ip-10-240-25-15.eu-west-1.compute.internal:51021/4 disconnected (2012-09-07 20:30:50)
TLC worker rmi://ip-10-240-25-15.eu-west-1.compute.internal:51021/0 disconnected (2012-09-07 20:30:50)
TLC worker rmi://ip-10-240-25-15.eu-west-1.compute.internal:51021/0 disconnected (2012-09-07 20:30:50)
TLC worker rmi://ip-10-240-25-15.eu-west-1.compute.internal:51021/7 disconnected (2012-09-07 20:30:50)
TLC worker rmi://ip-10-240-25-15.eu-west-1.compute.internal:51021/7 disconnected (2012-09-07 20:30:50)
TLC worker rmi://ip-10-240-25-15.eu-west-1.compute.internal:51021/5 disconnected (2012-09-07 20:30:50)
TLC worker rmi://ip-10-240-25-15.eu-west-1.compute.internal:51021/5 disconnected (2012-09-07 20:30:50)
TLC worker rmi://ip-10-240-25-15.eu-west-1.compute.internal:51021/3 disconnected (2012-09-07 20:31:01)
TLC worker rmi://ip-10-240-25-15.eu-west-1.compute.internal:51021/3 disconnected (2012-09-07 20:31:01)
Progress(30) at 2012-09-07 20:31:07: 8017477 states generated (435,016 s/min), 6981729 distinct states found (382,789 ds/min), 1325712 states left on queue.
Registration for worker at rmi://ip-10-240-23-50.eu-west-1.compute.internal:49702/4 completed (2012-09-07 20:31:35)
Registration for worker at rmi://ip-10-240-23-50.eu-west-1.compute.internal:49702/6 completed (2012-09-07 20:31:35)
Registration for worker at rmi://ip-10-240-23-50.eu-west-1.compute.internal:49702/1 completed (2012-09-07 20:31:35)
Registration for worker at rmi://ip-10-240-23-50.eu-west-1.compute.internal:49702/3 completed (2012-09-07 20:31:35)
Registration for worker at rmi://ip-10-240-23-50.eu-west-1.compute.internal:49702/7 completed (2012-09-07 20:31:35)
Registration for worker at rmi://ip-10-240-23-50.eu-west-1.compute.internal:49702/2 completed (2012-09-07 20:31:35)
Registration for worker at rmi://ip-10-240-23-50.eu-west-1.compute.internal:49702/0 completed (2012-09-07 20:31:35)
Registration for worker at rmi://ip-10-240-23-50.eu-west-1.compute.internal:49702/5 completed (2012-09-07 20:31:35)
Registration for worker at rmi://ip-10-240-25-15.eu-west-1.compute.internal:51021/0 completed (2012-09-07 20:31:37)
Registration for worker at rmi://ip-10-240-25-15.eu-west-1.compute.internal:51021/6 completed (2012-09-07 20:31:37)
Registration for worker at rmi://ip-10-240-25-15.eu-west-1.compute.internal:51021/4 completed (2012-09-07 20:31:37)
Registration for worker at rmi://ip-10-240-25-15.eu-west-1.compute.internal:51021/5 completed (2012-09-07 20:31:37)
Registration for worker at rmi://ip-10-240-25-15.eu-west-1.compute.internal:51021/7 completed (2012-09-07 20:31:37)
Registration for worker at rmi://ip-10-240-25-15.eu-west-1.compute.internal:51021/2 completed (2012-09-07 20:31:37)
Registration for worker at rmi://ip-10-240-25-15.eu-west-1.compute.internal:51021/1 completed (2012-09-07 20:31:37)
Registration for worker at rmi://ip-10-240-25-15.eu-west-1.compute.internal:51021/3 completed (2012-09-07 20:31:37)
Progress(30) at 2012-09-07 20:32:07: 8340517 states generated (323,040 s/min), 7267855 distinct states found (286,126 ds/min), 1348338 states left on queue.
TLC worker rmi://ip-10-240-23-50.eu-west-1.compute.internal:49702/4 disconnected (2012-09-07 20:32:52)
TLC worker rmi://ip-10-240-23-50.eu-west-1.compute.internal:49702/4 disconnected (2012-09-07 20:32:52)
TLC worker rmi://ip-10-240-23-50.eu-west-1.compute.internal:49702/3 disconnected (2012-09-07 20:32:52)
TLC worker rmi://ip-10-240-23-50.eu-west-1.compute.internal:49702/3 disconnected (2012-09-07 20:32:52)
TLC worker rmi://ip-10-240-23-50.eu-west-1.compute.internal:49702/7 disconnected (2012-09-07 20:32:52)
TLC worker rmi://ip-10-240-23-50.eu-west-1.compute.internal:49702/7 disconnected (2012-09-07 20:32:52)
TLC worker rmi://ip-10-240-23-50.eu-west-1.compute.internal:49702/0 disconnected (2012-09-07 20:32:52)
TLC worker rmi://ip-10-240-23-50.eu-west-1.compute.internal:49702/0 disconnected (2012-09-07 20:32:52)
TLC worker rmi://ip-10-240-23-50.eu-west-1.compute.internal:49702/1 disconnected (2012-09-07 20:32:52)
TLC worker rmi://ip-10-240-23-50.eu-west-1.compute.internal:49702/1 disconnected (2012-09-07 20:32:52)
TLC worker rmi://ip-10-240-23-50.eu-west-1.compute.internal:49702/5 disconnected (2012-09-07 20:32:52)
TLC worker rmi://ip-10-240-23-50.eu-west-1.compute.internal:49702/5 disconnected (2012-09-07 20:32:52)
TLC worker rmi://ip-10-240-23-50.eu-west-1.compute.internal:49702/2 disconnected (2012-09-07 20:32:52)
TLC worker rmi://ip-10-240-23-50.eu-west-1.compute.internal:49702/2 disconnected (2012-09-07 20:32:52)
TLC worker rmi://ip-10-240-23-50.eu-west-1.compute.internal:49702/6 disconnected (2012-09-07 20:32:52)
TLC worker rmi://ip-10-240-23-50.eu-west-1.compute.internal:49702/6 disconnected (2012-09-07 20:32:52)
Registration for worker at rmi://ip-10-240-23-50.eu-west-1.compute.internal:49702/4 completed (2012-09-07 20:33:03)
Registration for worker at rmi://ip-10-240-23-50.eu-west-1.compute.internal:49702/3 completed (2012-09-07 20:33:03)
Registration for worker at rmi://ip-10-240-23-50.eu-west-1.compute.internal:49702/2 completed (2012-09-07 20:33:03)
Registration for worker at rmi://ip-10-240-23-50.eu-west-1.compute.internal:49702/7 completed (2012-09-07 20:33:03)
Registration for worker at rmi://ip-10-240-23-50.eu-west-1.compute.internal:49702/1 completed (2012-09-07 20:33:03)
Registration for worker at rmi://ip-10-240-23-50.eu-west-1.compute.internal:49702/6 completed (2012-09-07 20:33:03)
Registration for worker at rmi://ip-10-240-23-50.eu-west-1.compute.internal:49702/5 completed (2012-09-07 20:33:03)
Registration for worker at rmi://ip-10-240-23-50.eu-west-1.compute.internal:49702/0 completed (2012-09-07 20:33:03)
Progress(31) at 2012-09-07 20:33:07: 9013916 states generated (673,399 s/min), 7851206 distinct states found (583,351 ds/min), 1339436 states left on queue.
TLC worker rmi://ip-10-240-25-15.eu-west-1.compute.internal:51021/2 disconnected (2012-09-07 20:33:39)
TLC worker rmi://ip-10-240-25-15.eu-west-1.compute.internal:51021/2 disconnected (2012-09-07 20:33:39)
TLC worker rmi://ip-10-240-25-15.eu-west-1.compute.internal:51021/5 disconnected (2012-09-07 20:33:39)
TLC worker rmi://ip-10-240-25-15.eu-west-1.compute.internal:51021/5 disconnected (2012-09-07 20:33:39)
TLC worker rmi://ip-10-240-25-15.eu-west-1.compute.internal:51021/7 disconnected (2012-09-07 20:33:39)
TLC worker rmi://ip-10-240-25-15.eu-west-1.compute.internal:51021/7 disconnected (2012-09-07 20:33:39)
TLC worker rmi://ip-10-240-25-15.eu-west-1.compute.internal:51021/0 disconnected (2012-09-07 20:33:39)
TLC worker rmi://ip-10-240-25-15.eu-west-1.compute.internal:51021/0 disconnected (2012-09-07 20:33:39)
TLC worker rmi://ip-10-240-25-15.eu-west-1.compute.internal:51021/1 disconnected (2012-09-07 20:33:39)
TLC worker rmi://ip-10-240-25-15.eu-west-1.compute.internal:51021/1 disconnected (2012-09-07 20:33:39)
TLC worker rmi://ip-10-240-25-15.eu-west-1.compute.internal:51021/6 disconnected (2012-09-07 20:33:39)
TLC worker rmi://ip-10-240-25-15.eu-west-1.compute.internal:51021/6 disconnected (2012-09-07 20:33:39)
TLC worker rmi://ip-10-240-25-15.eu-west-1.compute.internal:51021/4 disconnected (2012-09-07 20:33:40)
TLC worker rmi://ip-10-240-25-15.eu-west-1.compute.internal:51021/4 disconnected (2012-09-07 20:33:40)
TLC worker rmi://ip-10-240-25-15.eu-west-1.compute.internal:51021/3 disconnected (2012-09-07 20:33:40)
TLC worker rmi://ip-10-240-25-15.eu-west-1.compute.internal:51021/3 disconnected (2012-09-07 20:33:40)
Progress(31) at 2012-09-07 20:34:07: 9510015 states generated (496,099 s/min), 8275672 distinct states found (424,466 ds/min), 1295240 states left on queue.
TLC worker rmi://ip-10-240-23-50.eu-west-1.compute.internal:49702/4 disconnected (2012-09-07 20:34:45)
TLC worker rmi://ip-10-240-23-50.eu-west-1.compute.internal:49702/4 disconnected (2012-09-07 20:34:45)
TLC worker rmi://ip-10-240-23-50.eu-west-1.compute.internal:49702/0 disconnected (2012-09-07 20:34:46)
TLC worker rmi://ip-10-240-23-50.eu-west-1.compute.internal:49702/0 disconnected (2012-09-07 20:34:46)
TLC worker rmi://ip-10-240-23-50.eu-west-1.compute.internal:49702/3 disconnected (2012-09-07 20:34:46)
TLC worker rmi://ip-10-240-23-50.eu-west-1.compute.internal:49702/3 disconnected (2012-09-07 20:34:46)
TLC worker rmi://ip-10-240-23-50.eu-west-1.compute.internal:49702/5 disconnected (2012-09-07 20:34:46)
TLC worker rmi://ip-10-240-23-50.eu-west-1.compute.internal:49702/5 disconnected (2012-09-07 20:34:46)
TLC worker rmi://ip-10-240-23-50.eu-west-1.compute.internal:49702/1 disconnected (2012-09-07 20:34:46)
TLC worker rmi://ip-10-240-23-50.eu-west-1.compute.internal:49702/1 disconnected (2012-09-07 20:34:46)
TLC worker rmi://ip-10-240-23-50.eu-west-1.compute.internal:49702/6 disconnected (2012-09-07 20:34:46)
TLC worker rmi://ip-10-240-23-50.eu-west-1.compute.internal:49702/6 disconnected (2012-09-07 20:34:46)
TLC worker rmi://ip-10-240-23-50.eu-west-1.compute.internal:49702/2 disconnected (2012-09-07 20:34:46)
TLC worker rmi://ip-10-240-23-50.eu-west-1.compute.internal:49702/2 disconnected (2012-09-07 20:34:46)
TLC worker rmi://ip-10-240-23-50.eu-west-1.compute.internal:49702/7 disconnected (2012-09-07 20:34:46)
TLC worker rmi://ip-10-240-23-50.eu-west-1.compute.internal:49702/7 disconnected (2012-09-07 20:34:46)
Registration for worker at rmi://ip-10-240-25-15.eu-west-1.compute.internal:51021/0 completed (2012-09-07 20:34:57)
Registration for worker at rmi://ip-10-240-25-15.eu-west-1.compute.internal:51021/1 completed (2012-09-07 20:34:57)
Registration for worker at rmi://ip-10-240-25-15.eu-west-1.compute.internal:51021/2 completed (2012-09-07 20:34:57)
Registration for worker at rmi://ip-10-240-25-15.eu-west-1.compute.internal:51021/3 completed (2012-09-07 20:34:57)
Registration for worker at rmi://ip-10-240-25-15.eu-west-1.compute.internal:51021/7 completed (2012-09-07 20:34:57)
Registration for worker at rmi://ip-10-240-25-15.eu-west-1.compute.internal:51021/4 completed (2012-09-07 20:34:57)
Registration for worker at rmi://ip-10-240-25-15.eu-west-1.compute.internal:51021/6 completed (2012-09-07 20:34:57)
Registration for worker at rmi://ip-10-240-25-15.eu-west-1.compute.internal:51021/5 completed (2012-09-07 20:34:57)
Registration for worker at rmi://ip-10-240-23-50.eu-west-1.compute.internal:49702/0 completed (2012-09-07 20:35:01)
Registration for worker at rmi://ip-10-240-23-50.eu-west-1.compute.internal:49702/1 completed (2012-09-07 20:35:01)
Registration for worker at rmi://ip-10-240-23-50.eu-west-1.compute.internal:49702/3 completed (2012-09-07 20:35:01)
Registration for worker at rmi://ip-10-240-23-50.eu-west-1.compute.internal:49702/2 completed (2012-09-07 20:35:01)
Registration for worker at rmi://ip-10-240-23-50.eu-west-1.compute.internal:49702/7 completed (2012-09-07 20:35:01)
Registration for worker at rmi://ip-10-240-23-50.eu-west-1.compute.internal:49702/5 completed (2012-09-07 20:35:01)
Registration for worker at rmi://ip-10-240-23-50.eu-west-1.compute.internal:49702/4 completed (2012-09-07 20:35:01)
Registration for worker at rmi://ip-10-240-23-50.eu-west-1.compute.internal:49702/6 completed (2012-09-07 20:35:01)
TLC worker rmi://ip-10-240-25-15.eu-west-1.compute.internal:51021/0 disconnected (2012-09-07 20:35:07)
TLC worker rmi://ip-10-240-25-15.eu-west-1.compute.internal:51021/1 disconnected (2012-09-07 20:35:07)
TLC worker rmi://ip-10-240-25-15.eu-west-1.compute.internal:51021/2 disconnected (2012-09-07 20:35:07)
TLC worker rmi://ip-10-240-25-15.eu-west-1.compute.internal:51021/3 disconnected (2012-09-07 20:35:07)
TLC worker rmi://ip-10-240-25-15.eu-west-1.compute.internal:51021/7 disconnected (2012-09-07 20:35:07)
TLC worker rmi://ip-10-240-25-15.eu-west-1.compute.internal:51021/4 disconnected (2012-09-07 20:35:07)
TLC worker rmi://ip-10-240-25-15.eu-west-1.compute.internal:51021/6 disconnected (2012-09-07 20:35:07)
TLC worker rmi://ip-10-240-25-15.eu-west-1.compute.internal:51021/5 disconnected (2012-09-07 20:35:07)
Progress(31) at 2012-09-07 20:35:07: 9815893 states generated (305,878 s/min), 8544801 distinct states found (269,129 ds/min), 1309608 states left on queue.
TLC worker rmi://ip-10-240-25-15.eu-west-1.compute.internal:51021/2 disconnected (2012-09-07 20:35:10)
TLC worker rmi://ip-10-240-25-15.eu-west-1.compute.internal:51021/1 disconnected (2012-09-07 20:35:10)
TLC worker rmi://ip-10-240-25-15.eu-west-1.compute.internal:51021/7 disconnected (2012-09-07 20:35:10)
TLC worker rmi://ip-10-240-25-15.eu-west-1.compute.internal:51021/0 disconnected (2012-09-07 20:35:10)
TLC worker rmi://ip-10-240-25-15.eu-west-1.compute.internal:51021/3 disconnected (2012-09-07 20:35:10)
TLC worker rmi://ip-10-240-25-15.eu-west-1.compute.internal:51021/4 disconnected (2012-09-07 20:35:10)
TLC worker rmi://ip-10-240-25-15.eu-west-1.compute.internal:51021/6 disconnected (2012-09-07 20:35:10)
TLC worker rmi://ip-10-240-25-15.eu-west-1.compute.internal:51021/5 disconnected (2012-09-07 20:35:10)
Progress(31) at 2012-09-07 20:36:07: 10176030 states generated (360,137 s/min), 8858742 distinct states found (313,941 ds/min), 1359901 states left on queue.
TLC worker rmi://ip-10-240-23-50.eu-west-1.compute.internal:49702/5 disconnected (2012-09-07 20:36:11)
TLC worker rmi://ip-10-240-23-50.eu-west-1.compute.internal:49702/5 disconnected (2012-09-07 20:36:11)
TLC worker rmi://ip-10-240-23-50.eu-west-1.compute.internal:49702/7 disconnected (2012-09-07 20:36:11)
TLC worker rmi://ip-10-240-23-50.eu-west-1.compute.internal:49702/7 disconnected (2012-09-07 20:36:11)
TLC worker rmi://ip-10-240-23-50.eu-west-1.compute.internal:49702/2 disconnected (2012-09-07 20:36:11)
TLC worker rmi://ip-10-240-23-50.eu-west-1.compute.internal:49702/2 disconnected (2012-09-07 20:36:11)
TLC worker rmi://ip-10-240-23-50.eu-west-1.compute.internal:49702/0 disconnected (2012-09-07 20:36:11)
TLC worker rmi://ip-10-240-23-50.eu-west-1.compute.internal:49702/0 disconnected (2012-09-07 20:36:11)
TLC worker rmi://ip-10-240-23-50.eu-west-1.compute.internal:49702/6 disconnected (2012-09-07 20:36:12)
TLC worker rmi://ip-10-240-23-50.eu-west-1.compute.internal:49702/6 disconnected (2012-09-07 20:36:12)
TLC worker rmi://ip-10-240-23-50.eu-west-1.compute.internal:49702/3 disconnected (2012-09-07 20:36:12)
TLC worker rmi://ip-10-240-23-50.eu-west-1.compute.internal:49702/3 disconnected (2012-09-07 20:36:12)
TLC worker rmi://ip-10-240-23-50.eu-west-1.compute.internal:49702/1 disconnected (2012-09-07 20:36:12)
TLC worker rmi://ip-10-240-23-50.eu-west-1.compute.internal:49702/1 disconnected (2012-09-07 20:36:12)
TLC worker rmi://ip-10-240-23-50.eu-west-1.compute.internal:49702/4 disconnected (2012-09-07 20:36:12)
TLC worker rmi://ip-10-240-23-50.eu-west-1.compute.internal:49702/4 disconnected (2012-09-07 20:36:12)
Registration for worker at rmi://ip-10-240-23-50.eu-west-1.compute.internal:49702/2 completed (2012-09-07 20:36:34)
Registration for worker at rmi://ip-10-240-23-50.eu-west-1.compute.internal:49702/7 completed (2012-09-07 20:36:34)
Registration for worker at rmi://ip-10-240-23-50.eu-west-1.compute.internal:49702/6 completed (2012-09-07 20:36:34)
Registration for worker at rmi://ip-10-240-23-50.eu-west-1.compute.internal:49702/1 completed (2012-09-07 20:36:34)
Registration for worker at rmi://ip-10-240-23-50.eu-west-1.compute.internal:49702/4 completed (2012-09-07 20:36:34)
Registration for worker at rmi://ip-10-240-23-50.eu-west-1.compute.internal:49702/5 completed (2012-09-07 20:36:34)
Registration for worker at rmi://ip-10-240-23-50.eu-west-1.compute.internal:49702/0 completed (2012-09-07 20:36:34)
Registration for worker at rmi://ip-10-240-23-50.eu-west-1.compute.internal:49702/3 completed (2012-09-07 20:36:34)
Progress(33) at 2012-09-07 20:37:07: 10387899 states generated (211,869 s/min), 9038397 distinct states found (179,655 ds/min), 1342357 states left on queue.
Registration for worker at rmi://ip-10-240-25-15.eu-west-1.compute.internal:51021/0 completed (2012-09-07 20:37:48)
Registration for worker at rmi://ip-10-240-25-15.eu-west-1.compute.internal:51021/7 completed (2012-09-07 20:37:48)
Registration for worker at rmi://ip-10-240-25-15.eu-west-1.compute.internal:51021/1 completed (2012-09-07 20:37:48)
Registration for worker at rmi://ip-10-240-25-15.eu-west-1.compute.internal:51021/2 completed (2012-09-07 20:37:48)
Registration for worker at rmi://ip-10-240-25-15.eu-west-1.compute.internal:51021/3 completed (2012-09-07 20:37:48)
Registration for worker at rmi://ip-10-240-25-15.eu-west-1.compute.internal:51021/6 completed (2012-09-07 20:37:48)
Registration for worker at rmi://ip-10-240-25-15.eu-west-1.compute.internal:51021/4 completed (2012-09-07 20:37:48)
Registration for worker at rmi://ip-10-240-25-15.eu-west-1.compute.internal:51021/5 completed (2012-09-07 20:37:48)
Progress(33) at 2012-09-07 20:38:07: 10880057 states generated (492,158 s/min), 9468404 distinct states found (430,007 ds/min), 1377290 states left on queue.
TLC worker rmi://ip-10-240-23-50.eu-west-1.compute.internal:49702/7 disconnected (2012-09-07 20:38:29)
TLC worker rmi://ip-10-240-23-50.eu-west-1.compute.internal:49702/7 disconnected (2012-09-07 20:38:29)
TLC worker rmi://ip-10-240-23-50.eu-west-1.compute.internal:49702/4 disconnected (2012-09-07 20:38:29)
TLC worker rmi://ip-10-240-23-50.eu-west-1.compute.internal:49702/4 disconnected (2012-09-07 20:38:29)
TLC worker rmi://ip-10-240-23-50.eu-west-1.compute.internal:49702/6 disconnected (2012-09-07 20:38:29)
TLC worker rmi://ip-10-240-23-50.eu-west-1.compute.internal:49702/6 disconnected (2012-09-07 20:38:29)
TLC worker rmi://ip-10-240-23-50.eu-west-1.compute.internal:49702/1 disconnected (2012-09-07 20:38:29)
TLC worker rmi://ip-10-240-23-50.eu-west-1.compute.internal:49702/1 disconnected (2012-09-07 20:38:29)
TLC worker rmi://ip-10-240-23-50.eu-west-1.compute.internal:49702/2 disconnected (2012-09-07 20:38:29)
TLC worker rmi://ip-10-240-23-50.eu-west-1.compute.internal:49702/2 disconnected (2012-09-07 20:38:29)
TLC worker rmi://ip-10-240-23-50.eu-west-1.compute.internal:49702/3 disconnected (2012-09-07 20:38:29)
TLC worker rmi://ip-10-240-23-50.eu-west-1.compute.internal:49702/3 disconnected (2012-09-07 20:38:29)
TLC worker rmi://ip-10-240-23-50.eu-west-1.compute.internal:49702/0 disconnected (2012-09-07 20:38:29)
TLC worker rmi://ip-10-240-23-50.eu-west-1.compute.internal:49702/0 disconnected (2012-09-07 20:38:29)
TLC worker rmi://ip-10-240-23-50.eu-west-1.compute.internal:49702/5 disconnected (2012-09-07 20:38:30)
TLC worker rmi://ip-10-240-23-50.eu-west-1.compute.internal:49702/5 disconnected (2012-09-07 20:38:30)
TLC worker rmi://ip-10-240-25-15.eu-west-1.compute.internal:51021/0 disconnected (2012-09-07 20:39:01)
TLC worker rmi://ip-10-240-25-15.eu-west-1.compute.internal:51021/0 disconnected (2012-09-07 20:39:01)
TLC worker rmi://ip-10-240-25-15.eu-west-1.compute.internal:51021/7 disconnected (2012-09-07 20:39:01)
TLC worker rmi://ip-10-240-25-15.eu-west-1.compute.internal:51021/7 disconnected (2012-09-07 20:39:01)
TLC worker rmi://ip-10-240-25-15.eu-west-1.compute.internal:51021/6 disconnected (2012-09-07 20:39:01)
TLC worker rmi://ip-10-240-25-15.eu-west-1.compute.internal:51021/6 disconnected (2012-09-07 20:39:01)
TLC worker rmi://ip-10-240-25-15.eu-west-1.compute.internal:51021/1 disconnected (2012-09-07 20:39:01)
TLC worker rmi://ip-10-240-25-15.eu-west-1.compute.internal:51021/1 disconnected (2012-09-07 20:39:01)
TLC worker rmi://ip-10-240-25-15.eu-west-1.compute.internal:51021/4 disconnected (2012-09-07 20:39:01)
TLC worker rmi://ip-10-240-25-15.eu-west-1.compute.internal:51021/4 disconnected (2012-09-07 20:39:01)
TLC worker rmi://ip-10-240-25-15.eu-west-1.compute.internal:51021/2 disconnected (2012-09-07 20:39:01)
TLC worker rmi://ip-10-240-25-15.eu-west-1.compute.internal:51021/2 disconnected (2012-09-07 20:39:01)
TLC worker rmi://ip-10-240-25-15.eu-west-1.compute.internal:51021/5 disconnected (2012-09-07 20:39:01)
TLC worker rmi://ip-10-240-25-15.eu-west-1.compute.internal:51021/5 disconnected (2012-09-07 20:39:01)
TLC worker rmi://ip-10-240-25-15.eu-west-1.compute.internal:51021/3 disconnected (2012-09-07 20:39:01)
TLC worker rmi://ip-10-240-25-15.eu-west-1.compute.internal:51021/3 disconnected (2012-09-07 20:39:01)
Progress(33) at 2012-09-07 20:39:07: 11329209 states generated (449,152 s/min), 9849152 distinct states found (380,748 ds/min), 1297931 states left on queue.
Registration for worker at rmi://ip-10-240-25-15.eu-west-1.compute.internal:51021/3 completed (2012-09-07 20:39:26)
Registration for worker at rmi://ip-10-240-25-15.eu-west-1.compute.internal:51021/5 completed (2012-09-07 20:39:26)
Registration for worker at rmi://ip-10-240-25-15.eu-west-1.compute.internal:51021/7 completed (2012-09-07 20:39:26)
Registration for worker at rmi://ip-10-240-25-15.eu-west-1.compute.internal:51021/6 completed (2012-09-07 20:39:26)
Registration for worker at rmi://ip-10-240-25-15.eu-west-1.compute.internal:51021/1 completed (2012-09-07 20:39:26)
Registration for worker at rmi://ip-10-240-25-15.eu-west-1.compute.internal:51021/4 completed (2012-09-07 20:39:26)
Registration for worker at rmi://ip-10-240-25-15.eu-west-1.compute.internal:51021/2 completed (2012-09-07 20:39:26)
Registration for worker at rmi://ip-10-240-25-15.eu-west-1.compute.internal:51021/0 completed (2012-09-07 20:39:26)
Progress(33) at 2012-09-07 20:40:07: 11532709 states generated (203,500 s/min), 10027296 distinct states found (178,144 ds/min), 1278604 states left on queue.
Registration for worker at rmi://ip-10-240-23-50.eu-west-1.compute.internal:49702/0 completed (2012-09-07 20:40:45)
Registration for worker at rmi://ip-10-240-23-50.eu-west-1.compute.internal:49702/4 completed (2012-09-07 20:40:45)
Registration for worker at rmi://ip-10-240-23-50.eu-west-1.compute.internal:49702/3 completed (2012-09-07 20:40:45)
Registration for worker at rmi://ip-10-240-23-50.eu-west-1.compute.internal:49702/2 completed (2012-09-07 20:40:45)
Registration for worker at rmi://ip-10-240-23-50.eu-west-1.compute.internal:49702/5 completed (2012-09-07 20:40:45)
Registration for worker at rmi://ip-10-240-23-50.eu-west-1.compute.internal:49702/6 completed (2012-09-07 20:40:45)
Registration for worker at rmi://ip-10-240-23-50.eu-west-1.compute.internal:49702/1 completed (2012-09-07 20:40:45)
Registration for worker at rmi://ip-10-240-23-50.eu-west-1.compute.internal:49702/7 completed (2012-09-07 20:40:45)
Progress(33) at 2012-09-07 20:41:07: 11898459 states generated (365,750 s/min), 10344193 distinct states found (316,897 ds/min), 1266380 states left on queue.
TLC worker rmi://ip-10-240-25-15.eu-west-1.compute.internal:51021/7 disconnected (2012-09-07 20:41:09)
TLC worker rmi://ip-10-240-25-15.eu-west-1.compute.internal:51021/7 disconnected (2012-09-07 20:41:09)
TLC worker rmi://ip-10-240-25-15.eu-west-1.compute.internal:51021/2 disconnected (2012-09-07 20:41:09)
TLC worker rmi://ip-10-240-25-15.eu-west-1.compute.internal:51021/2 disconnected (2012-09-07 20:41:09)
TLC worker rmi://ip-10-240-25-15.eu-west-1.compute.internal:51021/0 disconnected (2012-09-07 20:41:09)
TLC worker rmi://ip-10-240-25-15.eu-west-1.compute.internal:51021/0 disconnected (2012-09-07 20:41:09)
TLC worker rmi://ip-10-240-25-15.eu-west-1.compute.internal:51021/6 disconnected (2012-09-07 20:41:09)
TLC worker rmi://ip-10-240-25-15.eu-west-1.compute.internal:51021/6 disconnected (2012-09-07 20:41:09)
TLC worker rmi://ip-10-240-25-15.eu-west-1.compute.internal:51021/4 disconnected (2012-09-07 20:41:09)
TLC worker rmi://ip-10-240-25-15.eu-west-1.compute.internal:51021/4 disconnected (2012-09-07 20:41:09)
TLC worker rmi://ip-10-240-25-15.eu-west-1.compute.internal:51021/1 disconnected (2012-09-07 20:41:09)
TLC worker rmi://ip-10-240-25-15.eu-west-1.compute.internal:51021/1 disconnected (2012-09-07 20:41:09)
TLC worker rmi://ip-10-240-25-15.eu-west-1.compute.internal:51021/3 disconnected (2012-09-07 20:41:10)
TLC worker rmi://ip-10-240-25-15.eu-west-1.compute.internal:51021/3 disconnected (2012-09-07 20:41:10)
TLC worker rmi://ip-10-240-25-15.eu-west-1.compute.internal:51021/5 disconnected (2012-09-07 20:41:10)
TLC worker rmi://ip-10-240-25-15.eu-west-1.compute.internal:51021/5 disconnected (2012-09-07 20:41:10)
Progress(33) at 2012-09-07 20:42:07: 12340605 states generated (442,146 s/min), 10726118 distinct states found (381,925 ds/min), 1253707 states left on queue.
Registration for worker at rmi://ip-10-240-25-15.eu-west-1.compute.internal:51021/0 completed (2012-09-07 20:42:39)
Registration for worker at rmi://ip-10-240-25-15.eu-west-1.compute.internal:51021/6 completed (2012-09-07 20:42:39)
Registration for worker at rmi://ip-10-240-25-15.eu-west-1.compute.internal:51021/7 completed (2012-09-07 20:42:39)
Registration for worker at rmi://ip-10-240-25-15.eu-west-1.compute.internal:51021/3 completed (2012-09-07 20:42:39)
Registration for worker at rmi://ip-10-240-25-15.eu-west-1.compute.internal:51021/1 completed (2012-09-07 20:42:39)
Registration for worker at rmi://ip-10-240-25-15.eu-west-1.compute.internal:51021/2 completed (2012-09-07 20:42:39)
Registration for worker at rmi://ip-10-240-25-15.eu-west-1.compute.internal:51021/5 completed (2012-09-07 20:42:39)
Registration for worker at rmi://ip-10-240-25-15.eu-west-1.compute.internal:51021/4 completed (2012-09-07 20:42:39)
TLC worker rmi://ip-10-240-23-50.eu-west-1.compute.internal:49702/7 disconnected (2012-09-07 20:42:53)
TLC worker rmi://ip-10-240-23-50.eu-west-1.compute.internal:49702/7 disconnected (2012-09-07 20:42:53)
TLC worker rmi://ip-10-240-23-50.eu-west-1.compute.internal:49702/0 disconnected (2012-09-07 20:42:53)
TLC worker rmi://ip-10-240-23-50.eu-west-1.compute.internal:49702/0 disconnected (2012-09-07 20:42:53)
TLC worker rmi://ip-10-240-23-50.eu-west-1.compute.internal:49702/2 disconnected (2012-09-07 20:42:53)
TLC worker rmi://ip-10-240-23-50.eu-west-1.compute.internal:49702/2 disconnected (2012-09-07 20:42:53)
TLC worker rmi://ip-10-240-23-50.eu-west-1.compute.internal:49702/5 disconnected (2012-09-07 20:42:53)
TLC worker rmi://ip-10-240-23-50.eu-west-1.compute.internal:49702/5 disconnected (2012-09-07 20:42:53)
TLC worker rmi://ip-10-240-23-50.eu-west-1.compute.internal:49702/1 disconnected (2012-09-07 20:42:53)
TLC worker rmi://ip-10-240-23-50.eu-west-1.compute.internal:49702/1 disconnected (2012-09-07 20:42:53)
TLC worker rmi://ip-10-240-23-50.eu-west-1.compute.internal:49702/6 disconnected (2012-09-07 20:42:53)
TLC worker rmi://ip-10-240-23-50.eu-west-1.compute.internal:49702/6 disconnected (2012-09-07 20:42:53)
TLC worker rmi://ip-10-240-23-50.eu-west-1.compute.internal:49702/4 disconnected (2012-09-07 20:42:53)
TLC worker rmi://ip-10-240-23-50.eu-west-1.compute.internal:49702/4 disconnected (2012-09-07 20:42:53)
TLC worker rmi://ip-10-240-23-50.eu-west-1.compute.internal:49702/3 disconnected (2012-09-07 20:42:54)
TLC worker rmi://ip-10-240-23-50.eu-west-1.compute.internal:49702/3 disconnected (2012-09-07 20:42:54)
Progress(33) at 2012-09-07 20:43:07: 12775383 states generated (434,778 s/min), 11100531 distinct states found (374,413 ds/min), 1233530 states left on queue.
Progress(33) at 2012-09-07 20:44:07: 13100162 states generated (324,779 s/min), 11378618 distinct states found (278,087 ds/min), 1182698 states left on queue.
TLC worker rmi://ip-10-240-25-15.eu-west-1.compute.internal:51021/1 disconnected (2012-09-07 20:44:16)
TLC worker rmi://ip-10-240-25-15.eu-west-1.compute.internal:51021/1 disconnected (2012-09-07 20:44:16)
TLC worker rmi://ip-10-240-25-15.eu-west-1.compute.internal:51021/3 disconnected (2012-09-07 20:44:17)
TLC worker rmi://ip-10-240-25-15.eu-west-1.compute.internal:51021/3 disconnected (2012-09-07 20:44:17)
TLC worker rmi://ip-10-240-25-15.eu-west-1.compute.internal:51021/2 disconnected (2012-09-07 20:44:17)
TLC worker rmi://ip-10-240-25-15.eu-west-1.compute.internal:51021/2 disconnected (2012-09-07 20:44:17)
TLC worker rmi://ip-10-240-25-15.eu-west-1.compute.internal:51021/0 disconnected (2012-09-07 20:44:17)
TLC worker rmi://ip-10-240-25-15.eu-west-1.compute.internal:51021/0 disconnected (2012-09-07 20:44:17)
TLC worker rmi://ip-10-240-25-15.eu-west-1.compute.internal:51021/4 disconnected (2012-09-07 20:44:17)
TLC worker rmi://ip-10-240-25-15.eu-west-1.compute.internal:51021/4 disconnected (2012-09-07 20:44:17)
TLC worker rmi://ip-10-240-25-15.eu-west-1.compute.internal:51021/7 disconnected (2012-09-07 20:44:17)
TLC worker rmi://ip-10-240-25-15.eu-west-1.compute.internal:51021/7 disconnected (2012-09-07 20:44:17)
TLC worker rmi://ip-10-240-25-15.eu-west-1.compute.internal:51021/5 disconnected (2012-09-07 20:44:17)
TLC worker rmi://ip-10-240-25-15.eu-west-1.compute.internal:51021/5 disconnected (2012-09-07 20:44:17)
TLC worker rmi://ip-10-240-25-15.eu-west-1.compute.internal:51021/6 disconnected (2012-09-07 20:44:17)
TLC worker rmi://ip-10-240-25-15.eu-west-1.compute.internal:51021/6 disconnected (2012-09-07 20:44:17)
Registration for worker at rmi://ip-10-240-25-15.eu-west-1.compute.internal:51021/2 completed (2012-09-07 20:44:36)
Registration for worker at rmi://ip-10-240-25-15.eu-west-1.compute.internal:51021/3 completed (2012-09-07 20:44:36)
Registration for worker at rmi://ip-10-240-25-15.eu-west-1.compute.internal:51021/1 completed (2012-09-07 20:44:36)
Registration for worker at rmi://ip-10-240-25-15.eu-west-1.compute.internal:51021/0 completed (2012-09-07 20:44:36)
Registration for worker at rmi://ip-10-240-25-15.eu-west-1.compute.internal:51021/7 completed (2012-09-07 20:44:36)
Registration for worker at rmi://ip-10-240-25-15.eu-west-1.compute.internal:51021/4 completed (2012-09-07 20:44:36)
Registration for worker at rmi://ip-10-240-25-15.eu-west-1.compute.internal:51021/5 completed (2012-09-07 20:44:36)
Registration for worker at rmi://ip-10-240-25-15.eu-west-1.compute.internal:51021/6 completed (2012-09-07 20:44:36)
Progress(34) at 2012-09-07 20:45:07: 13337678 states generated (237,516 s/min), 11589004 distinct states found (210,386 ds/min), 1195855 states left on queue.
Registration for worker at rmi://ip-10-240-23-50.eu-west-1.compute.internal:49702/0 completed (2012-09-07 20:45:21)
Registration for worker at rmi://ip-10-240-23-50.eu-west-1.compute.internal:49702/4 completed (2012-09-07 20:45:21)
Registration for worker at rmi://ip-10-240-23-50.eu-west-1.compute.internal:49702/3 completed (2012-09-07 20:45:21)
Registration for worker at rmi://ip-10-240-23-50.eu-west-1.compute.internal:49702/2 completed (2012-09-07 20:45:21)
Registration for worker at rmi://ip-10-240-23-50.eu-west-1.compute.internal:49702/5 completed (2012-09-07 20:45:21)
Registration for worker at rmi://ip-10-240-23-50.eu-west-1.compute.internal:49702/6 completed (2012-09-07 20:45:21)
Registration for worker at rmi://ip-10-240-23-50.eu-west-1.compute.internal:49702/7 completed (2012-09-07 20:45:21)
Registration for worker at rmi://ip-10-240-23-50.eu-west-1.compute.internal:49702/1 completed (2012-09-07 20:45:21)
TLC worker rmi://ip-10-240-25-15.eu-west-1.compute.internal:51021/6 disconnected (2012-09-07 20:45:30)
TLC worker rmi://ip-10-240-25-15.eu-west-1.compute.internal:51021/6 disconnected (2012-09-07 20:45:30)
TLC worker rmi://ip-10-240-25-15.eu-west-1.compute.internal:51021/0 disconnected (2012-09-07 20:45:31)
TLC worker rmi://ip-10-240-25-15.eu-west-1.compute.internal:51021/0 disconnected (2012-09-07 20:45:31)
TLC worker rmi://ip-10-240-25-15.eu-west-1.compute.internal:51021/3 disconnected (2012-09-07 20:45:31)
TLC worker rmi://ip-10-240-25-15.eu-west-1.compute.internal:51021/3 disconnected (2012-09-07 20:45:31)
TLC worker rmi://ip-10-240-25-15.eu-west-1.compute.internal:51021/2 disconnected (2012-09-07 20:45:31)
TLC worker rmi://ip-10-240-25-15.eu-west-1.compute.internal:51021/2 disconnected (2012-09-07 20:45:31)
TLC worker rmi://ip-10-240-25-15.eu-west-1.compute.internal:51021/5 disconnected (2012-09-07 20:45:31)
TLC worker rmi://ip-10-240-25-15.eu-west-1.compute.internal:51021/5 disconnected (2012-09-07 20:45:31)
TLC worker rmi://ip-10-240-25-15.eu-west-1.compute.internal:51021/7 disconnected (2012-09-07 20:45:31)
TLC worker rmi://ip-10-240-25-15.eu-west-1.compute.internal:51021/7 disconnected (2012-09-07 20:45:31)
TLC worker rmi://ip-10-240-25-15.eu-west-1.compute.internal:51021/4 disconnected (2012-09-07 20:45:31)
TLC worker rmi://ip-10-240-25-15.eu-west-1.compute.internal:51021/4 disconnected (2012-09-07 20:45:31)
TLC worker rmi://ip-10-240-25-15.eu-west-1.compute.internal:51021/1 disconnected (2012-09-07 20:45:32)
TLC worker rmi://ip-10-240-25-15.eu-west-1.compute.internal:51021/1 disconnected (2012-09-07 20:45:32)
Progress(34) at 2012-09-07 20:46:07: 13677806 states generated (340,128 s/min), 11882153 distinct states found (293,149 ds/min), 1160393 states left on queue.
TLC worker rmi://ip-10-240-23-50.eu-west-1.compute.internal:49702/2 disconnected (2012-09-07 20:46:40)
TLC worker rmi://ip-10-240-23-50.eu-west-1.compute.internal:49702/2 disconnected (2012-09-07 20:46:40)
TLC worker rmi://ip-10-240-23-50.eu-west-1.compute.internal:49702/3 disconnected (2012-09-07 20:46:40)
TLC worker rmi://ip-10-240-23-50.eu-west-1.compute.internal:49702/3 disconnected (2012-09-07 20:46:40)
TLC worker rmi://ip-10-240-23-50.eu-west-1.compute.internal:49702/4 disconnected (2012-09-07 20:46:40)
TLC worker rmi://ip-10-240-23-50.eu-west-1.compute.internal:49702/4 disconnected (2012-09-07 20:46:40)
TLC worker rmi://ip-10-240-23-50.eu-west-1.compute.internal:49702/7 disconnected (2012-09-07 20:46:40)
TLC worker rmi://ip-10-240-23-50.eu-west-1.compute.internal:49702/7 disconnected (2012-09-07 20:46:40)
TLC worker rmi://ip-10-240-23-50.eu-west-1.compute.internal:49702/5 disconnected (2012-09-07 20:46:40)
TLC worker rmi://ip-10-240-23-50.eu-west-1.compute.internal:49702/5 disconnected (2012-09-07 20:46:40)
TLC worker rmi://ip-10-240-23-50.eu-west-1.compute.internal:49702/0 disconnected (2012-09-07 20:46:40)
TLC worker rmi://ip-10-240-23-50.eu-west-1.compute.internal:49702/0 disconnected (2012-09-07 20:46:40)
TLC worker rmi://ip-10-240-23-50.eu-west-1.compute.internal:49702/1 disconnected (2012-09-07 20:46:40)
TLC worker rmi://ip-10-240-23-50.eu-west-1.compute.internal:49702/1 disconnected (2012-09-07 20:46:40)
TLC worker rmi://ip-10-240-23-50.eu-west-1.compute.internal:49702/6 disconnected (2012-09-07 20:46:40)
TLC worker rmi://ip-10-240-23-50.eu-west-1.compute.internal:49702/6 disconnected (2012-09-07 20:46:40)
Progress(34) at 2012-09-07 20:47:07: 13903554 states generated (225,748 s/min), 12076028 distinct states found (193,875 ds/min), 1157172 states left on queue.
Progress(34) at 2012-09-07 20:48:07: 13903554 states generated (0 s/min), 12076028 distinct states found (0 ds/min), 1157172 states left on queue.
Registration for worker at rmi://ip-10-240-25-15.eu-west-1.compute.internal:51021/0 completed (2012-09-07 20:48:12)
Registration for worker at rmi://ip-10-240-25-15.eu-west-1.compute.internal:51021/7 completed (2012-09-07 20:48:12)
Registration for worker at rmi://ip-10-240-25-15.eu-west-1.compute.internal:51021/1 completed (2012-09-07 20:48:12)
Registration for worker at rmi://ip-10-240-25-15.eu-west-1.compute.internal:51021/6 completed (2012-09-07 20:48:12)
Registration for worker at rmi://ip-10-240-25-15.eu-west-1.compute.internal:51021/3 completed (2012-09-07 20:48:12)
Registration for worker at rmi://ip-10-240-25-15.eu-west-1.compute.internal:51021/2 completed (2012-09-07 20:48:12)
Registration for worker at rmi://ip-10-240-25-15.eu-west-1.compute.internal:51021/5 completed (2012-09-07 20:48:12)
Registration for worker at rmi://ip-10-240-25-15.eu-west-1.compute.internal:51021/4 completed (2012-09-07 20:48:12)
Registration for worker at rmi://ip-10-240-23-50.eu-west-1.compute.internal:49702/2 completed (2012-09-07 20:48:55)
Registration for worker at rmi://ip-10-240-23-50.eu-west-1.compute.internal:49702/0 completed (2012-09-07 20:48:55)
Registration for worker at rmi://ip-10-240-23-50.eu-west-1.compute.internal:49702/6 completed (2012-09-07 20:48:55)
Registration for worker at rmi://ip-10-240-23-50.eu-west-1.compute.internal:49702/3 completed (2012-09-07 20:48:55)
Registration for worker at rmi://ip-10-240-23-50.eu-west-1.compute.internal:49702/5 completed (2012-09-07 20:48:55)
Registration for worker at rmi://ip-10-240-23-50.eu-west-1.compute.internal:49702/7 completed (2012-09-07 20:48:55)
Registration for worker at rmi://ip-10-240-23-50.eu-west-1.compute.internal:49702/4 completed (2012-09-07 20:48:55)
Registration for worker at rmi://ip-10-240-23-50.eu-west-1.compute.internal:49702/1 completed (2012-09-07 20:48:55)
Progress(34) at 2012-09-07 20:49:07: 14155460 states generated (251,906 s/min), 12291778 distinct states found (215,750 ds/min), 1109774 states left on queue.
Progress(34) at 2012-09-07 20:50:07: 14847990 states generated (692,530 s/min), 12891806 distinct states found (600,028 ds/min), 1052225 states left on queue.
TLC worker rmi://ip-10-240-25-15.eu-west-1.compute.internal:51021/0 disconnected (2012-09-07 20:50:44)
TLC worker rmi://ip-10-240-25-15.eu-west-1.compute.internal:51021/0 disconnected (2012-09-07 20:50:44)
TLC worker rmi://ip-10-240-25-15.eu-west-1.compute.internal:51021/2 disconnected (2012-09-07 20:50:45)
TLC worker rmi://ip-10-240-25-15.eu-west-1.compute.internal:51021/2 disconnected (2012-09-07 20:50:45)
TLC worker rmi://ip-10-240-25-15.eu-west-1.compute.internal:51021/1 disconnected (2012-09-07 20:50:45)
TLC worker rmi://ip-10-240-25-15.eu-west-1.compute.internal:51021/1 disconnected (2012-09-07 20:50:45)
TLC worker rmi://ip-10-240-25-15.eu-west-1.compute.internal:51021/6 disconnected (2012-09-07 20:50:45)
TLC worker rmi://ip-10-240-25-15.eu-west-1.compute.internal:51021/6 disconnected (2012-09-07 20:50:45)
TLC worker rmi://ip-10-240-25-15.eu-west-1.compute.internal:51021/7 disconnected (2012-09-07 20:50:45)
TLC worker rmi://ip-10-240-25-15.eu-west-1.compute.internal:51021/7 disconnected (2012-09-07 20:50:45)
TLC worker rmi://ip-10-240-25-15.eu-west-1.compute.internal:51021/3 disconnected (2012-09-07 20:50:45)
TLC worker rmi://ip-10-240-25-15.eu-west-1.compute.internal:51021/3 disconnected (2012-09-07 20:50:45)
TLC worker rmi://ip-10-240-25-15.eu-west-1.compute.internal:51021/5 disconnected (2012-09-07 20:50:45)
TLC worker rmi://ip-10-240-25-15.eu-west-1.compute.internal:51021/5 disconnected (2012-09-07 20:50:45)
TLC worker rmi://ip-10-240-25-15.eu-west-1.compute.internal:51021/4 disconnected (2012-09-07 20:50:45)
TLC worker rmi://ip-10-240-25-15.eu-west-1.compute.internal:51021/4 disconnected (2012-09-07 20:50:45)
Progress(34) at 2012-09-07 20:51:07: 15304295 states generated (456,305 s/min), 13278167 distinct states found (386,361 ds/min), 978610 states left on queue.
Registration for worker at rmi://ip-10-240-25-15.eu-west-1.compute.internal:51021/5 completed (2012-09-07 20:51:25)
Registration for worker at rmi://ip-10-240-25-15.eu-west-1.compute.internal:51021/1 completed (2012-09-07 20:51:25)
Registration for worker at rmi://ip-10-240-25-15.eu-west-1.compute.internal:51021/2 completed (2012-09-07 20:51:25)
Registration for worker at rmi://ip-10-240-25-15.eu-west-1.compute.internal:51021/7 completed (2012-09-07 20:51:25)
Registration for worker at rmi://ip-10-240-25-15.eu-west-1.compute.internal:51021/6 completed (2012-09-07 20:51:25)
Registration for worker at rmi://ip-10-240-25-15.eu-west-1.compute.internal:51021/3 completed (2012-09-07 20:51:25)
Registration for worker at rmi://ip-10-240-25-15.eu-west-1.compute.internal:51021/4 completed (2012-09-07 20:51:25)
Registration for worker at rmi://ip-10-240-25-15.eu-west-1.compute.internal:51021/0 completed (2012-09-07 20:51:25)
TLC worker rmi://ip-10-240-23-50.eu-west-1.compute.internal:49702/7 disconnected (2012-09-07 20:51:48)
TLC worker rmi://ip-10-240-23-50.eu-west-1.compute.internal:49702/7 disconnected (2012-09-07 20:51:48)
Registration for worker at rmi://ip-10-240-23-50.eu-west-1.compute.internal:49702/1 completed (2012-09-07 20:51:48)
Registration for worker at rmi://ip-10-240-23-50.eu-west-1.compute.internal:49702/6 completed (2012-09-07 20:51:48)
Registration for worker at rmi://ip-10-240-23-50.eu-west-1.compute.internal:49702/2 completed (2012-09-07 20:51:48)
Registration for worker at rmi://ip-10-240-23-50.eu-west-1.compute.internal:49702/3 completed (2012-09-07 20:51:48)
Registration for worker at rmi://ip-10-240-23-50.eu-west-1.compute.internal:49702/0 completed (2012-09-07 20:51:48)
Registration for worker at rmi://ip-10-240-23-50.eu-west-1.compute.internal:49702/4 completed (2012-09-07 20:51:48)
Registration for worker at rmi://ip-10-240-23-50.eu-west-1.compute.internal:49702/7 completed (2012-09-07 20:51:48)
Registration for worker at rmi://ip-10-240-23-50.eu-west-1.compute.internal:49702/5 completed (2012-09-07 20:51:48)
TLC worker rmi://ip-10-240-23-50.eu-west-1.compute.internal:49702/2 disconnected (2012-09-07 20:51:49)
TLC worker rmi://ip-10-240-23-50.eu-west-1.compute.internal:49702/2 disconnected (2012-09-07 20:51:49)
TLC worker rmi://ip-10-240-23-50.eu-west-1.compute.internal:49702/0 disconnected (2012-09-07 20:51:49)
TLC worker rmi://ip-10-240-23-50.eu-west-1.compute.internal:49702/0 disconnected (2012-09-07 20:51:49)
TLC worker rmi://ip-10-240-23-50.eu-west-1.compute.internal:49702/3 disconnected (2012-09-07 20:51:49)
TLC worker rmi://ip-10-240-23-50.eu-west-1.compute.internal:49702/3 disconnected (2012-09-07 20:51:49)
TLC worker rmi://ip-10-240-23-50.eu-west-1.compute.internal:49702/1 disconnected (2012-09-07 20:51:49)
TLC worker rmi://ip-10-240-23-50.eu-west-1.compute.internal:49702/1 disconnected (2012-09-07 20:51:49)
TLC worker rmi://ip-10-240-23-50.eu-west-1.compute.internal:49702/6 disconnected (2012-09-07 20:51:49)
TLC worker rmi://ip-10-240-23-50.eu-west-1.compute.internal:49702/6 disconnected (2012-09-07 20:51:49)
TLC worker rmi://ip-10-240-23-50.eu-west-1.compute.internal:49702/5 disconnected (2012-09-07 20:51:49)
TLC worker rmi://ip-10-240-23-50.eu-west-1.compute.internal:49702/5 disconnected (2012-09-07 20:51:49)
TLC worker rmi://ip-10-240-23-50.eu-west-1.compute.internal:49702/4 disconnected (2012-09-07 20:51:49)
TLC worker rmi://ip-10-240-23-50.eu-west-1.compute.internal:49702/4 disconnected (2012-09-07 20:51:49)
Progress(37) at 2012-09-07 20:52:07: 15867707 states generated (563,412 s/min), 13758271 distinct states found (480,104 ds/min), 932788 states left on queue.
Progress(38) at 2012-09-07 20:53:07: 16537501 states generated (669,794 s/min), 14321535 distinct states found (563,264 ds/min), 839067 states left on queue.
TLC worker rmi://ip-10-240-25-15.eu-west-1.compute.internal:51021/2 disconnected (2012-09-07 20:53:52)
TLC worker rmi://ip-10-240-25-15.eu-west-1.compute.internal:51021/2 disconnected (2012-09-07 20:53:52)
TLC worker rmi://ip-10-240-25-15.eu-west-1.compute.internal:51021/0 disconnected (2012-09-07 20:53:52)
TLC worker rmi://ip-10-240-25-15.eu-west-1.compute.internal:51021/0 disconnected (2012-09-07 20:53:52)
TLC worker rmi://ip-10-240-25-15.eu-west-1.compute.internal:51021/6 disconnected (2012-09-07 20:53:52)
TLC worker rmi://ip-10-240-25-15.eu-west-1.compute.internal:51021/6 disconnected (2012-09-07 20:53:52)
TLC worker rmi://ip-10-240-25-15.eu-west-1.compute.internal:51021/1 disconnected (2012-09-07 20:53:52)
TLC worker rmi://ip-10-240-25-15.eu-west-1.compute.internal:51021/1 disconnected (2012-09-07 20:53:52)
TLC worker rmi://ip-10-240-25-15.eu-west-1.compute.internal:51021/7 disconnected (2012-09-07 20:53:52)
TLC worker rmi://ip-10-240-25-15.eu-west-1.compute.internal:51021/7 disconnected (2012-09-07 20:53:52)
TLC worker rmi://ip-10-240-25-15.eu-west-1.compute.internal:51021/4 disconnected (2012-09-07 20:53:52)
TLC worker rmi://ip-10-240-25-15.eu-west-1.compute.internal:51021/4 disconnected (2012-09-07 20:53:52)
TLC worker rmi://ip-10-240-25-15.eu-west-1.compute.internal:51021/5 disconnected (2012-09-07 20:53:52)
TLC worker rmi://ip-10-240-25-15.eu-west-1.compute.internal:51021/5 disconnected (2012-09-07 20:53:52)
TLC worker rmi://ip-10-240-25-15.eu-west-1.compute.internal:51021/3 disconnected (2012-09-07 20:53:53)
TLC worker rmi://ip-10-240-25-15.eu-west-1.compute.internal:51021/3 disconnected (2012-09-07 20:53:53)
TLC worker rmi://ip-10-240-23-50.eu-west-1.compute.internal:49702/7 disconnected (2012-09-07 20:53:57)
TLC worker rmi://ip-10-240-23-50.eu-west-1.compute.internal:49702/7 disconnected (2012-09-07 20:53:57)
TLC worker rmi://ip-10-240-23-50.eu-west-1.compute.internal:49702/4 disconnected (2012-09-07 20:53:57)
TLC worker rmi://ip-10-240-23-50.eu-west-1.compute.internal:49702/4 disconnected (2012-09-07 20:53:57)
TLC worker rmi://ip-10-240-23-50.eu-west-1.compute.internal:49702/0 disconnected (2012-09-07 20:53:57)
TLC worker rmi://ip-10-240-23-50.eu-west-1.compute.internal:49702/0 disconnected (2012-09-07 20:53:57)
TLC worker rmi://ip-10-240-23-50.eu-west-1.compute.internal:49702/5 disconnected (2012-09-07 20:53:57)
TLC worker rmi://ip-10-240-23-50.eu-west-1.compute.internal:49702/5 disconnected (2012-09-07 20:53:57)
TLC worker rmi://ip-10-240-23-50.eu-west-1.compute.internal:49702/3 disconnected (2012-09-07 20:53:57)
TLC worker rmi://ip-10-240-23-50.eu-west-1.compute.internal:49702/3 disconnected (2012-09-07 20:53:57)
TLC worker rmi://ip-10-240-23-50.eu-west-1.compute.internal:49702/6 disconnected (2012-09-07 20:53:57)
TLC worker rmi://ip-10-240-23-50.eu-west-1.compute.internal:49702/6 disconnected (2012-09-07 20:53:57)
TLC worker rmi://ip-10-240-23-50.eu-west-1.compute.internal:49702/1 disconnected (2012-09-07 20:53:58)
TLC worker rmi://ip-10-240-23-50.eu-west-1.compute.internal:49702/1 disconnected (2012-09-07 20:53:58)
TLC worker rmi://ip-10-240-23-50.eu-west-1.compute.internal:49702/2 disconnected (2012-09-07 20:53:58)
TLC worker rmi://ip-10-240-23-50.eu-west-1.compute.internal:49702/2 disconnected (2012-09-07 20:53:58)
Registration for worker at rmi://ip-10-240-25-15.eu-west-1.compute.internal:51021/0 completed (2012-09-07 20:54:05)
Registration for worker at rmi://ip-10-240-25-15.eu-west-1.compute.internal:51021/3 completed (2012-09-07 20:54:05)
Registration for worker at rmi://ip-10-240-25-15.eu-west-1.compute.internal:51021/2 completed (2012-09-07 20:54:05)
Registration for worker at rmi://ip-10-240-25-15.eu-west-1.compute.internal:51021/6 completed (2012-09-07 20:54:05)
Registration for worker at rmi://ip-10-240-25-15.eu-west-1.compute.internal:51021/7 completed (2012-09-07 20:54:05)
Registration for worker at rmi://ip-10-240-25-15.eu-west-1.compute.internal:51021/1 completed (2012-09-07 20:54:05)
Registration for worker at rmi://ip-10-240-25-15.eu-west-1.compute.internal:51021/5 completed (2012-09-07 20:54:05)
Registration for worker at rmi://ip-10-240-25-15.eu-west-1.compute.internal:51021/4 completed (2012-09-07 20:54:05)
Progress(38) at 2012-09-07 20:54:07: 17019900 states generated (482,399 s/min), 14728660 distinct states found (407,125 ds/min), 721124 states left on queue.
Progress(38) at 2012-09-07 20:55:07: 17295879 states generated (275,979 s/min), 14958580 distinct states found (229,920 ds/min), 688273 states left on queue.
TLC worker rmi://ip-10-240-25-15.eu-west-1.compute.internal:51021/2 disconnected (2012-09-07 20:56:01)
TLC worker rmi://ip-10-240-25-15.eu-west-1.compute.internal:51021/2 disconnected (2012-09-07 20:56:01)
TLC worker rmi://ip-10-240-25-15.eu-west-1.compute.internal:51021/3 disconnected (2012-09-07 20:56:01)
TLC worker rmi://ip-10-240-25-15.eu-west-1.compute.internal:51021/3 disconnected (2012-09-07 20:56:01)
TLC worker rmi://ip-10-240-25-15.eu-west-1.compute.internal:51021/5 disconnected (2012-09-07 20:56:01)
TLC worker rmi://ip-10-240-25-15.eu-west-1.compute.internal:51021/5 disconnected (2012-09-07 20:56:01)
TLC worker rmi://ip-10-240-25-15.eu-west-1.compute.internal:51021/4 disconnected (2012-09-07 20:56:01)
TLC worker rmi://ip-10-240-25-15.eu-west-1.compute.internal:51021/4 disconnected (2012-09-07 20:56:01)
TLC worker rmi://ip-10-240-25-15.eu-west-1.compute.internal:51021/0 disconnected (2012-09-07 20:56:02)
TLC worker rmi://ip-10-240-25-15.eu-west-1.compute.internal:51021/0 disconnected (2012-09-07 20:56:02)
TLC worker rmi://ip-10-240-25-15.eu-west-1.compute.internal:51021/7 disconnected (2012-09-07 20:56:02)
TLC worker rmi://ip-10-240-25-15.eu-west-1.compute.internal:51021/7 disconnected (2012-09-07 20:56:02)
TLC worker rmi://ip-10-240-25-15.eu-west-1.compute.internal:51021/1 disconnected (2012-09-07 20:56:02)
TLC worker rmi://ip-10-240-25-15.eu-west-1.compute.internal:51021/1 disconnected (2012-09-07 20:56:02)
TLC worker rmi://ip-10-240-25-15.eu-west-1.compute.internal:51021/6 disconnected (2012-09-07 20:56:02)
TLC worker rmi://ip-10-240-25-15.eu-west-1.compute.internal:51021/6 disconnected (2012-09-07 20:56:02)
Progress(38) at 2012-09-07 20:56:07: 17600888 states generated (305,009 s/min), 15211090 distinct states found (252,510 ds/min), 612636 states left on queue.
Registration for worker at rmi://ip-10-240-23-50.eu-west-1.compute.internal:49702/4 completed (2012-09-07 20:56:46)
Registration for worker at rmi://ip-10-240-23-50.eu-west-1.compute.internal:49702/3 completed (2012-09-07 20:56:46)
Registration for worker at rmi://ip-10-240-23-50.eu-west-1.compute.internal:49702/7 completed (2012-09-07 20:56:46)
Registration for worker at rmi://ip-10-240-23-50.eu-west-1.compute.internal:49702/5 completed (2012-09-07 20:56:46)
Registration for worker at rmi://ip-10-240-23-50.eu-west-1.compute.internal:49702/6 completed (2012-09-07 20:56:46)
Registration for worker at rmi://ip-10-240-23-50.eu-west-1.compute.internal:49702/2 completed (2012-09-07 20:56:46)
Registration for worker at rmi://ip-10-240-23-50.eu-west-1.compute.internal:49702/1 completed (2012-09-07 20:56:46)
Registration for worker at rmi://ip-10-240-23-50.eu-west-1.compute.internal:49702/0 completed (2012-09-07 20:56:46)
Progress(38) at 2012-09-07 20:57:07: 17665885 states generated (64,997 s/min), 15266614 distinct states found (55,524 ds/min), 602465 states left on queue.
TLC worker rmi://ip-10-240-23-50.eu-west-1.compute.internal:49702/4 disconnected (2012-09-07 20:57:38)
TLC worker rmi://ip-10-240-23-50.eu-west-1.compute.internal:49702/4 disconnected (2012-09-07 20:57:38)
TLC worker rmi://ip-10-240-23-50.eu-west-1.compute.internal:49702/3 disconnected (2012-09-07 20:57:38)
TLC worker rmi://ip-10-240-23-50.eu-west-1.compute.internal:49702/3 disconnected (2012-09-07 20:57:38)
TLC worker rmi://ip-10-240-23-50.eu-west-1.compute.internal:49702/7 disconnected (2012-09-07 20:57:38)
TLC worker rmi://ip-10-240-23-50.eu-west-1.compute.internal:49702/7 disconnected (2012-09-07 20:57:38)
TLC worker rmi://ip-10-240-23-50.eu-west-1.compute.internal:49702/2 disconnected (2012-09-07 20:57:38)
TLC worker rmi://ip-10-240-23-50.eu-west-1.compute.internal:49702/6 disconnected (2012-09-07 20:57:38)
TLC worker rmi://ip-10-240-23-50.eu-west-1.compute.internal:49702/2 disconnected (2012-09-07 20:57:38)
TLC worker rmi://ip-10-240-23-50.eu-west-1.compute.internal:49702/6 disconnected (2012-09-07 20:57:38)
TLC worker rmi://ip-10-240-23-50.eu-west-1.compute.internal:49702/5 disconnected (2012-09-07 20:57:38)
TLC worker rmi://ip-10-240-23-50.eu-west-1.compute.internal:49702/5 disconnected (2012-09-07 20:57:38)
TLC worker rmi://ip-10-240-23-50.eu-west-1.compute.internal:49702/0 disconnected (2012-09-07 20:57:38)
TLC worker rmi://ip-10-240-23-50.eu-west-1.compute.internal:49702/0 disconnected (2012-09-07 20:57:38)
TLC worker rmi://ip-10-240-23-50.eu-west-1.compute.internal:49702/1 disconnected (2012-09-07 20:57:38)
TLC worker rmi://ip-10-240-23-50.eu-west-1.compute.internal:49702/1 disconnected (2012-09-07 20:57:38)
Registration for worker at rmi://ip-10-240-25-15.eu-west-1.compute.internal:51021/5 completed (2012-09-07 20:58:00)
Registration for worker at rmi://ip-10-240-25-15.eu-west-1.compute.internal:51021/2 completed (2012-09-07 20:58:00)
Registration for worker at rmi://ip-10-240-25-15.eu-west-1.compute.internal:51021/7 completed (2012-09-07 20:58:00)
Registration for worker at rmi://ip-10-240-25-15.eu-west-1.compute.internal:51021/1 completed (2012-09-07 20:58:00)
Registration for worker at rmi://ip-10-240-25-15.eu-west-1.compute.internal:51021/3 completed (2012-09-07 20:58:00)
Registration for worker at rmi://ip-10-240-25-15.eu-west-1.compute.internal:51021/6 completed (2012-09-07 20:58:00)
Registration for worker at rmi://ip-10-240-25-15.eu-west-1.compute.internal:51021/0 completed (2012-09-07 20:58:00)
Registration for worker at rmi://ip-10-240-25-15.eu-west-1.compute.internal:51021/4 completed (2012-09-07 20:58:00)
Progress(40) at 2012-09-07 20:58:07: 17854325 states generated (188,440 s/min), 15421782 distinct states found (155,168 ds/min), 560804 states left on queue.
Progress(40) at 2012-09-07 20:59:07: 18154191 states generated (299,866 s/min), 15670633 distinct states found (248,851 ds/min), 481419 states left on queue.
Registration for worker at rmi://ip-10-240-23-50.eu-west-1.compute.internal:49702/6 completed (2012-09-07 20:59:20)
Registration for worker at rmi://ip-10-240-23-50.eu-west-1.compute.internal:49702/0 completed (2012-09-07 20:59:20)
Registration for worker at rmi://ip-10-240-23-50.eu-west-1.compute.internal:49702/7 completed (2012-09-07 20:59:20)
Registration for worker at rmi://ip-10-240-23-50.eu-west-1.compute.internal:49702/5 completed (2012-09-07 20:59:20)
Registration for worker at rmi://ip-10-240-23-50.eu-west-1.compute.internal:49702/4 completed (2012-09-07 20:59:20)
Registration for worker at rmi://ip-10-240-23-50.eu-west-1.compute.internal:49702/2 completed (2012-09-07 20:59:20)
Registration for worker at rmi://ip-10-240-23-50.eu-west-1.compute.internal:49702/3 completed (2012-09-07 20:59:20)
Registration for worker at rmi://ip-10-240-23-50.eu-west-1.compute.internal:49702/1 completed (2012-09-07 20:59:20)
TLC worker rmi://ip-10-240-25-15.eu-west-1.compute.internal:51021/7 disconnected (2012-09-07 21:00:03)
TLC worker rmi://ip-10-240-25-15.eu-west-1.compute.internal:51021/7 disconnected (2012-09-07 21:00:03)
TLC worker rmi://ip-10-240-25-15.eu-west-1.compute.internal:51021/5 disconnected (2012-09-07 21:00:03)
TLC worker rmi://ip-10-240-25-15.eu-west-1.compute.internal:51021/5 disconnected (2012-09-07 21:00:03)
TLC worker rmi://ip-10-240-25-15.eu-west-1.compute.internal:51021/3 disconnected (2012-09-07 21:00:03)
TLC worker rmi://ip-10-240-25-15.eu-west-1.compute.internal:51021/3 disconnected (2012-09-07 21:00:03)
TLC worker rmi://ip-10-240-25-15.eu-west-1.compute.internal:51021/2 disconnected (2012-09-07 21:00:03)
TLC worker rmi://ip-10-240-25-15.eu-west-1.compute.internal:51021/2 disconnected (2012-09-07 21:00:03)
TLC worker rmi://ip-10-240-25-15.eu-west-1.compute.internal:51021/4 disconnected (2012-09-07 21:00:03)
TLC worker rmi://ip-10-240-25-15.eu-west-1.compute.internal:51021/4 disconnected (2012-09-07 21:00:03)
TLC worker rmi://ip-10-240-25-15.eu-west-1.compute.internal:51021/1 disconnected (2012-09-07 21:00:04)
TLC worker rmi://ip-10-240-25-15.eu-west-1.compute.internal:51021/1 disconnected (2012-09-07 21:00:04)
TLC worker rmi://ip-10-240-25-15.eu-west-1.compute.internal:51021/6 disconnected (2012-09-07 21:00:04)
TLC worker rmi://ip-10-240-25-15.eu-west-1.compute.internal:51021/6 disconnected (2012-09-07 21:00:04)
TLC worker rmi://ip-10-240-25-15.eu-west-1.compute.internal:51021/0 disconnected (2012-09-07 21:00:04)
TLC worker rmi://ip-10-240-25-15.eu-west-1.compute.internal:51021/0 disconnected (2012-09-07 21:00:04)
Progress(40) at 2012-09-07 21:00:07: 18630932 states generated (476,741 s/min), 16061139 distinct states found (390,506 ds/min), 347163 states left on queue.
Progress(40) at 2012-09-07 21:01:07: 18869632 states generated (238,700 s/min), 16254395 distinct states found (193,256 ds/min), 278067 states left on queue.
Registration for worker at rmi://ip-10-240-25-15.eu-west-1.compute.internal:51021/0 completed (2012-09-07 21:01:50)
Registration for worker at rmi://ip-10-240-25-15.eu-west-1.compute.internal:51021/1 completed (2012-09-07 21:01:50)
Registration for worker at rmi://ip-10-240-25-15.eu-west-1.compute.internal:51021/3 completed (2012-09-07 21:01:50)
Registration for worker at rmi://ip-10-240-25-15.eu-west-1.compute.internal:51021/7 completed (2012-09-07 21:01:50)
Registration for worker at rmi://ip-10-240-25-15.eu-west-1.compute.internal:51021/2 completed (2012-09-07 21:01:50)
Registration for worker at rmi://ip-10-240-25-15.eu-west-1.compute.internal:51021/6 completed (2012-09-07 21:01:50)
Registration for worker at rmi://ip-10-240-25-15.eu-west-1.compute.internal:51021/4 completed (2012-09-07 21:01:50)
Registration for worker at rmi://ip-10-240-25-15.eu-west-1.compute.internal:51021/5 completed (2012-09-07 21:01:50)
Progress(45) at 2012-09-07 21:02:07: 19227641 states generated (358,009 s/min), 16539228 distinct states found (284,833 ds/min), 169507 states left on queue.
TLC worker rmi://ip-10-240-23-50.eu-west-1.compute.internal:49702/4 disconnected (2012-09-07 21:02:13)
TLC worker rmi://ip-10-240-23-50.eu-west-1.compute.internal:49702/4 disconnected (2012-09-07 21:02:13)
TLC worker rmi://ip-10-240-23-50.eu-west-1.compute.internal:49702/7 disconnected (2012-09-07 21:02:13)
TLC worker rmi://ip-10-240-23-50.eu-west-1.compute.internal:49702/7 disconnected (2012-09-07 21:02:13)
TLC worker rmi://ip-10-240-23-50.eu-west-1.compute.internal:49702/5 disconnected (2012-09-07 21:02:13)
TLC worker rmi://ip-10-240-23-50.eu-west-1.compute.internal:49702/5 disconnected (2012-09-07 21:02:13)
TLC worker rmi://ip-10-240-23-50.eu-west-1.compute.internal:49702/2 disconnected (2012-09-07 21:02:14)
TLC worker rmi://ip-10-240-23-50.eu-west-1.compute.internal:49702/2 disconnected (2012-09-07 21:02:14)
TLC worker rmi://ip-10-240-23-50.eu-west-1.compute.internal:49702/3 disconnected (2012-09-07 21:02:14)
TLC worker rmi://ip-10-240-23-50.eu-west-1.compute.internal:49702/3 disconnected (2012-09-07 21:02:14)
TLC worker rmi://ip-10-240-23-50.eu-west-1.compute.internal:49702/6 disconnected (2012-09-07 21:02:14)
TLC worker rmi://ip-10-240-23-50.eu-west-1.compute.internal:49702/6 disconnected (2012-09-07 21:02:14)
TLC worker rmi://ip-10-240-23-50.eu-west-1.compute.internal:49702/0 disconnected (2012-09-07 21:02:15)
TLC worker rmi://ip-10-240-23-50.eu-west-1.compute.internal:49702/0 disconnected (2012-09-07 21:02:15)
TLC worker rmi://ip-10-240-23-50.eu-west-1.compute.internal:49702/1 disconnected (2012-09-07 21:02:15)
TLC worker rmi://ip-10-240-23-50.eu-west-1.compute.internal:49702/1 disconnected (2012-09-07 21:02:15)
Registration for worker at rmi://ip-10-240-23-50.eu-west-1.compute.internal:49702/6 completed (2012-09-07 21:02:31)
Registration for worker at rmi://ip-10-240-23-50.eu-west-1.compute.internal:49702/5 completed (2012-09-07 21:02:31)
Registration for worker at rmi://ip-10-240-23-50.eu-west-1.compute.internal:49702/4 completed (2012-09-07 21:02:31)
Registration for worker at rmi://ip-10-240-23-50.eu-west-1.compute.internal:49702/7 completed (2012-09-07 21:02:31)
Registration for worker at rmi://ip-10-240-23-50.eu-west-1.compute.internal:49702/3 completed (2012-09-07 21:02:31)
Registration for worker at rmi://ip-10-240-23-50.eu-west-1.compute.internal:49702/1 completed (2012-09-07 21:02:31)
Registration for worker at rmi://ip-10-240-23-50.eu-west-1.compute.internal:49702/0 completed (2012-09-07 21:02:31)
Registration for worker at rmi://ip-10-240-23-50.eu-west-1.compute.internal:49702/2 completed (2012-09-07 21:02:31)
TLC worker rmi://ip-10-240-23-50.eu-west-1.compute.internal:49702/1 disconnected (2012-09-07 21:02:43)
TLC worker rmi://ip-10-240-23-50.eu-west-1.compute.internal:49702/1 disconnected (2012-09-07 21:02:43)
TLC worker rmi://ip-10-240-23-50.eu-west-1.compute.internal:49702/3 disconnected (2012-09-07 21:02:43)
TLC worker rmi://ip-10-240-23-50.eu-west-1.compute.internal:49702/3 disconnected (2012-09-07 21:02:43)
TLC worker rmi://ip-10-240-23-50.eu-west-1.compute.internal:49702/7 disconnected (2012-09-07 21:02:43)
TLC worker rmi://ip-10-240-23-50.eu-west-1.compute.internal:49702/7 disconnected (2012-09-07 21:02:43)
TLC worker rmi://ip-10-240-23-50.eu-west-1.compute.internal:49702/6 disconnected (2012-09-07 21:02:44)
TLC worker rmi://ip-10-240-23-50.eu-west-1.compute.internal:49702/6 disconnected (2012-09-07 21:02:44)
TLC worker rmi://ip-10-240-23-50.eu-west-1.compute.internal:49702/5 disconnected (2012-09-07 21:02:44)
TLC worker rmi://ip-10-240-23-50.eu-west-1.compute.internal:49702/5 disconnected (2012-09-07 21:02:44)
TLC worker rmi://ip-10-240-23-50.eu-west-1.compute.internal:49702/4 disconnected (2012-09-07 21:02:44)
TLC worker rmi://ip-10-240-23-50.eu-west-1.compute.internal:49702/4 disconnected (2012-09-07 21:02:44)
TLC worker rmi://ip-10-240-23-50.eu-west-1.compute.internal:49702/2 disconnected (2012-09-07 21:02:45)
TLC worker rmi://ip-10-240-23-50.eu-west-1.compute.internal:49702/2 disconnected (2012-09-07 21:02:45)
TLC worker rmi://ip-10-240-23-50.eu-west-1.compute.internal:49702/0 disconnected (2012-09-07 21:02:45)
TLC worker rmi://ip-10-240-23-50.eu-west-1.compute.internal:49702/0 disconnected (2012-09-07 21:02:45)
Worker: rmi://ip-10-240-25-15.eu-west-1.compute.internal:51021/2 Sent: 43449 Rcvd: 35090 CacheRatio: 0.029 (2012-09-07 21:02:57)
Worker: rmi://ip-10-240-25-15.eu-west-1.compute.internal:51021/0 Sent: 45442 Rcvd: 29697 CacheRatio: 0.040 (2012-09-07 21:02:57)
Worker: rmi://ip-10-240-25-15.eu-west-1.compute.internal:51021/7 Sent: 44582 Rcvd: 49675 CacheRatio: 0.031 (2012-09-07 21:02:57)
Worker: rmi://ip-10-240-25-15.eu-west-1.compute.internal:51021/5 Sent: 42495 Rcvd: 60256 CacheRatio: 0.030 (2012-09-07 21:02:57)
Worker: rmi://ip-10-240-25-15.eu-west-1.compute.internal:51021/1 Sent: 44930 Rcvd: 40505 CacheRatio: 0.035 (2012-09-07 21:02:57)
Worker: rmi://ip-10-240-25-15.eu-west-1.compute.internal:51021/3 Sent: 43096 Rcvd: 32680 CacheRatio: 0.029 (2012-09-07 21:02:57)
Worker: rmi://ip-10-240-25-15.eu-west-1.compute.internal:51021/4 Sent: 44198 Rcvd: 39422 CacheRatio: 0.032 (2012-09-07 21:02:57)
Worker: rmi://ip-10-240-25-15.eu-west-1.compute.internal:51021/6 Sent: 44000 Rcvd: 51543 CacheRatio: 0.032 (2012-09-07 21:02:57)
Model checking completed. No error has been found.
  Estimates of the probability that TLC did not check all reachable states
  because two distinct states had the same fingerprint:
  calculated (optimistic):  val = 0.0
  based on the actual fingerprints:  val = 7.9E-11
19583178 states generated, 16777216 distinct states found, 0 states left on queue.
The depth of the complete state graph search is 45.
Finished. (2012-09-07 21:03:14)
ip-10-240-21-161, work completed. Thank you!
