Listening for transport dt_socket at address: 1044
TLC Server Version 2.05 of 18 May 2012
Parsing file /mnt/tlc/2323/spec/l10_n8.tla
Parsing file /mnt/tlc/2323/spec/GridPerformanceTest.tla
Parsing file /mnt/tlc/2323/tla/tla2sany/StandardModules/TLC.tla
Parsing file /mnt/tlc/2323/tla/tla2sany/StandardModules/Integers.tla
Parsing file /mnt/tlc/2323/tla/tla2sany/StandardModules/FiniteSets.tla
Parsing file /mnt/tlc/2323/tla/tla2sany/StandardModules/Naturals.tla
Parsing file /mnt/tlc/2323/tla/tla2sany/StandardModules/Sequences.tla
Semantic processing of module Naturals
Semantic processing of module Integers
Semantic processing of module Sequences
Semantic processing of module FiniteSets
Semantic processing of module GridPerformanceTest
Semantic processing of module TLC
Semantic processing of module l10_n8
Starting... (2012-09-06 15:26:48)
Computing initial states...
Finished computing initial states: 1 distinct state(s) generated.
TLC server at ip-10-31-138-33 is ready (2012-09-06 15:26:49)
Registration for worker at rmi://ip-10-31-137-105.ec2.internal:35055 completed (2012-09-06 15:27:32)
Registration for worker at rmi://ip-10-157-10-152.ec2.internal:39044 completed (2012-09-06 15:27:32)
Registration for worker at rmi://ip-10-157-10-152.ec2.internal:39044 completed (2012-09-06 15:27:32)
Registration for worker at rmi://ip-10-157-10-152.ec2.internal:39044 completed (2012-09-06 15:27:32)
Registration for worker at rmi://ip-10-157-10-152.ec2.internal:39044 completed (2012-09-06 15:27:32)
Registration for worker at rmi://ip-10-157-10-152.ec2.internal:39044 completed (2012-09-06 15:27:32)
Registration for worker at rmi://ip-10-31-137-105.ec2.internal:35055 completed (2012-09-06 15:27:32)
Registration for worker at rmi://ip-10-157-10-152.ec2.internal:39044 completed (2012-09-06 15:27:32)
Registration for worker at rmi://ip-10-157-10-152.ec2.internal:39044 completed (2012-09-06 15:27:32)
Registration for worker at rmi://ip-10-31-137-105.ec2.internal:35055 completed (2012-09-06 15:27:32)
Registration for worker at rmi://ip-10-31-137-105.ec2.internal:35055 completed (2012-09-06 15:27:32)
Registration for worker at rmi://ip-10-157-10-152.ec2.internal:39044 completed (2012-09-06 15:27:32)
Registration for worker at rmi://ip-10-31-137-105.ec2.internal:35055 completed (2012-09-06 15:27:32)
Registration for worker at rmi://ip-10-31-137-105.ec2.internal:35055 completed (2012-09-06 15:27:32)
Registration for worker at rmi://ip-10-31-137-105.ec2.internal:35055 completed (2012-09-06 15:27:32)
Registration for worker at rmi://ip-10-31-137-105.ec2.internal:35055 completed (2012-09-06 15:27:32)
Progress(17) at 2012-09-06 15:28:32: 2846174 states generated (2,846,174 s/min), 941795 distinct states found (941,795 ds/min), 367422 states left on queue.
Progress(20) at 2012-09-06 15:29:32: 7137605 states generated (4,291,431 s/min), 1914006 distinct states found (972,211 ds/min), 625670 states left on queue.
Progress(28) at 2012-09-06 15:30:32: 10847586 states generated (3,709,981 s/min), 2701785 distinct states found (787,779 ds/min), 814876 states left on queue.
Progress(28) at 2012-09-06 15:31:32: 15078657 states generated (4,231,071 s/min), 3541100 distinct states found (839,315 ds/min), 980198 states left on queue.
Progress(28) at 2012-09-06 15:32:32: 19451715 states generated (4,373,058 s/min), 4354570 distinct states found (813,470 ds/min), 1102902 states left on queue.
Progress(28) at 2012-09-06 15:33:32: 23715563 states generated (4,263,848 s/min), 5133219 distinct states found (778,649 ds/min), 1215063 states left on queue.
Progress(31) at 2012-09-06 15:34:32: 28058303 states generated (4,342,740 s/min), 5900060 distinct states found (766,841 ds/min), 1298905 states left on queue.
Progress(33) at 2012-09-06 15:35:32: 32067480 states generated (4,009,177 s/min), 6587642 distinct states found (687,582 ds/min), 1360944 states left on queue.
Progress(33) at 2012-09-06 15:36:32: 36217238 states generated (4,149,758 s/min), 7274935 distinct states found (687,293 ds/min), 1397823 states left on queue.
Progress(34) at 2012-09-06 15:37:32: 40681357 states generated (4,464,119 s/min), 8004203 distinct states found (729,268 ds/min), 1435415 states left on queue.
Progress(35) at 2012-09-06 15:38:32: 45085617 states generated (4,404,260 s/min), 8701632 distinct states found (697,429 ds/min), 1441275 states left on queue.
Progress(36) at 2012-09-06 15:39:32: 49300832 states generated (4,215,215 s/min), 9371839 distinct states found (670,207 ds/min), 1452786 states left on queue.
Progress(36) at 2012-09-06 15:40:32: 52811743 states generated (3,510,911 s/min), 9911674 distinct states found (539,835 ds/min), 1437171 states left on queue.
Progress(36) at 2012-09-06 15:41:32: 57105970 states generated (4,294,227 s/min), 10547219 distinct states found (635,545 ds/min), 1406933 states left on queue.
Progress(37) at 2012-09-06 15:42:32: 61462622 states generated (4,356,652 s/min), 11199136 distinct states found (651,917 ds/min), 1367585 states left on queue.
Progress(38) at 2012-09-06 15:43:32: 65668965 states generated (4,206,343 s/min), 11808003 distinct states found (608,867 ds/min), 1318159 states left on queue.
Progress(38) at 2012-09-06 15:44:32: 69904854 states generated (4,235,889 s/min), 12405735 distinct states found (597,732 ds/min), 1249552 states left on queue.
Progress(38) at 2012-09-06 15:45:32: 73768301 states generated (3,863,447 s/min), 12951270 distinct states found (545,535 ds/min), 1178546 states left on queue.
Progress(38) at 2012-09-06 15:46:32: 77941646 states generated (4,173,345 s/min), 13516189 distinct states found (564,919 ds/min), 1077659 states left on queue.
Progress(39) at 2012-09-06 15:47:32: 82230513 states generated (4,288,867 s/min), 14092140 distinct states found (575,951 ds/min), 979936 states left on queue.
Progress(39) at 2012-09-06 15:48:32: 86368726 states generated (4,138,213 s/min), 14623528 distinct states found (531,388 ds/min), 854238 states left on queue.
Progress(39) at 2012-09-06 15:49:32: 90616410 states generated (4,247,684 s/min), 15159428 distinct states found (535,900 ds/min), 708712 states left on queue.
Progress(39) at 2012-09-06 15:50:32: 94171858 states generated (3,555,448 s/min), 15599339 distinct states found (439,911 ds/min), 574243 states left on queue.
Progress(44) at 2012-09-06 15:51:32: 98204412 states generated (4,032,554 s/min), 16077268 distinct states found (477,929 ds/min), 396011 states left on queue.
Progress(44) at 2012-09-06 15:52:32: 102159030 states generated (3,954,618 s/min), 16525944 distinct states found (448,676 ds/min), 188930 states left on queue.
Worker: rmi://ip-10-157-10-152.ec2.internal:39044 Sent: 1031443 Rcvd: 479166 CacheRatio: 0.018 (2012-09-06 15:53:07)
Worker: rmi://ip-10-31-137-105.ec2.internal:35055 Sent: 1064861 Rcvd: 662569 CacheRatio: 0.018 (2012-09-06 15:53:07)
Worker: rmi://ip-10-157-10-152.ec2.internal:39044 Sent: 1030475 Rcvd: 500017 CacheRatio: 0.017 (2012-09-06 15:53:07)
Worker: rmi://ip-10-157-10-152.ec2.internal:39044 Sent: 1032417 Rcvd: 473600 CacheRatio: 0.018 (2012-09-06 15:53:07)
Worker: rmi://ip-10-157-10-152.ec2.internal:39044 Sent: 1032658 Rcvd: 450276 CacheRatio: 0.018 (2012-09-06 15:53:07)
Worker: rmi://ip-10-157-10-152.ec2.internal:39044 Sent: 1033065 Rcvd: 444779 CacheRatio: 0.018 (2012-09-06 15:53:07)
Worker: rmi://ip-10-31-137-105.ec2.internal:35055 Sent: 1064509 Rcvd: 619604 CacheRatio: 0.018 (2012-09-06 15:53:07)
Worker: rmi://ip-10-31-137-105.ec2.internal:35055 Sent: 1067123 Rcvd: 629293 CacheRatio: 0.018 (2012-09-06 15:53:07)
Worker: rmi://ip-10-31-137-105.ec2.internal:35055 Sent: 1065888 Rcvd: 618264 CacheRatio: 0.018 (2012-09-06 15:53:07)
Worker: rmi://ip-10-157-10-152.ec2.internal:39044 Sent: 1030699 Rcvd: 445565 CacheRatio: 0.017 (2012-09-06 15:53:07)
Worker: rmi://ip-10-31-137-105.ec2.internal:35055 Sent: 1065628 Rcvd: 645957 CacheRatio: 0.017 (2012-09-06 15:53:07)
Worker: rmi://ip-10-31-137-105.ec2.internal:35055 Sent: 1065115 Rcvd: 622079 CacheRatio: 0.017 (2012-09-06 15:53:07)
Worker: rmi://ip-10-157-10-152.ec2.internal:39044 Sent: 1032083 Rcvd: 453302 CacheRatio: 0.017 (2012-09-06 15:53:07)
Worker: rmi://ip-10-31-137-105.ec2.internal:35055 Sent: 1064014 Rcvd: 636612 CacheRatio: 0.018 (2012-09-06 15:53:07)
Worker: rmi://ip-10-31-137-105.ec2.internal:35055 Sent: 1064793 Rcvd: 625842 CacheRatio: 0.019 (2012-09-06 15:53:07)
Worker: rmi://ip-10-157-10-152.ec2.internal:39044 Sent: 1032445 Rcvd: 443524 CacheRatio: 0.018 (2012-09-06 15:53:07)
Model checking completed. No error has been found.
  Estimates of the probability that TLC did not check all reachable states
  because two distinct states had the same fingerprint:
  calculated (optimistic):  val = 7.8E-5
  based on the actual fingerprints:  val = 6.2E-11
102520267 states generated, 16777216 distinct states found, 0 states left on queue.
The depth of the complete state graph search is 50.
Finished. (2012-09-06 15:53:31)
