Listening for transport dt_socket at address: 1044
TLC Server Version 2.05 of 18 May 2012
Parsing file /mnt/tlc/2989/spec/l10_n8.tla
Parsing file /mnt/tlc/2989/spec/GridPerformanceTest.tla
Parsing file /mnt/tlc/2989/tla/tla2sany/StandardModules/TLC.tla
Parsing file /mnt/tlc/2989/tla/tla2sany/StandardModules/Integers.tla
Parsing file /mnt/tlc/2989/tla/tla2sany/StandardModules/FiniteSets.tla
Parsing file /mnt/tlc/2989/tla/tla2sany/StandardModules/Naturals.tla
Parsing file /mnt/tlc/2989/tla/tla2sany/StandardModules/Sequences.tla
Semantic processing of module Naturals
Semantic processing of module Integers
Semantic processing of module Sequences
Semantic processing of module FiniteSets
Semantic processing of module GridPerformanceTest
Semantic processing of module TLC
Semantic processing of module l10_n8
Starting... (2012-09-06 19:57:09)
Computing initial states...
Finished computing initial states: 1 distinct state(s) generated.
TLC server at ip-10-32-17-45 is ready (2012-09-06 19:57:45)
Registration for worker at rmi://ip-10-32-17-102.eu-west-1.compute.internal:40404 completed (2012-09-06 19:58:00)
Registration for worker at rmi://ip-10-32-17-102.eu-west-1.compute.internal:40404 completed (2012-09-06 19:58:00)
Registration for worker at rmi://ip-10-32-17-102.eu-west-1.compute.internal:40404 completed (2012-09-06 19:58:00)
Registration for worker at rmi://ip-10-32-17-102.eu-west-1.compute.internal:40404 completed (2012-09-06 19:58:00)
Registration for worker at rmi://ip-10-32-17-102.eu-west-1.compute.internal:40404 completed (2012-09-06 19:58:00)
Registration for worker at rmi://ip-10-32-17-102.eu-west-1.compute.internal:40404 completed (2012-09-06 19:58:00)
Registration for worker at rmi://ip-10-32-17-102.eu-west-1.compute.internal:40404 completed (2012-09-06 19:58:00)
Registration for worker at rmi://ip-10-32-17-102.eu-west-1.compute.internal:40404 completed (2012-09-06 19:58:00)
Registration for worker at rmi://ip-10-32-16-152.eu-west-1.compute.internal:43677 completed (2012-09-06 19:58:00)
Registration for worker at rmi://ip-10-32-16-152.eu-west-1.compute.internal:43677 completed (2012-09-06 19:58:00)
Registration for worker at rmi://ip-10-32-16-152.eu-west-1.compute.internal:43677 completed (2012-09-06 19:58:00)
Registration for worker at rmi://ip-10-32-16-152.eu-west-1.compute.internal:43677 completed (2012-09-06 19:58:00)
Registration for worker at rmi://ip-10-32-16-152.eu-west-1.compute.internal:43677 completed (2012-09-06 19:58:00)
Registration for worker at rmi://ip-10-32-16-152.eu-west-1.compute.internal:43677 completed (2012-09-06 19:58:00)
Registration for worker at rmi://ip-10-32-16-152.eu-west-1.compute.internal:43677 completed (2012-09-06 19:58:00)
Registration for worker at rmi://ip-10-32-16-152.eu-west-1.compute.internal:43677 completed (2012-09-06 19:58:00)
TLC worker rmi://ip-10-32-17-102.eu-west-1.compute.internal:40404 disconnected (2012-09-06 19:58:09)
TLC worker rmi://ip-10-32-17-102.eu-west-1.compute.internal:40404 disconnected (2012-09-06 19:58:09)
TLC worker rmi://ip-10-32-17-102.eu-west-1.compute.internal:40404 disconnected (2012-09-06 19:58:10)
TLC worker rmi://ip-10-32-17-102.eu-west-1.compute.internal:40404 disconnected (2012-09-06 19:58:10)
TLC worker rmi://ip-10-32-17-102.eu-west-1.compute.internal:40404 disconnected (2012-09-06 19:58:11)
TLC worker rmi://ip-10-32-17-102.eu-west-1.compute.internal:40404 disconnected (2012-09-06 19:58:11)
TLC worker rmi://ip-10-32-17-102.eu-west-1.compute.internal:40404 disconnected (2012-09-06 19:58:11)
TLC worker rmi://ip-10-32-17-102.eu-west-1.compute.internal:40404 disconnected (2012-09-06 19:58:11)
TLC worker rmi://ip-10-32-17-102.eu-west-1.compute.internal:40404 disconnected (2012-09-06 19:58:11)
TLC worker rmi://ip-10-32-17-102.eu-west-1.compute.internal:40404 disconnected (2012-09-06 19:58:11)
TLC worker rmi://ip-10-32-17-102.eu-west-1.compute.internal:40404 disconnected (2012-09-06 19:58:11)
TLC worker rmi://ip-10-32-17-102.eu-west-1.compute.internal:40404 disconnected (2012-09-06 19:58:11)
TLC worker rmi://ip-10-32-17-102.eu-west-1.compute.internal:40404 disconnected (2012-09-06 19:58:12)
TLC worker rmi://ip-10-32-17-102.eu-west-1.compute.internal:40404 disconnected (2012-09-06 19:58:12)
TLC worker rmi://ip-10-32-17-102.eu-west-1.compute.internal:40404 disconnected (2012-09-06 19:58:14)
TLC worker rmi://ip-10-32-17-102.eu-west-1.compute.internal:40404 disconnected (2012-09-06 19:58:14)
Progress(16) at 2012-09-06 19:58:45: 525491 states generated (525,491 s/min), 414080 distinct states found (414,080 ds/min), 179227 states left on queue.
Progress(16) at 2012-09-06 19:59:45: 1079631 states generated (554,140 s/min), 900971 distinct states found (486,891 ds/min), 338121 states left on queue.
Registration for worker at rmi://ip-10-32-17-102.eu-west-1.compute.internal:40404 completed (2012-09-06 19:59:56)
Registration for worker at rmi://ip-10-32-17-102.eu-west-1.compute.internal:40404 completed (2012-09-06 19:59:56)
Registration for worker at rmi://ip-10-32-17-102.eu-west-1.compute.internal:40404 completed (2012-09-06 19:59:56)
Registration for worker at rmi://ip-10-32-17-102.eu-west-1.compute.internal:40404 completed (2012-09-06 19:59:56)
Registration for worker at rmi://ip-10-32-17-102.eu-west-1.compute.internal:40404 completed (2012-09-06 19:59:56)
Registration for worker at rmi://ip-10-32-17-102.eu-west-1.compute.internal:40404 completed (2012-09-06 19:59:56)
Registration for worker at rmi://ip-10-32-17-102.eu-west-1.compute.internal:40404 completed (2012-09-06 19:59:56)
Registration for worker at rmi://ip-10-32-17-102.eu-west-1.compute.internal:40404 completed (2012-09-06 19:59:56)
TLC worker rmi://ip-10-32-16-152.eu-west-1.compute.internal:43677 disconnected (2012-09-06 20:00:36)
TLC worker rmi://ip-10-32-16-152.eu-west-1.compute.internal:43677 disconnected (2012-09-06 20:00:36)
TLC worker rmi://ip-10-32-16-152.eu-west-1.compute.internal:43677 disconnected (2012-09-06 20:00:37)
TLC worker rmi://ip-10-32-16-152.eu-west-1.compute.internal:43677 disconnected (2012-09-06 20:00:37)
TLC worker rmi://ip-10-32-16-152.eu-west-1.compute.internal:43677 disconnected (2012-09-06 20:00:39)
TLC worker rmi://ip-10-32-16-152.eu-west-1.compute.internal:43677 disconnected (2012-09-06 20:00:39)
TLC worker rmi://ip-10-32-16-152.eu-west-1.compute.internal:43677 disconnected (2012-09-06 20:00:40)
TLC worker rmi://ip-10-32-16-152.eu-west-1.compute.internal:43677 disconnected (2012-09-06 20:00:40)
TLC worker rmi://ip-10-32-16-152.eu-west-1.compute.internal:43677 disconnected (2012-09-06 20:00:40)
TLC worker rmi://ip-10-32-16-152.eu-west-1.compute.internal:43677 disconnected (2012-09-06 20:00:40)
TLC worker rmi://ip-10-32-16-152.eu-west-1.compute.internal:43677 disconnected (2012-09-06 20:00:42)
TLC worker rmi://ip-10-32-16-152.eu-west-1.compute.internal:43677 disconnected (2012-09-06 20:00:42)
TLC worker rmi://ip-10-32-16-152.eu-west-1.compute.internal:43677 disconnected (2012-09-06 20:00:44)
TLC worker rmi://ip-10-32-16-152.eu-west-1.compute.internal:43677 disconnected (2012-09-06 20:00:44)
Error: TLC threw an unexpected exception.
This was probably caused by an error in the spec or model.
See the TLC Console for clues to what happened.
The exception was a java.rmi.NoSuchObjectException: no such object in tablejava.rmi.NoSuchObjectException: no such object in table
	at sun.rmi.transport.StreamRemoteCall.exceptionReceivedFromServer(Unknown Source)
	at sun.rmi.transport.StreamRemoteCall.executeCall(Unknown Source)
	at sun.rmi.server.UnicastRef.invoke(Unknown Source)
	at java.rmi.server.RemoteObjectInvocationHandler.invokeRemoteMethod(Unknown Source)
	at java.rmi.server.RemoteObjectInvocationHandler.invoke(Unknown Source)
	at $Proxy2.getCacheRate(Unknown Source)
	at tlc2.tool.distributed.TLCServer.getStatesComputed(TLCServer.java:633)
	at tlc2.tool.distributed.TLCServer.modelCheck(TLCServer.java:488)
	at tlc2.tool.distributed.TLCServer.main(TLCServer.java:688)

ip-10-32-17-45, work completed. Thank you!
