Listening for transport dt_socket at address: 1044
TLC Server Version 2.05 of 24 October 2012
Parsing file /mnt/tlc/5858/spec/l10_n8.tla
Parsing file /mnt/tlc/5858/spec/GridPerformanceTest.tla
Parsing file /mnt/tlc/5858/tla/tla2sany/StandardModules/TLC.tla
Parsing file /mnt/tlc/5858/tla/tla2sany/StandardModules/Integers.tla
Parsing file /mnt/tlc/5858/tla/tla2sany/StandardModules/FiniteSets.tla
Parsing file /mnt/tlc/5858/tla/tla2sany/StandardModules/Naturals.tla
Parsing file /mnt/tlc/5858/tla/tla2sany/StandardModules/Sequences.tla
Semantic processing of module Naturals
Semantic processing of module Integers
Semantic processing of module Sequences
Semantic processing of module FiniteSets
Semantic processing of module GridPerformanceTest
Semantic processing of module TLC
Semantic processing of module l10_n8
Starting... (2012-11-05 16:59:12)
Computing initial states...
Finished computing initial states: 1 distinct state(s) generated.
TLC server at ip-10-32-53-154 is ready (2012-11-05 16:59:51)
Done waiting for FPSet server(s) (2012-11-05 16:59:51)
Registration for worker at rmi://ip-10-32-53-246.eu-west-1.compute.internal:37534/3 completed (2012-11-05 16:59:52)
Registration for worker at rmi://ip-10-32-53-246.eu-west-1.compute.internal:37534/1 completed (2012-11-05 16:59:52)
Registration for worker at rmi://ip-10-32-53-246.eu-west-1.compute.internal:37534/6 completed (2012-11-05 16:59:52)
Registration for worker at rmi://ip-10-32-53-246.eu-west-1.compute.internal:37534/7 completed (2012-11-05 16:59:52)
Registration for worker at rmi://ip-10-32-53-246.eu-west-1.compute.internal:37534/4 completed (2012-11-05 16:59:52)
Registration for worker at rmi://ip-10-32-53-246.eu-west-1.compute.internal:37534/2 completed (2012-11-05 16:59:52)
Registration for worker at rmi://ip-10-32-53-246.eu-west-1.compute.internal:37534/5 completed (2012-11-05 16:59:52)
Registration for worker at rmi://ip-10-32-53-246.eu-west-1.compute.internal:37534/0 completed (2012-11-05 16:59:52)
Registration for worker at rmi://ip-10-32-54-218.eu-west-1.compute.internal:58568/6 completed (2012-11-05 16:59:52)
Registration for worker at rmi://ip-10-32-54-218.eu-west-1.compute.internal:58568/7 completed (2012-11-05 16:59:52)
Registration for worker at rmi://ip-10-32-54-218.eu-west-1.compute.internal:58568/2 completed (2012-11-05 16:59:52)
Registration for worker at rmi://ip-10-32-54-218.eu-west-1.compute.internal:58568/0 completed (2012-11-05 16:59:52)
Registration for worker at rmi://ip-10-32-54-218.eu-west-1.compute.internal:58568/4 completed (2012-11-05 16:59:52)
Registration for worker at rmi://ip-10-32-54-218.eu-west-1.compute.internal:58568/3 completed (2012-11-05 16:59:52)
Registration for worker at rmi://ip-10-32-54-218.eu-west-1.compute.internal:58568/5 completed (2012-11-05 16:59:52)
Registration for worker at rmi://ip-10-32-54-218.eu-west-1.compute.internal:58568/1 completed (2012-11-05 16:59:52)
Registration for worker at rmi://ip-10-32-49-215.eu-west-1.compute.internal:38760/5 completed (2012-11-05 16:59:52)
Registration for worker at rmi://ip-10-32-49-215.eu-west-1.compute.internal:38760/0 completed (2012-11-05 16:59:52)
Registration for worker at rmi://ip-10-32-49-215.eu-west-1.compute.internal:38760/6 completed (2012-11-05 16:59:52)
Registration for worker at rmi://ip-10-32-49-215.eu-west-1.compute.internal:38760/7 completed (2012-11-05 16:59:52)
Registration for worker at rmi://ip-10-32-49-215.eu-west-1.compute.internal:38760/3 completed (2012-11-05 16:59:52)
Registration for worker at rmi://ip-10-32-49-215.eu-west-1.compute.internal:38760/1 completed (2012-11-05 16:59:52)
Registration for worker at rmi://ip-10-32-49-215.eu-west-1.compute.internal:38760/2 completed (2012-11-05 16:59:52)
Registration for worker at rmi://ip-10-32-49-215.eu-west-1.compute.internal:38760/4 completed (2012-11-05 16:59:52)
Registration for worker at rmi://ip-10-33-145-20.eu-west-1.compute.internal:55251/0 completed (2012-11-05 16:59:52)
Registration for worker at rmi://ip-10-33-145-20.eu-west-1.compute.internal:55251/6 completed (2012-11-05 16:59:52)
Registration for worker at rmi://ip-10-33-145-20.eu-west-1.compute.internal:55251/5 completed (2012-11-05 16:59:52)
Registration for worker at rmi://ip-10-33-145-20.eu-west-1.compute.internal:55251/2 completed (2012-11-05 16:59:52)
Registration for worker at rmi://ip-10-33-145-20.eu-west-1.compute.internal:55251/3 completed (2012-11-05 16:59:52)
Registration for worker at rmi://ip-10-33-145-20.eu-west-1.compute.internal:55251/4 completed (2012-11-05 16:59:52)
Registration for worker at rmi://ip-10-33-145-20.eu-west-1.compute.internal:55251/7 completed (2012-11-05 16:59:52)
Registration for worker at rmi://ip-10-33-145-20.eu-west-1.compute.internal:55251/1 completed (2012-11-05 16:59:52)
Registration for worker at rmi://ip-10-32-49-68.eu-west-1.compute.internal:36813/4 completed (2012-11-05 16:59:52)
Registration for worker at rmi://ip-10-33-145-12.eu-west-1.compute.internal:53782/4 completed (2012-11-05 16:59:52)
Registration for worker at rmi://ip-10-32-49-68.eu-west-1.compute.internal:36813/2 completed (2012-11-05 16:59:52)
Registration for worker at rmi://ip-10-32-49-68.eu-west-1.compute.internal:36813/6 completed (2012-11-05 16:59:52)
Registration for worker at rmi://ip-10-32-49-68.eu-west-1.compute.internal:36813/3 completed (2012-11-05 16:59:52)
Registration for worker at rmi://ip-10-32-49-68.eu-west-1.compute.internal:36813/0 completed (2012-11-05 16:59:52)
Registration for worker at rmi://ip-10-32-49-68.eu-west-1.compute.internal:36813/5 completed (2012-11-05 16:59:52)
Registration for worker at rmi://ip-10-32-49-68.eu-west-1.compute.internal:36813/7 completed (2012-11-05 16:59:52)
Registration for worker at rmi://ip-10-32-49-68.eu-west-1.compute.internal:36813/1 completed (2012-11-05 16:59:52)
Registration for worker at rmi://ip-10-33-145-12.eu-west-1.compute.internal:53782/7 completed (2012-11-05 16:59:52)
Registration for worker at rmi://ip-10-33-145-12.eu-west-1.compute.internal:53782/6 completed (2012-11-05 16:59:52)
Registration for worker at rmi://ip-10-33-145-12.eu-west-1.compute.internal:53782/1 completed (2012-11-05 16:59:52)
Registration for worker at rmi://ip-10-33-145-12.eu-west-1.compute.internal:53782/5 completed (2012-11-05 16:59:52)
Registration for worker at rmi://ip-10-33-145-12.eu-west-1.compute.internal:53782/0 completed (2012-11-05 16:59:52)
Registration for worker at rmi://ip-10-33-145-12.eu-west-1.compute.internal:53782/3 completed (2012-11-05 16:59:52)
Registration for worker at rmi://ip-10-33-145-12.eu-west-1.compute.internal:53782/2 completed (2012-11-05 16:59:52)
Registration for worker at rmi://ip-10-33-145-75.eu-west-1.compute.internal:45969/6 completed (2012-11-05 16:59:52)
Registration for worker at rmi://ip-10-33-145-75.eu-west-1.compute.internal:45969/1 completed (2012-11-05 16:59:52)
Registration for worker at rmi://ip-10-33-145-75.eu-west-1.compute.internal:45969/2 completed (2012-11-05 16:59:52)
Registration for worker at rmi://ip-10-33-145-75.eu-west-1.compute.internal:45969/5 completed (2012-11-05 16:59:52)
Registration for worker at rmi://ip-10-33-145-75.eu-west-1.compute.internal:45969/3 completed (2012-11-05 16:59:52)
Registration for worker at rmi://ip-10-33-145-75.eu-west-1.compute.internal:45969/4 completed (2012-11-05 16:59:52)
Registration for worker at rmi://ip-10-33-145-75.eu-west-1.compute.internal:45969/7 completed (2012-11-05 16:59:52)
Registration for worker at rmi://ip-10-33-145-75.eu-west-1.compute.internal:45969/0 completed (2012-11-05 16:59:52)
Registration for worker at rmi://ip-10-32-50-234.eu-west-1.compute.internal:47377/1 completed (2012-11-05 16:59:52)
Registration for worker at rmi://ip-10-32-50-234.eu-west-1.compute.internal:47377/7 completed (2012-11-05 16:59:52)
Registration for worker at rmi://ip-10-32-50-234.eu-west-1.compute.internal:47377/0 completed (2012-11-05 16:59:52)
Registration for worker at rmi://ip-10-32-50-234.eu-west-1.compute.internal:47377/6 completed (2012-11-05 16:59:52)
Registration for worker at rmi://ip-10-32-50-234.eu-west-1.compute.internal:47377/3 completed (2012-11-05 16:59:52)
Registration for worker at rmi://ip-10-32-50-234.eu-west-1.compute.internal:47377/4 completed (2012-11-05 16:59:52)
Registration for worker at rmi://ip-10-32-50-234.eu-west-1.compute.internal:47377/2 completed (2012-11-05 16:59:52)
Registration for worker at rmi://ip-10-32-50-234.eu-west-1.compute.internal:47377/5 completed (2012-11-05 16:59:52)
Registration for worker at rmi://ip-10-32-53-161.eu-west-1.compute.internal:50580/3 completed (2012-11-05 16:59:53)
Registration for worker at rmi://ip-10-32-53-161.eu-west-1.compute.internal:50580/2 completed (2012-11-05 16:59:53)
Registration for worker at rmi://ip-10-32-53-161.eu-west-1.compute.internal:50580/6 completed (2012-11-05 16:59:53)
Registration for worker at rmi://ip-10-32-53-161.eu-west-1.compute.internal:50580/4 completed (2012-11-05 16:59:53)
Registration for worker at rmi://ip-10-32-53-161.eu-west-1.compute.internal:50580/0 completed (2012-11-05 16:59:53)
Registration for worker at rmi://ip-10-32-53-161.eu-west-1.compute.internal:50580/7 completed (2012-11-05 16:59:53)
Registration for worker at rmi://ip-10-32-53-161.eu-west-1.compute.internal:50580/5 completed (2012-11-05 16:59:53)
Registration for worker at rmi://ip-10-32-53-161.eu-west-1.compute.internal:50580/1 completed (2012-11-05 16:59:53)
Registration for worker at rmi://ip-10-32-53-238.eu-west-1.compute.internal:34986/7 completed (2012-11-05 16:59:53)
Registration for worker at rmi://ip-10-32-53-238.eu-west-1.compute.internal:34986/1 completed (2012-11-05 16:59:53)
Registration for worker at rmi://ip-10-32-53-238.eu-west-1.compute.internal:34986/0 completed (2012-11-05 16:59:53)
Registration for worker at rmi://ip-10-32-53-238.eu-west-1.compute.internal:34986/3 completed (2012-11-05 16:59:53)
Registration for worker at rmi://ip-10-32-53-238.eu-west-1.compute.internal:34986/6 completed (2012-11-05 16:59:53)
Registration for worker at rmi://ip-10-32-53-238.eu-west-1.compute.internal:34986/2 completed (2012-11-05 16:59:53)
Registration for worker at rmi://ip-10-32-53-238.eu-west-1.compute.internal:34986/5 completed (2012-11-05 16:59:53)
Registration for worker at rmi://ip-10-32-53-238.eu-west-1.compute.internal:34986/4 completed (2012-11-05 16:59:53)
Registration for worker at rmi://ip-10-32-50-236.eu-west-1.compute.internal:47443/3 completed (2012-11-05 16:59:54)
Registration for worker at rmi://ip-10-32-50-236.eu-west-1.compute.internal:47443/6 completed (2012-11-05 16:59:54)
Registration for worker at rmi://ip-10-32-50-236.eu-west-1.compute.internal:47443/4 completed (2012-11-05 16:59:54)
Registration for worker at rmi://ip-10-32-50-236.eu-west-1.compute.internal:47443/5 completed (2012-11-05 16:59:54)
Registration for worker at rmi://ip-10-32-50-236.eu-west-1.compute.internal:47443/0 completed (2012-11-05 16:59:54)
Registration for worker at rmi://ip-10-32-50-236.eu-west-1.compute.internal:47443/7 completed (2012-11-05 16:59:54)
Registration for worker at rmi://ip-10-32-50-236.eu-west-1.compute.internal:47443/1 completed (2012-11-05 16:59:54)
Registration for worker at rmi://ip-10-32-50-236.eu-west-1.compute.internal:47443/2 completed (2012-11-05 16:59:54)
Registration for worker at rmi://ip-10-33-145-9.eu-west-1.compute.internal:45622/0 completed (2012-11-05 16:59:57)
Registration for worker at rmi://ip-10-33-145-9.eu-west-1.compute.internal:45622/3 completed (2012-11-05 16:59:57)
Registration for worker at rmi://ip-10-33-145-9.eu-west-1.compute.internal:45622/1 completed (2012-11-05 16:59:57)
Registration for worker at rmi://ip-10-33-145-9.eu-west-1.compute.internal:45622/7 completed (2012-11-05 16:59:57)
Registration for worker at rmi://ip-10-33-145-9.eu-west-1.compute.internal:45622/6 completed (2012-11-05 16:59:57)
Registration for worker at rmi://ip-10-33-145-9.eu-west-1.compute.internal:45622/5 completed (2012-11-05 16:59:57)
Registration for worker at rmi://ip-10-33-145-9.eu-west-1.compute.internal:45622/4 completed (2012-11-05 16:59:57)
Registration for worker at rmi://ip-10-33-145-9.eu-west-1.compute.internal:45622/2 completed (2012-11-05 16:59:57)
Registration for worker at rmi://ip-10-32-53-207.eu-west-1.compute.internal:55448/5 completed (2012-11-05 17:00:07)
Registration for worker at rmi://ip-10-32-53-207.eu-west-1.compute.internal:55448/4 completed (2012-11-05 17:00:07)
Registration for worker at rmi://ip-10-32-53-207.eu-west-1.compute.internal:55448/3 completed (2012-11-05 17:00:07)
Registration for worker at rmi://ip-10-32-53-207.eu-west-1.compute.internal:55448/1 completed (2012-11-05 17:00:07)
Registration for worker at rmi://ip-10-32-53-207.eu-west-1.compute.internal:55448/6 completed (2012-11-05 17:00:07)
Registration for worker at rmi://ip-10-32-53-207.eu-west-1.compute.internal:55448/2 completed (2012-11-05 17:00:07)
Registration for worker at rmi://ip-10-32-53-207.eu-west-1.compute.internal:55448/7 completed (2012-11-05 17:00:07)
Registration for worker at rmi://ip-10-32-53-207.eu-west-1.compute.internal:55448/0 completed (2012-11-05 17:00:07)
Registration for worker at rmi://ip-10-32-50-218.eu-west-1.compute.internal:34315/3 completed (2012-11-05 17:00:07)
Registration for worker at rmi://ip-10-32-50-218.eu-west-1.compute.internal:34315/2 completed (2012-11-05 17:00:07)
Registration for worker at rmi://ip-10-32-50-218.eu-west-1.compute.internal:34315/1 completed (2012-11-05 17:00:07)
Registration for worker at rmi://ip-10-32-50-218.eu-west-1.compute.internal:34315/7 completed (2012-11-05 17:00:07)
Registration for worker at rmi://ip-10-32-50-218.eu-west-1.compute.internal:34315/5 completed (2012-11-05 17:00:07)
Registration for worker at rmi://ip-10-32-50-218.eu-west-1.compute.internal:34315/4 completed (2012-11-05 17:00:07)
Registration for worker at rmi://ip-10-32-50-218.eu-west-1.compute.internal:34315/0 completed (2012-11-05 17:00:07)
Registration for worker at rmi://ip-10-32-50-218.eu-west-1.compute.internal:34315/6 completed (2012-11-05 17:00:07)
Registration for worker at rmi://ip-10-32-49-241.eu-west-1.compute.internal:59172/1 completed (2012-11-05 17:00:08)
Registration for worker at rmi://ip-10-32-49-241.eu-west-1.compute.internal:59172/7 completed (2012-11-05 17:00:08)
Registration for worker at rmi://ip-10-32-49-241.eu-west-1.compute.internal:59172/4 completed (2012-11-05 17:00:08)
Registration for worker at rmi://ip-10-32-49-241.eu-west-1.compute.internal:59172/0 completed (2012-11-05 17:00:08)
Registration for worker at rmi://ip-10-32-49-241.eu-west-1.compute.internal:59172/6 completed (2012-11-05 17:00:08)
Registration for worker at rmi://ip-10-32-49-241.eu-west-1.compute.internal:59172/2 completed (2012-11-05 17:00:08)
Registration for worker at rmi://ip-10-32-49-241.eu-west-1.compute.internal:59172/5 completed (2012-11-05 17:00:08)
Registration for worker at rmi://ip-10-32-49-241.eu-west-1.compute.internal:59172/3 completed (2012-11-05 17:00:08)
Registration for worker at rmi://ip-10-32-53-170.eu-west-1.compute.internal:47339/4 completed (2012-11-05 17:00:08)
Registration for worker at rmi://ip-10-32-53-170.eu-west-1.compute.internal:47339/1 completed (2012-11-05 17:00:08)
Registration for worker at rmi://ip-10-32-53-170.eu-west-1.compute.internal:47339/5 completed (2012-11-05 17:00:08)
Registration for worker at rmi://ip-10-32-53-170.eu-west-1.compute.internal:47339/7 completed (2012-11-05 17:00:08)
Registration for worker at rmi://ip-10-32-53-170.eu-west-1.compute.internal:47339/6 completed (2012-11-05 17:00:08)
Registration for worker at rmi://ip-10-32-53-170.eu-west-1.compute.internal:47339/2 completed (2012-11-05 17:00:08)
Registration for worker at rmi://ip-10-32-53-170.eu-west-1.compute.internal:47339/3 completed (2012-11-05 17:00:08)
Registration for worker at rmi://ip-10-32-53-170.eu-west-1.compute.internal:47339/0 completed (2012-11-05 17:00:08)
Registration for worker at rmi://ip-10-32-49-209.eu-west-1.compute.internal:34625/5 completed (2012-11-05 17:00:08)
Registration for worker at rmi://ip-10-32-49-209.eu-west-1.compute.internal:34625/7 completed (2012-11-05 17:00:08)
Registration for worker at rmi://ip-10-32-49-209.eu-west-1.compute.internal:34625/1 completed (2012-11-05 17:00:08)
Registration for worker at rmi://ip-10-32-49-209.eu-west-1.compute.internal:34625/2 completed (2012-11-05 17:00:08)
Registration for worker at rmi://ip-10-32-49-209.eu-west-1.compute.internal:34625/0 completed (2012-11-05 17:00:08)
Registration for worker at rmi://ip-10-32-49-209.eu-west-1.compute.internal:34625/4 completed (2012-11-05 17:00:08)
Registration for worker at rmi://ip-10-32-49-209.eu-west-1.compute.internal:34625/3 completed (2012-11-05 17:00:08)
Registration for worker at rmi://ip-10-32-49-209.eu-west-1.compute.internal:34625/6 completed (2012-11-05 17:00:08)
Registration for worker at rmi://ip-10-33-145-62.eu-west-1.compute.internal:45006/3 completed (2012-11-05 17:00:08)
Registration for worker at rmi://ip-10-33-145-62.eu-west-1.compute.internal:45006/1 completed (2012-11-05 17:00:08)
Registration for worker at rmi://ip-10-33-145-62.eu-west-1.compute.internal:45006/0 completed (2012-11-05 17:00:08)
Registration for worker at rmi://ip-10-33-145-62.eu-west-1.compute.internal:45006/2 completed (2012-11-05 17:00:08)
Registration for worker at rmi://ip-10-33-145-62.eu-west-1.compute.internal:45006/7 completed (2012-11-05 17:00:08)
Registration for worker at rmi://ip-10-33-145-62.eu-west-1.compute.internal:45006/5 completed (2012-11-05 17:00:08)
Registration for worker at rmi://ip-10-33-145-62.eu-west-1.compute.internal:45006/4 completed (2012-11-05 17:00:08)
Registration for worker at rmi://ip-10-33-145-62.eu-west-1.compute.internal:45006/6 completed (2012-11-05 17:00:08)
Progress(25) at 2012-11-05 17:00:51: 40974361 states generated (40,974,361 s/min), 6414799 distinct states found (6,414,799 ds/min), 2091096 states left on queue.
Progress(40) at 2012-11-05 17:01:51: 96102503 states generated (55,128,142 s/min), 12505166 distinct states found (6,090,367 ds/min), 2054953 states left on queue.
Worker: rmi://ip-10-32-53-207.eu-west-1.compute.internal:55448/6 Sent: 110478 Rcvd: 145712 CacheRatio: 0.02 (2012-11-05 17:02:50)
Worker: rmi://ip-10-33-145-20.eu-west-1.compute.internal:55251/6 Sent: 113918 Rcvd: 61738 CacheRatio: 0.03 (2012-11-05 17:02:50)
Worker: rmi://ip-10-33-145-75.eu-west-1.compute.internal:45969/5 Sent: 119210 Rcvd: 116088 CacheRatio: 0.03 (2012-11-05 17:02:50)
Worker: rmi://ip-10-32-49-215.eu-west-1.compute.internal:38760/5 Sent: 126809 Rcvd: 202907 CacheRatio: 0.03 (2012-11-05 17:02:50)
Worker: rmi://ip-10-32-50-234.eu-west-1.compute.internal:47377/2 Sent: 122377 Rcvd: 144297 CacheRatio: 0.03 (2012-11-05 17:02:50)
Worker: rmi://ip-10-32-53-161.eu-west-1.compute.internal:50580/4 Sent: 122681 Rcvd: 156766 CacheRatio: 0.03 (2012-11-05 17:02:50)
Worker: rmi://ip-10-32-49-209.eu-west-1.compute.internal:34625/2 Sent: 105070 Rcvd: 65869 CacheRatio: 0.03 (2012-11-05 17:02:50)
Worker: rmi://ip-10-32-53-170.eu-west-1.compute.internal:47339/1 Sent: 113972 Rcvd: 166856 CacheRatio: 0.03 (2012-11-05 17:02:50)
Worker: rmi://ip-10-32-49-209.eu-west-1.compute.internal:34625/6 Sent: 104605 Rcvd: 62399 CacheRatio: 0.02 (2012-11-05 17:02:50)
Worker: rmi://ip-10-33-145-9.eu-west-1.compute.internal:45622/6 Sent: 115985 Rcvd: 103694 CacheRatio: 0.03 (2012-11-05 17:02:50)
Worker: rmi://ip-10-32-49-215.eu-west-1.compute.internal:38760/7 Sent: 126479 Rcvd: 225697 CacheRatio: 0.03 (2012-11-05 17:02:50)
Worker: rmi://ip-10-32-53-170.eu-west-1.compute.internal:47339/2 Sent: 113844 Rcvd: 194597 CacheRatio: 0.02 (2012-11-05 17:02:50)
Worker: rmi://ip-10-32-54-218.eu-west-1.compute.internal:58568/5 Sent: 118840 Rcvd: 94335 CacheRatio: 0.03 (2012-11-05 17:02:50)
Worker: rmi://ip-10-32-50-234.eu-west-1.compute.internal:47377/0 Sent: 123787 Rcvd: 141610 CacheRatio: 0.03 (2012-11-05 17:02:50)
Worker: rmi://ip-10-32-53-170.eu-west-1.compute.internal:47339/6 Sent: 114104 Rcvd: 182854 CacheRatio: 0.03 (2012-11-05 17:02:50)
Worker: rmi://ip-10-32-53-207.eu-west-1.compute.internal:55448/4 Sent: 109470 Rcvd: 127495 CacheRatio: 0.02 (2012-11-05 17:02:50)
Worker: rmi://ip-10-32-53-161.eu-west-1.compute.internal:50580/7 Sent: 122700 Rcvd: 167542 CacheRatio: 0.04 (2012-11-05 17:02:50)
Worker: rmi://ip-10-32-50-218.eu-west-1.compute.internal:34315/5 Sent: 109876 Rcvd: 94604 CacheRatio: 0.03 (2012-11-05 17:02:50)
Worker: rmi://ip-10-33-145-12.eu-west-1.compute.internal:53782/4 Sent: 118150 Rcvd: 96500 CacheRatio: 0.03 (2012-11-05 17:02:50)
Worker: rmi://ip-10-32-54-218.eu-west-1.compute.internal:58568/3 Sent: 118515 Rcvd: 114636 CacheRatio: 0.03 (2012-11-05 17:02:50)
Worker: rmi://ip-10-33-145-9.eu-west-1.compute.internal:45622/5 Sent: 117732 Rcvd: 132904 CacheRatio: 0.02 (2012-11-05 17:02:50)
Worker: rmi://ip-10-32-50-236.eu-west-1.compute.internal:47443/4 Sent: 123144 Rcvd: 176273 CacheRatio: 0.03 (2012-11-05 17:02:50)
Worker: rmi://ip-10-32-53-246.eu-west-1.compute.internal:37534/7 Sent: 118251 Rcvd: 104371 CacheRatio: 0.03 (2012-11-05 17:02:50)
Worker: rmi://ip-10-32-49-68.eu-west-1.compute.internal:36813/1 Sent: 124605 Rcvd: 176472 CacheRatio: 0.03 (2012-11-05 17:02:50)
Worker: rmi://ip-10-33-145-62.eu-west-1.compute.internal:45006/6 Sent: 99292 Rcvd: 32522 CacheRatio: 0.02 (2012-11-05 17:02:50)
Worker: rmi://ip-10-32-53-207.eu-west-1.compute.internal:55448/1 Sent: 110378 Rcvd: 113638 CacheRatio: 0.02 (2012-11-05 17:02:50)
Worker: rmi://ip-10-32-53-170.eu-west-1.compute.internal:47339/5 Sent: 113550 Rcvd: 171250 CacheRatio: 0.02 (2012-11-05 17:02:50)
Worker: rmi://ip-10-32-49-68.eu-west-1.compute.internal:36813/7 Sent: 123956 Rcvd: 179679 CacheRatio: 0.03 (2012-11-05 17:02:50)
Worker: rmi://ip-10-32-50-218.eu-west-1.compute.internal:34315/1 Sent: 110084 Rcvd: 111758 CacheRatio: 0.02 (2012-11-05 17:02:50)
Worker: rmi://ip-10-32-49-68.eu-west-1.compute.internal:36813/0 Sent: 124070 Rcvd: 160716 CacheRatio: 0.03 (2012-11-05 17:02:50)
Worker: rmi://ip-10-32-50-218.eu-west-1.compute.internal:34315/4 Sent: 109894 Rcvd: 113983 CacheRatio: 0.02 (2012-11-05 17:02:50)
Worker: rmi://ip-10-32-49-241.eu-west-1.compute.internal:59172/7 Sent: 112219 Rcvd: 144304 CacheRatio: 0.03 (2012-11-05 17:02:50)
Worker: rmi://ip-10-32-50-236.eu-west-1.compute.internal:47443/1 Sent: 123118 Rcvd: 208681 CacheRatio: 0.03 (2012-11-05 17:02:50)
Worker: rmi://ip-10-33-145-20.eu-west-1.compute.internal:55251/5 Sent: 114412 Rcvd: 66723 CacheRatio: 0.03 (2012-11-05 17:02:50)
Worker: rmi://ip-10-33-145-62.eu-west-1.compute.internal:45006/3 Sent: 102376 Rcvd: 44389 CacheRatio: 0.02 (2012-11-05 17:02:50)
Worker: rmi://ip-10-32-53-238.eu-west-1.compute.internal:34986/0 Sent: 118544 Rcvd: 88339 CacheRatio: 0.04 (2012-11-05 17:02:50)
Worker: rmi://ip-10-33-145-75.eu-west-1.compute.internal:45969/7 Sent: 121970 Rcvd: 115584 CacheRatio: 0.03 (2012-11-05 17:02:50)
Worker: rmi://ip-10-32-49-241.eu-west-1.compute.internal:59172/4 Sent: 106606 Rcvd: 75853 CacheRatio: 0.03 (2012-11-05 17:02:50)
Worker: rmi://ip-10-33-145-75.eu-west-1.compute.internal:45969/3 Sent: 119812 Rcvd: 105902 CacheRatio: 0.03 (2012-11-05 17:02:50)
Worker: rmi://ip-10-32-49-209.eu-west-1.compute.internal:34625/4 Sent: 103574 Rcvd: 52562 CacheRatio: 0.03 (2012-11-05 17:02:50)
Worker: rmi://ip-10-33-145-9.eu-west-1.compute.internal:45622/3 Sent: 118687 Rcvd: 153201 CacheRatio: 0.03 (2012-11-05 17:02:50)
Worker: rmi://ip-10-32-49-68.eu-west-1.compute.internal:36813/6 Sent: 124520 Rcvd: 184580 CacheRatio: 0.03 (2012-11-05 17:02:50)
Worker: rmi://ip-10-32-54-218.eu-west-1.compute.internal:58568/4 Sent: 122242 Rcvd: 110232 CacheRatio: 0.03 (2012-11-05 17:02:50)
Worker: rmi://ip-10-32-54-218.eu-west-1.compute.internal:58568/0 Sent: 119996 Rcvd: 149821 CacheRatio: 0.03 (2012-11-05 17:02:50)
Worker: rmi://ip-10-32-49-68.eu-west-1.compute.internal:36813/4 Sent: 123730 Rcvd: 151101 CacheRatio: 0.03 (2012-11-05 17:02:50)
Worker: rmi://ip-10-32-49-215.eu-west-1.compute.internal:38760/2 Sent: 126102 Rcvd: 213026 CacheRatio: 0.03 (2012-11-05 17:02:50)
Worker: rmi://ip-10-33-145-62.eu-west-1.compute.internal:45006/1 Sent: 100886 Rcvd: 49185 CacheRatio: 0.04 (2012-11-05 17:02:50)
Worker: rmi://ip-10-32-50-236.eu-west-1.compute.internal:47443/0 Sent: 123592 Rcvd: 173200 CacheRatio: 0.02 (2012-11-05 17:02:50)
Worker: rmi://ip-10-32-50-236.eu-west-1.compute.internal:47443/2 Sent: 122720 Rcvd: 198027 CacheRatio: 0.03 (2012-11-05 17:02:50)
Worker: rmi://ip-10-32-53-161.eu-west-1.compute.internal:50580/0 Sent: 121482 Rcvd: 140104 CacheRatio: 0.03 (2012-11-05 17:02:50)
Worker: rmi://ip-10-32-49-215.eu-west-1.compute.internal:38760/0 Sent: 127140 Rcvd: 179899 CacheRatio: 0.03 (2012-11-05 17:02:50)
Worker: rmi://ip-10-33-145-62.eu-west-1.compute.internal:45006/2 Sent: 98518 Rcvd: 40355 CacheRatio: 0.02 (2012-11-05 17:02:50)
Worker: rmi://ip-10-32-50-234.eu-west-1.compute.internal:47377/4 Sent: 121517 Rcvd: 119624 CacheRatio: 0.03 (2012-11-05 17:02:50)
Worker: rmi://ip-10-33-145-20.eu-west-1.compute.internal:55251/1 Sent: 113582 Rcvd: 64444 CacheRatio: 0.03 (2012-11-05 17:02:50)
Worker: rmi://ip-10-32-53-170.eu-west-1.compute.internal:47339/3 Sent: 114796 Rcvd: 153416 CacheRatio: 0.02 (2012-11-05 17:02:50)
Worker: rmi://ip-10-33-145-9.eu-west-1.compute.internal:45622/4 Sent: 116734 Rcvd: 109154 CacheRatio: 0.03 (2012-11-05 17:02:50)
Worker: rmi://ip-10-32-50-234.eu-west-1.compute.internal:47377/3 Sent: 123108 Rcvd: 143643 CacheRatio: 0.03 (2012-11-05 17:02:50)
Worker: rmi://ip-10-33-145-75.eu-west-1.compute.internal:45969/0 Sent: 119693 Rcvd: 117558 CacheRatio: 0.03 (2012-11-05 17:02:50)
Worker: rmi://ip-10-32-53-207.eu-west-1.compute.internal:55448/7 Sent: 111699 Rcvd: 150306 CacheRatio: 0.03 (2012-11-05 17:02:50)
Worker: rmi://ip-10-32-49-209.eu-west-1.compute.internal:34625/7 Sent: 105522 Rcvd: 70845 CacheRatio: 0.02 (2012-11-05 17:02:50)
Worker: rmi://ip-10-33-145-75.eu-west-1.compute.internal:45969/6 Sent: 118936 Rcvd: 131187 CacheRatio: 0.03 (2012-11-05 17:02:50)
Worker: rmi://ip-10-32-54-218.eu-west-1.compute.internal:58568/1 Sent: 120755 Rcvd: 96832 CacheRatio: 0.03 (2012-11-05 17:02:50)
Worker: rmi://ip-10-33-145-20.eu-west-1.compute.internal:55251/0 Sent: 114616 Rcvd: 68719 CacheRatio: 0.03 (2012-11-05 17:02:50)
Worker: rmi://ip-10-33-145-20.eu-west-1.compute.internal:55251/3 Sent: 113987 Rcvd: 88826 CacheRatio: 0.03 (2012-11-05 17:02:50)
Worker: rmi://ip-10-32-50-236.eu-west-1.compute.internal:47443/6 Sent: 123530 Rcvd: 200933 CacheRatio: 0.03 (2012-11-05 17:02:50)
Worker: rmi://ip-10-32-53-238.eu-west-1.compute.internal:34986/1 Sent: 118692 Rcvd: 98881 CacheRatio: 0.03 (2012-11-05 17:02:50)
Worker: rmi://ip-10-32-54-218.eu-west-1.compute.internal:58568/7 Sent: 120057 Rcvd: 105146 CacheRatio: 0.03 (2012-11-05 17:02:50)
Worker: rmi://ip-10-33-145-75.eu-west-1.compute.internal:45969/4 Sent: 119418 Rcvd: 107065 CacheRatio: 0.02 (2012-11-05 17:02:50)
Worker: rmi://ip-10-32-49-215.eu-west-1.compute.internal:38760/1 Sent: 127204 Rcvd: 203677 CacheRatio: 0.03 (2012-11-05 17:02:50)
Worker: rmi://ip-10-33-145-12.eu-west-1.compute.internal:53782/3 Sent: 119001 Rcvd: 111636 CacheRatio: 0.03 (2012-11-05 17:02:50)
Worker: rmi://ip-10-32-49-241.eu-west-1.compute.internal:59172/5 Sent: 111217 Rcvd: 161551 CacheRatio: 0.02 (2012-11-05 17:02:50)
Worker: rmi://ip-10-32-53-207.eu-west-1.compute.internal:55448/0 Sent: 110262 Rcvd: 121185 CacheRatio: 0.03 (2012-11-05 17:02:50)
Worker: rmi://ip-10-32-54-218.eu-west-1.compute.internal:58568/6 Sent: 118937 Rcvd: 79316 CacheRatio: 0.03 (2012-11-05 17:02:50)
Worker: rmi://ip-10-32-53-246.eu-west-1.compute.internal:37534/3 Sent: 119583 Rcvd: 102749 CacheRatio: 0.03 (2012-11-05 17:02:50)
Worker: rmi://ip-10-32-53-238.eu-west-1.compute.internal:34986/3 Sent: 118902 Rcvd: 93318 CacheRatio: 0.03 (2012-11-05 17:02:50)
Worker: rmi://ip-10-32-53-207.eu-west-1.compute.internal:55448/2 Sent: 110577 Rcvd: 91402 CacheRatio: 0.03 (2012-11-05 17:02:50)
Worker: rmi://ip-10-32-49-209.eu-west-1.compute.internal:34625/5 Sent: 103254 Rcvd: 66598 CacheRatio: 0.02 (2012-11-05 17:02:50)
Worker: rmi://ip-10-32-53-207.eu-west-1.compute.internal:55448/3 Sent: 111670 Rcvd: 109575 CacheRatio: 0.03 (2012-11-05 17:02:50)
Worker: rmi://ip-10-32-53-238.eu-west-1.compute.internal:34986/5 Sent: 119769 Rcvd: 123883 CacheRatio: 0.02 (2012-11-05 17:02:50)
Worker: rmi://ip-10-32-50-234.eu-west-1.compute.internal:47377/7 Sent: 124327 Rcvd: 153244 CacheRatio: 0.03 (2012-11-05 17:02:50)
Worker: rmi://ip-10-32-53-246.eu-west-1.compute.internal:37534/1 Sent: 117924 Rcvd: 92723 CacheRatio: 0.03 (2012-11-05 17:02:50)
Worker: rmi://ip-10-32-50-218.eu-west-1.compute.internal:34315/6 Sent: 110374 Rcvd: 117046 CacheRatio: 0.03 (2012-11-05 17:02:50)
Worker: rmi://ip-10-32-53-161.eu-west-1.compute.internal:50580/2 Sent: 122590 Rcvd: 155172 CacheRatio: 0.03 (2012-11-05 17:02:50)
Worker: rmi://ip-10-32-50-234.eu-west-1.compute.internal:47377/6 Sent: 121686 Rcvd: 124231 CacheRatio: 0.03 (2012-11-05 17:02:50)
Worker: rmi://ip-10-32-53-170.eu-west-1.compute.internal:47339/0 Sent: 113814 Rcvd: 162543 CacheRatio: 0.02 (2012-11-05 17:02:50)
Worker: rmi://ip-10-32-49-241.eu-west-1.compute.internal:59172/6 Sent: 111201 Rcvd: 127773 CacheRatio: 0.02 (2012-11-05 17:02:50)
Worker: rmi://ip-10-32-49-68.eu-west-1.compute.internal:36813/2 Sent: 123967 Rcvd: 191977 CacheRatio: 0.03 (2012-11-05 17:02:50)
Worker: rmi://ip-10-32-53-161.eu-west-1.compute.internal:50580/5 Sent: 123085 Rcvd: 151738 CacheRatio: 0.03 (2012-11-05 17:02:50)
Worker: rmi://ip-10-32-49-241.eu-west-1.compute.internal:59172/0 Sent: 111072 Rcvd: 148559 CacheRatio: 0.02 (2012-11-05 17:02:50)
Worker: rmi://ip-10-32-53-238.eu-west-1.compute.internal:34986/7 Sent: 120421 Rcvd: 141297 CacheRatio: 0.03 (2012-11-05 17:02:50)
Worker: rmi://ip-10-32-50-236.eu-west-1.compute.internal:47443/3 Sent: 123285 Rcvd: 183177 CacheRatio: 0.03 (2012-11-05 17:02:50)
Worker: rmi://ip-10-33-145-9.eu-west-1.compute.internal:45622/0 Sent: 116830 Rcvd: 144021 CacheRatio: 0.03 (2012-11-05 17:02:50)
Worker: rmi://ip-10-33-145-75.eu-west-1.compute.internal:45969/1 Sent: 121562 Rcvd: 120782 CacheRatio: 0.03 (2012-11-05 17:02:50)
Worker: rmi://ip-10-32-53-161.eu-west-1.compute.internal:50580/1 Sent: 122299 Rcvd: 130653 CacheRatio: 0.03 (2012-11-05 17:02:50)
Worker: rmi://ip-10-32-53-238.eu-west-1.compute.internal:34986/4 Sent: 118929 Rcvd: 119822 CacheRatio: 0.03 (2012-11-05 17:02:50)
Worker: rmi://ip-10-32-53-170.eu-west-1.compute.internal:47339/7 Sent: 113462 Rcvd: 161631 CacheRatio: 0.02 (2012-11-05 17:02:50)
Worker: rmi://ip-10-32-49-215.eu-west-1.compute.internal:38760/4 Sent: 127052 Rcvd: 179093 CacheRatio: 0.03 (2012-11-05 17:02:50)
Worker: rmi://ip-10-32-54-218.eu-west-1.compute.internal:58568/2 Sent: 118832 Rcvd: 118187 CacheRatio: 0.03 (2012-11-05 17:02:50)
Worker: rmi://ip-10-33-145-9.eu-west-1.compute.internal:45622/2 Sent: 115248 Rcvd: 146119 CacheRatio: 0.03 (2012-11-05 17:02:50)
Worker: rmi://ip-10-32-50-236.eu-west-1.compute.internal:47443/5 Sent: 123388 Rcvd: 204762 CacheRatio: 0.03 (2012-11-05 17:02:50)
Worker: rmi://ip-10-33-145-12.eu-west-1.compute.internal:53782/1 Sent: 118801 Rcvd: 105888 CacheRatio: 0.03 (2012-11-05 17:02:50)
Worker: rmi://ip-10-33-145-75.eu-west-1.compute.internal:45969/2 Sent: 123158 Rcvd: 110924 CacheRatio: 0.03 (2012-11-05 17:02:50)
Worker: rmi://ip-10-33-145-9.eu-west-1.compute.internal:45622/7 Sent: 117147 Rcvd: 129785 CacheRatio: 0.03 (2012-11-05 17:02:50)
Worker: rmi://ip-10-32-50-218.eu-west-1.compute.internal:34315/7 Sent: 111778 Rcvd: 130996 CacheRatio: 0.03 (2012-11-05 17:02:50)
Worker: rmi://ip-10-33-145-12.eu-west-1.compute.internal:53782/6 Sent: 118981 Rcvd: 81940 CacheRatio: 0.03 (2012-11-05 17:02:50)
Worker: rmi://ip-10-33-145-12.eu-west-1.compute.internal:53782/2 Sent: 118121 Rcvd: 115468 CacheRatio: 0.04 (2012-11-05 17:02:50)
Worker: rmi://ip-10-33-145-62.eu-west-1.compute.internal:45006/5 Sent: 98552 Rcvd: 30672 CacheRatio: 0.03 (2012-11-05 17:02:50)
Worker: rmi://ip-10-32-53-161.eu-west-1.compute.internal:50580/3 Sent: 122736 Rcvd: 163065 CacheRatio: 0.03 (2012-11-05 17:02:50)
Worker: rmi://ip-10-32-49-209.eu-west-1.compute.internal:34625/3 Sent: 105429 Rcvd: 66063 CacheRatio: 0.02 (2012-11-05 17:02:50)
Worker: rmi://ip-10-32-49-209.eu-west-1.compute.internal:34625/1 Sent: 105384 Rcvd: 46625 CacheRatio: 0.03 (2012-11-05 17:02:50)
Worker: rmi://ip-10-32-53-170.eu-west-1.compute.internal:47339/4 Sent: 114643 Rcvd: 185060 CacheRatio: 0.02 (2012-11-05 17:02:50)
Worker: rmi://ip-10-32-53-238.eu-west-1.compute.internal:34986/2 Sent: 120900 Rcvd: 128085 CacheRatio: 0.03 (2012-11-05 17:02:50)
Worker: rmi://ip-10-32-50-218.eu-west-1.compute.internal:34315/0 Sent: 110479 Rcvd: 134967 CacheRatio: 0.02 (2012-11-05 17:02:50)
Worker: rmi://ip-10-32-49-215.eu-west-1.compute.internal:38760/6 Sent: 126735 Rcvd: 190426 CacheRatio: 0.03 (2012-11-05 17:02:50)
Worker: rmi://ip-10-32-50-234.eu-west-1.compute.internal:47377/1 Sent: 122846 Rcvd: 142779 CacheRatio: 0.03 (2012-11-05 17:02:50)
Worker: rmi://ip-10-32-50-236.eu-west-1.compute.internal:47443/7 Sent: 123116 Rcvd: 197953 CacheRatio: 0.03 (2012-11-05 17:02:50)
Worker: rmi://ip-10-33-145-20.eu-west-1.compute.internal:55251/2 Sent: 116655 Rcvd: 74895 CacheRatio: 0.03 (2012-11-05 17:02:50)
Worker: rmi://ip-10-32-49-241.eu-west-1.compute.internal:59172/3 Sent: 111465 Rcvd: 141446 CacheRatio: 0.02 (2012-11-05 17:02:50)
Worker: rmi://ip-10-32-49-209.eu-west-1.compute.internal:34625/0 Sent: 105276 Rcvd: 56427 CacheRatio: 0.03 (2012-11-05 17:02:50)
Worker: rmi://ip-10-32-49-68.eu-west-1.compute.internal:36813/3 Sent: 124637 Rcvd: 198215 CacheRatio: 0.03 (2012-11-05 17:02:50)
Worker: rmi://ip-10-33-145-12.eu-west-1.compute.internal:53782/0 Sent: 117726 Rcvd: 105278 CacheRatio: 0.03 (2012-11-05 17:02:50)
Worker: rmi://ip-10-32-50-234.eu-west-1.compute.internal:47377/5 Sent: 121207 Rcvd: 144291 CacheRatio: 0.03 (2012-11-05 17:02:50)
Worker: rmi://ip-10-33-145-20.eu-west-1.compute.internal:55251/7 Sent: 114324 Rcvd: 74949 CacheRatio: 0.03 (2012-11-05 17:02:50)
Worker: rmi://ip-10-32-53-246.eu-west-1.compute.internal:37534/5 Sent: 119460 Rcvd: 95462 CacheRatio: 0.03 (2012-11-05 17:02:50)
Worker: rmi://ip-10-32-50-218.eu-west-1.compute.internal:34315/3 Sent: 109988 Rcvd: 143421 CacheRatio: 0.02 (2012-11-05 17:02:50)
Worker: rmi://ip-10-32-49-241.eu-west-1.compute.internal:59172/2 Sent: 110653 Rcvd: 128422 CacheRatio: 0.02 (2012-11-05 17:02:50)
Worker: rmi://ip-10-33-145-62.eu-west-1.compute.internal:45006/0 Sent: 99077 Rcvd: 44149 CacheRatio: 0.03 (2012-11-05 17:02:50)
Worker: rmi://ip-10-33-145-12.eu-west-1.compute.internal:53782/7 Sent: 119161 Rcvd: 112829 CacheRatio: 0.03 (2012-11-05 17:02:50)
Worker: rmi://ip-10-32-53-161.eu-west-1.compute.internal:50580/6 Sent: 121738 Rcvd: 150510 CacheRatio: 0.03 (2012-11-05 17:02:50)
Worker: rmi://ip-10-33-145-62.eu-west-1.compute.internal:45006/4 Sent: 101134 Rcvd: 54998 CacheRatio: 0.03 (2012-11-05 17:02:50)
Worker: rmi://ip-10-32-53-207.eu-west-1.compute.internal:55448/5 Sent: 110016 Rcvd: 118419 CacheRatio: 0.02 (2012-11-05 17:02:50)
Worker: rmi://ip-10-32-53-246.eu-west-1.compute.internal:37534/2 Sent: 117188 Rcvd: 102813 CacheRatio: 0.03 (2012-11-05 17:02:50)
Worker: rmi://ip-10-33-145-9.eu-west-1.compute.internal:45622/1 Sent: 117272 Rcvd: 107140 CacheRatio: 0.02 (2012-11-05 17:02:50)
Worker: rmi://ip-10-33-145-12.eu-west-1.compute.internal:53782/5 Sent: 118245 Rcvd: 101508 CacheRatio: 0.02 (2012-11-05 17:02:50)
Worker: rmi://ip-10-32-53-246.eu-west-1.compute.internal:37534/0 Sent: 117859 Rcvd: 120266 CacheRatio: 0.03 (2012-11-05 17:02:50)
Worker: rmi://ip-10-32-49-68.eu-west-1.compute.internal:36813/5 Sent: 119049 Rcvd: 108211 CacheRatio: 0.03 (2012-11-05 17:02:50)
Worker: rmi://ip-10-32-53-238.eu-west-1.compute.internal:34986/6 Sent: 119954 Rcvd: 122141 CacheRatio: 0.03 (2012-11-05 17:02:50)
Worker: rmi://ip-10-32-53-246.eu-west-1.compute.internal:37534/6 Sent: 117809 Rcvd: 77981 CacheRatio: 0.03 (2012-11-05 17:02:50)
Worker: rmi://ip-10-32-53-246.eu-west-1.compute.internal:37534/4 Sent: 117622 Rcvd: 103188 CacheRatio: 0.03 (2012-11-05 17:02:50)
Worker: rmi://ip-10-32-50-218.eu-west-1.compute.internal:34315/2 Sent: 110265 Rcvd: 125895 CacheRatio: 0.02 (2012-11-05 17:02:50)
Worker: rmi://ip-10-32-49-241.eu-west-1.compute.internal:59172/1 Sent: 111947 Rcvd: 167245 CacheRatio: 0.03 (2012-11-05 17:02:50)
Worker: rmi://ip-10-33-145-62.eu-west-1.compute.internal:45006/7 Sent: 100960 Rcvd: 50750 CacheRatio: 0.03 (2012-11-05 17:02:50)
Worker: rmi://ip-10-33-145-20.eu-west-1.compute.internal:55251/4 Sent: 114171 Rcvd: 80778 CacheRatio: 0.03 (2012-11-05 17:02:50)
Worker: rmi://ip-10-32-49-215.eu-west-1.compute.internal:38760/3 Sent: 127114 Rcvd: 196274 CacheRatio: 0.03 (2012-11-05 17:02:50)
Model checking completed. No error has been found.
  Estimates of the probability that TLC did not check all reachable states
  because two distinct states had the same fingerprint:
  calculated (optimistic):  val = 0.0
  based on the actual fingerprints:  val = 7.9E-11
150982916 states generated, 16777216 distinct states found, 0 states left on queue.
The depth of the complete state graph search is 49.
Finished. (2012-11-05 17:03:06)
ip-10-32-53-154, work completed. Thank you!
