Listening for transport dt_socket at address: 1044
TLC Server Version 2.05 of 24 October 2012
Parsing file /mnt/tlc/8032/spec/l10_n8.tla
Parsing file /mnt/tlc/8032/spec/GridPerformanceTest.tla
Parsing file /mnt/tlc/8032/tla/tla2sany/StandardModules/TLC.tla
Parsing file /mnt/tlc/8032/tla/tla2sany/StandardModules/Integers.tla
Parsing file /mnt/tlc/8032/tla/tla2sany/StandardModules/FiniteSets.tla
Parsing file /mnt/tlc/8032/tla/tla2sany/StandardModules/Naturals.tla
Parsing file /mnt/tlc/8032/tla/tla2sany/StandardModules/Sequences.tla
Semantic processing of module Naturals
Semantic processing of module Integers
Semantic processing of module Sequences
Semantic processing of module FiniteSets
Semantic processing of module GridPerformanceTest
Semantic processing of module TLC
Semantic processing of module l10_n8
Starting... (2012-11-05 16:05:46)
Computing initial states...
Finished computing initial states: 1 distinct state(s) generated.
TLC server at ip-10-32-42-252 is ready (2012-11-05 16:06:27)
Done waiting for FPSet server(s) (2012-11-05 16:06:27)
Registration for worker at rmi://ip-10-32-42-250.eu-west-1.compute.internal:58863/6 completed (2012-11-05 16:06:39)
Registration for worker at rmi://ip-10-32-42-250.eu-west-1.compute.internal:58863/4 completed (2012-11-05 16:06:39)
Registration for worker at rmi://ip-10-32-42-250.eu-west-1.compute.internal:58863/1 completed (2012-11-05 16:06:39)
Registration for worker at rmi://ip-10-32-42-250.eu-west-1.compute.internal:58863/2 completed (2012-11-05 16:06:39)
Registration for worker at rmi://ip-10-32-42-250.eu-west-1.compute.internal:58863/7 completed (2012-11-05 16:06:39)
Registration for worker at rmi://ip-10-32-42-250.eu-west-1.compute.internal:58863/3 completed (2012-11-05 16:06:39)
Registration for worker at rmi://ip-10-32-42-250.eu-west-1.compute.internal:58863/0 completed (2012-11-05 16:06:39)
Registration for worker at rmi://ip-10-32-42-250.eu-west-1.compute.internal:58863/5 completed (2012-11-05 16:06:39)
Registration for worker at rmi://ip-10-32-54-156.eu-west-1.compute.internal:46486/1 completed (2012-11-05 16:06:39)
Registration for worker at rmi://ip-10-32-54-156.eu-west-1.compute.internal:46486/4 completed (2012-11-05 16:06:39)
Registration for worker at rmi://ip-10-32-54-156.eu-west-1.compute.internal:46486/3 completed (2012-11-05 16:06:39)
Registration for worker at rmi://ip-10-32-54-156.eu-west-1.compute.internal:46486/5 completed (2012-11-05 16:06:39)
Registration for worker at rmi://ip-10-32-54-156.eu-west-1.compute.internal:46486/2 completed (2012-11-05 16:06:39)
Registration for worker at rmi://ip-10-32-54-156.eu-west-1.compute.internal:46486/7 completed (2012-11-05 16:06:39)
Registration for worker at rmi://ip-10-32-54-156.eu-west-1.compute.internal:46486/0 completed (2012-11-05 16:06:39)
Registration for worker at rmi://ip-10-32-54-156.eu-west-1.compute.internal:46486/6 completed (2012-11-05 16:06:39)
Registration for worker at rmi://ip-10-32-49-72.eu-west-1.compute.internal:39297/1 completed (2012-11-05 16:06:39)
Registration for worker at rmi://ip-10-32-49-72.eu-west-1.compute.internal:39297/2 completed (2012-11-05 16:06:39)
Registration for worker at rmi://ip-10-32-49-72.eu-west-1.compute.internal:39297/0 completed (2012-11-05 16:06:39)
Registration for worker at rmi://ip-10-32-49-72.eu-west-1.compute.internal:39297/5 completed (2012-11-05 16:06:39)
Registration for worker at rmi://ip-10-32-43-72.eu-west-1.compute.internal:33151/2 completed (2012-11-05 16:06:39)
Registration for worker at rmi://ip-10-32-43-72.eu-west-1.compute.internal:33151/0 completed (2012-11-05 16:06:39)
Registration for worker at rmi://ip-10-32-43-72.eu-west-1.compute.internal:33151/1 completed (2012-11-05 16:06:39)
Registration for worker at rmi://ip-10-32-43-72.eu-west-1.compute.internal:33151/5 completed (2012-11-05 16:06:39)
Registration for worker at rmi://ip-10-32-43-72.eu-west-1.compute.internal:33151/6 completed (2012-11-05 16:06:39)
Registration for worker at rmi://ip-10-32-43-72.eu-west-1.compute.internal:33151/4 completed (2012-11-05 16:06:39)
Registration for worker at rmi://ip-10-32-43-72.eu-west-1.compute.internal:33151/3 completed (2012-11-05 16:06:39)
Registration for worker at rmi://ip-10-32-49-70.eu-west-1.compute.internal:54115/7 completed (2012-11-05 16:06:39)
Registration for worker at rmi://ip-10-32-49-72.eu-west-1.compute.internal:39297/7 completed (2012-11-05 16:06:39)
Registration for worker at rmi://ip-10-32-43-72.eu-west-1.compute.internal:33151/7 completed (2012-11-05 16:06:40)
Registration for worker at rmi://ip-10-32-49-70.eu-west-1.compute.internal:54115/2 completed (2012-11-05 16:06:40)
Registration for worker at rmi://ip-10-32-49-70.eu-west-1.compute.internal:54115/5 completed (2012-11-05 16:06:40)
Registration for worker at rmi://ip-10-32-49-70.eu-west-1.compute.internal:54115/3 completed (2012-11-05 16:06:40)
Registration for worker at rmi://ip-10-32-49-70.eu-west-1.compute.internal:54115/0 completed (2012-11-05 16:06:40)
Registration for worker at rmi://ip-10-32-49-70.eu-west-1.compute.internal:54115/6 completed (2012-11-05 16:06:40)
Registration for worker at rmi://ip-10-32-49-70.eu-west-1.compute.internal:54115/4 completed (2012-11-05 16:06:40)
Registration for worker at rmi://ip-10-32-49-70.eu-west-1.compute.internal:54115/1 completed (2012-11-05 16:06:40)
Registration for worker at rmi://ip-10-32-49-68.eu-west-1.compute.internal:38213/6 completed (2012-11-05 16:06:40)
Registration for worker at rmi://ip-10-32-49-68.eu-west-1.compute.internal:38213/7 completed (2012-11-05 16:06:40)
Registration for worker at rmi://ip-10-32-49-68.eu-west-1.compute.internal:38213/3 completed (2012-11-05 16:06:40)
Registration for worker at rmi://ip-10-32-49-68.eu-west-1.compute.internal:38213/0 completed (2012-11-05 16:06:40)
Registration for worker at rmi://ip-10-32-49-68.eu-west-1.compute.internal:38213/2 completed (2012-11-05 16:06:40)
Registration for worker at rmi://ip-10-32-49-68.eu-west-1.compute.internal:38213/5 completed (2012-11-05 16:06:40)
Registration for worker at rmi://ip-10-32-49-68.eu-west-1.compute.internal:38213/1 completed (2012-11-05 16:06:40)
Registration for worker at rmi://ip-10-32-49-68.eu-west-1.compute.internal:38213/4 completed (2012-11-05 16:06:40)
Registration for worker at rmi://ip-10-32-49-72.eu-west-1.compute.internal:39297/3 completed (2012-11-05 16:06:40)
Registration for worker at rmi://ip-10-32-49-72.eu-west-1.compute.internal:39297/6 completed (2012-11-05 16:06:40)
Registration for worker at rmi://ip-10-32-49-72.eu-west-1.compute.internal:39297/4 completed (2012-11-05 16:06:40)
Registration for worker at rmi://ip-10-32-42-109.eu-west-1.compute.internal:41834/1 completed (2012-11-05 16:06:40)
Registration for worker at rmi://ip-10-32-42-109.eu-west-1.compute.internal:41834/3 completed (2012-11-05 16:06:40)
Registration for worker at rmi://ip-10-32-42-109.eu-west-1.compute.internal:41834/0 completed (2012-11-05 16:06:40)
Registration for worker at rmi://ip-10-32-42-109.eu-west-1.compute.internal:41834/5 completed (2012-11-05 16:06:40)
Registration for worker at rmi://ip-10-32-42-109.eu-west-1.compute.internal:41834/7 completed (2012-11-05 16:06:40)
Registration for worker at rmi://ip-10-32-42-109.eu-west-1.compute.internal:41834/6 completed (2012-11-05 16:06:40)
Registration for worker at rmi://ip-10-32-42-109.eu-west-1.compute.internal:41834/2 completed (2012-11-05 16:06:40)
Registration for worker at rmi://ip-10-32-42-109.eu-west-1.compute.internal:41834/4 completed (2012-11-05 16:06:40)
Registration for worker at rmi://ip-10-32-54-71.eu-west-1.compute.internal:41900/2 completed (2012-11-05 16:06:40)
Registration for worker at rmi://ip-10-32-54-71.eu-west-1.compute.internal:41900/4 completed (2012-11-05 16:06:40)
Registration for worker at rmi://ip-10-32-54-71.eu-west-1.compute.internal:41900/1 completed (2012-11-05 16:06:40)
Registration for worker at rmi://ip-10-32-54-71.eu-west-1.compute.internal:41900/7 completed (2012-11-05 16:06:40)
Registration for worker at rmi://ip-10-32-54-71.eu-west-1.compute.internal:41900/5 completed (2012-11-05 16:06:40)
Registration for worker at rmi://ip-10-32-54-71.eu-west-1.compute.internal:41900/6 completed (2012-11-05 16:06:40)
Registration for worker at rmi://ip-10-32-54-71.eu-west-1.compute.internal:41900/0 completed (2012-11-05 16:06:40)
Registration for worker at rmi://ip-10-32-54-71.eu-west-1.compute.internal:41900/3 completed (2012-11-05 16:06:40)
Registration for worker at rmi://ip-10-32-41-233.eu-west-1.compute.internal:55294/4 completed (2012-11-05 16:06:40)
Registration for worker at rmi://ip-10-32-41-233.eu-west-1.compute.internal:55294/2 completed (2012-11-05 16:06:40)
Registration for worker at rmi://ip-10-32-41-233.eu-west-1.compute.internal:55294/1 completed (2012-11-05 16:06:40)
Registration for worker at rmi://ip-10-32-41-233.eu-west-1.compute.internal:55294/5 completed (2012-11-05 16:06:40)
Registration for worker at rmi://ip-10-32-41-233.eu-west-1.compute.internal:55294/7 completed (2012-11-05 16:06:40)
Registration for worker at rmi://ip-10-32-41-233.eu-west-1.compute.internal:55294/6 completed (2012-11-05 16:06:40)
Registration for worker at rmi://ip-10-32-41-233.eu-west-1.compute.internal:55294/0 completed (2012-11-05 16:06:40)
Registration for worker at rmi://ip-10-32-41-233.eu-west-1.compute.internal:55294/3 completed (2012-11-05 16:06:40)
Registration for worker at rmi://ip-10-32-54-143.eu-west-1.compute.internal:51634/1 completed (2012-11-05 16:06:40)
Registration for worker at rmi://ip-10-32-54-143.eu-west-1.compute.internal:51634/6 completed (2012-11-05 16:06:40)
Registration for worker at rmi://ip-10-32-54-143.eu-west-1.compute.internal:51634/4 completed (2012-11-05 16:06:40)
Registration for worker at rmi://ip-10-32-54-143.eu-west-1.compute.internal:51634/5 completed (2012-11-05 16:06:40)
Registration for worker at rmi://ip-10-32-54-143.eu-west-1.compute.internal:51634/0 completed (2012-11-05 16:06:40)
Registration for worker at rmi://ip-10-32-54-143.eu-west-1.compute.internal:51634/2 completed (2012-11-05 16:06:40)
Registration for worker at rmi://ip-10-32-54-143.eu-west-1.compute.internal:51634/3 completed (2012-11-05 16:06:40)
Registration for worker at rmi://ip-10-32-54-143.eu-west-1.compute.internal:51634/7 completed (2012-11-05 16:06:40)
Registration for worker at rmi://ip-10-33-145-7.eu-west-1.compute.internal:42223/4 completed (2012-11-05 16:06:40)
Registration for worker at rmi://ip-10-33-145-7.eu-west-1.compute.internal:42223/7 completed (2012-11-05 16:06:40)
Registration for worker at rmi://ip-10-33-145-7.eu-west-1.compute.internal:42223/3 completed (2012-11-05 16:06:40)
Registration for worker at rmi://ip-10-33-145-7.eu-west-1.compute.internal:42223/6 completed (2012-11-05 16:06:40)
Registration for worker at rmi://ip-10-33-145-7.eu-west-1.compute.internal:42223/1 completed (2012-11-05 16:06:40)
Registration for worker at rmi://ip-10-33-145-7.eu-west-1.compute.internal:42223/0 completed (2012-11-05 16:06:40)
Registration for worker at rmi://ip-10-33-145-7.eu-west-1.compute.internal:42223/5 completed (2012-11-05 16:06:40)
Registration for worker at rmi://ip-10-33-145-7.eu-west-1.compute.internal:42223/2 completed (2012-11-05 16:06:40)
Registration for worker at rmi://ip-10-32-43-104.eu-west-1.compute.internal:58211/7 completed (2012-11-05 16:06:40)
Registration for worker at rmi://ip-10-32-43-104.eu-west-1.compute.internal:58211/0 completed (2012-11-05 16:06:40)
Registration for worker at rmi://ip-10-32-43-104.eu-west-1.compute.internal:58211/3 completed (2012-11-05 16:06:40)
Registration for worker at rmi://ip-10-32-43-104.eu-west-1.compute.internal:58211/5 completed (2012-11-05 16:06:40)
Registration for worker at rmi://ip-10-32-43-104.eu-west-1.compute.internal:58211/1 completed (2012-11-05 16:06:40)
Registration for worker at rmi://ip-10-32-43-104.eu-west-1.compute.internal:58211/2 completed (2012-11-05 16:06:40)
Registration for worker at rmi://ip-10-32-43-104.eu-west-1.compute.internal:58211/6 completed (2012-11-05 16:06:40)
Registration for worker at rmi://ip-10-32-43-104.eu-west-1.compute.internal:58211/4 completed (2012-11-05 16:06:40)
Registration for worker at rmi://ip-10-32-42-124.eu-west-1.compute.internal:41773/2 completed (2012-11-05 16:06:40)
Registration for worker at rmi://ip-10-32-42-124.eu-west-1.compute.internal:41773/7 completed (2012-11-05 16:06:40)
Registration for worker at rmi://ip-10-32-42-124.eu-west-1.compute.internal:41773/4 completed (2012-11-05 16:06:40)
Registration for worker at rmi://ip-10-32-42-124.eu-west-1.compute.internal:41773/5 completed (2012-11-05 16:06:40)
Registration for worker at rmi://ip-10-32-42-124.eu-west-1.compute.internal:41773/0 completed (2012-11-05 16:06:40)
Registration for worker at rmi://ip-10-32-42-124.eu-west-1.compute.internal:41773/3 completed (2012-11-05 16:06:40)
Registration for worker at rmi://ip-10-32-42-124.eu-west-1.compute.internal:41773/1 completed (2012-11-05 16:06:40)
Registration for worker at rmi://ip-10-32-42-124.eu-west-1.compute.internal:41773/6 completed (2012-11-05 16:06:40)
Registration for worker at rmi://ip-10-32-42-119.eu-west-1.compute.internal:48567/1 completed (2012-11-05 16:06:40)
Registration for worker at rmi://ip-10-32-42-119.eu-west-1.compute.internal:48567/6 completed (2012-11-05 16:06:40)
Registration for worker at rmi://ip-10-32-42-119.eu-west-1.compute.internal:48567/4 completed (2012-11-05 16:06:40)
Registration for worker at rmi://ip-10-32-42-119.eu-west-1.compute.internal:48567/0 completed (2012-11-05 16:06:40)
Registration for worker at rmi://ip-10-32-42-119.eu-west-1.compute.internal:48567/5 completed (2012-11-05 16:06:40)
Registration for worker at rmi://ip-10-32-42-119.eu-west-1.compute.internal:48567/2 completed (2012-11-05 16:06:40)
Registration for worker at rmi://ip-10-32-42-119.eu-west-1.compute.internal:48567/7 completed (2012-11-05 16:06:40)
Registration for worker at rmi://ip-10-32-42-119.eu-west-1.compute.internal:48567/3 completed (2012-11-05 16:06:40)
Registration for worker at rmi://ip-10-32-49-121.eu-west-1.compute.internal:57721/5 completed (2012-11-05 16:06:40)
Registration for worker at rmi://ip-10-32-49-121.eu-west-1.compute.internal:57721/3 completed (2012-11-05 16:06:40)
Registration for worker at rmi://ip-10-32-49-121.eu-west-1.compute.internal:57721/4 completed (2012-11-05 16:06:40)
Registration for worker at rmi://ip-10-32-49-121.eu-west-1.compute.internal:57721/7 completed (2012-11-05 16:06:40)
Registration for worker at rmi://ip-10-32-49-121.eu-west-1.compute.internal:57721/2 completed (2012-11-05 16:06:40)
Registration for worker at rmi://ip-10-32-49-121.eu-west-1.compute.internal:57721/0 completed (2012-11-05 16:06:40)
Registration for worker at rmi://ip-10-32-49-121.eu-west-1.compute.internal:57721/1 completed (2012-11-05 16:06:40)
Registration for worker at rmi://ip-10-32-49-121.eu-west-1.compute.internal:57721/6 completed (2012-11-05 16:06:40)
Registration for worker at rmi://ip-10-33-145-62.eu-west-1.compute.internal:48768/5 completed (2012-11-05 16:06:40)
Registration for worker at rmi://ip-10-33-145-62.eu-west-1.compute.internal:48768/7 completed (2012-11-05 16:06:40)
Registration for worker at rmi://ip-10-33-145-62.eu-west-1.compute.internal:48768/4 completed (2012-11-05 16:06:40)
Registration for worker at rmi://ip-10-33-145-62.eu-west-1.compute.internal:48768/2 completed (2012-11-05 16:06:40)
Registration for worker at rmi://ip-10-33-145-62.eu-west-1.compute.internal:48768/1 completed (2012-11-05 16:06:40)
Registration for worker at rmi://ip-10-33-145-62.eu-west-1.compute.internal:48768/6 completed (2012-11-05 16:06:40)
Registration for worker at rmi://ip-10-33-145-62.eu-west-1.compute.internal:48768/0 completed (2012-11-05 16:06:40)
Registration for worker at rmi://ip-10-33-145-62.eu-west-1.compute.internal:48768/3 completed (2012-11-05 16:06:40)
Registration for worker at rmi://ip-10-32-42-97.eu-west-1.compute.internal:41969/4 completed (2012-11-05 16:06:40)
Registration for worker at rmi://ip-10-32-42-97.eu-west-1.compute.internal:41969/0 completed (2012-11-05 16:06:40)
Registration for worker at rmi://ip-10-32-42-97.eu-west-1.compute.internal:41969/3 completed (2012-11-05 16:06:40)
Registration for worker at rmi://ip-10-32-42-97.eu-west-1.compute.internal:41969/7 completed (2012-11-05 16:06:40)
Registration for worker at rmi://ip-10-32-42-97.eu-west-1.compute.internal:41969/1 completed (2012-11-05 16:06:40)
Registration for worker at rmi://ip-10-32-42-97.eu-west-1.compute.internal:41969/5 completed (2012-11-05 16:06:40)
Registration for worker at rmi://ip-10-32-42-97.eu-west-1.compute.internal:41969/6 completed (2012-11-05 16:06:40)
Registration for worker at rmi://ip-10-32-42-97.eu-west-1.compute.internal:41969/2 completed (2012-11-05 16:06:40)
Registration for worker at rmi://ip-10-32-42-226.eu-west-1.compute.internal:51806/5 completed (2012-11-05 16:06:40)
Registration for worker at rmi://ip-10-32-42-226.eu-west-1.compute.internal:51806/3 completed (2012-11-05 16:06:40)
Registration for worker at rmi://ip-10-32-42-226.eu-west-1.compute.internal:51806/0 completed (2012-11-05 16:06:40)
Registration for worker at rmi://ip-10-32-42-226.eu-west-1.compute.internal:51806/6 completed (2012-11-05 16:06:40)
Registration for worker at rmi://ip-10-32-42-226.eu-west-1.compute.internal:51806/4 completed (2012-11-05 16:06:40)
Registration for worker at rmi://ip-10-32-42-226.eu-west-1.compute.internal:51806/7 completed (2012-11-05 16:06:40)
Registration for worker at rmi://ip-10-32-42-226.eu-west-1.compute.internal:51806/2 completed (2012-11-05 16:06:40)
Registration for worker at rmi://ip-10-32-42-226.eu-west-1.compute.internal:51806/1 completed (2012-11-05 16:06:40)
Progress(25) at 2012-11-05 16:07:27: 39427506 states generated (39,427,506 s/min), 6079519 distinct states found (6,079,519 ds/min), 1910624 states left on queue.
Progress(40) at 2012-11-05 16:08:27: 96066234 states generated (56,638,728 s/min), 12410497 distinct states found (6,330,978 ds/min), 1952942 states left on queue.
Worker: rmi://ip-10-32-49-70.eu-west-1.compute.internal:54115/4 Sent: 115480 Rcvd: 87582 CacheRatio: 0.03 (2012-11-05 16:09:26)
Worker: rmi://ip-10-32-49-70.eu-west-1.compute.internal:54115/0 Sent: 121226 Rcvd: 135477 CacheRatio: 0.03 (2012-11-05 16:09:26)
Worker: rmi://ip-10-32-42-124.eu-west-1.compute.internal:41773/2 Sent: 117457 Rcvd: 103277 CacheRatio: 0.03 (2012-11-05 16:09:26)
Worker: rmi://ip-10-32-43-72.eu-west-1.compute.internal:33151/7 Sent: 121410 Rcvd: 175612 CacheRatio: 0.03 (2012-11-05 16:09:26)
Worker: rmi://ip-10-32-49-72.eu-west-1.compute.internal:39297/7 Sent: 120558 Rcvd: 153244 CacheRatio: 0.03 (2012-11-05 16:09:26)
Worker: rmi://ip-10-32-42-97.eu-west-1.compute.internal:41969/0 Sent: 110840 Rcvd: 76378 CacheRatio: 0.03 (2012-11-05 16:09:26)
Worker: rmi://ip-10-32-42-109.eu-west-1.compute.internal:41834/0 Sent: 120963 Rcvd: 174688 CacheRatio: 0.03 (2012-11-05 16:09:26)
Worker: rmi://ip-10-32-49-72.eu-west-1.compute.internal:39297/6 Sent: 120621 Rcvd: 160799 CacheRatio: 0.03 (2012-11-05 16:09:26)
Worker: rmi://ip-10-32-42-124.eu-west-1.compute.internal:41773/6 Sent: 120237 Rcvd: 109765 CacheRatio: 0.03 (2012-11-05 16:09:26)
Worker: rmi://ip-10-32-54-156.eu-west-1.compute.internal:46486/2 Sent: 117561 Rcvd: 135628 CacheRatio: 0.04 (2012-11-05 16:09:26)
Worker: rmi://ip-10-32-49-72.eu-west-1.compute.internal:39297/4 Sent: 120847 Rcvd: 146823 CacheRatio: 0.03 (2012-11-05 16:09:26)
Worker: rmi://ip-10-32-42-109.eu-west-1.compute.internal:41834/6 Sent: 122415 Rcvd: 188508 CacheRatio: 0.03 (2012-11-05 16:09:26)
Worker: rmi://ip-10-32-42-109.eu-west-1.compute.internal:41834/7 Sent: 122067 Rcvd: 175738 CacheRatio: 0.03 (2012-11-05 16:09:26)
Worker: rmi://ip-10-33-145-62.eu-west-1.compute.internal:48768/5 Sent: 103697 Rcvd: 45610 CacheRatio: 0.03 (2012-11-05 16:09:26)
Worker: rmi://ip-10-32-41-233.eu-west-1.compute.internal:55294/4 Sent: 129415 Rcvd: 245415 CacheRatio: 0.03 (2012-11-05 16:09:26)
Worker: rmi://ip-10-32-42-97.eu-west-1.compute.internal:41969/5 Sent: 111029 Rcvd: 70882 CacheRatio: 0.03 (2012-11-05 16:09:26)
Worker: rmi://ip-10-32-41-233.eu-west-1.compute.internal:55294/1 Sent: 128771 Rcvd: 251280 CacheRatio: 0.03 (2012-11-05 16:09:26)
Worker: rmi://ip-10-32-49-70.eu-west-1.compute.internal:54115/3 Sent: 122778 Rcvd: 176742 CacheRatio: 0.03 (2012-11-05 16:09:26)
Worker: rmi://ip-10-33-145-62.eu-west-1.compute.internal:48768/6 Sent: 102516 Rcvd: 40690 CacheRatio: 0.03 (2012-11-05 16:09:26)
Worker: rmi://ip-10-32-43-72.eu-west-1.compute.internal:33151/3 Sent: 120619 Rcvd: 203998 CacheRatio: 0.03 (2012-11-05 16:09:26)
Worker: rmi://ip-10-32-42-109.eu-west-1.compute.internal:41834/3 Sent: 122253 Rcvd: 182225 CacheRatio: 0.03 (2012-11-05 16:09:26)
Worker: rmi://ip-10-32-49-70.eu-west-1.compute.internal:54115/5 Sent: 120808 Rcvd: 183922 CacheRatio: 0.03 (2012-11-05 16:09:26)
Worker: rmi://ip-10-32-49-68.eu-west-1.compute.internal:38213/3 Sent: 118836 Rcvd: 166704 CacheRatio: 0.03 (2012-11-05 16:09:26)
Worker: rmi://ip-10-32-42-119.eu-west-1.compute.internal:48567/0 Sent: 111206 Rcvd: 66199 CacheRatio: 0.03 (2012-11-05 16:09:26)
Worker: rmi://ip-10-32-49-121.eu-west-1.compute.internal:57721/6 Sent: 115251 Rcvd: 82488 CacheRatio: 0.03 (2012-11-05 16:09:26)
Worker: rmi://ip-10-32-54-71.eu-west-1.compute.internal:41900/6 Sent: 118735 Rcvd: 146383 CacheRatio: 0.03 (2012-11-05 16:09:26)
Worker: rmi://ip-10-32-42-250.eu-west-1.compute.internal:58863/2 Sent: 116785 Rcvd: 122668 CacheRatio: 0.03 (2012-11-05 16:09:26)
Worker: rmi://ip-10-32-49-72.eu-west-1.compute.internal:39297/3 Sent: 120853 Rcvd: 149484 CacheRatio: 0.03 (2012-11-05 16:09:26)
Worker: rmi://ip-10-32-42-97.eu-west-1.compute.internal:41969/7 Sent: 110132 Rcvd: 72121 CacheRatio: 0.02 (2012-11-05 16:09:26)
Worker: rmi://ip-10-32-49-68.eu-west-1.compute.internal:38213/2 Sent: 118754 Rcvd: 131788 CacheRatio: 0.03 (2012-11-05 16:09:26)
Worker: rmi://ip-10-32-42-119.eu-west-1.compute.internal:48567/2 Sent: 111101 Rcvd: 72203 CacheRatio: 0.03 (2012-11-05 16:09:26)
Worker: rmi://ip-10-32-43-104.eu-west-1.compute.internal:58211/1 Sent: 106561 Rcvd: 43605 CacheRatio: 0.02 (2012-11-05 16:09:26)
Worker: rmi://ip-10-32-49-72.eu-west-1.compute.internal:39297/1 Sent: 122804 Rcvd: 188926 CacheRatio: 0.03 (2012-11-05 16:09:26)
Worker: rmi://ip-10-32-54-156.eu-west-1.compute.internal:46486/6 Sent: 117946 Rcvd: 112134 CacheRatio: 0.03 (2012-11-05 16:09:26)
Worker: rmi://ip-10-32-42-109.eu-west-1.compute.internal:41834/1 Sent: 121934 Rcvd: 189713 CacheRatio: 0.03 (2012-11-05 16:09:26)
Worker: rmi://ip-10-33-145-62.eu-west-1.compute.internal:48768/0 Sent: 102317 Rcvd: 45837 CacheRatio: 0.04 (2012-11-05 16:09:26)
Worker: rmi://ip-10-32-43-72.eu-west-1.compute.internal:33151/6 Sent: 120275 Rcvd: 146974 CacheRatio: 0.03 (2012-11-05 16:09:26)
Worker: rmi://ip-10-32-42-109.eu-west-1.compute.internal:41834/5 Sent: 121540 Rcvd: 206742 CacheRatio: 0.03 (2012-11-05 16:09:26)
Worker: rmi://ip-10-32-54-156.eu-west-1.compute.internal:46486/5 Sent: 118850 Rcvd: 103877 CacheRatio: 0.03 (2012-11-05 16:09:26)
Worker: rmi://ip-10-32-54-156.eu-west-1.compute.internal:46486/0 Sent: 119297 Rcvd: 122352 CacheRatio: 0.03 (2012-11-05 16:09:26)
Worker: rmi://ip-10-32-42-250.eu-west-1.compute.internal:58863/1 Sent: 116117 Rcvd: 108078 CacheRatio: 0.03 (2012-11-05 16:09:26)
Worker: rmi://ip-10-32-42-226.eu-west-1.compute.internal:51806/1 Sent: 111595 Rcvd: 76438 CacheRatio: 0.03 (2012-11-05 16:09:26)
Worker: rmi://ip-10-32-43-72.eu-west-1.compute.internal:33151/0 Sent: 120919 Rcvd: 156223 CacheRatio: 0.03 (2012-11-05 16:09:26)
Worker: rmi://ip-10-33-145-7.eu-west-1.compute.internal:42223/5 Sent: 117681 Rcvd: 105502 CacheRatio: 0.03 (2012-11-05 16:09:26)
Worker: rmi://ip-10-32-42-226.eu-west-1.compute.internal:51806/6 Sent: 111226 Rcvd: 75345 CacheRatio: 0.03 (2012-11-05 16:09:26)
Worker: rmi://ip-10-32-54-143.eu-west-1.compute.internal:51634/6 Sent: 121489 Rcvd: 171758 CacheRatio: 0.04 (2012-11-05 16:09:26)
Worker: rmi://ip-10-32-49-68.eu-west-1.compute.internal:38213/0 Sent: 115221 Rcvd: 90185 CacheRatio: 0.03 (2012-11-05 16:09:26)
Worker: rmi://ip-10-32-49-121.eu-west-1.compute.internal:57721/7 Sent: 113721 Rcvd: 76433 CacheRatio: 0.03 (2012-11-05 16:09:26)
Worker: rmi://ip-10-33-145-62.eu-west-1.compute.internal:48768/1 Sent: 102527 Rcvd: 50915 CacheRatio: 0.03 (2012-11-05 16:09:26)
Worker: rmi://ip-10-32-42-97.eu-west-1.compute.internal:41969/3 Sent: 109874 Rcvd: 67844 CacheRatio: 0.03 (2012-11-05 16:09:26)
Worker: rmi://ip-10-32-42-226.eu-west-1.compute.internal:51806/3 Sent: 111531 Rcvd: 64393 CacheRatio: 0.03 (2012-11-05 16:09:26)
Worker: rmi://ip-10-32-54-143.eu-west-1.compute.internal:51634/3 Sent: 120825 Rcvd: 153917 CacheRatio: 0.03 (2012-11-05 16:09:26)
Worker: rmi://ip-10-32-43-72.eu-west-1.compute.internal:33151/5 Sent: 120860 Rcvd: 172995 CacheRatio: 0.03 (2012-11-05 16:09:26)
Worker: rmi://ip-10-32-49-121.eu-west-1.compute.internal:57721/4 Sent: 111571 Rcvd: 91065 CacheRatio: 0.03 (2012-11-05 16:09:26)
Worker: rmi://ip-10-32-54-71.eu-west-1.compute.internal:41900/5 Sent: 118238 Rcvd: 125351 CacheRatio: 0.03 (2012-11-05 16:09:26)
Worker: rmi://ip-10-32-42-109.eu-west-1.compute.internal:41834/4 Sent: 121215 Rcvd: 167170 CacheRatio: 0.03 (2012-11-05 16:09:26)
Worker: rmi://ip-10-32-42-124.eu-west-1.compute.internal:41773/7 Sent: 117516 Rcvd: 129351 CacheRatio: 0.03 (2012-11-05 16:09:26)
Worker: rmi://ip-10-32-54-143.eu-west-1.compute.internal:51634/0 Sent: 120559 Rcvd: 159398 CacheRatio: 0.03 (2012-11-05 16:09:26)
Worker: rmi://ip-10-32-42-250.eu-west-1.compute.internal:58863/3 Sent: 116077 Rcvd: 90436 CacheRatio: 0.03 (2012-11-05 16:09:26)
Worker: rmi://ip-10-32-49-121.eu-west-1.compute.internal:57721/1 Sent: 112071 Rcvd: 94624 CacheRatio: 0.03 (2012-11-05 16:09:26)
Worker: rmi://ip-10-32-49-70.eu-west-1.compute.internal:54115/7 Sent: 119975 Rcvd: 144997 CacheRatio: 0.02 (2012-11-05 16:09:26)
Worker: rmi://ip-10-32-42-250.eu-west-1.compute.internal:58863/5 Sent: 116134 Rcvd: 121372 CacheRatio: 0.03 (2012-11-05 16:09:26)
Worker: rmi://ip-10-33-145-7.eu-west-1.compute.internal:42223/0 Sent: 117174 Rcvd: 127484 CacheRatio: 0.03 (2012-11-05 16:09:26)
Worker: rmi://ip-10-32-41-233.eu-west-1.compute.internal:55294/0 Sent: 129294 Rcvd: 271535 CacheRatio: 0.03 (2012-11-05 16:09:26)
Worker: rmi://ip-10-32-42-250.eu-west-1.compute.internal:58863/6 Sent: 116792 Rcvd: 95144 CacheRatio: 0.03 (2012-11-05 16:09:26)
Worker: rmi://ip-10-32-54-143.eu-west-1.compute.internal:51634/7 Sent: 124867 Rcvd: 185871 CacheRatio: 0.03 (2012-11-05 16:09:26)
Worker: rmi://ip-10-32-43-104.eu-west-1.compute.internal:58211/4 Sent: 106398 Rcvd: 59808 CacheRatio: 0.03 (2012-11-05 16:09:26)
Worker: rmi://ip-10-32-42-124.eu-west-1.compute.internal:41773/0 Sent: 117032 Rcvd: 123655 CacheRatio: 0.03 (2012-11-05 16:09:26)
Worker: rmi://ip-10-32-41-233.eu-west-1.compute.internal:55294/3 Sent: 129520 Rcvd: 266022 CacheRatio: 0.03 (2012-11-05 16:09:26)
Worker: rmi://ip-10-32-49-68.eu-west-1.compute.internal:38213/6 Sent: 119381 Rcvd: 128892 CacheRatio: 0.03 (2012-11-05 16:09:26)
Worker: rmi://ip-10-32-54-71.eu-west-1.compute.internal:41900/2 Sent: 118485 Rcvd: 109448 CacheRatio: 0.03 (2012-11-05 16:09:26)
Worker: rmi://ip-10-32-49-121.eu-west-1.compute.internal:57721/2 Sent: 111750 Rcvd: 71187 CacheRatio: 0.04 (2012-11-05 16:09:26)
Worker: rmi://ip-10-33-145-7.eu-west-1.compute.internal:42223/3 Sent: 116894 Rcvd: 129563 CacheRatio: 0.03 (2012-11-05 16:09:26)
Worker: rmi://ip-10-32-49-70.eu-west-1.compute.internal:54115/1 Sent: 120071 Rcvd: 182906 CacheRatio: 0.03 (2012-11-05 16:09:26)
Worker: rmi://ip-10-32-54-71.eu-west-1.compute.internal:41900/4 Sent: 118661 Rcvd: 149774 CacheRatio: 0.03 (2012-11-05 16:09:26)
Worker: rmi://ip-10-33-145-7.eu-west-1.compute.internal:42223/7 Sent: 117380 Rcvd: 127905 CacheRatio: 0.03 (2012-11-05 16:09:26)
Worker: rmi://ip-10-33-145-62.eu-west-1.compute.internal:48768/2 Sent: 102321 Rcvd: 53191 CacheRatio: 0.03 (2012-11-05 16:09:26)
Worker: rmi://ip-10-32-43-104.eu-west-1.compute.internal:58211/5 Sent: 106034 Rcvd: 46554 CacheRatio: 0.03 (2012-11-05 16:09:26)
Worker: rmi://ip-10-32-41-233.eu-west-1.compute.internal:55294/6 Sent: 129744 Rcvd: 258305 CacheRatio: 0.03 (2012-11-05 16:09:26)
Worker: rmi://ip-10-33-145-7.eu-west-1.compute.internal:42223/1 Sent: 117387 Rcvd: 117495 CacheRatio: 0.03 (2012-11-05 16:09:26)
Worker: rmi://ip-10-32-43-72.eu-west-1.compute.internal:33151/4 Sent: 121108 Rcvd: 170249 CacheRatio: 0.03 (2012-11-05 16:09:26)
Worker: rmi://ip-10-32-42-124.eu-west-1.compute.internal:41773/1 Sent: 116822 Rcvd: 158434 CacheRatio: 0.02 (2012-11-05 16:09:26)
Worker: rmi://ip-10-32-42-97.eu-west-1.compute.internal:41969/1 Sent: 110792 Rcvd: 65433 CacheRatio: 0.03 (2012-11-05 16:09:26)
Worker: rmi://ip-10-32-49-121.eu-west-1.compute.internal:57721/3 Sent: 111895 Rcvd: 82215 CacheRatio: 0.03 (2012-11-05 16:09:26)
Worker: rmi://ip-10-32-42-119.eu-west-1.compute.internal:48567/4 Sent: 111009 Rcvd: 84931 CacheRatio: 0.03 (2012-11-05 16:09:26)
Worker: rmi://ip-10-32-42-109.eu-west-1.compute.internal:41834/2 Sent: 121013 Rcvd: 201621 CacheRatio: 0.03 (2012-11-05 16:09:26)
Worker: rmi://ip-10-32-43-72.eu-west-1.compute.internal:33151/1 Sent: 121944 Rcvd: 193149 CacheRatio: 0.03 (2012-11-05 16:09:26)
Worker: rmi://ip-10-32-42-226.eu-west-1.compute.internal:51806/4 Sent: 110489 Rcvd: 78050 CacheRatio: 0.03 (2012-11-05 16:09:26)
Worker: rmi://ip-10-32-49-121.eu-west-1.compute.internal:57721/5 Sent: 112304 Rcvd: 82110 CacheRatio: 0.03 (2012-11-05 16:09:26)
Worker: rmi://ip-10-32-49-68.eu-west-1.compute.internal:38213/7 Sent: 116878 Rcvd: 88608 CacheRatio: 0.03 (2012-11-05 16:09:26)
Worker: rmi://ip-10-32-43-104.eu-west-1.compute.internal:58211/0 Sent: 107834 Rcvd: 42203 CacheRatio: 0.03 (2012-11-05 16:09:26)
Worker: rmi://ip-10-32-41-233.eu-west-1.compute.internal:55294/2 Sent: 129524 Rcvd: 229135 CacheRatio: 0.03 (2012-11-05 16:09:26)
Worker: rmi://ip-10-32-49-68.eu-west-1.compute.internal:38213/4 Sent: 120051 Rcvd: 144692 CacheRatio: 0.03 (2012-11-05 16:09:26)
Worker: rmi://ip-10-32-49-72.eu-west-1.compute.internal:39297/0 Sent: 121420 Rcvd: 152597 CacheRatio: 0.02 (2012-11-05 16:09:26)
Worker: rmi://ip-10-33-145-62.eu-west-1.compute.internal:48768/7 Sent: 99723 Rcvd: 39462 CacheRatio: 0.02 (2012-11-05 16:09:26)
Worker: rmi://ip-10-32-41-233.eu-west-1.compute.internal:55294/7 Sent: 130230 Rcvd: 230213 CacheRatio: 0.03 (2012-11-05 16:09:26)
Worker: rmi://ip-10-32-42-119.eu-west-1.compute.internal:48567/3 Sent: 111004 Rcvd: 84826 CacheRatio: 0.03 (2012-11-05 16:09:26)
Worker: rmi://ip-10-32-42-124.eu-west-1.compute.internal:41773/5 Sent: 117851 Rcvd: 111343 CacheRatio: 0.02 (2012-11-05 16:09:26)
Worker: rmi://ip-10-32-42-250.eu-west-1.compute.internal:58863/4 Sent: 117019 Rcvd: 96686 CacheRatio: 0.03 (2012-11-05 16:09:26)
Worker: rmi://ip-10-32-42-226.eu-west-1.compute.internal:51806/2 Sent: 109012 Rcvd: 63258 CacheRatio: 0.03 (2012-11-05 16:09:26)
Worker: rmi://ip-10-32-42-226.eu-west-1.compute.internal:51806/0 Sent: 110502 Rcvd: 73900 CacheRatio: 0.03 (2012-11-05 16:09:26)
Worker: rmi://ip-10-33-145-7.eu-west-1.compute.internal:42223/4 Sent: 117818 Rcvd: 144693 CacheRatio: 0.03 (2012-11-05 16:09:26)
Worker: rmi://ip-10-32-42-124.eu-west-1.compute.internal:41773/3 Sent: 118863 Rcvd: 115981 CacheRatio: 0.03 (2012-11-05 16:09:26)
Worker: rmi://ip-10-32-42-97.eu-west-1.compute.internal:41969/4 Sent: 110607 Rcvd: 66758 CacheRatio: 0.03 (2012-11-05 16:09:26)
Worker: rmi://ip-10-32-54-156.eu-west-1.compute.internal:46486/7 Sent: 117966 Rcvd: 132028 CacheRatio: 0.03 (2012-11-05 16:09:26)
Worker: rmi://ip-10-32-54-156.eu-west-1.compute.internal:46486/3 Sent: 118318 Rcvd: 113636 CacheRatio: 0.03 (2012-11-05 16:09:26)
Worker: rmi://ip-10-32-54-71.eu-west-1.compute.internal:41900/7 Sent: 118922 Rcvd: 142004 CacheRatio: 0.03 (2012-11-05 16:09:26)
Worker: rmi://ip-10-32-49-70.eu-west-1.compute.internal:54115/2 Sent: 123659 Rcvd: 170645 CacheRatio: 0.03 (2012-11-05 16:09:26)
Worker: rmi://ip-10-32-54-143.eu-west-1.compute.internal:51634/1 Sent: 121329 Rcvd: 172470 CacheRatio: 0.03 (2012-11-05 16:09:26)
Worker: rmi://ip-10-32-43-104.eu-west-1.compute.internal:58211/3 Sent: 106550 Rcvd: 44085 CacheRatio: 0.03 (2012-11-05 16:09:26)
Worker: rmi://ip-10-32-42-124.eu-west-1.compute.internal:41773/4 Sent: 117910 Rcvd: 126661 CacheRatio: 0.03 (2012-11-05 16:09:26)
Worker: rmi://ip-10-32-54-71.eu-west-1.compute.internal:41900/0 Sent: 118706 Rcvd: 128667 CacheRatio: 0.03 (2012-11-05 16:09:26)
Worker: rmi://ip-10-32-49-72.eu-west-1.compute.internal:39297/5 Sent: 121079 Rcvd: 193929 CacheRatio: 0.03 (2012-11-05 16:09:26)
Worker: rmi://ip-10-32-54-143.eu-west-1.compute.internal:51634/4 Sent: 120794 Rcvd: 156478 CacheRatio: 0.03 (2012-11-05 16:09:26)
Worker: rmi://ip-10-33-145-62.eu-west-1.compute.internal:48768/3 Sent: 102101 Rcvd: 31912 CacheRatio: 0.03 (2012-11-05 16:09:26)
Worker: rmi://ip-10-33-145-7.eu-west-1.compute.internal:42223/2 Sent: 117675 Rcvd: 136164 CacheRatio: 0.03 (2012-11-05 16:09:26)
Worker: rmi://ip-10-32-49-70.eu-west-1.compute.internal:54115/6 Sent: 120335 Rcvd: 146661 CacheRatio: 0.03 (2012-11-05 16:09:26)
Worker: rmi://ip-10-32-42-226.eu-west-1.compute.internal:51806/7 Sent: 110850 Rcvd: 57254 CacheRatio: 0.03 (2012-11-05 16:09:26)
Worker: rmi://ip-10-32-43-104.eu-west-1.compute.internal:58211/2 Sent: 106667 Rcvd: 70746 CacheRatio: 0.03 (2012-11-05 16:09:26)
Worker: rmi://ip-10-32-42-97.eu-west-1.compute.internal:41969/2 Sent: 110478 Rcvd: 70587 CacheRatio: 0.03 (2012-11-05 16:09:26)
Worker: rmi://ip-10-32-43-72.eu-west-1.compute.internal:33151/2 Sent: 121048 Rcvd: 158283 CacheRatio: 0.03 (2012-11-05 16:09:26)
Worker: rmi://ip-10-32-42-97.eu-west-1.compute.internal:41969/6 Sent: 111535 Rcvd: 61414 CacheRatio: 0.03 (2012-11-05 16:09:26)
Worker: rmi://ip-10-32-42-226.eu-west-1.compute.internal:51806/5 Sent: 111472 Rcvd: 62466 CacheRatio: 0.03 (2012-11-05 16:09:26)
Worker: rmi://ip-10-32-42-119.eu-west-1.compute.internal:48567/1 Sent: 111124 Rcvd: 76474 CacheRatio: 0.02 (2012-11-05 16:09:26)
Worker: rmi://ip-10-32-42-250.eu-west-1.compute.internal:58863/0 Sent: 115721 Rcvd: 96431 CacheRatio: 0.03 (2012-11-05 16:09:26)
Worker: rmi://ip-10-32-49-121.eu-west-1.compute.internal:57721/0 Sent: 112110 Rcvd: 50779 CacheRatio: 0.03 (2012-11-05 16:09:26)
Worker: rmi://ip-10-32-49-72.eu-west-1.compute.internal:39297/2 Sent: 120445 Rcvd: 141899 CacheRatio: 0.03 (2012-11-05 16:09:26)
Worker: rmi://ip-10-32-42-119.eu-west-1.compute.internal:48567/5 Sent: 110910 Rcvd: 72617 CacheRatio: 0.03 (2012-11-05 16:09:26)
Worker: rmi://ip-10-32-54-143.eu-west-1.compute.internal:51634/2 Sent: 122942 Rcvd: 159013 CacheRatio: 0.03 (2012-11-05 16:09:26)
Worker: rmi://ip-10-33-145-7.eu-west-1.compute.internal:42223/6 Sent: 118318 Rcvd: 119087 CacheRatio: 0.03 (2012-11-05 16:09:26)
Worker: rmi://ip-10-32-54-143.eu-west-1.compute.internal:51634/5 Sent: 121549 Rcvd: 188880 CacheRatio: 0.03 (2012-11-05 16:09:26)
Worker: rmi://ip-10-32-54-156.eu-west-1.compute.internal:46486/1 Sent: 119379 Rcvd: 103523 CacheRatio: 0.03 (2012-11-05 16:09:26)
Worker: rmi://ip-10-32-54-156.eu-west-1.compute.internal:46486/4 Sent: 117505 Rcvd: 136936 CacheRatio: 0.04 (2012-11-05 16:09:26)
Worker: rmi://ip-10-32-54-71.eu-west-1.compute.internal:41900/3 Sent: 118646 Rcvd: 164130 CacheRatio: 0.03 (2012-11-05 16:09:26)
Worker: rmi://ip-10-32-43-104.eu-west-1.compute.internal:58211/6 Sent: 106268 Rcvd: 61629 CacheRatio: 0.03 (2012-11-05 16:09:26)
Worker: rmi://ip-10-32-43-104.eu-west-1.compute.internal:58211/7 Sent: 107444 Rcvd: 47183 CacheRatio: 0.03 (2012-11-05 16:09:26)
Worker: rmi://ip-10-32-49-68.eu-west-1.compute.internal:38213/5 Sent: 119310 Rcvd: 157828 CacheRatio: 0.03 (2012-11-05 16:09:26)
Worker: rmi://ip-10-32-49-68.eu-west-1.compute.internal:38213/1 Sent: 120594 Rcvd: 147526 CacheRatio: 0.03 (2012-11-05 16:09:26)
Worker: rmi://ip-10-32-42-250.eu-west-1.compute.internal:58863/7 Sent: 116898 Rcvd: 112040 CacheRatio: 0.03 (2012-11-05 16:09:26)
Worker: rmi://ip-10-33-145-62.eu-west-1.compute.internal:48768/4 Sent: 101174 Rcvd: 49306 CacheRatio: 0.03 (2012-11-05 16:09:26)
Worker: rmi://ip-10-32-41-233.eu-west-1.compute.internal:55294/5 Sent: 129678 Rcvd: 264260 CacheRatio: 0.03 (2012-11-05 16:09:26)
Worker: rmi://ip-10-32-42-119.eu-west-1.compute.internal:48567/7 Sent: 111496 Rcvd: 68732 CacheRatio: 0.03 (2012-11-05 16:09:26)
Worker: rmi://ip-10-32-42-119.eu-west-1.compute.internal:48567/6 Sent: 111259 Rcvd: 59810 CacheRatio: 0.03 (2012-11-05 16:09:26)
Worker: rmi://ip-10-32-54-71.eu-west-1.compute.internal:41900/1 Sent: 118468 Rcvd: 146785 CacheRatio: 0.03 (2012-11-05 16:09:26)
Model checking completed. No error has been found.
  Estimates of the probability that TLC did not check all reachable states
  because two distinct states had the same fingerprint:
  calculated (optimistic):  val = 0.0
  based on the actual fingerprints:  val = 7.9E-11
150982947 states generated, 16777216 distinct states found, 0 states left on queue.
The depth of the complete state graph search is 53.
Finished. (2012-11-05 16:09:39)
ip-10-32-42-252, work completed. Thank you!
