TLC Server Version 2.05 of 18 May 2012
Parsing file /tmp/9481/spec/l12_n6.tla
Parsing file /tmp/9481/spec/GridPerformanceTest.tla
Parsing file /tmp/9481/tla/tla2sany/StandardModules/TLC.tla
Parsing file /tmp/9481/tla/tla2sany/StandardModules/Integers.tla
Parsing file /tmp/9481/tla/tla2sany/StandardModules/FiniteSets.tla
Parsing file /tmp/9481/tla/tla2sany/StandardModules/Naturals.tla
Parsing file /tmp/9481/tla/tla2sany/StandardModules/Sequences.tla
Semantic processing of module Naturals
Semantic processing of module Integers
Semantic processing of module Sequences
Semantic processing of module FiniteSets
Semantic processing of module GridPerformanceTest
Semantic processing of module TLC
Semantic processing of module l12_n6
Starting... (2012-08-13 15:09:02)
Computing initial states...
Finished computing initial states: 1 distinct state(s) generated.
TLC server at stremi-8.reims.grid5000.fr is ready (2012-08-13 15:09:02)
Registration for worker at rmi://stremi-40.reims.grid5000.fr:48420 completed (2012-08-13 15:09:04)
Registration for worker at rmi://stremi-41.reims.grid5000.fr:33896 completed (2012-08-13 15:09:04)
Registration for worker at rmi://stremi-40.reims.grid5000.fr:48420 completed (2012-08-13 15:09:04)
Registration for worker at rmi://stremi-41.reims.grid5000.fr:33896 completed (2012-08-13 15:09:04)
Registration for worker at rmi://stremi-42.reims.grid5000.fr:45111 completed (2012-08-13 15:09:04)
Registration for worker at rmi://stremi-42.reims.grid5000.fr:45111 completed (2012-08-13 15:09:04)
Registration for worker at rmi://stremi-42.reims.grid5000.fr:45111 completed (2012-08-13 15:09:04)
Registration for worker at rmi://stremi-4.reims.grid5000.fr:59066 completed (2012-08-13 15:09:04)
Registration for worker at rmi://stremi-42.reims.grid5000.fr:45111 completed (2012-08-13 15:09:04)
Registration for worker at rmi://stremi-40.reims.grid5000.fr:48420 completed (2012-08-13 15:09:04)
Registration for worker at rmi://stremi-4.reims.grid5000.fr:59066 completed (2012-08-13 15:09:04)
Registration for worker at rmi://stremi-4.reims.grid5000.fr:59066 completed (2012-08-13 15:09:04)
Registration for worker at rmi://stremi-41.reims.grid5000.fr:33896 completed (2012-08-13 15:09:04)
Registration for worker at rmi://stremi-42.reims.grid5000.fr:45111 completed (2012-08-13 15:09:04)
Registration for worker at rmi://stremi-42.reims.grid5000.fr:45111 completed (2012-08-13 15:09:04)
Registration for worker at rmi://stremi-40.reims.grid5000.fr:48420 completed (2012-08-13 15:09:04)
Registration for worker at rmi://stremi-4.reims.grid5000.fr:59066 completed (2012-08-13 15:09:04)
Registration for worker at rmi://stremi-40.reims.grid5000.fr:48420 completed (2012-08-13 15:09:04)
Registration for worker at rmi://stremi-40.reims.grid5000.fr:48420 completed (2012-08-13 15:09:04)
Registration for worker at rmi://stremi-40.reims.grid5000.fr:48420 completed (2012-08-13 15:09:04)
Registration for worker at rmi://stremi-42.reims.grid5000.fr:45111 completed (2012-08-13 15:09:04)
Registration for worker at rmi://stremi-42.reims.grid5000.fr:45111 completed (2012-08-13 15:09:04)
Registration for worker at rmi://stremi-42.reims.grid5000.fr:45111 completed (2012-08-13 15:09:04)
Registration for worker at rmi://stremi-41.reims.grid5000.fr:33896 completed (2012-08-13 15:09:04)
Registration for worker at rmi://stremi-4.reims.grid5000.fr:59066 completed (2012-08-13 15:09:04)
Registration for worker at rmi://stremi-4.reims.grid5000.fr:59066 completed (2012-08-13 15:09:04)
Registration for worker at rmi://stremi-4.reims.grid5000.fr:59066 completed (2012-08-13 15:09:04)
Registration for worker at rmi://stremi-41.reims.grid5000.fr:33896 completed (2012-08-13 15:09:04)
Registration for worker at rmi://stremi-41.reims.grid5000.fr:33896 completed (2012-08-13 15:09:04)
Registration for worker at rmi://stremi-4.reims.grid5000.fr:59066 completed (2012-08-13 15:09:04)
Registration for worker at rmi://stremi-4.reims.grid5000.fr:59066 completed (2012-08-13 15:09:04)
Registration for worker at rmi://stremi-41.reims.grid5000.fr:33896 completed (2012-08-13 15:09:04)
Registration for worker at rmi://stremi-41.reims.grid5000.fr:33896 completed (2012-08-13 15:09:04)
Registration for worker at rmi://stremi-41.reims.grid5000.fr:33896 completed (2012-08-13 15:09:04)
Registration for worker at rmi://stremi-42.reims.grid5000.fr:45111 completed (2012-08-13 15:09:04)
Registration for worker at rmi://stremi-40.reims.grid5000.fr:48420 completed (2012-08-13 15:09:04)
Registration for worker at rmi://stremi-40.reims.grid5000.fr:48420 completed (2012-08-13 15:09:04)
Registration for worker at rmi://stremi-40.reims.grid5000.fr:48420 completed (2012-08-13 15:09:04)
Registration for worker at rmi://stremi-40.reims.grid5000.fr:48420 completed (2012-08-13 15:09:04)
Registration for worker at rmi://stremi-4.reims.grid5000.fr:59066 completed (2012-08-13 15:09:04)
Registration for worker at rmi://stremi-41.reims.grid5000.fr:33896 completed (2012-08-13 15:09:04)
Registration for worker at rmi://stremi-42.reims.grid5000.fr:45111 completed (2012-08-13 15:09:04)
Registration for worker at rmi://stremi-42.reims.grid5000.fr:45111 completed (2012-08-13 15:09:04)
Registration for worker at rmi://stremi-41.reims.grid5000.fr:33896 completed (2012-08-13 15:09:04)
Registration for worker at rmi://stremi-4.reims.grid5000.fr:59066 completed (2012-08-13 15:09:04)
Registration for worker at rmi://stremi-4.reims.grid5000.fr:59066 completed (2012-08-13 15:09:04)
Registration for worker at rmi://stremi-4.reims.grid5000.fr:59066 completed (2012-08-13 15:09:04)
Registration for worker at rmi://stremi-42.reims.grid5000.fr:45111 completed (2012-08-13 15:09:04)
Registration for worker at rmi://stremi-42.reims.grid5000.fr:45111 completed (2012-08-13 15:09:04)
Registration for worker at rmi://stremi-4.reims.grid5000.fr:59066 completed (2012-08-13 15:09:04)
Registration for worker at rmi://stremi-40.reims.grid5000.fr:48420 completed (2012-08-13 15:09:04)
Registration for worker at rmi://stremi-4.reims.grid5000.fr:59066 completed (2012-08-13 15:09:04)
Registration for worker at rmi://stremi-41.reims.grid5000.fr:33896 completed (2012-08-13 15:09:04)
Registration for worker at rmi://stremi-4.reims.grid5000.fr:59066 completed (2012-08-13 15:09:04)
Registration for worker at rmi://stremi-4.reims.grid5000.fr:59066 completed (2012-08-13 15:09:04)
Registration for worker at rmi://stremi-4.reims.grid5000.fr:59066 completed (2012-08-13 15:09:04)
Registration for worker at rmi://stremi-42.reims.grid5000.fr:45111 completed (2012-08-13 15:09:04)
Registration for worker at rmi://stremi-42.reims.grid5000.fr:45111 completed (2012-08-13 15:09:04)
Registration for worker at rmi://stremi-40.reims.grid5000.fr:48420 completed (2012-08-13 15:09:04)
Registration for worker at rmi://stremi-41.reims.grid5000.fr:33896 completed (2012-08-13 15:09:04)
Registration for worker at rmi://stremi-4.reims.grid5000.fr:59066 completed (2012-08-13 15:09:04)
Registration for worker at rmi://stremi-41.reims.grid5000.fr:33896 completed (2012-08-13 15:09:04)
Registration for worker at rmi://stremi-40.reims.grid5000.fr:48420 completed (2012-08-13 15:09:04)
Registration for worker at rmi://stremi-40.reims.grid5000.fr:48420 completed (2012-08-13 15:09:04)
Registration for worker at rmi://stremi-40.reims.grid5000.fr:48420 completed (2012-08-13 15:09:04)
Registration for worker at rmi://stremi-42.reims.grid5000.fr:45111 completed (2012-08-13 15:09:04)
Registration for worker at rmi://stremi-4.reims.grid5000.fr:59066 completed (2012-08-13 15:09:04)
Registration for worker at rmi://stremi-4.reims.grid5000.fr:59066 completed (2012-08-13 15:09:04)
Registration for worker at rmi://stremi-4.reims.grid5000.fr:59066 completed (2012-08-13 15:09:04)
Registration for worker at rmi://stremi-40.reims.grid5000.fr:48420 completed (2012-08-13 15:09:04)
Registration for worker at rmi://stremi-4.reims.grid5000.fr:59066 completed (2012-08-13 15:09:04)
Registration for worker at rmi://stremi-41.reims.grid5000.fr:33896 completed (2012-08-13 15:09:04)
Registration for worker at rmi://stremi-4.reims.grid5000.fr:59066 completed (2012-08-13 15:09:04)
Registration for worker at rmi://stremi-42.reims.grid5000.fr:45111 completed (2012-08-13 15:09:04)
Registration for worker at rmi://stremi-41.reims.grid5000.fr:33896 completed (2012-08-13 15:09:04)
Registration for worker at rmi://stremi-42.reims.grid5000.fr:45111 completed (2012-08-13 15:09:04)
Registration for worker at rmi://stremi-40.reims.grid5000.fr:48420 completed (2012-08-13 15:09:04)
Registration for worker at rmi://stremi-37.reims.grid5000.fr:33335 completed (2012-08-13 15:09:05)
Registration for worker at rmi://stremi-39.reims.grid5000.fr:42688 completed (2012-08-13 15:09:05)
Registration for worker at rmi://stremi-37.reims.grid5000.fr:33335 completed (2012-08-13 15:09:05)
Registration for worker at rmi://stremi-37.reims.grid5000.fr:33335 completed (2012-08-13 15:09:05)
Registration for worker at rmi://stremi-37.reims.grid5000.fr:33335 completed (2012-08-13 15:09:05)
Registration for worker at rmi://stremi-37.reims.grid5000.fr:33335 completed (2012-08-13 15:09:05)
Registration for worker at rmi://stremi-37.reims.grid5000.fr:33335 completed (2012-08-13 15:09:05)
Registration for worker at rmi://stremi-37.reims.grid5000.fr:33335 completed (2012-08-13 15:09:05)
Registration for worker at rmi://stremi-37.reims.grid5000.fr:33335 completed (2012-08-13 15:09:05)
Registration for worker at rmi://stremi-37.reims.grid5000.fr:33335 completed (2012-08-13 15:09:05)
Registration for worker at rmi://stremi-37.reims.grid5000.fr:33335 completed (2012-08-13 15:09:05)
Registration for worker at rmi://stremi-39.reims.grid5000.fr:42688 completed (2012-08-13 15:09:05)
Registration for worker at rmi://stremi-39.reims.grid5000.fr:42688 completed (2012-08-13 15:09:05)
Registration for worker at rmi://stremi-37.reims.grid5000.fr:33335 completed (2012-08-13 15:09:05)
Registration for worker at rmi://stremi-39.reims.grid5000.fr:42688 completed (2012-08-13 15:09:05)
Registration for worker at rmi://stremi-39.reims.grid5000.fr:42688 completed (2012-08-13 15:09:05)
Registration for worker at rmi://stremi-39.reims.grid5000.fr:42688 completed (2012-08-13 15:09:05)
Registration for worker at rmi://stremi-39.reims.grid5000.fr:42688 completed (2012-08-13 15:09:05)
Registration for worker at rmi://stremi-39.reims.grid5000.fr:42688 completed (2012-08-13 15:09:05)
Registration for worker at rmi://stremi-39.reims.grid5000.fr:42688 completed (2012-08-13 15:09:05)
Registration for worker at rmi://stremi-39.reims.grid5000.fr:42688 completed (2012-08-13 15:09:05)
Registration for worker at rmi://stremi-39.reims.grid5000.fr:42688 completed (2012-08-13 15:09:05)
Registration for worker at rmi://stremi-39.reims.grid5000.fr:42688 completed (2012-08-13 15:09:05)
Registration for worker at rmi://stremi-39.reims.grid5000.fr:42688 completed (2012-08-13 15:09:05)
Registration for worker at rmi://stremi-39.reims.grid5000.fr:42688 completed (2012-08-13 15:09:05)
Registration for worker at rmi://stremi-39.reims.grid5000.fr:42688 completed (2012-08-13 15:09:05)
Registration for worker at rmi://stremi-37.reims.grid5000.fr:33335 completed (2012-08-13 15:09:05)
Registration for worker at rmi://stremi-39.reims.grid5000.fr:42688 completed (2012-08-13 15:09:05)
Registration for worker at rmi://stremi-39.reims.grid5000.fr:42688 completed (2012-08-13 15:09:05)
Registration for worker at rmi://stremi-37.reims.grid5000.fr:33335 completed (2012-08-13 15:09:05)
Registration for worker at rmi://stremi-39.reims.grid5000.fr:42688 completed (2012-08-13 15:09:05)
Registration for worker at rmi://stremi-39.reims.grid5000.fr:42688 completed (2012-08-13 15:09:05)
Registration for worker at rmi://stremi-37.reims.grid5000.fr:33335 completed (2012-08-13 15:09:05)
Registration for worker at rmi://stremi-37.reims.grid5000.fr:33335 completed (2012-08-13 15:09:05)
Registration for worker at rmi://stremi-37.reims.grid5000.fr:33335 completed (2012-08-13 15:09:05)
Registration for worker at rmi://stremi-37.reims.grid5000.fr:33335 completed (2012-08-13 15:09:05)
Registration for worker at rmi://stremi-39.reims.grid5000.fr:42688 completed (2012-08-13 15:09:05)
Registration for worker at rmi://stremi-39.reims.grid5000.fr:42688 completed (2012-08-13 15:09:05)
Registration for worker at rmi://stremi-37.reims.grid5000.fr:33335 completed (2012-08-13 15:09:05)
Registration for worker at rmi://stremi-37.reims.grid5000.fr:33335 completed (2012-08-13 15:09:05)
Registration for worker at rmi://stremi-39.reims.grid5000.fr:42688 completed (2012-08-13 15:09:05)
Registration for worker at rmi://stremi-39.reims.grid5000.fr:42688 completed (2012-08-13 15:09:05)
Registration for worker at rmi://stremi-37.reims.grid5000.fr:33335 completed (2012-08-13 15:09:05)
Registration for worker at rmi://stremi-37.reims.grid5000.fr:33335 completed (2012-08-13 15:09:05)
Registration for worker at rmi://stremi-37.reims.grid5000.fr:33335 completed (2012-08-13 15:09:05)
Registration for worker at rmi://stremi-39.reims.grid5000.fr:42688 completed (2012-08-13 15:09:05)
Registration for worker at rmi://stremi-37.reims.grid5000.fr:33335 completed (2012-08-13 15:09:05)
Registration for worker at rmi://stremi-37.reims.grid5000.fr:33335 completed (2012-08-13 15:09:05)
Registration for worker at rmi://stremi-3.reims.grid5000.fr:50157 completed (2012-08-13 15:09:05)
Registration for worker at rmi://stremi-3.reims.grid5000.fr:50157 completed (2012-08-13 15:09:05)
Registration for worker at rmi://stremi-3.reims.grid5000.fr:50157 completed (2012-08-13 15:09:05)
Registration for worker at rmi://stremi-3.reims.grid5000.fr:50157 completed (2012-08-13 15:09:05)
Registration for worker at rmi://stremi-3.reims.grid5000.fr:50157 completed (2012-08-13 15:09:05)
Registration for worker at rmi://stremi-3.reims.grid5000.fr:50157 completed (2012-08-13 15:09:05)
Registration for worker at rmi://stremi-3.reims.grid5000.fr:50157 completed (2012-08-13 15:09:05)
Registration for worker at rmi://stremi-3.reims.grid5000.fr:50157 completed (2012-08-13 15:09:05)
Registration for worker at rmi://stremi-3.reims.grid5000.fr:50157 completed (2012-08-13 15:09:05)
Registration for worker at rmi://stremi-3.reims.grid5000.fr:50157 completed (2012-08-13 15:09:05)
Registration for worker at rmi://stremi-3.reims.grid5000.fr:50157 completed (2012-08-13 15:09:05)
Registration for worker at rmi://stremi-3.reims.grid5000.fr:50157 completed (2012-08-13 15:09:05)
Registration for worker at rmi://stremi-3.reims.grid5000.fr:50157 completed (2012-08-13 15:09:05)
Registration for worker at rmi://stremi-3.reims.grid5000.fr:50157 completed (2012-08-13 15:09:05)
Registration for worker at rmi://stremi-3.reims.grid5000.fr:50157 completed (2012-08-13 15:09:05)
Registration for worker at rmi://stremi-3.reims.grid5000.fr:50157 completed (2012-08-13 15:09:05)
Registration for worker at rmi://stremi-3.reims.grid5000.fr:50157 completed (2012-08-13 15:09:05)
Registration for worker at rmi://stremi-3.reims.grid5000.fr:50157 completed (2012-08-13 15:09:05)
Registration for worker at rmi://stremi-3.reims.grid5000.fr:50157 completed (2012-08-13 15:09:05)
Registration for worker at rmi://stremi-3.reims.grid5000.fr:50157 completed (2012-08-13 15:09:05)
Registration for worker at rmi://stremi-3.reims.grid5000.fr:50157 completed (2012-08-13 15:09:05)
Registration for worker at rmi://stremi-3.reims.grid5000.fr:50157 completed (2012-08-13 15:09:05)
Registration for worker at rmi://stremi-3.reims.grid5000.fr:50157 completed (2012-08-13 15:09:05)
Registration for worker at rmi://stremi-3.reims.grid5000.fr:50157 completed (2012-08-13 15:09:05)
Registration for worker at rmi://stremi-38.reims.grid5000.fr:35656 completed (2012-08-13 15:09:05)
Registration for worker at rmi://stremi-38.reims.grid5000.fr:35656 completed (2012-08-13 15:09:05)
Registration for worker at rmi://stremi-38.reims.grid5000.fr:35656 completed (2012-08-13 15:09:05)
Registration for worker at rmi://stremi-38.reims.grid5000.fr:35656 completed (2012-08-13 15:09:05)
Registration for worker at rmi://stremi-38.reims.grid5000.fr:35656 completed (2012-08-13 15:09:05)
Registration for worker at rmi://stremi-38.reims.grid5000.fr:35656 completed (2012-08-13 15:09:05)
Registration for worker at rmi://stremi-38.reims.grid5000.fr:35656 completed (2012-08-13 15:09:05)
Registration for worker at rmi://stremi-38.reims.grid5000.fr:35656 completed (2012-08-13 15:09:05)
Registration for worker at rmi://stremi-38.reims.grid5000.fr:35656 completed (2012-08-13 15:09:05)
Registration for worker at rmi://stremi-38.reims.grid5000.fr:35656 completed (2012-08-13 15:09:05)
Registration for worker at rmi://stremi-38.reims.grid5000.fr:35656 completed (2012-08-13 15:09:05)
Registration for worker at rmi://stremi-38.reims.grid5000.fr:35656 completed (2012-08-13 15:09:05)
Registration for worker at rmi://stremi-38.reims.grid5000.fr:35656 completed (2012-08-13 15:09:05)
Registration for worker at rmi://stremi-38.reims.grid5000.fr:35656 completed (2012-08-13 15:09:05)
Registration for worker at rmi://stremi-38.reims.grid5000.fr:35656 completed (2012-08-13 15:09:05)
Registration for worker at rmi://stremi-38.reims.grid5000.fr:35656 completed (2012-08-13 15:09:05)
Registration for worker at rmi://stremi-38.reims.grid5000.fr:35656 completed (2012-08-13 15:09:05)
Registration for worker at rmi://stremi-38.reims.grid5000.fr:35656 completed (2012-08-13 15:09:05)
Registration for worker at rmi://stremi-38.reims.grid5000.fr:35656 completed (2012-08-13 15:09:05)
Registration for worker at rmi://stremi-38.reims.grid5000.fr:35656 completed (2012-08-13 15:09:05)
Registration for worker at rmi://stremi-38.reims.grid5000.fr:35656 completed (2012-08-13 15:09:05)
Registration for worker at rmi://stremi-38.reims.grid5000.fr:35656 completed (2012-08-13 15:09:05)
Registration for worker at rmi://stremi-38.reims.grid5000.fr:35656 completed (2012-08-13 15:09:05)
Registration for worker at rmi://stremi-38.reims.grid5000.fr:35656 completed (2012-08-13 15:09:05)
Registration for worker at rmi://stremi-41.reims.grid5000.fr:33896 completed (2012-08-13 15:09:07)
Registration for worker at rmi://stremi-41.reims.grid5000.fr:33896 completed (2012-08-13 15:09:07)
Registration for worker at rmi://stremi-41.reims.grid5000.fr:33896 completed (2012-08-13 15:09:07)
Registration for worker at rmi://stremi-41.reims.grid5000.fr:33896 completed (2012-08-13 15:09:07)
Registration for worker at rmi://stremi-41.reims.grid5000.fr:33896 completed (2012-08-13 15:09:07)
Registration for worker at rmi://stremi-41.reims.grid5000.fr:33896 completed (2012-08-13 15:09:07)
Registration for worker at rmi://stremi-41.reims.grid5000.fr:33896 completed (2012-08-13 15:09:07)
Registration for worker at rmi://stremi-41.reims.grid5000.fr:33896 completed (2012-08-13 15:09:07)
Registration for worker at rmi://stremi-40.reims.grid5000.fr:48420 completed (2012-08-13 15:09:07)
Registration for worker at rmi://stremi-40.reims.grid5000.fr:48420 completed (2012-08-13 15:09:07)
Registration for worker at rmi://stremi-40.reims.grid5000.fr:48420 completed (2012-08-13 15:09:07)
Registration for worker at rmi://stremi-40.reims.grid5000.fr:48420 completed (2012-08-13 15:09:07)
Registration for worker at rmi://stremi-40.reims.grid5000.fr:48420 completed (2012-08-13 15:09:07)
Registration for worker at rmi://stremi-40.reims.grid5000.fr:48420 completed (2012-08-13 15:09:07)
Registration for worker at rmi://stremi-42.reims.grid5000.fr:45111 completed (2012-08-13 15:09:07)
Registration for worker at rmi://stremi-42.reims.grid5000.fr:45111 completed (2012-08-13 15:09:07)
Registration for worker at rmi://stremi-42.reims.grid5000.fr:45111 completed (2012-08-13 15:09:07)
Registration for worker at rmi://stremi-42.reims.grid5000.fr:45111 completed (2012-08-13 15:09:07)
Registration for worker at rmi://stremi-42.reims.grid5000.fr:45111 completed (2012-08-13 15:09:07)
Worker: rmi://stremi-3.reims.grid5000.fr:50157 Sent: 1235 Rcvd: 289 (2012-08-13 15:09:33)
Worker: rmi://stremi-39.reims.grid5000.fr:42688 Sent: 2304 Rcvd: 65 (2012-08-13 15:09:33)
Worker: rmi://stremi-39.reims.grid5000.fr:42688 Sent: 1149 Rcvd: 133 (2012-08-13 15:09:33)
Worker: rmi://stremi-42.reims.grid5000.fr:45111 Sent: 1498 Rcvd: 139 (2012-08-13 15:09:33)
Worker: rmi://stremi-4.reims.grid5000.fr:59066 Sent: 1271 Rcvd: 271 (2012-08-13 15:09:33)
Worker: rmi://stremi-41.reims.grid5000.fr:33896 Sent: 1636 Rcvd: 229 (2012-08-13 15:09:33)
Worker: rmi://stremi-42.reims.grid5000.fr:45111 Sent: 1058 Rcvd: 148 (2012-08-13 15:09:33)
Worker: rmi://stremi-37.reims.grid5000.fr:33335 Sent: 1308 Rcvd: 286 (2012-08-13 15:09:33)
Worker: rmi://stremi-42.reims.grid5000.fr:45111 Sent: 1412 Rcvd: 117 (2012-08-13 15:09:33)
Worker: rmi://stremi-4.reims.grid5000.fr:59066 Sent: 1299 Rcvd: 203 (2012-08-13 15:09:33)
Worker: rmi://stremi-37.reims.grid5000.fr:33335 Sent: 1475 Rcvd: 219 (2012-08-13 15:09:33)
Worker: rmi://stremi-41.reims.grid5000.fr:33896 Sent: 1410 Rcvd: 228 (2012-08-13 15:09:33)
Worker: rmi://stremi-3.reims.grid5000.fr:50157 Sent: 1301 Rcvd: 144 (2012-08-13 15:09:33)
Worker: rmi://stremi-4.reims.grid5000.fr:59066 Sent: 1450 Rcvd: 246 (2012-08-13 15:09:33)
Worker: rmi://stremi-38.reims.grid5000.fr:35656 Sent: 1367 Rcvd: 246 (2012-08-13 15:09:33)
Worker: rmi://stremi-39.reims.grid5000.fr:42688 Sent: 1289 Rcvd: 187 (2012-08-13 15:09:33)
Worker: rmi://stremi-42.reims.grid5000.fr:45111 Sent: 1566 Rcvd: 148 (2012-08-13 15:09:33)
Worker: rmi://stremi-39.reims.grid5000.fr:42688 Sent: 1331 Rcvd: 238 (2012-08-13 15:09:33)
Worker: rmi://stremi-4.reims.grid5000.fr:59066 Sent: 1382 Rcvd: 232 (2012-08-13 15:09:33)
Worker: rmi://stremi-40.reims.grid5000.fr:48420 Sent: 828 Rcvd: 115 (2012-08-13 15:09:33)
Worker: rmi://stremi-40.reims.grid5000.fr:48420 Sent: 1264 Rcvd: 165 (2012-08-13 15:09:33)
Worker: rmi://stremi-38.reims.grid5000.fr:35656 Sent: 1322 Rcvd: 225 (2012-08-13 15:09:33)
Worker: rmi://stremi-42.reims.grid5000.fr:45111 Sent: 1236 Rcvd: 327 (2012-08-13 15:09:33)
Worker: rmi://stremi-39.reims.grid5000.fr:42688 Sent: 2415 Rcvd: 123 (2012-08-13 15:09:33)
Worker: rmi://stremi-40.reims.grid5000.fr:48420 Sent: 1021 Rcvd: 181 (2012-08-13 15:09:33)
Worker: rmi://stremi-40.reims.grid5000.fr:48420 Sent: 1187 Rcvd: 162 (2012-08-13 15:09:33)
Worker: rmi://stremi-3.reims.grid5000.fr:50157 Sent: 1248 Rcvd: 325 (2012-08-13 15:09:33)
Worker: rmi://stremi-41.reims.grid5000.fr:33896 Sent: 1328 Rcvd: 196 (2012-08-13 15:09:33)
Worker: rmi://stremi-4.reims.grid5000.fr:59066 Sent: 2070 Rcvd: 110 (2012-08-13 15:09:33)
Worker: rmi://stremi-37.reims.grid5000.fr:33335 Sent: 1428 Rcvd: 188 (2012-08-13 15:09:33)
Worker: rmi://stremi-37.reims.grid5000.fr:33335 Sent: 1075 Rcvd: 239 (2012-08-13 15:09:33)
Worker: rmi://stremi-38.reims.grid5000.fr:35656 Sent: 1120 Rcvd: 243 (2012-08-13 15:09:33)
Worker: rmi://stremi-38.reims.grid5000.fr:35656 Sent: 1352 Rcvd: 185 (2012-08-13 15:09:33)
Worker: rmi://stremi-39.reims.grid5000.fr:42688 Sent: 1067 Rcvd: 218 (2012-08-13 15:09:33)
Worker: rmi://stremi-39.reims.grid5000.fr:42688 Sent: 1502 Rcvd: 172 (2012-08-13 15:09:33)
Worker: rmi://stremi-4.reims.grid5000.fr:59066 Sent: 1317 Rcvd: 232 (2012-08-13 15:09:33)
Worker: rmi://stremi-39.reims.grid5000.fr:42688 Sent: 1930 Rcvd: 94 (2012-08-13 15:09:33)
Worker: rmi://stremi-39.reims.grid5000.fr:42688 Sent: 2106 Rcvd: 164 (2012-08-13 15:09:33)
Worker: rmi://stremi-4.reims.grid5000.fr:59066 Sent: 1269 Rcvd: 285 (2012-08-13 15:09:33)
Worker: rmi://stremi-4.reims.grid5000.fr:59066 Sent: 1290 Rcvd: 221 (2012-08-13 15:09:33)
Worker: rmi://stremi-41.reims.grid5000.fr:33896 Sent: 1450 Rcvd: 135 (2012-08-13 15:09:33)
Worker: rmi://stremi-38.reims.grid5000.fr:35656 Sent: 1324 Rcvd: 229 (2012-08-13 15:09:33)
Worker: rmi://stremi-42.reims.grid5000.fr:45111 Sent: 1446 Rcvd: 246 (2012-08-13 15:09:33)
Worker: rmi://stremi-37.reims.grid5000.fr:33335 Sent: 992 Rcvd: 95 (2012-08-13 15:09:33)
Worker: rmi://stremi-4.reims.grid5000.fr:59066 Sent: 1048 Rcvd: 152 (2012-08-13 15:09:33)
Worker: rmi://stremi-40.reims.grid5000.fr:48420 Sent: 1247 Rcvd: 255 (2012-08-13 15:09:33)
Worker: rmi://stremi-38.reims.grid5000.fr:35656 Sent: 1370 Rcvd: 186 (2012-08-13 15:09:33)
Worker: rmi://stremi-38.reims.grid5000.fr:35656 Sent: 913 Rcvd: 168 (2012-08-13 15:09:33)
Worker: rmi://stremi-4.reims.grid5000.fr:59066 Sent: 1173 Rcvd: 324 (2012-08-13 15:09:33)
Worker: rmi://stremi-37.reims.grid5000.fr:33335 Sent: 2467 Rcvd: 264 (2012-08-13 15:09:33)
Worker: rmi://stremi-40.reims.grid5000.fr:48420 Sent: 1402 Rcvd: 180 (2012-08-13 15:09:33)
Worker: rmi://stremi-41.reims.grid5000.fr:33896 Sent: 1095 Rcvd: 165 (2012-08-13 15:09:33)
Worker: rmi://stremi-4.reims.grid5000.fr:59066 Sent: 1248 Rcvd: 286 (2012-08-13 15:09:33)
Worker: rmi://stremi-40.reims.grid5000.fr:48420 Sent: 1195 Rcvd: 280 (2012-08-13 15:09:33)
Worker: rmi://stremi-38.reims.grid5000.fr:35656 Sent: 1546 Rcvd: 85 (2012-08-13 15:09:33)
Worker: rmi://stremi-37.reims.grid5000.fr:33335 Sent: 2884 Rcvd: 17 (2012-08-13 15:09:33)
Worker: rmi://stremi-38.reims.grid5000.fr:35656 Sent: 1257 Rcvd: 257 (2012-08-13 15:09:33)
Worker: rmi://stremi-3.reims.grid5000.fr:50157 Sent: 1910 Rcvd: 106 (2012-08-13 15:09:33)
Worker: rmi://stremi-42.reims.grid5000.fr:45111 Sent: 1217 Rcvd: 82 (2012-08-13 15:09:33)
Worker: rmi://stremi-42.reims.grid5000.fr:45111 Sent: 1253 Rcvd: 219 (2012-08-13 15:09:33)
Worker: rmi://stremi-40.reims.grid5000.fr:48420 Sent: 1008 Rcvd: 199 (2012-08-13 15:09:33)
Worker: rmi://stremi-3.reims.grid5000.fr:50157 Sent: 1149 Rcvd: 265 (2012-08-13 15:09:33)
Worker: rmi://stremi-42.reims.grid5000.fr:45111 Sent: 1045 Rcvd: 141 (2012-08-13 15:09:33)
Worker: rmi://stremi-37.reims.grid5000.fr:33335 Sent: 1393 Rcvd: 153 (2012-08-13 15:09:33)
Worker: rmi://stremi-3.reims.grid5000.fr:50157 Sent: 1280 Rcvd: 230 (2012-08-13 15:09:33)
Worker: rmi://stremi-37.reims.grid5000.fr:33335 Sent: 1945 Rcvd: 229 (2012-08-13 15:09:33)
Worker: rmi://stremi-4.reims.grid5000.fr:59066 Sent: 1263 Rcvd: 245 (2012-08-13 15:09:33)
Worker: rmi://stremi-4.reims.grid5000.fr:59066 Sent: 2772 Rcvd: 251 (2012-08-13 15:09:33)
Worker: rmi://stremi-40.reims.grid5000.fr:48420 Sent: 1207 Rcvd: 101 (2012-08-13 15:09:33)
Worker: rmi://stremi-42.reims.grid5000.fr:45111 Sent: 1312 Rcvd: 137 (2012-08-13 15:09:33)
Worker: rmi://stremi-40.reims.grid5000.fr:48420 Sent: 1228 Rcvd: 153 (2012-08-13 15:09:33)
Worker: rmi://stremi-3.reims.grid5000.fr:50157 Sent: 1396 Rcvd: 175 (2012-08-13 15:09:33)
Worker: rmi://stremi-4.reims.grid5000.fr:59066 Sent: 1336 Rcvd: 211 (2012-08-13 15:09:33)
Worker: rmi://stremi-39.reims.grid5000.fr:42688 Sent: 1136 Rcvd: 180 (2012-08-13 15:09:33)
Worker: rmi://stremi-40.reims.grid5000.fr:48420 Sent: 967 Rcvd: 133 (2012-08-13 15:09:33)
Worker: rmi://stremi-37.reims.grid5000.fr:33335 Sent: 1238 Rcvd: 160 (2012-08-13 15:09:33)
Worker: rmi://stremi-42.reims.grid5000.fr:45111 Sent: 1447 Rcvd: 52 (2012-08-13 15:09:33)
Worker: rmi://stremi-4.reims.grid5000.fr:59066 Sent: 1399 Rcvd: 314 (2012-08-13 15:09:33)
Worker: rmi://stremi-40.reims.grid5000.fr:48420 Sent: 1254 Rcvd: 296 (2012-08-13 15:09:33)
Worker: rmi://stremi-37.reims.grid5000.fr:33335 Sent: 1071 Rcvd: 118 (2012-08-13 15:09:33)
Worker: rmi://stremi-39.reims.grid5000.fr:42688 Sent: 1247 Rcvd: 212 (2012-08-13 15:09:33)
Worker: rmi://stremi-38.reims.grid5000.fr:35656 Sent: 1374 Rcvd: 231 (2012-08-13 15:09:33)
Worker: rmi://stremi-3.reims.grid5000.fr:50157 Sent: 1183 Rcvd: 42 (2012-08-13 15:09:33)
Worker: rmi://stremi-39.reims.grid5000.fr:42688 Sent: 1438 Rcvd: 238 (2012-08-13 15:09:33)
Worker: rmi://stremi-4.reims.grid5000.fr:59066 Sent: 1187 Rcvd: 300 (2012-08-13 15:09:33)
Worker: rmi://stremi-3.reims.grid5000.fr:50157 Sent: 1307 Rcvd: 194 (2012-08-13 15:09:33)
Worker: rmi://stremi-42.reims.grid5000.fr:45111 Sent: 1843 Rcvd: 49 (2012-08-13 15:09:33)
Worker: rmi://stremi-38.reims.grid5000.fr:35656 Sent: 1314 Rcvd: 274 (2012-08-13 15:09:33)
Worker: rmi://stremi-37.reims.grid5000.fr:33335 Sent: 1366 Rcvd: 149 (2012-08-13 15:09:33)
Worker: rmi://stremi-3.reims.grid5000.fr:50157 Sent: 1421 Rcvd: 272 (2012-08-13 15:09:33)
Worker: rmi://stremi-41.reims.grid5000.fr:33896 Sent: 1190 Rcvd: 144 (2012-08-13 15:09:33)
Worker: rmi://stremi-37.reims.grid5000.fr:33335 Sent: 1140 Rcvd: 133 (2012-08-13 15:09:33)
Worker: rmi://stremi-40.reims.grid5000.fr:48420 Sent: 1454 Rcvd: 165 (2012-08-13 15:09:33)
Worker: rmi://stremi-41.reims.grid5000.fr:33896 Sent: 1321 Rcvd: 174 (2012-08-13 15:09:33)
Worker: rmi://stremi-41.reims.grid5000.fr:33896 Sent: 1543 Rcvd: 118 (2012-08-13 15:09:33)
Worker: rmi://stremi-41.reims.grid5000.fr:33896 Sent: 1510 Rcvd: 285 (2012-08-13 15:09:33)
Worker: rmi://stremi-40.reims.grid5000.fr:48420 Sent: 1288 Rcvd: 196 (2012-08-13 15:09:33)
Worker: rmi://stremi-39.reims.grid5000.fr:42688 Sent: 1262 Rcvd: 325 (2012-08-13 15:09:33)
Worker: rmi://stremi-41.reims.grid5000.fr:33896 Sent: 1018 Rcvd: 201 (2012-08-13 15:09:33)
Worker: rmi://stremi-37.reims.grid5000.fr:33335 Sent: 1106 Rcvd: 204 (2012-08-13 15:09:33)
Worker: rmi://stremi-42.reims.grid5000.fr:45111 Sent: 1250 Rcvd: 257 (2012-08-13 15:09:33)
Worker: rmi://stremi-40.reims.grid5000.fr:48420 Sent: 1029 Rcvd: 197 (2012-08-13 15:09:33)
Worker: rmi://stremi-42.reims.grid5000.fr:45111 Sent: 1431 Rcvd: 191 (2012-08-13 15:09:33)
Worker: rmi://stremi-40.reims.grid5000.fr:48420 Sent: 1079 Rcvd: 154 (2012-08-13 15:09:33)
Worker: rmi://stremi-41.reims.grid5000.fr:33896 Sent: 1226 Rcvd: 161 (2012-08-13 15:09:33)
Worker: rmi://stremi-41.reims.grid5000.fr:33896 Sent: 1003 Rcvd: 121 (2012-08-13 15:09:33)
Worker: rmi://stremi-37.reims.grid5000.fr:33335 Sent: 1482 Rcvd: 84 (2012-08-13 15:09:33)
Worker: rmi://stremi-3.reims.grid5000.fr:50157 Sent: 1441 Rcvd: 171 (2012-08-13 15:09:33)
Worker: rmi://stremi-41.reims.grid5000.fr:33896 Sent: 1291 Rcvd: 181 (2012-08-13 15:09:33)
Worker: rmi://stremi-4.reims.grid5000.fr:59066 Sent: 1464 Rcvd: 207 (2012-08-13 15:09:33)
Worker: rmi://stremi-40.reims.grid5000.fr:48420 Sent: 1073 Rcvd: 117 (2012-08-13 15:09:33)
Worker: rmi://stremi-3.reims.grid5000.fr:50157 Sent: 1088 Rcvd: 174 (2012-08-13 15:09:33)
Worker: rmi://stremi-3.reims.grid5000.fr:50157 Sent: 1320 Rcvd: 200 (2012-08-13 15:09:33)
Worker: rmi://stremi-37.reims.grid5000.fr:33335 Sent: 1410 Rcvd: 153 (2012-08-13 15:09:33)
Worker: rmi://stremi-3.reims.grid5000.fr:50157 Sent: 1169 Rcvd: 140 (2012-08-13 15:09:33)
Worker: rmi://stremi-39.reims.grid5000.fr:42688 Sent: 1299 Rcvd: 188 (2012-08-13 15:09:33)
Worker: rmi://stremi-41.reims.grid5000.fr:33896 Sent: 1277 Rcvd: 141 (2012-08-13 15:09:33)
Worker: rmi://stremi-40.reims.grid5000.fr:48420 Sent: 1337 Rcvd: 243 (2012-08-13 15:09:33)
Worker: rmi://stremi-37.reims.grid5000.fr:33335 Sent: 1271 Rcvd: 130 (2012-08-13 15:09:33)
Worker: rmi://stremi-39.reims.grid5000.fr:42688 Sent: 1078 Rcvd: 211 (2012-08-13 15:09:33)
Worker: rmi://stremi-41.reims.grid5000.fr:33896 Sent: 1404 Rcvd: 253 (2012-08-13 15:09:33)
Worker: rmi://stremi-38.reims.grid5000.fr:35656 Sent: 1339 Rcvd: 301 (2012-08-13 15:09:33)
Worker: rmi://stremi-3.reims.grid5000.fr:50157 Sent: 1463 Rcvd: 234 (2012-08-13 15:09:33)
Worker: rmi://stremi-4.reims.grid5000.fr:59066 Sent: 1476 Rcvd: 110 (2012-08-13 15:09:33)
Worker: rmi://stremi-41.reims.grid5000.fr:33896 Sent: 1087 Rcvd: 176 (2012-08-13 15:09:33)
Worker: rmi://stremi-3.reims.grid5000.fr:50157 Sent: 1801 Rcvd: 196 (2012-08-13 15:09:33)
Worker: rmi://stremi-41.reims.grid5000.fr:33896 Sent: 1483 Rcvd: 130 (2012-08-13 15:09:33)
Worker: rmi://stremi-37.reims.grid5000.fr:33335 Sent: 1065 Rcvd: 147 (2012-08-13 15:09:33)
Worker: rmi://stremi-38.reims.grid5000.fr:35656 Sent: 1319 Rcvd: 329 (2012-08-13 15:09:33)
Worker: rmi://stremi-39.reims.grid5000.fr:42688 Sent: 1434 Rcvd: 111 (2012-08-13 15:09:33)
Worker: rmi://stremi-42.reims.grid5000.fr:45111 Sent: 1316 Rcvd: 234 (2012-08-13 15:09:33)
Worker: rmi://stremi-39.reims.grid5000.fr:42688 Sent: 1586 Rcvd: 182 (2012-08-13 15:09:33)
Worker: rmi://stremi-3.reims.grid5000.fr:50157 Sent: 1196 Rcvd: 261 (2012-08-13 15:09:33)
Worker: rmi://stremi-40.reims.grid5000.fr:48420 Sent: 1331 Rcvd: 213 (2012-08-13 15:09:33)
Worker: rmi://stremi-37.reims.grid5000.fr:33335 Sent: 1154 Rcvd: 332 (2012-08-13 15:09:33)
Worker: rmi://stremi-38.reims.grid5000.fr:35656 Sent: 958 Rcvd: 160 (2012-08-13 15:09:33)
Worker: rmi://stremi-41.reims.grid5000.fr:33896 Sent: 1399 Rcvd: 141 (2012-08-13 15:09:33)
Worker: rmi://stremi-40.reims.grid5000.fr:48420 Sent: 1091 Rcvd: 118 (2012-08-13 15:09:33)
Worker: rmi://stremi-41.reims.grid5000.fr:33896 Sent: 1056 Rcvd: 156 (2012-08-13 15:09:33)
Worker: rmi://stremi-38.reims.grid5000.fr:35656 Sent: 1454 Rcvd: 38 (2012-08-13 15:09:33)
Worker: rmi://stremi-37.reims.grid5000.fr:33335 Sent: 1496 Rcvd: 233 (2012-08-13 15:09:33)
Worker: rmi://stremi-4.reims.grid5000.fr:59066 Sent: 1317 Rcvd: 239 (2012-08-13 15:09:33)
Worker: rmi://stremi-42.reims.grid5000.fr:45111 Sent: 1513 Rcvd: 78 (2012-08-13 15:09:33)
Worker: rmi://stremi-3.reims.grid5000.fr:50157 Sent: 1094 Rcvd: 207 (2012-08-13 15:09:33)
Worker: rmi://stremi-37.reims.grid5000.fr:33335 Sent: 1755 Rcvd: 253 (2012-08-13 15:09:33)
Worker: rmi://stremi-38.reims.grid5000.fr:35656 Sent: 1372 Rcvd: 132 (2012-08-13 15:09:33)
Worker: rmi://stremi-37.reims.grid5000.fr:33335 Sent: 1068 Rcvd: 172 (2012-08-13 15:09:33)
Worker: rmi://stremi-41.reims.grid5000.fr:33896 Sent: 1603 Rcvd: 110 (2012-08-13 15:09:33)
Worker: rmi://stremi-4.reims.grid5000.fr:59066 Sent: 1570 Rcvd: 64 (2012-08-13 15:09:33)
Worker: rmi://stremi-38.reims.grid5000.fr:35656 Sent: 1231 Rcvd: 286 (2012-08-13 15:09:33)
Worker: rmi://stremi-4.reims.grid5000.fr:59066 Sent: 1652 Rcvd: 108 (2012-08-13 15:09:33)
Worker: rmi://stremi-41.reims.grid5000.fr:33896 Sent: 1488 Rcvd: 268 (2012-08-13 15:09:33)
Worker: rmi://stremi-39.reims.grid5000.fr:42688 Sent: 1070 Rcvd: 182 (2012-08-13 15:09:33)
Worker: rmi://stremi-3.reims.grid5000.fr:50157 Sent: 1905 Rcvd: 164 (2012-08-13 15:09:33)
Worker: rmi://stremi-38.reims.grid5000.fr:35656 Sent: 1347 Rcvd: 197 (2012-08-13 15:09:33)
Worker: rmi://stremi-42.reims.grid5000.fr:45111 Sent: 1479 Rcvd: 287 (2012-08-13 15:09:33)
Worker: rmi://stremi-40.reims.grid5000.fr:48420 Sent: 1340 Rcvd: 194 (2012-08-13 15:09:33)
Worker: rmi://stremi-39.reims.grid5000.fr:42688 Sent: 1334 Rcvd: 150 (2012-08-13 15:09:33)
Worker: rmi://stremi-38.reims.grid5000.fr:35656 Sent: 887 Rcvd: 113 (2012-08-13 15:09:33)
Worker: rmi://stremi-3.reims.grid5000.fr:50157 Sent: 1244 Rcvd: 56 (2012-08-13 15:09:33)
Worker: rmi://stremi-38.reims.grid5000.fr:35656 Sent: 1070 Rcvd: 131 (2012-08-13 15:09:33)
Worker: rmi://stremi-42.reims.grid5000.fr:45111 Sent: 1181 Rcvd: 289 (2012-08-13 15:09:33)
Worker: rmi://stremi-41.reims.grid5000.fr:33896 Sent: 1660 Rcvd: 73 (2012-08-13 15:09:33)
Worker: rmi://stremi-40.reims.grid5000.fr:48420 Sent: 2643 Rcvd: 76 (2012-08-13 15:09:33)
Worker: rmi://stremi-42.reims.grid5000.fr:45111 Sent: 1570 Rcvd: 179 (2012-08-13 15:09:33)
Worker: rmi://stremi-38.reims.grid5000.fr:35656 Sent: 1321 Rcvd: 174 (2012-08-13 15:09:33)
Worker: rmi://stremi-39.reims.grid5000.fr:42688 Sent: 1090 Rcvd: 244 (2012-08-13 15:09:33)
Worker: rmi://stremi-38.reims.grid5000.fr:35656 Sent: 1369 Rcvd: 238 (2012-08-13 15:09:33)
Worker: rmi://stremi-42.reims.grid5000.fr:45111 Sent: 1341 Rcvd: 255 (2012-08-13 15:09:33)
Worker: rmi://stremi-42.reims.grid5000.fr:45111 Sent: 1068 Rcvd: 171 (2012-08-13 15:09:33)
Worker: rmi://stremi-39.reims.grid5000.fr:42688 Sent: 1078 Rcvd: 173 (2012-08-13 15:09:33)
Worker: rmi://stremi-41.reims.grid5000.fr:33896 Sent: 1306 Rcvd: 199 (2012-08-13 15:09:33)
Worker: rmi://stremi-3.reims.grid5000.fr:50157 Sent: 1318 Rcvd: 221 (2012-08-13 15:09:33)
Worker: rmi://stremi-4.reims.grid5000.fr:59066 Sent: 1311 Rcvd: 254 (2012-08-13 15:09:33)
Worker: rmi://stremi-37.reims.grid5000.fr:33335 Sent: 1317 Rcvd: 247 (2012-08-13 15:09:33)
Worker: rmi://stremi-42.reims.grid5000.fr:45111 Sent: 1038 Rcvd: 157 (2012-08-13 15:09:33)
Worker: rmi://stremi-41.reims.grid5000.fr:33896 Sent: 1281 Rcvd: 297 (2012-08-13 15:09:33)
Worker: rmi://stremi-37.reims.grid5000.fr:33335 Sent: 1131 Rcvd: 94 (2012-08-13 15:09:33)
Worker: rmi://stremi-38.reims.grid5000.fr:35656 Sent: 1342 Rcvd: 177 (2012-08-13 15:09:33)
Worker: rmi://stremi-39.reims.grid5000.fr:42688 Sent: 1282 Rcvd: 266 (2012-08-13 15:09:33)
Worker: rmi://stremi-3.reims.grid5000.fr:50157 Sent: 1152 Rcvd: 196 (2012-08-13 15:09:33)
Worker: rmi://stremi-40.reims.grid5000.fr:48420 Sent: 1051 Rcvd: 220 (2012-08-13 15:09:33)
Worker: rmi://stremi-3.reims.grid5000.fr:50157 Sent: 1250 Rcvd: 180 (2012-08-13 15:09:33)
Worker: rmi://stremi-39.reims.grid5000.fr:42688 Sent: 1445 Rcvd: 104 (2012-08-13 15:09:33)
Worker: rmi://stremi-40.reims.grid5000.fr:48420 Sent: 1286 Rcvd: 85 (2012-08-13 15:09:33)
Worker: rmi://stremi-42.reims.grid5000.fr:45111 Sent: 2287 Rcvd: 64 (2012-08-13 15:09:33)
Worker: rmi://stremi-42.reims.grid5000.fr:45111 Sent: 1128 Rcvd: 78 (2012-08-13 15:09:33)
Worker: rmi://stremi-4.reims.grid5000.fr:59066 Sent: 1379 Rcvd: 165 (2012-08-13 15:09:33)
Worker: rmi://stremi-3.reims.grid5000.fr:50157 Sent: 1277 Rcvd: 287 (2012-08-13 15:09:33)
Worker: rmi://stremi-38.reims.grid5000.fr:35656 Sent: 1564 Rcvd: 64 (2012-08-13 15:09:33)
Worker: rmi://stremi-4.reims.grid5000.fr:59066 Sent: 3201 Rcvd: 11 (2012-08-13 15:09:33)
Worker: rmi://stremi-39.reims.grid5000.fr:42688 Sent: 1301 Rcvd: 325 (2012-08-13 15:09:33)
Model checking completed. No error has been found.
  Estimates of the probability that TLC did not check all reachable states
  because two distinct states had the same fingerprint:
  calculated (optimistic):  val = 1.4E-8
  based on the actual fingerprints:  val = 2.7E-14
1276685 states generated, 262144 distinct states found, 0 states left on queue.
The depth of the complete state graph search is 19.
Finished. (2012-08-13 15:09:37)
Warning: Failed to connect from stremi-8.reims.grid5000.fr to the fp server at stremi-4.reims.grid5000.fr.
Connection refused to host: 172.16.160.4; nested exception is: 
	java.net.ConnectException: Connection refused
Warning: Failed to connect from stremi-8.reims.grid5000.fr to the fp server at stremi-4.reims.grid5000.fr.
Connection refused to host: 172.16.160.4; nested exception is: 
	java.net.ConnectException: Connection refused
Warning: Failed to connect from stremi-8.reims.grid5000.fr to the fp server at stremi-4.reims.grid5000.fr.
Connection refused to host: 172.16.160.4; nested exception is: 
	java.net.ConnectException: Connection refused
Warning: Failed to connect from stremi-8.reims.grid5000.fr to the fp server at stremi-4.reims.grid5000.fr.
Connection refused to host: 172.16.160.4; nested exception is: 
	java.net.ConnectException: Connection refused
Warning: Failed to connect from stremi-8.reims.grid5000.fr to the fp server at stremi-4.reims.grid5000.fr.
Connection refused to host: 172.16.160.4; nested exception is: 
	java.net.ConnectException: Connection refused
Warning: Failed to connect from stremi-8.reims.grid5000.fr to the fp server at stremi-4.reims.grid5000.fr.
Connection refused to host: 172.16.160.4; nested exception is: 
	java.net.ConnectException: Connection refused
Warning: Failed to connect from stremi-8.reims.grid5000.fr to the fp server at stremi-4.reims.grid5000.fr.
Connection refused to host: 172.16.160.4; nested exception is: 
	java.net.ConnectException: Connection refused
Warning: Failed to connect from stremi-8.reims.grid5000.fr to the fp server at stremi-4.reims.grid5000.fr.
Connection refused to host: 172.16.160.4; nested exception is: 
	java.net.ConnectException: Connection refused
