Listening for transport dt_socket at address: 1044
TLC Server Version 2.05 of 24 October 2012
Parsing file /mnt/tlc/5571/spec/l10_n8.tla
Parsing file /mnt/tlc/5571/spec/GridPerformanceTest.tla
Parsing file /mnt/tlc/5571/tla/tla2sany/StandardModules/TLC.tla
Parsing file /mnt/tlc/5571/tla/tla2sany/StandardModules/Integers.tla
Parsing file /mnt/tlc/5571/tla/tla2sany/StandardModules/FiniteSets.tla
Parsing file /mnt/tlc/5571/tla/tla2sany/StandardModules/Naturals.tla
Parsing file /mnt/tlc/5571/tla/tla2sany/StandardModules/Sequences.tla
Semantic processing of module Naturals
Semantic processing of module Integers
Semantic processing of module Sequences
Semantic processing of module FiniteSets
Semantic processing of module GridPerformanceTest
Semantic processing of module TLC
Semantic processing of module l10_n8
Starting... (2012-11-05 12:32:29)
Computing initial states...
Finished computing initial states: 1 distinct state(s) generated.
TLC server at ip-10-32-54-87 is ready (2012-11-05 12:33:09)
Done waiting for FPSet server(s) (2012-11-05 12:33:09)
Registration for worker at rmi://ip-10-32-41-198.eu-west-1.compute.internal:49761/4 completed (2012-11-05 12:33:20)
Registration for worker at rmi://ip-10-32-41-198.eu-west-1.compute.internal:49761/7 completed (2012-11-05 12:33:20)
Registration for worker at rmi://ip-10-32-41-198.eu-west-1.compute.internal:49761/0 completed (2012-11-05 12:33:20)
Registration for worker at rmi://ip-10-32-41-198.eu-west-1.compute.internal:49761/3 completed (2012-11-05 12:33:20)
Registration for worker at rmi://ip-10-32-41-198.eu-west-1.compute.internal:49761/6 completed (2012-11-05 12:33:20)
Registration for worker at rmi://ip-10-32-41-198.eu-west-1.compute.internal:49761/5 completed (2012-11-05 12:33:20)
Registration for worker at rmi://ip-10-32-41-198.eu-west-1.compute.internal:49761/2 completed (2012-11-05 12:33:20)
Registration for worker at rmi://ip-10-32-41-198.eu-west-1.compute.internal:49761/1 completed (2012-11-05 12:33:20)
Registration for worker at rmi://ip-10-32-49-215.eu-west-1.compute.internal:38960/7 completed (2012-11-05 12:33:21)
Registration for worker at rmi://ip-10-32-49-215.eu-west-1.compute.internal:38960/2 completed (2012-11-05 12:33:21)
Registration for worker at rmi://ip-10-32-49-215.eu-west-1.compute.internal:38960/4 completed (2012-11-05 12:33:21)
Registration for worker at rmi://ip-10-32-49-215.eu-west-1.compute.internal:38960/6 completed (2012-11-05 12:33:21)
Registration for worker at rmi://ip-10-32-49-215.eu-west-1.compute.internal:38960/3 completed (2012-11-05 12:33:21)
Registration for worker at rmi://ip-10-32-49-215.eu-west-1.compute.internal:38960/1 completed (2012-11-05 12:33:21)
Registration for worker at rmi://ip-10-32-49-215.eu-west-1.compute.internal:38960/0 completed (2012-11-05 12:33:21)
Registration for worker at rmi://ip-10-32-49-215.eu-west-1.compute.internal:38960/5 completed (2012-11-05 12:33:21)
Registration for worker at rmi://ip-10-32-41-247.eu-west-1.compute.internal:57405/5 completed (2012-11-05 12:33:21)
Registration for worker at rmi://ip-10-32-53-169.eu-west-1.compute.internal:58317/5 completed (2012-11-05 12:33:21)
Registration for worker at rmi://ip-10-32-53-169.eu-west-1.compute.internal:58317/4 completed (2012-11-05 12:33:21)
Registration for worker at rmi://ip-10-32-43-29.eu-west-1.compute.internal:47007/5 completed (2012-11-05 12:33:21)
Registration for worker at rmi://ip-10-32-43-29.eu-west-1.compute.internal:47007/3 completed (2012-11-05 12:33:21)
Registration for worker at rmi://ip-10-32-43-29.eu-west-1.compute.internal:47007/2 completed (2012-11-05 12:33:21)
Registration for worker at rmi://ip-10-32-43-29.eu-west-1.compute.internal:47007/6 completed (2012-11-05 12:33:21)
Registration for worker at rmi://ip-10-32-53-169.eu-west-1.compute.internal:58317/1 completed (2012-11-05 12:33:21)
Registration for worker at rmi://ip-10-32-43-29.eu-west-1.compute.internal:47007/7 completed (2012-11-05 12:33:21)
Registration for worker at rmi://ip-10-32-43-29.eu-west-1.compute.internal:47007/0 completed (2012-11-05 12:33:21)
Registration for worker at rmi://ip-10-32-43-29.eu-west-1.compute.internal:47007/4 completed (2012-11-05 12:33:21)
Registration for worker at rmi://ip-10-32-43-29.eu-west-1.compute.internal:47007/1 completed (2012-11-05 12:33:21)
Registration for worker at rmi://ip-10-32-41-247.eu-west-1.compute.internal:57405/1 completed (2012-11-05 12:33:21)
Registration for worker at rmi://ip-10-32-41-247.eu-west-1.compute.internal:57405/3 completed (2012-11-05 12:33:21)
Registration for worker at rmi://ip-10-32-41-247.eu-west-1.compute.internal:57405/7 completed (2012-11-05 12:33:21)
Registration for worker at rmi://ip-10-32-43-236.eu-west-1.compute.internal:40146/6 completed (2012-11-05 12:33:21)
Registration for worker at rmi://ip-10-32-49-151.eu-west-1.compute.internal:53432/0 completed (2012-11-05 12:33:21)
Registration for worker at rmi://ip-10-32-49-151.eu-west-1.compute.internal:53432/3 completed (2012-11-05 12:33:21)
Registration for worker at rmi://ip-10-32-43-236.eu-west-1.compute.internal:40146/3 completed (2012-11-05 12:33:21)
Registration for worker at rmi://ip-10-32-43-236.eu-west-1.compute.internal:40146/2 completed (2012-11-05 12:33:21)
Registration for worker at rmi://ip-10-32-49-151.eu-west-1.compute.internal:53432/4 completed (2012-11-05 12:33:21)
Registration for worker at rmi://ip-10-32-49-151.eu-west-1.compute.internal:53432/2 completed (2012-11-05 12:33:21)
Registration for worker at rmi://ip-10-32-43-236.eu-west-1.compute.internal:40146/1 completed (2012-11-05 12:33:21)
Registration for worker at rmi://ip-10-32-43-236.eu-west-1.compute.internal:40146/4 completed (2012-11-05 12:33:21)
Registration for worker at rmi://ip-10-32-43-236.eu-west-1.compute.internal:40146/0 completed (2012-11-05 12:33:21)
Registration for worker at rmi://ip-10-32-43-236.eu-west-1.compute.internal:40146/7 completed (2012-11-05 12:33:21)
Registration for worker at rmi://ip-10-32-49-151.eu-west-1.compute.internal:53432/7 completed (2012-11-05 12:33:21)
Registration for worker at rmi://ip-10-32-49-151.eu-west-1.compute.internal:53432/1 completed (2012-11-05 12:33:21)
Registration for worker at rmi://ip-10-32-49-151.eu-west-1.compute.internal:53432/5 completed (2012-11-05 12:33:21)
Registration for worker at rmi://ip-10-32-49-151.eu-west-1.compute.internal:53432/6 completed (2012-11-05 12:33:21)
Registration for worker at rmi://ip-10-32-54-224.eu-west-1.compute.internal:34160/4 completed (2012-11-05 12:33:21)
Registration for worker at rmi://ip-10-32-54-224.eu-west-1.compute.internal:34160/3 completed (2012-11-05 12:33:21)
Registration for worker at rmi://ip-10-32-54-224.eu-west-1.compute.internal:34160/6 completed (2012-11-05 12:33:21)
Registration for worker at rmi://ip-10-32-54-224.eu-west-1.compute.internal:34160/7 completed (2012-11-05 12:33:21)
Registration for worker at rmi://ip-10-32-54-224.eu-west-1.compute.internal:34160/5 completed (2012-11-05 12:33:21)
Registration for worker at rmi://ip-10-32-54-224.eu-west-1.compute.internal:34160/2 completed (2012-11-05 12:33:21)
Registration for worker at rmi://ip-10-32-50-44.eu-west-1.compute.internal:38288/4 completed (2012-11-05 12:33:21)
Registration for worker at rmi://ip-10-32-50-44.eu-west-1.compute.internal:38288/1 completed (2012-11-05 12:33:21)
Registration for worker at rmi://ip-10-32-50-44.eu-west-1.compute.internal:38288/5 completed (2012-11-05 12:33:21)
Registration for worker at rmi://ip-10-32-50-44.eu-west-1.compute.internal:38288/6 completed (2012-11-05 12:33:21)
Registration for worker at rmi://ip-10-32-50-44.eu-west-1.compute.internal:38288/7 completed (2012-11-05 12:33:21)
Registration for worker at rmi://ip-10-32-50-44.eu-west-1.compute.internal:38288/3 completed (2012-11-05 12:33:21)
Registration for worker at rmi://ip-10-32-50-44.eu-west-1.compute.internal:38288/0 completed (2012-11-05 12:33:21)
Registration for worker at rmi://ip-10-32-50-44.eu-west-1.compute.internal:38288/2 completed (2012-11-05 12:33:21)
Registration for worker at rmi://ip-10-32-54-104.eu-west-1.compute.internal:48734/2 completed (2012-11-05 12:33:21)
Registration for worker at rmi://ip-10-32-54-104.eu-west-1.compute.internal:48734/7 completed (2012-11-05 12:33:21)
Registration for worker at rmi://ip-10-32-54-104.eu-west-1.compute.internal:48734/5 completed (2012-11-05 12:33:21)
Registration for worker at rmi://ip-10-32-54-104.eu-west-1.compute.internal:48734/0 completed (2012-11-05 12:33:21)
Registration for worker at rmi://ip-10-32-54-104.eu-west-1.compute.internal:48734/4 completed (2012-11-05 12:33:21)
Registration for worker at rmi://ip-10-32-54-104.eu-west-1.compute.internal:48734/1 completed (2012-11-05 12:33:21)
Registration for worker at rmi://ip-10-32-54-104.eu-west-1.compute.internal:48734/3 completed (2012-11-05 12:33:21)
Registration for worker at rmi://ip-10-32-54-104.eu-west-1.compute.internal:48734/6 completed (2012-11-05 12:33:21)
Registration for worker at rmi://ip-10-32-53-250.eu-west-1.compute.internal:48700/1 completed (2012-11-05 12:33:21)
Registration for worker at rmi://ip-10-32-53-250.eu-west-1.compute.internal:48700/0 completed (2012-11-05 12:33:21)
Registration for worker at rmi://ip-10-32-53-250.eu-west-1.compute.internal:48700/5 completed (2012-11-05 12:33:21)
Registration for worker at rmi://ip-10-32-53-250.eu-west-1.compute.internal:48700/7 completed (2012-11-05 12:33:21)
Registration for worker at rmi://ip-10-32-53-250.eu-west-1.compute.internal:48700/4 completed (2012-11-05 12:33:21)
Registration for worker at rmi://ip-10-32-53-250.eu-west-1.compute.internal:48700/3 completed (2012-11-05 12:33:21)
Registration for worker at rmi://ip-10-32-53-250.eu-west-1.compute.internal:48700/2 completed (2012-11-05 12:33:21)
Registration for worker at rmi://ip-10-32-53-250.eu-west-1.compute.internal:48700/6 completed (2012-11-05 12:33:21)
Registration for worker at rmi://ip-10-32-54-102.eu-west-1.compute.internal:33762/6 completed (2012-11-05 12:33:21)
Registration for worker at rmi://ip-10-32-54-102.eu-west-1.compute.internal:33762/1 completed (2012-11-05 12:33:21)
Registration for worker at rmi://ip-10-32-54-102.eu-west-1.compute.internal:33762/4 completed (2012-11-05 12:33:21)
Registration for worker at rmi://ip-10-32-54-102.eu-west-1.compute.internal:33762/7 completed (2012-11-05 12:33:21)
Registration for worker at rmi://ip-10-32-54-102.eu-west-1.compute.internal:33762/3 completed (2012-11-05 12:33:21)
Registration for worker at rmi://ip-10-32-54-37.eu-west-1.compute.internal:47450/7 completed (2012-11-05 12:33:21)
Registration for worker at rmi://ip-10-32-54-102.eu-west-1.compute.internal:33762/2 completed (2012-11-05 12:33:21)
Registration for worker at rmi://ip-10-32-54-102.eu-west-1.compute.internal:33762/0 completed (2012-11-05 12:33:21)
Registration for worker at rmi://ip-10-32-54-102.eu-west-1.compute.internal:33762/5 completed (2012-11-05 12:33:21)
Registration for worker at rmi://ip-10-32-54-37.eu-west-1.compute.internal:47450/3 completed (2012-11-05 12:33:21)
Registration for worker at rmi://ip-10-32-54-37.eu-west-1.compute.internal:47450/2 completed (2012-11-05 12:33:21)
Registration for worker at rmi://ip-10-32-54-37.eu-west-1.compute.internal:47450/6 completed (2012-11-05 12:33:21)
Registration for worker at rmi://ip-10-32-54-37.eu-west-1.compute.internal:47450/4 completed (2012-11-05 12:33:21)
Registration for worker at rmi://ip-10-32-54-37.eu-west-1.compute.internal:47450/5 completed (2012-11-05 12:33:21)
Registration for worker at rmi://ip-10-32-54-37.eu-west-1.compute.internal:47450/1 completed (2012-11-05 12:33:21)
Registration for worker at rmi://ip-10-32-54-37.eu-west-1.compute.internal:47450/0 completed (2012-11-05 12:33:21)
Registration for worker at rmi://ip-10-32-53-236.eu-west-1.compute.internal:49660/4 completed (2012-11-05 12:33:21)
Registration for worker at rmi://ip-10-32-53-236.eu-west-1.compute.internal:49660/2 completed (2012-11-05 12:33:21)
Registration for worker at rmi://ip-10-32-53-236.eu-west-1.compute.internal:49660/7 completed (2012-11-05 12:33:21)
Registration for worker at rmi://ip-10-32-53-236.eu-west-1.compute.internal:49660/0 completed (2012-11-05 12:33:21)
Registration for worker at rmi://ip-10-32-53-236.eu-west-1.compute.internal:49660/5 completed (2012-11-05 12:33:21)
Registration for worker at rmi://ip-10-32-53-236.eu-west-1.compute.internal:49660/6 completed (2012-11-05 12:33:21)
Registration for worker at rmi://ip-10-32-53-236.eu-west-1.compute.internal:49660/3 completed (2012-11-05 12:33:21)
Registration for worker at rmi://ip-10-32-53-236.eu-west-1.compute.internal:49660/1 completed (2012-11-05 12:33:21)
Registration for worker at rmi://ip-10-32-54-204.eu-west-1.compute.internal:58633/6 completed (2012-11-05 12:33:22)
Registration for worker at rmi://ip-10-32-54-204.eu-west-1.compute.internal:58633/7 completed (2012-11-05 12:33:22)
Registration for worker at rmi://ip-10-32-54-204.eu-west-1.compute.internal:58633/3 completed (2012-11-05 12:33:22)
Registration for worker at rmi://ip-10-32-54-204.eu-west-1.compute.internal:58633/1 completed (2012-11-05 12:33:22)
Registration for worker at rmi://ip-10-32-54-204.eu-west-1.compute.internal:58633/5 completed (2012-11-05 12:33:22)
Registration for worker at rmi://ip-10-32-54-204.eu-west-1.compute.internal:58633/4 completed (2012-11-05 12:33:22)
Registration for worker at rmi://ip-10-32-54-204.eu-west-1.compute.internal:58633/2 completed (2012-11-05 12:33:22)
Registration for worker at rmi://ip-10-32-54-204.eu-west-1.compute.internal:58633/0 completed (2012-11-05 12:33:22)
Registration for worker at rmi://ip-10-32-54-16.eu-west-1.compute.internal:49004/3 completed (2012-11-05 12:33:22)
Registration for worker at rmi://ip-10-32-54-16.eu-west-1.compute.internal:49004/7 completed (2012-11-05 12:33:22)
Registration for worker at rmi://ip-10-32-54-16.eu-west-1.compute.internal:49004/6 completed (2012-11-05 12:33:22)
Registration for worker at rmi://ip-10-32-54-16.eu-west-1.compute.internal:49004/5 completed (2012-11-05 12:33:22)
Registration for worker at rmi://ip-10-32-54-16.eu-west-1.compute.internal:49004/2 completed (2012-11-05 12:33:22)
Registration for worker at rmi://ip-10-32-54-16.eu-west-1.compute.internal:49004/1 completed (2012-11-05 12:33:22)
Registration for worker at rmi://ip-10-32-54-16.eu-west-1.compute.internal:49004/0 completed (2012-11-05 12:33:22)
Registration for worker at rmi://ip-10-32-54-16.eu-west-1.compute.internal:49004/4 completed (2012-11-05 12:33:22)
Registration for worker at rmi://ip-10-32-54-26.eu-west-1.compute.internal:50050/0 completed (2012-11-05 12:33:22)
Registration for worker at rmi://ip-10-32-54-26.eu-west-1.compute.internal:50050/2 completed (2012-11-05 12:33:22)
Registration for worker at rmi://ip-10-32-54-26.eu-west-1.compute.internal:50050/6 completed (2012-11-05 12:33:22)
Registration for worker at rmi://ip-10-32-54-26.eu-west-1.compute.internal:50050/4 completed (2012-11-05 12:33:22)
Registration for worker at rmi://ip-10-32-54-26.eu-west-1.compute.internal:50050/3 completed (2012-11-05 12:33:22)
Registration for worker at rmi://ip-10-32-54-26.eu-west-1.compute.internal:50050/7 completed (2012-11-05 12:33:22)
Registration for worker at rmi://ip-10-32-54-26.eu-west-1.compute.internal:50050/5 completed (2012-11-05 12:33:22)
Registration for worker at rmi://ip-10-32-54-26.eu-west-1.compute.internal:50050/1 completed (2012-11-05 12:33:22)
Registration for worker at rmi://ip-10-32-54-92.eu-west-1.compute.internal:56807/5 completed (2012-11-05 12:33:22)
Registration for worker at rmi://ip-10-32-54-92.eu-west-1.compute.internal:56807/4 completed (2012-11-05 12:33:22)
Registration for worker at rmi://ip-10-32-54-92.eu-west-1.compute.internal:56807/7 completed (2012-11-05 12:33:22)
Registration for worker at rmi://ip-10-32-54-92.eu-west-1.compute.internal:56807/3 completed (2012-11-05 12:33:22)
Registration for worker at rmi://ip-10-32-54-92.eu-west-1.compute.internal:56807/2 completed (2012-11-05 12:33:22)
Registration for worker at rmi://ip-10-32-54-92.eu-west-1.compute.internal:56807/1 completed (2012-11-05 12:33:22)
Registration for worker at rmi://ip-10-32-54-92.eu-west-1.compute.internal:56807/0 completed (2012-11-05 12:33:22)
Registration for worker at rmi://ip-10-32-54-92.eu-west-1.compute.internal:56807/6 completed (2012-11-05 12:33:22)
Progress(27) at 2012-11-05 12:34:09: 38244319 states generated (38,244,319 s/min), 6102398 distinct states found (6,102,398 ds/min), 2084308 states left on queue.
Progress(31) at 2012-11-05 12:35:10: 89170447 states generated (50,926,128 s/min), 12062227 distinct states found (5,959,829 ds/min), 2423179 states left on queue.
Progress(40) at 2012-11-05 12:36:10: 137399840 states generated (48,229,393 s/min), 16110639 distinct states found (4,048,412 ds/min), 948798 states left on queue.
Worker: rmi://ip-10-32-53-236.eu-west-1.compute.internal:49660/3 Sent: 128075 Rcvd: 141317 CacheRatio: 0.02 (2012-11-05 12:36:27)
Worker: rmi://ip-10-32-43-236.eu-west-1.compute.internal:40146/3 Sent: 121317 Rcvd: 74033 CacheRatio: 0.03 (2012-11-05 12:36:27)
Worker: rmi://ip-10-32-54-92.eu-west-1.compute.internal:56807/7 Sent: 125540 Rcvd: 144023 CacheRatio: 0.02 (2012-11-05 12:36:27)
Worker: rmi://ip-10-32-49-215.eu-west-1.compute.internal:38960/7 Sent: 124485 Rcvd: 86470 CacheRatio: 0.02 (2012-11-05 12:36:27)
Worker: rmi://ip-10-32-54-16.eu-west-1.compute.internal:49004/5 Sent: 121459 Rcvd: 71980 CacheRatio: 0.03 (2012-11-05 12:36:27)
Worker: rmi://ip-10-32-54-37.eu-west-1.compute.internal:47450/1 Sent: 131921 Rcvd: 184839 CacheRatio: 0.03 (2012-11-05 12:36:27)
Worker: rmi://ip-10-32-49-151.eu-west-1.compute.internal:53432/6 Sent: 134515 Rcvd: 176632 CacheRatio: 0.03 (2012-11-05 12:36:27)
Worker: rmi://ip-10-32-43-29.eu-west-1.compute.internal:47007/2 Sent: 132810 Rcvd: 236130 CacheRatio: 0.03 (2012-11-05 12:36:27)
Worker: rmi://ip-10-32-49-215.eu-west-1.compute.internal:38960/4 Sent: 125630 Rcvd: 101957 CacheRatio: 0.03 (2012-11-05 12:36:27)
Worker: rmi://ip-10-32-54-104.eu-west-1.compute.internal:48734/3 Sent: 126936 Rcvd: 117392 CacheRatio: 0.03 (2012-11-05 12:36:27)
Worker: rmi://ip-10-32-50-44.eu-west-1.compute.internal:38288/1 Sent: 125767 Rcvd: 114840 CacheRatio: 0.03 (2012-11-05 12:36:27)
Worker: rmi://ip-10-32-54-92.eu-west-1.compute.internal:56807/4 Sent: 126675 Rcvd: 77756 CacheRatio: 0.02 (2012-11-05 12:36:27)
Worker: rmi://ip-10-32-54-26.eu-west-1.compute.internal:50050/3 Sent: 120438 Rcvd: 72030 CacheRatio: 0.03 (2012-11-05 12:36:27)
Worker: rmi://ip-10-32-54-104.eu-west-1.compute.internal:48734/5 Sent: 126902 Rcvd: 136209 CacheRatio: 0.02 (2012-11-05 12:36:27)
Worker: rmi://ip-10-32-54-26.eu-west-1.compute.internal:50050/7 Sent: 120336 Rcvd: 62852 CacheRatio: 0.02 (2012-11-05 12:36:27)
Worker: rmi://ip-10-32-54-102.eu-west-1.compute.internal:33762/1 Sent: 134188 Rcvd: 234373 CacheRatio: 0.02 (2012-11-05 12:36:27)
Worker: rmi://ip-10-32-53-236.eu-west-1.compute.internal:49660/6 Sent: 128961 Rcvd: 189791 CacheRatio: 0.03 (2012-11-05 12:36:27)
Worker: rmi://ip-10-32-54-26.eu-west-1.compute.internal:50050/4 Sent: 120149 Rcvd: 66922 CacheRatio: 0.03 (2012-11-05 12:36:27)
Worker: rmi://ip-10-32-54-104.eu-west-1.compute.internal:48734/0 Sent: 127739 Rcvd: 152161 CacheRatio: 0.03 (2012-11-05 12:36:27)
Worker: rmi://ip-10-32-54-102.eu-west-1.compute.internal:33762/5 Sent: 132825 Rcvd: 204214 CacheRatio: 0.03 (2012-11-05 12:36:27)
Worker: rmi://ip-10-32-54-224.eu-west-1.compute.internal:34160/6 Sent: 132827 Rcvd: 221346 CacheRatio: 0.03 (2012-11-05 12:36:27)
Worker: rmi://ip-10-32-43-29.eu-west-1.compute.internal:47007/1 Sent: 132523 Rcvd: 239678 CacheRatio: 0.03 (2012-11-05 12:36:27)
Worker: rmi://ip-10-32-43-236.eu-west-1.compute.internal:40146/1 Sent: 120332 Rcvd: 79038 CacheRatio: 0.03 (2012-11-05 12:36:27)
Worker: rmi://ip-10-32-54-92.eu-west-1.compute.internal:56807/5 Sent: 126132 Rcvd: 136175 CacheRatio: 0.03 (2012-11-05 12:36:27)
Worker: rmi://ip-10-32-41-198.eu-west-1.compute.internal:49761/1 Sent: 128984 Rcvd: 148566 CacheRatio: 0.03 (2012-11-05 12:36:27)
Worker: rmi://ip-10-32-53-250.eu-west-1.compute.internal:48700/3 Sent: 120267 Rcvd: 63939 CacheRatio: 0.02 (2012-11-05 12:36:27)
Worker: rmi://ip-10-32-53-169.eu-west-1.compute.internal:58317/5 Sent: 135868 Rcvd: 183615 CacheRatio: 0.03 (2012-11-05 12:36:27)
Worker: rmi://ip-10-32-54-92.eu-west-1.compute.internal:56807/1 Sent: 124582 Rcvd: 103148 CacheRatio: 0.02 (2012-11-05 12:36:27)
Worker: rmi://ip-10-32-43-236.eu-west-1.compute.internal:40146/0 Sent: 119865 Rcvd: 66907 CacheRatio: 0.03 (2012-11-05 12:36:27)
Worker: rmi://ip-10-32-54-102.eu-west-1.compute.internal:33762/4 Sent: 135028 Rcvd: 239788 CacheRatio: 0.03 (2012-11-05 12:36:27)
Worker: rmi://ip-10-32-43-29.eu-west-1.compute.internal:47007/5 Sent: 135947 Rcvd: 217835 CacheRatio: 0.03 (2012-11-05 12:36:27)
Worker: rmi://ip-10-32-49-215.eu-west-1.compute.internal:38960/0 Sent: 126450 Rcvd: 157512 CacheRatio: 0.03 (2012-11-05 12:36:27)
Worker: rmi://ip-10-32-49-215.eu-west-1.compute.internal:38960/6 Sent: 124784 Rcvd: 99979 CacheRatio: 0.03 (2012-11-05 12:36:27)
Worker: rmi://ip-10-32-54-104.eu-west-1.compute.internal:48734/4 Sent: 128463 Rcvd: 117742 CacheRatio: 0.03 (2012-11-05 12:36:27)
Worker: rmi://ip-10-32-41-247.eu-west-1.compute.internal:57405/7 Sent: 132201 Rcvd: 172483 CacheRatio: 0.03 (2012-11-05 12:36:27)
Worker: rmi://ip-10-32-49-215.eu-west-1.compute.internal:38960/2 Sent: 125223 Rcvd: 107811 CacheRatio: 0.03 (2012-11-05 12:36:27)
Worker: rmi://ip-10-32-54-92.eu-west-1.compute.internal:56807/6 Sent: 125974 Rcvd: 129945 CacheRatio: 0.03 (2012-11-05 12:36:27)
Worker: rmi://ip-10-32-50-44.eu-west-1.compute.internal:38288/0 Sent: 123998 Rcvd: 117599 CacheRatio: 0.03 (2012-11-05 12:36:27)
Worker: rmi://ip-10-32-41-198.eu-west-1.compute.internal:49761/6 Sent: 127638 Rcvd: 125189 CacheRatio: 0.03 (2012-11-05 12:36:27)
Worker: rmi://ip-10-32-41-198.eu-west-1.compute.internal:49761/2 Sent: 131281 Rcvd: 116693 CacheRatio: 0.03 (2012-11-05 12:36:27)
Worker: rmi://ip-10-32-49-151.eu-west-1.compute.internal:53432/1 Sent: 128824 Rcvd: 151062 CacheRatio: 0.03 (2012-11-05 12:36:27)
Worker: rmi://ip-10-32-50-44.eu-west-1.compute.internal:38288/4 Sent: 123221 Rcvd: 74060 CacheRatio: 0.03 (2012-11-05 12:36:27)
Worker: rmi://ip-10-32-49-151.eu-west-1.compute.internal:53432/7 Sent: 129620 Rcvd: 175700 CacheRatio: 0.03 (2012-11-05 12:36:27)
Worker: rmi://ip-10-32-41-198.eu-west-1.compute.internal:49761/4 Sent: 127569 Rcvd: 157681 CacheRatio: 0.03 (2012-11-05 12:36:27)
Worker: rmi://ip-10-32-53-250.eu-west-1.compute.internal:48700/6 Sent: 119898 Rcvd: 72421 CacheRatio: 0.03 (2012-11-05 12:36:27)
Worker: rmi://ip-10-32-49-151.eu-west-1.compute.internal:53432/4 Sent: 130877 Rcvd: 170902 CacheRatio: 0.03 (2012-11-05 12:36:27)
Worker: rmi://ip-10-32-41-247.eu-west-1.compute.internal:57405/1 Sent: 135551 Rcvd: 189955 CacheRatio: 0.03 (2012-11-05 12:36:27)
Worker: rmi://ip-10-32-54-16.eu-west-1.compute.internal:49004/1 Sent: 119529 Rcvd: 67191 CacheRatio: 0.03 (2012-11-05 12:36:27)
Worker: rmi://ip-10-32-53-250.eu-west-1.compute.internal:48700/5 Sent: 119037 Rcvd: 58035 CacheRatio: 0.03 (2012-11-05 12:36:27)
Worker: rmi://ip-10-32-43-236.eu-west-1.compute.internal:40146/6 Sent: 116252 Rcvd: 70028 CacheRatio: 0.03 (2012-11-05 12:36:27)
Worker: rmi://ip-10-32-54-37.eu-west-1.compute.internal:47450/3 Sent: 133361 Rcvd: 192724 CacheRatio: 0.02 (2012-11-05 12:36:27)
Worker: rmi://ip-10-32-54-104.eu-west-1.compute.internal:48734/1 Sent: 127598 Rcvd: 140724 CacheRatio: 0.03 (2012-11-05 12:36:27)
Worker: rmi://ip-10-32-54-37.eu-west-1.compute.internal:47450/5 Sent: 132145 Rcvd: 190075 CacheRatio: 0.03 (2012-11-05 12:36:27)
Worker: rmi://ip-10-32-41-198.eu-west-1.compute.internal:49761/7 Sent: 128298 Rcvd: 167981 CacheRatio: 0.03 (2012-11-05 12:36:27)
Worker: rmi://ip-10-32-54-16.eu-west-1.compute.internal:49004/3 Sent: 120872 Rcvd: 70719 CacheRatio: 0.04 (2012-11-05 12:36:27)
Worker: rmi://ip-10-32-43-236.eu-west-1.compute.internal:40146/7 Sent: 119631 Rcvd: 74118 CacheRatio: 0.03 (2012-11-05 12:36:27)
Worker: rmi://ip-10-32-54-102.eu-west-1.compute.internal:33762/0 Sent: 133682 Rcvd: 247668 CacheRatio: 0.03 (2012-11-05 12:36:27)
Worker: rmi://ip-10-32-43-29.eu-west-1.compute.internal:47007/7 Sent: 133171 Rcvd: 215904 CacheRatio: 0.03 (2012-11-05 12:36:27)
Worker: rmi://ip-10-32-53-250.eu-west-1.compute.internal:48700/4 Sent: 121736 Rcvd: 59853 CacheRatio: 0.03 (2012-11-05 12:36:27)
Worker: rmi://ip-10-32-43-236.eu-west-1.compute.internal:40146/2 Sent: 119575 Rcvd: 64201 CacheRatio: 0.03 (2012-11-05 12:36:27)
Worker: rmi://ip-10-32-54-16.eu-west-1.compute.internal:49004/2 Sent: 120880 Rcvd: 63374 CacheRatio: 0.03 (2012-11-05 12:36:27)
Worker: rmi://ip-10-32-43-236.eu-west-1.compute.internal:40146/4 Sent: 119926 Rcvd: 54441 CacheRatio: 0.03 (2012-11-05 12:36:27)
Worker: rmi://ip-10-32-54-16.eu-west-1.compute.internal:49004/7 Sent: 120541 Rcvd: 72831 CacheRatio: 0.03 (2012-11-05 12:36:27)
Worker: rmi://ip-10-32-50-44.eu-west-1.compute.internal:38288/7 Sent: 125041 Rcvd: 110071 CacheRatio: 0.02 (2012-11-05 12:36:27)
Worker: rmi://ip-10-32-54-204.eu-west-1.compute.internal:58633/0 Sent: 126643 Rcvd: 132897 CacheRatio: 0.03 (2012-11-05 12:36:27)
Worker: rmi://ip-10-32-54-104.eu-west-1.compute.internal:48734/2 Sent: 127819 Rcvd: 122618 CacheRatio: 0.03 (2012-11-05 12:36:27)
Worker: rmi://ip-10-32-54-204.eu-west-1.compute.internal:58633/4 Sent: 127224 Rcvd: 129416 CacheRatio: 0.03 (2012-11-05 12:36:27)
Worker: rmi://ip-10-32-49-151.eu-west-1.compute.internal:53432/2 Sent: 129786 Rcvd: 182850 CacheRatio: 0.03 (2012-11-05 12:36:27)
Worker: rmi://ip-10-32-54-224.eu-west-1.compute.internal:34160/7 Sent: 124947 Rcvd: 94571 CacheRatio: 0.03 (2012-11-05 12:36:27)
Worker: rmi://ip-10-32-41-198.eu-west-1.compute.internal:49761/5 Sent: 127351 Rcvd: 157882 CacheRatio: 0.03 (2012-11-05 12:36:27)
Worker: rmi://ip-10-32-54-204.eu-west-1.compute.internal:58633/7 Sent: 125901 Rcvd: 126693 CacheRatio: 0.03 (2012-11-05 12:36:27)
Worker: rmi://ip-10-32-53-236.eu-west-1.compute.internal:49660/4 Sent: 127970 Rcvd: 116549 CacheRatio: 0.03 (2012-11-05 12:36:27)
Worker: rmi://ip-10-32-54-102.eu-west-1.compute.internal:33762/6 Sent: 133381 Rcvd: 228356 CacheRatio: 0.03 (2012-11-05 12:36:27)
Worker: rmi://ip-10-32-41-198.eu-west-1.compute.internal:49761/3 Sent: 126842 Rcvd: 125648 CacheRatio: 0.03 (2012-11-05 12:36:27)
Worker: rmi://ip-10-32-53-250.eu-west-1.compute.internal:48700/1 Sent: 119720 Rcvd: 60100 CacheRatio: 0.03 (2012-11-05 12:36:27)
Worker: rmi://ip-10-32-54-16.eu-west-1.compute.internal:49004/6 Sent: 120335 Rcvd: 72808 CacheRatio: 0.03 (2012-11-05 12:36:27)
Worker: rmi://ip-10-32-54-16.eu-west-1.compute.internal:49004/0 Sent: 120529 Rcvd: 53258 CacheRatio: 0.03 (2012-11-05 12:36:27)
Worker: rmi://ip-10-32-53-236.eu-west-1.compute.internal:49660/1 Sent: 127382 Rcvd: 173476 CacheRatio: 0.03 (2012-11-05 12:36:27)
Worker: rmi://ip-10-32-49-151.eu-west-1.compute.internal:53432/3 Sent: 130664 Rcvd: 173859 CacheRatio: 0.03 (2012-11-05 12:36:27)
Worker: rmi://ip-10-32-49-215.eu-west-1.compute.internal:38960/3 Sent: 125733 Rcvd: 71432 CacheRatio: 0.03 (2012-11-05 12:36:27)
Worker: rmi://ip-10-32-43-29.eu-west-1.compute.internal:47007/6 Sent: 134719 Rcvd: 221903 CacheRatio: 0.03 (2012-11-05 12:36:27)
Worker: rmi://ip-10-32-54-37.eu-west-1.compute.internal:47450/0 Sent: 128764 Rcvd: 219481 CacheRatio: 0.03 (2012-11-05 12:36:27)
Worker: rmi://ip-10-32-49-151.eu-west-1.compute.internal:53432/0 Sent: 130534 Rcvd: 172840 CacheRatio: 0.03 (2012-11-05 12:36:27)
Worker: rmi://ip-10-32-54-92.eu-west-1.compute.internal:56807/0 Sent: 125135 Rcvd: 93822 CacheRatio: 0.03 (2012-11-05 12:36:27)
Worker: rmi://ip-10-32-50-44.eu-west-1.compute.internal:38288/2 Sent: 124298 Rcvd: 92103 CacheRatio: 0.03 (2012-11-05 12:36:27)
Worker: rmi://ip-10-32-54-92.eu-west-1.compute.internal:56807/2 Sent: 125901 Rcvd: 109453 CacheRatio: 0.03 (2012-11-05 12:36:27)
Worker: rmi://ip-10-32-54-204.eu-west-1.compute.internal:58633/2 Sent: 125507 Rcvd: 141872 CacheRatio: 0.04 (2012-11-05 12:36:27)
Worker: rmi://ip-10-32-54-26.eu-west-1.compute.internal:50050/5 Sent: 120104 Rcvd: 70855 CacheRatio: 0.03 (2012-11-05 12:36:27)
Worker: rmi://ip-10-32-43-29.eu-west-1.compute.internal:47007/4 Sent: 132463 Rcvd: 204440 CacheRatio: 0.03 (2012-11-05 12:36:27)
Worker: rmi://ip-10-32-41-247.eu-west-1.compute.internal:57405/5 Sent: 132860 Rcvd: 178343 CacheRatio: 0.03 (2012-11-05 12:36:27)
Worker: rmi://ip-10-32-53-250.eu-west-1.compute.internal:48700/0 Sent: 119227 Rcvd: 55296 CacheRatio: 0.03 (2012-11-05 12:36:27)
Worker: rmi://ip-10-32-41-247.eu-west-1.compute.internal:57405/3 Sent: 132100 Rcvd: 184968 CacheRatio: 0.03 (2012-11-05 12:36:27)
Worker: rmi://ip-10-32-54-26.eu-west-1.compute.internal:50050/6 Sent: 118644 Rcvd: 87677 CacheRatio: 0.03 (2012-11-05 12:36:27)
Worker: rmi://ip-10-32-54-224.eu-west-1.compute.internal:34160/2 Sent: 130911 Rcvd: 169188 CacheRatio: 0.03 (2012-11-05 12:36:27)
Worker: rmi://ip-10-32-54-204.eu-west-1.compute.internal:58633/1 Sent: 126829 Rcvd: 126982 CacheRatio: 0.03 (2012-11-05 12:36:27)
Worker: rmi://ip-10-32-54-92.eu-west-1.compute.internal:56807/3 Sent: 125435 Rcvd: 110057 CacheRatio: 0.03 (2012-11-05 12:36:27)
Worker: rmi://ip-10-32-53-250.eu-west-1.compute.internal:48700/2 Sent: 120082 Rcvd: 87464 CacheRatio: 0.03 (2012-11-05 12:36:27)
Worker: rmi://ip-10-32-54-102.eu-west-1.compute.internal:33762/3 Sent: 134166 Rcvd: 221860 CacheRatio: 0.02 (2012-11-05 12:36:27)
Worker: rmi://ip-10-32-54-16.eu-west-1.compute.internal:49004/4 Sent: 120837 Rcvd: 66177 CacheRatio: 0.03 (2012-11-05 12:36:27)
Worker: rmi://ip-10-32-49-215.eu-west-1.compute.internal:38960/5 Sent: 126659 Rcvd: 97432 CacheRatio: 0.03 (2012-11-05 12:36:27)
Worker: rmi://ip-10-32-54-37.eu-west-1.compute.internal:47450/2 Sent: 134319 Rcvd: 197647 CacheRatio: 0.03 (2012-11-05 12:36:27)
Worker: rmi://ip-10-32-54-104.eu-west-1.compute.internal:48734/6 Sent: 127278 Rcvd: 124056 CacheRatio: 0.03 (2012-11-05 12:36:27)
Worker: rmi://ip-10-32-54-204.eu-west-1.compute.internal:58633/6 Sent: 128753 Rcvd: 159956 CacheRatio: 0.03 (2012-11-05 12:36:27)
Worker: rmi://ip-10-32-53-236.eu-west-1.compute.internal:49660/7 Sent: 127618 Rcvd: 118545 CacheRatio: 0.03 (2012-11-05 12:36:27)
Worker: rmi://ip-10-32-53-236.eu-west-1.compute.internal:49660/5 Sent: 128983 Rcvd: 172273 CacheRatio: 0.03 (2012-11-05 12:36:27)
Worker: rmi://ip-10-32-49-151.eu-west-1.compute.internal:53432/5 Sent: 130566 Rcvd: 183562 CacheRatio: 0.03 (2012-11-05 12:36:27)
Worker: rmi://ip-10-32-54-26.eu-west-1.compute.internal:50050/2 Sent: 122718 Rcvd: 80382 CacheRatio: 0.03 (2012-11-05 12:36:27)
Worker: rmi://ip-10-32-54-224.eu-west-1.compute.internal:34160/3 Sent: 131288 Rcvd: 171865 CacheRatio: 0.03 (2012-11-05 12:36:27)
Worker: rmi://ip-10-32-54-37.eu-west-1.compute.internal:47450/6 Sent: 130726 Rcvd: 184720 CacheRatio: 0.03 (2012-11-05 12:36:27)
Worker: rmi://ip-10-32-53-169.eu-west-1.compute.internal:58317/1 Sent: 133292 Rcvd: 196268 CacheRatio: 0.03 (2012-11-05 12:36:27)
Worker: rmi://ip-10-32-50-44.eu-west-1.compute.internal:38288/6 Sent: 125208 Rcvd: 100032 CacheRatio: 0.03 (2012-11-05 12:36:27)
Worker: rmi://ip-10-32-54-102.eu-west-1.compute.internal:33762/2 Sent: 134656 Rcvd: 245289 CacheRatio: 0.03 (2012-11-05 12:36:27)
Worker: rmi://ip-10-32-54-104.eu-west-1.compute.internal:48734/7 Sent: 126224 Rcvd: 156816 CacheRatio: 0.02 (2012-11-05 12:36:27)
Worker: rmi://ip-10-32-54-26.eu-west-1.compute.internal:50050/1 Sent: 119751 Rcvd: 85839 CacheRatio: 0.03 (2012-11-05 12:36:27)
Worker: rmi://ip-10-32-43-29.eu-west-1.compute.internal:47007/3 Sent: 135586 Rcvd: 239066 CacheRatio: 0.02 (2012-11-05 12:36:27)
Worker: rmi://ip-10-32-54-224.eu-west-1.compute.internal:34160/4 Sent: 129786 Rcvd: 203307 CacheRatio: 0.03 (2012-11-05 12:36:27)
Worker: rmi://ip-10-32-41-198.eu-west-1.compute.internal:49761/0 Sent: 122409 Rcvd: 76043 CacheRatio: 0.03 (2012-11-05 12:36:27)
Worker: rmi://ip-10-32-53-169.eu-west-1.compute.internal:58317/4 Sent: 134023 Rcvd: 181280 CacheRatio: 0.03 (2012-11-05 12:36:27)
Worker: rmi://ip-10-32-49-215.eu-west-1.compute.internal:38960/1 Sent: 126318 Rcvd: 98105 CacheRatio: 0.03 (2012-11-05 12:36:27)
Worker: rmi://ip-10-32-43-29.eu-west-1.compute.internal:47007/0 Sent: 138572 Rcvd: 223595 CacheRatio: 0.03 (2012-11-05 12:36:27)
Worker: rmi://ip-10-32-54-37.eu-west-1.compute.internal:47450/7 Sent: 130373 Rcvd: 165708 CacheRatio: 0.03 (2012-11-05 12:36:27)
Worker: rmi://ip-10-32-54-204.eu-west-1.compute.internal:58633/5 Sent: 125060 Rcvd: 101909 CacheRatio: 0.03 (2012-11-05 12:36:27)
Worker: rmi://ip-10-32-54-224.eu-west-1.compute.internal:34160/5 Sent: 133909 Rcvd: 180775 CacheRatio: 0.03 (2012-11-05 12:36:27)
Worker: rmi://ip-10-32-53-236.eu-west-1.compute.internal:49660/0 Sent: 127766 Rcvd: 162823 CacheRatio: 0.03 (2012-11-05 12:36:27)
Worker: rmi://ip-10-32-53-236.eu-west-1.compute.internal:49660/2 Sent: 128449 Rcvd: 142561 CacheRatio: 0.03 (2012-11-05 12:36:27)
Worker: rmi://ip-10-32-53-250.eu-west-1.compute.internal:48700/7 Sent: 120432 Rcvd: 67999 CacheRatio: 0.03 (2012-11-05 12:36:27)
Worker: rmi://ip-10-32-50-44.eu-west-1.compute.internal:38288/3 Sent: 123371 Rcvd: 78235 CacheRatio: 0.03 (2012-11-05 12:36:27)
Worker: rmi://ip-10-32-54-102.eu-west-1.compute.internal:33762/7 Sent: 137578 Rcvd: 210222 CacheRatio: 0.03 (2012-11-05 12:36:27)
Worker: rmi://ip-10-32-54-26.eu-west-1.compute.internal:50050/0 Sent: 120850 Rcvd: 91304 CacheRatio: 0.03 (2012-11-05 12:36:27)
Worker: rmi://ip-10-32-54-37.eu-west-1.compute.internal:47450/4 Sent: 130858 Rcvd: 180542 CacheRatio: 0.03 (2012-11-05 12:36:27)
Worker: rmi://ip-10-32-54-204.eu-west-1.compute.internal:58633/3 Sent: 125233 Rcvd: 113017 CacheRatio: 0.03 (2012-11-05 12:36:27)
Worker: rmi://ip-10-32-50-44.eu-west-1.compute.internal:38288/5 Sent: 125991 Rcvd: 106448 CacheRatio: 0.03 (2012-11-05 12:36:27)
Model checking completed. No error has been found.
  Estimates of the probability that TLC did not check all reachable states
  because two distinct states had the same fingerprint:
  calculated (optimistic):  val = 0.0
  based on the actual fingerprints:  val = 7.9E-11
150984893 states generated, 16777216 distinct states found, 0 states left on queue.
The depth of the complete state graph search is 53.
Finished. (2012-11-05 12:36:44)
ip-10-32-54-87, work completed. Thank you!
