Listening for transport dt_socket at address: 1044
TLC Server Version 2.05 of 18 May 2012
Parsing file /mnt/tlc/5701/spec/l10_n6.tla
Parsing file /mnt/tlc/5701/spec/GridPerformanceTest.tla
Parsing file /mnt/tlc/5701/tla/tla2sany/StandardModules/TLC.tla
Parsing file /mnt/tlc/5701/tla/tla2sany/StandardModules/Integers.tla
Parsing file /mnt/tlc/5701/tla/tla2sany/StandardModules/FiniteSets.tla
Parsing file /mnt/tlc/5701/tla/tla2sany/StandardModules/Naturals.tla
Parsing file /mnt/tlc/5701/tla/tla2sany/StandardModules/Sequences.tla
Semantic processing of module Naturals
Semantic processing of module Integers
Semantic processing of module Sequences
Semantic processing of module FiniteSets
Semantic processing of module GridPerformanceTest
Semantic processing of module TLC
Semantic processing of module l10_n6
Starting... (2012-10-25 09:47:33)
Computing initial states...
Finished computing initial states: 1 distinct state(s) generated.
TLC server at ip-10-32-17-16 is ready (2012-10-25 09:47:33)
Registration for worker at rmi://ip-10-32-17-106.eu-west-1.compute.internal:34589/2 completed (2012-10-25 09:47:53)
Registration for worker at rmi://ip-10-32-17-106.eu-west-1.compute.internal:34589/0 completed (2012-10-25 09:47:53)
Registration for worker at rmi://ip-10-32-17-106.eu-west-1.compute.internal:34589/5 completed (2012-10-25 09:47:53)
Registration for worker at rmi://ip-10-32-17-106.eu-west-1.compute.internal:34589/6 completed (2012-10-25 09:47:53)
Registration for worker at rmi://ip-10-32-17-106.eu-west-1.compute.internal:34589/3 completed (2012-10-25 09:47:53)
Registration for worker at rmi://ip-10-32-17-106.eu-west-1.compute.internal:34589/1 completed (2012-10-25 09:47:53)
Registration for worker at rmi://ip-10-32-17-106.eu-west-1.compute.internal:34589/7 completed (2012-10-25 09:47:53)
Registration for worker at rmi://ip-10-32-17-106.eu-west-1.compute.internal:34589/4 completed (2012-10-25 09:47:53)
Registration for worker at rmi://ip-10-32-27-215.eu-west-1.compute.internal:55289/0 completed (2012-10-25 09:47:53)
Registration for worker at rmi://ip-10-32-27-215.eu-west-1.compute.internal:55289/6 completed (2012-10-25 09:47:53)
Registration for worker at rmi://ip-10-32-27-215.eu-west-1.compute.internal:55289/2 completed (2012-10-25 09:47:53)
Registration for worker at rmi://ip-10-32-27-215.eu-west-1.compute.internal:55289/3 completed (2012-10-25 09:47:53)
Registration for worker at rmi://ip-10-32-27-215.eu-west-1.compute.internal:55289/4 completed (2012-10-25 09:47:53)
Registration for worker at rmi://ip-10-32-27-215.eu-west-1.compute.internal:55289/1 completed (2012-10-25 09:47:53)
Registration for worker at rmi://ip-10-32-27-215.eu-west-1.compute.internal:55289/7 completed (2012-10-25 09:47:53)
Registration for worker at rmi://ip-10-32-27-215.eu-west-1.compute.internal:55289/5 completed (2012-10-25 09:47:53)
Worker: rmi://ip-10-32-27-215.eu-west-1.compute.internal:55289/6 Sent: 15789 Rcvd: 7272 CacheRatio: 0.17 (2012-10-25 09:48:13)
Worker: rmi://ip-10-32-27-215.eu-west-1.compute.internal:55289/0 Sent: 15867 Rcvd: 7558 CacheRatio: 0.15 (2012-10-25 09:48:13)
Worker: rmi://ip-10-32-17-106.eu-west-1.compute.internal:34589/2 Sent: 16909 Rcvd: 7936 CacheRatio: 0.15 (2012-10-25 09:48:13)
Worker: rmi://ip-10-32-27-215.eu-west-1.compute.internal:55289/1 Sent: 16109 Rcvd: 8716 CacheRatio: 0.16 (2012-10-25 09:48:13)
Worker: rmi://ip-10-32-27-215.eu-west-1.compute.internal:55289/5 Sent: 15706 Rcvd: 8513 CacheRatio: 0.23 (2012-10-25 09:48:13)
Worker: rmi://ip-10-32-17-106.eu-west-1.compute.internal:34589/4 Sent: 16399 Rcvd: 8901 CacheRatio: 0.16 (2012-10-25 09:48:13)
Worker: rmi://ip-10-32-17-106.eu-west-1.compute.internal:34589/7 Sent: 16958 Rcvd: 8880 CacheRatio: 0.24 (2012-10-25 09:48:13)
Worker: rmi://ip-10-32-27-215.eu-west-1.compute.internal:55289/3 Sent: 16145 Rcvd: 8210 CacheRatio: 0.15 (2012-10-25 09:48:13)
Worker: rmi://ip-10-32-17-106.eu-west-1.compute.internal:34589/6 Sent: 16893 Rcvd: 7401 CacheRatio: 0.22 (2012-10-25 09:48:13)
Worker: rmi://ip-10-32-27-215.eu-west-1.compute.internal:55289/7 Sent: 16577 Rcvd: 7334 CacheRatio: 0.18 (2012-10-25 09:48:13)
Worker: rmi://ip-10-32-27-215.eu-west-1.compute.internal:55289/2 Sent: 15804 Rcvd: 7814 CacheRatio: 0.15 (2012-10-25 09:48:13)
Worker: rmi://ip-10-32-27-215.eu-west-1.compute.internal:55289/4 Sent: 15753 Rcvd: 8416 CacheRatio: 0.25 (2012-10-25 09:48:13)
Worker: rmi://ip-10-32-17-106.eu-west-1.compute.internal:34589/1 Sent: 17053 Rcvd: 9695 CacheRatio: 0.25 (2012-10-25 09:48:13)
Worker: rmi://ip-10-32-17-106.eu-west-1.compute.internal:34589/5 Sent: 16742 Rcvd: 7155 CacheRatio: 0.19 (2012-10-25 09:48:13)
Worker: rmi://ip-10-32-17-106.eu-west-1.compute.internal:34589/0 Sent: 16613 Rcvd: 8412 CacheRatio: 0.17 (2012-10-25 09:48:13)
Worker: rmi://ip-10-32-17-106.eu-west-1.compute.internal:34589/3 Sent: 16827 Rcvd: 9782 CacheRatio: 0.20 (2012-10-25 09:48:13)
Model checking completed. No error has been found.
  Estimates of the probability that TLC did not check all reachable states
  because two distinct states had the same fingerprint:
  calculated (optimistic):  val = 8.3E-9
  based on the actual fingerprints:  val = 2.8E-13
2416627 states generated, 262144 distinct states found, 0 states left on queue.
The depth of the complete state graph search is 34.
Finished. (2012-10-25 09:48:19)
