Listening for transport dt_socket at address: 1044
TLC2 Version 2.05 of 7 November 2012
Running in Model-Checking mode.
Parsing file l10_n8.tla
Parsing file GridPerformanceTest.tla
Parsing file /mnt/tlc/5276/tla/tla2sany/StandardModules/TLC.tla
Parsing file /mnt/tlc/5276/tla/tla2sany/StandardModules/Integers.tla
Parsing file /mnt/tlc/5276/tla/tla2sany/StandardModules/FiniteSets.tla
Parsing file /mnt/tlc/5276/tla/tla2sany/StandardModules/Naturals.tla
Parsing file /mnt/tlc/5276/tla/tla2sany/StandardModules/Sequences.tla
Semantic processing of module Naturals
Semantic processing of module Integers
Semantic processing of module Sequences
Semantic processing of module FiniteSets
Semantic processing of module GridPerformanceTest
Semantic processing of module TLC
Semantic processing of module l10_n8
Starting... (2012-12-17 11:31:02)
Computing initial states...
Finished computing initial states: 1 distinct state generated.
Progress(7) at 2012-12-17 11:31:44: 7881 states generated (7,881 s/min), 2463 distinct states found (2,463 ds/min), 1477 states left on queue.
Progress(12) at 2012-12-17 11:32:44: 300958 states generated (293,076 s/min), 66012 distinct states found (63,549 ds/min), 28392 states left on queue.
Progress(14) at 2012-12-17 11:33:44: 629515 states generated (328,557 s/min), 130069 distinct states found (64,057 ds/min), 51379 states left on queue.
Progress(14) at 2012-12-17 11:34:44: 964685 states generated (335,171 s/min), 191515 distinct states found (61,446 ds/min), 70929 states left on queue.
Progress(15) at 2012-12-17 11:35:44: 1297360 states generated (332,674 s/min), 254340 distinct states found (62,825 ds/min), 92170 states left on queue.
Progress(16) at 2012-12-17 11:36:44: 1628977 states generated (331,618 s/min), 312948 distinct states found (58,608 ds/min), 109325 states left on queue.
Progress(16) at 2012-12-17 11:37:44: 1964048 states generated (335,071 s/min), 373417 distinct states found (60,469 ds/min), 127911 states left on queue.
Progress(16) at 2012-12-17 11:38:44: 2298396 states generated (334,348 s/min), 428713 distinct states found (55,296 ds/min), 141413 states left on queue.
Progress(17) at 2012-12-17 11:39:44: 2632667 states generated (334,270 s/min), 489492 distinct states found (60,779 ds/min), 160408 states left on queue.
Progress(17) at 2012-12-17 11:40:44: 2944011 states generated (311,345 s/min), 542406 distinct states found (52,914 ds/min), 174404 states left on queue.
Progress(17) at 2012-12-17 11:41:44: 3276856 states generated (332,844 s/min), 597222 distinct states found (54,816 ds/min), 187616 states left on queue.
Progress(18) at 2012-12-17 11:42:44: 3609136 states generated (332,280 s/min), 651600 distinct states found (54,378 ds/min), 200458 states left on queue.
Progress(18) at 2012-12-17 11:43:44: 3940925 states generated (331,789 s/min), 710644 distinct states found (59,044 ds/min), 218028 states left on queue.
Progress(18) at 2012-12-17 11:44:44: 4274086 states generated (333,161 s/min), 765045 distinct states found (54,401 ds/min), 230784 states left on queue.
Progress(18) at 2012-12-17 11:45:44: 4592320 states generated (318,235 s/min), 816004 distinct states found (50,959 ds/min), 241964 states left on queue.
Progress(18) at 2012-12-17 11:46:44: 4926796 states generated (334,475 s/min), 868589 distinct states found (52,585 ds/min), 252739 states left on queue.
Progress(19) at 2012-12-17 11:47:44: 5261755 states generated (334,960 s/min), 924938 distinct states found (56,349 ds/min), 267218 states left on queue.
Progress(19) at 2012-12-17 11:48:44: 5595503 states generated (333,747 s/min), 981844 distinct states found (56,906 ds/min), 282406 states left on queue.
Progress(19) at 2012-12-17 11:49:44: 5929453 states generated (333,950 s/min), 1036314 distinct states found (54,470 ds/min), 295132 states left on queue.
Progress(19) at 2012-12-17 11:50:44: 6254769 states generated (325,316 s/min), 1087552 distinct states found (51,238 ds/min), 305706 states left on queue.
Progress(19) at 2012-12-17 11:51:44: 6588671 states generated (333,902 s/min), 1137687 distinct states found (50,135 ds/min), 314103 states left on queue.
Progress(19) at 2012-12-17 11:52:44: 6920396 states generated (331,725 s/min), 1189086 distinct states found (51,399 ds/min), 324036 states left on queue.
Progress(20) at 2012-12-17 11:53:44: 7252427 states generated (332,031 s/min), 1241741 distinct states found (52,655 ds/min), 335187 states left on queue.
Progress(20) at 2012-12-17 11:54:44: 7585732 states generated (333,306 s/min), 1298701 distinct states found (56,960 ds/min), 350484 states left on queue.
Progress(20) at 2012-12-17 11:55:44: 7907331 states generated (321,599 s/min), 1351017 distinct states found (52,316 ds/min), 362600 states left on queue.
Progress(20) at 2012-12-17 11:56:44: 8240343 states generated (333,011 s/min), 1403592 distinct states found (52,575 ds/min), 373550 states left on queue.
Progress(20) at 2012-12-17 11:57:44: 8572353 states generated (332,011 s/min), 1453350 distinct states found (49,758 ds/min), 381805 states left on queue.
Progress(20) at 2012-12-17 11:58:44: 8905464 states generated (333,111 s/min), 1504675 distinct states found (51,325 ds/min), 391492 states left on queue.
Progress(20) at 2012-12-17 11:59:44: 9237689 states generated (332,224 s/min), 1554237 distinct states found (49,562 ds/min), 399526 states left on queue.
Progress(20) at 2012-12-17 12:00:44: 9560336 states generated (322,648 s/min), 1600427 distinct states found (46,190 ds/min), 405385 states left on queue.
Progress(21) at 2012-12-17 12:01:44: 9894109 states generated (333,772 s/min), 1653396 distinct states found (52,969 ds/min), 416632 states left on queue.
Progress(21) at 2012-12-17 12:02:44: 10227936 states generated (333,827 s/min), 1708624 distinct states found (55,228 ds/min), 430132 states left on queue.
Progress(21) at 2012-12-17 12:03:44: 10563123 states generated (335,187 s/min), 1762307 distinct states found (53,683 ds/min), 441916 states left on queue.
Progress(21) at 2012-12-17 12:04:44: 10897727 states generated (334,604 s/min), 1815041 distinct states found (52,734 ds/min), 452825 states left on queue.
Progress(21) at 2012-12-17 12:05:44: 11206667 states generated (308,940 s/min), 1862248 distinct states found (47,207 ds/min), 461414 states left on queue.
Progress(21) at 2012-12-17 12:06:44: 11541131 states generated (334,464 s/min), 1911190 distinct states found (48,942 ds/min), 468548 states left on queue.
Progress(21) at 2012-12-17 12:07:44: 11875876 states generated (334,743 s/min), 1961721 distinct states found (50,531 ds/min), 477236 states left on queue.
Progress(21) at 2012-12-17 12:08:44: 12209924 states generated (334,051 s/min), 2008092 distinct states found (46,371 ds/min), 481851 states left on queue.
Progress(21) at 2012-12-17 12:09:44: 12542703 states generated (332,778 s/min), 2058308 distinct states found (50,216 ds/min), 490470 states left on queue.
Progress(21) at 2012-12-17 12:10:44: 12865790 states generated (323,088 s/min), 2102426 distinct states found (44,118 ds/min), 494202 states left on queue.
Progress(22) at 2012-12-17 12:11:44: 13199125 states generated (333,334 s/min), 2155427 distinct states found (53,001 ds/min), 505536 states left on queue.
Progress(22) at 2012-12-17 12:12:44: 13532242 states generated (333,118 s/min), 2209816 distinct states found (54,389 ds/min), 518285 states left on queue.
Progress(22) at 2012-12-17 12:13:44: 13865260 states generated (333,018 s/min), 2262352 distinct states found (52,536 ds/min), 529194 states left on queue.
Progress(22) at 2012-12-17 12:14:44: 14199035 states generated (333,774 s/min), 2312360 distinct states found (50,008 ds/min), 537480 states left on queue.
Progress(22) at 2012-12-17 12:15:44: 14520277 states generated (321,242 s/min), 2362170 distinct states found (49,810 ds/min), 547135 states left on queue.
Progress(22) at 2012-12-17 12:16:44: 14853566 states generated (333,289 s/min), 2411714 distinct states found (49,544 ds/min), 555018 states left on queue.
Progress(22) at 2012-12-17 12:17:44: 15185249 states generated (331,684 s/min), 2459533 distinct states found (47,819 ds/min), 561376 states left on queue.
Progress(22) at 2012-12-17 12:18:44: 15518812 states generated (333,563 s/min), 2508141 distinct states found (48,608 ds/min), 568289 states left on queue.
Progress(22) at 2012-12-17 12:19:44: 15851955 states generated (333,142 s/min), 2555494 distinct states found (47,353 ds/min), 573999 states left on queue.
Progress(22) at 2012-12-17 12:20:44: 16168750 states generated (316,795 s/min), 2599233 distinct states found (43,739 ds/min), 578139 states left on queue.
Progress(22) at 2012-12-17 12:21:44: 16503379 states generated (334,629 s/min), 2646819 distinct states found (47,586 ds/min), 583896 states left on queue.
Progress(22) at 2012-12-17 12:22:44: 16836711 states generated (333,332 s/min), 2691118 distinct states found (44,299 ds/min), 586529 states left on queue.
Progress(23) at 2012-12-17 12:23:44: 17171607 states generated (334,896 s/min), 2742478 distinct states found (51,360 ds/min), 596027 states left on queue.
Progress(23) at 2012-12-17 12:24:44: 17506102 states generated (334,495 s/min), 2795683 distinct states found (53,205 ds/min), 607420 states left on queue.
Progress(23) at 2012-12-17 12:25:44: 17829297 states generated (323,195 s/min), 2846740 distinct states found (51,057 ds/min), 618078 states left on queue.
Progress(23) at 2012-12-17 12:26:44: 18162601 states generated (333,305 s/min), 2898042 distinct states found (51,302 ds/min), 627716 states left on queue.
Progress(23) at 2012-12-17 12:27:44: 18495990 states generated (333,389 s/min), 2946248 distinct states found (48,206 ds/min), 634249 states left on queue.
Progress(23) at 2012-12-17 12:28:44: 18829899 states generated (333,908 s/min), 2996957 distinct states found (50,709 ds/min), 643219 states left on queue.
Progress(23) at 2012-12-17 12:29:44: 19163958 states generated (334,059 s/min), 3044090 distinct states found (47,133 ds/min), 648595 states left on queue.
Progress(23) at 2012-12-17 12:30:44: 19485670 states generated (321,713 s/min), 3091517 distinct states found (47,427 ds/min), 655808 states left on queue.
Progress(23) at 2012-12-17 12:31:44: 19816429 states generated (330,758 s/min), 3135732 distinct states found (44,215 ds/min), 658678 states left on queue.
Progress(23) at 2012-12-17 12:32:44: 20150680 states generated (334,251 s/min), 3184683 distinct states found (48,951 ds/min), 665848 states left on queue.
Progress(23) at 2012-12-17 12:33:44: 20484941 states generated (334,261 s/min), 3230256 distinct states found (45,573 ds/min), 669638 states left on queue.
Progress(23) at 2012-12-17 12:34:44: 20819341 states generated (334,400 s/min), 3275725 distinct states found (45,469 ds/min), 673307 states left on queue.
Progress(23) at 2012-12-17 12:35:44: 21135559 states generated (316,218 s/min), 3319890 distinct states found (44,165 ds/min), 677945 states left on queue.
Progress(23) at 2012-12-17 12:36:44: 21470088 states generated (334,529 s/min), 3362837 distinct states found (42,947 ds/min), 679076 states left on queue.
Progress(24) at 2012-12-17 12:37:44: 21804863 states generated (334,775 s/min), 3412754 distinct states found (49,917 ds/min), 687146 states left on queue.
Progress(24) at 2012-12-17 12:38:44: 22138544 states generated (333,681 s/min), 3465293 distinct states found (52,539 ds/min), 697975 states left on queue.
Progress(24) at 2012-12-17 12:39:44: 22472499 states generated (333,955 s/min), 3515964 distinct states found (50,671 ds/min), 706901 states left on queue.
Progress(24) at 2012-12-17 12:40:44: 22775881 states generated (303,383 s/min), 3560988 distinct states found (45,024 ds/min), 714002 states left on queue.
Progress(24) at 2012-12-17 12:41:44: 23110236 states generated (334,354 s/min), 3611429 distinct states found (50,441 ds/min), 722649 states left on queue.
Progress(24) at 2012-12-17 12:42:44: 23444364 states generated (334,128 s/min), 3658922 distinct states found (47,493 ds/min), 728376 states left on queue.
Progress(24) at 2012-12-17 12:43:44: 23778304 states generated (333,940 s/min), 3708095 distinct states found (49,173 ds/min), 735807 states left on queue.
Progress(24) at 2012-12-17 12:44:44: 24112468 states generated (334,164 s/min), 3754440 distinct states found (46,345 ds/min), 740381 states left on queue.
Progress(24) at 2012-12-17 12:45:44: 24431606 states generated (319,139 s/min), 3799927 distinct states found (45,487 ds/min), 745976 states left on queue.
Progress(24) at 2012-12-17 12:46:44: 24764683 states generated (333,076 s/min), 3846718 distinct states found (46,791 ds/min), 751132 states left on queue.
Progress(24) at 2012-12-17 12:47:44: 25099769 states generated (335,087 s/min), 3889757 distinct states found (43,039 ds/min), 752285 states left on queue.
Progress(24) at 2012-12-17 12:48:44: 25433953 states generated (334,184 s/min), 3938420 distinct states found (48,663 ds/min), 759175 states left on queue.
Progress(24) at 2012-12-17 12:49:44: 25768905 states generated (334,951 s/min), 3982763 distinct states found (44,343 ds/min), 761650 states left on queue.
Progress(24) at 2012-12-17 12:50:44: 26092929 states generated (324,025 s/min), 4024511 distinct states found (41,748 ds/min), 762894 states left on queue.
Progress(24) at 2012-12-17 12:51:44: 26427776 states generated (334,846 s/min), 4071186 distinct states found (46,675 ds/min), 767714 states left on queue.
Progress(24) at 2012-12-17 12:52:44: 26761902 states generated (334,126 s/min), 4114122 distinct states found (42,936 ds/min), 768884 states left on queue.
Progress(25) at 2012-12-17 12:53:44: 27096547 states generated (334,646 s/min), 4157997 distinct states found (43,875 ds/min), 770928 states left on queue.
Progress(25) at 2012-12-17 12:54:44: 27431415 states generated (334,867 s/min), 4208864 distinct states found (50,867 ds/min), 779937 states left on queue.
Progress(25) at 2012-12-17 12:55:44: 27754241 states generated (322,827 s/min), 4258903 distinct states found (50,039 ds/min), 789622 states left on queue.
Progress(25) at 2012-12-17 12:56:44: 28087449 states generated (333,207 s/min), 4308125 distinct states found (49,222 ds/min), 797194 states left on queue.
Progress(25) at 2012-12-17 12:57:44: 28420145 states generated (332,697 s/min), 4357055 distinct states found (48,930 ds/min), 804536 states left on queue.
Progress(25) at 2012-12-17 12:58:44: 28753206 states generated (333,060 s/min), 4405024 distinct states found (47,969 ds/min), 810873 states left on queue.
Progress(25) at 2012-12-17 12:59:44: 29086414 states generated (333,208 s/min), 4452582 distinct states found (47,558 ds/min), 816780 states left on queue.
Progress(25) at 2012-12-17 13:00:44: 29404601 states generated (318,187 s/min), 4495871 distinct states found (43,289 ds/min), 820296 states left on queue.
Progress(25) at 2012-12-17 13:01:44: 29739190 states generated (334,589 s/min), 4544836 distinct states found (48,965 ds/min), 827437 states left on queue.
Progress(25) at 2012-12-17 13:02:44: 30073568 states generated (334,378 s/min), 4589091 distinct states found (44,255 ds/min), 829895 states left on queue.
Progress(25) at 2012-12-17 13:03:44: 30408116 states generated (334,548 s/min), 4636029 distinct states found (46,938 ds/min), 835014 states left on queue.
Progress(25) at 2012-12-17 13:04:44: 30741540 states generated (333,424 s/min), 4681528 distinct states found (45,499 ds/min), 838835 states left on queue.
Progress(25) at 2012-12-17 13:05:44: 31060584 states generated (319,044 s/min), 4722092 distinct states found (40,564 ds/min), 839519 states left on queue.
Progress(25) at 2012-12-17 13:06:44: 31395425 states generated (334,841 s/min), 4768443 distinct states found (46,351 ds/min), 844015 states left on queue.
Progress(25) at 2012-12-17 13:07:44: 31729326 states generated (333,901 s/min), 4812717 distinct states found (44,274 ds/min), 846551 states left on queue.
Progress(25) at 2012-12-17 13:08:44: 32063815 states generated (334,489 s/min), 4854054 distinct states found (41,337 ds/min), 846077 states left on queue.
Progress(25) at 2012-12-17 13:09:44: 32398770 states generated (334,956 s/min), 4899505 distinct states found (45,451 ds/min), 849658 states left on queue.
Progress(25) at 2012-12-17 13:10:44: 32711332 states generated (312,561 s/min), 4939958 distinct states found (40,453 ds/min), 851041 states left on queue.
Progress(25) at 2012-12-17 13:11:44: 33045476 states generated (334,144 s/min), 4980466 distinct states found (40,508 ds/min), 849781 states left on queue.
Progress(26) at 2012-12-17 13:12:44: 33379656 states generated (334,180 s/min), 5028571 distinct states found (48,105 ds/min), 856115 states left on queue.
Progress(26) at 2012-12-17 13:13:44: 33714207 states generated (334,551 s/min), 5076638 distinct states found (48,067 ds/min), 862362 states left on queue.
Progress(26) at 2012-12-17 13:14:44: 34048971 states generated (334,764 s/min), 5127802 distinct states found (51,164 ds/min), 871680 states left on queue.
Progress(26) at 2012-12-17 13:15:44: 34367440 states generated (318,469 s/min), 5172036 distinct states found (44,234 ds/min), 876106 states left on queue.
Progress(26) at 2012-12-17 13:16:44: 34701486 states generated (334,046 s/min), 5221716 distinct states found (49,680 ds/min), 884030 states left on queue.
Progress(26) at 2012-12-17 13:17:44: 35036034 states generated (334,548 s/min), 5266874 distinct states found (45,158 ds/min), 887369 states left on queue.
Progress(26) at 2012-12-17 13:18:44: 35370137 states generated (334,104 s/min), 5315725 distinct states found (48,851 ds/min), 894457 states left on queue.
Progress(26) at 2012-12-17 13:19:44: 35704713 states generated (334,576 s/min), 5361269 distinct states found (45,544 ds/min), 898179 states left on queue.
Progress(26) at 2012-12-17 13:20:44: 36028665 states generated (323,952 s/min), 5405176 distinct states found (43,907 ds/min), 901592 states left on queue.
Progress(26) at 2012-12-17 13:21:44: 36362232 states generated (333,566 s/min), 5451881 distinct states found (46,705 ds/min), 906603 states left on queue.
Progress(26) at 2012-12-17 13:22:44: 36696337 states generated (334,105 s/min), 5494709 distinct states found (42,828 ds/min), 907667 states left on queue.
Progress(26) at 2012-12-17 13:23:44: 37030854 states generated (334,518 s/min), 5540106 distinct states found (45,397 ds/min), 911249 states left on queue.
Progress(26) at 2012-12-17 13:24:44: 37365464 states generated (334,609 s/min), 5585314 distinct states found (45,208 ds/min), 914631 states left on queue.
Progress(26) at 2012-12-17 13:25:44: 37679096 states generated (313,632 s/min), 5624469 distinct states found (39,155 ds/min), 914582 states left on queue.
Progress(26) at 2012-12-17 13:26:44: 38013640 states generated (334,544 s/min), 5668602 distinct states found (44,133 ds/min), 916898 states left on queue.
Progress(26) at 2012-12-17 13:27:44: 38347729 states generated (334,090 s/min), 5712900 distinct states found (44,298 ds/min), 919433 states left on queue.
Progress(26) at 2012-12-17 13:28:44: 38682628 states generated (334,898 s/min), 5754367 distinct states found (41,467 ds/min), 919038 states left on queue.
Progress(26) at 2012-12-17 13:29:44: 39016374 states generated (333,746 s/min), 5796020 distinct states found (41,653 ds/min), 918973 states left on queue.
Progress(26) at 2012-12-17 13:30:44: 39340217 states generated (323,844 s/min), 5838725 distinct states found (42,705 ds/min), 921197 states left on queue.
Progress(26) at 2012-12-17 13:31:44: 39671719 states generated (331,501 s/min), 5879073 distinct states found (40,348 ds/min), 920108 states left on queue.
Progress(27) at 2012-12-17 13:32:44: 40006313 states generated (334,595 s/min), 5919936 distinct states found (40,863 ds/min), 919146 states left on queue.
Progress(27) at 2012-12-17 13:33:44: 40340442 states generated (334,127 s/min), 5969900 distinct states found (49,964 ds/min), 927345 states left on queue.
Progress(27) at 2012-12-17 13:34:44: 40675317 states generated (334,876 s/min), 6017568 distinct states found (47,668 ds/min), 933153 states left on queue.
Progress(27) at 2012-12-17 13:35:44: 40992463 states generated (317,146 s/min), 6064135 distinct states found (46,567 ds/min), 940077 states left on queue.
Progress(27) at 2012-12-17 13:36:44: 41326061 states generated (333,598 s/min), 6108304 distinct states found (44,169 ds/min), 942546 states left on queue.
Progress(27) at 2012-12-17 13:37:44: 41659342 states generated (333,281 s/min), 6157773 distinct states found (49,469 ds/min), 950355 states left on queue.
Progress(27) at 2012-12-17 13:38:44: 41992877 states generated (333,535 s/min), 6202705 distinct states found (44,932 ds/min), 953595 states left on queue.
Progress(27) at 2012-12-17 13:39:44: 42326000 states generated (333,123 s/min), 6248227 distinct states found (45,522 ds/min), 957477 states left on queue.
Progress(27) at 2012-12-17 13:40:44: 42646729 states generated (320,729 s/min), 6292794 distinct states found (44,567 ds/min), 961953 states left on queue.
Progress(27) at 2012-12-17 13:41:44: 42980549 states generated (333,820 s/min), 6335819 distinct states found (43,025 ds/min), 963250 states left on queue.
Progress(27) at 2012-12-17 13:42:44: 43314283 states generated (333,734 s/min), 6381547 distinct states found (45,728 ds/min), 967261 states left on queue.
Progress(27) at 2012-12-17 13:43:44: 43647351 states generated (333,068 s/min), 6425845 distinct states found (44,298 ds/min), 969926 states left on queue.
Progress(27) at 2012-12-17 13:44:44: 43980401 states generated (333,051 s/min), 6467573 distinct states found (41,728 ds/min), 970022 states left on queue.
Progress(27) at 2012-12-17 13:45:44: 44294646 states generated (314,244 s/min), 6509209 distinct states found (41,636 ds/min), 972378 states left on queue.
Progress(27) at 2012-12-17 13:46:44: 44629118 states generated (334,472 s/min), 6553633 distinct states found (44,424 ds/min), 974993 states left on queue.
Progress(27) at 2012-12-17 13:47:44: 44963627 states generated (334,509 s/min), 6594684 distinct states found (41,051 ds/min), 974230 states left on queue.
Progress(27) at 2012-12-17 13:48:44: 45296117 states generated (332,490 s/min), 6636775 distinct states found (42,091 ds/min), 974760 states left on queue.
Progress(27) at 2012-12-17 13:49:44: 45629221 states generated (333,104 s/min), 6680071 distinct states found (43,296 ds/min), 976418 states left on queue.
Progress(27) at 2012-12-17 13:50:44: 45945414 states generated (316,193 s/min), 6718404 distinct states found (38,333 ds/min), 975227 states left on queue.
Progress(27) at 2012-12-17 13:51:44: 46279854 states generated (334,440 s/min), 6758495 distinct states found (40,091 ds/min), 973513 states left on queue.
Progress(27) at 2012-12-17 13:52:44: 46613360 states generated (333,506 s/min), 6801377 distinct states found (42,882 ds/min), 974707 states left on queue.
Progress(27) at 2012-12-17 13:53:44: 46948118 states generated (334,759 s/min), 6842137 distinct states found (40,760 ds/min), 973622 states left on queue.
Progress(27) at 2012-12-17 13:54:44: 47282440 states generated (334,321 s/min), 6879674 distinct states found (37,537 ds/min), 969369 states left on queue.
Progress(28) at 2012-12-17 13:55:44: 47604721 states generated (322,281 s/min), 6928263 distinct states found (48,589 ds/min), 977673 states left on queue.
Progress(28) at 2012-12-17 13:56:44: 47937940 states generated (333,219 s/min), 6973735 distinct states found (45,472 ds/min), 981492 states left on queue.
Progress(28) at 2012-12-17 13:57:44: 48271149 states generated (333,209 s/min), 7021863 distinct states found (48,128 ds/min), 987969 states left on queue.
Progress(28) at 2012-12-17 13:58:44: 48603623 states generated (332,474 s/min), 7067370 distinct states found (45,507 ds/min), 991917 states left on queue.
Progress(28) at 2012-12-17 13:59:44: 48936632 states generated (333,009 s/min), 7111525 distinct states found (44,155 ds/min), 994446 states left on queue.
Progress(28) at 2012-12-17 14:00:44: 49259702 states generated (323,070 s/min), 7157619 distinct states found (46,094 ds/min), 1000156 states left on queue.
Progress(28) at 2012-12-17 14:01:44: 49591998 states generated (332,297 s/min), 7201317 distinct states found (43,698 ds/min), 1002317 states left on queue.
Progress(28) at 2012-12-17 14:02:44: 49925100 states generated (333,101 s/min), 7245407 distinct states found (44,090 ds/min), 1004769 states left on queue.
Progress(28) at 2012-12-17 14:03:44: 50257220 states generated (332,120 s/min), 7290812 distinct states found (45,405 ds/min), 1008659 states left on queue.
Progress(28) at 2012-12-17 14:04:44: 50589051 states generated (331,831 s/min), 7333108 distinct states found (42,296 ds/min), 1009476 states left on queue.
Progress(28) at 2012-12-17 14:05:44: 50903390 states generated (314,339 s/min), 7372958 distinct states found (39,850 ds/min), 1010034 states left on queue.
Progress(28) at 2012-12-17 14:06:44: 51238088 states generated (334,698 s/min), 7418231 distinct states found (45,273 ds/min), 1013470 states left on queue.
Progress(28) at 2012-12-17 14:07:44: 51572728 states generated (334,640 s/min), 7459975 distinct states found (41,744 ds/min), 1013384 states left on queue.
Progress(28) at 2012-12-17 14:08:44: 51907672 states generated (334,945 s/min), 7501149 distinct states found (41,174 ds/min), 1012690 states left on queue.
Progress(28) at 2012-12-17 14:09:44: 52242071 states generated (334,398 s/min), 7545403 distinct states found (44,254 ds/min), 1015144 states left on queue.
Progress(28) at 2012-12-17 14:10:44: 52566117 states generated (324,046 s/min), 7585783 distinct states found (40,380 ds/min), 1015018 states left on queue.
Progress(28) at 2012-12-17 14:11:44: 52900545 states generated (334,429 s/min), 7624357 distinct states found (38,574 ds/min), 1011788 states left on queue.
Progress(28) at 2012-12-17 14:12:44: 53234078 states generated (333,532 s/min), 7668134 distinct states found (43,777 ds/min), 1013874 states left on queue.
Progress(28) at 2012-12-17 14:13:44: 53568032 states generated (333,954 s/min), 7709213 distinct states found (41,079 ds/min), 1013209 states left on queue.
Progress(28) at 2012-12-17 14:14:44: 53902321 states generated (334,290 s/min), 7747462 distinct states found (38,249 ds/min), 1009671 states left on queue.
Progress(28) at 2012-12-17 14:15:44: 54212281 states generated (309,960 s/min), 7786046 distinct states found (38,584 ds/min), 1009510 states left on queue.
Progress(28) at 2012-12-17 14:16:44: 54543776 states generated (331,494 s/min), 7826396 distinct states found (40,350 ds/min), 1008424 states left on queue.
Progress(28) at 2012-12-17 14:17:44: 54876628 states generated (332,853 s/min), 7864557 distinct states found (38,161 ds/min), 1004978 states left on queue.
Progress(29) at 2012-12-17 14:18:44: 55209172 states generated (332,543 s/min), 7907671 distinct states found (43,114 ds/min), 1006524 states left on queue.
Progress(29) at 2012-12-17 14:19:44: 55541343 states generated (332,171 s/min), 7954351 distinct states found (46,680 ds/min), 1011683 states left on queue.
Progress(29) at 2012-12-17 14:20:44: 55868921 states generated (327,578 s/min), 7996517 distinct states found (42,166 ds/min), 1012902 states left on queue.
Progress(29) at 2012-12-17 14:21:44: 56202910 states generated (333,989 s/min), 8044971 distinct states found (48,454 ds/min), 1019607 states left on queue.
Progress(29) at 2012-12-17 14:22:44: 56536942 states generated (334,032 s/min), 8089157 distinct states found (44,186 ds/min), 1022039 states left on queue.
Progress(29) at 2012-12-17 14:23:44: 56870222 states generated (333,280 s/min), 8132211 distinct states found (43,054 ds/min), 1023433 states left on queue.
Progress(29) at 2012-12-17 14:24:44: 57203089 states generated (332,868 s/min), 8178620 distinct states found (46,409 ds/min), 1028233 states left on queue.
Progress(29) at 2012-12-17 14:25:44: 57525628 states generated (322,538 s/min), 8219971 distinct states found (41,351 ds/min), 1029267 states left on queue.
Progress(29) at 2012-12-17 14:26:44: 57857840 states generated (332,212 s/min), 8261706 distinct states found (41,735 ds/min), 1029476 states left on queue.
Progress(29) at 2012-12-17 14:27:44: 58190342 states generated (332,502 s/min), 8307148 distinct states found (45,442 ds/min), 1033355 states left on queue.
Progress(29) at 2012-12-17 14:28:44: 58524913 states generated (334,572 s/min), 8349592 distinct states found (42,444 ds/min), 1033977 states left on queue.
Progress(29) at 2012-12-17 14:29:44: 58859507 states generated (334,593 s/min), 8388943 distinct states found (39,351 ds/min), 1031504 states left on queue.
Progress(29) at 2012-12-17 14:30:44: 59176198 states generated (316,691 s/min), 8432176 distinct states found (43,233 ds/min), 1035151 states left on queue.
Progress(29) at 2012-12-17 14:31:44: 59506589 states generated (330,391 s/min), 8473555 distinct states found (41,379 ds/min), 1035231 states left on queue.
Progress(29) at 2012-12-17 14:32:44: 59840483 states generated (333,895 s/min), 8513010 distinct states found (39,455 ds/min), 1032949 states left on queue.
Progress(29) at 2012-12-17 14:33:44: 60173618 states generated (333,134 s/min), 8555306 distinct states found (42,296 ds/min), 1033603 states left on queue.
Progress(29) at 2012-12-17 14:34:44: 60507672 states generated (334,054 s/min), 8597028 distinct states found (41,722 ds/min), 1033570 states left on queue.
Progress(29) at 2012-12-17 14:35:44: 60825599 states generated (317,928 s/min), 8634359 distinct states found (37,331 ds/min), 1031159 states left on queue.
Progress(29) at 2012-12-17 14:36:44: 61160329 states generated (334,730 s/min), 8674152 distinct states found (39,793 ds/min), 1029110 states left on queue.
Progress(29) at 2012-12-17 14:37:44: 61492313 states generated (331,984 s/min), 8715632 distinct states found (41,480 ds/min), 1029092 states left on queue.
Progress(29) at 2012-12-17 14:38:44: 61823750 states generated (331,436 s/min), 8753862 distinct states found (38,230 ds/min), 1025893 states left on queue.
Progress(29) at 2012-12-17 14:39:44: 62157792 states generated (334,042 s/min), 8792193 distinct states found (38,331 ds/min), 1022469 states left on queue.
Progress(29) at 2012-12-17 14:40:44: 62471696 states generated (313,905 s/min), 8830347 distinct states found (38,154 ds/min), 1021385 states left on queue.
Progress(29) at 2012-12-17 14:41:44: 62805556 states generated (333,859 s/min), 8868629 distinct states found (38,282 ds/min), 1017934 states left on queue.
Progress(30) at 2012-12-17 14:42:44: 63138325 states generated (332,769 s/min), 8907289 distinct states found (38,660 ds/min), 1014998 states left on queue.
Progress(30) at 2012-12-17 14:43:44: 63471417 states generated (333,093 s/min), 8954659 distinct states found (47,370 ds/min), 1020731 states left on queue.
Progress(30) at 2012-12-17 14:44:44: 63803565 states generated (332,147 s/min), 8997803 distinct states found (43,144 ds/min), 1022357 states left on queue.
Progress(30) at 2012-12-17 14:45:44: 64122788 states generated (319,223 s/min), 9040395 distinct states found (42,592 ds/min), 1025046 states left on queue.
Progress(30) at 2012-12-17 14:46:44: 64455905 states generated (333,118 s/min), 9085842 distinct states found (45,447 ds/min), 1028853 states left on queue.
Progress(30) at 2012-12-17 14:47:44: 64788499 states generated (332,593 s/min), 9128061 distinct states found (42,219 ds/min), 1029498 states left on queue.
Progress(30) at 2012-12-17 14:48:44: 65120063 states generated (331,564 s/min), 9170911 distinct states found (42,850 ds/min), 1030903 states left on queue.
Progress(30) at 2012-12-17 14:49:44: 65454121 states generated (334,059 s/min), 9215282 distinct states found (44,371 ds/min), 1033516 states left on queue.
Progress(30) at 2012-12-17 14:50:44: 65777863 states generated (323,741 s/min), 9255861 distinct states found (40,579 ds/min), 1033628 states left on queue.
Progress(30) at 2012-12-17 14:51:44: 66111688 states generated (333,826 s/min), 9296875 distinct states found (41,014 ds/min), 1032914 states left on queue.
Progress(30) at 2012-12-17 14:52:44: 66446608 states generated (334,920 s/min), 9341287 distinct states found (44,412 ds/min), 1035461 states left on queue.
Progress(30) at 2012-12-17 14:53:44: 66781172 states generated (334,563 s/min), 9382713 distinct states found (41,426 ds/min), 1035066 states left on queue.
Progress(30) at 2012-12-17 14:54:44: 67115777 states generated (334,605 s/min), 9421110 distinct states found (38,397 ds/min), 1031638 states left on queue.
Progress(30) at 2012-12-17 14:55:44: 67440915 states generated (325,138 s/min), 9464182 distinct states found (43,072 ds/min), 1034067 states left on queue.
Progress(30) at 2012-12-17 14:56:44: 67775222 states generated (334,307 s/min), 9505026 distinct states found (40,844 ds/min), 1033123 states left on queue.
Progress(30) at 2012-12-17 14:57:44: 68108908 states generated (333,686 s/min), 9543248 distinct states found (38,222 ds/min), 1029634 states left on queue.
Progress(30) at 2012-12-17 14:58:44: 68442305 states generated (333,398 s/min), 9584726 distinct states found (41,478 ds/min), 1029437 states left on queue.
Progress(30) at 2012-12-17 14:59:44: 68776776 states generated (334,470 s/min), 9625331 distinct states found (40,605 ds/min), 1028234 states left on queue.
Progress(30) at 2012-12-17 15:00:44: 69099585 states generated (322,809 s/min), 9661991 distinct states found (36,660 ds/min), 1024543 states left on queue.
Progress(30) at 2012-12-17 15:01:44: 69432273 states generated (332,688 s/min), 9701482 distinct states found (39,491 ds/min), 1022447 states left on queue.
Progress(30) at 2012-12-17 15:02:44: 69766374 states generated (334,101 s/min), 9741355 distinct states found (39,873 ds/min), 1020558 states left on queue.
Progress(30) at 2012-12-17 15:03:44: 70101245 states generated (334,871 s/min), 9778468 distinct states found (37,113 ds/min), 1015812 states left on queue.
Progress(30) at 2012-12-17 15:04:44: 70435289 states generated (334,045 s/min), 9817066 distinct states found (38,598 ds/min), 1012654 states left on queue.
Progress(30) at 2012-12-17 15:05:44: 70757941 states generated (322,652 s/min), 9854418 distinct states found (37,352 ds/min), 1009675 states left on queue.
Progress(30) at 2012-12-17 15:06:44: 71092214 states generated (334,273 s/min), 9889895 distinct states found (35,477 ds/min), 1003368 states left on queue.
Progress(31) at 2012-12-17 15:07:44: 71426349 states generated (334,134 s/min), 9935058 distinct states found (45,163 ds/min), 1006764 states left on queue.
Progress(31) at 2012-12-17 15:08:44: 71760913 states generated (334,565 s/min), 9979422 distinct states found (44,364 ds/min), 1009307 states left on queue.
Progress(31) at 2012-12-17 15:09:44: 72094503 states generated (333,589 s/min), 10020714 distinct states found (41,292 ds/min), 1008901 states left on queue.
Progress(31) at 2012-12-17 15:10:44: 72412873 states generated (318,370 s/min), 10063804 distinct states found (43,090 ds/min), 1012195 states left on queue.
Progress(31) at 2012-12-17 15:11:44: 72746775 states generated (333,902 s/min), 10107207 distinct states found (43,403 ds/min), 1013860 states left on queue.
Progress(31) at 2012-12-17 15:12:44: 73081207 states generated (334,432 s/min), 10147748 distinct states found (40,541 ds/min), 1012597 states left on queue.
Progress(31) at 2012-12-17 15:13:44: 73416171 states generated (334,965 s/min), 10191172 distinct states found (43,424 ds/min), 1014150 states left on queue.
Progress(31) at 2012-12-17 15:14:44: 73749837 states generated (333,666 s/min), 10234027 distinct states found (42,855 ds/min), 1015297 states left on queue.
Progress(31) at 2012-12-17 15:15:44: 74058960 states generated (309,122 s/min), 10271462 distinct states found (37,435 ds/min), 1014092 states left on queue.
Progress(31) at 2012-12-17 15:16:44: 74391486 states generated (332,526 s/min), 10311472 distinct states found (40,010 ds/min), 1012536 states left on queue.
Progress(31) at 2012-12-17 15:17:44: 74724641 states generated (333,156 s/min), 10354436 distinct states found (42,964 ds/min), 1013855 states left on queue.
Progress(31) at 2012-12-17 15:18:44: 75058705 states generated (334,064 s/min), 10394651 distinct states found (40,215 ds/min), 1012312 states left on queue.
Progress(31) at 2012-12-17 15:19:44: 75393505 states generated (334,800 s/min), 10432878 distinct states found (38,227 ds/min), 1008689 states left on queue.
Progress(31) at 2012-12-17 15:20:44: 75717571 states generated (324,065 s/min), 10474167 distinct states found (41,289 ds/min), 1009470 states left on queue.
Progress(31) at 2012-12-17 15:21:44: 76050563 states generated (332,992 s/min), 10513485 distinct states found (39,318 ds/min), 1007164 states left on queue.
Progress(31) at 2012-12-17 15:22:44: 76383683 states generated (333,120 s/min), 10550362 distinct states found (36,877 ds/min), 1002401 states left on queue.
Progress(31) at 2012-12-17 15:23:44: 76716313 states generated (332,630 s/min), 10591288 distinct states found (40,926 ds/min), 1001749 states left on queue.
Progress(31) at 2012-12-17 15:24:44: 77049494 states generated (333,181 s/min), 10630487 distinct states found (39,199 ds/min), 999300 states left on queue.
Progress(31) at 2012-12-17 15:25:44: 77369345 states generated (319,851 s/min), 10664874 distinct states found (34,387 ds/min), 993705 states left on queue.
Progress(31) at 2012-12-17 15:26:44: 77703523 states generated (334,178 s/min), 10704594 distinct states found (39,720 ds/min), 991653 states left on queue.
Progress(31) at 2012-12-17 15:27:44: 78038231 states generated (334,708 s/min), 10742834 distinct states found (38,240 ds/min), 988055 states left on queue.
Progress(31) at 2012-12-17 15:28:44: 78372057 states generated (333,827 s/min), 10778208 distinct states found (35,374 ds/min), 981700 states left on queue.
Progress(31) at 2012-12-17 15:29:44: 78705997 states generated (333,939 s/min), 10817072 distinct states found (38,864 ds/min), 978822 states left on queue.
Progress(31) at 2012-12-17 15:30:44: 79025945 states generated (319,949 s/min), 10851330 distinct states found (34,258 ds/min), 973086 states left on queue.
Progress(32) at 2012-12-17 15:31:44: 79355447 states generated (329,502 s/min), 10891746 distinct states found (40,416 ds/min), 972315 states left on queue.
Progress(32) at 2012-12-17 15:32:44: 79688329 states generated (332,882 s/min), 10935878 distinct states found (44,132 ds/min), 974836 states left on queue.
Progress(32) at 2012-12-17 15:33:45: 80021824 states generated (333,494 s/min), 10977149 distinct states found (41,271 ds/min), 974421 states left on queue.
Progress(32) at 2012-12-17 15:34:45: 80354703 states generated (332,879 s/min), 11018692 distinct states found (41,543 ds/min), 974354 states left on queue.
Progress(32) at 2012-12-17 15:35:45: 80673265 states generated (318,562 s/min), 11060713 distinct states found (42,021 ds/min), 976555 states left on queue.
Progress(32) at 2012-12-17 15:36:45: 81003371 states generated (330,106 s/min), 11100972 distinct states found (40,259 ds/min), 975550 states left on queue.
Progress(32) at 2012-12-17 15:37:45: 81337049 states generated (333,679 s/min), 11140362 distinct states found (39,390 ds/min), 973230 states left on queue.
Progress(32) at 2012-12-17 15:38:45: 81670581 states generated (333,531 s/min), 11183706 distinct states found (43,344 ds/min), 974883 states left on queue.
Progress(32) at 2012-12-17 15:39:45: 82004593 states generated (334,013 s/min), 11224194 distinct states found (40,488 ds/min), 973619 states left on queue.
Progress(32) at 2012-12-17 15:40:45: 82322753 states generated (318,159 s/min), 11260592 distinct states found (36,398 ds/min), 970248 states left on queue.
Progress(32) at 2012-12-17 15:41:45: 82656801 states generated (334,048 s/min), 11302197 distinct states found (41,605 ds/min), 970097 states left on queue.
Progress(32) at 2012-12-17 15:42:45: 82991596 states generated (334,795 s/min), 11343062 distinct states found (40,865 ds/min), 969112 states left on queue.
Progress(32) at 2012-12-17 15:43:45: 83325549 states generated (333,953 s/min), 11380213 distinct states found (37,151 ds/min), 964519 states left on queue.
Progress(32) at 2012-12-17 15:44:45: 83659456 states generated (333,908 s/min), 11420672 distinct states found (40,459 ds/min), 963240 states left on queue.
Progress(32) at 2012-12-17 15:45:45: 83983141 states generated (323,684 s/min), 11458791 distinct states found (38,119 ds/min), 960898 states left on queue.
Progress(32) at 2012-12-17 15:46:45: 84317625 states generated (334,485 s/min), 11495790 distinct states found (36,999 ds/min), 956086 states left on queue.
Progress(32) at 2012-12-17 15:47:45: 84651863 states generated (334,237 s/min), 11534958 distinct states found (39,168 ds/min), 953475 states left on queue.
Progress(32) at 2012-12-17 15:48:45: 84986113 states generated (334,251 s/min), 11573139 distinct states found (38,181 ds/min), 949874 states left on queue.
Progress(32) at 2012-12-17 15:49:45: 85319984 states generated (333,870 s/min), 11608440 distinct states found (35,301 ds/min), 943442 states left on queue.
Progress(32) at 2012-12-17 15:50:45: 85643829 states generated (323,845 s/min), 11646066 distinct states found (37,626 ds/min), 940587 states left on queue.
Progress(32) at 2012-12-17 15:51:45: 85977993 states generated (334,165 s/min), 11682575 distinct states found (36,509 ds/min), 935325 states left on queue.
Progress(32) at 2012-12-17 15:52:45: 86312022 states generated (334,028 s/min), 11718096 distinct states found (35,521 ds/min), 929093 states left on queue.
Progress(32) at 2012-12-17 15:53:45: 86644169 states generated (332,148 s/min), 11754862 distinct states found (36,766 ds/min), 924340 states left on queue.
Progress(33) at 2012-12-17 15:54:45: 86975633 states generated (331,464 s/min), 11790156 distinct states found (35,294 ds/min), 918201 states left on queue.
Progress(33) at 2012-12-17 15:55:45: 87290888 states generated (315,254 s/min), 11831933 distinct states found (41,777 ds/min), 920572 states left on queue.
Progress(33) at 2012-12-17 15:56:45: 87625769 states generated (334,882 s/min), 11873884 distinct states found (41,951 ds/min), 920662 states left on queue.
Progress(33) at 2012-12-17 15:57:45: 87960113 states generated (334,344 s/min), 11912881 distinct states found (38,997 ds/min), 917866 states left on queue.
Progress(33) at 2012-12-17 15:58:45: 88294449 states generated (334,336 s/min), 11956132 distinct states found (43,251 ds/min), 919325 states left on queue.
Progress(33) at 2012-12-17 15:59:45: 88629296 states generated (334,846 s/min), 11997663 distinct states found (41,531 ds/min), 919001 states left on queue.
Progress(33) at 2012-12-17 16:00:45: 88943652 states generated (314,356 s/min), 12033816 distinct states found (36,153 ds/min), 915859 states left on queue.
Progress(33) at 2012-12-17 16:01:45: 89278342 states generated (334,690 s/min), 12074884 distinct states found (41,068 ds/min), 915091 states left on queue.
Progress(33) at 2012-12-17 16:02:45: 89612789 states generated (334,447 s/min), 12115793 distinct states found (40,909 ds/min), 914194 states left on queue.
Progress(33) at 2012-12-17 16:03:45: 89947511 states generated (334,722 s/min), 12154095 distinct states found (38,302 ds/min), 910656 states left on queue.
Progress(33) at 2012-12-17 16:04:45: 90282560 states generated (335,049 s/min), 12193020 distinct states found (38,925 ds/min), 907701 states left on queue.
Progress(33) at 2012-12-17 16:05:45: 90606832 states generated (324,271 s/min), 12232444 distinct states found (39,424 ds/min), 906590 states left on queue.
Progress(33) at 2012-12-17 16:06:45: 90937736 states generated (330,906 s/min), 12269196 distinct states found (36,752 ds/min), 901979 states left on queue.
Progress(33) at 2012-12-17 16:07:45: 91270100 states generated (332,363 s/min), 12306705 distinct states found (37,509 ds/min), 897942 states left on queue.
Progress(33) at 2012-12-17 16:08:45: 91603482 states generated (333,382 s/min), 12346285 distinct states found (39,580 ds/min), 895849 states left on queue.
Progress(33) at 2012-12-17 16:09:45: 91936465 states generated (332,984 s/min), 12382247 distinct states found (35,962 ds/min), 890188 states left on queue.
Progress(33) at 2012-12-17 16:10:45: 92249388 states generated (312,922 s/min), 12417562 distinct states found (35,315 ds/min), 886388 states left on queue.
Progress(33) at 2012-12-17 16:11:45: 92583172 states generated (333,784 s/min), 12454748 distinct states found (37,186 ds/min), 881851 states left on queue.
Progress(33) at 2012-12-17 16:12:45: 92915914 states generated (332,742 s/min), 12489294 distinct states found (34,546 ds/min), 874804 states left on queue.
Progress(33) at 2012-12-17 16:13:45: 93249399 states generated (333,485 s/min), 12526873 distinct states found (37,579 ds/min), 870698 states left on queue.
Progress(33) at 2012-12-17 16:14:45: 93583612 states generated (334,213 s/min), 12560866 distinct states found (33,993 ds/min), 862914 states left on queue.
Progress(33) at 2012-12-17 16:15:45: 93901844 states generated (318,232 s/min), 12595686 distinct states found (34,820 ds/min), 857955 states left on queue.
Progress(33) at 2012-12-17 16:16:45: 94233708 states generated (331,864 s/min), 12628661 distinct states found (32,975 ds/min), 849447 states left on queue.
Progress(34) at 2012-12-17 16:17:45: 94566089 states generated (332,382 s/min), 12671812 distinct states found (43,151 ds/min), 851050 states left on queue.
Progress(34) at 2012-12-17 16:18:45: 94898243 states generated (332,153 s/min), 12712843 distinct states found (41,031 ds/min), 850562 states left on queue.
Progress(34) at 2012-12-17 16:19:45: 95230465 states generated (332,223 s/min), 12750775 distinct states found (37,932 ds/min), 846966 states left on queue.
Progress(34) at 2012-12-17 16:20:45: 95557416 states generated (326,950 s/min), 12791319 distinct states found (40,544 ds/min), 846642 states left on queue.
Progress(34) at 2012-12-17 16:21:45: 95890545 states generated (333,130 s/min), 12831747 distinct states found (40,428 ds/min), 845428 states left on queue.
Progress(34) at 2012-12-17 16:22:45: 96225224 states generated (334,678 s/min), 12870125 distinct states found (38,378 ds/min), 841972 states left on queue.
Progress(34) at 2012-12-17 16:23:45: 96559725 states generated (334,501 s/min), 12909380 distinct states found (39,255 ds/min), 839414 states left on queue.
Progress(34) at 2012-12-17 16:24:45: 96894745 states generated (335,020 s/min), 12949710 distinct states found (40,330 ds/min), 837867 states left on queue.
Progress(34) at 2012-12-17 16:25:45: 97220831 states generated (326,086 s/min), 12985958 distinct states found (36,248 ds/min), 833354 states left on queue.
Progress(34) at 2012-12-17 16:26:45: 97555843 states generated (335,012 s/min), 13024248 distinct states found (38,290 ds/min), 829767 states left on queue.
Progress(34) at 2012-12-17 16:27:45: 97890354 states generated (334,511 s/min), 13063334 distinct states found (39,086 ds/min), 827039 states left on queue.
Progress(34) at 2012-12-17 16:28:45: 98224177 states generated (333,824 s/min), 13099000 distinct states found (35,666 ds/min), 820977 states left on queue.
Progress(34) at 2012-12-17 16:29:45: 98556913 states generated (332,736 s/min), 13137051 distinct states found (38,051 ds/min), 817436 states left on queue.
Progress(34) at 2012-12-17 16:30:45: 98879633 states generated (322,720 s/min), 13172869 distinct states found (35,818 ds/min), 812914 states left on queue.
Progress(34) at 2012-12-17 16:31:45: 99209767 states generated (330,134 s/min), 13207425 distinct states found (34,556 ds/min), 806204 states left on queue.
Progress(34) at 2012-12-17 16:32:45: 99543609 states generated (333,842 s/min), 13244543 distinct states found (37,118 ds/min), 801591 states left on queue.
Progress(34) at 2012-12-17 16:33:45: 99876733 states generated (333,123 s/min), 13278049 distinct states found (33,506 ds/min), 793457 states left on queue.
Progress(34) at 2012-12-17 16:34:45: 100211277 states generated (334,544 s/min), 13314891 distinct states found (36,842 ds/min), 788481 states left on queue.
Progress(34) at 2012-12-17 16:35:45: 100522663 states generated (311,386 s/min), 13345380 distinct states found (30,489 ds/min), 780047 states left on queue.
Progress(34) at 2012-12-17 16:36:45: 100857295 states generated (334,632 s/min), 13380951 distinct states found (35,571 ds/min), 773789 states left on queue.
Progress(35) at 2012-12-17 16:37:45: 101192126 states generated (334,831 s/min), 13417549 distinct states found (36,598 ds/min), 768533 states left on queue.
Progress(35) at 2012-12-17 16:38:45: 101526360 states generated (334,235 s/min), 13459369 distinct states found (41,820 ds/min), 768574 states left on queue.
Progress(35) at 2012-12-17 16:39:45: 101859362 states generated (333,001 s/min), 13497788 distinct states found (38,419 ds/min), 765367 states left on queue.
Progress(35) at 2012-12-17 16:40:45: 102182790 states generated (323,428 s/min), 13534722 distinct states found (36,934 ds/min), 761873 states left on queue.
Progress(35) at 2012-12-17 16:41:45: 102516473 states generated (333,683 s/min), 13575223 distinct states found (40,501 ds/min), 760664 states left on queue.
Progress(35) at 2012-12-17 16:42:45: 102851023 states generated (334,550 s/min), 13613615 distinct states found (38,392 ds/min), 757237 states left on queue.
Progress(35) at 2012-12-17 16:43:45: 103185078 states generated (334,055 s/min), 13650675 distinct states found (37,060 ds/min), 752540 states left on queue.
Progress(35) at 2012-12-17 16:44:45: 103518901 states generated (333,823 s/min), 13689844 distinct states found (39,169 ds/min), 749981 states left on queue.
Progress(35) at 2012-12-17 16:45:45: 103841174 states generated (322,273 s/min), 13725605 distinct states found (35,761 ds/min), 745458 states left on queue.
Progress(35) at 2012-12-17 16:46:45: 104175380 states generated (334,206 s/min), 13762336 distinct states found (36,731 ds/min), 740413 states left on queue.
Progress(35) at 2012-12-17 16:47:45: 104509478 states generated (334,098 s/min), 13800432 distinct states found (38,096 ds/min), 736747 states left on queue.
Progress(35) at 2012-12-17 16:48:45: 104843918 states generated (334,440 s/min), 13834676 distinct states found (34,244 ds/min), 729186 states left on queue.
Progress(35) at 2012-12-17 16:49:45: 105177838 states generated (333,920 s/min), 13872694 distinct states found (38,018 ds/min), 725464 states left on queue.
Progress(35) at 2012-12-17 16:50:45: 105487738 states generated (309,900 s/min), 13904845 distinct states found (32,151 ds/min), 718877 states left on queue.
Progress(35) at 2012-12-17 16:51:45: 105820560 states generated (332,822 s/min), 13940312 distinct states found (35,467 ds/min), 712742 states left on queue.
Progress(35) at 2012-12-17 16:52:45: 106155295 states generated (334,735 s/min), 13974360 distinct states found (34,048 ds/min), 704948 states left on queue.
Progress(35) at 2012-12-17 16:53:45: 106489695 states generated (334,400 s/min), 14009335 distinct states found (34,975 ds/min), 698123 states left on queue.
Progress(35) at 2012-12-17 16:54:45: 106823789 states generated (334,094 s/min), 14042065 distinct states found (32,730 ds/min), 689091 states left on queue.
Progress(35) at 2012-12-17 16:55:45: 107149161 states generated (325,373 s/min), 14073822 distinct states found (31,757 ds/min), 680176 states left on queue.
Progress(36) at 2012-12-17 16:56:45: 107483460 states generated (334,298 s/min), 14114200 distinct states found (40,378 ds/min), 678767 states left on queue.
Progress(36) at 2012-12-17 16:57:45: 107818262 states generated (334,802 s/min), 14153711 distinct states found (39,511 ds/min), 676428 states left on queue.
Progress(36) at 2012-12-17 16:58:45: 108153285 states generated (335,023 s/min), 14189771 distinct states found (36,060 ds/min), 670610 states left on queue.
Progress(36) at 2012-12-17 16:59:45: 108487913 states generated (334,628 s/min), 14229662 distinct states found (39,891 ds/min), 668673 states left on queue.
Progress(36) at 2012-12-17 17:00:45: 108805164 states generated (317,251 s/min), 14265916 distinct states found (36,254 ds/min), 665270 states left on queue.
Progress(36) at 2012-12-17 17:01:45: 109139103 states generated (333,939 s/min), 14301152 distinct states found (35,236 ds/min), 658764 states left on queue.
Progress(36) at 2012-12-17 17:02:45: 109472122 states generated (333,019 s/min), 14340074 distinct states found (38,922 ds/min), 656058 states left on queue.
Progress(36) at 2012-12-17 17:03:45: 109806154 states generated (334,032 s/min), 14375778 distinct states found (35,704 ds/min), 650008 states left on queue.
Progress(36) at 2012-12-17 17:04:45: 110140151 states generated (333,997 s/min), 14412208 distinct states found (36,430 ds/min), 644689 states left on queue.
Progress(36) at 2012-12-17 17:05:45: 110455439 states generated (315,288 s/min), 14446290 distinct states found (34,082 ds/min), 639360 states left on queue.
Progress(36) at 2012-12-17 17:06:45: 110788761 states generated (333,322 s/min), 14480654 distinct states found (34,364 ds/min), 632058 states left on queue.
Progress(36) at 2012-12-17 17:07:45: 111122954 states generated (334,193 s/min), 14516146 distinct states found (35,492 ds/min), 625776 states left on queue.
Progress(36) at 2012-12-17 17:08:45: 111456816 states generated (333,862 s/min), 14550018 distinct states found (33,872 ds/min), 617916 states left on queue.
Progress(36) at 2012-12-17 17:09:45: 111790707 states generated (333,891 s/min), 14583427 distinct states found (33,409 ds/min), 609588 states left on queue.
Progress(36) at 2012-12-17 17:10:45: 112109121 states generated (318,414 s/min), 14615420 distinct states found (31,993 ds/min), 601780 states left on queue.
Progress(36) at 2012-12-17 17:11:45: 112443386 states generated (334,265 s/min), 14647633 distinct states found (32,213 ds/min), 592209 states left on queue.
Progress(37) at 2012-12-17 17:12:45: 112778503 states generated (335,117 s/min), 14683268 distinct states found (35,635 ds/min), 585955 states left on queue.
Progress(37) at 2012-12-17 17:13:45: 113113446 states generated (334,943 s/min), 14722697 distinct states found (39,429 ds/min), 583516 states left on queue.
Progress(37) at 2012-12-17 17:14:45: 113447795 states generated (334,349 s/min), 14758551 distinct states found (35,854 ds/min), 577576 states left on queue.
Progress(37) at 2012-12-17 17:15:45: 113770919 states generated (323,123 s/min), 14795397 distinct states found (36,846 ds/min), 574032 states left on queue.
Progress(37) at 2012-12-17 17:16:45: 114104533 states generated (333,615 s/min), 14832403 distinct states found (37,006 ds/min), 569336 states left on queue.
Progress(37) at 2012-12-17 17:17:45: 114437570 states generated (333,036 s/min), 14867209 distinct states found (34,806 ds/min), 562513 states left on queue.
Progress(37) at 2012-12-17 17:18:45: 114771788 states generated (334,217 s/min), 14904474 distinct states found (37,265 ds/min), 558000 states left on queue.
Progress(37) at 2012-12-17 17:19:45: 115106359 states generated (334,573 s/min), 14938198 distinct states found (33,724 ds/min), 549903 states left on queue.
Progress(37) at 2012-12-17 17:20:45: 115415637 states generated (309,278 s/min), 14972402 distinct states found (34,204 ds/min), 545447 states left on queue.
Progress(37) at 2012-12-17 17:21:45: 115749001 states generated (333,364 s/min), 15005036 distinct states found (32,634 ds/min), 536410 states left on queue.
Progress(37) at 2012-12-17 17:22:45: 116082729 states generated (333,728 s/min), 15040582 distinct states found (35,546 ds/min), 530240 states left on queue.
Progress(37) at 2012-12-17 17:23:45: 116416688 states generated (333,959 s/min), 15073583 distinct states found (33,001 ds/min), 521497 states left on queue.
Progress(37) at 2012-12-17 17:24:45: 116750262 states generated (333,574 s/min), 15105723 distinct states found (32,140 ds/min), 511940 states left on queue.
Progress(37) at 2012-12-17 17:25:45: 117069363 states generated (319,101 s/min), 15135882 distinct states found (30,159 ds/min), 502211 states left on queue.
Progress(38) at 2012-12-17 17:26:45: 117403832 states generated (334,469 s/min), 15169663 distinct states found (33,781 ds/min), 494184 states left on queue.
Progress(38) at 2012-12-17 17:27:45: 117738156 states generated (334,324 s/min), 15207917 distinct states found (38,254 ds/min), 490647 states left on queue.
Progress(38) at 2012-12-17 17:28:45: 118072434 states generated (334,278 s/min), 15242903 distinct states found (34,986 ds/min), 483848 states left on queue.
Progress(38) at 2012-12-17 17:29:45: 118406028 states generated (333,592 s/min), 15279750 distinct states found (36,847 ds/min), 478996 states left on queue.
Progress(38) at 2012-12-17 17:30:45: 118721951 states generated (315,925 s/min), 15313511 distinct states found (33,761 ds/min), 473267 states left on queue.
Progress(38) at 2012-12-17 17:31:45: 119053644 states generated (331,693 s/min), 15348528 distinct states found (35,017 ds/min), 466822 states left on queue.
Progress(38) at 2012-12-17 17:32:45: 119388184 states generated (334,540 s/min), 15383143 distinct states found (34,615 ds/min), 459620 states left on queue.
Progress(38) at 2012-12-17 17:33:45: 119721128 states generated (332,944 s/min), 15417319 distinct states found (34,176 ds/min), 452178 states left on queue.
Progress(38) at 2012-12-17 17:34:45: 120054577 states generated (333,448 s/min), 15449878 distinct states found (32,559 ds/min), 443057 states left on queue.
Progress(38) at 2012-12-17 17:35:45: 120377586 states generated (323,010 s/min), 15482525 distinct states found (32,647 ds/min), 435326 states left on queue.
Progress(38) at 2012-12-17 17:36:45: 120712146 states generated (334,560 s/min), 15514644 distinct states found (32,119 ds/min), 425625 states left on queue.
Progress(38) at 2012-12-17 17:37:45: 121045360 states generated (333,214 s/min), 15545107 distinct states found (30,463 ds/min), 414437 states left on queue.
Progress(39) at 2012-12-17 17:38:45: 121378895 states generated (333,535 s/min), 15578158 distinct states found (33,051 ds/min), 405796 states left on queue.
Progress(39) at 2012-12-17 17:39:45: 121712428 states generated (333,533 s/min), 15615077 distinct states found (36,919 ds/min), 401023 states left on queue.
Progress(39) at 2012-12-17 17:40:45: 122034392 states generated (321,964 s/min), 15647694 distinct states found (32,617 ds/min), 393395 states left on queue.
Progress(39) at 2012-12-17 17:41:45: 122368923 states generated (334,530 s/min), 15684044 distinct states found (36,350 ds/min), 387928 states left on queue.
Progress(39) at 2012-12-17 17:42:45: 122703093 states generated (334,171 s/min), 15717565 distinct states found (33,521 ds/min), 379678 states left on queue.
Progress(39) at 2012-12-17 17:43:45: 123036704 states generated (333,610 s/min), 15751814 distinct states found (34,249 ds/min), 372226 states left on queue.
Progress(39) at 2012-12-17 17:44:45: 123370673 states generated (333,970 s/min), 15785079 distinct states found (33,265 ds/min), 363745 states left on queue.
Progress(39) at 2012-12-17 17:45:45: 123689258 states generated (318,585 s/min), 15815594 distinct states found (30,515 ds/min), 354436 states left on queue.
Progress(39) at 2012-12-17 17:46:45: 124023960 states generated (334,702 s/min), 15847204 distinct states found (31,610 ds/min), 344209 states left on queue.
Progress(39) at 2012-12-17 17:47:45: 124358258 states generated (334,298 s/min), 15877031 distinct states found (29,827 ds/min), 332248 states left on queue.
Progress(40) at 2012-12-17 17:48:45: 124691941 states generated (333,683 s/min), 15910705 distinct states found (33,674 ds/min), 324212 states left on queue.
Progress(40) at 2012-12-17 17:49:45: 125025778 states generated (333,837 s/min), 15945181 distinct states found (34,476 ds/min), 316958 states left on queue.
Progress(40) at 2012-12-17 17:50:45: 125344200 states generated (318,422 s/min), 15977954 distinct states found (32,773 ds/min), 309929 states left on queue.
Progress(40) at 2012-12-17 17:51:45: 125678272 states generated (334,072 s/min), 16010435 distinct states found (32,481 ds/min), 300651 states left on queue.
Progress(40) at 2012-12-17 17:52:45: 126012000 states generated (333,728 s/min), 16044234 distinct states found (33,799 ds/min), 292734 states left on queue.
Progress(40) at 2012-12-17 17:53:45: 126346384 states generated (334,384 s/min), 16076323 distinct states found (32,089 ds/min), 283025 states left on queue.
Progress(40) at 2012-12-17 17:54:45: 126680833 states generated (334,450 s/min), 16106802 distinct states found (30,479 ds/min), 271697 states left on queue.
Progress(40) at 2012-12-17 17:55:45: 126987333 states generated (306,499 s/min), 16134030 distinct states found (27,228 ds/min), 260613 states left on queue.
Progress(41) at 2012-12-17 17:56:45: 127321209 states generated (333,877 s/min), 16166796 distinct states found (32,766 ds/min), 251644 states left on queue.
Progress(41) at 2012-12-17 17:57:45: 127655407 states generated (334,197 s/min), 16199309 distinct states found (32,513 ds/min), 242383 states left on queue.
Progress(41) at 2012-12-17 17:58:45: 127989301 states generated (333,894 s/min), 16233100 distinct states found (33,791 ds/min), 234437 states left on queue.
Progress(41) at 2012-12-17 17:59:45: 128322502 states generated (333,201 s/min), 16265085 distinct states found (31,985 ds/min), 224772 states left on queue.
Progress(41) at 2012-12-17 18:00:45: 128646698 states generated (324,196 s/min), 16294770 distinct states found (29,685 ds/min), 213932 states left on queue.
Progress(41) at 2012-12-17 18:01:45: 128981005 states generated (334,307 s/min), 16324226 distinct states found (29,456 ds/min), 201600 states left on queue.
Progress(42) at 2012-12-17 18:02:45: 129314885 states generated (333,879 s/min), 16355266 distinct states found (31,040 ds/min), 190905 states left on queue.
Progress(42) at 2012-12-17 18:03:45: 129649251 states generated (334,367 s/min), 16387418 distinct states found (32,152 ds/min), 181261 states left on queue.
Progress(42) at 2012-12-17 18:04:45: 129983908 states generated (334,657 s/min), 16419041 distinct states found (31,623 ds/min), 171052 states left on queue.
Progress(42) at 2012-12-17 18:05:45: 130295005 states generated (311,097 s/min), 16447521 distinct states found (28,480 ds/min), 160645 states left on queue.
Progress(42) at 2012-12-17 18:06:45: 130628794 states generated (333,789 s/min), 16475580 distinct states found (28,059 ds/min), 146980 states left on queue.
Progress(43) at 2012-12-17 18:07:45: 130962675 states generated (333,880 s/min), 16506771 distinct states found (31,191 ds/min), 136436 states left on queue.
Progress(43) at 2012-12-17 18:08:45: 131296744 states generated (334,070 s/min), 16537185 distinct states found (30,414 ds/min), 125092 states left on queue.
Progress(43) at 2012-12-17 18:09:45: 131630883 states generated (334,139 s/min), 16566521 distinct states found (29,336 ds/min), 112660 states left on queue.
Progress(44) at 2012-12-17 18:10:45: 131957994 states generated (327,111 s/min), 16594680 distinct states found (28,159 ds/min), 99930 states left on queue.
Progress(44) at 2012-12-17 18:11:45: 132292621 states generated (334,626 s/min), 16624422 distinct states found (29,742 ds/min), 87844 states left on queue.
Progress(44) at 2012-12-17 18:12:45: 132625169 states generated (332,549 s/min), 16651983 distinct states found (27,561 ds/min), 73837 states left on queue.
Progress(45) at 2012-12-17 18:13:45: 132959207 states generated (334,038 s/min), 16680984 distinct states found (29,001 ds/min), 61083 states left on queue.
Progress(46) at 2012-12-17 18:14:45: 133293018 states generated (333,811 s/min), 16707788 distinct states found (26,804 ds/min), 46160 states left on queue.
Progress(46) at 2012-12-17 18:15:45: 133607061 states generated (314,043 s/min), 16732831 distinct states found (25,043 ds/min), 31948 states left on queue.
Progress(48) at 2012-12-17 18:16:45: 133941605 states generated (334,544 s/min), 16758696 distinct states found (25,865 ds/min), 15995 states left on queue.
Model checking completed. No error has been found.
  Estimates of the probability that TLC did not check all reachable states
  because two distinct states had the same fingerprint:
  calculated (optimistic):  val = 1.1E-4
  based on the actual fingerprints:  val = 7.9E-11
134217729 states generated, 16777216 distinct states found, 0 states left on queue.
The depth of the complete state graph search is 57.
Finished. (2012-12-17 18:17:47)
