TLC Server Version 2.05 of 18 May 2012
Parsing file /tmp/8451/spec/l10_n6.tla
Parsing file /tmp/8451/spec/GridPerformanceTest.tla
Parsing file /tmp/8451/tla/tla2sany/StandardModules/TLC.tla
Parsing file /tmp/8451/tla/tla2sany/StandardModules/Integers.tla
Parsing file /tmp/8451/tla/tla2sany/StandardModules/FiniteSets.tla
Parsing file /tmp/8451/tla/tla2sany/StandardModules/Naturals.tla
Parsing file /tmp/8451/tla/tla2sany/StandardModules/Sequences.tla
Semantic processing of module Naturals
Semantic processing of module Integers
Semantic processing of module Sequences
Semantic processing of module FiniteSets
Semantic processing of module GridPerformanceTest
Semantic processing of module TLC
Semantic processing of module l10_n6
Starting... (2012-08-06 10:13:18)
Computing initial states...
Finished computing initial states: 1 distinct state(s) generated.
TLC server at griffon-84.nancy.grid5000.fr is ready (2012-08-06 10:13:19)
Registration for worker at rmi://griffon-81.nancy.grid5000.fr:56543 completed (2012-08-06 10:13:21)
Registration for worker at rmi://griffon-82.nancy.grid5000.fr:46685 completed (2012-08-06 10:13:22)
Progress(20) at 2012-08-06 10:14:21: 605239 states generated (605239 s/min), 126410 distinct states found (126410 ds/min), 24002 states left on queue.
Progress(28) at 2012-08-06 10:15:21: 1244317 states generated (639078 s/min), 222018 distinct states found (95608 ds/min), 14632 states left on queue.
Worker: rmi://griffon-82.nancy.grid5000.fr:46685 Sent: 131289 Rcvd: 241601 (2012-08-06 10:15:44)
Worker: rmi://griffon-81.nancy.grid5000.fr:56543 Sent: 130855 Rcvd: 252366 (2012-08-06 10:15:44)
Model checking completed. No error has been found.
  Estimates of the probability that TLC did not check all reachable states
  because two distinct states had the same fingerprint:
  calculated (optimistic):  val = 1.9E-8
  based on the actual fingerprints:  val = 2.8E-13
1572865 states generated, 262144 distinct states found, 0 states left on queue.
The depth of the complete state graph search is 39.
Finished. (2012-08-06 10:15:45)
Warning: Failed to connect from griffon-84.nancy.grid5000.fr to the fp server at griffon-81.nancy.grid5000.fr.
Connection refused to host: 172.16.65.81; nested exception is: 
	java.net.ConnectException: Connection refused
Warning: Failed to connect from griffon-84.nancy.grid5000.fr to the fp server at griffon-81.nancy.grid5000.fr.
Connection refused to host: 172.16.65.81; nested exception is: 
	java.net.ConnectException: Connection refused
