Listening for transport dt_socket at address: 1044
TLC2 Version 2.05 of 7 November 2012
Running in Model-Checking mode.
Parsing file l10_n6.tla
Parsing file GridPerformanceTest.tla
Parsing file /mnt/tlc/21167/tla/tla2sany/StandardModules/TLC.tla
Parsing file /mnt/tlc/21167/tla/tla2sany/StandardModules/Integers.tla
Parsing file /mnt/tlc/21167/tla/tla2sany/StandardModules/FiniteSets.tla
Parsing file /mnt/tlc/21167/tla/tla2sany/StandardModules/Naturals.tla
Parsing file /mnt/tlc/21167/tla/tla2sany/StandardModules/Sequences.tla
Semantic processing of module Naturals
Semantic processing of module Integers
Semantic processing of module Sequences
Semantic processing of module FiniteSets
Semantic processing of module GridPerformanceTest
Semantic processing of module TLC
Semantic processing of module l10_n6
Starting... (2012-12-07 11:54:59)
Computing initial states...
Finished computing initial states: 1 distinct state generated.
Progress(10) at 2012-12-07 11:55:21: 10975 states generated (10,974 s/min), 3227 distinct states found (3,227 ds/min), 1398 states left on queue.
Progress(19) at 2012-12-07 11:56:21: 345339 states generated (334,365 s/min), 72247 distinct states found (69,020 ds/min), 14690 states left on queue.
Progress(22) at 2012-12-07 11:57:21: 697753 states generated (352,413 s/min), 134952 distinct states found (62,705 ds/min), 18660 states left on queue.
Progress(26) at 2012-12-07 11:58:21: 1053635 states generated (355,882 s/min), 191623 distinct states found (56,671 ds/min), 16017 states left on queue.
Progress(30) at 2012-12-07 11:59:21: 1409675 states generated (356,040 s/min), 242851 distinct states found (51,228 ds/min), 7905 states left on queue.
Model checking completed. No error has been found.
  Estimates of the probability that TLC did not check all reachable states
  because two distinct states had the same fingerprint:
  calculated (optimistic):  val = 1.9E-8
  based on the actual fingerprints:  val = 2.0E-12
1572865 states generated, 262144 distinct states found, 0 states left on queue.
The depth of the complete state graph search is 43.
Finished. (2012-12-07 12:00:00)
