Listening for transport dt_socket at address: 1044
TLC Server Version 2.05 of 24 October 2012
Parsing file /mnt/tlc/7975/spec/l10_n8.tla
Parsing file /mnt/tlc/7975/spec/GridPerformanceTest.tla
Parsing file /mnt/tlc/7975/tla/tla2sany/StandardModules/TLC.tla
Parsing file /mnt/tlc/7975/tla/tla2sany/StandardModules/Integers.tla
Parsing file /mnt/tlc/7975/tla/tla2sany/StandardModules/FiniteSets.tla
Parsing file /mnt/tlc/7975/tla/tla2sany/StandardModules/Naturals.tla
Parsing file /mnt/tlc/7975/tla/tla2sany/StandardModules/Sequences.tla
Semantic processing of module Naturals
Semantic processing of module Integers
Semantic processing of module Sequences
Semantic processing of module FiniteSets
Semantic processing of module GridPerformanceTest
Semantic processing of module TLC
Semantic processing of module l10_n8
Starting... (2012-11-05 15:16:12)
Computing initial states...
Finished computing initial states: 1 distinct state(s) generated.
TLC server at ip-10-32-50-34 is ready (2012-11-05 15:16:52)
Done waiting for FPSet server(s) (2012-11-05 15:16:52)
Registration for worker at rmi://ip-10-32-49-68.eu-west-1.compute.internal:51893/1 completed (2012-11-05 15:16:53)
Registration for worker at rmi://ip-10-32-49-68.eu-west-1.compute.internal:51893/4 completed (2012-11-05 15:16:53)
Registration for worker at rmi://ip-10-32-49-68.eu-west-1.compute.internal:51893/3 completed (2012-11-05 15:16:53)
Registration for worker at rmi://ip-10-32-49-68.eu-west-1.compute.internal:51893/6 completed (2012-11-05 15:16:53)
Registration for worker at rmi://ip-10-32-49-68.eu-west-1.compute.internal:51893/0 completed (2012-11-05 15:16:53)
Registration for worker at rmi://ip-10-32-49-68.eu-west-1.compute.internal:51893/5 completed (2012-11-05 15:16:53)
Registration for worker at rmi://ip-10-32-49-68.eu-west-1.compute.internal:51893/2 completed (2012-11-05 15:16:53)
Registration for worker at rmi://ip-10-32-49-68.eu-west-1.compute.internal:51893/7 completed (2012-11-05 15:16:53)
Registration for worker at rmi://ip-10-33-145-62.eu-west-1.compute.internal:60058/5 completed (2012-11-05 15:16:53)
Registration for worker at rmi://ip-10-33-145-62.eu-west-1.compute.internal:60058/4 completed (2012-11-05 15:16:53)
Registration for worker at rmi://ip-10-33-145-62.eu-west-1.compute.internal:60058/3 completed (2012-11-05 15:16:53)
Registration for worker at rmi://ip-10-33-145-62.eu-west-1.compute.internal:60058/7 completed (2012-11-05 15:16:53)
Registration for worker at rmi://ip-10-33-145-62.eu-west-1.compute.internal:60058/2 completed (2012-11-05 15:16:53)
Registration for worker at rmi://ip-10-33-145-62.eu-west-1.compute.internal:60058/6 completed (2012-11-05 15:16:53)
Registration for worker at rmi://ip-10-33-145-62.eu-west-1.compute.internal:60058/0 completed (2012-11-05 15:16:53)
Registration for worker at rmi://ip-10-33-145-62.eu-west-1.compute.internal:60058/1 completed (2012-11-05 15:16:53)
Registration for worker at rmi://ip-10-32-53-224.eu-west-1.compute.internal:49513/3 completed (2012-11-05 15:16:53)
Registration for worker at rmi://ip-10-32-53-224.eu-west-1.compute.internal:49513/2 completed (2012-11-05 15:16:53)
Registration for worker at rmi://ip-10-32-53-224.eu-west-1.compute.internal:49513/4 completed (2012-11-05 15:16:53)
Registration for worker at rmi://ip-10-32-53-224.eu-west-1.compute.internal:49513/7 completed (2012-11-05 15:16:53)
Registration for worker at rmi://ip-10-32-53-224.eu-west-1.compute.internal:49513/0 completed (2012-11-05 15:16:53)
Registration for worker at rmi://ip-10-32-53-224.eu-west-1.compute.internal:49513/5 completed (2012-11-05 15:16:53)
Registration for worker at rmi://ip-10-32-53-224.eu-west-1.compute.internal:49513/6 completed (2012-11-05 15:16:53)
Registration for worker at rmi://ip-10-32-53-224.eu-west-1.compute.internal:49513/1 completed (2012-11-05 15:16:53)
Registration for worker at rmi://ip-10-32-41-233.eu-west-1.compute.internal:32787/3 completed (2012-11-05 15:16:53)
Registration for worker at rmi://ip-10-32-41-233.eu-west-1.compute.internal:32787/0 completed (2012-11-05 15:16:53)
Registration for worker at rmi://ip-10-32-41-233.eu-west-1.compute.internal:32787/7 completed (2012-11-05 15:16:53)
Registration for worker at rmi://ip-10-32-41-233.eu-west-1.compute.internal:32787/6 completed (2012-11-05 15:16:53)
Registration for worker at rmi://ip-10-32-41-233.eu-west-1.compute.internal:32787/2 completed (2012-11-05 15:16:53)
Registration for worker at rmi://ip-10-32-41-233.eu-west-1.compute.internal:32787/5 completed (2012-11-05 15:16:53)
Registration for worker at rmi://ip-10-32-41-233.eu-west-1.compute.internal:32787/4 completed (2012-11-05 15:16:53)
Registration for worker at rmi://ip-10-32-41-233.eu-west-1.compute.internal:32787/1 completed (2012-11-05 15:16:53)
Registration for worker at rmi://ip-10-32-53-139.eu-west-1.compute.internal:38891/3 completed (2012-11-05 15:16:54)
Registration for worker at rmi://ip-10-32-53-139.eu-west-1.compute.internal:38891/4 completed (2012-11-05 15:16:54)
Registration for worker at rmi://ip-10-32-53-139.eu-west-1.compute.internal:38891/7 completed (2012-11-05 15:16:54)
Registration for worker at rmi://ip-10-32-53-139.eu-west-1.compute.internal:38891/1 completed (2012-11-05 15:16:54)
Registration for worker at rmi://ip-10-32-53-139.eu-west-1.compute.internal:38891/2 completed (2012-11-05 15:16:54)
Registration for worker at rmi://ip-10-32-53-139.eu-west-1.compute.internal:38891/6 completed (2012-11-05 15:16:54)
Registration for worker at rmi://ip-10-32-53-139.eu-west-1.compute.internal:38891/5 completed (2012-11-05 15:16:54)
Registration for worker at rmi://ip-10-32-53-139.eu-west-1.compute.internal:38891/0 completed (2012-11-05 15:16:54)
Registration for worker at rmi://ip-10-33-145-75.eu-west-1.compute.internal:41673/6 completed (2012-11-05 15:16:54)
Registration for worker at rmi://ip-10-33-145-75.eu-west-1.compute.internal:41673/4 completed (2012-11-05 15:16:54)
Registration for worker at rmi://ip-10-33-145-75.eu-west-1.compute.internal:41673/2 completed (2012-11-05 15:16:54)
Registration for worker at rmi://ip-10-33-145-75.eu-west-1.compute.internal:41673/7 completed (2012-11-05 15:16:54)
Registration for worker at rmi://ip-10-33-145-75.eu-west-1.compute.internal:41673/5 completed (2012-11-05 15:16:54)
Registration for worker at rmi://ip-10-33-145-75.eu-west-1.compute.internal:41673/1 completed (2012-11-05 15:16:54)
Registration for worker at rmi://ip-10-33-145-75.eu-west-1.compute.internal:41673/3 completed (2012-11-05 15:16:54)
Registration for worker at rmi://ip-10-33-145-75.eu-west-1.compute.internal:41673/0 completed (2012-11-05 15:16:54)
Registration for worker at rmi://ip-10-32-50-169.eu-west-1.compute.internal:34472/3 completed (2012-11-05 15:16:54)
Registration for worker at rmi://ip-10-32-50-169.eu-west-1.compute.internal:34472/0 completed (2012-11-05 15:16:54)
Registration for worker at rmi://ip-10-32-50-169.eu-west-1.compute.internal:34472/6 completed (2012-11-05 15:16:54)
Registration for worker at rmi://ip-10-32-50-169.eu-west-1.compute.internal:34472/7 completed (2012-11-05 15:16:54)
Registration for worker at rmi://ip-10-32-50-169.eu-west-1.compute.internal:34472/5 completed (2012-11-05 15:16:54)
Registration for worker at rmi://ip-10-32-50-169.eu-west-1.compute.internal:34472/1 completed (2012-11-05 15:16:54)
Registration for worker at rmi://ip-10-32-50-169.eu-west-1.compute.internal:34472/4 completed (2012-11-05 15:16:54)
Registration for worker at rmi://ip-10-32-50-169.eu-west-1.compute.internal:34472/2 completed (2012-11-05 15:16:54)
Registration for worker at rmi://ip-10-32-42-250.eu-west-1.compute.internal:38235/0 completed (2012-11-05 15:17:07)
Registration for worker at rmi://ip-10-32-41-210.eu-west-1.compute.internal:42117/7 completed (2012-11-05 15:17:07)
Registration for worker at rmi://ip-10-32-42-250.eu-west-1.compute.internal:38235/4 completed (2012-11-05 15:17:07)
Registration for worker at rmi://ip-10-32-42-250.eu-west-1.compute.internal:38235/6 completed (2012-11-05 15:17:07)
Registration for worker at rmi://ip-10-32-42-250.eu-west-1.compute.internal:38235/7 completed (2012-11-05 15:17:08)
Registration for worker at rmi://ip-10-32-42-250.eu-west-1.compute.internal:38235/3 completed (2012-11-05 15:17:08)
Registration for worker at rmi://ip-10-32-42-250.eu-west-1.compute.internal:38235/2 completed (2012-11-05 15:17:08)
Registration for worker at rmi://ip-10-32-42-250.eu-west-1.compute.internal:38235/5 completed (2012-11-05 15:17:08)
Registration for worker at rmi://ip-10-32-42-250.eu-west-1.compute.internal:38235/1 completed (2012-11-05 15:17:08)
Registration for worker at rmi://ip-10-32-41-210.eu-west-1.compute.internal:42117/0 completed (2012-11-05 15:17:08)
Registration for worker at rmi://ip-10-32-41-210.eu-west-1.compute.internal:42117/3 completed (2012-11-05 15:17:08)
Registration for worker at rmi://ip-10-32-41-210.eu-west-1.compute.internal:42117/1 completed (2012-11-05 15:17:08)
Registration for worker at rmi://ip-10-32-41-210.eu-west-1.compute.internal:42117/6 completed (2012-11-05 15:17:08)
Registration for worker at rmi://ip-10-32-41-210.eu-west-1.compute.internal:42117/2 completed (2012-11-05 15:17:08)
Registration for worker at rmi://ip-10-32-41-210.eu-west-1.compute.internal:42117/5 completed (2012-11-05 15:17:08)
Registration for worker at rmi://ip-10-32-41-210.eu-west-1.compute.internal:42117/4 completed (2012-11-05 15:17:08)
Registration for worker at rmi://ip-10-32-42-138.eu-west-1.compute.internal:36113/2 completed (2012-11-05 15:17:08)
Registration for worker at rmi://ip-10-32-42-138.eu-west-1.compute.internal:36113/6 completed (2012-11-05 15:17:08)
Registration for worker at rmi://ip-10-32-42-138.eu-west-1.compute.internal:36113/7 completed (2012-11-05 15:17:08)
Registration for worker at rmi://ip-10-32-42-138.eu-west-1.compute.internal:36113/5 completed (2012-11-05 15:17:08)
Registration for worker at rmi://ip-10-32-42-138.eu-west-1.compute.internal:36113/3 completed (2012-11-05 15:17:08)
Registration for worker at rmi://ip-10-32-42-138.eu-west-1.compute.internal:36113/4 completed (2012-11-05 15:17:08)
Registration for worker at rmi://ip-10-32-42-138.eu-west-1.compute.internal:36113/0 completed (2012-11-05 15:17:08)
Registration for worker at rmi://ip-10-32-42-138.eu-west-1.compute.internal:36113/1 completed (2012-11-05 15:17:08)
Registration for worker at rmi://ip-10-32-49-213.eu-west-1.compute.internal:35871/1 completed (2012-11-05 15:17:08)
Registration for worker at rmi://ip-10-32-49-213.eu-west-1.compute.internal:35871/2 completed (2012-11-05 15:17:08)
Registration for worker at rmi://ip-10-32-49-213.eu-west-1.compute.internal:35871/5 completed (2012-11-05 15:17:08)
Registration for worker at rmi://ip-10-32-49-213.eu-west-1.compute.internal:35871/3 completed (2012-11-05 15:17:08)
Registration for worker at rmi://ip-10-32-49-213.eu-west-1.compute.internal:35871/0 completed (2012-11-05 15:17:08)
Registration for worker at rmi://ip-10-32-49-213.eu-west-1.compute.internal:35871/4 completed (2012-11-05 15:17:08)
Registration for worker at rmi://ip-10-32-49-213.eu-west-1.compute.internal:35871/6 completed (2012-11-05 15:17:08)
Registration for worker at rmi://ip-10-32-49-213.eu-west-1.compute.internal:35871/7 completed (2012-11-05 15:17:08)
Registration for worker at rmi://ip-10-32-42-119.eu-west-1.compute.internal:50600/1 completed (2012-11-05 15:17:08)
Registration for worker at rmi://ip-10-32-42-119.eu-west-1.compute.internal:50600/3 completed (2012-11-05 15:17:08)
Registration for worker at rmi://ip-10-32-42-119.eu-west-1.compute.internal:50600/0 completed (2012-11-05 15:17:08)
Registration for worker at rmi://ip-10-32-42-119.eu-west-1.compute.internal:50600/4 completed (2012-11-05 15:17:08)
Registration for worker at rmi://ip-10-32-42-119.eu-west-1.compute.internal:50600/6 completed (2012-11-05 15:17:08)
Registration for worker at rmi://ip-10-32-42-119.eu-west-1.compute.internal:50600/5 completed (2012-11-05 15:17:08)
Registration for worker at rmi://ip-10-32-42-119.eu-west-1.compute.internal:50600/7 completed (2012-11-05 15:17:08)
Registration for worker at rmi://ip-10-32-42-119.eu-west-1.compute.internal:50600/2 completed (2012-11-05 15:17:08)
Registration for worker at rmi://ip-10-32-44-198.eu-west-1.compute.internal:33950/4 completed (2012-11-05 15:17:08)
Registration for worker at rmi://ip-10-32-44-198.eu-west-1.compute.internal:33950/7 completed (2012-11-05 15:17:08)
Registration for worker at rmi://ip-10-32-44-198.eu-west-1.compute.internal:33950/3 completed (2012-11-05 15:17:08)
Registration for worker at rmi://ip-10-32-44-198.eu-west-1.compute.internal:33950/2 completed (2012-11-05 15:17:08)
Registration for worker at rmi://ip-10-32-44-198.eu-west-1.compute.internal:33950/6 completed (2012-11-05 15:17:08)
Registration for worker at rmi://ip-10-32-44-198.eu-west-1.compute.internal:33950/5 completed (2012-11-05 15:17:08)
Registration for worker at rmi://ip-10-32-44-198.eu-west-1.compute.internal:33950/1 completed (2012-11-05 15:17:08)
Registration for worker at rmi://ip-10-32-44-198.eu-west-1.compute.internal:33950/0 completed (2012-11-05 15:17:08)
Registration for worker at rmi://ip-10-32-49-214.eu-west-1.compute.internal:47036/0 completed (2012-11-05 15:17:08)
Registration for worker at rmi://ip-10-32-49-214.eu-west-1.compute.internal:47036/6 completed (2012-11-05 15:17:08)
Registration for worker at rmi://ip-10-32-49-214.eu-west-1.compute.internal:47036/7 completed (2012-11-05 15:17:08)
Registration for worker at rmi://ip-10-32-49-214.eu-west-1.compute.internal:47036/5 completed (2012-11-05 15:17:08)
Registration for worker at rmi://ip-10-32-49-214.eu-west-1.compute.internal:47036/4 completed (2012-11-05 15:17:08)
Registration for worker at rmi://ip-10-32-49-214.eu-west-1.compute.internal:47036/3 completed (2012-11-05 15:17:08)
Registration for worker at rmi://ip-10-32-49-214.eu-west-1.compute.internal:47036/2 completed (2012-11-05 15:17:08)
Registration for worker at rmi://ip-10-32-49-214.eu-west-1.compute.internal:47036/1 completed (2012-11-05 15:17:08)
Registration for worker at rmi://ip-10-32-49-76.eu-west-1.compute.internal:59247/2 completed (2012-11-05 15:17:08)
Registration for worker at rmi://ip-10-32-49-76.eu-west-1.compute.internal:59247/6 completed (2012-11-05 15:17:08)
Registration for worker at rmi://ip-10-32-49-76.eu-west-1.compute.internal:59247/1 completed (2012-11-05 15:17:08)
Registration for worker at rmi://ip-10-32-49-76.eu-west-1.compute.internal:59247/3 completed (2012-11-05 15:17:08)
Registration for worker at rmi://ip-10-32-49-76.eu-west-1.compute.internal:59247/5 completed (2012-11-05 15:17:08)
Registration for worker at rmi://ip-10-32-49-76.eu-west-1.compute.internal:59247/7 completed (2012-11-05 15:17:08)
Registration for worker at rmi://ip-10-32-49-76.eu-west-1.compute.internal:59247/4 completed (2012-11-05 15:17:08)
Registration for worker at rmi://ip-10-32-49-76.eu-west-1.compute.internal:59247/0 completed (2012-11-05 15:17:08)
Registration for worker at rmi://ip-10-32-53-181.eu-west-1.compute.internal:58321/2 completed (2012-11-05 15:17:08)
Registration for worker at rmi://ip-10-32-53-181.eu-west-1.compute.internal:58321/6 completed (2012-11-05 15:17:08)
Registration for worker at rmi://ip-10-32-53-181.eu-west-1.compute.internal:58321/1 completed (2012-11-05 15:17:08)
Registration for worker at rmi://ip-10-32-53-181.eu-west-1.compute.internal:58321/5 completed (2012-11-05 15:17:08)
Registration for worker at rmi://ip-10-32-53-181.eu-west-1.compute.internal:58321/3 completed (2012-11-05 15:17:08)
Registration for worker at rmi://ip-10-32-53-181.eu-west-1.compute.internal:58321/0 completed (2012-11-05 15:17:08)
Registration for worker at rmi://ip-10-32-53-181.eu-west-1.compute.internal:58321/4 completed (2012-11-05 15:17:08)
Registration for worker at rmi://ip-10-32-53-181.eu-west-1.compute.internal:58321/7 completed (2012-11-05 15:17:08)
Registration for worker at rmi://ip-10-32-54-88.eu-west-1.compute.internal:55863/4 completed (2012-11-05 15:17:08)
Registration for worker at rmi://ip-10-32-54-88.eu-west-1.compute.internal:55863/0 completed (2012-11-05 15:17:08)
Registration for worker at rmi://ip-10-32-54-88.eu-west-1.compute.internal:55863/5 completed (2012-11-05 15:17:08)
Registration for worker at rmi://ip-10-32-54-88.eu-west-1.compute.internal:55863/6 completed (2012-11-05 15:17:08)
Registration for worker at rmi://ip-10-32-54-88.eu-west-1.compute.internal:55863/3 completed (2012-11-05 15:17:08)
Registration for worker at rmi://ip-10-32-54-88.eu-west-1.compute.internal:55863/7 completed (2012-11-05 15:17:08)
Registration for worker at rmi://ip-10-32-54-88.eu-west-1.compute.internal:55863/1 completed (2012-11-05 15:17:08)
Registration for worker at rmi://ip-10-32-54-88.eu-west-1.compute.internal:55863/2 completed (2012-11-05 15:17:08)
Registration for worker at rmi://ip-10-32-44-254.eu-west-1.compute.internal:37953/4 completed (2012-11-05 15:17:10)
Registration for worker at rmi://ip-10-32-44-254.eu-west-1.compute.internal:37953/1 completed (2012-11-05 15:17:10)
Registration for worker at rmi://ip-10-32-44-254.eu-west-1.compute.internal:37953/0 completed (2012-11-05 15:17:10)
Registration for worker at rmi://ip-10-32-44-254.eu-west-1.compute.internal:37953/5 completed (2012-11-05 15:17:10)
Registration for worker at rmi://ip-10-32-44-254.eu-west-1.compute.internal:37953/3 completed (2012-11-05 15:17:10)
Registration for worker at rmi://ip-10-32-44-254.eu-west-1.compute.internal:37953/6 completed (2012-11-05 15:17:10)
Registration for worker at rmi://ip-10-32-44-254.eu-west-1.compute.internal:37953/2 completed (2012-11-05 15:17:10)
Registration for worker at rmi://ip-10-32-44-254.eu-west-1.compute.internal:37953/7 completed (2012-11-05 15:17:10)
Progress(26) at 2012-11-05 15:17:52: 40660210 states generated (40,660,210 s/min), 6389331 distinct states found (6,389,331 ds/min), 2105118 states left on queue.
Progress(42) at 2012-11-05 15:18:52: 96367666 states generated (55,707,456 s/min), 12530503 distinct states found (6,141,172 ds/min), 2050316 states left on queue.
Worker: rmi://ip-10-32-42-250.eu-west-1.compute.internal:38235/1 Sent: 110587 Rcvd: 93215 CacheRatio: 0.03 (2012-11-05 15:19:52)
Worker: rmi://ip-10-33-145-75.eu-west-1.compute.internal:41673/1 Sent: 120970 Rcvd: 133930 CacheRatio: 0.03 (2012-11-05 15:19:52)
Worker: rmi://ip-10-32-42-138.eu-west-1.compute.internal:36113/5 Sent: 116708 Rcvd: 173946 CacheRatio: 0.02 (2012-11-05 15:19:52)
Worker: rmi://ip-10-33-145-62.eu-west-1.compute.internal:60058/1 Sent: 122747 Rcvd: 93202 CacheRatio: 0.03 (2012-11-05 15:19:52)
Worker: rmi://ip-10-32-49-76.eu-west-1.compute.internal:59247/2 Sent: 115028 Rcvd: 147975 CacheRatio: 0.03 (2012-11-05 15:19:52)
Worker: rmi://ip-10-32-50-169.eu-west-1.compute.internal:34472/0 Sent: 118845 Rcvd: 91617 CacheRatio: 0.03 (2012-11-05 15:19:52)
Worker: rmi://ip-10-32-42-138.eu-west-1.compute.internal:36113/4 Sent: 115751 Rcvd: 176219 CacheRatio: 0.03 (2012-11-05 15:19:52)
Worker: rmi://ip-10-32-53-181.eu-west-1.compute.internal:58321/4 Sent: 115003 Rcvd: 154372 CacheRatio: 0.02 (2012-11-05 15:19:52)
Worker: rmi://ip-10-32-53-139.eu-west-1.compute.internal:38891/6 Sent: 122168 Rcvd: 120501 CacheRatio: 0.03 (2012-11-05 15:19:52)
Worker: rmi://ip-10-32-49-213.eu-west-1.compute.internal:35871/1 Sent: 111688 Rcvd: 89084 CacheRatio: 0.03 (2012-11-05 15:19:52)
Worker: rmi://ip-10-32-53-181.eu-west-1.compute.internal:58321/1 Sent: 113239 Rcvd: 126688 CacheRatio: 0.02 (2012-11-05 15:19:52)
Worker: rmi://ip-10-32-49-213.eu-west-1.compute.internal:35871/4 Sent: 111940 Rcvd: 100596 CacheRatio: 0.02 (2012-11-05 15:19:52)
Worker: rmi://ip-10-32-49-214.eu-west-1.compute.internal:47036/7 Sent: 117687 Rcvd: 175755 CacheRatio: 0.03 (2012-11-05 15:19:52)
Worker: rmi://ip-10-32-53-139.eu-west-1.compute.internal:38891/1 Sent: 121557 Rcvd: 125048 CacheRatio: 0.03 (2012-11-05 15:19:52)
Worker: rmi://ip-10-32-54-88.eu-west-1.compute.internal:55863/6 Sent: 114587 Rcvd: 115845 CacheRatio: 0.02 (2012-11-05 15:19:52)
Worker: rmi://ip-10-32-49-68.eu-west-1.compute.internal:51893/3 Sent: 125343 Rcvd: 108966 CacheRatio: 0.03 (2012-11-05 15:19:52)
Worker: rmi://ip-10-32-41-210.eu-west-1.compute.internal:42117/2 Sent: 114598 Rcvd: 143491 CacheRatio: 0.02 (2012-11-05 15:19:52)
Worker: rmi://ip-10-32-49-76.eu-west-1.compute.internal:59247/4 Sent: 114987 Rcvd: 181221 CacheRatio: 0.02 (2012-11-05 15:19:52)
Worker: rmi://ip-10-32-54-88.eu-west-1.compute.internal:55863/2 Sent: 116709 Rcvd: 184462 CacheRatio: 0.03 (2012-11-05 15:19:52)
Worker: rmi://ip-10-32-53-181.eu-west-1.compute.internal:58321/2 Sent: 112436 Rcvd: 131198 CacheRatio: 0.02 (2012-11-05 15:19:52)
Worker: rmi://ip-10-32-41-233.eu-west-1.compute.internal:32787/0 Sent: 131944 Rcvd: 198969 CacheRatio: 0.03 (2012-11-05 15:19:52)
Worker: rmi://ip-10-32-42-119.eu-west-1.compute.internal:50600/3 Sent: 108140 Rcvd: 62718 CacheRatio: 0.02 (2012-11-05 15:19:52)
Worker: rmi://ip-10-32-53-224.eu-west-1.compute.internal:49513/5 Sent: 121360 Rcvd: 83922 CacheRatio: 0.02 (2012-11-05 15:19:52)
Worker: rmi://ip-10-32-49-68.eu-west-1.compute.internal:51893/1 Sent: 124913 Rcvd: 117995 CacheRatio: 0.03 (2012-11-05 15:19:52)
Worker: rmi://ip-10-32-44-198.eu-west-1.compute.internal:33950/1 Sent: 110606 Rcvd: 78340 CacheRatio: 0.03 (2012-11-05 15:19:52)
Worker: rmi://ip-10-32-53-181.eu-west-1.compute.internal:58321/5 Sent: 114146 Rcvd: 116001 CacheRatio: 0.02 (2012-11-05 15:19:52)
Worker: rmi://ip-10-32-49-214.eu-west-1.compute.internal:47036/6 Sent: 117849 Rcvd: 213248 CacheRatio: 0.03 (2012-11-05 15:19:52)
Worker: rmi://ip-10-33-145-75.eu-west-1.compute.internal:41673/5 Sent: 119982 Rcvd: 107094 CacheRatio: 0.03 (2012-11-05 15:19:52)
Worker: rmi://ip-10-32-50-169.eu-west-1.compute.internal:34472/3 Sent: 119242 Rcvd: 118125 CacheRatio: 0.03 (2012-11-05 15:19:52)
Worker: rmi://ip-10-32-53-181.eu-west-1.compute.internal:58321/7 Sent: 113475 Rcvd: 146402 CacheRatio: 0.02 (2012-11-05 15:19:52)
Worker: rmi://ip-10-33-145-62.eu-west-1.compute.internal:60058/3 Sent: 122968 Rcvd: 118480 CacheRatio: 0.03 (2012-11-05 15:19:52)
Worker: rmi://ip-10-32-42-138.eu-west-1.compute.internal:36113/3 Sent: 116178 Rcvd: 167820 CacheRatio: 0.03 (2012-11-05 15:19:52)
Worker: rmi://ip-10-32-49-214.eu-west-1.compute.internal:47036/5 Sent: 116242 Rcvd: 177895 CacheRatio: 0.03 (2012-11-05 15:19:52)
Worker: rmi://ip-10-32-44-198.eu-west-1.compute.internal:33950/7 Sent: 109439 Rcvd: 90274 CacheRatio: 0.03 (2012-11-05 15:19:52)
Worker: rmi://ip-10-33-145-75.eu-west-1.compute.internal:41673/0 Sent: 120951 Rcvd: 98830 CacheRatio: 0.02 (2012-11-05 15:19:52)
Worker: rmi://ip-10-32-53-139.eu-west-1.compute.internal:38891/2 Sent: 122341 Rcvd: 92294 CacheRatio: 0.03 (2012-11-05 15:19:52)
Worker: rmi://ip-10-32-44-198.eu-west-1.compute.internal:33950/0 Sent: 108406 Rcvd: 82284 CacheRatio: 0.03 (2012-11-05 15:19:52)
Worker: rmi://ip-10-32-41-210.eu-west-1.compute.internal:42117/6 Sent: 117122 Rcvd: 160549 CacheRatio: 0.02 (2012-11-05 15:19:52)
Worker: rmi://ip-10-32-44-254.eu-west-1.compute.internal:37953/0 Sent: 102392 Rcvd: 36595 CacheRatio: 0.02 (2012-11-05 15:19:52)
Worker: rmi://ip-10-32-44-198.eu-west-1.compute.internal:33950/6 Sent: 110260 Rcvd: 88726 CacheRatio: 0.03 (2012-11-05 15:19:52)
Worker: rmi://ip-10-33-145-75.eu-west-1.compute.internal:41673/7 Sent: 120559 Rcvd: 82510 CacheRatio: 0.03 (2012-11-05 15:19:52)
Worker: rmi://ip-10-32-41-233.eu-west-1.compute.internal:32787/1 Sent: 127473 Rcvd: 205347 CacheRatio: 0.03 (2012-11-05 15:19:52)
Worker: rmi://ip-10-32-53-224.eu-west-1.compute.internal:49513/7 Sent: 120713 Rcvd: 106279 CacheRatio: 0.03 (2012-11-05 15:19:52)
Worker: rmi://ip-10-32-49-214.eu-west-1.compute.internal:47036/0 Sent: 116815 Rcvd: 163401 CacheRatio: 0.02 (2012-11-05 15:19:52)
Worker: rmi://ip-10-32-49-213.eu-west-1.compute.internal:35871/7 Sent: 111467 Rcvd: 112147 CacheRatio: 0.03 (2012-11-05 15:19:52)
Worker: rmi://ip-10-32-54-88.eu-west-1.compute.internal:55863/0 Sent: 116965 Rcvd: 214349 CacheRatio: 0.02 (2012-11-05 15:19:52)
Worker: rmi://ip-10-32-49-214.eu-west-1.compute.internal:47036/1 Sent: 116763 Rcvd: 194332 CacheRatio: 0.03 (2012-11-05 15:19:52)
Worker: rmi://ip-10-32-42-119.eu-west-1.compute.internal:50600/2 Sent: 109190 Rcvd: 71948 CacheRatio: 0.02 (2012-11-05 15:19:52)
Worker: rmi://ip-10-32-41-210.eu-west-1.compute.internal:42117/4 Sent: 114320 Rcvd: 138375 CacheRatio: 0.03 (2012-11-05 15:19:52)
Worker: rmi://ip-10-32-44-198.eu-west-1.compute.internal:33950/5 Sent: 109135 Rcvd: 103548 CacheRatio: 0.03 (2012-11-05 15:19:52)
Worker: rmi://ip-10-32-49-213.eu-west-1.compute.internal:35871/0 Sent: 112431 Rcvd: 104184 CacheRatio: 0.03 (2012-11-05 15:19:52)
Worker: rmi://ip-10-32-49-76.eu-west-1.compute.internal:59247/0 Sent: 114908 Rcvd: 159010 CacheRatio: 0.02 (2012-11-05 15:19:52)
Worker: rmi://ip-10-33-145-75.eu-west-1.compute.internal:41673/3 Sent: 120799 Rcvd: 90373 CacheRatio: 0.02 (2012-11-05 15:19:52)
Worker: rmi://ip-10-32-44-198.eu-west-1.compute.internal:33950/2 Sent: 110613 Rcvd: 57815 CacheRatio: 0.03 (2012-11-05 15:19:52)
Worker: rmi://ip-10-32-42-250.eu-west-1.compute.internal:38235/0 Sent: 112678 Rcvd: 117008 CacheRatio: 0.02 (2012-11-05 15:19:52)
Worker: rmi://ip-10-32-49-213.eu-west-1.compute.internal:35871/3 Sent: 112889 Rcvd: 102462 CacheRatio: 0.03 (2012-11-05 15:19:52)
Worker: rmi://ip-10-32-54-88.eu-west-1.compute.internal:55863/1 Sent: 117219 Rcvd: 196283 CacheRatio: 0.03 (2012-11-05 15:19:52)
Worker: rmi://ip-10-32-49-76.eu-west-1.compute.internal:59247/6 Sent: 114991 Rcvd: 144340 CacheRatio: 0.02 (2012-11-05 15:19:52)
Worker: rmi://ip-10-32-53-224.eu-west-1.compute.internal:49513/2 Sent: 119093 Rcvd: 85503 CacheRatio: 0.03 (2012-11-05 15:19:52)
Worker: rmi://ip-10-32-41-233.eu-west-1.compute.internal:32787/7 Sent: 129371 Rcvd: 226327 CacheRatio: 0.03 (2012-11-05 15:19:52)
Worker: rmi://ip-10-32-42-250.eu-west-1.compute.internal:38235/6 Sent: 113502 Rcvd: 87713 CacheRatio: 0.02 (2012-11-05 15:19:52)
Worker: rmi://ip-10-32-54-88.eu-west-1.compute.internal:55863/4 Sent: 116790 Rcvd: 179963 CacheRatio: 0.03 (2012-11-05 15:19:52)
Worker: rmi://ip-10-32-53-224.eu-west-1.compute.internal:49513/1 Sent: 119595 Rcvd: 97673 CacheRatio: 0.03 (2012-11-05 15:19:52)
Worker: rmi://ip-10-32-53-181.eu-west-1.compute.internal:58321/6 Sent: 112844 Rcvd: 114960 CacheRatio: 0.03 (2012-11-05 15:19:52)
Worker: rmi://ip-10-32-49-68.eu-west-1.compute.internal:51893/7 Sent: 124961 Rcvd: 122554 CacheRatio: 0.03 (2012-11-05 15:19:52)
Worker: rmi://ip-10-32-42-250.eu-west-1.compute.internal:38235/2 Sent: 111044 Rcvd: 111183 CacheRatio: 0.02 (2012-11-05 15:19:52)
Worker: rmi://ip-10-32-41-210.eu-west-1.compute.internal:42117/7 Sent: 114504 Rcvd: 146885 CacheRatio: 0.03 (2012-11-05 15:19:52)
Worker: rmi://ip-10-32-50-169.eu-west-1.compute.internal:34472/7 Sent: 118918 Rcvd: 86043 CacheRatio: 0.03 (2012-11-05 15:19:52)
Worker: rmi://ip-10-32-49-76.eu-west-1.compute.internal:59247/7 Sent: 115188 Rcvd: 136448 CacheRatio: 0.02 (2012-11-05 15:19:52)
Worker: rmi://ip-10-32-42-119.eu-west-1.compute.internal:50600/1 Sent: 107993 Rcvd: 66151 CacheRatio: 0.02 (2012-11-05 15:19:52)
Worker: rmi://ip-10-32-49-213.eu-west-1.compute.internal:35871/5 Sent: 110158 Rcvd: 104588 CacheRatio: 0.03 (2012-11-05 15:19:52)
Worker: rmi://ip-10-32-49-68.eu-west-1.compute.internal:51893/2 Sent: 125036 Rcvd: 134068 CacheRatio: 0.03 (2012-11-05 15:19:52)
Worker: rmi://ip-10-32-42-250.eu-west-1.compute.internal:38235/3 Sent: 111794 Rcvd: 113206 CacheRatio: 0.02 (2012-11-05 15:19:52)
Worker: rmi://ip-10-32-42-138.eu-west-1.compute.internal:36113/2 Sent: 116829 Rcvd: 173524 CacheRatio: 0.03 (2012-11-05 15:19:52)
Worker: rmi://ip-10-32-44-254.eu-west-1.compute.internal:37953/6 Sent: 102280 Rcvd: 38619 CacheRatio: 0.02 (2012-11-05 15:19:52)
Worker: rmi://ip-10-32-41-210.eu-west-1.compute.internal:42117/0 Sent: 116183 Rcvd: 150300 CacheRatio: 0.03 (2012-11-05 15:19:52)
Worker: rmi://ip-10-32-44-254.eu-west-1.compute.internal:37953/5 Sent: 101650 Rcvd: 30003 CacheRatio: 0.02 (2012-11-05 15:19:52)
Worker: rmi://ip-10-32-53-224.eu-west-1.compute.internal:49513/0 Sent: 120499 Rcvd: 70798 CacheRatio: 0.03 (2012-11-05 15:19:52)
Worker: rmi://ip-10-32-42-138.eu-west-1.compute.internal:36113/6 Sent: 115981 Rcvd: 146928 CacheRatio: 0.02 (2012-11-05 15:19:52)
Worker: rmi://ip-10-32-42-250.eu-west-1.compute.internal:38235/5 Sent: 110895 Rcvd: 110888 CacheRatio: 0.03 (2012-11-05 15:19:52)
Worker: rmi://ip-10-32-50-169.eu-west-1.compute.internal:34472/6 Sent: 118093 Rcvd: 100520 CacheRatio: 0.03 (2012-11-05 15:19:52)
Worker: rmi://ip-10-33-145-62.eu-west-1.compute.internal:60058/4 Sent: 123836 Rcvd: 93216 CacheRatio: 0.03 (2012-11-05 15:19:52)
Worker: rmi://ip-10-32-41-210.eu-west-1.compute.internal:42117/1 Sent: 114673 Rcvd: 170652 CacheRatio: 0.03 (2012-11-05 15:19:52)
Worker: rmi://ip-10-32-41-233.eu-west-1.compute.internal:32787/5 Sent: 128548 Rcvd: 200589 CacheRatio: 0.03 (2012-11-05 15:19:52)
Worker: rmi://ip-10-33-145-62.eu-west-1.compute.internal:60058/0 Sent: 122481 Rcvd: 103752 CacheRatio: 0.03 (2012-11-05 15:19:52)
Worker: rmi://ip-10-33-145-62.eu-west-1.compute.internal:60058/7 Sent: 121105 Rcvd: 101113 CacheRatio: 0.03 (2012-11-05 15:19:52)
Worker: rmi://ip-10-32-42-138.eu-west-1.compute.internal:36113/7 Sent: 116555 Rcvd: 180879 CacheRatio: 0.02 (2012-11-05 15:19:52)
Worker: rmi://ip-10-32-53-181.eu-west-1.compute.internal:58321/0 Sent: 113356 Rcvd: 125895 CacheRatio: 0.03 (2012-11-05 15:19:52)
Worker: rmi://ip-10-32-41-233.eu-west-1.compute.internal:32787/4 Sent: 128722 Rcvd: 238441 CacheRatio: 0.02 (2012-11-05 15:19:52)
Worker: rmi://ip-10-32-42-119.eu-west-1.compute.internal:50600/5 Sent: 107469 Rcvd: 60170 CacheRatio: 0.02 (2012-11-05 15:19:52)
Worker: rmi://ip-10-33-145-75.eu-west-1.compute.internal:41673/6 Sent: 119320 Rcvd: 82604 CacheRatio: 0.03 (2012-11-05 15:19:52)
Worker: rmi://ip-10-32-49-213.eu-west-1.compute.internal:35871/2 Sent: 113270 Rcvd: 114505 CacheRatio: 0.02 (2012-11-05 15:19:52)
Worker: rmi://ip-10-32-42-250.eu-west-1.compute.internal:38235/7 Sent: 111084 Rcvd: 115122 CacheRatio: 0.02 (2012-11-05 15:19:52)
Worker: rmi://ip-10-32-42-138.eu-west-1.compute.internal:36113/1 Sent: 116496 Rcvd: 211191 CacheRatio: 0.02 (2012-11-05 15:19:52)
Worker: rmi://ip-10-32-49-214.eu-west-1.compute.internal:47036/3 Sent: 116415 Rcvd: 168537 CacheRatio: 0.03 (2012-11-05 15:19:52)
Worker: rmi://ip-10-32-44-254.eu-west-1.compute.internal:37953/3 Sent: 101578 Rcvd: 40790 CacheRatio: 0.03 (2012-11-05 15:19:52)
Worker: rmi://ip-10-32-54-88.eu-west-1.compute.internal:55863/7 Sent: 117898 Rcvd: 178158 CacheRatio: 0.03 (2012-11-05 15:19:52)
Worker: rmi://ip-10-32-49-214.eu-west-1.compute.internal:47036/4 Sent: 116694 Rcvd: 184181 CacheRatio: 0.03 (2012-11-05 15:19:52)
Worker: rmi://ip-10-32-44-254.eu-west-1.compute.internal:37953/4 Sent: 102490 Rcvd: 41414 CacheRatio: 0.03 (2012-11-05 15:19:52)
Worker: rmi://ip-10-32-49-68.eu-west-1.compute.internal:51893/4 Sent: 123264 Rcvd: 141622 CacheRatio: 0.03 (2012-11-05 15:19:52)
Worker: rmi://ip-10-32-41-210.eu-west-1.compute.internal:42117/5 Sent: 114516 Rcvd: 160958 CacheRatio: 0.03 (2012-11-05 15:19:52)
Worker: rmi://ip-10-33-145-75.eu-west-1.compute.internal:41673/4 Sent: 122670 Rcvd: 120543 CacheRatio: 0.02 (2012-11-05 15:19:52)
Worker: rmi://ip-10-32-44-254.eu-west-1.compute.internal:37953/1 Sent: 104954 Rcvd: 36455 CacheRatio: 0.03 (2012-11-05 15:19:52)
Worker: rmi://ip-10-32-49-214.eu-west-1.compute.internal:47036/2 Sent: 117267 Rcvd: 172559 CacheRatio: 0.02 (2012-11-05 15:19:52)
Worker: rmi://ip-10-32-41-233.eu-west-1.compute.internal:32787/2 Sent: 130160 Rcvd: 222619 CacheRatio: 0.02 (2012-11-05 15:19:52)
Worker: rmi://ip-10-32-42-119.eu-west-1.compute.internal:50600/7 Sent: 109417 Rcvd: 65120 CacheRatio: 0.03 (2012-11-05 15:19:52)
Worker: rmi://ip-10-32-53-139.eu-west-1.compute.internal:38891/5 Sent: 123986 Rcvd: 109434 CacheRatio: 0.03 (2012-11-05 15:19:52)
Worker: rmi://ip-10-32-49-76.eu-west-1.compute.internal:59247/5 Sent: 115023 Rcvd: 157467 CacheRatio: 0.03 (2012-11-05 15:19:52)
Worker: rmi://ip-10-33-145-75.eu-west-1.compute.internal:41673/2 Sent: 123445 Rcvd: 94770 CacheRatio: 0.02 (2012-11-05 15:19:52)
Worker: rmi://ip-10-32-41-233.eu-west-1.compute.internal:32787/3 Sent: 129247 Rcvd: 228266 CacheRatio: 0.03 (2012-11-05 15:19:52)
Worker: rmi://ip-10-32-42-250.eu-west-1.compute.internal:38235/4 Sent: 111182 Rcvd: 101657 CacheRatio: 0.03 (2012-11-05 15:19:52)
Worker: rmi://ip-10-32-50-169.eu-west-1.compute.internal:34472/2 Sent: 119187 Rcvd: 107316 CacheRatio: 0.02 (2012-11-05 15:19:52)
Worker: rmi://ip-10-32-53-181.eu-west-1.compute.internal:58321/3 Sent: 113804 Rcvd: 118885 CacheRatio: 0.03 (2012-11-05 15:19:52)
Worker: rmi://ip-10-32-42-119.eu-west-1.compute.internal:50600/4 Sent: 109706 Rcvd: 71167 CacheRatio: 0.03 (2012-11-05 15:19:52)
Worker: rmi://ip-10-32-50-169.eu-west-1.compute.internal:34472/1 Sent: 119579 Rcvd: 64526 CacheRatio: 0.03 (2012-11-05 15:19:52)
Worker: rmi://ip-10-32-53-139.eu-west-1.compute.internal:38891/7 Sent: 121964 Rcvd: 115389 CacheRatio: 0.03 (2012-11-05 15:19:52)
Worker: rmi://ip-10-33-145-62.eu-west-1.compute.internal:60058/6 Sent: 120517 Rcvd: 87288 CacheRatio: 0.03 (2012-11-05 15:19:52)
Worker: rmi://ip-10-32-44-198.eu-west-1.compute.internal:33950/3 Sent: 110425 Rcvd: 70887 CacheRatio: 0.02 (2012-11-05 15:19:52)
Worker: rmi://ip-10-33-145-62.eu-west-1.compute.internal:60058/5 Sent: 124565 Rcvd: 90966 CacheRatio: 0.03 (2012-11-05 15:19:52)
Worker: rmi://ip-10-32-54-88.eu-west-1.compute.internal:55863/5 Sent: 117560 Rcvd: 178624 CacheRatio: 0.02 (2012-11-05 15:19:52)
Worker: rmi://ip-10-32-44-198.eu-west-1.compute.internal:33950/4 Sent: 108827 Rcvd: 88188 CacheRatio: 0.03 (2012-11-05 15:19:52)
Worker: rmi://ip-10-32-41-210.eu-west-1.compute.internal:42117/3 Sent: 115121 Rcvd: 121390 CacheRatio: 0.02 (2012-11-05 15:19:52)
Worker: rmi://ip-10-32-42-119.eu-west-1.compute.internal:50600/6 Sent: 108403 Rcvd: 50108 CacheRatio: 0.03 (2012-11-05 15:19:52)
Worker: rmi://ip-10-32-54-88.eu-west-1.compute.internal:55863/3 Sent: 117387 Rcvd: 167790 CacheRatio: 0.02 (2012-11-05 15:19:52)
Worker: rmi://ip-10-32-49-76.eu-west-1.compute.internal:59247/1 Sent: 113577 Rcvd: 176087 CacheRatio: 0.02 (2012-11-05 15:19:52)
Worker: rmi://ip-10-32-53-224.eu-west-1.compute.internal:49513/3 Sent: 118810 Rcvd: 95235 CacheRatio: 0.03 (2012-11-05 15:19:52)
Worker: rmi://ip-10-32-49-213.eu-west-1.compute.internal:35871/6 Sent: 111849 Rcvd: 140812 CacheRatio: 0.03 (2012-11-05 15:19:52)
Worker: rmi://ip-10-32-53-139.eu-west-1.compute.internal:38891/0 Sent: 124041 Rcvd: 111542 CacheRatio: 0.02 (2012-11-05 15:19:52)
Worker: rmi://ip-10-32-44-254.eu-west-1.compute.internal:37953/2 Sent: 102286 Rcvd: 40822 CacheRatio: 0.02 (2012-11-05 15:19:52)
Worker: rmi://ip-10-32-49-68.eu-west-1.compute.internal:51893/6 Sent: 123324 Rcvd: 146158 CacheRatio: 0.03 (2012-11-05 15:19:52)
Worker: rmi://ip-10-32-44-254.eu-west-1.compute.internal:37953/7 Sent: 103284 Rcvd: 30179 CacheRatio: 0.02 (2012-11-05 15:19:52)
Worker: rmi://ip-10-32-42-138.eu-west-1.compute.internal:36113/0 Sent: 117017 Rcvd: 204699 CacheRatio: 0.02 (2012-11-05 15:19:52)
Worker: rmi://ip-10-32-42-119.eu-west-1.compute.internal:50600/0 Sent: 108570 Rcvd: 51323 CacheRatio: 0.02 (2012-11-05 15:19:52)
Worker: rmi://ip-10-32-53-139.eu-west-1.compute.internal:38891/4 Sent: 119791 Rcvd: 108022 CacheRatio: 0.03 (2012-11-05 15:19:52)
Worker: rmi://ip-10-32-50-169.eu-west-1.compute.internal:34472/4 Sent: 120354 Rcvd: 82995 CacheRatio: 0.03 (2012-11-05 15:19:52)
Worker: rmi://ip-10-32-41-233.eu-west-1.compute.internal:32787/6 Sent: 129480 Rcvd: 218298 CacheRatio: 0.02 (2012-11-05 15:19:52)
Worker: rmi://ip-10-32-53-224.eu-west-1.compute.internal:49513/4 Sent: 120139 Rcvd: 78602 CacheRatio: 0.03 (2012-11-05 15:19:52)
Worker: rmi://ip-10-32-50-169.eu-west-1.compute.internal:34472/5 Sent: 119191 Rcvd: 90891 CacheRatio: 0.03 (2012-11-05 15:19:52)
Worker: rmi://ip-10-32-53-224.eu-west-1.compute.internal:49513/6 Sent: 119943 Rcvd: 105115 CacheRatio: 0.03 (2012-11-05 15:19:52)
Worker: rmi://ip-10-32-49-68.eu-west-1.compute.internal:51893/0 Sent: 126508 Rcvd: 153602 CacheRatio: 0.03 (2012-11-05 15:19:52)
Worker: rmi://ip-10-33-145-62.eu-west-1.compute.internal:60058/2 Sent: 120613 Rcvd: 88187 CacheRatio: 0.03 (2012-11-05 15:19:52)
Worker: rmi://ip-10-32-49-76.eu-west-1.compute.internal:59247/3 Sent: 115656 Rcvd: 193790 CacheRatio: 0.02 (2012-11-05 15:19:52)
Worker: rmi://ip-10-32-53-139.eu-west-1.compute.internal:38891/3 Sent: 121341 Rcvd: 155340 CacheRatio: 0.03 (2012-11-05 15:19:52)
Worker: rmi://ip-10-32-49-68.eu-west-1.compute.internal:51893/5 Sent: 123613 Rcvd: 131084 CacheRatio: 0.03 (2012-11-05 15:19:52)
Model checking completed. No error has been found.
  Estimates of the probability that TLC did not check all reachable states
  because two distinct states had the same fingerprint:
  calculated (optimistic):  val = 0.0
  based on the actual fingerprints:  val = 7.9E-11
150982273 states generated, 16777216 distinct states found, 0 states left on queue.
The depth of the complete state graph search is 46.
Finished. (2012-11-05 15:20:09)
ip-10-32-50-34, work completed. Thank you!
