Listening for transport dt_socket at address: 1044
TLC Server Version 2.05 of 18 May 2012
Parsing file /mnt/tlc/27324/spec/l10_n8.tla
Parsing file /mnt/tlc/27324/spec/GridPerformanceTest.tla
Parsing file /mnt/tlc/27324/tla/tla2sany/StandardModules/TLC.tla
Parsing file /mnt/tlc/27324/tla/tla2sany/StandardModules/Integers.tla
Parsing file /mnt/tlc/27324/tla/tla2sany/StandardModules/FiniteSets.tla
Parsing file /mnt/tlc/27324/tla/tla2sany/StandardModules/Naturals.tla
Parsing file /mnt/tlc/27324/tla/tla2sany/StandardModules/Sequences.tla
Semantic processing of module Naturals
Semantic processing of module Integers
Semantic processing of module Sequences
Semantic processing of module FiniteSets
Semantic processing of module GridPerformanceTest
Semantic processing of module TLC
Semantic processing of module l10_n8
Starting... (2012-09-06 16:59:41)
Computing initial states...
Finished computing initial states: 1 distinct state(s) generated.
TLC server at ip-10-31-130-106 is ready (2012-09-06 17:00:25)
Registration for worker at rmi://ip-10-31-129-30.ec2.internal:54636 completed (2012-09-06 17:00:34)
Registration for worker at rmi://ip-10-31-129-30.ec2.internal:54636 completed (2012-09-06 17:00:34)
Registration for worker at rmi://ip-10-31-129-30.ec2.internal:54636 completed (2012-09-06 17:00:34)
Registration for worker at rmi://ip-10-31-129-30.ec2.internal:54636 completed (2012-09-06 17:00:34)
Registration for worker at rmi://ip-10-31-129-30.ec2.internal:54636 completed (2012-09-06 17:00:34)
Registration for worker at rmi://ip-10-31-129-30.ec2.internal:54636 completed (2012-09-06 17:00:34)
Registration for worker at rmi://ip-10-31-129-30.ec2.internal:54636 completed (2012-09-06 17:00:34)
Registration for worker at rmi://ip-10-31-129-30.ec2.internal:54636 completed (2012-09-06 17:00:34)
Registration for worker at rmi://ip-10-31-134-74.ec2.internal:32788 completed (2012-09-06 17:00:35)
Registration for worker at rmi://ip-10-31-134-74.ec2.internal:32788 completed (2012-09-06 17:00:35)
Registration for worker at rmi://ip-10-31-134-74.ec2.internal:32788 completed (2012-09-06 17:00:35)
Registration for worker at rmi://ip-10-31-134-74.ec2.internal:32788 completed (2012-09-06 17:00:35)
Registration for worker at rmi://ip-10-31-134-74.ec2.internal:32788 completed (2012-09-06 17:00:35)
Registration for worker at rmi://ip-10-31-134-74.ec2.internal:32788 completed (2012-09-06 17:00:35)
Registration for worker at rmi://ip-10-31-134-74.ec2.internal:32788 completed (2012-09-06 17:00:35)
Registration for worker at rmi://ip-10-31-134-74.ec2.internal:32788 completed (2012-09-06 17:00:35)
Progress(18) at 2012-09-06 17:01:25: 871355 states generated (871,355 s/min), 665709 distinct states found (665,709 ds/min), 260510 states left on queue.
Error: TLC threw an unexpected exception.
This was probably caused by an error in the spec or model.
See the TLC Console for clues to what happened.
The exception was a java.rmi.NoSuchObjectException: no such object in tablejava.rmi.NoSuchObjectException: no such object in table
	at sun.rmi.transport.StreamRemoteCall.exceptionReceivedFromServer(Unknown Source)
	at sun.rmi.transport.StreamRemoteCall.executeCall(Unknown Source)
	at sun.rmi.server.UnicastRef.invoke(Unknown Source)
	at java.rmi.server.RemoteObjectInvocationHandler.invokeRemoteMethod(Unknown Source)
	at java.rmi.server.RemoteObjectInvocationHandler.invoke(Unknown Source)
	at $Proxy2.getCacheRateRatio(Unknown Source)
	at tlc2.tool.distributed.TLCWorkerSmartProxy.getCacheRateRatio(TLCWorkerSmartProxy.java:104)
	at tlc2.tool.distributed.TLCServerThread.run(TLCServerThread.java:202)

Worker: rmi://ip-10-31-129-30.ec2.internal:54636 Sent: 51174 Rcvd: 95618 CacheRatio: 0.044 (2012-09-06 17:01:54)
Ignoring attempt to exit dead worker
Worker: rmi://ip-10-31-134-74.ec2.internal:32788 Sent: 43873 Rcvd: 67157 CacheRatio: 0.052 (2012-09-06 17:01:54)
Worker: rmi://ip-10-31-129-30.ec2.internal:54636 Sent: 53948 Rcvd: 79229 CacheRatio: 0.043 (2012-09-06 17:01:57)
Ignoring attempt to exit dead worker
Worker: rmi://ip-10-31-129-30.ec2.internal:54636 Sent: 53624 Rcvd: 116643 CacheRatio: 0.041 (2012-09-06 17:01:57)
Ignoring attempt to exit dead worker
Worker: rmi://ip-10-31-129-30.ec2.internal:54636 Sent: 51837 Rcvd: 89503 CacheRatio: 0.044 (2012-09-06 17:01:57)
Ignoring attempt to exit dead worker
Worker: rmi://ip-10-31-134-74.ec2.internal:32788 Sent: 50293 Rcvd: 48524 CacheRatio: 0.042 (2012-09-06 17:02:04)
Worker: rmi://ip-10-31-134-74.ec2.internal:32788 Sent: 51135 Rcvd: 75025 CacheRatio: 0.042 (2012-09-06 17:02:06)
Worker: rmi://ip-10-31-134-74.ec2.internal:32788 Sent: 44977 Rcvd: 41667 CacheRatio: 0.040 (2012-09-06 17:02:06)
Worker: rmi://ip-10-31-134-74.ec2.internal:32788 Sent: 46249 Rcvd: 57873 CacheRatio: 0.045 (2012-09-06 17:02:06)
Worker: rmi://ip-10-31-134-74.ec2.internal:32788 Sent: 49871 Rcvd: 57228 CacheRatio: 0.042 (2012-09-06 17:02:06)
Worker: rmi://ip-10-31-129-30.ec2.internal:54636 Sent: 51334 Rcvd: 132265 CacheRatio: 0.050 (2012-09-06 17:02:06)
Ignoring attempt to exit dead worker
Worker: rmi://ip-10-31-129-30.ec2.internal:54636 Sent: 51224 Rcvd: 125580 CacheRatio: 0.046 (2012-09-06 17:02:06)
Ignoring attempt to exit dead worker
Worker: rmi://ip-10-31-134-74.ec2.internal:32788 Sent: 44838 Rcvd: 67113 CacheRatio: 0.039 (2012-09-06 17:02:06)
Worker: rmi://ip-10-31-129-30.ec2.internal:54636 Sent: 51705 Rcvd: 125722 CacheRatio: 0.048 (2012-09-06 17:02:06)
Ignoring attempt to exit dead worker
Worker: rmi://ip-10-31-129-30.ec2.internal:54636 Sent: 53672 Rcvd: 118057 CacheRatio: 0.062 (2012-09-06 17:02:06)
Ignoring attempt to exit dead worker
Worker: rmi://ip-10-31-134-74.ec2.internal:32788 Sent: 48904 Rcvd: 52567 CacheRatio: 0.041 (2012-09-06 17:02:06)
Model checking completed. No error has been found.
  Estimates of the probability that TLC did not check all reachable states
  because two distinct states had the same fingerprint:
  calculated (optimistic):  val = 0.0
  based on the actual fingerprints:  val = 6.2E-11
ip-10-31-130-106, work completed. Thank you!
