Listening for transport dt_socket at address: 1044
TLC Server Version 2.05 of 23 July 2013
Parsing file /mnt/tlc/24192/spec/l12_n8.tla
Parsing file /mnt/tlc/24192/spec/GridPerformanceTest.tla
Parsing file /mnt/tlc/24192/tla/tla2sany/StandardModules/TLC.tla
Parsing file /mnt/tlc/24192/tla/tla2sany/StandardModules/Integers.tla
Parsing file /mnt/tlc/24192/tla/tla2sany/StandardModules/FiniteSets.tla
Parsing file /mnt/tlc/24192/tla/tla2sany/StandardModules/Naturals.tla
Parsing file /mnt/tlc/24192/tla/tla2sany/StandardModules/Sequences.tla
Semantic processing of module Naturals
Semantic processing of module Integers
Semantic processing of module Sequences
Semantic processing of module FiniteSets
Semantic processing of module GridPerformanceTest
Semantic processing of module TLC
Semantic processing of module l12_n8
Starting... (2013-09-21 06:14:23)
Computing initial states...
Finished computing initial states: 1 distinct state(s) generated.
TLC server at ip-10-34-219-201 is ready (2013-09-21 06:14:23)
Waiting for 4 FPSet server(s) to register (2013-09-21 06:14:23)
1 out of 4 FPSet server(s) registered (2013-09-21 06:14:44)
2 out of 4 FPSet server(s) registered (2013-09-21 06:14:44)
3 out of 4 FPSet server(s) registered (2013-09-21 06:14:45)
4 out of 4 FPSet server(s) registered (2013-09-21 06:14:51)
Registration for worker at rmi://ip-10-34-213-20.eu-west-1.compute.internal:35309/1 completed (2013-09-21 06:14:51)
Registration for worker at rmi://ip-10-35-131-115.eu-west-1.compute.internal:47831/3 completed (2013-09-21 06:14:51)
Registration for worker at rmi://ip-10-35-131-115.eu-west-1.compute.internal:47831/4 completed (2013-09-21 06:14:51)
Registration for worker at rmi://ip-10-35-131-115.eu-west-1.compute.internal:47831/5 completed (2013-09-21 06:14:51)
Registration for worker at rmi://ip-10-35-140-172.eu-west-1.compute.internal:51817/2 completed (2013-09-21 06:14:51)
Registration for worker at rmi://ip-10-35-140-172.eu-west-1.compute.internal:51817/5 completed (2013-09-21 06:14:51)
Registration for worker at rmi://ip-10-35-140-172.eu-west-1.compute.internal:51817/7 completed (2013-09-21 06:14:51)
Registration for worker at rmi://ip-10-35-140-172.eu-west-1.compute.internal:51817/3 completed (2013-09-21 06:14:51)
Registration for worker at rmi://ip-10-35-131-115.eu-west-1.compute.internal:47831/0 completed (2013-09-21 06:14:51)
Registration for worker at rmi://ip-10-35-131-115.eu-west-1.compute.internal:47831/1 completed (2013-09-21 06:14:51)
Registration for worker at rmi://ip-10-34-213-20.eu-west-1.compute.internal:35309/2 completed (2013-09-21 06:14:51)
Registration for worker at rmi://ip-10-34-213-20.eu-west-1.compute.internal:35309/5 completed (2013-09-21 06:14:51)
Registration for worker at rmi://ip-10-34-213-20.eu-west-1.compute.internal:35309/3 completed (2013-09-21 06:14:51)
Registration for worker at rmi://ip-10-34-213-20.eu-west-1.compute.internal:35309/4 completed (2013-09-21 06:14:51)
Registration for worker at rmi://ip-10-34-213-20.eu-west-1.compute.internal:35309/7 completed (2013-09-21 06:14:51)
Registration for worker at rmi://ip-10-34-213-20.eu-west-1.compute.internal:35309/6 completed (2013-09-21 06:14:51)
Registration for worker at rmi://ip-10-34-213-20.eu-west-1.compute.internal:35309/0 completed (2013-09-21 06:14:51)
Registration for worker at rmi://ip-10-35-140-172.eu-west-1.compute.internal:51817/6 completed (2013-09-21 06:14:51)
Registration for worker at rmi://ip-10-35-140-172.eu-west-1.compute.internal:51817/1 completed (2013-09-21 06:14:51)
Registration for worker at rmi://ip-10-35-140-172.eu-west-1.compute.internal:51817/4 completed (2013-09-21 06:14:51)
Registration for worker at rmi://ip-10-35-140-172.eu-west-1.compute.internal:51817/0 completed (2013-09-21 06:14:51)
Registration for worker at rmi://ip-10-35-131-115.eu-west-1.compute.internal:47831/6 completed (2013-09-21 06:14:51)
Registration for worker at rmi://ip-10-35-131-115.eu-west-1.compute.internal:47831/7 completed (2013-09-21 06:14:51)
Registration for worker at rmi://ip-10-35-131-115.eu-west-1.compute.internal:47831/2 completed (2013-09-21 06:14:51)
Registration for worker at rmi://ip-10-35-137-235.eu-west-1.compute.internal:57269/7 completed (2013-09-21 06:14:51)
Registration for worker at rmi://ip-10-35-137-235.eu-west-1.compute.internal:57269/0 completed (2013-09-21 06:14:51)
Registration for worker at rmi://ip-10-35-137-235.eu-west-1.compute.internal:57269/6 completed (2013-09-21 06:14:51)
Registration for worker at rmi://ip-10-35-137-235.eu-west-1.compute.internal:57269/5 completed (2013-09-21 06:14:51)
Registration for worker at rmi://ip-10-35-137-235.eu-west-1.compute.internal:57269/2 completed (2013-09-21 06:14:51)
Registration for worker at rmi://ip-10-35-137-235.eu-west-1.compute.internal:57269/1 completed (2013-09-21 06:14:51)
Registration for worker at rmi://ip-10-35-137-235.eu-west-1.compute.internal:57269/4 completed (2013-09-21 06:14:51)
Registration for worker at rmi://ip-10-35-137-235.eu-west-1.compute.internal:57269/3 completed (2013-09-21 06:14:51)
Progress(21) at 2013-09-21 06:15:51: 2088002 states generated (2,088,002 s/min), 332645 distinct states found (332,645 ds/min), 159641 states left on queue.
Progress(21) at 2013-09-21 06:16:51: 4977056 states generated (2,889,054 s/min), 719880 distinct states found (387,235 ds/min), 297308 states left on queue.
Progress(21) at 2013-09-21 06:17:51: 8803142 states generated (3,826,086 s/min), 1187297 distinct states found (467,417 ds/min), 458598 states left on queue.
Progress(22) at 2013-09-21 06:18:51: 13379798 states generated (4,576,656 s/min), 1660805 distinct states found (473,508 ds/min), 587920 states left on queue.
Progress(22) at 2013-09-21 06:19:51: 17532268 states generated (4,152,470 s/min), 2042696 distinct states found (381,891 ds/min), 666564 states left on queue.
Progress(26) at 2013-09-21 06:20:51: 21185186 states generated (3,652,918 s/min), 2406616 distinct states found (363,920 ds/min), 768182 states left on queue.
Progress(30) at 2013-09-21 06:21:51: 25582514 states generated (4,397,328 s/min), 2796721 distinct states found (390,105 ds/min), 846770 states left on queue.
Progress(30) at 2013-09-21 06:22:51: 30385491 states generated (4,802,977 s/min), 3216021 distinct states found (419,300 ds/min), 921753 states left on queue.
Progress(30) at 2013-09-21 06:23:51: 34404880 states generated (4,019,389 s/min), 3567260 distinct states found (351,239 ds/min), 994242 states left on queue.
Progress(30) at 2013-09-21 06:24:51: 39147393 states generated (4,742,513 s/min), 3968902 distinct states found (401,642 ds/min), 1059718 states left on queue.
Progress(30) at 2013-09-21 06:25:51: 42853774 states generated (3,706,381 s/min), 4294219 distinct states found (325,317 ds/min), 1122647 states left on queue.
Progress(30) at 2013-09-21 06:26:51: 47479063 states generated (4,625,289 s/min), 4661948 distinct states found (367,729 ds/min), 1170572 states left on queue.
Progress(30) at 2013-09-21 06:27:51: 51815842 states generated (4,336,779 s/min), 5002352 distinct states found (340,404 ds/min), 1207568 states left on queue.
Progress(30) at 2013-09-21 06:28:51: 56593261 states generated (4,777,419 s/min), 5403235 distinct states found (400,883 ds/min), 1272189 states left on queue.
Progress(30) at 2013-09-21 06:29:51: 61081511 states generated (4,488,250 s/min), 5750646 distinct states found (347,411 ds/min), 1307959 states left on queue.
Progress(30) at 2013-09-21 06:30:51: 64758767 states generated (3,677,256 s/min), 6023497 distinct states found (272,851 ds/min), 1326588 states left on queue.
Progress(30) at 2013-09-21 06:31:51: 69218660 states generated (4,459,893 s/min), 6349427 distinct states found (325,930 ds/min), 1340880 states left on queue.
Progress(30) at 2013-09-21 06:32:51: 73772157 states generated (4,553,497 s/min), 6733846 distinct states found (384,419 ds/min), 1405438 states left on queue.
Progress(30) at 2013-09-21 06:33:51: 78616672 states generated (4,844,515 s/min), 7104849 distinct states found (371,003 ds/min), 1440187 states left on queue.
Progress(30) at 2013-09-21 06:34:51: 82998284 states generated (4,381,612 s/min), 7392673 distinct states found (287,824 ds/min), 1424589 states left on queue.
Progress(30) at 2013-09-21 06:35:51: 86765521 states generated (3,767,237 s/min), 7675943 distinct states found (283,270 ds/min), 1445413 states left on queue.
Progress(34) at 2013-09-21 06:36:51: 91199197 states generated (4,433,676 s/min), 7998537 distinct states found (322,594 ds/min), 1456336 states left on queue.
Progress(34) at 2013-09-21 06:37:51: 96025366 states generated (4,826,169 s/min), 8341742 distinct states found (343,205 ds/min), 1463295 states left on queue.
Progress(34) at 2013-09-21 06:38:51: 100076188 states generated (4,050,822 s/min), 8629574 distinct states found (287,832 ds/min), 1472281 states left on queue.
Progress(35) at 2013-09-21 06:39:51: 104571933 states generated (4,495,745 s/min), 8948147 distinct states found (318,573 ds/min), 1479194 states left on queue.
Progress(35) at 2013-09-21 06:40:51: 108461023 states generated (3,889,090 s/min), 9219564 distinct states found (271,417 ds/min), 1479916 states left on queue.
Progress(36) at 2013-09-21 06:41:51: 112904674 states generated (4,443,651 s/min), 9530939 distinct states found (311,375 ds/min), 1479665 states left on queue.
Progress(36) at 2013-09-21 06:42:51: 117280374 states generated (4,375,700 s/min), 9833356 distinct states found (302,417 ds/min), 1478615 states left on queue.
Progress(36) at 2013-09-21 06:43:51: 122409723 states generated (5,129,349 s/min), 10163014 distinct states found (329,658 ds/min), 1455630 states left on queue.
Progress(36) at 2013-09-21 06:44:51: 127121343 states generated (4,711,620 s/min), 10489544 distinct states found (326,530 ds/min), 1454102 states left on queue.
Progress(36) at 2013-09-21 06:45:51: 130809869 states generated (3,688,526 s/min), 10725913 distinct states found (236,369 ds/min), 1436227 states left on queue.
Progress(36) at 2013-09-21 06:46:51: 134892254 states generated (4,082,385 s/min), 11012670 distinct states found (286,757 ds/min), 1435956 states left on queue.
Progress(36) at 2013-09-21 06:47:51: 139321529 states generated (4,429,275 s/min), 11290697 distinct states found (278,027 ds/min), 1402349 states left on queue.
Progress(36) at 2013-09-21 06:48:51: 143950162 states generated (4,628,633 s/min), 11572627 distinct states found (281,930 ds/min), 1364479 states left on queue.
Progress(36) at 2013-09-21 06:49:51: 148200071 states generated (4,249,909 s/min), 11853057 distinct states found (280,430 ds/min), 1349695 states left on queue.
Progress(38) at 2013-09-21 06:50:51: 151865201 states generated (3,665,130 s/min), 12090458 distinct states found (237,401 ds/min), 1332867 states left on queue.
Progress(38) at 2013-09-21 06:51:51: 156800004 states generated (4,934,803 s/min), 12397220 distinct states found (306,762 ds/min), 1295224 states left on queue.
Progress(38) at 2013-09-21 06:52:51: 161520427 states generated (4,720,423 s/min), 12676941 distinct states found (279,721 ds/min), 1246957 states left on queue.
Progress(38) at 2013-09-21 06:53:51: 165897047 states generated (4,376,620 s/min), 12951778 distinct states found (274,837 ds/min), 1218416 states left on queue.
Progress(38) at 2013-09-21 06:54:51: 170370215 states generated (4,473,168 s/min), 13218647 distinct states found (266,869 ds/min), 1173734 states left on queue.
Progress(38) at 2013-09-21 06:55:51: 174217083 states generated (3,846,868 s/min), 13446731 distinct states found (228,084 ds/min), 1131274 states left on queue.
Progress(38) at 2013-09-21 06:56:51: 178685454 states generated (4,468,371 s/min), 13703660 distinct states found (256,929 ds/min), 1076664 states left on queue.
Progress(38) at 2013-09-21 06:57:51: 182922466 states generated (4,237,012 s/min), 13964470 distinct states found (260,810 ds/min), 1042353 states left on queue.
Progress(38) at 2013-09-21 06:58:51: 187148428 states generated (4,225,962 s/min), 14204763 distinct states found (240,293 ds/min), 987529 states left on queue.
Progress(38) at 2013-09-21 06:59:51: 192058697 states generated (4,910,269 s/min), 14485066 distinct states found (280,303 ds/min), 923554 states left on queue.
Progress(40) at 2013-09-21 07:00:51: 195687678 states generated (3,628,981 s/min), 14692631 distinct states found (207,565 ds/min), 877026 states left on queue.
Progress(41) at 2013-09-21 07:01:51: 200052745 states generated (4,365,067 s/min), 14938474 distinct states found (245,843 ds/min), 819604 states left on queue.
Progress(41) at 2013-09-21 07:02:51: 204491104 states generated (4,438,359 s/min), 15180336 distinct states found (241,862 ds/min), 750011 states left on queue.
Progress(41) at 2013-09-21 07:03:51: 209157906 states generated (4,666,802 s/min), 15419460 distinct states found (239,124 ds/min), 661323 states left on queue.
Progress(41) at 2013-09-21 07:04:51: 213600051 states generated (4,442,145 s/min), 15648818 distinct states found (229,358 ds/min), 579272 states left on queue.
Progress(41) at 2013-09-21 07:05:51: 217300057 states generated (3,700,006 s/min), 15845261 distinct states found (196,443 ds/min), 513492 states left on queue.
Progress(41) at 2013-09-21 07:06:51: 221494068 states generated (4,194,011 s/min), 16059426 distinct states found (214,165 ds/min), 432675 states left on queue.
Progress(41) at 2013-09-21 07:07:51: 225660852 states generated (4,166,784 s/min), 16264565 distinct states found (205,139 ds/min), 342857 states left on queue.
Progress(43) at 2013-09-21 07:08:51: 230089752 states generated (4,428,900 s/min), 16472109 distinct states found (207,544 ds/min), 237705 states left on queue.
Progress(50) at 2013-09-21 07:09:51: 235241470 states generated (5,151,718 s/min), 16736322 distinct states found (264,213 ds/min), 129965 states left on queue.
Worker: rmi://ip-10-35-137-235.eu-west-1.compute.internal:57269/6 Sent: 523800 Rcvd: 120558 CacheRatio: 0.02 (2013-09-21 07:10:21)
Worker: rmi://ip-10-35-140-172.eu-west-1.compute.internal:51817/7 Sent: 574323 Rcvd: 241991 CacheRatio: 0.02 (2013-09-21 07:10:21)
Worker: rmi://ip-10-34-213-20.eu-west-1.compute.internal:35309/5 Sent: 503868 Rcvd: 100067 CacheRatio: 0.01 (2013-09-21 07:10:21)
Worker: rmi://ip-10-34-213-20.eu-west-1.compute.internal:35309/1 Sent: 503776 Rcvd: 87949 CacheRatio: 0.02 (2013-09-21 07:10:21)
Worker: rmi://ip-10-35-140-172.eu-west-1.compute.internal:51817/6 Sent: 573140 Rcvd: 251112 CacheRatio: 0.02 (2013-09-21 07:10:21)
Worker: rmi://ip-10-35-137-235.eu-west-1.compute.internal:57269/7 Sent: 507219 Rcvd: 89903 CacheRatio: 0.02 (2013-09-21 07:10:21)
Worker: rmi://ip-10-34-213-20.eu-west-1.compute.internal:35309/6 Sent: 503664 Rcvd: 86036 CacheRatio: 0.02 (2013-09-21 07:10:21)
Worker: rmi://ip-10-35-137-235.eu-west-1.compute.internal:57269/0 Sent: 523817 Rcvd: 135411 CacheRatio: 0.02 (2013-09-21 07:10:21)
Worker: rmi://ip-10-35-140-172.eu-west-1.compute.internal:51817/4 Sent: 573353 Rcvd: 243234 CacheRatio: 0.02 (2013-09-21 07:10:21)
Worker: rmi://ip-10-35-137-235.eu-west-1.compute.internal:57269/1 Sent: 521793 Rcvd: 105810 CacheRatio: 0.01 (2013-09-21 07:10:21)
Worker: rmi://ip-10-35-140-172.eu-west-1.compute.internal:51817/2 Sent: 574008 Rcvd: 261136 CacheRatio: 0.02 (2013-09-21 07:10:21)
Worker: rmi://ip-10-35-131-115.eu-west-1.compute.internal:47831/6 Sent: 498299 Rcvd: 71026 CacheRatio: 0.02 (2013-09-21 07:10:21)
Worker: rmi://ip-10-35-140-172.eu-west-1.compute.internal:51817/5 Sent: 573414 Rcvd: 220551 CacheRatio: 0.02 (2013-09-21 07:10:21)
Worker: rmi://ip-10-35-131-115.eu-west-1.compute.internal:47831/1 Sent: 500561 Rcvd: 76616 CacheRatio: 0.01 (2013-09-21 07:10:21)
Worker: rmi://ip-10-35-140-172.eu-west-1.compute.internal:51817/0 Sent: 573358 Rcvd: 232658 CacheRatio: 0.02 (2013-09-21 07:10:21)
Worker: rmi://ip-10-35-131-115.eu-west-1.compute.internal:47831/3 Sent: 498623 Rcvd: 60606 CacheRatio: 0.02 (2013-09-21 07:10:21)
Worker: rmi://ip-10-34-213-20.eu-west-1.compute.internal:35309/3 Sent: 504015 Rcvd: 75154 CacheRatio: 0.01 (2013-09-21 07:10:21)
Worker: rmi://ip-10-34-213-20.eu-west-1.compute.internal:35309/0 Sent: 504446 Rcvd: 92403 CacheRatio: 0.01 (2013-09-21 07:10:21)
Worker: rmi://ip-10-35-131-115.eu-west-1.compute.internal:47831/5 Sent: 498302 Rcvd: 70967 CacheRatio: 0.02 (2013-09-21 07:10:21)
Worker: rmi://ip-10-35-131-115.eu-west-1.compute.internal:47831/4 Sent: 497837 Rcvd: 71787 CacheRatio: 0.02 (2013-09-21 07:10:21)
Worker: rmi://ip-10-35-131-115.eu-west-1.compute.internal:47831/7 Sent: 499121 Rcvd: 84850 CacheRatio: 0.02 (2013-09-21 07:10:21)
Worker: rmi://ip-10-35-140-172.eu-west-1.compute.internal:51817/3 Sent: 573309 Rcvd: 249180 CacheRatio: 0.01 (2013-09-21 07:10:21)
Worker: rmi://ip-10-35-140-172.eu-west-1.compute.internal:51817/1 Sent: 572704 Rcvd: 250102 CacheRatio: 0.01 (2013-09-21 07:10:21)
Worker: rmi://ip-10-35-137-235.eu-west-1.compute.internal:57269/4 Sent: 523083 Rcvd: 126919 CacheRatio: 0.02 (2013-09-21 07:10:21)
Worker: rmi://ip-10-34-213-20.eu-west-1.compute.internal:35309/2 Sent: 503860 Rcvd: 90392 CacheRatio: 0.02 (2013-09-21 07:10:21)
Worker: rmi://ip-10-35-137-235.eu-west-1.compute.internal:57269/2 Sent: 523026 Rcvd: 148434 CacheRatio: 0.02 (2013-09-21 07:10:21)
Worker: rmi://ip-10-34-213-20.eu-west-1.compute.internal:35309/4 Sent: 504570 Rcvd: 77304 CacheRatio: 0.02 (2013-09-21 07:10:21)
Worker: rmi://ip-10-35-137-235.eu-west-1.compute.internal:57269/3 Sent: 523979 Rcvd: 123981 CacheRatio: 0.01 (2013-09-21 07:10:21)
Worker: rmi://ip-10-35-137-235.eu-west-1.compute.internal:57269/5 Sent: 523069 Rcvd: 143864 CacheRatio: 0.02 (2013-09-21 07:10:21)
Worker: rmi://ip-10-35-131-115.eu-west-1.compute.internal:47831/2 Sent: 497906 Rcvd: 77924 CacheRatio: 0.02 (2013-09-21 07:10:21)
Worker: rmi://ip-10-34-213-20.eu-west-1.compute.internal:35309/7 Sent: 503048 Rcvd: 98192 CacheRatio: 0.02 (2013-09-21 07:10:21)
Worker: rmi://ip-10-35-131-115.eu-west-1.compute.internal:47831/0 Sent: 497925 Rcvd: 67653 CacheRatio: 0.01 (2013-09-21 07:10:21)
Model checking completed. No error has been found.
  Estimates of the probability that TLC did not check all reachable states
  because two distinct states had the same fingerprint:
  calculated (optimistic):  val = 7.9E-5
  based on the actual fingerprints:  val = 3.0E-11
237596466 states generated, 16777216 distinct states found, 0 states left on queue.
The depth of the complete state graph search is 53.
Finished. (2013-09-21 07:10:29)
