Listening for transport dt_socket at address: 1044
TLC Server Version 2.05 of 24 October 2012
Parsing file /mnt/tlc/5864/spec/l10_n8.tla
Parsing file /mnt/tlc/5864/spec/GridPerformanceTest.tla
Parsing file /mnt/tlc/5864/tla/tla2sany/StandardModules/TLC.tla
Parsing file /mnt/tlc/5864/tla/tla2sany/StandardModules/Integers.tla
Parsing file /mnt/tlc/5864/tla/tla2sany/StandardModules/FiniteSets.tla
Parsing file /mnt/tlc/5864/tla/tla2sany/StandardModules/Naturals.tla
Parsing file /mnt/tlc/5864/tla/tla2sany/StandardModules/Sequences.tla
Semantic processing of module Naturals
Semantic processing of module Integers
Semantic processing of module Sequences
Semantic processing of module FiniteSets
Semantic processing of module GridPerformanceTest
Semantic processing of module TLC
Semantic processing of module l10_n8
Starting... (2012-11-05 16:39:56)
Computing initial states...
Finished computing initial states: 1 distinct state(s) generated.
TLC server at ip-10-32-53-246 is ready (2012-11-05 16:40:36)
Done waiting for FPSet server(s) (2012-11-05 16:40:36)
Registration for worker at rmi://ip-10-32-50-71.eu-west-1.compute.internal:37570/1 completed (2012-11-05 16:40:37)
Registration for worker at rmi://ip-10-32-50-71.eu-west-1.compute.internal:37570/5 completed (2012-11-05 16:40:37)
Registration for worker at rmi://ip-10-32-50-71.eu-west-1.compute.internal:37570/3 completed (2012-11-05 16:40:37)
Registration for worker at rmi://ip-10-32-50-71.eu-west-1.compute.internal:37570/4 completed (2012-11-05 16:40:37)
Registration for worker at rmi://ip-10-32-50-71.eu-west-1.compute.internal:37570/7 completed (2012-11-05 16:40:37)
Registration for worker at rmi://ip-10-32-50-71.eu-west-1.compute.internal:37570/6 completed (2012-11-05 16:40:37)
Registration for worker at rmi://ip-10-32-50-71.eu-west-1.compute.internal:37570/0 completed (2012-11-05 16:40:37)
Registration for worker at rmi://ip-10-32-50-71.eu-west-1.compute.internal:37570/2 completed (2012-11-05 16:40:37)
Registration for worker at rmi://ip-10-33-145-72.eu-west-1.compute.internal:35763/0 completed (2012-11-05 16:40:37)
Registration for worker at rmi://ip-10-33-145-72.eu-west-1.compute.internal:35763/3 completed (2012-11-05 16:40:37)
Registration for worker at rmi://ip-10-33-145-72.eu-west-1.compute.internal:35763/5 completed (2012-11-05 16:40:37)
Registration for worker at rmi://ip-10-33-145-72.eu-west-1.compute.internal:35763/2 completed (2012-11-05 16:40:37)
Registration for worker at rmi://ip-10-33-145-72.eu-west-1.compute.internal:35763/4 completed (2012-11-05 16:40:37)
Registration for worker at rmi://ip-10-33-145-72.eu-west-1.compute.internal:35763/7 completed (2012-11-05 16:40:37)
Registration for worker at rmi://ip-10-33-145-72.eu-west-1.compute.internal:35763/6 completed (2012-11-05 16:40:37)
Registration for worker at rmi://ip-10-33-145-72.eu-west-1.compute.internal:35763/1 completed (2012-11-05 16:40:37)
Registration for worker at rmi://ip-10-33-145-9.eu-west-1.compute.internal:55022/1 completed (2012-11-05 16:40:37)
Registration for worker at rmi://ip-10-33-145-9.eu-west-1.compute.internal:55022/3 completed (2012-11-05 16:40:37)
Registration for worker at rmi://ip-10-33-145-9.eu-west-1.compute.internal:55022/6 completed (2012-11-05 16:40:37)
Registration for worker at rmi://ip-10-33-145-9.eu-west-1.compute.internal:55022/0 completed (2012-11-05 16:40:37)
Registration for worker at rmi://ip-10-33-145-9.eu-west-1.compute.internal:55022/4 completed (2012-11-05 16:40:37)
Registration for worker at rmi://ip-10-33-145-9.eu-west-1.compute.internal:55022/5 completed (2012-11-05 16:40:37)
Registration for worker at rmi://ip-10-33-145-9.eu-west-1.compute.internal:55022/2 completed (2012-11-05 16:40:37)
Registration for worker at rmi://ip-10-33-145-9.eu-west-1.compute.internal:55022/7 completed (2012-11-05 16:40:37)
Registration for worker at rmi://ip-10-32-49-68.eu-west-1.compute.internal:46616/1 completed (2012-11-05 16:40:51)
Registration for worker at rmi://ip-10-32-49-68.eu-west-1.compute.internal:46616/4 completed (2012-11-05 16:40:51)
Registration for worker at rmi://ip-10-32-49-68.eu-west-1.compute.internal:46616/7 completed (2012-11-05 16:40:51)
Registration for worker at rmi://ip-10-32-49-68.eu-west-1.compute.internal:46616/6 completed (2012-11-05 16:40:51)
Registration for worker at rmi://ip-10-32-49-68.eu-west-1.compute.internal:46616/2 completed (2012-11-05 16:40:51)
Registration for worker at rmi://ip-10-32-49-68.eu-west-1.compute.internal:46616/5 completed (2012-11-05 16:40:51)
Registration for worker at rmi://ip-10-32-49-68.eu-west-1.compute.internal:46616/0 completed (2012-11-05 16:40:51)
Registration for worker at rmi://ip-10-32-49-68.eu-west-1.compute.internal:46616/3 completed (2012-11-05 16:40:51)
Registration for worker at rmi://ip-10-32-41-233.eu-west-1.compute.internal:52148/5 completed (2012-11-05 16:40:51)
Registration for worker at rmi://ip-10-32-41-233.eu-west-1.compute.internal:52148/3 completed (2012-11-05 16:40:51)
Registration for worker at rmi://ip-10-32-41-233.eu-west-1.compute.internal:52148/4 completed (2012-11-05 16:40:51)
Registration for worker at rmi://ip-10-32-41-233.eu-west-1.compute.internal:52148/6 completed (2012-11-05 16:40:51)
Registration for worker at rmi://ip-10-32-41-233.eu-west-1.compute.internal:52148/0 completed (2012-11-05 16:40:51)
Registration for worker at rmi://ip-10-32-41-233.eu-west-1.compute.internal:52148/2 completed (2012-11-05 16:40:51)
Registration for worker at rmi://ip-10-32-41-233.eu-west-1.compute.internal:52148/7 completed (2012-11-05 16:40:51)
Registration for worker at rmi://ip-10-32-41-233.eu-west-1.compute.internal:52148/1 completed (2012-11-05 16:40:51)
Registration for worker at rmi://ip-10-32-42-137.eu-west-1.compute.internal:47830/7 completed (2012-11-05 16:40:52)
Registration for worker at rmi://ip-10-32-42-137.eu-west-1.compute.internal:47830/6 completed (2012-11-05 16:40:52)
Registration for worker at rmi://ip-10-32-42-137.eu-west-1.compute.internal:47830/5 completed (2012-11-05 16:40:52)
Registration for worker at rmi://ip-10-32-42-137.eu-west-1.compute.internal:47830/4 completed (2012-11-05 16:40:52)
Registration for worker at rmi://ip-10-32-42-137.eu-west-1.compute.internal:47830/1 completed (2012-11-05 16:40:52)
Registration for worker at rmi://ip-10-32-42-137.eu-west-1.compute.internal:47830/0 completed (2012-11-05 16:40:52)
Registration for worker at rmi://ip-10-32-42-137.eu-west-1.compute.internal:47830/2 completed (2012-11-05 16:40:52)
Registration for worker at rmi://ip-10-32-42-137.eu-west-1.compute.internal:47830/3 completed (2012-11-05 16:40:52)
Registration for worker at rmi://ip-10-32-44-121.eu-west-1.compute.internal:38119/4 completed (2012-11-05 16:40:52)
Registration for worker at rmi://ip-10-32-44-121.eu-west-1.compute.internal:38119/0 completed (2012-11-05 16:40:52)
Registration for worker at rmi://ip-10-32-44-121.eu-west-1.compute.internal:38119/6 completed (2012-11-05 16:40:52)
Registration for worker at rmi://ip-10-32-44-121.eu-west-1.compute.internal:38119/5 completed (2012-11-05 16:40:52)
Registration for worker at rmi://ip-10-32-44-121.eu-west-1.compute.internal:38119/1 completed (2012-11-05 16:40:52)
Registration for worker at rmi://ip-10-32-53-170.eu-west-1.compute.internal:59410/0 completed (2012-11-05 16:40:52)
Registration for worker at rmi://ip-10-32-44-121.eu-west-1.compute.internal:38119/3 completed (2012-11-05 16:40:53)
Registration for worker at rmi://ip-10-32-49-161.eu-west-1.compute.internal:56481/7 completed (2012-11-05 16:40:53)
Registration for worker at rmi://ip-10-32-44-121.eu-west-1.compute.internal:38119/7 completed (2012-11-05 16:40:53)
Registration for worker at rmi://ip-10-32-42-136.eu-west-1.compute.internal:38503/7 completed (2012-11-05 16:40:53)
Registration for worker at rmi://ip-10-32-44-121.eu-west-1.compute.internal:38119/2 completed (2012-11-05 16:40:53)
Registration for worker at rmi://ip-10-32-49-72.eu-west-1.compute.internal:33684/7 completed (2012-11-05 16:40:53)
Registration for worker at rmi://ip-10-32-49-72.eu-west-1.compute.internal:33684/6 completed (2012-11-05 16:40:53)
Registration for worker at rmi://ip-10-32-49-72.eu-west-1.compute.internal:33684/3 completed (2012-11-05 16:40:53)
Registration for worker at rmi://ip-10-32-49-72.eu-west-1.compute.internal:33684/0 completed (2012-11-05 16:40:53)
Registration for worker at rmi://ip-10-32-49-72.eu-west-1.compute.internal:33684/5 completed (2012-11-05 16:40:53)
Registration for worker at rmi://ip-10-32-49-72.eu-west-1.compute.internal:33684/4 completed (2012-11-05 16:40:53)
Registration for worker at rmi://ip-10-32-49-72.eu-west-1.compute.internal:33684/1 completed (2012-11-05 16:40:53)
Registration for worker at rmi://ip-10-32-49-72.eu-west-1.compute.internal:33684/2 completed (2012-11-05 16:40:53)
Registration for worker at rmi://ip-10-32-49-161.eu-west-1.compute.internal:56481/3 completed (2012-11-05 16:40:53)
Registration for worker at rmi://ip-10-32-49-161.eu-west-1.compute.internal:56481/0 completed (2012-11-05 16:40:53)
Registration for worker at rmi://ip-10-32-50-153.eu-west-1.compute.internal:52842/4 completed (2012-11-05 16:40:53)
Registration for worker at rmi://ip-10-32-50-153.eu-west-1.compute.internal:52842/7 completed (2012-11-05 16:40:53)
Registration for worker at rmi://ip-10-32-49-161.eu-west-1.compute.internal:56481/4 completed (2012-11-05 16:40:53)
Registration for worker at rmi://ip-10-32-50-153.eu-west-1.compute.internal:52842/0 completed (2012-11-05 16:40:53)
Registration for worker at rmi://ip-10-33-145-34.eu-west-1.compute.internal:56875/7 completed (2012-11-05 16:40:53)
Registration for worker at rmi://ip-10-33-145-34.eu-west-1.compute.internal:56875/4 completed (2012-11-05 16:40:53)
Registration for worker at rmi://ip-10-32-50-153.eu-west-1.compute.internal:52842/3 completed (2012-11-05 16:40:53)
Registration for worker at rmi://ip-10-32-50-153.eu-west-1.compute.internal:52842/6 completed (2012-11-05 16:40:53)
Registration for worker at rmi://ip-10-32-50-153.eu-west-1.compute.internal:52842/2 completed (2012-11-05 16:40:53)
Registration for worker at rmi://ip-10-33-145-34.eu-west-1.compute.internal:56875/3 completed (2012-11-05 16:40:53)
Registration for worker at rmi://ip-10-32-50-153.eu-west-1.compute.internal:52842/5 completed (2012-11-05 16:40:53)
Registration for worker at rmi://ip-10-33-145-34.eu-west-1.compute.internal:56875/6 completed (2012-11-05 16:40:53)
Registration for worker at rmi://ip-10-33-145-34.eu-west-1.compute.internal:56875/1 completed (2012-11-05 16:40:53)
Registration for worker at rmi://ip-10-33-145-34.eu-west-1.compute.internal:56875/0 completed (2012-11-05 16:40:53)
Registration for worker at rmi://ip-10-32-49-161.eu-west-1.compute.internal:56481/1 completed (2012-11-05 16:40:53)
Registration for worker at rmi://ip-10-32-53-170.eu-west-1.compute.internal:59410/3 completed (2012-11-05 16:40:53)
Registration for worker at rmi://ip-10-32-53-170.eu-west-1.compute.internal:59410/7 completed (2012-11-05 16:40:53)
Registration for worker at rmi://ip-10-32-53-170.eu-west-1.compute.internal:59410/6 completed (2012-11-05 16:40:53)
Registration for worker at rmi://ip-10-32-53-170.eu-west-1.compute.internal:59410/4 completed (2012-11-05 16:40:53)
Registration for worker at rmi://ip-10-32-49-225.eu-west-1.compute.internal:42415/7 completed (2012-11-05 16:40:53)
Registration for worker at rmi://ip-10-32-50-153.eu-west-1.compute.internal:52842/1 completed (2012-11-05 16:40:53)
Registration for worker at rmi://ip-10-33-145-34.eu-west-1.compute.internal:56875/2 completed (2012-11-05 16:40:53)
Registration for worker at rmi://ip-10-32-49-225.eu-west-1.compute.internal:42415/0 completed (2012-11-05 16:40:53)
Registration for worker at rmi://ip-10-32-49-225.eu-west-1.compute.internal:42415/2 completed (2012-11-05 16:40:53)
Registration for worker at rmi://ip-10-32-49-225.eu-west-1.compute.internal:42415/6 completed (2012-11-05 16:40:53)
Registration for worker at rmi://ip-10-32-49-225.eu-west-1.compute.internal:42415/3 completed (2012-11-05 16:40:53)
Registration for worker at rmi://ip-10-32-49-225.eu-west-1.compute.internal:42415/1 completed (2012-11-05 16:40:53)
Registration for worker at rmi://ip-10-32-49-225.eu-west-1.compute.internal:42415/5 completed (2012-11-05 16:40:53)
Registration for worker at rmi://ip-10-32-49-161.eu-west-1.compute.internal:56481/6 completed (2012-11-05 16:40:53)
Registration for worker at rmi://ip-10-32-49-161.eu-west-1.compute.internal:56481/2 completed (2012-11-05 16:40:53)
Registration for worker at rmi://ip-10-32-49-161.eu-west-1.compute.internal:56481/5 completed (2012-11-05 16:40:53)
Registration for worker at rmi://ip-10-33-145-34.eu-west-1.compute.internal:56875/5 completed (2012-11-05 16:40:53)
Registration for worker at rmi://ip-10-32-42-136.eu-west-1.compute.internal:38503/2 completed (2012-11-05 16:40:53)
Registration for worker at rmi://ip-10-32-42-136.eu-west-1.compute.internal:38503/4 completed (2012-11-05 16:40:53)
Registration for worker at rmi://ip-10-32-53-170.eu-west-1.compute.internal:59410/2 completed (2012-11-05 16:40:53)
Registration for worker at rmi://ip-10-32-53-170.eu-west-1.compute.internal:59410/5 completed (2012-11-05 16:40:53)
Registration for worker at rmi://ip-10-32-53-170.eu-west-1.compute.internal:59410/1 completed (2012-11-05 16:40:53)
Registration for worker at rmi://ip-10-32-49-225.eu-west-1.compute.internal:42415/4 completed (2012-11-05 16:40:53)
Registration for worker at rmi://ip-10-32-42-136.eu-west-1.compute.internal:38503/1 completed (2012-11-05 16:40:53)
Registration for worker at rmi://ip-10-32-42-136.eu-west-1.compute.internal:38503/0 completed (2012-11-05 16:40:53)
Registration for worker at rmi://ip-10-32-42-136.eu-west-1.compute.internal:38503/6 completed (2012-11-05 16:40:53)
Registration for worker at rmi://ip-10-32-42-136.eu-west-1.compute.internal:38503/3 completed (2012-11-05 16:40:53)
Registration for worker at rmi://ip-10-32-42-136.eu-west-1.compute.internal:38503/5 completed (2012-11-05 16:40:53)
Registration for worker at rmi://ip-10-33-145-58.eu-west-1.compute.internal:60520/2 completed (2012-11-05 16:40:53)
Registration for worker at rmi://ip-10-33-145-58.eu-west-1.compute.internal:60520/0 completed (2012-11-05 16:40:53)
Registration for worker at rmi://ip-10-33-145-58.eu-west-1.compute.internal:60520/6 completed (2012-11-05 16:40:53)
Registration for worker at rmi://ip-10-33-145-58.eu-west-1.compute.internal:60520/1 completed (2012-11-05 16:40:53)
Registration for worker at rmi://ip-10-33-145-58.eu-west-1.compute.internal:60520/7 completed (2012-11-05 16:40:53)
Registration for worker at rmi://ip-10-33-145-58.eu-west-1.compute.internal:60520/5 completed (2012-11-05 16:40:53)
Registration for worker at rmi://ip-10-33-145-58.eu-west-1.compute.internal:60520/3 completed (2012-11-05 16:40:53)
Registration for worker at rmi://ip-10-33-145-58.eu-west-1.compute.internal:60520/4 completed (2012-11-05 16:40:53)
Registration for worker at rmi://ip-10-33-145-75.eu-west-1.compute.internal:44011/5 completed (2012-11-05 16:40:53)
Registration for worker at rmi://ip-10-33-145-75.eu-west-1.compute.internal:44011/0 completed (2012-11-05 16:40:53)
Registration for worker at rmi://ip-10-33-145-75.eu-west-1.compute.internal:44011/1 completed (2012-11-05 16:40:53)
Registration for worker at rmi://ip-10-33-145-75.eu-west-1.compute.internal:44011/2 completed (2012-11-05 16:40:53)
Registration for worker at rmi://ip-10-33-145-75.eu-west-1.compute.internal:44011/4 completed (2012-11-05 16:40:53)
Registration for worker at rmi://ip-10-33-145-20.eu-west-1.compute.internal:44244/0 completed (2012-11-05 16:40:53)
Registration for worker at rmi://ip-10-33-145-75.eu-west-1.compute.internal:44011/6 completed (2012-11-05 16:40:53)
Registration for worker at rmi://ip-10-33-145-75.eu-west-1.compute.internal:44011/3 completed (2012-11-05 16:40:53)
Registration for worker at rmi://ip-10-33-145-75.eu-west-1.compute.internal:44011/7 completed (2012-11-05 16:40:53)
Registration for worker at rmi://ip-10-32-49-224.eu-west-1.compute.internal:42802/6 completed (2012-11-05 16:40:53)
Registration for worker at rmi://ip-10-32-49-224.eu-west-1.compute.internal:42802/5 completed (2012-11-05 16:40:53)
Registration for worker at rmi://ip-10-32-49-224.eu-west-1.compute.internal:42802/4 completed (2012-11-05 16:40:53)
Registration for worker at rmi://ip-10-32-49-224.eu-west-1.compute.internal:42802/2 completed (2012-11-05 16:40:53)
Registration for worker at rmi://ip-10-32-49-224.eu-west-1.compute.internal:42802/0 completed (2012-11-05 16:40:53)
Registration for worker at rmi://ip-10-32-49-224.eu-west-1.compute.internal:42802/1 completed (2012-11-05 16:40:53)
Registration for worker at rmi://ip-10-32-49-224.eu-west-1.compute.internal:42802/3 completed (2012-11-05 16:40:53)
Registration for worker at rmi://ip-10-32-49-224.eu-west-1.compute.internal:42802/7 completed (2012-11-05 16:40:53)
Registration for worker at rmi://ip-10-33-145-20.eu-west-1.compute.internal:44244/2 completed (2012-11-05 16:40:53)
Registration for worker at rmi://ip-10-33-145-20.eu-west-1.compute.internal:44244/5 completed (2012-11-05 16:40:53)
Registration for worker at rmi://ip-10-33-145-20.eu-west-1.compute.internal:44244/7 completed (2012-11-05 16:40:53)
Registration for worker at rmi://ip-10-33-145-20.eu-west-1.compute.internal:44244/1 completed (2012-11-05 16:40:53)
Registration for worker at rmi://ip-10-33-145-20.eu-west-1.compute.internal:44244/3 completed (2012-11-05 16:40:53)
Registration for worker at rmi://ip-10-33-145-20.eu-west-1.compute.internal:44244/4 completed (2012-11-05 16:40:53)
Registration for worker at rmi://ip-10-33-145-20.eu-west-1.compute.internal:44244/6 completed (2012-11-05 16:40:53)
Progress(30) at 2012-11-05 16:41:36: 39104573 states generated (39,104,573 s/min), 6439591 distinct states found (6,439,591 ds/min), 2356142 states left on queue.
Progress(33) at 2012-11-05 16:42:36: 95711638 states generated (56,607,065 s/min), 12729715 distinct states found (6,290,124 ds/min), 2356457 states left on queue.
Worker: rmi://ip-10-33-145-58.eu-west-1.compute.internal:60520/7 Sent: 119734 Rcvd: 152628 CacheRatio: 0.03 (2012-11-05 16:43:33)
Worker: rmi://ip-10-32-49-72.eu-west-1.compute.internal:33684/3 Sent: 115902 Rcvd: 153119 CacheRatio: 0.03 (2012-11-05 16:43:33)
Worker: rmi://ip-10-32-44-121.eu-west-1.compute.internal:38119/7 Sent: 115360 Rcvd: 104515 CacheRatio: 0.03 (2012-11-05 16:43:33)
Worker: rmi://ip-10-32-44-121.eu-west-1.compute.internal:38119/0 Sent: 115663 Rcvd: 97365 CacheRatio: 0.03 (2012-11-05 16:43:33)
Worker: rmi://ip-10-32-50-71.eu-west-1.compute.internal:37570/6 Sent: 123866 Rcvd: 95080 CacheRatio: 0.04 (2012-11-05 16:43:33)
Worker: rmi://ip-10-32-41-233.eu-west-1.compute.internal:52148/3 Sent: 117650 Rcvd: 159689 CacheRatio: 0.02 (2012-11-05 16:43:33)
Worker: rmi://ip-10-33-145-20.eu-west-1.compute.internal:44244/0 Sent: 117918 Rcvd: 194034 CacheRatio: 0.02 (2012-11-05 16:43:33)
Worker: rmi://ip-10-32-49-224.eu-west-1.compute.internal:42802/4 Sent: 112673 Rcvd: 106033 CacheRatio: 0.03 (2012-11-05 16:43:33)
Worker: rmi://ip-10-32-50-153.eu-west-1.compute.internal:52842/5 Sent: 116420 Rcvd: 179563 CacheRatio: 0.03 (2012-11-05 16:43:33)
Worker: rmi://ip-10-32-53-170.eu-west-1.compute.internal:59410/3 Sent: 111549 Rcvd: 100922 CacheRatio: 0.03 (2012-11-05 16:43:33)
Worker: rmi://ip-10-33-145-75.eu-west-1.compute.internal:44011/0 Sent: 110797 Rcvd: 56451 CacheRatio: 0.03 (2012-11-05 16:43:33)
Worker: rmi://ip-10-32-49-72.eu-west-1.compute.internal:33684/0 Sent: 117185 Rcvd: 141107 CacheRatio: 0.02 (2012-11-05 16:43:33)
Worker: rmi://ip-10-33-145-58.eu-west-1.compute.internal:60520/2 Sent: 116111 Rcvd: 149957 CacheRatio: 0.03 (2012-11-05 16:43:33)
Worker: rmi://ip-10-32-42-137.eu-west-1.compute.internal:47830/0 Sent: 121390 Rcvd: 202881 CacheRatio: 0.03 (2012-11-05 16:43:33)
Worker: rmi://ip-10-32-41-233.eu-west-1.compute.internal:52148/1 Sent: 116739 Rcvd: 170658 CacheRatio: 0.03 (2012-11-05 16:43:33)
Worker: rmi://ip-10-33-145-34.eu-west-1.compute.internal:56875/3 Sent: 108413 Rcvd: 62856 CacheRatio: 0.03 (2012-11-05 16:43:34)
Worker: rmi://ip-10-32-42-137.eu-west-1.compute.internal:47830/1 Sent: 119941 Rcvd: 216734 CacheRatio: 0.03 (2012-11-05 16:43:34)
Worker: rmi://ip-10-32-49-225.eu-west-1.compute.internal:42415/0 Sent: 117852 Rcvd: 174431 CacheRatio: 0.03 (2012-11-05 16:43:34)
Worker: rmi://ip-10-32-50-153.eu-west-1.compute.internal:52842/0 Sent: 115171 Rcvd: 161303 CacheRatio: 0.03 (2012-11-05 16:43:34)
Worker: rmi://ip-10-32-49-224.eu-west-1.compute.internal:42802/7 Sent: 114656 Rcvd: 124013 CacheRatio: 0.03 (2012-11-05 16:43:34)
Worker: rmi://ip-10-33-145-75.eu-west-1.compute.internal:44011/4 Sent: 111431 Rcvd: 94498 CacheRatio: 0.02 (2012-11-05 16:43:34)
Worker: rmi://ip-10-32-49-72.eu-west-1.compute.internal:33684/7 Sent: 116713 Rcvd: 167566 CacheRatio: 0.02 (2012-11-05 16:43:34)
Worker: rmi://ip-10-32-50-153.eu-west-1.compute.internal:52842/1 Sent: 118130 Rcvd: 132110 CacheRatio: 0.02 (2012-11-05 16:43:34)
Worker: rmi://ip-10-32-49-68.eu-west-1.compute.internal:46616/5 Sent: 112381 Rcvd: 79878 CacheRatio: 0.04 (2012-11-05 16:43:34)
Worker: rmi://ip-10-33-145-75.eu-west-1.compute.internal:44011/5 Sent: 112065 Rcvd: 95608 CacheRatio: 0.03 (2012-11-05 16:43:34)
Worker: rmi://ip-10-33-145-58.eu-west-1.compute.internal:60520/1 Sent: 117991 Rcvd: 170379 CacheRatio: 0.03 (2012-11-05 16:43:34)
Worker: rmi://ip-10-33-145-9.eu-west-1.compute.internal:55022/3 Sent: 126005 Rcvd: 163758 CacheRatio: 0.03 (2012-11-05 16:43:34)
Worker: rmi://ip-10-33-145-34.eu-west-1.compute.internal:56875/4 Sent: 108725 Rcvd: 60434 CacheRatio: 0.03 (2012-11-05 16:43:34)
Worker: rmi://ip-10-32-49-225.eu-west-1.compute.internal:42415/2 Sent: 119565 Rcvd: 161274 CacheRatio: 0.02 (2012-11-05 16:43:34)
Worker: rmi://ip-10-32-49-72.eu-west-1.compute.internal:33684/2 Sent: 116455 Rcvd: 154537 CacheRatio: 0.02 (2012-11-05 16:43:34)
Worker: rmi://ip-10-32-50-71.eu-west-1.compute.internal:37570/0 Sent: 125032 Rcvd: 105305 CacheRatio: 0.03 (2012-11-05 16:43:34)
Worker: rmi://ip-10-33-145-34.eu-west-1.compute.internal:56875/2 Sent: 107571 Rcvd: 37046 CacheRatio: 0.02 (2012-11-05 16:43:34)
Worker: rmi://ip-10-33-145-58.eu-west-1.compute.internal:60520/3 Sent: 118547 Rcvd: 167832 CacheRatio: 0.02 (2012-11-05 16:43:34)
Worker: rmi://ip-10-32-42-136.eu-west-1.compute.internal:38503/3 Sent: 114194 Rcvd: 116575 CacheRatio: 0.03 (2012-11-05 16:43:34)
Worker: rmi://ip-10-33-145-72.eu-west-1.compute.internal:35763/7 Sent: 121685 Rcvd: 80187 CacheRatio: 0.03 (2012-11-05 16:43:34)
Worker: rmi://ip-10-32-49-224.eu-west-1.compute.internal:42802/1 Sent: 112719 Rcvd: 107019 CacheRatio: 0.02 (2012-11-05 16:43:34)
Worker: rmi://ip-10-33-145-75.eu-west-1.compute.internal:44011/7 Sent: 110543 Rcvd: 71023 CacheRatio: 0.03 (2012-11-05 16:43:34)
Worker: rmi://ip-10-33-145-20.eu-west-1.compute.internal:44244/1 Sent: 119058 Rcvd: 164128 CacheRatio: 0.03 (2012-11-05 16:43:34)
Worker: rmi://ip-10-32-49-225.eu-west-1.compute.internal:42415/4 Sent: 114431 Rcvd: 123488 CacheRatio: 0.02 (2012-11-05 16:43:34)
Worker: rmi://ip-10-32-49-161.eu-west-1.compute.internal:56481/7 Sent: 113637 Rcvd: 119496 CacheRatio: 0.03 (2012-11-05 16:43:34)
Worker: rmi://ip-10-33-145-9.eu-west-1.compute.internal:55022/2 Sent: 124967 Rcvd: 130723 CacheRatio: 0.03 (2012-11-05 16:43:34)
Worker: rmi://ip-10-33-145-72.eu-west-1.compute.internal:35763/2 Sent: 119219 Rcvd: 101678 CacheRatio: 0.03 (2012-11-05 16:43:34)
Worker: rmi://ip-10-32-49-68.eu-west-1.compute.internal:46616/2 Sent: 112216 Rcvd: 60113 CacheRatio: 0.03 (2012-11-05 16:43:34)
Worker: rmi://ip-10-32-50-71.eu-west-1.compute.internal:37570/7 Sent: 124435 Rcvd: 94164 CacheRatio: 0.03 (2012-11-05 16:43:34)
Worker: rmi://ip-10-32-50-71.eu-west-1.compute.internal:37570/4 Sent: 123607 Rcvd: 77336 CacheRatio: 0.03 (2012-11-05 16:43:34)
Worker: rmi://ip-10-32-49-225.eu-west-1.compute.internal:42415/1 Sent: 117038 Rcvd: 160246 CacheRatio: 0.03 (2012-11-05 16:43:34)
Worker: rmi://ip-10-33-145-72.eu-west-1.compute.internal:35763/1 Sent: 123796 Rcvd: 103210 CacheRatio: 0.03 (2012-11-05 16:43:34)
Worker: rmi://ip-10-32-53-170.eu-west-1.compute.internal:59410/2 Sent: 112010 Rcvd: 96805 CacheRatio: 0.03 (2012-11-05 16:43:34)
Worker: rmi://ip-10-32-44-121.eu-west-1.compute.internal:38119/2 Sent: 114525 Rcvd: 96312 CacheRatio: 0.03 (2012-11-05 16:43:34)
Worker: rmi://ip-10-32-44-121.eu-west-1.compute.internal:38119/4 Sent: 114525 Rcvd: 116658 CacheRatio: 0.03 (2012-11-05 16:43:34)
Worker: rmi://ip-10-33-145-20.eu-west-1.compute.internal:44244/4 Sent: 118546 Rcvd: 195103 CacheRatio: 0.02 (2012-11-05 16:43:34)
Worker: rmi://ip-10-33-145-75.eu-west-1.compute.internal:44011/3 Sent: 110651 Rcvd: 92214 CacheRatio: 0.02 (2012-11-05 16:43:34)
Worker: rmi://ip-10-32-50-153.eu-west-1.compute.internal:52842/4 Sent: 117565 Rcvd: 176961 CacheRatio: 0.03 (2012-11-05 16:43:34)
Worker: rmi://ip-10-33-145-72.eu-west-1.compute.internal:35763/0 Sent: 125192 Rcvd: 96156 CacheRatio: 0.03 (2012-11-05 16:43:34)
Worker: rmi://ip-10-32-49-72.eu-west-1.compute.internal:33684/5 Sent: 116066 Rcvd: 143339 CacheRatio: 0.03 (2012-11-05 16:43:34)
Worker: rmi://ip-10-32-42-137.eu-west-1.compute.internal:47830/5 Sent: 119676 Rcvd: 188976 CacheRatio: 0.03 (2012-11-05 16:43:34)
Worker: rmi://ip-10-33-145-75.eu-west-1.compute.internal:44011/1 Sent: 111089 Rcvd: 72564 CacheRatio: 0.03 (2012-11-05 16:43:34)
Worker: rmi://ip-10-32-49-224.eu-west-1.compute.internal:42802/0 Sent: 112213 Rcvd: 66209 CacheRatio: 0.03 (2012-11-05 16:43:34)
Worker: rmi://ip-10-33-145-58.eu-west-1.compute.internal:60520/4 Sent: 117024 Rcvd: 186912 CacheRatio: 0.03 (2012-11-05 16:43:34)
Worker: rmi://ip-10-32-42-136.eu-west-1.compute.internal:38503/2 Sent: 115539 Rcvd: 138185 CacheRatio: 0.03 (2012-11-05 16:43:34)
Worker: rmi://ip-10-33-145-72.eu-west-1.compute.internal:35763/4 Sent: 123231 Rcvd: 122138 CacheRatio: 0.04 (2012-11-05 16:43:34)
Worker: rmi://ip-10-32-49-224.eu-west-1.compute.internal:42802/3 Sent: 112173 Rcvd: 109594 CacheRatio: 0.02 (2012-11-05 16:43:34)
Worker: rmi://ip-10-33-145-34.eu-west-1.compute.internal:56875/5 Sent: 108085 Rcvd: 56382 CacheRatio: 0.03 (2012-11-05 16:43:34)
Worker: rmi://ip-10-33-145-72.eu-west-1.compute.internal:35763/5 Sent: 125564 Rcvd: 99054 CacheRatio: 0.03 (2012-11-05 16:43:34)
Worker: rmi://ip-10-32-41-233.eu-west-1.compute.internal:52148/2 Sent: 116843 Rcvd: 183737 CacheRatio: 0.03 (2012-11-05 16:43:34)
Worker: rmi://ip-10-32-49-225.eu-west-1.compute.internal:42415/7 Sent: 116633 Rcvd: 179366 CacheRatio: 0.03 (2012-11-05 16:43:34)
Worker: rmi://ip-10-32-49-224.eu-west-1.compute.internal:42802/2 Sent: 113613 Rcvd: 156672 CacheRatio: 0.02 (2012-11-05 16:43:34)
Worker: rmi://ip-10-32-42-136.eu-west-1.compute.internal:38503/5 Sent: 115642 Rcvd: 115642 CacheRatio: 0.03 (2012-11-05 16:43:34)
Worker: rmi://ip-10-33-145-9.eu-west-1.compute.internal:55022/6 Sent: 126173 Rcvd: 121452 CacheRatio: 0.03 (2012-11-05 16:43:34)
Worker: rmi://ip-10-32-41-233.eu-west-1.compute.internal:52148/7 Sent: 117280 Rcvd: 154432 CacheRatio: 0.03 (2012-11-05 16:43:34)
Worker: rmi://ip-10-32-42-137.eu-west-1.compute.internal:47830/7 Sent: 118321 Rcvd: 214300 CacheRatio: 0.03 (2012-11-05 16:43:34)
Worker: rmi://ip-10-32-42-137.eu-west-1.compute.internal:47830/4 Sent: 117219 Rcvd: 183516 CacheRatio: 0.04 (2012-11-05 16:43:34)
Worker: rmi://ip-10-32-49-224.eu-west-1.compute.internal:42802/5 Sent: 111971 Rcvd: 120434 CacheRatio: 0.03 (2012-11-05 16:43:34)
Worker: rmi://ip-10-33-145-20.eu-west-1.compute.internal:44244/6 Sent: 117871 Rcvd: 175631 CacheRatio: 0.02 (2012-11-05 16:43:34)
Worker: rmi://ip-10-32-49-161.eu-west-1.compute.internal:56481/3 Sent: 115272 Rcvd: 91416 CacheRatio: 0.03 (2012-11-05 16:43:34)
Worker: rmi://ip-10-32-49-68.eu-west-1.compute.internal:46616/0 Sent: 112777 Rcvd: 84624 CacheRatio: 0.03 (2012-11-05 16:43:34)
Worker: rmi://ip-10-33-145-58.eu-west-1.compute.internal:60520/0 Sent: 117612 Rcvd: 123003 CacheRatio: 0.03 (2012-11-05 16:43:34)
Worker: rmi://ip-10-32-50-153.eu-west-1.compute.internal:52842/3 Sent: 118130 Rcvd: 190321 CacheRatio: 0.02 (2012-11-05 16:43:34)
Worker: rmi://ip-10-32-49-161.eu-west-1.compute.internal:56481/0 Sent: 113246 Rcvd: 62945 CacheRatio: 0.03 (2012-11-05 16:43:34)
Worker: rmi://ip-10-32-44-121.eu-west-1.compute.internal:38119/1 Sent: 115345 Rcvd: 114600 CacheRatio: 0.03 (2012-11-05 16:43:34)
Worker: rmi://ip-10-32-42-136.eu-west-1.compute.internal:38503/0 Sent: 115895 Rcvd: 96017 CacheRatio: 0.03 (2012-11-05 16:43:34)
Worker: rmi://ip-10-32-49-224.eu-west-1.compute.internal:42802/6 Sent: 113437 Rcvd: 111572 CacheRatio: 0.03 (2012-11-05 16:43:34)
Worker: rmi://ip-10-32-42-137.eu-west-1.compute.internal:47830/6 Sent: 117201 Rcvd: 186144 CacheRatio: 0.03 (2012-11-05 16:43:34)
Worker: rmi://ip-10-32-49-225.eu-west-1.compute.internal:42415/5 Sent: 118430 Rcvd: 184602 CacheRatio: 0.02 (2012-11-05 16:43:34)
Worker: rmi://ip-10-32-49-225.eu-west-1.compute.internal:42415/3 Sent: 117548 Rcvd: 186392 CacheRatio: 0.02 (2012-11-05 16:43:34)
Worker: rmi://ip-10-33-145-9.eu-west-1.compute.internal:55022/7 Sent: 125831 Rcvd: 127882 CacheRatio: 0.03 (2012-11-05 16:43:34)
Worker: rmi://ip-10-32-50-71.eu-west-1.compute.internal:37570/2 Sent: 124861 Rcvd: 95566 CacheRatio: 0.03 (2012-11-05 16:43:34)
Worker: rmi://ip-10-32-49-68.eu-west-1.compute.internal:46616/3 Sent: 113344 Rcvd: 57596 CacheRatio: 0.02 (2012-11-05 16:43:34)
Worker: rmi://ip-10-32-44-121.eu-west-1.compute.internal:38119/6 Sent: 115764 Rcvd: 135437 CacheRatio: 0.03 (2012-11-05 16:43:34)
Worker: rmi://ip-10-32-53-170.eu-west-1.compute.internal:59410/6 Sent: 112147 Rcvd: 61335 CacheRatio: 0.03 (2012-11-05 16:43:34)
Worker: rmi://ip-10-32-50-153.eu-west-1.compute.internal:52842/6 Sent: 116839 Rcvd: 168909 CacheRatio: 0.03 (2012-11-05 16:43:34)
Worker: rmi://ip-10-33-145-20.eu-west-1.compute.internal:44244/3 Sent: 117905 Rcvd: 190887 CacheRatio: 0.03 (2012-11-05 16:43:34)
Worker: rmi://ip-10-32-50-153.eu-west-1.compute.internal:52842/7 Sent: 116535 Rcvd: 159239 CacheRatio: 0.03 (2012-11-05 16:43:34)
Worker: rmi://ip-10-32-42-137.eu-west-1.compute.internal:47830/3 Sent: 121118 Rcvd: 159037 CacheRatio: 0.03 (2012-11-05 16:43:34)
Worker: rmi://ip-10-32-49-161.eu-west-1.compute.internal:56481/2 Sent: 112616 Rcvd: 88512 CacheRatio: 0.03 (2012-11-05 16:43:34)
Worker: rmi://ip-10-33-145-58.eu-west-1.compute.internal:60520/5 Sent: 115701 Rcvd: 159730 CacheRatio: 0.02 (2012-11-05 16:43:34)
Worker: rmi://ip-10-32-49-68.eu-west-1.compute.internal:46616/6 Sent: 111821 Rcvd: 79060 CacheRatio: 0.03 (2012-11-05 16:43:34)
Worker: rmi://ip-10-33-145-9.eu-west-1.compute.internal:55022/1 Sent: 125336 Rcvd: 124614 CacheRatio: 0.03 (2012-11-05 16:43:34)
Worker: rmi://ip-10-32-42-136.eu-west-1.compute.internal:38503/6 Sent: 116107 Rcvd: 165445 CacheRatio: 0.03 (2012-11-05 16:43:34)
Worker: rmi://ip-10-33-145-20.eu-west-1.compute.internal:44244/5 Sent: 117294 Rcvd: 193333 CacheRatio: 0.03 (2012-11-05 16:43:34)
Worker: rmi://ip-10-32-44-121.eu-west-1.compute.internal:38119/5 Sent: 116218 Rcvd: 135122 CacheRatio: 0.03 (2012-11-05 16:43:34)
Worker: rmi://ip-10-32-49-225.eu-west-1.compute.internal:42415/6 Sent: 119157 Rcvd: 180142 CacheRatio: 0.02 (2012-11-05 16:43:34)
Worker: rmi://ip-10-32-41-233.eu-west-1.compute.internal:52148/0 Sent: 117389 Rcvd: 166285 CacheRatio: 0.02 (2012-11-05 16:43:34)
Worker: rmi://ip-10-32-42-136.eu-west-1.compute.internal:38503/7 Sent: 115997 Rcvd: 172101 CacheRatio: 0.03 (2012-11-05 16:43:34)
Worker: rmi://ip-10-32-53-170.eu-west-1.compute.internal:59410/5 Sent: 110982 Rcvd: 60784 CacheRatio: 0.03 (2012-11-05 16:43:34)
Worker: rmi://ip-10-32-50-153.eu-west-1.compute.internal:52842/2 Sent: 117277 Rcvd: 166127 CacheRatio: 0.03 (2012-11-05 16:43:34)
Worker: rmi://ip-10-32-50-71.eu-west-1.compute.internal:37570/3 Sent: 123432 Rcvd: 86101 CacheRatio: 0.04 (2012-11-05 16:43:34)
Worker: rmi://ip-10-32-53-170.eu-west-1.compute.internal:59410/1 Sent: 111737 Rcvd: 97871 CacheRatio: 0.02 (2012-11-05 16:43:34)
Worker: rmi://ip-10-33-145-20.eu-west-1.compute.internal:44244/7 Sent: 118109 Rcvd: 202490 CacheRatio: 0.02 (2012-11-05 16:43:34)
Worker: rmi://ip-10-32-42-136.eu-west-1.compute.internal:38503/1 Sent: 115155 Rcvd: 144769 CacheRatio: 0.03 (2012-11-05 16:43:34)
Worker: rmi://ip-10-33-145-72.eu-west-1.compute.internal:35763/3 Sent: 126041 Rcvd: 92272 CacheRatio: 0.03 (2012-11-05 16:43:34)
Worker: rmi://ip-10-33-145-72.eu-west-1.compute.internal:35763/6 Sent: 124540 Rcvd: 93080 CacheRatio: 0.03 (2012-11-05 16:43:34)
Worker: rmi://ip-10-32-49-72.eu-west-1.compute.internal:33684/1 Sent: 116337 Rcvd: 138790 CacheRatio: 0.03 (2012-11-05 16:43:34)
Worker: rmi://ip-10-33-145-34.eu-west-1.compute.internal:56875/6 Sent: 108017 Rcvd: 50547 CacheRatio: 0.03 (2012-11-05 16:43:34)
Worker: rmi://ip-10-32-50-71.eu-west-1.compute.internal:37570/5 Sent: 122244 Rcvd: 101661 CacheRatio: 0.03 (2012-11-05 16:43:34)
Worker: rmi://ip-10-32-49-161.eu-west-1.compute.internal:56481/1 Sent: 112952 Rcvd: 119461 CacheRatio: 0.03 (2012-11-05 16:43:34)
Worker: rmi://ip-10-33-145-34.eu-west-1.compute.internal:56875/1 Sent: 108685 Rcvd: 51922 CacheRatio: 0.02 (2012-11-05 16:43:34)
Worker: rmi://ip-10-32-41-233.eu-west-1.compute.internal:52148/4 Sent: 118760 Rcvd: 141404 CacheRatio: 0.03 (2012-11-05 16:43:34)
Worker: rmi://ip-10-33-145-75.eu-west-1.compute.internal:44011/2 Sent: 111820 Rcvd: 83477 CacheRatio: 0.03 (2012-11-05 16:43:34)
Worker: rmi://ip-10-33-145-20.eu-west-1.compute.internal:44244/2 Sent: 119714 Rcvd: 197747 CacheRatio: 0.02 (2012-11-05 16:43:34)
Worker: rmi://ip-10-32-41-233.eu-west-1.compute.internal:52148/6 Sent: 117545 Rcvd: 178218 CacheRatio: 0.03 (2012-11-05 16:43:34)
Worker: rmi://ip-10-32-49-68.eu-west-1.compute.internal:46616/4 Sent: 113537 Rcvd: 93265 CacheRatio: 0.03 (2012-11-05 16:43:34)
Worker: rmi://ip-10-33-145-58.eu-west-1.compute.internal:60520/6 Sent: 116880 Rcvd: 170249 CacheRatio: 0.03 (2012-11-05 16:43:34)
Worker: rmi://ip-10-32-49-161.eu-west-1.compute.internal:56481/5 Sent: 112145 Rcvd: 100704 CacheRatio: 0.03 (2012-11-05 16:43:34)
Worker: rmi://ip-10-33-145-34.eu-west-1.compute.internal:56875/0 Sent: 107743 Rcvd: 60941 CacheRatio: 0.03 (2012-11-05 16:43:34)
Worker: rmi://ip-10-32-53-170.eu-west-1.compute.internal:59410/0 Sent: 110997 Rcvd: 73195 CacheRatio: 0.03 (2012-11-05 16:43:34)
Worker: rmi://ip-10-32-41-233.eu-west-1.compute.internal:52148/5 Sent: 116686 Rcvd: 136538 CacheRatio: 0.03 (2012-11-05 16:43:34)
Worker: rmi://ip-10-33-145-9.eu-west-1.compute.internal:55022/4 Sent: 125397 Rcvd: 154803 CacheRatio: 0.03 (2012-11-05 16:43:34)
Worker: rmi://ip-10-33-145-75.eu-west-1.compute.internal:44011/6 Sent: 107283 Rcvd: 50764 CacheRatio: 0.03 (2012-11-05 16:43:34)
Worker: rmi://ip-10-32-42-136.eu-west-1.compute.internal:38503/4 Sent: 115732 Rcvd: 147302 CacheRatio: 0.03 (2012-11-05 16:43:34)
Worker: rmi://ip-10-32-50-71.eu-west-1.compute.internal:37570/1 Sent: 124181 Rcvd: 120248 CacheRatio: 0.04 (2012-11-05 16:43:34)
Worker: rmi://ip-10-32-53-170.eu-west-1.compute.internal:59410/4 Sent: 111926 Rcvd: 55472 CacheRatio: 0.03 (2012-11-05 16:43:34)
Worker: rmi://ip-10-32-49-72.eu-west-1.compute.internal:33684/4 Sent: 116489 Rcvd: 165175 CacheRatio: 0.03 (2012-11-05 16:43:34)
Worker: rmi://ip-10-33-145-34.eu-west-1.compute.internal:56875/7 Sent: 108218 Rcvd: 50219 CacheRatio: 0.03 (2012-11-05 16:43:34)
Worker: rmi://ip-10-32-42-137.eu-west-1.compute.internal:47830/2 Sent: 119141 Rcvd: 209330 CacheRatio: 0.03 (2012-11-05 16:43:34)
Worker: rmi://ip-10-32-49-68.eu-west-1.compute.internal:46616/1 Sent: 114949 Rcvd: 87154 CacheRatio: 0.02 (2012-11-05 16:43:34)
Worker: rmi://ip-10-32-53-170.eu-west-1.compute.internal:59410/7 Sent: 111400 Rcvd: 69829 CacheRatio: 0.03 (2012-11-05 16:43:34)
Worker: rmi://ip-10-32-44-121.eu-west-1.compute.internal:38119/3 Sent: 115618 Rcvd: 124263 CacheRatio: 0.03 (2012-11-05 16:43:34)
Worker: rmi://ip-10-32-49-68.eu-west-1.compute.internal:46616/7 Sent: 110516 Rcvd: 87135 CacheRatio: 0.03 (2012-11-05 16:43:34)
Worker: rmi://ip-10-33-145-9.eu-west-1.compute.internal:55022/5 Sent: 125944 Rcvd: 117136 CacheRatio: 0.03 (2012-11-05 16:43:34)
Worker: rmi://ip-10-33-145-9.eu-west-1.compute.internal:55022/0 Sent: 126288 Rcvd: 137637 CacheRatio: 0.03 (2012-11-05 16:43:34)
Worker: rmi://ip-10-32-49-161.eu-west-1.compute.internal:56481/6 Sent: 112479 Rcvd: 113684 CacheRatio: 0.03 (2012-11-05 16:43:34)
Worker: rmi://ip-10-32-49-161.eu-west-1.compute.internal:56481/4 Sent: 114812 Rcvd: 90971 CacheRatio: 0.03 (2012-11-05 16:43:34)
Worker: rmi://ip-10-32-49-72.eu-west-1.compute.internal:33684/6 Sent: 116249 Rcvd: 156001 CacheRatio: 0.02 (2012-11-05 16:43:34)
Model checking completed. No error has been found.
  Estimates of the probability that TLC did not check all reachable states
  because two distinct states had the same fingerprint:
  calculated (optimistic):  val = 0.0
  based on the actual fingerprints:  val = 7.9E-11
150984242 states generated, 16777216 distinct states found, 0 states left on queue.
The depth of the complete state graph search is 47.
Finished. (2012-11-05 16:43:49)
ip-10-32-53-246, work completed. Thank you!
