TLC Server Version 2.05 of 18 May 2012
Parsing file /tmp/8600/spec/l10_n6.tla
Parsing file /tmp/8600/spec/GridPerformanceTest.tla
Parsing file /tmp/8600/tla/tla2sany/StandardModules/TLC.tla
Parsing file /tmp/8600/tla/tla2sany/StandardModules/Integers.tla
Parsing file /tmp/8600/tla/tla2sany/StandardModules/FiniteSets.tla
Parsing file /tmp/8600/tla/tla2sany/StandardModules/Naturals.tla
Parsing file /tmp/8600/tla/tla2sany/StandardModules/Sequences.tla
Semantic processing of module Naturals
Semantic processing of module Integers
Semantic processing of module Sequences
Semantic processing of module FiniteSets
Semantic processing of module GridPerformanceTest
Semantic processing of module TLC
Semantic processing of module l10_n6
Starting... (2012-07-24 08:30:44)
Computing initial states...
Finished computing initial states: 1 distinct state(s) generated.
TLC server at graphene-47.nancy.grid5000.fr is ready (2012-07-24 08:30:44)
Registration for worker at rmi://graphene-48.nancy.grid5000.fr:34075 completed (2012-07-24 08:30:46)
Registration for worker at rmi://graphene-46.nancy.grid5000.fr:52863 completed (2012-07-24 08:30:46)
Progress(22) at 2012-07-24 08:31:44: 269622 states generated (269622 s/min), 115668 distinct states found (115668 ds/min), 18265 states left on queue.
Progress(28) at 2012-07-24 08:32:44: 616250 states generated (346628 s/min), 223030 distinct states found (107362 ds/min), 12678 states left on queue.
Worker: rmi://graphene-46.nancy.grid5000.fr:52863 Sent: 130558 Rcvd: 250650 (2012-07-24 08:33:13)
Worker: rmi://graphene-48.nancy.grid5000.fr:34075 Sent: 131586 Rcvd: 245832 (2012-07-24 08:33:13)
Model checking completed. No error has been found.
  Estimates of the probability that TLC did not check all reachable states
  because two distinct states had the same fingerprint:
  calculated (optimistic):  val = 0.0
  based on the actual fingerprints:  val = 9.8E-13
787667 states generated, 262144 distinct states found, 0 states left on queue.
The depth of the complete state graph search is 39.
Finished. (2012-07-24 08:33:13)
