TLC Server Version 2.05 of 18 May 2012
Parsing file /mnt/tlc/30471/spec/l14_n6.tla
Parsing file /mnt/tlc/30471/spec/GridPerformanceTest.tla
Parsing file /mnt/tlc/30471/tla/tla2sany/StandardModules/TLC.tla
Parsing file /mnt/tlc/30471/tla/tla2sany/StandardModules/Integers.tla
Parsing file /mnt/tlc/30471/tla/tla2sany/StandardModules/FiniteSets.tla
Parsing file /mnt/tlc/30471/tla/tla2sany/StandardModules/Naturals.tla
Parsing file /mnt/tlc/30471/tla/tla2sany/StandardModules/Sequences.tla
Semantic processing of module Naturals
Semantic processing of module Integers
Semantic processing of module Sequences
Semantic processing of module FiniteSets
Semantic processing of module GridPerformanceTest
Semantic processing of module TLC
Semantic processing of module l14_n6
Starting... (2012-08-06 16:47:40)
Computing initial states...
Finished computing initial states: 1 distinct state(s) generated.
TLC server at ip-10-29-181-218 is ready (2012-08-06 16:47:40)
Registration for worker at rmi://ip-10-29-141-168.ec2.internal:48193 completed (2012-08-06 16:48:22)
Registration for worker at rmi://ip-10-29-181-204.ec2.internal:50347 completed (2012-08-06 16:48:22)
Progress(12) at 2012-08-06 16:49:22: 30805 states generated (30805 s/min), 7686 distinct states found (7686 ds/min), 2962 states left on queue.
Progress(14) at 2012-08-06 16:50:22: 62554 states generated (31749 s/min), 14780 distinct states found (7094 ds/min), 5071 states left on queue.
Progress(15) at 2012-08-06 16:51:22: 94710 states generated (32156 s/min), 21576 distinct states found (6796 ds/min), 6794 states left on queue.
Progress(15) at 2012-08-06 16:52:22: 119518 states generated (24808 s/min), 25273 distinct states found (3697 ds/min), 7579 states left on queue.
Progress(16) at 2012-08-06 16:53:22: 160681 states generated (41163 s/min), 34856 distinct states found (9583 ds/min), 9581 states left on queue.
Progress(17) at 2012-08-06 16:54:22: 209869 states generated (49188 s/min), 46553 distinct states found (11697 ds/min), 11695 states left on queue.
Progress(17) at 2012-08-06 16:55:22: 222730 states generated (12861 s/min), 46553 distinct states found (0 ds/min), 11695 states left on queue.
Progress(18) at 2012-08-06 16:56:22: 257339 states generated (34609 s/min), 55917 distinct states found (9364 ds/min), 15680 states left on queue.
Progress(19) at 2012-08-06 16:57:22: 293095 states generated (35756 s/min), 60353 distinct states found (4436 ds/min), 13798 states left on queue.
Progress(20) at 2012-08-06 16:58:22: 327430 states generated (34335 s/min), 68914 distinct states found (8561 ds/min), 16752 states left on queue.
Progress(20) at 2012-08-06 16:59:22: 371457 states generated (44027 s/min), 76100 distinct states found (7186 ds/min), 15745 states left on queue.
Progress(20) at 2012-08-06 17:00:22: 384276 states generated (12819 s/min), 76100 distinct states found (0 ds/min), 15745 states left on queue.
Progress(21) at 2012-08-06 17:01:22: 428362 states generated (44086 s/min), 87298 distinct states found (11198 ds/min), 18750 states left on queue.
Progress(21) at 2012-08-06 17:02:22: 471578 states generated (43216 s/min), 93495 distinct states found (6197 ds/min), 17393 states left on queue.
Progress(21) at 2012-08-06 17:03:22: 483676 states generated (12098 s/min), 93495 distinct states found (0 ds/min), 17393 states left on queue.
Progress(22) at 2012-08-06 17:04:22: 558307 states generated (74631 s/min), 112032 distinct states found (18537 ds/min), 19544 states left on queue.
Progress(22) at 2012-08-06 17:05:22: 573332 states generated (15025 s/min), 112032 distinct states found (0 ds/min), 19544 states left on queue.
Progress(22) at 2012-08-06 17:06:22: 586002 states generated (12670 s/min), 112032 distinct states found (0 ds/min), 19544 states left on queue.
Progress(22) at 2012-08-06 17:07:22: 659347 states generated (73345 s/min), 131010 distinct states found (18978 ds/min), 22136 states left on queue.
Progress(22) at 2012-08-06 17:08:22: 673455 states generated (14108 s/min), 131010 distinct states found (0 ds/min), 22136 states left on queue.
Progress(22) at 2012-08-06 17:09:22: 687372 states generated (13917 s/min), 131010 distinct states found (0 ds/min), 22136 states left on queue.
Progress(23) at 2012-08-06 17:10:22: 760054 states generated (72682 s/min), 146913 distinct states found (15903 ds/min), 21653 states left on queue.
Progress(23) at 2012-08-06 17:11:22: 773425 states generated (13371 s/min), 146913 distinct states found (0 ds/min), 21653 states left on queue.
Progress(24) at 2012-08-06 17:12:22: 818833 states generated (45408 s/min), 155607 distinct states found (8694 ds/min), 22154 states left on queue.
Progress(24) at 2012-08-06 17:13:22: 861129 states generated (42296 s/min), 163740 distinct states found (8133 ds/min), 22094 states left on queue.
Progress(24) at 2012-08-06 17:14:22: 874783 states generated (13654 s/min), 163740 distinct states found (0 ds/min), 22094 states left on queue.
Progress(26) at 2012-08-06 17:15:22: 949720 states generated (74937 s/min), 179527 distinct states found (15787 ds/min), 21495 states left on queue.
Progress(26) at 2012-08-06 17:16:22: 962583 states generated (12863 s/min), 179527 distinct states found (0 ds/min), 21495 states left on queue.
Progress(26) at 2012-08-06 17:17:22: 975273 states generated (12690 s/min), 179527 distinct states found (0 ds/min), 21495 states left on queue.
Progress(27) at 2012-08-06 17:18:22: 1050738 states generated (75465 s/min), 194850 distinct states found (15323 ds/min), 20432 states left on queue.
Progress(27) at 2012-08-06 17:19:22: 1063440 states generated (12702 s/min), 194850 distinct states found (0 ds/min), 20432 states left on queue.
Progress(27) at 2012-08-06 17:20:22: 1075983 states generated (12543 s/min), 194850 distinct states found (0 ds/min), 20432 states left on queue.
Progress(27) at 2012-08-06 17:21:22: 1152173 states generated (76190 s/min), 209613 distinct states found (14763 ds/min), 18809 states left on queue.
Progress(27) at 2012-08-06 17:22:22: 1165015 states generated (12842 s/min), 209613 distinct states found (0 ds/min), 18809 states left on queue.
Progress(27) at 2012-08-06 17:23:22: 1177761 states generated (12746 s/min), 209613 distinct states found (0 ds/min), 18809 states left on queue.
Progress(27) at 2012-08-06 17:24:22: 1253095 states generated (75334 s/min), 222487 distinct states found (12874 ds/min), 15297 states left on queue.
Progress(27) at 2012-08-06 17:25:22: 1265652 states generated (12557 s/min), 222487 distinct states found (0 ds/min), 15297 states left on queue.
Progress(28) at 2012-08-06 17:26:22: 1337030 states generated (71378 s/min), 234150 distinct states found (11663 ds/min), 11662 states left on queue.
Progress(30) at 2012-08-06 17:27:22: 1349195 states generated (12165 s/min), 234155 distinct states found (5 ds/min), 11666 states left on queue.
Progress(30) at 2012-08-06 17:28:22: 1380592 states generated (31397 s/min), 237497 distinct states found (3342 ds/min), 10241 states left on queue.
Progress(32) at 2012-08-06 17:29:22: 1432871 states generated (52279 s/min), 245472 distinct states found (7975 ds/min), 7973 states left on queue.
Progress(33) at 2012-08-06 17:30:22: 1455443 states generated (22572 s/min), 248843 distinct states found (3371 ds/min), 8670 states left on queue.
Progress(33) at 2012-08-06 17:31:22: 1511549 states generated (56106 s/min), 255590 distinct states found (6747 ds/min), 4186 states left on queue.
Progress(36) at 2012-08-06 17:32:22: 1545291 states generated (33742 s/min), 259537 distinct states found (3947 ds/min), 2627 states left on queue.
Worker: rmi://ip-10-29-141-168.ec2.internal:48193 Sent: 130801 Rcvd: 125402 (2012-08-06 17:33:02)
Worker: rmi://ip-10-29-181-204.ec2.internal:50347 Sent: 131343 Rcvd: 119840 (2012-08-06 17:33:02)
Model checking completed. No error has been found.
  Estimates of the probability that TLC did not check all reachable states
  because two distinct states had the same fingerprint:
  calculated (optimistic):  val = 1.0E-8
  based on the actual fingerprints:  val = 2.8E-13
1279427 states generated, 262144 distinct states found, 0 states left on queue.
The depth of the complete state graph search is 38.
Finished. (2012-08-06 17:33:21)
Exception in thread "main" java.lang.ArithmeticException: / by zero
	at tlc2.tool.distributed.TLCStatistics.serverStats(TLCStatistics.java:142)
	at tlc2.tool.distributed.TLCStatistics.writeStats(TLCStatistics.java:40)
	at tlc2.tool.distributed.TLCServerMonitorAspect.ajc$after$tlc2_tool_distributed_TLCServerMonitorAspect$2$ba850e94(TLCServerMonitorAspect.aj:23)
	at tlc2.tool.distributed.TLCServer.main(TLCServer.java:630)
