Listening for transport dt_socket at address: 1044
TLC Server Version 2.05 of 7 November 2012
Parsing file /mnt/tlc/5248/spec/l10_n8.tla
Parsing file /mnt/tlc/5248/spec/GridPerformanceTest.tla
Parsing file /mnt/tlc/5248/tla/tla2sany/StandardModules/TLC.tla
Parsing file /mnt/tlc/5248/tla/tla2sany/StandardModules/Integers.tla
Parsing file /mnt/tlc/5248/tla/tla2sany/StandardModules/FiniteSets.tla
Parsing file /mnt/tlc/5248/tla/tla2sany/StandardModules/Naturals.tla
Parsing file /mnt/tlc/5248/tla/tla2sany/StandardModules/Sequences.tla
Semantic processing of module Naturals
Semantic processing of module Integers
Semantic processing of module Sequences
Semantic processing of module FiniteSets
Semantic processing of module GridPerformanceTest
Semantic processing of module TLC
Semantic processing of module l10_n8
Starting... (2012-12-17 13:21:26)
Computing initial states...
Finished computing initial states: 1 distinct state(s) generated.
TLC server at ip-10-32-54-119 is ready (2012-12-17 13:22:06)
Registration for worker at rmi://ip-10-33-145-10.eu-west-1.compute.internal:41300/7 completed (2012-12-17 13:22:08)
Registration for worker at rmi://ip-10-33-145-10.eu-west-1.compute.internal:41300/4 completed (2012-12-17 13:22:08)
Registration for worker at rmi://ip-10-33-145-10.eu-west-1.compute.internal:41300/1 completed (2012-12-17 13:22:08)
Registration for worker at rmi://ip-10-33-145-10.eu-west-1.compute.internal:41300/3 completed (2012-12-17 13:22:08)
Registration for worker at rmi://ip-10-33-145-10.eu-west-1.compute.internal:41300/2 completed (2012-12-17 13:22:08)
Registration for worker at rmi://ip-10-33-145-10.eu-west-1.compute.internal:41300/6 completed (2012-12-17 13:22:08)
Registration for worker at rmi://ip-10-33-145-10.eu-west-1.compute.internal:41300/0 completed (2012-12-17 13:22:08)
Registration for worker at rmi://ip-10-33-145-10.eu-west-1.compute.internal:41300/5 completed (2012-12-17 13:22:08)
Registration for worker at rmi://ip-10-32-54-218.eu-west-1.compute.internal:47349/0 completed (2012-12-17 13:22:08)
Registration for worker at rmi://ip-10-32-54-218.eu-west-1.compute.internal:47349/6 completed (2012-12-17 13:22:08)
Registration for worker at rmi://ip-10-32-54-218.eu-west-1.compute.internal:47349/5 completed (2012-12-17 13:22:08)
Registration for worker at rmi://ip-10-32-54-218.eu-west-1.compute.internal:47349/7 completed (2012-12-17 13:22:08)
Registration for worker at rmi://ip-10-32-54-218.eu-west-1.compute.internal:47349/2 completed (2012-12-17 13:22:08)
Registration for worker at rmi://ip-10-32-54-218.eu-west-1.compute.internal:47349/3 completed (2012-12-17 13:22:08)
Registration for worker at rmi://ip-10-32-54-218.eu-west-1.compute.internal:47349/1 completed (2012-12-17 13:22:08)
Registration for worker at rmi://ip-10-32-54-218.eu-west-1.compute.internal:47349/4 completed (2012-12-17 13:22:08)
Progress(17) at 2012-12-17 13:23:06: 5739713 states generated (5,739,713 s/min), 967385 distinct states found (967,385 ds/min), 370795 states left on queue.
Progress(22) at 2012-12-17 13:24:06: 12519845 states generated (6,780,132 s/min), 1969013 distinct states found (1,001,628 ds/min), 650088 states left on queue.
Progress(26) at 2012-12-17 13:25:06: 18918164 states generated (6,398,319 s/min), 2846139 distinct states found (877,126 ds/min), 837044 states left on queue.
Progress(26) at 2012-12-17 13:26:06: 24572375 states generated (5,654,211 s/min), 3593165 distinct states found (747,026 ds/min), 970653 states left on queue.
Progress(26) at 2012-12-17 13:27:06: 31138749 states generated (6,566,374 s/min), 4434169 distinct states found (841,004 ds/min), 1095964 states left on queue.
Progress(33) at 2012-12-17 13:28:06: 37618208 states generated (6,479,459 s/min), 5251376 distinct states found (817,207 ds/min), 1205368 states left on queue.
Progress(33) at 2012-12-17 13:29:06: 43996972 states generated (6,378,764 s/min), 6031926 distinct states found (780,550 ds/min), 1286120 states left on queue.
Progress(33) at 2012-12-17 13:30:06: 50282789 states generated (6,285,817 s/min), 6783799 distinct states found (751,873 ds/min), 1346229 states left on queue.
Progress(33) at 2012-12-17 13:31:06: 55804776 states generated (5,521,987 s/min), 7429790 distinct states found (645,991 ds/min), 1382702 states left on queue.
Progress(33) at 2012-12-17 13:32:06: 62203947 states generated (6,399,171 s/min), 8164541 distinct states found (734,751 ds/min), 1409379 states left on queue.
Progress(33) at 2012-12-17 13:33:06: 68656319 states generated (6,452,372 s/min), 8885783 distinct states found (721,242 ds/min), 1414208 states left on queue.
Progress(33) at 2012-12-17 13:34:06: 74876970 states generated (6,220,651 s/min), 9573826 distinct states found (688,043 ds/min), 1410654 states left on queue.
Progress(33) at 2012-12-17 13:35:06: 80857738 states generated (5,980,768 s/min), 10219604 distinct states found (645,778 ds/min), 1389538 states left on queue.
Progress(33) at 2012-12-17 13:36:06: 86312158 states generated (5,454,420 s/min), 10800164 distinct states found (580,560 ds/min), 1360847 states left on queue.
Progress(33) at 2012-12-17 13:37:06: 92411740 states generated (6,099,582 s/min), 11435560 distinct states found (635,396 ds/min), 1313199 states left on queue.
Progress(33) at 2012-12-17 13:38:06: 98722386 states generated (6,310,646 s/min), 12085842 distinct states found (650,282 ds/min), 1255914 states left on queue.
Progress(33) at 2012-12-17 13:39:06: 105150098 states generated (6,427,712 s/min), 12722906 distinct states found (637,064 ds/min), 1169125 states left on queue.
Progress(33) at 2012-12-17 13:40:06: 110989020 states generated (5,838,922 s/min), 13299276 distinct states found (576,370 ds/min), 1087656 states left on queue.
Progress(33) at 2012-12-17 13:41:06: 116216857 states generated (5,227,837 s/min), 13792571 distinct states found (493,295 ds/min), 996277 states left on queue.
Progress(38) at 2012-12-17 13:42:06: 122545814 states generated (6,328,957 s/min), 14403028 distinct states found (610,457 ds/min), 884738 states left on queue.
Progress(38) at 2012-12-17 13:43:06: 128473393 states generated (5,927,579 s/min), 14942803 distinct states found (539,775 ds/min), 751017 states left on queue.
Progress(43) at 2012-12-17 13:44:06: 134528259 states generated (6,054,866 s/min), 15482053 distinct states found (539,250 ds/min), 600794 states left on queue.
Progress(43) at 2012-12-17 13:45:07: 140264643 states generated (5,736,384 s/min), 15968437 distinct states found (486,384 ds/min), 430908 states left on queue.
Progress(43) at 2012-12-17 13:46:07: 145537786 states generated (5,273,143 s/min), 16398508 distinct states found (430,071 ds/min), 255575 states left on queue.
Worker: rmi://ip-10-33-145-10.eu-west-1.compute.internal:41300/5 Sent: 1044604 Rcvd: 1053313 CacheRatio: 0.03 (2012-12-17 13:46:56)
Worker: rmi://ip-10-32-54-218.eu-west-1.compute.internal:47349/7 Sent: 1053482 Rcvd: 1122345 CacheRatio: 0.03 (2012-12-17 13:46:56)
Worker: rmi://ip-10-32-54-218.eu-west-1.compute.internal:47349/3 Sent: 1052633 Rcvd: 1240187 CacheRatio: 0.03 (2012-12-17 13:46:56)
Worker: rmi://ip-10-33-145-10.eu-west-1.compute.internal:41300/0 Sent: 1045187 Rcvd: 1033094 CacheRatio: 0.03 (2012-12-17 13:46:56)
Worker: rmi://ip-10-32-54-218.eu-west-1.compute.internal:47349/1 Sent: 1053600 Rcvd: 1122658 CacheRatio: 0.03 (2012-12-17 13:46:56)
Worker: rmi://ip-10-32-54-218.eu-west-1.compute.internal:47349/4 Sent: 1052189 Rcvd: 1172180 CacheRatio: 0.03 (2012-12-17 13:46:56)
Worker: rmi://ip-10-33-145-10.eu-west-1.compute.internal:41300/3 Sent: 1044697 Rcvd: 996768 CacheRatio: 0.03 (2012-12-17 13:46:56)
Worker: rmi://ip-10-32-54-218.eu-west-1.compute.internal:47349/2 Sent: 1052405 Rcvd: 1131890 CacheRatio: 0.03 (2012-12-17 13:46:56)
Worker: rmi://ip-10-33-145-10.eu-west-1.compute.internal:41300/2 Sent: 1043817 Rcvd: 1022645 CacheRatio: 0.03 (2012-12-17 13:46:56)
Worker: rmi://ip-10-32-54-218.eu-west-1.compute.internal:47349/6 Sent: 1052834 Rcvd: 1225934 CacheRatio: 0.03 (2012-12-17 13:46:56)
Worker: rmi://ip-10-32-54-218.eu-west-1.compute.internal:47349/0 Sent: 1052543 Rcvd: 1233776 CacheRatio: 0.03 (2012-12-17 13:46:56)
Worker: rmi://ip-10-32-54-218.eu-west-1.compute.internal:47349/5 Sent: 1051529 Rcvd: 1180236 CacheRatio: 0.03 (2012-12-17 13:46:56)
Worker: rmi://ip-10-33-145-10.eu-west-1.compute.internal:41300/7 Sent: 1043926 Rcvd: 1042040 CacheRatio: 0.03 (2012-12-17 13:46:56)
Worker: rmi://ip-10-33-145-10.eu-west-1.compute.internal:41300/4 Sent: 1044317 Rcvd: 1042496 CacheRatio: 0.03 (2012-12-17 13:46:56)
Worker: rmi://ip-10-33-145-10.eu-west-1.compute.internal:41300/6 Sent: 1046306 Rcvd: 1101626 CacheRatio: 0.03 (2012-12-17 13:46:56)
Worker: rmi://ip-10-33-145-10.eu-west-1.compute.internal:41300/1 Sent: 1043147 Rcvd: 998341 CacheRatio: 0.03 (2012-12-17 13:46:56)
Model checking completed. No error has been found.
  Estimates of the probability that TLC did not check all reachable states
  because two distinct states had the same fingerprint:
  calculated (optimistic):  val = 0.0
  based on the actual fingerprints:  val = 1.9E-12
150990322 states generated, 16777216 distinct states found, 0 states left on queue.
The depth of the complete state graph search is 49.
Finished. (2012-12-17 13:47:22)
ip-10-32-54-119, work completed. Thank you!
